[2023-09-27 08:42:41.313 +01:00  INF]  User profile is available. Using 'C:\Users\peter.omolayo\AppData\Local\ASP.NET\DataProtection-Keys' as key repository and Windows DPAPI to encrypt keys at rest.
[2023-09-27 08:42:41.856 +01:00  INF]  Now listening on: http://localhost:5008
[2023-09-27 08:42:41.861 +01:00  INF]  Application started. Press Ctrl+C to shut down.
[2023-09-27 08:42:41.863 +01:00  INF]  Hosting environment: Development
[2023-09-27 08:42:41.865 +01:00  INF]  Content root path: C:\Users\peter.omolayo\source\repos\hrms-be-backend\hrms-be-backend-api
[2023-09-27 08:42:44.162 +01:00  INF]  Request starting HTTP/1.1 GET http://localhost:5008/index.html - -
[2023-09-27 08:42:45.892 +01:00  INF]  Request finished HTTP/1.1 GET http://localhost:5008/index.html - - - 200 - text/html;charset=utf-8 1746.0661ms
[2023-09-27 08:42:46.326 +01:00  INF]  Request starting HTTP/1.1 GET http://localhost:5008/_vs/browserLink - -
[2023-09-27 08:42:46.326 +01:00  INF]  Request starting HTTP/1.1 GET http://localhost:5008/_framework/aspnetcore-browser-refresh.js - -
[2023-09-27 08:42:46.415 +01:00  INF]  Request finished HTTP/1.1 GET http://localhost:5008/_framework/aspnetcore-browser-refresh.js - - - 200 12370 application/javascript;+charset=utf-8 88.6956ms
[2023-09-27 08:42:46.510 +01:00  INF]  Request finished HTTP/1.1 GET http://localhost:5008/_vs/browserLink - - - 200 - text/javascript;+charset=UTF-8 184.3337ms
[2023-09-27 08:42:46.615 +01:00  INF]  Request starting HTTP/1.1 GET http://localhost:5008/swagger/v1/swagger.json - -
[2023-09-27 08:42:47.228 +01:00  INF]  Request finished HTTP/1.1 GET http://localhost:5008/swagger/v1/swagger.json - - - 200 - application/json;charset=utf-8 613.1064ms
[2023-09-27 16:20:47.080 +01:00  INF]  User profile is available. Using 'C:\Users\peter.omolayo\AppData\Local\ASP.NET\DataProtection-Keys' as key repository and Windows DPAPI to encrypt keys at rest.
[2023-09-27 16:20:48.395 +01:00  INF]  Now listening on: http://localhost:5008
[2023-09-27 16:20:48.536 +01:00  INF]  Application started. Press Ctrl+C to shut down.
[2023-09-27 16:20:48.541 +01:00  INF]  Hosting environment: Development
[2023-09-27 16:20:48.560 +01:00  INF]  Content root path: C:\Users\peter.omolayo\source\repos\hrms-be-backend\hrms-be-backend-api
[2023-09-27 16:20:51.702 +01:00  INF]  Request starting HTTP/1.1 GET http://localhost:5008/index.html - -
[2023-09-27 16:20:53.310 +01:00  INF]  Request starting HTTP/1.1 GET http://localhost:5008/_framework/aspnetcore-browser-refresh.js - -
[2023-09-27 16:20:53.330 +01:00  INF]  Request finished HTTP/1.1 GET http://localhost:5008/index.html - - - 200 - text/html;charset=utf-8 1620.4968ms
[2023-09-27 16:20:53.333 +01:00  INF]  Request finished HTTP/1.1 GET http://localhost:5008/_framework/aspnetcore-browser-refresh.js - - - 200 12370 application/javascript;+charset=utf-8 22.9889ms
[2023-09-27 16:20:53.352 +01:00  INF]  Request starting HTTP/1.1 GET http://localhost:5008/_vs/browserLink - -
[2023-09-27 16:20:53.550 +01:00  INF]  Request finished HTTP/1.1 GET http://localhost:5008/_vs/browserLink - - - 200 - text/javascript;+charset=UTF-8 197.6305ms
[2023-09-27 16:20:53.739 +01:00  INF]  Request starting HTTP/1.1 GET http://localhost:5008/swagger/v1/swagger.json - -
[2023-09-27 16:20:54.304 +01:00  INF]  Request finished HTTP/1.1 GET http://localhost:5008/swagger/v1/swagger.json - - - 200 - application/json;charset=utf-8 565.7452ms
[2023-09-27 16:21:48.057 +01:00  INF]  Request starting HTTP/1.1 POST http://localhost:5008/api/Auth/Login application/json 102
[2023-09-27 16:21:48.132 +01:00  INF]  CORS policy execution successful.
[2023-09-27 16:21:48.139 +01:00  WRN]  Failed to determine the https port for redirect.
[2023-09-27 16:21:48.392 +01:00  INF]  Executing endpoint 'hrms_be_backend_api.Controllers.AuthController.Login (hrms-be-backend-api)'
[2023-09-27 16:21:48.418 +01:00  INF]  Route matched with {action = "Login", controller = "Auth"}. Executing controller action with signature System.Threading.Tasks.Task`1[Microsoft.AspNetCore.Mvc.IActionResult] Login(hrms_be_backend_data.ViewModel.LoginModel) on controller hrms_be_backend_api.Controllers.AuthController (hrms-be-backend-api).
[2023-09-27 16:21:50.719 +01:00  INF]  Executing OkObjectResult, writing value of type 'hrms_be_backend_data.ViewModel.LoginResponse'.
[2023-09-27 16:21:50.805 +01:00  INF]  Executed action hrms_be_backend_api.Controllers.AuthController.Login (hrms-be-backend-api) in 2379.1145ms
[2023-09-27 16:21:50.810 +01:00  INF]  Executed endpoint 'hrms_be_backend_api.Controllers.AuthController.Login (hrms-be-backend-api)'
[2023-09-27 16:21:50.813 +01:00  INF]  Request finished HTTP/1.1 POST http://localhost:5008/api/Auth/Login application/json 102 - 200 - application/json;+charset=utf-8 2756.3176ms
[2023-09-27 16:22:30.448 +01:00  INF]  Request starting HTTP/1.1 GET http://localhost:5008/api/Earnings/GetEarning - -
[2023-09-27 16:22:30.635 +01:00  INF]  Executing endpoint 'hrms_be_backend_api.Controllers.EarningsController.GetEarning (hrms-be-backend-api)'
[2023-09-27 16:22:30.646 +01:00  INF]  Route matched with {action = "GetEarning", controller = "Earnings"}. Executing controller action with signature System.Threading.Tasks.Task`1[Microsoft.AspNetCore.Mvc.IActionResult] GetEarning() on controller hrms_be_backend_api.Controllers.EarningsController (hrms-be-backend-api).
[2023-09-27 16:22:31.316 +01:00  INF]  Executing OkObjectResult, writing value of type 'hrms_be_backend_common.Communication.ExecutedResult`1[[hrms_be_backend_data.ViewModel.EarningsView, hrms-be-backend-data, Version=1.0.0.0, Culture=neutral, PublicKeyToken=null]]'.
[2023-09-27 16:22:31.343 +01:00  INF]  Executed action hrms_be_backend_api.Controllers.EarningsController.GetEarning (hrms-be-backend-api) in 692.6472ms
[2023-09-27 16:22:31.346 +01:00  INF]  Executed endpoint 'hrms_be_backend_api.Controllers.EarningsController.GetEarning (hrms-be-backend-api)'
[2023-09-27 16:22:31.348 +01:00  INF]  Request finished HTTP/1.1 GET http://localhost:5008/api/Earnings/GetEarning - - - 200 - application/json;+charset=utf-8 900.1813ms
