[2023-10-14 08:22:16.139 +01:00  INF]  User profile is available. Using 'C:\Users\peter.omolayo\AppData\Local\ASP.NET\DataProtection-Keys' as key repository and Windows DPAPI to encrypt keys at rest.
[2023-10-14 08:22:16.437 +01:00  INF]  Now listening on: http://localhost:5008
[2023-10-14 08:22:16.452 +01:00  INF]  Application started. Press Ctrl+C to shut down.
[2023-10-14 08:22:16.453 +01:00  INF]  Hosting environment: Development
[2023-10-14 08:22:16.454 +01:00  INF]  Content root path: C:\Users\peter.omolayo\source\repos\hrms-be-backend\hrms-be-backend-api
[2023-10-14 08:22:17.077 +01:00  INF]  Request starting HTTP/1.1 GET http://localhost:5008/index.html - -
[2023-10-14 08:22:17.557 +01:00  INF]  Request starting HTTP/1.1 GET http://localhost:5008/_framework/aspnetcore-browser-refresh.js - -
[2023-10-14 08:22:17.560 +01:00  INF]  Request finished HTTP/1.1 GET http://localhost:5008/index.html - - - 200 - text/html;charset=utf-8 486.7398ms
[2023-10-14 08:22:17.563 +01:00  INF]  Request finished HTTP/1.1 GET http://localhost:5008/_framework/aspnetcore-browser-refresh.js - - - 200 12370 application/javascript;+charset=utf-8 6.1468ms
[2023-10-14 08:22:17.565 +01:00  INF]  Request starting HTTP/1.1 GET http://localhost:5008/_vs/browserLink - -
[2023-10-14 08:22:17.587 +01:00  INF]  Request finished HTTP/1.1 GET http://localhost:5008/_vs/browserLink - - - 200 - text/javascript;+charset=UTF-8 21.6970ms
[2023-10-14 08:22:17.630 +01:00  INF]  Request starting HTTP/1.1 GET http://localhost:5008/swagger/v1/swagger.json - -
[2023-10-14 08:22:17.769 +01:00  INF]  Request finished HTTP/1.1 GET http://localhost:5008/swagger/v1/swagger.json - - - 200 - application/json;charset=utf-8 138.6096ms
[2023-10-14 08:39:01.154 +01:00  INF]  Request starting HTTP/1.1 POST http://localhost:5008/api/Auth/Login application/json 93
[2023-10-14 08:39:01.180 +01:00  INF]  CORS policy execution successful.
[2023-10-14 08:39:01.189 +01:00  WRN]  Failed to determine the https port for redirect.
[2023-10-14 08:39:01.516 +01:00  INF]  Executing endpoint 'hrms_be_backend_api.Controllers.AuthController.Login (hrms-be-backend-api)'
[2023-10-14 08:39:01.559 +01:00  INF]  Route matched with {action = "Login", controller = "Auth"}. Executing controller action with signature System.Threading.Tasks.Task`1[Microsoft.AspNetCore.Mvc.IActionResult] Login(hrms_be_backend_data.ViewModel.LoginModel) on controller hrms_be_backend_api.Controllers.AuthController (hrms-be-backend-api).
[2023-10-14 08:39:09.742 +01:00  INF]  Executing OkObjectResult, writing value of type 'hrms_be_backend_data.ViewModel.LoginResponse'.
[2023-10-14 08:39:09.831 +01:00  INF]  Executed action hrms_be_backend_api.Controllers.AuthController.Login (hrms-be-backend-api) in 8260.5055ms
[2023-10-14 08:39:09.840 +01:00  INF]  Executed endpoint 'hrms_be_backend_api.Controllers.AuthController.Login (hrms-be-backend-api)'
[2023-10-14 08:39:09.844 +01:00  INF]  Request finished HTTP/1.1 POST http://localhost:5008/api/Auth/Login application/json 93 - 200 - application/json;+charset=utf-8 8689.6151ms
[2023-10-14 08:41:01.109 +01:00  INF]  Request starting HTTP/1.1 POST http://localhost:5008/api/Earnings/CreateEarning application/json 108
[2023-10-14 08:41:01.134 +01:00  INF]  CORS policy execution successful.
[2023-10-14 08:41:01.238 +01:00  INF]  Executing endpoint 'hrms_be_backend_api.Controllers.EarningsController.CreateEarning (hrms-be-backend-api)'
[2023-10-14 08:41:01.249 +01:00  INF]  Route matched with {action = "CreateEarning", controller = "Earnings"}. Executing controller action with signature System.Threading.Tasks.Task`1[Microsoft.AspNetCore.Mvc.IActionResult] CreateEarning(hrms_be_backend_common.DTO.EarningsCreateDto) on controller hrms_be_backend_api.Controllers.EarningsController (hrms-be-backend-api).
[2023-10-14 08:43:26.763 +01:00  INF]  Executing OkObjectResult, writing value of type 'hrms_be_backend_common.Communication.ExecutedResult`1[[System.String, System.Private.CoreLib, Version=7.0.0.0, Culture=neutral, PublicKeyToken=7cec85d7bea7798e]]'.
[2023-10-14 08:43:26.773 +01:00  INF]  Executed action hrms_be_backend_api.Controllers.EarningsController.CreateEarning (hrms-be-backend-api) in 145519.439ms
[2023-10-14 08:43:26.778 +01:00  INF]  Executed endpoint 'hrms_be_backend_api.Controllers.EarningsController.CreateEarning (hrms-be-backend-api)'
[2023-10-14 08:43:26.783 +01:00  INF]  Request finished HTTP/1.1 POST http://localhost:5008/api/Earnings/CreateEarning application/json 108 - 200 - application/json;+charset=utf-8 145673.7963ms
[2023-10-14 08:43:39.326 +01:00  INF]  Request starting HTTP/1.1 GET http://localhost:5008/api/Earnings/GetEarnings - -
[2023-10-14 08:43:39.343 +01:00  INF]  Executing endpoint 'hrms_be_backend_api.Controllers.EarningsController.GetEarnings (hrms-be-backend-api)'
[2023-10-14 08:43:39.355 +01:00  INF]  Route matched with {action = "GetEarnings", controller = "Earnings"}. Executing controller action with signature System.Threading.Tasks.Task`1[Microsoft.AspNetCore.Mvc.IActionResult] GetEarnings() on controller hrms_be_backend_api.Controllers.EarningsController (hrms-be-backend-api).
[2023-10-14 08:43:40.078 +01:00  INF]  Executing OkObjectResult, writing value of type 'hrms_be_backend_common.Communication.ExecutedResult`1[[hrms_be_backend_data.ViewModel.EarningsView, hrms-be-backend-data, Version=1.0.0.0, Culture=neutral, PublicKeyToken=null]]'.
[2023-10-14 08:43:40.094 +01:00  INF]  Executed action hrms_be_backend_api.Controllers.EarningsController.GetEarnings (hrms-be-backend-api) in 733.5237ms
[2023-10-14 08:43:40.097 +01:00  INF]  Executed endpoint 'hrms_be_backend_api.Controllers.EarningsController.GetEarnings (hrms-be-backend-api)'
[2023-10-14 08:43:40.099 +01:00  INF]  Request finished HTTP/1.1 GET http://localhost:5008/api/Earnings/GetEarnings - - - 200 - application/json;+charset=utf-8 772.9410ms
[2023-10-14 08:45:36.079 +01:00  INF]  Request starting HTTP/1.1 GET http://localhost:5008/api/Earnings/GetEarnings - -
[2023-10-14 08:45:36.087 +01:00  INF]  Executing endpoint 'hrms_be_backend_api.Controllers.EarningsController.GetEarnings (hrms-be-backend-api)'
[2023-10-14 08:45:36.089 +01:00  INF]  Route matched with {action = "GetEarnings", controller = "Earnings"}. Executing controller action with signature System.Threading.Tasks.Task`1[Microsoft.AspNetCore.Mvc.IActionResult] GetEarnings() on controller hrms_be_backend_api.Controllers.EarningsController (hrms-be-backend-api).
[2023-10-14 08:45:54.720 +01:00  INF]  Executing OkObjectResult, writing value of type 'hrms_be_backend_common.Communication.ExecutedResult`1[[hrms_be_backend_data.ViewModel.EarningsView, hrms-be-backend-data, Version=1.0.0.0, Culture=neutral, PublicKeyToken=null]]'.
[2023-10-14 08:45:54.727 +01:00  INF]  Executed action hrms_be_backend_api.Controllers.EarningsController.GetEarnings (hrms-be-backend-api) in 18632.1938ms
[2023-10-14 08:45:54.734 +01:00  INF]  Executed endpoint 'hrms_be_backend_api.Controllers.EarningsController.GetEarnings (hrms-be-backend-api)'
[2023-10-14 08:45:54.736 +01:00  INF]  Request finished HTTP/1.1 GET http://localhost:5008/api/Earnings/GetEarnings - - - 200 - application/json;+charset=utf-8 18657.0265ms
