[2024-04-20 22:52:39.420 +01:00  INF]  User profile is available. Using 'C:\Users\noble.nwabuike\AppData\Local\ASP.NET\DataProtection-Keys' as key repository and Windows DPAPI to encrypt keys at rest.
[2024-04-20 22:52:40.550 +01:00  INF]  Now listening on: http://localhost:5008
[2024-04-20 22:52:40.586 +01:00  INF]  Application started. Press Ctrl+C to shut down.
[2024-04-20 22:52:40.588 +01:00  INF]  Hosting environment: Development
[2024-04-20 22:52:40.590 +01:00  INF]  Content root path: C:\Users\noble.nwabuike\source\repos\hrms-be-backend\hrms-be-backend-api
[2024-04-20 22:52:44.845 +01:00  INF]  Request starting HTTP/1.1 GET http://localhost:5008/index.html - -
[2024-04-20 22:52:45.782 +01:00  INF]  Request finished HTTP/1.1 GET http://localhost:5008/index.html - - - 200 - text/html;charset=utf-8 942.5575ms
[2024-04-20 22:52:45.798 +01:00  INF]  Request starting HTTP/1.1 GET http://localhost:5008/_vs/browserLink - -
[2024-04-20 22:52:45.801 +01:00  INF]  Request starting HTTP/1.1 GET http://localhost:5008/_framework/aspnetcore-browser-refresh.js - -
[2024-04-20 22:52:45.814 +01:00  INF]  Request finished HTTP/1.1 GET http://localhost:5008/_framework/aspnetcore-browser-refresh.js - - - 200 12008 application/javascript;+charset=utf-8 11.0449ms
[2024-04-20 22:52:45.875 +01:00  INF]  Request finished HTTP/1.1 GET http://localhost:5008/_vs/browserLink - - - 200 - text/javascript;+charset=UTF-8 77.0990ms
[2024-04-20 22:52:46.146 +01:00  INF]  Request starting HTTP/1.1 GET http://localhost:5008/swagger/v1/swagger.json - -
[2024-04-20 22:52:46.182 +01:00  INF]  Request starting HTTP/1.1 GET http://localhost:5008/favicon-32x32.png - -
[2024-04-20 22:52:46.222 +01:00  INF]  Sending file. Request path: '/favicon-32x32.png'. Physical path: 'N/A'
[2024-04-20 22:52:46.227 +01:00  INF]  Request finished HTTP/1.1 GET http://localhost:5008/favicon-32x32.png - - - 200 628 image/png 44.1891ms
[2024-04-20 22:52:46.730 +01:00  INF]  Request finished HTTP/1.1 GET http://localhost:5008/swagger/v1/swagger.json - - - 200 - application/json;charset=utf-8 583.6608ms
[2024-04-20 22:53:34.386 +01:00  INF]  Request starting HTTP/1.1 POST http://localhost:5008/api/Resignation/SubmitResignation application/json 236
[2024-04-20 22:53:34.406 +01:00  INF]  CORS policy execution successful.
[2024-04-20 22:53:34.410 +01:00  WRN]  Failed to determine the https port for redirect.
[2024-04-20 22:53:34.649 +01:00  INF]  Executing endpoint 'hrms_be_backend_api.ExitModuleController.Controller.ResignationController.SubmitResignation (hrms-be-backend-api)'
[2024-04-20 22:53:34.690 +01:00  INF]  Route matched with {action = "SubmitResignation", controller = "Resignation"}. Executing controller action with signature System.Threading.Tasks.Task`1[Microsoft.AspNetCore.Mvc.IActionResult] SubmitResignation(Com.XpressPayments.Common.ViewModels.ResignationRequestVM) on controller hrms_be_backend_api.ExitModuleController.Controller.ResignationController (hrms-be-backend-api).
[2024-04-20 22:53:35.000 +01:00  INF]  IncomingRequest TraceID --- e41b2c37-1cea-4b98-897f-2e37fc2c95d3 Body ---- {"EmployeeId":101,"Date":"2024-04-20T21:53:05.408Z","ResumptionDate":"2023-04-20T21:53:05.408Z","ReasonForResignation":"stress","LastDayOfWork":"2024-05-20T21:53:05.408Z","fileName":"string","CompanyID":103}
[2024-04-20 22:54:19.213 +01:00  INF]  Executing OkObjectResult, writing value of type 'hrms_be_backend_common.Communication.ExecutedResult`1[[System.String, System.Private.CoreLib, Version=7.0.0.0, Culture=neutral, PublicKeyToken=7cec85d7bea7798e]]'.
[2024-04-20 22:54:19.231 +01:00  INF]  Executed action hrms_be_backend_api.ExitModuleController.Controller.ResignationController.SubmitResignation (hrms-be-backend-api) in 44531.9701ms
[2024-04-20 22:54:19.236 +01:00  INF]  Executed endpoint 'hrms_be_backend_api.ExitModuleController.Controller.ResignationController.SubmitResignation (hrms-be-backend-api)'
[2024-04-20 22:54:19.238 +01:00  INF]  Request finished HTTP/1.1 POST http://localhost:5008/api/Resignation/SubmitResignation application/json 236 - 200 - application/json;+charset=utf-8 44852.1131ms
[2024-04-20 22:54:25.536 +01:00  ERR]  System.Net.Mail.SmtpException: Error in processing. The server response was: 5.7.3 STARTTLS is required to send mail [MR1P264CA0098.FRAP264.PROD.OUTLOOK.COM 2024-04-20T21:54:25.383Z 08DC611AC2316AB5]
   at System.Net.Mail.MailCommand.CheckResponse(SmtpStatusCode statusCode, String response)
   at System.Net.Mail.MailCommand.EndSend(IAsyncResult result)
   at System.Net.Mail.SendMailAsyncResult.SendMailFromCompleted(IAsyncResult result)
--- End of stack trace from previous location ---
   at System.Net.Mail.SendMailAsyncResult.End(IAsyncResult result)
   at System.Net.Mail.SmtpClient.SendMailCallback(IAsyncResult result)
--- End of stack trace from previous location ---
   at hrms_be_backend_business.AppCode.MailService.SendEmailAsync(MailRequest mailRequest, String attarchDocument) in C:\Users\noble.nwabuike\source\repos\hrms-be-backend\hrms-be-backend-business\Logic\MailService.cs:line 53
