[2023-10-20 06:01:32.551 +01:00  INF]  User profile is available. Using 'C:\Users\peter.omolayo\AppData\Local\ASP.NET\DataProtection-Keys' as key repository and Windows DPAPI to encrypt keys at rest.
[2023-10-20 06:01:32.909 +01:00  INF]  Now listening on: http://localhost:5008
[2023-10-20 06:01:32.921 +01:00  INF]  Application started. Press Ctrl+C to shut down.
[2023-10-20 06:01:32.923 +01:00  INF]  Hosting environment: Development
[2023-10-20 06:01:32.930 +01:00  INF]  Content root path: C:\Users\peter.omolayo\source\repos\hrms-be-backend\hrms-be-backend-api
[2023-10-20 06:01:37.176 +01:00  INF]  Request starting HTTP/1.1 GET http://localhost:5008/index.html - -
[2023-10-20 06:01:37.751 +01:00  INF]  Request starting HTTP/1.1 GET http://localhost:5008/_framework/aspnetcore-browser-refresh.js - -
[2023-10-20 06:01:37.754 +01:00  INF]  Request starting HTTP/1.1 GET http://localhost:5008/_vs/browserLink - -
[2023-10-20 06:01:37.768 +01:00  INF]  Request finished HTTP/1.1 GET http://localhost:5008/_framework/aspnetcore-browser-refresh.js - - - 200 12370 application/javascript;+charset=utf-8 23.3012ms
[2023-10-20 06:01:37.768 +01:00  INF]  Request finished HTTP/1.1 GET http://localhost:5008/index.html - - - 200 - text/html;charset=utf-8 588.1631ms
[2023-10-20 06:01:37.805 +01:00  INF]  Request finished HTTP/1.1 GET http://localhost:5008/_vs/browserLink - - - 200 - text/javascript;+charset=UTF-8 54.6438ms
[2023-10-20 06:01:37.922 +01:00  INF]  Request starting HTTP/1.1 GET http://localhost:5008/swagger/v1/swagger.json - -
[2023-10-20 06:01:38.080 +01:00  INF]  Request finished HTTP/1.1 GET http://localhost:5008/swagger/v1/swagger.json - - - 200 - application/json;charset=utf-8 158.8116ms
[2023-10-20 06:02:27.792 +01:00  INF]  Request starting HTTP/1.1 POST http://localhost:5008/api/Auth/Login application/json 93
[2023-10-20 06:02:27.816 +01:00  INF]  CORS policy execution successful.
[2023-10-20 06:02:27.818 +01:00  WRN]  Failed to determine the https port for redirect.
[2023-10-20 06:02:28.028 +01:00  INF]  Executing endpoint 'hrms_be_backend_api.Controllers.AuthController.Login (hrms-be-backend-api)'
[2023-10-20 06:02:28.048 +01:00  INF]  Route matched with {action = "Login", controller = "Auth"}. Executing controller action with signature System.Threading.Tasks.Task`1[Microsoft.AspNetCore.Mvc.IActionResult] Login(hrms_be_backend_data.ViewModel.LoginModel) on controller hrms_be_backend_api.Controllers.AuthController (hrms-be-backend-api).
[2023-10-20 06:02:29.149 +01:00  INF]  Executing OkObjectResult, writing value of type 'hrms_be_backend_common.Communication.ExecutedResult`1[[hrms_be_backend_data.ViewModel.LoginResponse, hrms-be-backend-data, Version=1.0.0.0, Culture=neutral, PublicKeyToken=null]]'.
[2023-10-20 06:02:29.166 +01:00  INF]  Executed action hrms_be_backend_api.Controllers.AuthController.Login (hrms-be-backend-api) in 1110.8199ms
[2023-10-20 06:02:29.173 +01:00  INF]  Executed endpoint 'hrms_be_backend_api.Controllers.AuthController.Login (hrms-be-backend-api)'
[2023-10-20 06:02:29.175 +01:00  INF]  Request finished HTTP/1.1 POST http://localhost:5008/api/Auth/Login application/json 93 - 200 - application/json;+charset=utf-8 1383.0857ms
[2023-10-20 06:02:47.966 +01:00  INF]  Request starting HTTP/1.1 POST http://localhost:5008/api/Auth/Logout application/json 64
[2023-10-20 06:02:47.982 +01:00  INF]  CORS policy execution successful.
[2023-10-20 06:02:47.990 +01:00  INF]  Executing endpoint 'hrms_be_backend_api.Controllers.AuthController.Logout (hrms-be-backend-api)'
[2023-10-20 06:02:48.006 +01:00  INF]  Route matched with {action = "Logout", controller = "Auth"}. Executing controller action with signature System.Threading.Tasks.Task`1[Microsoft.AspNetCore.Mvc.IActionResult] Logout(hrms_be_backend_data.RepoPayload.LogoutDto) on controller hrms_be_backend_api.Controllers.AuthController (hrms-be-backend-api).
[2023-10-20 06:02:48.100 +01:00  INF]  Executing OkObjectResult, writing value of type 'hrms_be_backend_data.ViewModel.BaseResponse'.
[2023-10-20 06:02:48.108 +01:00  INF]  Executed action hrms_be_backend_api.Controllers.AuthController.Logout (hrms-be-backend-api) in 98.772ms
[2023-10-20 06:02:48.112 +01:00  INF]  Executed endpoint 'hrms_be_backend_api.Controllers.AuthController.Logout (hrms-be-backend-api)'
[2023-10-20 06:02:48.114 +01:00  INF]  Request finished HTTP/1.1 POST http://localhost:5008/api/Auth/Logout application/json 64 - 200 - application/json;+charset=utf-8 148.6298ms
[2023-10-20 06:02:53.138 +01:00  INF]  Request starting HTTP/1.1 POST http://localhost:5008/api/Auth/Login application/json 93
[2023-10-20 06:02:53.146 +01:00  INF]  CORS policy execution successful.
[2023-10-20 06:02:53.153 +01:00  INF]  Executing endpoint 'hrms_be_backend_api.Controllers.AuthController.Login (hrms-be-backend-api)'
[2023-10-20 06:02:53.155 +01:00  INF]  Route matched with {action = "Login", controller = "Auth"}. Executing controller action with signature System.Threading.Tasks.Task`1[Microsoft.AspNetCore.Mvc.IActionResult] Login(hrms_be_backend_data.ViewModel.LoginModel) on controller hrms_be_backend_api.Controllers.AuthController (hrms-be-backend-api).
[2023-10-20 06:02:58.962 +01:00  INF]  Executing OkObjectResult, writing value of type 'hrms_be_backend_common.Communication.ExecutedResult`1[[hrms_be_backend_data.ViewModel.LoginResponse, hrms-be-backend-data, Version=1.0.0.0, Culture=neutral, PublicKeyToken=null]]'.
[2023-10-20 06:02:58.968 +01:00  INF]  Executed action hrms_be_backend_api.Controllers.AuthController.Login (hrms-be-backend-api) in 5810.2647ms
[2023-10-20 06:02:58.970 +01:00  INF]  Executed endpoint 'hrms_be_backend_api.Controllers.AuthController.Login (hrms-be-backend-api)'
[2023-10-20 06:02:58.971 +01:00  INF]  Request finished HTTP/1.1 POST http://localhost:5008/api/Auth/Login application/json 93 - 200 - application/json;+charset=utf-8 5834.1081ms
[2023-10-20 06:03:43.780 +01:00  INF]  Request starting HTTP/1.1 GET http://localhost:5008/api/Payroll/GetPayrollCycles?PageNumber=1&PageSize=10 - -
[2023-10-20 06:03:43.822 +01:00  INF]  Executing endpoint 'hrms_be_backend_api.Controllers.PayrollController.GetPayrollCycles (hrms-be-backend-api)'
[2023-10-20 06:03:43.831 +01:00  INF]  Route matched with {action = "GetPayrollCycles", controller = "Payroll"}. Executing controller action with signature System.Threading.Tasks.Task`1[Microsoft.AspNetCore.Mvc.IActionResult] GetPayrollCycles(hrms_be_backend_common.Communication.PaginationFilter) on controller hrms_be_backend_api.Controllers.PayrollController (hrms-be-backend-api).
[2023-10-20 06:03:44.296 +01:00  INF]  Executing OkObjectResult, writing value of type 'hrms_be_backend_common.Communication.ExecutedResult`1[[System.Collections.Generic.IEnumerable`1[[hrms_be_backend_data.ViewModel.PayrollCyclesVm, hrms-be-backend-data, Version=1.0.0.0, Culture=neutral, PublicKeyToken=null]], System.Private.CoreLib, Version=7.0.0.0, Culture=neutral, PublicKeyToken=7cec85d7bea7798e]]'.
[2023-10-20 06:03:44.306 +01:00  INF]  Executed action hrms_be_backend_api.Controllers.PayrollController.GetPayrollCycles (hrms-be-backend-api) in 471.3225ms
[2023-10-20 06:03:44.326 +01:00  INF]  Executed endpoint 'hrms_be_backend_api.Controllers.PayrollController.GetPayrollCycles (hrms-be-backend-api)'
[2023-10-20 06:03:44.332 +01:00  INF]  Request finished HTTP/1.1 GET http://localhost:5008/api/Payroll/GetPayrollCycles?PageNumber=1&PageSize=10 - - - 200 - application/json;+charset=utf-8 552.3401ms
[2023-10-20 06:08:05.963 +01:00  INF]  User profile is available. Using 'C:\Users\peter.omolayo\AppData\Local\ASP.NET\DataProtection-Keys' as key repository and Windows DPAPI to encrypt keys at rest.
[2023-10-20 06:08:06.286 +01:00  INF]  Now listening on: http://localhost:5008
[2023-10-20 06:08:06.294 +01:00  INF]  Application started. Press Ctrl+C to shut down.
[2023-10-20 06:08:06.296 +01:00  INF]  Hosting environment: Development
[2023-10-20 06:08:06.299 +01:00  INF]  Content root path: C:\Users\peter.omolayo\source\repos\hrms-be-backend\hrms-be-backend-api
[2023-10-20 06:08:07.507 +01:00  INF]  Request starting HTTP/1.1 GET http://localhost:5008/index.html - -
[2023-10-20 06:08:07.944 +01:00  INF]  Request starting HTTP/1.1 GET http://localhost:5008/_vs/browserLink - -
[2023-10-20 06:08:07.944 +01:00  INF]  Request starting HTTP/1.1 GET http://localhost:5008/_framework/aspnetcore-browser-refresh.js - -
[2023-10-20 06:08:07.972 +01:00  INF]  Request finished HTTP/1.1 GET http://localhost:5008/index.html - - - 200 - text/html;charset=utf-8 461.2846ms
[2023-10-20 06:08:07.975 +01:00  INF]  Request finished HTTP/1.1 GET http://localhost:5008/_framework/aspnetcore-browser-refresh.js - - - 200 12370 application/javascript;+charset=utf-8 30.8258ms
[2023-10-20 06:08:07.988 +01:00  INF]  Request finished HTTP/1.1 GET http://localhost:5008/_vs/browserLink - - - 200 - text/javascript;+charset=UTF-8 44.2957ms
[2023-10-20 06:08:08.021 +01:00  INF]  Request starting HTTP/1.1 GET http://localhost:5008/swagger/v1/swagger.json - -
[2023-10-20 06:08:08.182 +01:00  INF]  Request finished HTTP/1.1 GET http://localhost:5008/swagger/v1/swagger.json - - - 200 - application/json;charset=utf-8 162.0285ms
[2023-10-20 06:09:26.235 +01:00  INF]  User profile is available. Using 'C:\Users\peter.omolayo\AppData\Local\ASP.NET\DataProtection-Keys' as key repository and Windows DPAPI to encrypt keys at rest.
[2023-10-20 06:09:26.453 +01:00  INF]  Now listening on: http://localhost:5008
[2023-10-20 06:09:26.460 +01:00  INF]  Application started. Press Ctrl+C to shut down.
[2023-10-20 06:09:26.461 +01:00  INF]  Hosting environment: Development
[2023-10-20 06:09:26.463 +01:00  INF]  Content root path: C:\Users\peter.omolayo\source\repos\hrms-be-backend\hrms-be-backend-api
[2023-10-20 06:09:27.078 +01:00  INF]  Request starting HTTP/1.1 GET http://localhost:5008/index.html - -
[2023-10-20 06:09:27.420 +01:00  INF]  Request starting HTTP/1.1 GET http://localhost:5008/_vs/browserLink - -
[2023-10-20 06:09:27.420 +01:00  INF]  Request starting HTTP/1.1 GET http://localhost:5008/_framework/aspnetcore-browser-refresh.js - -
[2023-10-20 06:09:27.428 +01:00  INF]  Request finished HTTP/1.1 GET http://localhost:5008/index.html - - - 200 - text/html;charset=utf-8 352.3465ms
[2023-10-20 06:09:27.439 +01:00  INF]  Request finished HTTP/1.1 GET http://localhost:5008/_framework/aspnetcore-browser-refresh.js - - - 200 12370 application/javascript;+charset=utf-8 18.8700ms
[2023-10-20 06:09:27.451 +01:00  INF]  Request finished HTTP/1.1 GET http://localhost:5008/_vs/browserLink - - - 200 - text/javascript;+charset=UTF-8 31.0681ms
[2023-10-20 06:09:27.497 +01:00  INF]  Request starting HTTP/1.1 GET http://localhost:5008/swagger/v1/swagger.json - -
[2023-10-20 06:09:27.664 +01:00  INF]  Request finished HTTP/1.1 GET http://localhost:5008/swagger/v1/swagger.json - - - 200 - application/json;charset=utf-8 167.8473ms
[2023-10-20 06:10:00.777 +01:00  INF]  Request starting HTTP/1.1 POST http://localhost:5008/api/Auth/Logout application/json 64
[2023-10-20 06:10:00.840 +01:00  INF]  CORS policy execution successful.
[2023-10-20 06:10:00.848 +01:00  WRN]  Failed to determine the https port for redirect.
[2023-10-20 06:10:01.149 +01:00  INF]  Executing endpoint 'hrms_be_backend_api.Controllers.AuthController.Logout (hrms-be-backend-api)'
[2023-10-20 06:10:01.201 +01:00  INF]  Route matched with {action = "Logout", controller = "Auth"}. Executing controller action with signature System.Threading.Tasks.Task`1[Microsoft.AspNetCore.Mvc.IActionResult] Logout(hrms_be_backend_data.RepoPayload.LogoutDto) on controller hrms_be_backend_api.Controllers.AuthController (hrms-be-backend-api).
[2023-10-20 06:10:02.056 +01:00  INF]  Executing OkObjectResult, writing value of type 'hrms_be_backend_data.ViewModel.BaseResponse'.
[2023-10-20 06:10:02.074 +01:00  INF]  Executed action hrms_be_backend_api.Controllers.AuthController.Logout (hrms-be-backend-api) in 862.8262ms
[2023-10-20 06:10:02.084 +01:00  INF]  Executed endpoint 'hrms_be_backend_api.Controllers.AuthController.Logout (hrms-be-backend-api)'
[2023-10-20 06:10:02.088 +01:00  INF]  Request finished HTTP/1.1 POST http://localhost:5008/api/Auth/Logout application/json 64 - 200 - application/json;+charset=utf-8 1319.9738ms
[2023-10-20 06:10:48.972 +01:00  INF]  Request starting HTTP/1.1 POST http://localhost:5008/api/Auth/Login application/json 93
[2023-10-20 06:10:48.994 +01:00  INF]  CORS policy execution successful.
[2023-10-20 06:10:49.002 +01:00  INF]  Executing endpoint 'hrms_be_backend_api.Controllers.AuthController.Login (hrms-be-backend-api)'
[2023-10-20 06:10:49.029 +01:00  INF]  Route matched with {action = "Login", controller = "Auth"}. Executing controller action with signature System.Threading.Tasks.Task`1[Microsoft.AspNetCore.Mvc.IActionResult] Login(hrms_be_backend_data.ViewModel.LoginModel) on controller hrms_be_backend_api.Controllers.AuthController (hrms-be-backend-api).
[2023-10-20 06:10:51.004 +01:00  INF]  Executing OkObjectResult, writing value of type 'hrms_be_backend_common.Communication.ExecutedResult`1[[hrms_be_backend_data.ViewModel.LoginResponse, hrms-be-backend-data, Version=1.0.0.0, Culture=neutral, PublicKeyToken=null]]'.
[2023-10-20 06:10:51.014 +01:00  INF]  Executed action hrms_be_backend_api.Controllers.AuthController.Login (hrms-be-backend-api) in 1977.9591ms
[2023-10-20 06:10:51.017 +01:00  INF]  Executed endpoint 'hrms_be_backend_api.Controllers.AuthController.Login (hrms-be-backend-api)'
[2023-10-20 06:10:51.019 +01:00  INF]  Request finished HTTP/1.1 POST http://localhost:5008/api/Auth/Login application/json 93 - 200 - application/json;+charset=utf-8 2047.1927ms
[2023-10-20 06:12:46.626 +01:00  INF]  Request starting HTTP/1.1 GET http://localhost:5008/api/Payroll/GetPayrollById?PayrollId=1 - -
[2023-10-20 06:12:46.727 +01:00  INF]  Executing endpoint 'hrms_be_backend_api.Controllers.PayrollController.GetPayrollById (hrms-be-backend-api)'
[2023-10-20 06:12:46.752 +01:00  INF]  Route matched with {action = "GetPayrollById", controller = "Payroll"}. Executing controller action with signature System.Threading.Tasks.Task`1[Microsoft.AspNetCore.Mvc.IActionResult] GetPayrollById(Int64) on controller hrms_be_backend_api.Controllers.PayrollController (hrms-be-backend-api).
[2023-10-20 06:12:47.435 +01:00  ERR]  PayrollRepository -> GetPayrollById => System.Data.SqlClient.SqlException (0x80131904): Invalid column name 'LastUpdateByUserId'.
Invalid column name 'LastUpdateByUserId'.
   at hrms_be_backend_data.Repository.DapperGenericRepository.Get[T](String sp, DynamicParameters parms, CommandType commandType) in C:\Users\peter.omolayo\source\repos\hrms-be-backend\hrms-be-backend-data\Repository\DapperGenericRepository.cs:line 79
   at hrms_be_backend_data.Repository.PayrollRepository.GetPayrollById(Int64 Id) in C:\Users\peter.omolayo\source\repos\hrms-be-backend\hrms-be-backend-data\Repository\PayrollRepository.cs:line 102
ClientConnectionId:6dafa8fd-84ce-4fc4-825b-7777534db407
Error Number:207,State:1,Class:16
[2023-10-20 06:17:26.970 +01:00  INF]  User profile is available. Using 'C:\Users\peter.omolayo\AppData\Local\ASP.NET\DataProtection-Keys' as key repository and Windows DPAPI to encrypt keys at rest.
[2023-10-20 06:17:27.187 +01:00  INF]  Now listening on: http://localhost:5008
[2023-10-20 06:17:27.191 +01:00  INF]  Application started. Press Ctrl+C to shut down.
[2023-10-20 06:17:27.193 +01:00  INF]  Hosting environment: Development
[2023-10-20 06:17:27.194 +01:00  INF]  Content root path: C:\Users\peter.omolayo\source\repos\hrms-be-backend\hrms-be-backend-api
[2023-10-20 06:17:28.178 +01:00  INF]  Request starting HTTP/1.1 GET http://localhost:5008/index.html - -
[2023-10-20 06:17:28.529 +01:00  INF]  Request starting HTTP/1.1 GET http://localhost:5008/_framework/aspnetcore-browser-refresh.js - -
[2023-10-20 06:17:28.534 +01:00  INF]  Request starting HTTP/1.1 GET http://localhost:5008/_vs/browserLink - -
[2023-10-20 06:17:28.536 +01:00  INF]  Request finished HTTP/1.1 GET http://localhost:5008/index.html - - - 200 - text/html;charset=utf-8 359.6824ms
[2023-10-20 06:17:28.540 +01:00  INF]  Request finished HTTP/1.1 GET http://localhost:5008/_framework/aspnetcore-browser-refresh.js - - - 200 12370 application/javascript;+charset=utf-8 11.9150ms
[2023-10-20 06:17:28.565 +01:00  INF]  Request finished HTTP/1.1 GET http://localhost:5008/_vs/browserLink - - - 200 - text/javascript;+charset=UTF-8 31.7941ms
[2023-10-20 06:17:28.603 +01:00  INF]  Request starting HTTP/1.1 GET http://localhost:5008/swagger/v1/swagger.json - -
[2023-10-20 06:17:28.770 +01:00  INF]  Request finished HTTP/1.1 GET http://localhost:5008/swagger/v1/swagger.json - - - 200 - application/json;charset=utf-8 167.7778ms
[2023-10-20 06:18:23.847 +01:00  INF]  Request starting HTTP/1.1 POST http://localhost:5008/api/Auth/Logout application/json 64
[2023-10-20 06:18:23.871 +01:00  INF]  CORS policy execution successful.
[2023-10-20 06:18:23.878 +01:00  WRN]  Failed to determine the https port for redirect.
[2023-10-20 06:18:24.087 +01:00  INF]  Executing endpoint 'hrms_be_backend_api.Controllers.AuthController.Logout (hrms-be-backend-api)'
[2023-10-20 06:18:24.139 +01:00  INF]  Route matched with {action = "Logout", controller = "Auth"}. Executing controller action with signature System.Threading.Tasks.Task`1[Microsoft.AspNetCore.Mvc.IActionResult] Logout(hrms_be_backend_data.RepoPayload.LogoutDto) on controller hrms_be_backend_api.Controllers.AuthController (hrms-be-backend-api).
[2023-10-20 06:18:24.863 +01:00  INF]  Executing OkObjectResult, writing value of type 'hrms_be_backend_data.ViewModel.BaseResponse'.
[2023-10-20 06:18:24.882 +01:00  INF]  Executed action hrms_be_backend_api.Controllers.AuthController.Logout (hrms-be-backend-api) in 731.0072ms
[2023-10-20 06:18:24.895 +01:00  INF]  Executed endpoint 'hrms_be_backend_api.Controllers.AuthController.Logout (hrms-be-backend-api)'
[2023-10-20 06:18:24.901 +01:00  INF]  Request finished HTTP/1.1 POST http://localhost:5008/api/Auth/Logout application/json 64 - 200 - application/json;+charset=utf-8 1053.7967ms
[2023-10-20 06:18:42.977 +01:00  INF]  Request starting HTTP/1.1 POST http://localhost:5008/api/Auth/Login application/json 93
[2023-10-20 06:18:42.996 +01:00  INF]  CORS policy execution successful.
[2023-10-20 06:18:43.006 +01:00  INF]  Executing endpoint 'hrms_be_backend_api.Controllers.AuthController.Login (hrms-be-backend-api)'
[2023-10-20 06:18:43.220 +01:00  INF]  Route matched with {action = "Login", controller = "Auth"}. Executing controller action with signature System.Threading.Tasks.Task`1[Microsoft.AspNetCore.Mvc.IActionResult] Login(hrms_be_backend_data.ViewModel.LoginModel) on controller hrms_be_backend_api.Controllers.AuthController (hrms-be-backend-api).
[2023-10-20 06:18:44.966 +01:00  INF]  Executing OkObjectResult, writing value of type 'hrms_be_backend_common.Communication.ExecutedResult`1[[hrms_be_backend_data.ViewModel.LoginResponse, hrms-be-backend-data, Version=1.0.0.0, Culture=neutral, PublicKeyToken=null]]'.
[2023-10-20 06:18:44.974 +01:00  INF]  Executed action hrms_be_backend_api.Controllers.AuthController.Login (hrms-be-backend-api) in 1745.2746ms
[2023-10-20 06:18:44.976 +01:00  INF]  Executed endpoint 'hrms_be_backend_api.Controllers.AuthController.Login (hrms-be-backend-api)'
[2023-10-20 06:18:44.977 +01:00  INF]  Request finished HTTP/1.1 POST http://localhost:5008/api/Auth/Login application/json 93 - 200 - application/json;+charset=utf-8 1999.9785ms
[2023-10-20 06:19:32.539 +01:00  INF]  Request starting HTTP/1.1 GET http://localhost:5008/api/Payroll/GetPayrolls?PageNumber=1&PageSize=10 - -
[2023-10-20 06:19:32.636 +01:00  INF]  Executing endpoint 'hrms_be_backend_api.Controllers.PayrollController.GetPayrolls (hrms-be-backend-api)'
[2023-10-20 06:19:32.649 +01:00  INF]  Route matched with {action = "GetPayrolls", controller = "Payroll"}. Executing controller action with signature System.Threading.Tasks.Task`1[Microsoft.AspNetCore.Mvc.IActionResult] GetPayrolls(hrms_be_backend_common.Communication.PaginationFilter) on controller hrms_be_backend_api.Controllers.PayrollController (hrms-be-backend-api).
[2023-10-20 06:19:33.336 +01:00  INF]  Executing OkObjectResult, writing value of type 'hrms_be_backend_common.Communication.PagedExcutedResult`1[[System.Collections.Generic.IEnumerable`1[[hrms_be_backend_data.ViewModel.PayrollAllView, hrms-be-backend-data, Version=1.0.0.0, Culture=neutral, PublicKeyToken=null]], System.Private.CoreLib, Version=7.0.0.0, Culture=neutral, PublicKeyToken=7cec85d7bea7798e]]'.
[2023-10-20 06:19:33.394 +01:00  INF]  Executed action hrms_be_backend_api.Controllers.PayrollController.GetPayrolls (hrms-be-backend-api) in 737.1385ms
[2023-10-20 06:19:33.399 +01:00  INF]  Executed endpoint 'hrms_be_backend_api.Controllers.PayrollController.GetPayrolls (hrms-be-backend-api)'
[2023-10-20 06:19:33.401 +01:00  INF]  Request finished HTTP/1.1 GET http://localhost:5008/api/Payroll/GetPayrolls?PageNumber=1&PageSize=10 - - - 200 - application/json;+charset=utf-8 862.5657ms
[2023-10-20 06:19:47.777 +01:00  INF]  Request starting HTTP/1.1 GET http://localhost:5008/api/Payroll/GetPayrollById?PayrollId=1 - -
[2023-10-20 06:19:47.789 +01:00  INF]  Executing endpoint 'hrms_be_backend_api.Controllers.PayrollController.GetPayrollById (hrms-be-backend-api)'
[2023-10-20 06:19:47.804 +01:00  INF]  Route matched with {action = "GetPayrollById", controller = "Payroll"}. Executing controller action with signature System.Threading.Tasks.Task`1[Microsoft.AspNetCore.Mvc.IActionResult] GetPayrollById(Int64) on controller hrms_be_backend_api.Controllers.PayrollController (hrms-be-backend-api).
[2023-10-20 06:19:48.434 +01:00  ERR]  PayrollRepository -> GetPayrollById => System.Data.SqlClient.SqlException (0x80131904): Invalid column name 'LastUpdateByUserId'.
Invalid column name 'LastUpdateByUserId'.
   at hrms_be_backend_data.Repository.DapperGenericRepository.Get[T](String sp, DynamicParameters parms, CommandType commandType) in C:\Users\peter.omolayo\source\repos\hrms-be-backend\hrms-be-backend-data\Repository\DapperGenericRepository.cs:line 79
   at hrms_be_backend_data.Repository.PayrollRepository.GetPayrollById(Int64 Id) in C:\Users\peter.omolayo\source\repos\hrms-be-backend\hrms-be-backend-data\Repository\PayrollRepository.cs:line 102
ClientConnectionId:29d23e37-67c2-4c8f-ae1e-7947a63bea40
Error Number:207,State:1,Class:16
[2023-10-20 06:19:48.439 +01:00  INF]  Executing OkObjectResult, writing value of type 'hrms_be_backend_common.Communication.ExecutedResult`1[[hrms_be_backend_data.ViewModel.PayrollSingleView, hrms-be-backend-data, Version=1.0.0.0, Culture=neutral, PublicKeyToken=null]]'.
[2023-10-20 06:19:48.445 +01:00  INF]  Executed action hrms_be_backend_api.Controllers.PayrollController.GetPayrollById (hrms-be-backend-api) in 633.2303ms
[2023-10-20 06:19:48.449 +01:00  INF]  Executed endpoint 'hrms_be_backend_api.Controllers.PayrollController.GetPayrollById (hrms-be-backend-api)'
[2023-10-20 06:19:48.452 +01:00  INF]  Request finished HTTP/1.1 GET http://localhost:5008/api/Payroll/GetPayrollById?PayrollId=1 - - - 200 - application/json;+charset=utf-8 674.5194ms
[2023-10-20 06:20:11.545 +01:00  INF]  Request starting HTTP/1.1 GET http://localhost:5008/api/Payroll/GetPayrollById?PayrollId=4 - -
[2023-10-20 06:20:11.547 +01:00  INF]  Executing endpoint 'hrms_be_backend_api.Controllers.PayrollController.GetPayrollById (hrms-be-backend-api)'
[2023-10-20 06:20:11.549 +01:00  INF]  Route matched with {action = "GetPayrollById", controller = "Payroll"}. Executing controller action with signature System.Threading.Tasks.Task`1[Microsoft.AspNetCore.Mvc.IActionResult] GetPayrollById(Int64) on controller hrms_be_backend_api.Controllers.PayrollController (hrms-be-backend-api).
[2023-10-20 06:20:12.127 +01:00  ERR]  PayrollRepository -> GetPayrollById => System.Data.SqlClient.SqlException (0x80131904): Invalid column name 'LastUpdateByUserId'.
Invalid column name 'LastUpdateByUserId'.
   at hrms_be_backend_data.Repository.DapperGenericRepository.Get[T](String sp, DynamicParameters parms, CommandType commandType) in C:\Users\peter.omolayo\source\repos\hrms-be-backend\hrms-be-backend-data\Repository\DapperGenericRepository.cs:line 79
   at hrms_be_backend_data.Repository.PayrollRepository.GetPayrollById(Int64 Id) in C:\Users\peter.omolayo\source\repos\hrms-be-backend\hrms-be-backend-data\Repository\PayrollRepository.cs:line 102
ClientConnectionId:29d23e37-67c2-4c8f-ae1e-7947a63bea40
Error Number:207,State:1,Class:16
[2023-10-20 06:20:12.132 +01:00  INF]  Executing OkObjectResult, writing value of type 'hrms_be_backend_common.Communication.ExecutedResult`1[[hrms_be_backend_data.ViewModel.PayrollSingleView, hrms-be-backend-data, Version=1.0.0.0, Culture=neutral, PublicKeyToken=null]]'.
[2023-10-20 06:20:12.136 +01:00  INF]  Executed action hrms_be_backend_api.Controllers.PayrollController.GetPayrollById (hrms-be-backend-api) in 583.3129ms
[2023-10-20 06:20:12.139 +01:00  INF]  Executed endpoint 'hrms_be_backend_api.Controllers.PayrollController.GetPayrollById (hrms-be-backend-api)'
[2023-10-20 06:20:12.142 +01:00  INF]  Request finished HTTP/1.1 GET http://localhost:5008/api/Payroll/GetPayrollById?PayrollId=4 - - - 200 - application/json;+charset=utf-8 597.4479ms
[2023-10-20 06:20:55.620 +01:00  INF]  Request starting HTTP/1.1 GET http://localhost:5008/api/Payroll/GetPayrollById?PayrollId=4 - -
[2023-10-20 06:20:55.631 +01:00  INF]  Executing endpoint 'hrms_be_backend_api.Controllers.PayrollController.GetPayrollById (hrms-be-backend-api)'
[2023-10-20 06:20:55.638 +01:00  INF]  Route matched with {action = "GetPayrollById", controller = "Payroll"}. Executing controller action with signature System.Threading.Tasks.Task`1[Microsoft.AspNetCore.Mvc.IActionResult] GetPayrollById(Int64) on controller hrms_be_backend_api.Controllers.PayrollController (hrms-be-backend-api).
[2023-10-20 06:20:56.099 +01:00  ERR]  PayrollRepository -> GetPayrollById => System.Data.SqlClient.SqlException (0x80131904): Invalid column name 'LastUpdateByUserId'.
Invalid column name 'LastUpdateByUserId'.
   at hrms_be_backend_data.Repository.DapperGenericRepository.Get[T](String sp, DynamicParameters parms, CommandType commandType) in C:\Users\peter.omolayo\source\repos\hrms-be-backend\hrms-be-backend-data\Repository\DapperGenericRepository.cs:line 79
   at hrms_be_backend_data.Repository.PayrollRepository.GetPayrollById(Int64 Id) in C:\Users\peter.omolayo\source\repos\hrms-be-backend\hrms-be-backend-data\Repository\PayrollRepository.cs:line 102
ClientConnectionId:29d23e37-67c2-4c8f-ae1e-7947a63bea40
Error Number:207,State:1,Class:16
[2023-10-20 06:21:15.073 +01:00  INF]  Executing OkObjectResult, writing value of type 'hrms_be_backend_common.Communication.ExecutedResult`1[[hrms_be_backend_data.ViewModel.PayrollSingleView, hrms-be-backend-data, Version=1.0.0.0, Culture=neutral, PublicKeyToken=null]]'.
[2023-10-20 06:21:15.081 +01:00  INF]  Executed action hrms_be_backend_api.Controllers.PayrollController.GetPayrollById (hrms-be-backend-api) in 19437.4889ms
[2023-10-20 06:21:15.088 +01:00  INF]  Executed endpoint 'hrms_be_backend_api.Controllers.PayrollController.GetPayrollById (hrms-be-backend-api)'
[2023-10-20 06:21:15.091 +01:00  INF]  Request finished HTTP/1.1 GET http://localhost:5008/api/Payroll/GetPayrollById?PayrollId=4 - - - 200 - application/json;+charset=utf-8 19470.4488ms
[2023-10-20 06:21:18.226 +01:00  INF]  Request starting HTTP/1.1 GET http://localhost:5008/api/Payroll/GetPayrollById?PayrollId=4 - -
[2023-10-20 06:21:18.235 +01:00  INF]  Executing endpoint 'hrms_be_backend_api.Controllers.PayrollController.GetPayrollById (hrms-be-backend-api)'
[2023-10-20 06:21:18.237 +01:00  INF]  Route matched with {action = "GetPayrollById", controller = "Payroll"}. Executing controller action with signature System.Threading.Tasks.Task`1[Microsoft.AspNetCore.Mvc.IActionResult] GetPayrollById(Int64) on controller hrms_be_backend_api.Controllers.PayrollController (hrms-be-backend-api).
[2023-10-20 06:22:31.002 +01:00  ERR]  PayrollRepository -> GetPayrollById => System.Data.SqlClient.SqlException (0x80131904): Invalid column name 'LastUpdateByUserId'.
Invalid column name 'LastUpdateByUserId'.
   at hrms_be_backend_data.Repository.DapperGenericRepository.Get[T](String sp, DynamicParameters parms, CommandType commandType) in C:\Users\peter.omolayo\source\repos\hrms-be-backend\hrms-be-backend-data\Repository\DapperGenericRepository.cs:line 79
   at hrms_be_backend_data.Repository.PayrollRepository.GetPayrollById(Int64 Id) in C:\Users\peter.omolayo\source\repos\hrms-be-backend\hrms-be-backend-data\Repository\PayrollRepository.cs:line 102
ClientConnectionId:29d23e37-67c2-4c8f-ae1e-7947a63bea40
Error Number:207,State:1,Class:16
[2023-10-20 06:22:32.062 +01:00  INF]  Executing OkObjectResult, writing value of type 'hrms_be_backend_common.Communication.ExecutedResult`1[[hrms_be_backend_data.ViewModel.PayrollSingleView, hrms-be-backend-data, Version=1.0.0.0, Culture=neutral, PublicKeyToken=null]]'.
[2023-10-20 06:22:32.066 +01:00  INF]  Executed action hrms_be_backend_api.Controllers.PayrollController.GetPayrollById (hrms-be-backend-api) in 73822.775ms
[2023-10-20 06:22:32.069 +01:00  INF]  Executed endpoint 'hrms_be_backend_api.Controllers.PayrollController.GetPayrollById (hrms-be-backend-api)'
[2023-10-20 06:22:32.071 +01:00  INF]  Request finished HTTP/1.1 GET http://localhost:5008/api/Payroll/GetPayrollById?PayrollId=4 - - - 200 - application/json;+charset=utf-8 73841.3975ms
[2023-10-20 06:22:39.747 +01:00  INF]  Request starting HTTP/1.1 GET http://localhost:5008/api/Payroll/GetPayrollById?PayrollId=4 - -
[2023-10-20 06:22:39.757 +01:00  INF]  Executing endpoint 'hrms_be_backend_api.Controllers.PayrollController.GetPayrollById (hrms-be-backend-api)'
[2023-10-20 06:22:39.769 +01:00  INF]  Route matched with {action = "GetPayrollById", controller = "Payroll"}. Executing controller action with signature System.Threading.Tasks.Task`1[Microsoft.AspNetCore.Mvc.IActionResult] GetPayrollById(Int64) on controller hrms_be_backend_api.Controllers.PayrollController (hrms-be-backend-api).
[2023-10-20 06:22:42.638 +01:00  INF]  Executing OkObjectResult, writing value of type 'hrms_be_backend_common.Communication.ExecutedResult`1[[hrms_be_backend_data.ViewModel.PayrollSingleView, hrms-be-backend-data, Version=1.0.0.0, Culture=neutral, PublicKeyToken=null]]'.
[2023-10-20 06:22:42.670 +01:00  INF]  Executed action hrms_be_backend_api.Controllers.PayrollController.GetPayrollById (hrms-be-backend-api) in 2894.9611ms
[2023-10-20 06:22:42.673 +01:00  INF]  Executed endpoint 'hrms_be_backend_api.Controllers.PayrollController.GetPayrollById (hrms-be-backend-api)'
[2023-10-20 06:22:42.675 +01:00  INF]  Request finished HTTP/1.1 GET http://localhost:5008/api/Payroll/GetPayrollById?PayrollId=4 - - - 200 - application/json;+charset=utf-8 2927.2813ms
[2023-10-20 06:25:05.723 +01:00  INF]  Request starting HTTP/1.1 GET http://localhost:5008/api/Payroll/GetPayrollById?PayrollId=4 - -
[2023-10-20 06:25:05.730 +01:00  INF]  Executing endpoint 'hrms_be_backend_api.Controllers.PayrollController.GetPayrollById (hrms-be-backend-api)'
[2023-10-20 06:25:05.734 +01:00  INF]  Route matched with {action = "GetPayrollById", controller = "Payroll"}. Executing controller action with signature System.Threading.Tasks.Task`1[Microsoft.AspNetCore.Mvc.IActionResult] GetPayrollById(Int64) on controller hrms_be_backend_api.Controllers.PayrollController (hrms-be-backend-api).
[2023-10-20 06:25:06.618 +01:00  INF]  Executing OkObjectResult, writing value of type 'hrms_be_backend_common.Communication.ExecutedResult`1[[hrms_be_backend_data.ViewModel.PayrollSingleView, hrms-be-backend-data, Version=1.0.0.0, Culture=neutral, PublicKeyToken=null]]'.
[2023-10-20 06:25:06.626 +01:00  INF]  Executed action hrms_be_backend_api.Controllers.PayrollController.GetPayrollById (hrms-be-backend-api) in 885.687ms
[2023-10-20 06:25:06.630 +01:00  INF]  Executed endpoint 'hrms_be_backend_api.Controllers.PayrollController.GetPayrollById (hrms-be-backend-api)'
[2023-10-20 06:25:06.633 +01:00  INF]  Request finished HTTP/1.1 GET http://localhost:5008/api/Payroll/GetPayrollById?PayrollId=4 - - - 200 - application/json;+charset=utf-8 910.1225ms
[2023-10-20 10:29:50.227 +01:00  INF]  User profile is available. Using 'C:\Users\peter.omolayo\AppData\Local\ASP.NET\DataProtection-Keys' as key repository and Windows DPAPI to encrypt keys at rest.
[2023-10-20 10:29:50.603 +01:00  INF]  Now listening on: http://localhost:5008
[2023-10-20 10:29:50.606 +01:00  INF]  Application started. Press Ctrl+C to shut down.
[2023-10-20 10:29:50.608 +01:00  INF]  Hosting environment: Development
[2023-10-20 10:29:50.609 +01:00  INF]  Content root path: C:\Users\peter.omolayo\source\repos\hrms-be-backend\hrms-be-backend-api
[2023-10-20 10:29:51.497 +01:00  INF]  Request starting HTTP/1.1 GET http://localhost:5008/index.html - -
[2023-10-20 10:29:51.850 +01:00  INF]  Request finished HTTP/1.1 GET http://localhost:5008/index.html - - - 200 - text/html;charset=utf-8 355.6508ms
[2023-10-20 10:29:51.863 +01:00  INF]  Request starting HTTP/1.1 GET http://localhost:5008/_framework/aspnetcore-browser-refresh.js - -
[2023-10-20 10:29:51.873 +01:00  INF]  Request finished HTTP/1.1 GET http://localhost:5008/_framework/aspnetcore-browser-refresh.js - - - 200 12370 application/javascript;+charset=utf-8 10.5084ms
[2023-10-20 10:29:51.956 +01:00  INF]  Request starting HTTP/1.1 GET http://localhost:5008/swagger/v1/swagger.json - -
[2023-10-20 10:29:52.173 +01:00  INF]  Request finished HTTP/1.1 GET http://localhost:5008/swagger/v1/swagger.json - - - 200 - application/json;charset=utf-8 216.5391ms
[2023-10-20 10:30:30.634 +01:00  INF]  Request starting HTTP/1.1 POST http://localhost:5008/api/Auth/Logout application/json 56
[2023-10-20 10:30:30.658 +01:00  INF]  CORS policy execution successful.
[2023-10-20 10:30:30.666 +01:00  WRN]  Failed to determine the https port for redirect.
[2023-10-20 10:30:30.945 +01:00  INF]  Executing endpoint 'hrms_be_backend_api.Controllers.AuthController.Logout (hrms-be-backend-api)'
[2023-10-20 10:30:30.990 +01:00  INF]  Route matched with {action = "Logout", controller = "Auth"}. Executing controller action with signature System.Threading.Tasks.Task`1[Microsoft.AspNetCore.Mvc.IActionResult] Logout(hrms_be_backend_data.RepoPayload.LogoutDto) on controller hrms_be_backend_api.Controllers.AuthController (hrms-be-backend-api).
[2023-10-20 10:30:32.021 +01:00  INF]  Executing OkObjectResult, writing value of type 'hrms_be_backend_data.ViewModel.BaseResponse'.
[2023-10-20 10:30:32.047 +01:00  INF]  Executed action hrms_be_backend_api.Controllers.AuthController.Logout (hrms-be-backend-api) in 1043.7855ms
[2023-10-20 10:30:32.058 +01:00  INF]  Executed endpoint 'hrms_be_backend_api.Controllers.AuthController.Logout (hrms-be-backend-api)'
[2023-10-20 10:30:32.065 +01:00  INF]  Request finished HTTP/1.1 POST http://localhost:5008/api/Auth/Logout application/json 56 - 200 - application/json;+charset=utf-8 1431.1202ms
[2023-10-20 10:30:36.681 +01:00  INF]  Request starting HTTP/1.1 POST http://localhost:5008/api/Auth/Login application/json 81
[2023-10-20 10:30:36.693 +01:00  INF]  CORS policy execution successful.
[2023-10-20 10:30:36.699 +01:00  INF]  Executing endpoint 'hrms_be_backend_api.Controllers.AuthController.Login (hrms-be-backend-api)'
[2023-10-20 10:30:36.718 +01:00  INF]  Route matched with {action = "Login", controller = "Auth"}. Executing controller action with signature System.Threading.Tasks.Task`1[Microsoft.AspNetCore.Mvc.IActionResult] Login(hrms_be_backend_data.ViewModel.LoginModel) on controller hrms_be_backend_api.Controllers.AuthController (hrms-be-backend-api).
[2023-10-20 10:30:38.787 +01:00  INF]  Executing OkObjectResult, writing value of type 'hrms_be_backend_common.Communication.ExecutedResult`1[[hrms_be_backend_data.ViewModel.LoginResponse, hrms-be-backend-data, Version=1.0.0.0, Culture=neutral, PublicKeyToken=null]]'.
[2023-10-20 10:30:38.801 +01:00  INF]  Executed action hrms_be_backend_api.Controllers.AuthController.Login (hrms-be-backend-api) in 2074.9897ms
[2023-10-20 10:30:38.806 +01:00  INF]  Executed endpoint 'hrms_be_backend_api.Controllers.AuthController.Login (hrms-be-backend-api)'
[2023-10-20 10:30:38.811 +01:00  INF]  Request finished HTTP/1.1 POST http://localhost:5008/api/Auth/Login application/json 81 - 200 - application/json;+charset=utf-8 2129.6811ms
[2023-10-20 10:31:12.339 +01:00  INF]  Request starting HTTP/1.1 POST http://localhost:5008/api/Auth/Login application/json 81
[2023-10-20 10:31:12.361 +01:00  INF]  CORS policy execution successful.
[2023-10-20 10:31:12.461 +01:00  INF]  Executing endpoint 'hrms_be_backend_api.Controllers.AuthController.Login (hrms-be-backend-api)'
[2023-10-20 10:31:12.467 +01:00  INF]  Route matched with {action = "Login", controller = "Auth"}. Executing controller action with signature System.Threading.Tasks.Task`1[Microsoft.AspNetCore.Mvc.IActionResult] Login(hrms_be_backend_data.ViewModel.LoginModel) on controller hrms_be_backend_api.Controllers.AuthController (hrms-be-backend-api).
[2023-10-20 10:31:12.927 +01:00  INF]  Executing OkObjectResult, writing value of type 'hrms_be_backend_common.Communication.ExecutedResult`1[[hrms_be_backend_data.ViewModel.LoginResponse, hrms-be-backend-data, Version=1.0.0.0, Culture=neutral, PublicKeyToken=null]]'.
[2023-10-20 10:31:12.935 +01:00  INF]  Executed action hrms_be_backend_api.Controllers.AuthController.Login (hrms-be-backend-api) in 462.7025ms
[2023-10-20 10:31:12.939 +01:00  INF]  Executed endpoint 'hrms_be_backend_api.Controllers.AuthController.Login (hrms-be-backend-api)'
[2023-10-20 10:31:12.942 +01:00  INF]  Request finished HTTP/1.1 POST http://localhost:5008/api/Auth/Login application/json 81 - 200 - application/json;+charset=utf-8 602.4605ms
[2023-10-20 10:33:02.506 +01:00  INF]  User profile is available. Using 'C:\Users\peter.omolayo\AppData\Local\ASP.NET\DataProtection-Keys' as key repository and Windows DPAPI to encrypt keys at rest.
[2023-10-20 10:33:02.699 +01:00  INF]  Now listening on: http://localhost:5008
[2023-10-20 10:33:02.702 +01:00  INF]  Application started. Press Ctrl+C to shut down.
[2023-10-20 10:33:02.704 +01:00  INF]  Hosting environment: Development
[2023-10-20 10:33:02.705 +01:00  INF]  Content root path: C:\Users\peter.omolayo\source\repos\hrms-be-backend\hrms-be-backend-api
[2023-10-20 10:33:03.487 +01:00  INF]  Request starting HTTP/1.1 GET http://localhost:5008/index.html - -
[2023-10-20 10:33:03.677 +01:00  INF]  Request finished HTTP/1.1 GET http://localhost:5008/index.html - - - 200 - text/html;charset=utf-8 193.0678ms
[2023-10-20 10:33:03.682 +01:00  INF]  Request starting HTTP/1.1 GET http://localhost:5008/_framework/aspnetcore-browser-refresh.js - -
[2023-10-20 10:33:03.687 +01:00  INF]  Request finished HTTP/1.1 GET http://localhost:5008/_framework/aspnetcore-browser-refresh.js - - - 200 12370 application/javascript;+charset=utf-8 4.4088ms
[2023-10-20 10:33:03.748 +01:00  INF]  Request starting HTTP/1.1 GET http://localhost:5008/swagger/v1/swagger.json - -
[2023-10-20 10:33:03.893 +01:00  INF]  Request finished HTTP/1.1 GET http://localhost:5008/swagger/v1/swagger.json - - - 200 - application/json;charset=utf-8 145.6076ms
[2023-10-20 10:33:27.885 +01:00  INF]  Request starting HTTP/1.1 POST http://localhost:5008/api/Auth/Logout application/json 56
[2023-10-20 10:33:27.921 +01:00  INF]  CORS policy execution successful.
[2023-10-20 10:33:27.930 +01:00  WRN]  Failed to determine the https port for redirect.
[2023-10-20 10:33:28.162 +01:00  INF]  Executing endpoint 'hrms_be_backend_api.Controllers.AuthController.Logout (hrms-be-backend-api)'
[2023-10-20 10:33:28.204 +01:00  INF]  Route matched with {action = "Logout", controller = "Auth"}. Executing controller action with signature System.Threading.Tasks.Task`1[Microsoft.AspNetCore.Mvc.IActionResult] Logout(hrms_be_backend_data.RepoPayload.LogoutDto) on controller hrms_be_backend_api.Controllers.AuthController (hrms-be-backend-api).
[2023-10-20 10:33:29.242 +01:00  INF]  Executing OkObjectResult, writing value of type 'hrms_be_backend_data.ViewModel.BaseResponse'.
[2023-10-20 10:33:29.261 +01:00  INF]  Executed action hrms_be_backend_api.Controllers.AuthController.Logout (hrms-be-backend-api) in 1044.5523ms
[2023-10-20 10:33:29.270 +01:00  INF]  Executed endpoint 'hrms_be_backend_api.Controllers.AuthController.Logout (hrms-be-backend-api)'
[2023-10-20 10:33:29.276 +01:00  INF]  Request finished HTTP/1.1 POST http://localhost:5008/api/Auth/Logout application/json 56 - 200 - application/json;+charset=utf-8 1390.6815ms
[2023-10-20 10:33:33.351 +01:00  INF]  Request starting HTTP/1.1 POST http://localhost:5008/api/Auth/Login application/json 81
[2023-10-20 10:33:33.365 +01:00  INF]  CORS policy execution successful.
[2023-10-20 10:33:33.372 +01:00  INF]  Executing endpoint 'hrms_be_backend_api.Controllers.AuthController.Login (hrms-be-backend-api)'
[2023-10-20 10:33:33.394 +01:00  INF]  Route matched with {action = "Login", controller = "Auth"}. Executing controller action with signature System.Threading.Tasks.Task`1[Microsoft.AspNetCore.Mvc.IActionResult] Login(hrms_be_backend_data.ViewModel.LoginModel) on controller hrms_be_backend_api.Controllers.AuthController (hrms-be-backend-api).
[2023-10-20 10:33:35.344 +01:00  INF]  Executing OkObjectResult, writing value of type 'hrms_be_backend_common.Communication.ExecutedResult`1[[hrms_be_backend_data.ViewModel.LoginResponse, hrms-be-backend-data, Version=1.0.0.0, Culture=neutral, PublicKeyToken=null]]'.
[2023-10-20 10:33:35.356 +01:00  INF]  Executed action hrms_be_backend_api.Controllers.AuthController.Login (hrms-be-backend-api) in 1953.0681ms
[2023-10-20 10:33:35.361 +01:00  INF]  Executed endpoint 'hrms_be_backend_api.Controllers.AuthController.Login (hrms-be-backend-api)'
[2023-10-20 10:33:35.364 +01:00  INF]  Request finished HTTP/1.1 POST http://localhost:5008/api/Auth/Login application/json 81 - 200 - application/json;+charset=utf-8 2012.5198ms
[2023-10-20 10:34:02.303 +01:00  INF]  User profile is available. Using 'C:\Users\peter.omolayo\AppData\Local\ASP.NET\DataProtection-Keys' as key repository and Windows DPAPI to encrypt keys at rest.
[2023-10-20 10:34:02.519 +01:00  INF]  Now listening on: http://localhost:5008
[2023-10-20 10:34:02.522 +01:00  INF]  Application started. Press Ctrl+C to shut down.
[2023-10-20 10:34:02.523 +01:00  INF]  Hosting environment: Development
[2023-10-20 10:34:02.524 +01:00  INF]  Content root path: C:\Users\peter.omolayo\source\repos\hrms-be-backend\hrms-be-backend-api
[2023-10-20 10:34:03.390 +01:00  INF]  Request starting HTTP/1.1 GET http://localhost:5008/index.html - -
[2023-10-20 10:34:03.584 +01:00  INF]  Request finished HTTP/1.1 GET http://localhost:5008/index.html - - - 200 - text/html;charset=utf-8 203.0914ms
[2023-10-20 10:34:03.600 +01:00  INF]  Request starting HTTP/1.1 GET http://localhost:5008/_framework/aspnetcore-browser-refresh.js - -
[2023-10-20 10:34:03.605 +01:00  INF]  Request finished HTTP/1.1 GET http://localhost:5008/_framework/aspnetcore-browser-refresh.js - - - 200 12370 application/javascript;+charset=utf-8 4.8965ms
[2023-10-20 10:34:03.754 +01:00  INF]  Request starting HTTP/1.1 GET http://localhost:5008/swagger/v1/swagger.json - -
[2023-10-20 10:34:03.916 +01:00  INF]  Request finished HTTP/1.1 GET http://localhost:5008/swagger/v1/swagger.json - - - 200 - application/json;charset=utf-8 161.2421ms
[2023-10-20 10:34:27.332 +01:00  INF]  Request starting HTTP/1.1 POST http://localhost:5008/api/Auth/Logout application/json 56
[2023-10-20 10:34:27.358 +01:00  INF]  CORS policy execution successful.
[2023-10-20 10:34:27.365 +01:00  WRN]  Failed to determine the https port for redirect.
[2023-10-20 10:34:27.531 +01:00  INF]  Executing endpoint 'hrms_be_backend_api.Controllers.AuthController.Logout (hrms-be-backend-api)'
[2023-10-20 10:34:27.588 +01:00  INF]  Route matched with {action = "Logout", controller = "Auth"}. Executing controller action with signature System.Threading.Tasks.Task`1[Microsoft.AspNetCore.Mvc.IActionResult] Logout(hrms_be_backend_data.RepoPayload.LogoutDto) on controller hrms_be_backend_api.Controllers.AuthController (hrms-be-backend-api).
[2023-10-20 10:34:28.363 +01:00  INF]  Executing OkObjectResult, writing value of type 'hrms_be_backend_data.ViewModel.BaseResponse'.
[2023-10-20 10:34:28.382 +01:00  INF]  Executed action hrms_be_backend_api.Controllers.AuthController.Logout (hrms-be-backend-api) in 781.5214ms
[2023-10-20 10:34:28.392 +01:00  INF]  Executed endpoint 'hrms_be_backend_api.Controllers.AuthController.Logout (hrms-be-backend-api)'
[2023-10-20 10:34:28.400 +01:00  INF]  Request finished HTTP/1.1 POST http://localhost:5008/api/Auth/Logout application/json 56 - 200 - application/json;+charset=utf-8 1069.9629ms
[2023-10-20 10:34:30.770 +01:00  INF]  Request starting HTTP/1.1 POST http://localhost:5008/api/Auth/Login application/json 81
[2023-10-20 10:34:30.784 +01:00  INF]  CORS policy execution successful.
[2023-10-20 10:34:30.789 +01:00  INF]  Executing endpoint 'hrms_be_backend_api.Controllers.AuthController.Login (hrms-be-backend-api)'
[2023-10-20 10:34:30.877 +01:00  INF]  Route matched with {action = "Login", controller = "Auth"}. Executing controller action with signature System.Threading.Tasks.Task`1[Microsoft.AspNetCore.Mvc.IActionResult] Login(hrms_be_backend_data.ViewModel.LoginModel) on controller hrms_be_backend_api.Controllers.AuthController (hrms-be-backend-api).
[2023-10-20 10:34:33.009 +01:00  INF]  Executing OkObjectResult, writing value of type 'hrms_be_backend_common.Communication.ExecutedResult`1[[hrms_be_backend_data.ViewModel.LoginResponse, hrms-be-backend-data, Version=1.0.0.0, Culture=neutral, PublicKeyToken=null]]'.
[2023-10-20 10:34:33.018 +01:00  INF]  Executed action hrms_be_backend_api.Controllers.AuthController.Login (hrms-be-backend-api) in 2137.4279ms
[2023-10-20 10:34:33.021 +01:00  INF]  Executed endpoint 'hrms_be_backend_api.Controllers.AuthController.Login (hrms-be-backend-api)'
[2023-10-20 10:34:33.027 +01:00  INF]  Request finished HTTP/1.1 POST http://localhost:5008/api/Auth/Login application/json 81 - 200 - application/json;+charset=utf-8 2257.3431ms
