[2023-10-06 08:27:05.170 +01:00  INF]  User profile is available. Using 'C:\Users\peter.omolayo\AppData\Local\ASP.NET\DataProtection-Keys' as key repository and Windows DPAPI to encrypt keys at rest.
[2023-10-06 08:27:05.592 +01:00  INF]  Now listening on: http://localhost:5008
[2023-10-06 08:27:05.597 +01:00  INF]  Application started. Press Ctrl+C to shut down.
[2023-10-06 08:27:05.598 +01:00  INF]  Hosting environment: Development
[2023-10-06 08:27:05.600 +01:00  INF]  Content root path: C:\Users\peter.omolayo\source\repos\hrms-be-backend\hrms-be-backend-api
[2023-10-06 08:27:07.835 +01:00  INF]  Request starting HTTP/1.1 GET http://localhost:5008/index.html - -
[2023-10-06 08:27:08.838 +01:00  INF]  Request finished HTTP/1.1 GET http://localhost:5008/index.html - - - 200 - text/html;charset=utf-8 1008.9284ms
[2023-10-06 08:27:09.531 +01:00  INF]  Request starting HTTP/1.1 GET http://localhost:5008/swagger-ui-bundle.js - -
[2023-10-06 08:27:09.536 +01:00  INF]  Request starting HTTP/1.1 GET http://localhost:5008/swagger-ui.css - -
[2023-10-06 08:27:09.547 +01:00  INF]  Request starting HTTP/1.1 GET http://localhost:5008/swagger-ui-standalone-preset.js - -
[2023-10-06 08:27:09.638 +01:00  INF]  Sending file. Request path: '/swagger-ui-bundle.js'. Physical path: 'N/A'
[2023-10-06 08:27:09.638 +01:00  INF]  Sending file. Request path: '/swagger-ui.css'. Physical path: 'N/A'
[2023-10-06 08:27:09.638 +01:00  INF]  Sending file. Request path: '/swagger-ui-standalone-preset.js'. Physical path: 'N/A'
[2023-10-06 08:27:09.641 +01:00  INF]  Request finished HTTP/1.1 GET http://localhost:5008/swagger-ui-bundle.js - - - 200 1061536 text/javascript 110.3441ms
[2023-10-06 08:27:09.643 +01:00  INF]  Request finished HTTP/1.1 GET http://localhost:5008/swagger-ui.css - - - 200 144929 text/css 106.8052ms
[2023-10-06 08:27:09.645 +01:00  INF]  Request finished HTTP/1.1 GET http://localhost:5008/swagger-ui-standalone-preset.js - - - 200 312163 text/javascript 98.0793ms
[2023-10-06 08:27:09.649 +01:00  INF]  Request starting HTTP/1.1 GET http://localhost:5008/_framework/aspnetcore-browser-refresh.js - -
[2023-10-06 08:27:09.654 +01:00  INF]  Request finished HTTP/1.1 GET http://localhost:5008/_framework/aspnetcore-browser-refresh.js - - - 200 12370 application/javascript;+charset=utf-8 5.2659ms
[2023-10-06 08:27:09.659 +01:00  INF]  Request starting HTTP/1.1 GET http://localhost:5008/_vs/browserLink - -
[2023-10-06 08:27:09.706 +01:00  INF]  Request finished HTTP/1.1 GET http://localhost:5008/_vs/browserLink - - - 200 - text/javascript;+charset=UTF-8 47.4297ms
[2023-10-06 08:27:09.976 +01:00  INF]  Request starting HTTP/1.1 GET http://localhost:5008/swagger/v1/swagger.json - -
[2023-10-06 08:27:10.384 +01:00  INF]  Request finished HTTP/1.1 GET http://localhost:5008/swagger/v1/swagger.json - - - 200 - application/json;charset=utf-8 408.3401ms
[2023-10-06 09:57:45.305 +01:00  INF]  User profile is available. Using 'C:\Users\peter.omolayo\AppData\Local\ASP.NET\DataProtection-Keys' as key repository and Windows DPAPI to encrypt keys at rest.
[2023-10-06 09:57:46.416 +01:00  INF]  Now listening on: http://localhost:5008
[2023-10-06 09:57:46.435 +01:00  INF]  Application started. Press Ctrl+C to shut down.
[2023-10-06 09:57:46.443 +01:00  INF]  Hosting environment: Development
[2023-10-06 09:57:46.451 +01:00  INF]  Content root path: C:\Users\peter.omolayo\source\repos\hrms-be-backend\hrms-be-backend-api
[2023-10-06 09:57:48.173 +01:00  INF]  Request starting HTTP/1.1 GET http://localhost:5008/index.html - -
[2023-10-06 09:57:49.383 +01:00  INF]  Request finished HTTP/1.1 GET http://localhost:5008/index.html - - - 200 - text/html;charset=utf-8 1212.6965ms
[2023-10-06 09:57:49.403 +01:00  INF]  Request starting HTTP/1.1 GET http://localhost:5008/_framework/aspnetcore-browser-refresh.js - -
[2023-10-06 09:57:49.415 +01:00  INF]  Request finished HTTP/1.1 GET http://localhost:5008/_framework/aspnetcore-browser-refresh.js - - - 200 12370 application/javascript;+charset=utf-8 11.7927ms
[2023-10-06 09:57:49.435 +01:00  INF]  Request starting HTTP/1.1 GET http://localhost:5008/_vs/browserLink - -
[2023-10-06 09:57:49.470 +01:00  INF]  Request finished HTTP/1.1 GET http://localhost:5008/_vs/browserLink - - - 200 - text/javascript;+charset=UTF-8 34.7520ms
[2023-10-06 09:57:50.025 +01:00  INF]  Request starting HTTP/1.1 GET http://localhost:5008/swagger/v1/swagger.json - -
[2023-10-06 09:57:50.865 +01:00  INF]  Request finished HTTP/1.1 GET http://localhost:5008/swagger/v1/swagger.json - - - 200 - application/json;charset=utf-8 840.2150ms
[2023-10-06 09:58:53.642 +01:00  INF]  Request starting HTTP/1.1 POST http://localhost:5008/api/Auth/Login application/json 89
[2023-10-06 09:58:53.681 +01:00  INF]  CORS policy execution successful.
[2023-10-06 09:58:53.691 +01:00  WRN]  Failed to determine the https port for redirect.
[2023-10-06 09:58:54.383 +01:00  INF]  Executing endpoint 'hrms_be_backend_api.Controllers.AuthController.Login (hrms-be-backend-api)'
[2023-10-06 09:58:54.492 +01:00  INF]  Route matched with {action = "Login", controller = "Auth"}. Executing controller action with signature System.Threading.Tasks.Task`1[Microsoft.AspNetCore.Mvc.IActionResult] Login(hrms_be_backend_data.ViewModel.LoginModel) on controller hrms_be_backend_api.Controllers.AuthController (hrms-be-backend-api).
[2023-10-06 09:59:04.669 +01:00  INF]  Executing OkObjectResult, writing value of type 'hrms_be_backend_data.ViewModel.LoginResponse'.
[2023-10-06 09:59:04.700 +01:00  INF]  Executed action hrms_be_backend_api.Controllers.AuthController.Login (hrms-be-backend-api) in 10190.3883ms
[2023-10-06 09:59:04.713 +01:00  INF]  Executed endpoint 'hrms_be_backend_api.Controllers.AuthController.Login (hrms-be-backend-api)'
[2023-10-06 09:59:04.719 +01:00  INF]  Request finished HTTP/1.1 POST http://localhost:5008/api/Auth/Login application/json 89 - 200 - application/json;+charset=utf-8 11077.0495ms
[2023-10-06 10:00:05.998 +01:00  INF]  Request starting HTTP/1.1 POST http://localhost:5008/api/Auth/Logout application/json 60
[2023-10-06 10:00:06.145 +01:00  INF]  CORS policy execution successful.
[2023-10-06 10:00:06.167 +01:00  INF]  Executing endpoint 'hrms_be_backend_api.Controllers.AuthController.Logout (hrms-be-backend-api)'
[2023-10-06 10:00:06.191 +01:00  INF]  Route matched with {action = "Logout", controller = "Auth"}. Executing controller action with signature System.Threading.Tasks.Task`1[Microsoft.AspNetCore.Mvc.IActionResult] Logout(hrms_be_backend_data.RepoPayload.LogoutDto) on controller hrms_be_backend_api.Controllers.AuthController (hrms-be-backend-api).
[2023-10-06 10:00:06.294 +01:00  INF]  Executing OkObjectResult, writing value of type 'hrms_be_backend_data.ViewModel.BaseResponse'.
[2023-10-06 10:00:06.306 +01:00  INF]  Executed action hrms_be_backend_api.Controllers.AuthController.Logout (hrms-be-backend-api) in 104.5524ms
[2023-10-06 10:00:06.312 +01:00  INF]  Executed endpoint 'hrms_be_backend_api.Controllers.AuthController.Logout (hrms-be-backend-api)'
[2023-10-06 10:00:06.317 +01:00  INF]  Request finished HTTP/1.1 POST http://localhost:5008/api/Auth/Logout application/json 60 - 200 - application/json;+charset=utf-8 318.5885ms
[2023-10-06 10:00:12.650 +01:00  INF]  Request starting HTTP/1.1 POST http://localhost:5008/api/Auth/Login application/json 89
[2023-10-06 10:00:12.655 +01:00  INF]  CORS policy execution successful.
[2023-10-06 10:00:12.663 +01:00  INF]  Executing endpoint 'hrms_be_backend_api.Controllers.AuthController.Login (hrms-be-backend-api)'
[2023-10-06 10:00:12.666 +01:00  INF]  Route matched with {action = "Login", controller = "Auth"}. Executing controller action with signature System.Threading.Tasks.Task`1[Microsoft.AspNetCore.Mvc.IActionResult] Login(hrms_be_backend_data.ViewModel.LoginModel) on controller hrms_be_backend_api.Controllers.AuthController (hrms-be-backend-api).
[2023-10-06 10:00:15.092 +01:00  INF]  Executing OkObjectResult, writing value of type 'hrms_be_backend_data.ViewModel.LoginResponse'.
[2023-10-06 10:00:15.310 +01:00  INF]  Executed action hrms_be_backend_api.Controllers.AuthController.Login (hrms-be-backend-api) in 2637.5639ms
[2023-10-06 10:00:15.324 +01:00  INF]  Executed endpoint 'hrms_be_backend_api.Controllers.AuthController.Login (hrms-be-backend-api)'
[2023-10-06 10:00:15.338 +01:00  INF]  Request finished HTTP/1.1 POST http://localhost:5008/api/Auth/Login application/json 89 - 200 - application/json;+charset=utf-8 2687.3123ms
[2023-10-06 10:01:05.967 +01:00  INF]  Request starting HTTP/1.1 GET http://localhost:5008/api/Auth/GetAllUsers - -
[2023-10-06 10:01:06.092 +01:00  INF]  Executing endpoint 'hrms_be_backend_api.Controllers.AuthController.GetAllUsers (hrms-be-backend-api)'
[2023-10-06 10:01:06.103 +01:00  INF]  Route matched with {action = "GetAllUsers", controller = "Auth"}. Executing controller action with signature System.Threading.Tasks.Task`1[Microsoft.AspNetCore.Mvc.IActionResult] GetAllUsers() on controller hrms_be_backend_api.Controllers.AuthController (hrms-be-backend-api).
[2023-10-06 10:01:06.168 +01:00  INF]  Executing OkObjectResult, writing value of type 'hrms_be_backend_data.ViewModel.BaseResponse'.
[2023-10-06 10:01:06.174 +01:00  INF]  Executed action hrms_be_backend_api.Controllers.AuthController.GetAllUsers (hrms-be-backend-api) in 64.5164ms
[2023-10-06 10:01:06.192 +01:00  INF]  Executed endpoint 'hrms_be_backend_api.Controllers.AuthController.GetAllUsers (hrms-be-backend-api)'
[2023-10-06 10:01:06.196 +01:00  INF]  Request finished HTTP/1.1 GET http://localhost:5008/api/Auth/GetAllUsers - - - 200 - application/json;+charset=utf-8 230.9636ms
[2023-10-06 10:02:03.815 +01:00  INF]  Request starting HTTP/1.1 GET http://localhost:5008/api/Auth/GetAllUsers - -
[2023-10-06 10:02:03.836 +01:00  INF]  Executing endpoint 'hrms_be_backend_api.Controllers.AuthController.GetAllUsers (hrms-be-backend-api)'
[2023-10-06 10:02:03.847 +01:00  INF]  Route matched with {action = "GetAllUsers", controller = "Auth"}. Executing controller action with signature System.Threading.Tasks.Task`1[Microsoft.AspNetCore.Mvc.IActionResult] GetAllUsers() on controller hrms_be_backend_api.Controllers.AuthController (hrms-be-backend-api).
[2023-10-06 10:02:03.911 +01:00  INF]  Executing OkObjectResult, writing value of type 'hrms_be_backend_data.ViewModel.BaseResponse'.
[2023-10-06 10:02:03.920 +01:00  INF]  Executed action hrms_be_backend_api.Controllers.AuthController.GetAllUsers (hrms-be-backend-api) in 66.2478ms
[2023-10-06 10:02:03.928 +01:00  INF]  Executed endpoint 'hrms_be_backend_api.Controllers.AuthController.GetAllUsers (hrms-be-backend-api)'
[2023-10-06 10:02:03.934 +01:00  INF]  Request finished HTTP/1.1 GET http://localhost:5008/api/Auth/GetAllUsers - - - 200 - application/json;+charset=utf-8 119.0383ms
[2023-10-06 10:02:20.886 +01:00  INF]  Request starting HTTP/1.1 GET http://localhost:5008/api/Auth/GetAllUsers - -
[2023-10-06 10:02:20.903 +01:00  INF]  Executing endpoint 'hrms_be_backend_api.Controllers.AuthController.GetAllUsers (hrms-be-backend-api)'
[2023-10-06 10:02:20.915 +01:00  INF]  Route matched with {action = "GetAllUsers", controller = "Auth"}. Executing controller action with signature System.Threading.Tasks.Task`1[Microsoft.AspNetCore.Mvc.IActionResult] GetAllUsers() on controller hrms_be_backend_api.Controllers.AuthController (hrms-be-backend-api).
[2023-10-06 10:13:35.219 +01:00  INF]  User profile is available. Using 'C:\Users\peter.omolayo\AppData\Local\ASP.NET\DataProtection-Keys' as key repository and Windows DPAPI to encrypt keys at rest.
[2023-10-06 10:13:36.513 +01:00  INF]  Now listening on: http://localhost:5008
[2023-10-06 10:13:36.525 +01:00  INF]  Application started. Press Ctrl+C to shut down.
[2023-10-06 10:13:36.530 +01:00  INF]  Hosting environment: Development
[2023-10-06 10:13:36.534 +01:00  INF]  Content root path: C:\Users\peter.omolayo\source\repos\hrms-be-backend\hrms-be-backend-api
[2023-10-06 10:13:38.674 +01:00  INF]  Request starting HTTP/1.1 GET http://localhost:5008/index.html - -
[2023-10-06 10:13:39.794 +01:00  INF]  Request starting HTTP/1.1 GET http://localhost:5008/_vs/browserLink - -
[2023-10-06 10:13:39.796 +01:00  INF]  Request starting HTTP/1.1 GET http://localhost:5008/_framework/aspnetcore-browser-refresh.js - -
[2023-10-06 10:13:39.809 +01:00  INF]  Request finished HTTP/1.1 GET http://localhost:5008/index.html - - - 200 - text/html;charset=utf-8 1139.7551ms
[2023-10-06 10:13:39.882 +01:00  INF]  Request finished HTTP/1.1 GET http://localhost:5008/_framework/aspnetcore-browser-refresh.js - - - 200 12370 application/javascript;+charset=utf-8 86.0347ms
[2023-10-06 10:13:39.905 +01:00  INF]  Request finished HTTP/1.1 GET http://localhost:5008/_vs/browserLink - - - 200 - text/javascript;+charset=UTF-8 111.6786ms
[2023-10-06 10:13:40.002 +01:00  INF]  Request starting HTTP/1.1 GET http://localhost:5008/swagger/v1/swagger.json - -
[2023-10-06 10:13:40.700 +01:00  INF]  Request finished HTTP/1.1 GET http://localhost:5008/swagger/v1/swagger.json - - - 200 - application/json;charset=utf-8 697.4099ms
[2023-10-06 10:14:10.652 +01:00  INF]  Request starting HTTP/1.1 POST http://localhost:5008/api/Auth/Login application/json 89
[2023-10-06 10:14:10.678 +01:00  INF]  CORS policy execution successful.
[2023-10-06 10:14:10.687 +01:00  WRN]  Failed to determine the https port for redirect.
[2023-10-06 10:14:11.341 +01:00  INF]  Executing endpoint 'hrms_be_backend_api.Controllers.AuthController.Login (hrms-be-backend-api)'
[2023-10-06 10:14:11.421 +01:00  INF]  Route matched with {action = "Login", controller = "Auth"}. Executing controller action with signature System.Threading.Tasks.Task`1[Microsoft.AspNetCore.Mvc.IActionResult] Login(hrms_be_backend_data.ViewModel.LoginModel) on controller hrms_be_backend_api.Controllers.AuthController (hrms-be-backend-api).
[2023-10-06 10:14:15.711 +01:00  INF]  Executing OkObjectResult, writing value of type 'hrms_be_backend_data.ViewModel.LoginResponse'.
[2023-10-06 10:14:15.785 +01:00  INF]  Executed action hrms_be_backend_api.Controllers.AuthController.Login (hrms-be-backend-api) in 4333.7192ms
[2023-10-06 10:14:15.808 +01:00  INF]  Executed endpoint 'hrms_be_backend_api.Controllers.AuthController.Login (hrms-be-backend-api)'
[2023-10-06 10:14:15.824 +01:00  INF]  Request finished HTTP/1.1 POST http://localhost:5008/api/Auth/Login application/json 89 - 200 - application/json;+charset=utf-8 5173.7091ms
[2023-10-06 10:14:26.531 +01:00  INF]  Request starting HTTP/1.1 POST http://localhost:5008/api/Auth/Logout application/json 60
[2023-10-06 10:14:26.563 +01:00  INF]  CORS policy execution successful.
[2023-10-06 10:14:26.585 +01:00  INF]  Executing endpoint 'hrms_be_backend_api.Controllers.AuthController.Logout (hrms-be-backend-api)'
[2023-10-06 10:14:26.613 +01:00  INF]  Route matched with {action = "Logout", controller = "Auth"}. Executing controller action with signature System.Threading.Tasks.Task`1[Microsoft.AspNetCore.Mvc.IActionResult] Logout(hrms_be_backend_data.RepoPayload.LogoutDto) on controller hrms_be_backend_api.Controllers.AuthController (hrms-be-backend-api).
[2023-10-06 10:14:26.821 +01:00  INF]  Executing OkObjectResult, writing value of type 'hrms_be_backend_data.ViewModel.BaseResponse'.
[2023-10-06 10:14:26.848 +01:00  INF]  Executed action hrms_be_backend_api.Controllers.AuthController.Logout (hrms-be-backend-api) in 226.4505ms
[2023-10-06 10:14:26.862 +01:00  INF]  Executed endpoint 'hrms_be_backend_api.Controllers.AuthController.Logout (hrms-be-backend-api)'
[2023-10-06 10:14:26.874 +01:00  INF]  Request finished HTTP/1.1 POST http://localhost:5008/api/Auth/Logout application/json 60 - 200 - application/json;+charset=utf-8 342.5601ms
[2023-10-06 10:14:33.027 +01:00  INF]  Request starting HTTP/1.1 POST http://localhost:5008/api/Auth/Login application/json 89
[2023-10-06 10:14:33.031 +01:00  INF]  CORS policy execution successful.
[2023-10-06 10:14:33.039 +01:00  INF]  Executing endpoint 'hrms_be_backend_api.Controllers.AuthController.Login (hrms-be-backend-api)'
[2023-10-06 10:14:33.044 +01:00  INF]  Route matched with {action = "Login", controller = "Auth"}. Executing controller action with signature System.Threading.Tasks.Task`1[Microsoft.AspNetCore.Mvc.IActionResult] Login(hrms_be_backend_data.ViewModel.LoginModel) on controller hrms_be_backend_api.Controllers.AuthController (hrms-be-backend-api).
[2023-10-06 10:14:35.936 +01:00  INF]  Executing OkObjectResult, writing value of type 'hrms_be_backend_data.ViewModel.LoginResponse'.
[2023-10-06 10:14:36.057 +01:00  INF]  Executed action hrms_be_backend_api.Controllers.AuthController.Login (hrms-be-backend-api) in 3005.5789ms
[2023-10-06 10:14:36.065 +01:00  INF]  Executed endpoint 'hrms_be_backend_api.Controllers.AuthController.Login (hrms-be-backend-api)'
[2023-10-06 10:14:36.070 +01:00  INF]  Request finished HTTP/1.1 POST http://localhost:5008/api/Auth/Login application/json 89 - 200 - application/json;+charset=utf-8 3042.2086ms
[2023-10-06 10:15:05.647 +01:00  INF]  Request starting HTTP/1.1 GET http://localhost:5008/api/Auth/GetAllUsers - -
[2023-10-06 10:15:05.986 +01:00  INF]  Executing endpoint 'hrms_be_backend_api.Controllers.AuthController.GetAllUsers (hrms-be-backend-api)'
[2023-10-06 10:15:06.007 +01:00  INF]  Route matched with {action = "GetAllUsers", controller = "Auth"}. Executing controller action with signature System.Threading.Tasks.Task`1[Microsoft.AspNetCore.Mvc.IActionResult] GetAllUsers() on controller hrms_be_backend_api.Controllers.AuthController (hrms-be-backend-api).
[2023-10-06 10:15:20.791 +01:00  INF]  Executing OkObjectResult, writing value of type 'hrms_be_backend_data.ViewModel.BaseResponse'.
[2023-10-06 10:15:20.806 +01:00  INF]  Executed action hrms_be_backend_api.Controllers.AuthController.GetAllUsers (hrms-be-backend-api) in 14780.9673ms
[2023-10-06 10:15:20.811 +01:00  INF]  Executed endpoint 'hrms_be_backend_api.Controllers.AuthController.GetAllUsers (hrms-be-backend-api)'
[2023-10-06 10:15:20.815 +01:00  INF]  Request finished HTTP/1.1 GET http://localhost:5008/api/Auth/GetAllUsers - - - 200 - application/json;+charset=utf-8 15166.7948ms
