[2024-04-22 09:20:05.020 +01:00  INF]  User profile is available. Using 'C:\Users\noble.nwabuike\AppData\Local\ASP.NET\DataProtection-Keys' as key repository and Windows DPAPI to encrypt keys at rest.
[2024-04-22 09:20:06.230 +01:00  INF]  Now listening on: http://localhost:5008
[2024-04-22 09:20:06.235 +01:00  INF]  Application started. Press Ctrl+C to shut down.
[2024-04-22 09:20:06.236 +01:00  INF]  Hosting environment: Development
[2024-04-22 09:20:06.237 +01:00  INF]  Content root path: C:\Users\noble.nwabuike\source\repos\hrms-be-backend\hrms-be-backend-api
[2024-04-22 09:20:13.060 +01:00  INF]  Request starting HTTP/1.1 GET http://localhost:5008/index.html - -
[2024-04-22 09:20:13.788 +01:00  INF]  Request finished HTTP/1.1 GET http://localhost:5008/index.html - - - 200 - text/html;charset=utf-8 732.9885ms
[2024-04-22 09:20:13.807 +01:00  INF]  Request starting HTTP/1.1 GET http://localhost:5008/_vs/browserLink - -
[2024-04-22 09:20:13.808 +01:00  INF]  Request starting HTTP/1.1 GET http://localhost:5008/_framework/aspnetcore-browser-refresh.js - -
[2024-04-22 09:20:13.821 +01:00  INF]  Request finished HTTP/1.1 GET http://localhost:5008/_framework/aspnetcore-browser-refresh.js - - - 200 12008 application/javascript;+charset=utf-8 13.1456ms
[2024-04-22 09:20:13.918 +01:00  INF]  Request finished HTTP/1.1 GET http://localhost:5008/_vs/browserLink - - - 200 - text/javascript;+charset=UTF-8 111.9411ms
[2024-04-22 09:20:14.217 +01:00  INF]  Request starting HTTP/1.1 GET http://localhost:5008/swagger/v1/swagger.json - -
[2024-04-22 09:20:14.775 +01:00  INF]  Request finished HTTP/1.1 GET http://localhost:5008/swagger/v1/swagger.json - - - 200 - application/json;charset=utf-8 558.1918ms
[2024-04-22 09:21:41.960 +01:00  INF]  Request starting HTTP/1.1 POST http://localhost:5008/api/Resignation/SubmitResignation application/json 291
[2024-04-22 09:21:41.981 +01:00  INF]  CORS policy execution successful.
[2024-04-22 09:21:41.985 +01:00  WRN]  Failed to determine the https port for redirect.
[2024-04-22 09:21:42.303 +01:00  INF]  Executing endpoint 'hrms_be_backend_api.ExitModuleController.Controller.ResignationController.SubmitResignation (hrms-be-backend-api)'
[2024-04-22 09:21:42.338 +01:00  INF]  Route matched with {action = "SubmitResignation", controller = "Resignation"}. Executing controller action with signature System.Threading.Tasks.Task`1[Microsoft.AspNetCore.Mvc.IActionResult] SubmitResignation(Com.XpressPayments.Common.ViewModels.ResignationRequestVM) on controller hrms_be_backend_api.ExitModuleController.Controller.ResignationController (hrms-be-backend-api).
[2024-04-22 09:21:42.843 +01:00  INF]  IncomingRequest TraceID --- 5c40cae9-da33-4175-840b-01a99c45c8a1 Body ---- {"EmployeeId":101,"Date":"2024-04-24T00:00:00","ResumptionDate":"2024-04-29T08:06:51.881Z","ReasonForResignation":"Okay","LastDayOfWork":"2024-04-30T08:08:08.96Z","fileName":"https://myxpresspay.com:8891/HRMS/101/73627a98-ae2b-4549-b884-3cf93f380cacScreenshot 2024-03-11 190740.png","CompanyID":103}
[2024-04-22 09:22:07.752 +01:00  ERR]  MethodName: CreateResignation(ResignationDTO resignation) => A network-related or instance-specific error occurred while establishing a connection to SQL Server. The server was not found or was not accessible. Verify that the instance name is correct and that SQL Server is configured to allow remote connections. (provider: TCP Provider, error: 0 - A connection attempt failed because the connected party did not properly respond after a period of time, or established connection failed because connected host has failed to respond.)
[2024-04-22 09:22:37.278 +01:00  ERR]  Error Submitting resignation
[2024-04-22 09:22:37.340 +01:00  INF]  Executing OkObjectResult, writing value of type 'hrms_be_backend_common.Communication.ExecutedResult`1[[System.String, System.Private.CoreLib, Version=7.0.0.0, Culture=neutral, PublicKeyToken=7cec85d7bea7798e]]'.
[2024-04-22 09:22:37.373 +01:00  INF]  Executed action hrms_be_backend_api.ExitModuleController.Controller.ResignationController.SubmitResignation (hrms-be-backend-api) in 55028.5672ms
[2024-04-22 09:22:37.386 +01:00  INF]  Executed endpoint 'hrms_be_backend_api.ExitModuleController.Controller.ResignationController.SubmitResignation (hrms-be-backend-api)'
[2024-04-22 09:22:37.393 +01:00  INF]  Request finished HTTP/1.1 POST http://localhost:5008/api/Resignation/SubmitResignation application/json 291 - 200 - application/json;+charset=utf-8 55444.9383ms
[2024-04-22 09:25:07.953 +01:00  INF]  User profile is available. Using 'C:\Users\noble.nwabuike\AppData\Local\ASP.NET\DataProtection-Keys' as key repository and Windows DPAPI to encrypt keys at rest.
[2024-04-22 09:25:08.262 +01:00  INF]  Now listening on: http://localhost:5008
[2024-04-22 09:25:08.267 +01:00  INF]  Application started. Press Ctrl+C to shut down.
[2024-04-22 09:25:08.269 +01:00  INF]  Hosting environment: Development
[2024-04-22 09:25:08.271 +01:00  INF]  Content root path: C:\Users\noble.nwabuike\source\repos\hrms-be-backend\hrms-be-backend-api
[2024-04-22 09:25:12.300 +01:00  INF]  Request starting HTTP/1.1 GET http://localhost:5008/index.html - -
[2024-04-22 09:25:13.339 +01:00  INF]  Request finished HTTP/1.1 GET http://localhost:5008/index.html - - - 200 - text/html;charset=utf-8 1040.5549ms
[2024-04-22 09:25:13.362 +01:00  INF]  Request starting HTTP/1.1 GET http://localhost:5008/_vs/browserLink - -
[2024-04-22 09:25:13.374 +01:00  INF]  Request starting HTTP/1.1 GET http://localhost:5008/_framework/aspnetcore-browser-refresh.js - -
[2024-04-22 09:25:13.386 +01:00  INF]  Request finished HTTP/1.1 GET http://localhost:5008/_framework/aspnetcore-browser-refresh.js - - - 200 12008 application/javascript;+charset=utf-8 12.1163ms
[2024-04-22 09:25:13.413 +01:00  INF]  Request finished HTTP/1.1 GET http://localhost:5008/_vs/browserLink - - - 200 - text/javascript;+charset=UTF-8 51.5250ms
[2024-04-22 09:25:13.564 +01:00  INF]  Request starting HTTP/1.1 GET http://localhost:5008/swagger/v1/swagger.json - -
[2024-04-22 09:25:14.320 +01:00  INF]  Request finished HTTP/1.1 GET http://localhost:5008/swagger/v1/swagger.json - - - 200 - application/json;charset=utf-8 756.6820ms
[2024-04-22 09:26:20.045 +01:00  INF]  Request starting HTTP/1.1 POST http://localhost:5008/api/Resignation/SubmitResignation application/json 320
[2024-04-22 09:26:20.082 +01:00  INF]  CORS policy execution successful.
[2024-04-22 09:26:20.087 +01:00  WRN]  Failed to determine the https port for redirect.
[2024-04-22 09:26:20.283 +01:00  INF]  Executing endpoint 'hrms_be_backend_api.ExitModuleController.Controller.ResignationController.SubmitResignation (hrms-be-backend-api)'
[2024-04-22 09:26:20.406 +01:00  INF]  Route matched with {action = "SubmitResignation", controller = "Resignation"}. Executing controller action with signature System.Threading.Tasks.Task`1[Microsoft.AspNetCore.Mvc.IActionResult] SubmitResignation(Com.XpressPayments.Common.ViewModels.ResignationRequestVM) on controller hrms_be_backend_api.ExitModuleController.Controller.ResignationController (hrms-be-backend-api).
[2024-04-22 09:26:20.830 +01:00  INF]  IncomingRequest TraceID --- ec665902-dfad-4a89-a392-82e709b3d591 Body ---- {"EmployeeId":101,"Date":"2024-04-24T00:00:00","ResumptionDate":"2024-04-29T08:06:51.881Z","ReasonForResignation":"Okay","LastDayOfWork":"2024-04-30T08:08:08.96Z","fileName":"https://myxpresspay.com:8891/HRMS/101/73627a98-ae2b-4549-b884-3cf93f380cacScreenshot 2024-03-11 190740.png","CompanyID":103}
[2024-04-22 09:29:55.071 +01:00  ERR]  MethodName: CreateResignation(ResignationDTO resignation) => A network-related or instance-specific error occurred while establishing a connection to SQL Server. The server was not found or was not accessible. Verify that the instance name is correct and that SQL Server is configured to allow remote connections. (provider: TCP Provider, error: 0 - A connection attempt failed because the connected party did not properly respond after a period of time, or established connection failed because connected host has failed to respond.)
[2024-04-22 09:29:55.174 +01:00  ERR]  Error Submitting resignation
[2024-04-22 09:29:55.192 +01:00  INF]  Executing OkObjectResult, writing value of type 'hrms_be_backend_common.Communication.ExecutedResult`1[[System.String, System.Private.CoreLib, Version=7.0.0.0, Culture=neutral, PublicKeyToken=7cec85d7bea7798e]]'.
[2024-04-22 09:29:55.209 +01:00  INF]  Executed action hrms_be_backend_api.ExitModuleController.Controller.ResignationController.SubmitResignation (hrms-be-backend-api) in 214788.7033ms
[2024-04-22 09:29:55.215 +01:00  INF]  Executed endpoint 'hrms_be_backend_api.ExitModuleController.Controller.ResignationController.SubmitResignation (hrms-be-backend-api)'
[2024-04-22 09:29:55.217 +01:00  INF]  Request finished HTTP/1.1 POST http://localhost:5008/api/Resignation/SubmitResignation application/json 320 - 200 - application/json;+charset=utf-8 215171.9405ms
[2024-04-22 09:30:32.022 +01:00  INF]  Request starting HTTP/1.1 POST http://localhost:5008/api/Resignation/SubmitResignation application/json 336
[2024-04-22 09:30:32.049 +01:00  INF]  CORS policy execution successful.
[2024-04-22 09:30:32.057 +01:00  INF]  Executing endpoint 'hrms_be_backend_api.ExitModuleController.Controller.ResignationController.SubmitResignation (hrms-be-backend-api)'
[2024-04-22 09:30:32.077 +01:00  INF]  Route matched with {action = "SubmitResignation", controller = "Resignation"}. Executing controller action with signature System.Threading.Tasks.Task`1[Microsoft.AspNetCore.Mvc.IActionResult] SubmitResignation(Com.XpressPayments.Common.ViewModels.ResignationRequestVM) on controller hrms_be_backend_api.ExitModuleController.Controller.ResignationController (hrms-be-backend-api).
[2024-04-22 09:30:32.094 +01:00  INF]  IncomingRequest TraceID --- f42f41df-2530-47e0-9cb8-144d05144347 Body ---- {"EmployeeId":101,"Date":"2024-04-22T08:30:06.626Z","ResumptionDate":"2022-04-22T08:30:06.626Z","ReasonForResignation":"string","LastDayOfWork":"2024-05-22T08:30:06.626Z","fileName":"https://myxpresspay.com:8891/HRMS/101/73627a98-ae2b-4549-b884-3cf93f380cacScreenshot 2024-03-11 190740.png","CompanyID":103}
[2024-04-22 09:31:25.130 +01:00  ERR]  MethodName: CreateResignation(ResignationDTO resignation) => A network-related or instance-specific error occurred while establishing a connection to SQL Server. The server was not found or was not accessible. Verify that the instance name is correct and that SQL Server is configured to allow remote connections. (provider: TCP Provider, error: 0 - A connection attempt failed because the connected party did not properly respond after a period of time, or established connection failed because connected host has failed to respond.)
[2024-04-22 09:31:25.269 +01:00  ERR]  Error Submitting resignation
[2024-04-22 09:31:25.273 +01:00  INF]  Executing OkObjectResult, writing value of type 'hrms_be_backend_common.Communication.ExecutedResult`1[[System.String, System.Private.CoreLib, Version=7.0.0.0, Culture=neutral, PublicKeyToken=7cec85d7bea7798e]]'.
[2024-04-22 09:31:25.279 +01:00  INF]  Executed action hrms_be_backend_api.ExitModuleController.Controller.ResignationController.SubmitResignation (hrms-be-backend-api) in 53195.2248ms
[2024-04-22 09:31:25.283 +01:00  INF]  Executed endpoint 'hrms_be_backend_api.ExitModuleController.Controller.ResignationController.SubmitResignation (hrms-be-backend-api)'
[2024-04-22 09:31:25.286 +01:00  INF]  Request finished HTTP/1.1 POST http://localhost:5008/api/Resignation/SubmitResignation application/json 336 - 200 - application/json;+charset=utf-8 53264.6392ms
[2024-04-22 09:32:14.711 +01:00  INF]  Request starting HTTP/1.1 POST http://localhost:5008/api/Resignation/SubmitResignation application/json 236
[2024-04-22 09:32:14.723 +01:00  INF]  CORS policy execution successful.
[2024-04-22 09:32:14.730 +01:00  INF]  Executing endpoint 'hrms_be_backend_api.ExitModuleController.Controller.ResignationController.SubmitResignation (hrms-be-backend-api)'
[2024-04-22 09:32:14.732 +01:00  INF]  Route matched with {action = "SubmitResignation", controller = "Resignation"}. Executing controller action with signature System.Threading.Tasks.Task`1[Microsoft.AspNetCore.Mvc.IActionResult] SubmitResignation(Com.XpressPayments.Common.ViewModels.ResignationRequestVM) on controller hrms_be_backend_api.ExitModuleController.Controller.ResignationController (hrms-be-backend-api).
[2024-04-22 09:32:14.757 +01:00  INF]  IncomingRequest TraceID --- ced47513-c46b-4bca-a331-95d23ec81219 Body ---- {"EmployeeId":101,"Date":"2024-04-22T08:31:48.386Z","ResumptionDate":"2023-04-22T08:31:48.386Z","ReasonForResignation":"string","LastDayOfWork":"2024-05-22T08:31:48.386Z","fileName":"string","CompanyID":103}
[2024-04-22 09:41:29.095 +01:00  INF]  User profile is available. Using 'C:\Users\noble.nwabuike\AppData\Local\ASP.NET\DataProtection-Keys' as key repository and Windows DPAPI to encrypt keys at rest.
[2024-04-22 09:41:29.879 +01:00  INF]  Now listening on: http://localhost:5008
[2024-04-22 09:41:29.886 +01:00  INF]  Application started. Press Ctrl+C to shut down.
[2024-04-22 09:41:29.888 +01:00  INF]  Hosting environment: Development
[2024-04-22 09:41:29.889 +01:00  INF]  Content root path: C:\Users\noble.nwabuike\source\repos\hrms-be-backend\hrms-be-backend-api
[2024-04-22 09:41:37.176 +01:00  INF]  Request starting HTTP/1.1 GET http://localhost:5008/index.html - -
[2024-04-22 09:41:38.078 +01:00  INF]  Request finished HTTP/1.1 GET http://localhost:5008/index.html - - - 200 - text/html;charset=utf-8 905.2253ms
[2024-04-22 09:41:38.119 +01:00  INF]  Request starting HTTP/1.1 GET http://localhost:5008/_vs/browserLink - -
[2024-04-22 09:41:38.119 +01:00  INF]  Request starting HTTP/1.1 GET http://localhost:5008/_framework/aspnetcore-browser-refresh.js - -
[2024-04-22 09:41:38.137 +01:00  INF]  Request finished HTTP/1.1 GET http://localhost:5008/_framework/aspnetcore-browser-refresh.js - - - 200 12008 application/javascript;+charset=utf-8 17.9285ms
[2024-04-22 09:41:38.252 +01:00  INF]  Request finished HTTP/1.1 GET http://localhost:5008/_vs/browserLink - - - 200 - text/javascript;+charset=UTF-8 132.7119ms
[2024-04-22 09:41:38.349 +01:00  INF]  Request starting HTTP/1.1 GET http://localhost:5008/swagger/v1/swagger.json - -
[2024-04-22 09:41:39.062 +01:00  INF]  Request finished HTTP/1.1 GET http://localhost:5008/swagger/v1/swagger.json - - - 200 - application/json;charset=utf-8 710.8271ms
[2024-04-22 09:42:41.165 +01:00  INF]  Request starting HTTP/1.1 POST http://localhost:5008/api/Resignation/SubmitResignation application/json 291
[2024-04-22 09:42:41.204 +01:00  INF]  CORS policy execution successful.
[2024-04-22 09:42:41.213 +01:00  WRN]  Failed to determine the https port for redirect.
[2024-04-22 09:42:41.652 +01:00  INF]  Executing endpoint 'hrms_be_backend_api.ExitModuleController.Controller.ResignationController.SubmitResignation (hrms-be-backend-api)'
[2024-04-22 09:42:41.704 +01:00  INF]  Route matched with {action = "SubmitResignation", controller = "Resignation"}. Executing controller action with signature System.Threading.Tasks.Task`1[Microsoft.AspNetCore.Mvc.IActionResult] SubmitResignation(Com.XpressPayments.Common.ViewModels.ResignationRequestVM) on controller hrms_be_backend_api.ExitModuleController.Controller.ResignationController (hrms-be-backend-api).
[2024-04-22 09:42:42.217 +01:00  INF]  IncomingRequest TraceID --- e8a83956-1d91-4e31-bbb3-ece49517bff8 Body ---- {"EmployeeId":101,"Date":"2024-04-24T00:00:00","ResumptionDate":"2024-04-29T08:06:51.881Z","ReasonForResignation":"Okay","LastDayOfWork":"2024-04-30T08:08:08.96Z","fileName":"https://myxpresspay.com:8891/HRMS/101/73627a98-ae2b-4549-b884-3cf93f380cacScreenshot 2024-03-11 190740.png","CompanyID":103}
[2024-04-22 09:44:00.894 +01:00  INF]  Executing OkObjectResult, writing value of type 'hrms_be_backend_common.Communication.ExecutedResult`1[[System.String, System.Private.CoreLib, Version=7.0.0.0, Culture=neutral, PublicKeyToken=7cec85d7bea7798e]]'.
[2024-04-22 09:44:00.925 +01:00  INF]  Executed action hrms_be_backend_api.ExitModuleController.Controller.ResignationController.SubmitResignation (hrms-be-backend-api) in 79206.3488ms
[2024-04-22 09:44:00.934 +01:00  INF]  Executed endpoint 'hrms_be_backend_api.ExitModuleController.Controller.ResignationController.SubmitResignation (hrms-be-backend-api)'
[2024-04-22 09:44:00.937 +01:00  INF]  Request finished HTTP/1.1 POST http://localhost:5008/api/Resignation/SubmitResignation application/json 291 - 200 - application/json;+charset=utf-8 79772.2308ms
[2024-04-22 09:44:19.054 +01:00  ERR]  System.Net.Mail.SmtpException: Error in processing. The server response was: 5.7.3 STARTTLS is required to send mail [MR2P264CA0081.FRAP264.PROD.OUTLOOK.COM 2024-04-22T08:44:13.618Z 08DC61E68752EC87]
   at System.Net.Mail.MailCommand.CheckResponse(SmtpStatusCode statusCode, String response)
   at System.Net.Mail.MailCommand.EndSend(IAsyncResult result)
   at System.Net.Mail.SendMailAsyncResult.SendMailFromCompleted(IAsyncResult result)
--- End of stack trace from previous location ---
   at System.Net.Mail.SendMailAsyncResult.End(IAsyncResult result)
   at System.Net.Mail.SmtpClient.SendMailCallback(IAsyncResult result)
--- End of stack trace from previous location ---
   at hrms_be_backend_business.AppCode.MailService.SendEmailAsync(MailRequest mailRequest, String attarchDocument) in C:\Users\noble.nwabuike\source\repos\hrms-be-backend\hrms-be-backend-business\Logic\MailService.cs:line 53
