[2023-09-29 10:45:17.280 +01:00  INF]  User profile is available. Using 'C:\Users\peter.omolayo\AppData\Local\ASP.NET\DataProtection-Keys' as key repository and Windows DPAPI to encrypt keys at rest.
[2023-09-29 10:45:17.727 +01:00  INF]  Now listening on: http://localhost:5008
[2023-09-29 10:45:17.734 +01:00  INF]  Application started. Press Ctrl+C to shut down.
[2023-09-29 10:45:17.739 +01:00  INF]  Hosting environment: Development
[2023-09-29 10:45:17.742 +01:00  INF]  Content root path: C:\Users\peter.omolayo\source\repos\hrms-be-backend\hrms-be-backend-api
[2023-09-29 10:45:19.343 +01:00  INF]  Request starting HTTP/1.1 GET http://localhost:5008/index.html - -
[2023-09-29 10:45:20.741 +01:00  INF]  Request finished HTTP/1.1 GET http://localhost:5008/index.html - - - 200 - text/html;charset=utf-8 1407.5506ms
[2023-09-29 10:45:21.528 +01:00  INF]  Request starting HTTP/1.1 GET http://localhost:5008/swagger-ui-bundle.js - -
[2023-09-29 10:45:21.528 +01:00  INF]  Request starting HTTP/1.1 GET http://localhost:5008/swagger-ui-standalone-preset.js - -
[2023-09-29 10:45:21.528 +01:00  INF]  Request starting HTTP/1.1 GET http://localhost:5008/_framework/aspnetcore-browser-refresh.js - -
[2023-09-29 10:45:21.528 +01:00  INF]  Request starting HTTP/1.1 GET http://localhost:5008/swagger-ui.css - -
[2023-09-29 10:45:21.529 +01:00  INF]  Request starting HTTP/1.1 GET http://localhost:5008/_vs/browserLink - -
[2023-09-29 10:45:21.541 +01:00  INF]  Request finished HTTP/1.1 GET http://localhost:5008/_framework/aspnetcore-browser-refresh.js - - - 200 12370 application/javascript;+charset=utf-8 11.8506ms
[2023-09-29 10:45:21.621 +01:00  INF]  Sending file. Request path: '/swagger-ui-standalone-preset.js'. Physical path: 'N/A'
[2023-09-29 10:45:21.622 +01:00  INF]  Sending file. Request path: '/swagger-ui.css'. Physical path: 'N/A'
[2023-09-29 10:45:21.644 +01:00  INF]  Request finished HTTP/1.1 GET http://localhost:5008/_vs/browserLink - - - 200 - text/javascript;+charset=UTF-8 115.7800ms
[2023-09-29 10:45:21.634 +01:00  INF]  Request finished HTTP/1.1 GET http://localhost:5008/swagger-ui-standalone-preset.js - - - 200 312163 text/javascript 106.4572ms
[2023-09-29 10:45:21.651 +01:00  INF]  Sending file. Request path: '/swagger-ui-bundle.js'. Physical path: 'N/A'
[2023-09-29 10:45:21.654 +01:00  INF]  Request finished HTTP/1.1 GET http://localhost:5008/swagger-ui.css - - - 200 144929 text/css 125.3430ms
[2023-09-29 10:45:21.663 +01:00  INF]  Request finished HTTP/1.1 GET http://localhost:5008/swagger-ui-bundle.js - - - 200 1061536 text/javascript 135.6900ms
[2023-09-29 10:45:21.961 +01:00  INF]  Request starting HTTP/1.1 GET http://localhost:5008/swagger/v1/swagger.json - -
[2023-09-29 10:45:22.346 +01:00  INF]  Request finished HTTP/1.1 GET http://localhost:5008/swagger/v1/swagger.json - - - 200 - application/json;charset=utf-8 385.2650ms
[2023-09-29 10:45:45.647 +01:00  INF]  Request starting HTTP/1.1 POST http://localhost:5008/api/Auth/Logout application/json 64
[2023-09-29 10:45:45.716 +01:00  INF]  CORS policy execution successful.
[2023-09-29 10:45:45.721 +01:00  WRN]  Failed to determine the https port for redirect.
[2023-09-29 10:45:45.984 +01:00  INF]  Executing endpoint 'hrms_be_backend_api.Controllers.AuthController.Logout (hrms-be-backend-api)'
[2023-09-29 10:45:46.013 +01:00  INF]  Route matched with {action = "Logout", controller = "Auth"}. Executing controller action with signature System.Threading.Tasks.Task`1[Microsoft.AspNetCore.Mvc.IActionResult] Logout(hrms_be_backend_data.RepoPayload.LogoutDto) on controller hrms_be_backend_api.Controllers.AuthController (hrms-be-backend-api).
[2023-09-29 10:45:47.226 +01:00  INF]  Executing OkObjectResult, writing value of type 'hrms_be_backend_data.ViewModel.BaseResponse'.
[2023-09-29 10:45:47.239 +01:00  INF]  Executed action hrms_be_backend_api.Controllers.AuthController.Logout (hrms-be-backend-api) in 1216.3865ms
[2023-09-29 10:45:47.244 +01:00  INF]  Executed endpoint 'hrms_be_backend_api.Controllers.AuthController.Logout (hrms-be-backend-api)'
[2023-09-29 10:45:47.247 +01:00  INF]  Request finished HTTP/1.1 POST http://localhost:5008/api/Auth/Logout application/json 64 - 200 - application/json;+charset=utf-8 1600.1689ms
[2023-09-29 10:45:50.810 +01:00  INF]  Request starting HTTP/1.1 POST http://localhost:5008/api/Auth/Login application/json 102
[2023-09-29 10:45:50.822 +01:00  INF]  CORS policy execution successful.
[2023-09-29 10:45:50.827 +01:00  INF]  Executing endpoint 'hrms_be_backend_api.Controllers.AuthController.Login (hrms-be-backend-api)'
[2023-09-29 10:45:50.840 +01:00  INF]  Route matched with {action = "Login", controller = "Auth"}. Executing controller action with signature System.Threading.Tasks.Task`1[Microsoft.AspNetCore.Mvc.IActionResult] Login(hrms_be_backend_data.ViewModel.LoginModel) on controller hrms_be_backend_api.Controllers.AuthController (hrms-be-backend-api).
[2023-09-29 10:45:52.759 +01:00  INF]  Executing OkObjectResult, writing value of type 'hrms_be_backend_data.ViewModel.LoginResponse'.
[2023-09-29 10:45:52.831 +01:00  INF]  Executed action hrms_be_backend_api.Controllers.AuthController.Login (hrms-be-backend-api) in 1986.9636ms
[2023-09-29 10:45:52.836 +01:00  INF]  Executed endpoint 'hrms_be_backend_api.Controllers.AuthController.Login (hrms-be-backend-api)'
[2023-09-29 10:45:52.838 +01:00  INF]  Request finished HTTP/1.1 POST http://localhost:5008/api/Auth/Login application/json 102 - 200 - application/json;+charset=utf-8 2028.6610ms
[2023-09-29 10:46:28.399 +01:00  INF]  Request starting HTTP/1.1 GET http://localhost:5008/api/Tax/GetTaxDetails - -
[2023-09-29 10:46:28.466 +01:00  INF]  Executing endpoint 'hrms_be_backend_api.Controllers.TaxController.GetTaxDetails (hrms-be-backend-api)'
[2023-09-29 10:46:28.471 +01:00  INF]  Route matched with {action = "GetTaxDetails", controller = "Tax"}. Executing controller action with signature System.Threading.Tasks.Task`1[Microsoft.AspNetCore.Mvc.IActionResult] GetTaxDetails() on controller hrms_be_backend_api.Controllers.TaxController (hrms-be-backend-api).
[2023-09-29 10:46:29.233 +01:00  ERR]  TaxRepository -> GetTaxPayable => System.Data.DataException: Error parsing column 1 (PayableAmount=Balance Remaining - String)
 ---> System.FormatException: The input string 'Balance Remaining' was not in a correct format.
   at System.Number.ThrowOverflowOrFormatException(ParsingStatus status, ReadOnlySpan`1 value, TypeCode type)
   at System.Convert.ToDecimal(String value, IFormatProvider provider)
   at System.Convert.ChangeType(Object value, Type conversionType, IFormatProvider provider)
   at Deserializeee713c48-1c00-429b-a017-55b1c365d113(DbDataReader)
   --- End of inner exception stack trace ---
   at hrms_be_backend_data.Repository.DapperGenericRepository.GetAll[T](String sp, DynamicParameters parms, CommandType commandType) in C:\Users\peter.omolayo\source\repos\hrms-be-backend\hrms-be-backend-data\Repository\DapperGenericRepository.cs:line 106
   at hrms_be_backend_data.Repository.TaxRepository.GetTaxPayable(Int64 CompanyId) in C:\Users\peter.omolayo\source\repos\hrms-be-backend\hrms-be-backend-data\Repository\TaxRepository.cs:line 25
[2023-09-29 10:46:29.378 +01:00  INF]  Executing OkObjectResult, writing value of type 'hrms_be_backend_common.Communication.ExecutedResult`1[[hrms_be_backend_data.ViewModel.TaxView, hrms-be-backend-data, Version=1.0.0.0, Culture=neutral, PublicKeyToken=null]]'.
[2023-09-29 10:46:29.384 +01:00  INF]  Executed action hrms_be_backend_api.Controllers.TaxController.GetTaxDetails (hrms-be-backend-api) in 909.4393ms
[2023-09-29 10:46:29.386 +01:00  INF]  Executed endpoint 'hrms_be_backend_api.Controllers.TaxController.GetTaxDetails (hrms-be-backend-api)'
[2023-09-29 10:46:29.389 +01:00  INF]  Request finished HTTP/1.1 GET http://localhost:5008/api/Tax/GetTaxDetails - - - 200 - application/json;+charset=utf-8 990.4375ms
[2023-09-29 10:47:29.139 +01:00  INF]  Request starting HTTP/1.1 GET http://localhost:5008/api/Tax/GetTaxDetails - -
[2023-09-29 10:47:29.147 +01:00  INF]  Executing endpoint 'hrms_be_backend_api.Controllers.TaxController.GetTaxDetails (hrms-be-backend-api)'
[2023-09-29 10:47:29.150 +01:00  INF]  Route matched with {action = "GetTaxDetails", controller = "Tax"}. Executing controller action with signature System.Threading.Tasks.Task`1[Microsoft.AspNetCore.Mvc.IActionResult] GetTaxDetails() on controller hrms_be_backend_api.Controllers.TaxController (hrms-be-backend-api).
[2023-09-29 10:48:00.367 +01:00  ERR]  TaxRepository -> GetTaxPayable => System.Data.DataException: Error parsing column 1 (PayableAmount=Balance Remaining - String)
 ---> System.FormatException: The input string 'Balance Remaining' was not in a correct format.
   at System.Number.ThrowOverflowOrFormatException(ParsingStatus status, ReadOnlySpan`1 value, TypeCode type)
   at System.Convert.ToDecimal(String value, IFormatProvider provider)
   at System.Convert.ChangeType(Object value, Type conversionType, IFormatProvider provider)
   at Deserializeee713c48-1c00-429b-a017-55b1c365d113(DbDataReader)
   --- End of inner exception stack trace ---
   at hrms_be_backend_data.Repository.DapperGenericRepository.GetAll[T](String sp, DynamicParameters parms, CommandType commandType)
   at hrms_be_backend_data.Repository.TaxRepository.GetTaxPayable(Int64 CompanyId)
[2023-09-29 10:48:00.658 +01:00  INF]  Executing OkObjectResult, writing value of type 'hrms_be_backend_common.Communication.ExecutedResult`1[[hrms_be_backend_data.ViewModel.TaxView, hrms-be-backend-data, Version=1.0.0.0, Culture=neutral, PublicKeyToken=null]]'.
[2023-09-29 10:48:00.660 +01:00  INF]  Executed action hrms_be_backend_api.Controllers.TaxController.GetTaxDetails (hrms-be-backend-api) in 31507.9397ms
[2023-09-29 10:48:00.675 +01:00  INF]  Executed endpoint 'hrms_be_backend_api.Controllers.TaxController.GetTaxDetails (hrms-be-backend-api)'
[2023-09-29 10:48:00.677 +01:00  INF]  Request finished HTTP/1.1 GET http://localhost:5008/api/Tax/GetTaxDetails - - - 200 - application/json;+charset=utf-8 31538.4824ms
[2023-09-29 10:48:12.448 +01:00  INF]  Request starting HTTP/1.1 GET http://localhost:5008/api/Tax/GetTaxDetails - -
[2023-09-29 10:48:12.451 +01:00  INF]  Executing endpoint 'hrms_be_backend_api.Controllers.TaxController.GetTaxDetails (hrms-be-backend-api)'
[2023-09-29 10:48:12.459 +01:00  INF]  Route matched with {action = "GetTaxDetails", controller = "Tax"}. Executing controller action with signature System.Threading.Tasks.Task`1[Microsoft.AspNetCore.Mvc.IActionResult] GetTaxDetails() on controller hrms_be_backend_api.Controllers.TaxController (hrms-be-backend-api).
[2023-09-29 10:48:39.476 +01:00  ERR]  TaxRepository -> GetTaxPayable => System.Data.DataException: Error parsing column 1 (PayableAmount=300,000 - String)
 ---> System.TypeLoadException: Could not load type 'hrms_be_backend_data.Repository.PositionRepository' from assembly 'hrms-be-backend-data, Version=1.0.0.0, Culture=neutral, PublicKeyToken=null' due to value type mismatch.
   at hrms_be_backend_data.ViewModel.TaxPayableVm.set_PayableAmount
   at Deserializeee713c48-1c00-429b-a017-55b1c365d113(DbDataReader)
   --- End of inner exception stack trace ---
   at hrms_be_backend_data.Repository.DapperGenericRepository.GetAll[T](String sp, DynamicParameters parms, CommandType commandType)
   at hrms_be_backend_data.Repository.TaxRepository.GetTaxPayable(Int64 CompanyId)
[2023-09-29 10:48:39.694 +01:00  INF]  Executing OkObjectResult, writing value of type 'hrms_be_backend_common.Communication.ExecutedResult`1[[hrms_be_backend_data.ViewModel.TaxView, hrms-be-backend-data, Version=1.0.0.0, Culture=neutral, PublicKeyToken=null]]'.
[2023-09-29 10:48:39.700 +01:00  INF]  Executed action hrms_be_backend_api.Controllers.TaxController.GetTaxDetails (hrms-be-backend-api) in 27236.4318ms
[2023-09-29 10:48:39.712 +01:00  INF]  Executed endpoint 'hrms_be_backend_api.Controllers.TaxController.GetTaxDetails (hrms-be-backend-api)'
[2023-09-29 10:48:39.714 +01:00  INF]  Request finished HTTP/1.1 GET http://localhost:5008/api/Tax/GetTaxDetails - - - 200 - application/json;+charset=utf-8 27266.2642ms
[2023-09-29 10:49:06.808 +01:00  INF]  User profile is available. Using 'C:\Users\peter.omolayo\AppData\Local\ASP.NET\DataProtection-Keys' as key repository and Windows DPAPI to encrypt keys at rest.
[2023-09-29 10:49:07.076 +01:00  INF]  Now listening on: http://localhost:5008
[2023-09-29 10:49:07.082 +01:00  INF]  Application started. Press Ctrl+C to shut down.
[2023-09-29 10:49:07.084 +01:00  INF]  Hosting environment: Development
[2023-09-29 10:49:07.086 +01:00  INF]  Content root path: C:\Users\peter.omolayo\source\repos\hrms-be-backend\hrms-be-backend-api
[2023-09-29 10:49:07.907 +01:00  INF]  Request starting HTTP/1.1 GET http://localhost:5008/index.html - -
[2023-09-29 10:49:08.507 +01:00  INF]  Request starting HTTP/1.1 GET http://localhost:5008/_vs/browserLink - -
[2023-09-29 10:49:08.508 +01:00  INF]  Request starting HTTP/1.1 GET http://localhost:5008/_framework/aspnetcore-browser-refresh.js - -
[2023-09-29 10:49:08.528 +01:00  INF]  Request finished HTTP/1.1 GET http://localhost:5008/index.html - - - 200 - text/html;charset=utf-8 623.8281ms
[2023-09-29 10:49:08.542 +01:00  INF]  Request finished HTTP/1.1 GET http://localhost:5008/_framework/aspnetcore-browser-refresh.js - - - 200 12370 application/javascript;+charset=utf-8 33.7830ms
[2023-09-29 10:49:08.554 +01:00  INF]  Request finished HTTP/1.1 GET http://localhost:5008/_vs/browserLink - - - 200 - text/javascript;+charset=UTF-8 46.8540ms
[2023-09-29 10:49:08.863 +01:00  INF]  Request starting HTTP/1.1 GET http://localhost:5008/swagger/v1/swagger.json - -
[2023-09-29 10:49:09.152 +01:00  INF]  Request finished HTTP/1.1 GET http://localhost:5008/swagger/v1/swagger.json - - - 200 - application/json;charset=utf-8 288.9935ms
[2023-09-29 10:49:24.704 +01:00  INF]  Request starting HTTP/1.1 GET http://localhost:5008/api/Tax/GetTaxDetails - -
[2023-09-29 10:49:24.717 +01:00  WRN]  Failed to determine the https port for redirect.
[2023-09-29 10:49:25.028 +01:00  INF]  Executing endpoint 'hrms_be_backend_api.Controllers.TaxController.GetTaxDetails (hrms-be-backend-api)'
[2023-09-29 10:49:25.047 +01:00  INF]  Route matched with {action = "GetTaxDetails", controller = "Tax"}. Executing controller action with signature System.Threading.Tasks.Task`1[Microsoft.AspNetCore.Mvc.IActionResult] GetTaxDetails() on controller hrms_be_backend_api.Controllers.TaxController (hrms-be-backend-api).
[2023-09-29 10:51:06.094 +01:00  INF]  User profile is available. Using 'C:\Users\peter.omolayo\AppData\Local\ASP.NET\DataProtection-Keys' as key repository and Windows DPAPI to encrypt keys at rest.
[2023-09-29 10:51:06.428 +01:00  INF]  Now listening on: http://localhost:5008
[2023-09-29 10:51:06.432 +01:00  INF]  Application started. Press Ctrl+C to shut down.
[2023-09-29 10:51:06.434 +01:00  INF]  Hosting environment: Development
[2023-09-29 10:51:06.436 +01:00  INF]  Content root path: C:\Users\peter.omolayo\source\repos\hrms-be-backend\hrms-be-backend-api
[2023-09-29 10:51:07.299 +01:00  INF]  Request starting HTTP/1.1 GET http://localhost:5008/index.html - -
[2023-09-29 10:51:08.042 +01:00  INF]  Request starting HTTP/1.1 GET http://localhost:5008/_framework/aspnetcore-browser-refresh.js - -
[2023-09-29 10:51:08.045 +01:00  INF]  Request starting HTTP/1.1 GET http://localhost:5008/_vs/browserLink - -
[2023-09-29 10:51:08.073 +01:00  INF]  Request finished HTTP/1.1 GET http://localhost:5008/index.html - - - 200 - text/html;charset=utf-8 775.4516ms
[2023-09-29 10:51:08.073 +01:00  INF]  Request finished HTTP/1.1 GET http://localhost:5008/_framework/aspnetcore-browser-refresh.js - - - 200 12370 application/javascript;+charset=utf-8 30.0024ms
[2023-09-29 10:51:08.104 +01:00  INF]  Request finished HTTP/1.1 GET http://localhost:5008/_vs/browserLink - - - 200 - text/javascript;+charset=UTF-8 58.7922ms
[2023-09-29 10:51:08.206 +01:00  INF]  Request starting HTTP/1.1 GET http://localhost:5008/swagger/v1/swagger.json - -
[2023-09-29 10:51:08.579 +01:00  INF]  Request finished HTTP/1.1 GET http://localhost:5008/swagger/v1/swagger.json - - - 200 - application/json;charset=utf-8 373.6407ms
[2023-09-29 10:51:30.341 +01:00  INF]  Request starting HTTP/1.1 GET http://localhost:5008/api/Tax/GetTaxDetails - -
[2023-09-29 10:51:30.359 +01:00  WRN]  Failed to determine the https port for redirect.
[2023-09-29 10:51:30.668 +01:00  INF]  Executing endpoint 'hrms_be_backend_api.Controllers.TaxController.GetTaxDetails (hrms-be-backend-api)'
[2023-09-29 10:51:30.697 +01:00  INF]  Route matched with {action = "GetTaxDetails", controller = "Tax"}. Executing controller action with signature System.Threading.Tasks.Task`1[Microsoft.AspNetCore.Mvc.IActionResult] GetTaxDetails() on controller hrms_be_backend_api.Controllers.TaxController (hrms-be-backend-api).
[2023-09-29 10:51:34.061 +01:00  INF]  Executing OkObjectResult, writing value of type 'hrms_be_backend_common.Communication.ExecutedResult`1[[hrms_be_backend_data.ViewModel.TaxView, hrms-be-backend-data, Version=1.0.0.0, Culture=neutral, PublicKeyToken=null]]'.
[2023-09-29 10:51:34.074 +01:00  INF]  Executed action hrms_be_backend_api.Controllers.TaxController.GetTaxDetails (hrms-be-backend-api) in 3369.4314ms
[2023-09-29 10:51:34.079 +01:00  INF]  Executed endpoint 'hrms_be_backend_api.Controllers.TaxController.GetTaxDetails (hrms-be-backend-api)'
[2023-09-29 10:51:34.084 +01:00  INF]  Request finished HTTP/1.1 GET http://localhost:5008/api/Tax/GetTaxDetails - - - 200 - application/json;+charset=utf-8 3742.6116ms
[2023-09-29 10:52:35.234 +01:00  INF]  User profile is available. Using 'C:\Users\peter.omolayo\AppData\Local\ASP.NET\DataProtection-Keys' as key repository and Windows DPAPI to encrypt keys at rest.
[2023-09-29 10:52:35.501 +01:00  INF]  Now listening on: http://localhost:5008
[2023-09-29 10:52:35.506 +01:00  INF]  Application started. Press Ctrl+C to shut down.
[2023-09-29 10:52:35.508 +01:00  INF]  Hosting environment: Development
[2023-09-29 10:52:35.510 +01:00  INF]  Content root path: C:\Users\peter.omolayo\source\repos\hrms-be-backend\hrms-be-backend-api
[2023-09-29 10:52:36.414 +01:00  INF]  Request starting HTTP/1.1 GET http://localhost:5008/index.html - -
[2023-09-29 10:52:37.299 +01:00  INF]  Request starting HTTP/1.1 GET http://localhost:5008/_framework/aspnetcore-browser-refresh.js - -
[2023-09-29 10:52:37.299 +01:00  INF]  Request starting HTTP/1.1 GET http://localhost:5008/_vs/browserLink - -
[2023-09-29 10:52:37.302 +01:00  INF]  Request finished HTTP/1.1 GET http://localhost:5008/index.html - - - 200 - text/html;charset=utf-8 902.5582ms
[2023-09-29 10:52:37.320 +01:00  INF]  Request finished HTTP/1.1 GET http://localhost:5008/_framework/aspnetcore-browser-refresh.js - - - 200 12370 application/javascript;+charset=utf-8 21.6373ms
[2023-09-29 10:52:37.366 +01:00  INF]  Request finished HTTP/1.1 GET http://localhost:5008/_vs/browserLink - - - 200 - text/javascript;+charset=UTF-8 67.6607ms
[2023-09-29 10:52:37.482 +01:00  INF]  Request starting HTTP/1.1 GET http://localhost:5008/swagger/v1/swagger.json - -
[2023-09-29 10:52:37.950 +01:00  INF]  Request finished HTTP/1.1 GET http://localhost:5008/swagger/v1/swagger.json - - - 200 - application/json;charset=utf-8 468.1132ms
