[2023-09-26 12:09:18.128 +01:00  INF]  User profile is available. Using 'C:\Users\peter.omolayo\AppData\Local\ASP.NET\DataProtection-Keys' as key repository and Windows DPAPI to encrypt keys at rest.
[2023-09-26 12:09:18.221 +01:00  INF]  Creating key {98711889-ca11-4b96-bf36-7f54a6abc167} with creation date 2023-09-26 11:09:18Z, activation date 2023-09-26 11:09:18Z, and expiration date 2023-12-25 11:09:18Z.
[2023-09-26 12:09:18.279 +01:00  INF]  Writing data to file 'C:\Users\peter.omolayo\AppData\Local\ASP.NET\DataProtection-Keys\key-98711889-ca11-4b96-bf36-7f54a6abc167.xml'.
[2023-09-26 12:09:18.965 +01:00  INF]  Now listening on: https://localhost:7090
[2023-09-26 12:09:18.980 +01:00  INF]  Now listening on: http://localhost:5008
[2023-09-26 12:09:18.985 +01:00  INF]  Application started. Press Ctrl+C to shut down.
[2023-09-26 12:09:18.987 +01:00  INF]  Hosting environment: Development
[2023-09-26 12:09:18.989 +01:00  INF]  Content root path: C:\Users\peter.omolayo\source\repos\hrms-be-backend\hrms-be-backend-api
[2023-09-26 12:10:10.577 +01:00  INF]  User profile is available. Using 'C:\Users\peter.omolayo\AppData\Local\ASP.NET\DataProtection-Keys' as key repository and Windows DPAPI to encrypt keys at rest.
[2023-09-26 12:10:10.828 +01:00  INF]  Now listening on: http://localhost:5008
[2023-09-26 12:10:10.834 +01:00  INF]  Application started. Press Ctrl+C to shut down.
[2023-09-26 12:10:10.837 +01:00  INF]  Hosting environment: Development
[2023-09-26 12:10:10.839 +01:00  INF]  Content root path: C:\Users\peter.omolayo\source\repos\hrms-be-backend\hrms-be-backend-api
[2023-09-26 12:10:11.784 +01:00  INF]  Request starting HTTP/1.1 GET http://localhost:5008/swagger - -
[2023-09-26 12:10:12.064 +01:00  WRN]  Failed to determine the https port for redirect.
[2023-09-26 12:11:14.504 +01:00  INF]  User profile is available. Using 'C:\Users\peter.omolayo\AppData\Local\ASP.NET\DataProtection-Keys' as key repository and Windows DPAPI to encrypt keys at rest.
[2023-09-26 12:11:14.790 +01:00  INF]  Now listening on: http://localhost:5008
[2023-09-26 12:11:14.796 +01:00  INF]  Application started. Press Ctrl+C to shut down.
[2023-09-26 12:11:14.799 +01:00  INF]  Hosting environment: Development
[2023-09-26 12:11:14.800 +01:00  INF]  Content root path: C:\Users\peter.omolayo\source\repos\hrms-be-backend\hrms-be-backend-api
[2023-09-26 12:11:16.454 +01:00  INF]  Request starting HTTP/1.1 GET http://localhost:5008/swagger - -
[2023-09-26 12:11:16.833 +01:00  WRN]  Failed to determine the https port for redirect.
[2023-09-26 12:11:17.063 +01:00  INF]  Request finished HTTP/1.1 GET http://localhost:5008/swagger - - - 404 0 - 614.0491ms
[2023-09-26 12:11:58.459 +01:00  INF]  User profile is available. Using 'C:\Users\peter.omolayo\AppData\Local\ASP.NET\DataProtection-Keys' as key repository and Windows DPAPI to encrypt keys at rest.
[2023-09-26 12:11:58.840 +01:00  INF]  Now listening on: http://localhost:5008
[2023-09-26 12:11:58.846 +01:00  INF]  Application started. Press Ctrl+C to shut down.
[2023-09-26 12:11:58.850 +01:00  INF]  Hosting environment: Development
[2023-09-26 12:11:58.852 +01:00  INF]  Content root path: C:\Users\peter.omolayo\source\repos\hrms-be-backend\hrms-be-backend-api
[2023-09-26 12:12:00.118 +01:00  INF]  Request starting HTTP/1.1 GET http://localhost:5008/index.html - -
[2023-09-26 12:12:01.218 +01:00  INF]  Request starting HTTP/1.1 GET http://localhost:5008/swagger-ui.css - -
[2023-09-26 12:12:01.220 +01:00  INF]  Request starting HTTP/1.1 GET http://localhost:5008/swagger-ui-bundle.js - -
[2023-09-26 12:12:01.241 +01:00  INF]  Request starting HTTP/1.1 GET http://localhost:5008/swagger-ui-standalone-preset.js - -
[2023-09-26 12:12:01.256 +01:00  INF]  Request finished HTTP/1.1 GET http://localhost:5008/index.html - - - 200 - text/html;charset=utf-8 1148.8800ms
[2023-09-26 12:12:01.275 +01:00  INF]  Request starting HTTP/1.1 GET http://localhost:5008/_framework/aspnetcore-browser-refresh.js - -
[2023-09-26 12:12:01.289 +01:00  INF]  Request finished HTTP/1.1 GET http://localhost:5008/_framework/aspnetcore-browser-refresh.js - - - 200 12369 application/javascript;+charset=utf-8 13.8032ms
[2023-09-26 12:12:01.347 +01:00  INF]  Sending file. Request path: '/swagger-ui-standalone-preset.js'. Physical path: 'N/A'
[2023-09-26 12:12:01.347 +01:00  INF]  Sending file. Request path: '/swagger-ui.css'. Physical path: 'N/A'
[2023-09-26 12:12:01.347 +01:00  INF]  Sending file. Request path: '/swagger-ui-bundle.js'. Physical path: 'N/A'
[2023-09-26 12:12:01.352 +01:00  INF]  Request finished HTTP/1.1 GET http://localhost:5008/swagger-ui-standalone-preset.js - - - 200 312163 text/javascript 110.9428ms
[2023-09-26 12:12:01.356 +01:00  INF]  Request finished HTTP/1.1 GET http://localhost:5008/swagger-ui.css - - - 200 144929 text/css 138.0475ms
[2023-09-26 12:12:01.361 +01:00  INF]  Request finished HTTP/1.1 GET http://localhost:5008/swagger-ui-bundle.js - - - 200 1061536 text/javascript 141.0876ms
[2023-09-26 12:12:01.374 +01:00  INF]  Request starting HTTP/1.1 GET http://localhost:5008/_vs/browserLink - -
[2023-09-26 12:12:01.440 +01:00  INF]  Request finished HTTP/1.1 GET http://localhost:5008/_vs/browserLink - - - 200 - text/javascript;+charset=UTF-8 65.6125ms
[2023-09-26 12:12:01.672 +01:00  INF]  Request starting HTTP/1.1 GET http://localhost:5008/swagger/v1/swagger.json - -
[2023-09-26 12:12:01.718 +01:00  INF]  Request starting HTTP/1.1 GET http://localhost:5008/favicon-32x32.png - -
[2023-09-26 12:12:01.722 +01:00  INF]  Sending file. Request path: '/favicon-32x32.png'. Physical path: 'N/A'
[2023-09-26 12:12:01.735 +01:00  INF]  Request finished HTTP/1.1 GET http://localhost:5008/favicon-32x32.png - - - 200 628 image/png 17.1199ms
[2023-09-26 12:12:02.053 +01:00  INF]  Request finished HTTP/1.1 GET http://localhost:5008/swagger/v1/swagger.json - - - 200 - application/json;charset=utf-8 381.2520ms
[2023-09-26 12:12:26.868 +01:00  INF]  Request starting HTTP/1.1 POST http://localhost:5008/api/Auth/Login application/json 102
[2023-09-26 12:12:26.933 +01:00  INF]  CORS policy execution successful.
[2023-09-26 12:12:26.941 +01:00  WRN]  Failed to determine the https port for redirect.
[2023-09-26 12:12:27.107 +01:00  INF]  Executing endpoint 'hrms_be_backend_api.Controllers.AuthController.Login (hrms-be-backend-api)'
[2023-09-26 12:12:27.146 +01:00  INF]  Route matched with {action = "Login", controller = "Auth"}. Executing controller action with signature System.Threading.Tasks.Task`1[Microsoft.AspNetCore.Mvc.IActionResult] Login(hrms_be_backend_data.ViewModel.LoginModel) on controller hrms_be_backend_api.Controllers.AuthController (hrms-be-backend-api).
[2023-09-26 12:12:28.994 +01:00  ERR]  AccountRepository -> AuthenticateUser => System.Data.SqlClient.SqlException (0x80131904): Could not find stored procedure 'sp_authenticate_user'.
   at hrms_be_backend_data.Repository.DapperGenericRepository.Get[T](String sp, DynamicParameters parms, CommandType commandType) in C:\Users\peter.omolayo\source\repos\hrms-be-backend\hrms-be-backend-data\Repository\DapperGenericRepository.cs:line 79
   at hrms_be_backend_data.Repository.AccountRepository.AuthenticateUser(String EmailAddress, Int32 MaximumLoginAttempt, DateTime DateCreated) in C:\Users\peter.omolayo\source\repos\hrms-be-backend\hrms-be-backend-data\Repository\AccountRepository.cs:line 330
ClientConnectionId:18d240b7-ec1e-4808-a544-cd372ddd254c
Error Number:2812,State:62,Class:16
[2023-09-26 12:12:29.009 +01:00  INF]  Executing OkObjectResult, writing value of type 'hrms_be_backend_data.ViewModel.LoginResponse'.
[2023-09-26 12:12:29.029 +01:00  INF]  Executed action hrms_be_backend_api.Controllers.AuthController.Login (hrms-be-backend-api) in 1870.0925ms
[2023-09-26 12:12:29.040 +01:00  INF]  Executed endpoint 'hrms_be_backend_api.Controllers.AuthController.Login (hrms-be-backend-api)'
[2023-09-26 12:12:29.045 +01:00  INF]  Request finished HTTP/1.1 POST http://localhost:5008/api/Auth/Login application/json 102 - 200 - application/json;+charset=utf-8 2177.2457ms
[2023-09-26 12:13:17.454 +01:00  INF]  Request starting HTTP/1.1 POST http://localhost:5008/api/Auth/Login application/json 102
[2023-09-26 12:13:17.559 +01:00  INF]  CORS policy execution successful.
[2023-09-26 12:13:17.584 +01:00  INF]  Executing endpoint 'hrms_be_backend_api.Controllers.AuthController.Login (hrms-be-backend-api)'
[2023-09-26 12:13:17.596 +01:00  INF]  Route matched with {action = "Login", controller = "Auth"}. Executing controller action with signature System.Threading.Tasks.Task`1[Microsoft.AspNetCore.Mvc.IActionResult] Login(hrms_be_backend_data.ViewModel.LoginModel) on controller hrms_be_backend_api.Controllers.AuthController (hrms-be-backend-api).
[2023-09-26 12:14:00.809 +01:00  INF]  User profile is available. Using 'C:\Users\peter.omolayo\AppData\Local\ASP.NET\DataProtection-Keys' as key repository and Windows DPAPI to encrypt keys at rest.
[2023-09-26 12:14:01.694 +01:00  INF]  Now listening on: http://localhost:5008
[2023-09-26 12:14:01.721 +01:00  INF]  Application started. Press Ctrl+C to shut down.
[2023-09-26 12:14:01.724 +01:00  INF]  Hosting environment: Development
[2023-09-26 12:14:01.727 +01:00  INF]  Content root path: C:\Users\peter.omolayo\source\repos\hrms-be-backend\hrms-be-backend-api
[2023-09-26 12:14:02.956 +01:00  INF]  Request starting HTTP/1.1 GET http://localhost:5008/index.html - -
[2023-09-26 12:14:03.548 +01:00  INF]  Request starting HTTP/1.1 GET http://localhost:5008/_framework/aspnetcore-browser-refresh.js - -
[2023-09-26 12:14:03.553 +01:00  INF]  Request finished HTTP/1.1 GET http://localhost:5008/index.html - - - 200 - text/html;charset=utf-8 607.0765ms
[2023-09-26 12:14:03.555 +01:00  INF]  Request finished HTTP/1.1 GET http://localhost:5008/_framework/aspnetcore-browser-refresh.js - - - 200 12369 application/javascript;+charset=utf-8 7.4915ms
[2023-09-26 12:14:03.579 +01:00  INF]  Request starting HTTP/1.1 GET http://localhost:5008/_vs/browserLink - -
[2023-09-26 12:14:03.611 +01:00  INF]  Request finished HTTP/1.1 GET http://localhost:5008/_vs/browserLink - - - 200 - text/javascript;+charset=UTF-8 31.3569ms
[2023-09-26 12:14:03.902 +01:00  INF]  Request starting HTTP/1.1 GET http://localhost:5008/swagger/v1/swagger.json - -
[2023-09-26 12:14:04.236 +01:00  INF]  Request finished HTTP/1.1 GET http://localhost:5008/swagger/v1/swagger.json - - - 200 - application/json;charset=utf-8 334.8834ms
[2023-09-26 12:14:26.798 +01:00  INF]  Request starting HTTP/1.1 POST http://localhost:5008/api/Auth/Login application/json 102
[2023-09-26 12:14:26.826 +01:00  INF]  CORS policy execution successful.
[2023-09-26 12:14:26.832 +01:00  WRN]  Failed to determine the https port for redirect.
[2023-09-26 12:14:26.957 +01:00  INF]  Executing endpoint 'hrms_be_backend_api.Controllers.AuthController.Login (hrms-be-backend-api)'
[2023-09-26 12:14:26.985 +01:00  INF]  Route matched with {action = "Login", controller = "Auth"}. Executing controller action with signature System.Threading.Tasks.Task`1[Microsoft.AspNetCore.Mvc.IActionResult] Login(hrms_be_backend_data.ViewModel.LoginModel) on controller hrms_be_backend_api.Controllers.AuthController (hrms-be-backend-api).
[2023-09-26 12:14:36.774 +01:00  INF]  Executing OkObjectResult, writing value of type 'hrms_be_backend_data.ViewModel.LoginResponse'.
[2023-09-26 12:14:36.786 +01:00  INF]  Executed action hrms_be_backend_api.Controllers.AuthController.Login (hrms-be-backend-api) in 9791.1773ms
[2023-09-26 12:14:36.791 +01:00  INF]  Executed endpoint 'hrms_be_backend_api.Controllers.AuthController.Login (hrms-be-backend-api)'
[2023-09-26 12:14:36.795 +01:00  INF]  Request finished HTTP/1.1 POST http://localhost:5008/api/Auth/Login application/json 102 - 200 - application/json;+charset=utf-8 9997.4529ms
[2023-09-26 12:15:05.131 +01:00  INF]  User profile is available. Using 'C:\Users\peter.omolayo\AppData\Local\ASP.NET\DataProtection-Keys' as key repository and Windows DPAPI to encrypt keys at rest.
[2023-09-26 12:15:05.426 +01:00  INF]  Now listening on: http://localhost:5008
[2023-09-26 12:15:05.430 +01:00  INF]  Application started. Press Ctrl+C to shut down.
[2023-09-26 12:15:05.432 +01:00  INF]  Hosting environment: Development
[2023-09-26 12:15:05.434 +01:00  INF]  Content root path: C:\Users\peter.omolayo\source\repos\hrms-be-backend\hrms-be-backend-api
[2023-09-26 12:15:06.359 +01:00  INF]  Request starting HTTP/1.1 GET http://localhost:5008/index.html - -
[2023-09-26 12:15:06.923 +01:00  INF]  Request starting HTTP/1.1 GET http://localhost:5008/_framework/aspnetcore-browser-refresh.js - -
[2023-09-26 12:15:06.936 +01:00  INF]  Request starting HTTP/1.1 GET http://localhost:5008/_vs/browserLink - -
[2023-09-26 12:15:06.937 +01:00  INF]  Request finished HTTP/1.1 GET http://localhost:5008/index.html - - - 200 - text/html;charset=utf-8 583.5030ms
[2023-09-26 12:15:06.952 +01:00  INF]  Request finished HTTP/1.1 GET http://localhost:5008/_framework/aspnetcore-browser-refresh.js - - - 200 12369 application/javascript;+charset=utf-8 28.6952ms
[2023-09-26 12:15:06.993 +01:00  INF]  Request finished HTTP/1.1 GET http://localhost:5008/_vs/browserLink - - - 200 - text/javascript;+charset=UTF-8 56.8974ms
[2023-09-26 12:15:07.082 +01:00  INF]  Request starting HTTP/1.1 GET http://localhost:5008/swagger/v1/swagger.json - -
[2023-09-26 12:15:07.406 +01:00  INF]  Request finished HTTP/1.1 GET http://localhost:5008/swagger/v1/swagger.json - - - 200 - application/json;charset=utf-8 324.6355ms
[2023-09-26 12:15:58.170 +01:00  INF]  Request starting HTTP/1.1 POST http://localhost:5008/api/Auth/Login application/json 102
[2023-09-26 12:15:58.185 +01:00  INF]  CORS policy execution successful.
[2023-09-26 12:15:58.191 +01:00  WRN]  Failed to determine the https port for redirect.
[2023-09-26 12:15:58.291 +01:00  INF]  Executing endpoint 'hrms_be_backend_api.Controllers.AuthController.Login (hrms-be-backend-api)'
[2023-09-26 12:15:58.317 +01:00  INF]  Route matched with {action = "Login", controller = "Auth"}. Executing controller action with signature System.Threading.Tasks.Task`1[Microsoft.AspNetCore.Mvc.IActionResult] Login(hrms_be_backend_data.ViewModel.LoginModel) on controller hrms_be_backend_api.Controllers.AuthController (hrms-be-backend-api).
[2023-09-26 12:16:09.491 +01:00  INF]  Executing OkObjectResult, writing value of type 'hrms_be_backend_data.ViewModel.LoginResponse'.
[2023-09-26 12:16:09.576 +01:00  INF]  Executed action hrms_be_backend_api.Controllers.AuthController.Login (hrms-be-backend-api) in 11249.577ms
[2023-09-26 12:16:09.584 +01:00  INF]  Executed endpoint 'hrms_be_backend_api.Controllers.AuthController.Login (hrms-be-backend-api)'
[2023-09-26 12:16:09.589 +01:00  INF]  Request finished HTTP/1.1 POST http://localhost:5008/api/Auth/Login application/json 102 - 200 - application/json;+charset=utf-8 11420.1495ms
[2023-09-26 12:17:32.747 +01:00  INF]  Request starting HTTP/1.1 POST http://localhost:5008/api/Earnings/CreateEarningItem application/json 33
[2023-09-26 12:17:32.766 +01:00  INF]  CORS policy execution successful.
[2023-09-26 12:17:32.849 +01:00  INF]  Executing endpoint 'hrms_be_backend_api.Controllers.EarningsController.CreateEarningItem (hrms-be-backend-api)'
[2023-09-26 12:17:32.858 +01:00  INF]  Route matched with {action = "CreateEarningItem", controller = "Earnings"}. Executing controller action with signature System.Threading.Tasks.Task`1[Microsoft.AspNetCore.Mvc.IActionResult] CreateEarningItem(hrms_be_backend_common.DTO.EarningsItemCreateDto) on controller hrms_be_backend_api.Controllers.EarningsController (hrms-be-backend-api).
[2023-09-26 12:18:11.396 +01:00  ERR]  EarningsService (CreateEarningItem)=====>System.NullReferenceException: Object reference not set to an instance of an object.
   at hrms_be_backend_business.Logic.EarningsService.CreateEarningItem(EarningsItemCreateDto payload, String AccessKey, IEnumerable`1 claim, String RemoteIpAddress, String RemotePort) in C:\Users\peter.omolayo\source\repos\hrms-be-backend\hrms-be-backend-business\Logic\EarningsService.cs:line 344
[2023-09-26 12:18:11.399 +01:00  INF]  Executing OkObjectResult, writing value of type 'hrms_be_backend_common.Communication.ExecutedResult`1[[System.String, System.Private.CoreLib, Version=7.0.0.0, Culture=neutral, PublicKeyToken=7cec85d7bea7798e]]'.
[2023-09-26 12:18:11.405 +01:00  INF]  Executed action hrms_be_backend_api.Controllers.EarningsController.CreateEarningItem (hrms-be-backend-api) in 38542.766ms
[2023-09-26 12:18:11.412 +01:00  INF]  Executed endpoint 'hrms_be_backend_api.Controllers.EarningsController.CreateEarningItem (hrms-be-backend-api)'
[2023-09-26 12:18:11.419 +01:00  INF]  Request finished HTTP/1.1 POST http://localhost:5008/api/Earnings/CreateEarningItem application/json 33 - 200 - application/json;+charset=utf-8 38672.3630ms
[2023-09-26 12:18:15.993 +01:00  INF]  Request starting HTTP/1.1 POST http://localhost:5008/api/Earnings/CreateEarningItem application/json 33
[2023-09-26 12:18:16.007 +01:00  INF]  CORS policy execution successful.
[2023-09-26 12:18:16.014 +01:00  INF]  Executing endpoint 'hrms_be_backend_api.Controllers.EarningsController.CreateEarningItem (hrms-be-backend-api)'
[2023-09-26 12:18:16.018 +01:00  INF]  Route matched with {action = "CreateEarningItem", controller = "Earnings"}. Executing controller action with signature System.Threading.Tasks.Task`1[Microsoft.AspNetCore.Mvc.IActionResult] CreateEarningItem(hrms_be_backend_common.DTO.EarningsItemCreateDto) on controller hrms_be_backend_api.Controllers.EarningsController (hrms-be-backend-api).
[2023-09-26 12:22:23.012 +01:00  INF]  User profile is available. Using 'C:\Users\peter.omolayo\AppData\Local\ASP.NET\DataProtection-Keys' as key repository and Windows DPAPI to encrypt keys at rest.
[2023-09-26 12:22:23.266 +01:00  INF]  Now listening on: http://localhost:5008
[2023-09-26 12:22:23.270 +01:00  INF]  Application started. Press Ctrl+C to shut down.
[2023-09-26 12:22:23.271 +01:00  INF]  Hosting environment: Development
[2023-09-26 12:22:23.272 +01:00  INF]  Content root path: C:\Users\peter.omolayo\source\repos\hrms-be-backend\hrms-be-backend-api
[2023-09-26 12:22:24.611 +01:00  INF]  Request starting HTTP/1.1 GET http://localhost:5008/index.html - -
[2023-09-26 12:22:25.444 +01:00  INF]  Request starting HTTP/1.1 GET http://localhost:5008/_vs/browserLink - -
[2023-09-26 12:22:25.445 +01:00  INF]  Request starting HTTP/1.1 GET http://localhost:5008/_framework/aspnetcore-browser-refresh.js - -
[2023-09-26 12:22:25.454 +01:00  INF]  Request finished HTTP/1.1 GET http://localhost:5008/index.html - - - 200 - text/html;charset=utf-8 845.4451ms
[2023-09-26 12:22:25.485 +01:00  INF]  Request finished HTTP/1.1 GET http://localhost:5008/_framework/aspnetcore-browser-refresh.js - - - 200 12369 application/javascript;+charset=utf-8 38.3614ms
[2023-09-26 12:22:25.540 +01:00  INF]  Request finished HTTP/1.1 GET http://localhost:5008/_vs/browserLink - - - 200 - text/javascript;+charset=UTF-8 96.0782ms
[2023-09-26 12:22:25.649 +01:00  INF]  Request starting HTTP/1.1 GET http://localhost:5008/swagger/v1/swagger.json - -
[2023-09-26 12:22:26.112 +01:00  INF]  Request finished HTTP/1.1 GET http://localhost:5008/swagger/v1/swagger.json - - - 200 - application/json;charset=utf-8 463.0350ms
[2023-09-26 12:22:42.435 +01:00  INF]  Request starting HTTP/1.1 POST http://localhost:5008/api/Auth/Login application/json 102
[2023-09-26 12:22:42.449 +01:00  INF]  CORS policy execution successful.
[2023-09-26 12:22:42.456 +01:00  WRN]  Failed to determine the https port for redirect.
[2023-09-26 12:22:42.605 +01:00  INF]  Executing endpoint 'hrms_be_backend_api.Controllers.AuthController.Login (hrms-be-backend-api)'
[2023-09-26 12:22:42.639 +01:00  INF]  Route matched with {action = "Login", controller = "Auth"}. Executing controller action with signature System.Threading.Tasks.Task`1[Microsoft.AspNetCore.Mvc.IActionResult] Login(hrms_be_backend_data.ViewModel.LoginModel) on controller hrms_be_backend_api.Controllers.AuthController (hrms-be-backend-api).
[2023-09-26 12:22:43.804 +01:00  INF]  Executing OkObjectResult, writing value of type 'hrms_be_backend_data.ViewModel.LoginResponse'.
[2023-09-26 12:22:43.826 +01:00  INF]  Executed action hrms_be_backend_api.Controllers.AuthController.Login (hrms-be-backend-api) in 1175.0667ms
[2023-09-26 12:22:43.838 +01:00  INF]  Executed endpoint 'hrms_be_backend_api.Controllers.AuthController.Login (hrms-be-backend-api)'
[2023-09-26 12:22:43.843 +01:00  INF]  Request finished HTTP/1.1 POST http://localhost:5008/api/Auth/Login application/json 102 - 200 - application/json;+charset=utf-8 1408.1235ms
[2023-09-26 12:22:58.289 +01:00  INF]  Request starting HTTP/1.1 POST http://localhost:5008/api/Auth/Login application/json 102
[2023-09-26 12:22:58.300 +01:00  INF]  CORS policy execution successful.
[2023-09-26 12:22:58.305 +01:00  INF]  Executing endpoint 'hrms_be_backend_api.Controllers.AuthController.Login (hrms-be-backend-api)'
[2023-09-26 12:22:58.308 +01:00  INF]  Route matched with {action = "Login", controller = "Auth"}. Executing controller action with signature System.Threading.Tasks.Task`1[Microsoft.AspNetCore.Mvc.IActionResult] Login(hrms_be_backend_data.ViewModel.LoginModel) on controller hrms_be_backend_api.Controllers.AuthController (hrms-be-backend-api).
[2023-09-26 12:22:59.379 +01:00  INF]  Executing OkObjectResult, writing value of type 'hrms_be_backend_data.ViewModel.LoginResponse'.
[2023-09-26 12:22:59.435 +01:00  INF]  Executed action hrms_be_backend_api.Controllers.AuthController.Login (hrms-be-backend-api) in 1123.5105ms
[2023-09-26 12:22:59.438 +01:00  INF]  Executed endpoint 'hrms_be_backend_api.Controllers.AuthController.Login (hrms-be-backend-api)'
[2023-09-26 12:22:59.440 +01:00  INF]  Request finished HTTP/1.1 POST http://localhost:5008/api/Auth/Login application/json 102 - 200 - application/json;+charset=utf-8 1151.1431ms
[2023-09-26 12:23:57.016 +01:00  INF]  Request starting HTTP/1.1 POST http://localhost:5008/api/Earnings/CreateEarningItem application/json 33
[2023-09-26 12:23:57.025 +01:00  INF]  CORS policy execution successful.
[2023-09-26 12:23:57.042 +01:00  INF]  Bearer was not authenticated. Failure message: No SecurityTokenValidator available for token.
[2023-09-26 12:23:57.046 +01:00  INF]  Executing endpoint 'hrms_be_backend_api.Controllers.EarningsController.CreateEarningItem (hrms-be-backend-api)'
[2023-09-26 12:23:57.054 +01:00  INF]  Route matched with {action = "CreateEarningItem", controller = "Earnings"}. Executing controller action with signature System.Threading.Tasks.Task`1[Microsoft.AspNetCore.Mvc.IActionResult] CreateEarningItem(hrms_be_backend_common.DTO.EarningsItemCreateDto) on controller hrms_be_backend_api.Controllers.EarningsController (hrms-be-backend-api).
[2023-09-26 12:28:56.912 +01:00  INF]  User profile is available. Using 'C:\Users\peter.omolayo\AppData\Local\ASP.NET\DataProtection-Keys' as key repository and Windows DPAPI to encrypt keys at rest.
[2023-09-26 12:28:57.260 +01:00  INF]  Now listening on: http://localhost:5008
[2023-09-26 12:28:57.264 +01:00  INF]  Application started. Press Ctrl+C to shut down.
[2023-09-26 12:28:57.266 +01:00  INF]  Hosting environment: Development
[2023-09-26 12:28:57.267 +01:00  INF]  Content root path: C:\Users\peter.omolayo\source\repos\hrms-be-backend\hrms-be-backend-api
[2023-09-26 12:28:58.847 +01:00  INF]  Request starting HTTP/1.1 GET http://localhost:5008/index.html - -
[2023-09-26 12:28:59.458 +01:00  INF]  Request starting HTTP/1.1 GET http://localhost:5008/_framework/aspnetcore-browser-refresh.js - -
[2023-09-26 12:28:59.467 +01:00  INF]  Request finished HTTP/1.1 GET http://localhost:5008/index.html - - - 200 - text/html;charset=utf-8 625.4821ms
[2023-09-26 12:28:59.471 +01:00  INF]  Request finished HTTP/1.1 GET http://localhost:5008/_framework/aspnetcore-browser-refresh.js - - - 200 12369 application/javascript;+charset=utf-8 12.8845ms
[2023-09-26 12:28:59.480 +01:00  INF]  Request starting HTTP/1.1 GET http://localhost:5008/_vs/browserLink - -
[2023-09-26 12:28:59.519 +01:00  INF]  Request finished HTTP/1.1 GET http://localhost:5008/_vs/browserLink - - - 200 - text/javascript;+charset=UTF-8 38.9381ms
[2023-09-26 12:28:59.624 +01:00  INF]  Request starting HTTP/1.1 GET http://localhost:5008/swagger/v1/swagger.json - -
[2023-09-26 12:28:59.926 +01:00  INF]  Request finished HTTP/1.1 GET http://localhost:5008/swagger/v1/swagger.json - - - 200 - application/json;charset=utf-8 301.6531ms
[2023-09-26 12:29:21.924 +01:00  INF]  Request starting HTTP/1.1 POST http://localhost:5008/api/Auth/Login application/json 102
[2023-09-26 12:29:21.986 +01:00  INF]  CORS policy execution successful.
[2023-09-26 12:29:21.993 +01:00  WRN]  Failed to determine the https port for redirect.
[2023-09-26 12:29:22.121 +01:00  INF]  Executing endpoint 'hrms_be_backend_api.Controllers.AuthController.Login (hrms-be-backend-api)'
[2023-09-26 12:29:22.156 +01:00  INF]  Route matched with {action = "Login", controller = "Auth"}. Executing controller action with signature System.Threading.Tasks.Task`1[Microsoft.AspNetCore.Mvc.IActionResult] Login(hrms_be_backend_data.ViewModel.LoginModel) on controller hrms_be_backend_api.Controllers.AuthController (hrms-be-backend-api).
[2023-09-26 12:29:23.424 +01:00  INF]  Executing OkObjectResult, writing value of type 'hrms_be_backend_data.ViewModel.LoginResponse'.
[2023-09-26 12:29:23.437 +01:00  INF]  Executed action hrms_be_backend_api.Controllers.AuthController.Login (hrms-be-backend-api) in 1269.4839ms
[2023-09-26 12:29:23.443 +01:00  INF]  Executed endpoint 'hrms_be_backend_api.Controllers.AuthController.Login (hrms-be-backend-api)'
[2023-09-26 12:29:23.446 +01:00  INF]  Request finished HTTP/1.1 POST http://localhost:5008/api/Auth/Login application/json 102 - 200 - application/json;+charset=utf-8 1521.8899ms
[2023-09-26 12:29:32.581 +01:00  INF]  Request starting HTTP/1.1 POST http://localhost:5008/api/Auth/Login application/json 102
[2023-09-26 12:29:32.593 +01:00  INF]  CORS policy execution successful.
[2023-09-26 12:29:32.598 +01:00  INF]  Executing endpoint 'hrms_be_backend_api.Controllers.AuthController.Login (hrms-be-backend-api)'
[2023-09-26 12:29:32.606 +01:00  INF]  Route matched with {action = "Login", controller = "Auth"}. Executing controller action with signature System.Threading.Tasks.Task`1[Microsoft.AspNetCore.Mvc.IActionResult] Login(hrms_be_backend_data.ViewModel.LoginModel) on controller hrms_be_backend_api.Controllers.AuthController (hrms-be-backend-api).
[2023-09-26 12:29:33.740 +01:00  INF]  Executing OkObjectResult, writing value of type 'hrms_be_backend_data.ViewModel.LoginResponse'.
[2023-09-26 12:29:33.816 +01:00  INF]  Executed action hrms_be_backend_api.Controllers.AuthController.Login (hrms-be-backend-api) in 1206.3393ms
[2023-09-26 12:29:33.820 +01:00  INF]  Executed endpoint 'hrms_be_backend_api.Controllers.AuthController.Login (hrms-be-backend-api)'
[2023-09-26 12:29:33.823 +01:00  INF]  Request finished HTTP/1.1 POST http://localhost:5008/api/Auth/Login application/json 102 - 200 - application/json;+charset=utf-8 1242.2390ms
[2023-09-26 12:30:17.416 +01:00  INF]  Request starting HTTP/1.1 POST http://localhost:5008/api/Earnings/CreateEarningItem application/json 33
[2023-09-26 12:30:17.445 +01:00  INF]  CORS policy execution successful.
[2023-09-26 12:30:17.515 +01:00  INF]  Executing endpoint 'hrms_be_backend_api.Controllers.EarningsController.CreateEarningItem (hrms-be-backend-api)'
[2023-09-26 12:30:17.523 +01:00  INF]  Route matched with {action = "CreateEarningItem", controller = "Earnings"}. Executing controller action with signature System.Threading.Tasks.Task`1[Microsoft.AspNetCore.Mvc.IActionResult] CreateEarningItem(hrms_be_backend_common.DTO.EarningsItemCreateDto) on controller hrms_be_backend_api.Controllers.EarningsController (hrms-be-backend-api).
[2023-09-26 12:32:06.842 +01:00  INF]  User profile is available. Using 'C:\Users\peter.omolayo\AppData\Local\ASP.NET\DataProtection-Keys' as key repository and Windows DPAPI to encrypt keys at rest.
[2023-09-26 12:32:07.086 +01:00  INF]  Now listening on: http://localhost:5008
[2023-09-26 12:32:07.092 +01:00  INF]  Application started. Press Ctrl+C to shut down.
[2023-09-26 12:32:07.096 +01:00  INF]  Hosting environment: Development
[2023-09-26 12:32:07.099 +01:00  INF]  Content root path: C:\Users\peter.omolayo\source\repos\hrms-be-backend\hrms-be-backend-api
[2023-09-26 12:32:08.437 +01:00  INF]  Request starting HTTP/1.1 GET http://localhost:5008/index.html - -
[2023-09-26 12:32:09.288 +01:00  INF]  Request starting HTTP/1.1 GET http://localhost:5008/_framework/aspnetcore-browser-refresh.js - -
[2023-09-26 12:32:09.298 +01:00  INF]  Request finished HTTP/1.1 GET http://localhost:5008/index.html - - - 200 - text/html;charset=utf-8 866.6361ms
[2023-09-26 12:32:09.312 +01:00  INF]  Request finished HTTP/1.1 GET http://localhost:5008/_framework/aspnetcore-browser-refresh.js - - - 200 12369 application/javascript;+charset=utf-8 23.0289ms
[2023-09-26 12:32:09.309 +01:00  INF]  Request starting HTTP/1.1 GET http://localhost:5008/_vs/browserLink - -
[2023-09-26 12:32:09.350 +01:00  INF]  Request finished HTTP/1.1 GET http://localhost:5008/_vs/browserLink - - - 200 - text/javascript;+charset=UTF-8 41.4659ms
[2023-09-26 12:32:09.421 +01:00  INF]  Request starting HTTP/1.1 GET http://localhost:5008/swagger/v1/swagger.json - -
[2023-09-26 12:32:09.667 +01:00  INF]  Request finished HTTP/1.1 GET http://localhost:5008/swagger/v1/swagger.json - - - 200 - application/json;charset=utf-8 245.2834ms
[2023-09-26 12:32:25.341 +01:00  INF]  Request starting HTTP/1.1 POST http://localhost:5008/api/Auth/Login application/json 102
[2023-09-26 12:32:25.356 +01:00  INF]  CORS policy execution successful.
[2023-09-26 12:32:25.362 +01:00  WRN]  Failed to determine the https port for redirect.
[2023-09-26 12:32:25.502 +01:00  INF]  Executing endpoint 'hrms_be_backend_api.Controllers.AuthController.Login (hrms-be-backend-api)'
[2023-09-26 12:32:25.542 +01:00  INF]  Route matched with {action = "Login", controller = "Auth"}. Executing controller action with signature System.Threading.Tasks.Task`1[Microsoft.AspNetCore.Mvc.IActionResult] Login(hrms_be_backend_data.ViewModel.LoginModel) on controller hrms_be_backend_api.Controllers.AuthController (hrms-be-backend-api).
[2023-09-26 12:32:26.784 +01:00  INF]  Executing OkObjectResult, writing value of type 'hrms_be_backend_data.ViewModel.LoginResponse'.
[2023-09-26 12:32:26.799 +01:00  INF]  Executed action hrms_be_backend_api.Controllers.AuthController.Login (hrms-be-backend-api) in 1245.7052ms
[2023-09-26 12:32:26.805 +01:00  INF]  Executed endpoint 'hrms_be_backend_api.Controllers.AuthController.Login (hrms-be-backend-api)'
[2023-09-26 12:32:26.808 +01:00  INF]  Request finished HTTP/1.1 POST http://localhost:5008/api/Auth/Login application/json 102 - 200 - application/json;+charset=utf-8 1466.9812ms
[2023-09-26 12:32:34.606 +01:00  INF]  Request starting HTTP/1.1 POST http://localhost:5008/api/Auth/Login application/json 102
[2023-09-26 12:32:34.617 +01:00  INF]  CORS policy execution successful.
[2023-09-26 12:32:34.623 +01:00  INF]  Executing endpoint 'hrms_be_backend_api.Controllers.AuthController.Login (hrms-be-backend-api)'
[2023-09-26 12:32:34.626 +01:00  INF]  Route matched with {action = "Login", controller = "Auth"}. Executing controller action with signature System.Threading.Tasks.Task`1[Microsoft.AspNetCore.Mvc.IActionResult] Login(hrms_be_backend_data.ViewModel.LoginModel) on controller hrms_be_backend_api.Controllers.AuthController (hrms-be-backend-api).
[2023-09-26 12:32:35.780 +01:00  INF]  Executing OkObjectResult, writing value of type 'hrms_be_backend_data.ViewModel.LoginResponse'.
[2023-09-26 12:32:35.893 +01:00  INF]  Executed action hrms_be_backend_api.Controllers.AuthController.Login (hrms-be-backend-api) in 1263.669ms
[2023-09-26 12:32:35.897 +01:00  INF]  Executed endpoint 'hrms_be_backend_api.Controllers.AuthController.Login (hrms-be-backend-api)'
[2023-09-26 12:32:35.900 +01:00  INF]  Request finished HTTP/1.1 POST http://localhost:5008/api/Auth/Login application/json 102 - 200 - application/json;+charset=utf-8 1293.4378ms
[2023-09-26 12:33:15.242 +01:00  INF]  Request starting HTTP/1.1 POST http://localhost:5008/api/Earnings/CreateEarningItem application/json 33
[2023-09-26 12:33:15.253 +01:00  INF]  CORS policy execution successful.
[2023-09-26 12:33:15.320 +01:00  INF]  Executing endpoint 'hrms_be_backend_api.Controllers.EarningsController.CreateEarningItem (hrms-be-backend-api)'
[2023-09-26 12:33:15.330 +01:00  INF]  Route matched with {action = "CreateEarningItem", controller = "Earnings"}. Executing controller action with signature System.Threading.Tasks.Task`1[Microsoft.AspNetCore.Mvc.IActionResult] CreateEarningItem(hrms_be_backend_common.DTO.EarningsItemCreateDto) on controller hrms_be_backend_api.Controllers.EarningsController (hrms-be-backend-api).
[2023-09-26 12:35:58.040 +01:00  INF]  User profile is available. Using 'C:\Users\peter.omolayo\AppData\Local\ASP.NET\DataProtection-Keys' as key repository and Windows DPAPI to encrypt keys at rest.
[2023-09-26 12:35:58.273 +01:00  INF]  Now listening on: http://localhost:5008
[2023-09-26 12:35:58.287 +01:00  INF]  Application started. Press Ctrl+C to shut down.
[2023-09-26 12:35:58.289 +01:00  INF]  Hosting environment: Development
[2023-09-26 12:35:58.291 +01:00  INF]  Content root path: C:\Users\peter.omolayo\source\repos\hrms-be-backend\hrms-be-backend-api
[2023-09-26 12:35:59.154 +01:00  INF]  Request starting HTTP/1.1 GET http://localhost:5008/index.html - -
[2023-09-26 12:35:59.677 +01:00  INF]  Request starting HTTP/1.1 GET http://localhost:5008/_framework/aspnetcore-browser-refresh.js - -
[2023-09-26 12:35:59.690 +01:00  INF]  Request finished HTTP/1.1 GET http://localhost:5008/_framework/aspnetcore-browser-refresh.js - - - 200 12369 application/javascript;+charset=utf-8 10.2257ms
[2023-09-26 12:35:59.691 +01:00  INF]  Request finished HTTP/1.1 GET http://localhost:5008/index.html - - - 200 - text/html;charset=utf-8 543.8936ms
[2023-09-26 12:35:59.696 +01:00  INF]  Request starting HTTP/1.1 GET http://localhost:5008/_vs/browserLink - -
[2023-09-26 12:35:59.730 +01:00  INF]  Request finished HTTP/1.1 GET http://localhost:5008/_vs/browserLink - - - 200 - text/javascript;+charset=UTF-8 34.2421ms
[2023-09-26 12:35:59.823 +01:00  INF]  Request starting HTTP/1.1 GET http://localhost:5008/swagger/v1/swagger.json - -
[2023-09-26 12:36:00.141 +01:00  INF]  Request finished HTTP/1.1 GET http://localhost:5008/swagger/v1/swagger.json - - - 200 - application/json;charset=utf-8 317.9189ms
[2023-09-26 12:36:08.565 +01:00  INF]  Request starting HTTP/1.1 POST http://localhost:5008/api/Auth/Login application/json 102
[2023-09-26 12:36:08.580 +01:00  INF]  CORS policy execution successful.
[2023-09-26 12:36:08.585 +01:00  WRN]  Failed to determine the https port for redirect.
[2023-09-26 12:36:08.718 +01:00  INF]  Executing endpoint 'hrms_be_backend_api.Controllers.AuthController.Login (hrms-be-backend-api)'
[2023-09-26 12:36:08.752 +01:00  INF]  Route matched with {action = "Login", controller = "Auth"}. Executing controller action with signature System.Threading.Tasks.Task`1[Microsoft.AspNetCore.Mvc.IActionResult] Login(hrms_be_backend_data.ViewModel.LoginModel) on controller hrms_be_backend_api.Controllers.AuthController (hrms-be-backend-api).
[2023-09-26 12:36:10.011 +01:00  INF]  Executing OkObjectResult, writing value of type 'hrms_be_backend_data.ViewModel.LoginResponse'.
[2023-09-26 12:36:10.023 +01:00  INF]  Executed action hrms_be_backend_api.Controllers.AuthController.Login (hrms-be-backend-api) in 1261.7142ms
[2023-09-26 12:36:10.029 +01:00  INF]  Executed endpoint 'hrms_be_backend_api.Controllers.AuthController.Login (hrms-be-backend-api)'
[2023-09-26 12:36:10.032 +01:00  INF]  Request finished HTTP/1.1 POST http://localhost:5008/api/Auth/Login application/json 102 - 200 - application/json;+charset=utf-8 1466.2228ms
[2023-09-26 12:36:22.391 +01:00  INF]  Request starting HTTP/1.1 POST http://localhost:5008/api/Auth/Login application/json 102
[2023-09-26 12:36:22.407 +01:00  INF]  CORS policy execution successful.
[2023-09-26 12:36:22.412 +01:00  INF]  Executing endpoint 'hrms_be_backend_api.Controllers.AuthController.Login (hrms-be-backend-api)'
[2023-09-26 12:36:22.422 +01:00  INF]  Route matched with {action = "Login", controller = "Auth"}. Executing controller action with signature System.Threading.Tasks.Task`1[Microsoft.AspNetCore.Mvc.IActionResult] Login(hrms_be_backend_data.ViewModel.LoginModel) on controller hrms_be_backend_api.Controllers.AuthController (hrms-be-backend-api).
[2023-09-26 12:36:23.689 +01:00  INF]  Executing OkObjectResult, writing value of type 'hrms_be_backend_data.ViewModel.LoginResponse'.
[2023-09-26 12:36:23.759 +01:00  INF]  Executed action hrms_be_backend_api.Controllers.AuthController.Login (hrms-be-backend-api) in 1333.5106ms
[2023-09-26 12:36:23.763 +01:00  INF]  Executed endpoint 'hrms_be_backend_api.Controllers.AuthController.Login (hrms-be-backend-api)'
[2023-09-26 12:36:23.766 +01:00  INF]  Request finished HTTP/1.1 POST http://localhost:5008/api/Auth/Login application/json 102 - 200 - application/json;+charset=utf-8 1374.6068ms
[2023-09-26 12:36:55.286 +01:00  INF]  Request starting HTTP/1.1 POST http://localhost:5008/api/Earnings/CreateEarningItem application/json 33
[2023-09-26 12:36:55.301 +01:00  INF]  CORS policy execution successful.
[2023-09-26 12:36:55.377 +01:00  INF]  Executing endpoint 'hrms_be_backend_api.Controllers.EarningsController.CreateEarningItem (hrms-be-backend-api)'
[2023-09-26 12:36:55.385 +01:00  INF]  Route matched with {action = "CreateEarningItem", controller = "Earnings"}. Executing controller action with signature System.Threading.Tasks.Task`1[Microsoft.AspNetCore.Mvc.IActionResult] CreateEarningItem(hrms_be_backend_common.DTO.EarningsItemCreateDto) on controller hrms_be_backend_api.Controllers.EarningsController (hrms-be-backend-api).
[2023-09-26 12:39:59.046 +01:00  INF]  User profile is available. Using 'C:\Users\peter.omolayo\AppData\Local\ASP.NET\DataProtection-Keys' as key repository and Windows DPAPI to encrypt keys at rest.
[2023-09-26 12:39:59.284 +01:00  INF]  Now listening on: http://localhost:5008
[2023-09-26 12:39:59.289 +01:00  INF]  Application started. Press Ctrl+C to shut down.
[2023-09-26 12:39:59.292 +01:00  INF]  Hosting environment: Development
[2023-09-26 12:39:59.295 +01:00  INF]  Content root path: C:\Users\peter.omolayo\source\repos\hrms-be-backend\hrms-be-backend-api
[2023-09-26 12:40:00.363 +01:00  INF]  Request starting HTTP/1.1 GET http://localhost:5008/index.html - -
[2023-09-26 12:40:01.006 +01:00  INF]  Request starting HTTP/1.1 GET http://localhost:5008/_vs/browserLink - -
[2023-09-26 12:40:01.009 +01:00  INF]  Request starting HTTP/1.1 GET http://localhost:5008/_framework/aspnetcore-browser-refresh.js - -
[2023-09-26 12:40:01.024 +01:00  INF]  Request finished HTTP/1.1 GET http://localhost:5008/index.html - - - 200 - text/html;charset=utf-8 654.1821ms
[2023-09-26 12:40:01.034 +01:00  INF]  Request finished HTTP/1.1 GET http://localhost:5008/_framework/aspnetcore-browser-refresh.js - - - 200 12369 application/javascript;+charset=utf-8 25.5380ms
[2023-09-26 12:40:01.042 +01:00  INF]  Request finished HTTP/1.1 GET http://localhost:5008/_vs/browserLink - - - 200 - text/javascript;+charset=UTF-8 38.2670ms
[2023-09-26 12:40:01.123 +01:00  INF]  Request starting HTTP/1.1 GET http://localhost:5008/swagger/v1/swagger.json - -
[2023-09-26 12:40:01.417 +01:00  INF]  Request finished HTTP/1.1 GET http://localhost:5008/swagger/v1/swagger.json - - - 200 - application/json;charset=utf-8 293.7609ms
[2023-09-26 12:40:09.101 +01:00  INF]  Request starting HTTP/1.1 POST http://localhost:5008/api/Auth/Login application/json 102
[2023-09-26 12:40:09.112 +01:00  INF]  CORS policy execution successful.
[2023-09-26 12:40:09.120 +01:00  WRN]  Failed to determine the https port for redirect.
[2023-09-26 12:40:09.248 +01:00  INF]  Executing endpoint 'hrms_be_backend_api.Controllers.AuthController.Login (hrms-be-backend-api)'
[2023-09-26 12:40:09.282 +01:00  INF]  Route matched with {action = "Login", controller = "Auth"}. Executing controller action with signature System.Threading.Tasks.Task`1[Microsoft.AspNetCore.Mvc.IActionResult] Login(hrms_be_backend_data.ViewModel.LoginModel) on controller hrms_be_backend_api.Controllers.AuthController (hrms-be-backend-api).
[2023-09-26 12:40:10.334 +01:00  INF]  Executing OkObjectResult, writing value of type 'hrms_be_backend_data.ViewModel.LoginResponse'.
[2023-09-26 12:40:10.352 +01:00  INF]  Executed action hrms_be_backend_api.Controllers.AuthController.Login (hrms-be-backend-api) in 1060.5792ms
[2023-09-26 12:40:10.361 +01:00  INF]  Executed endpoint 'hrms_be_backend_api.Controllers.AuthController.Login (hrms-be-backend-api)'
[2023-09-26 12:40:10.365 +01:00  INF]  Request finished HTTP/1.1 POST http://localhost:5008/api/Auth/Login application/json 102 - 200 - application/json;+charset=utf-8 1264.5112ms
[2023-09-26 12:40:21.204 +01:00  INF]  Request starting HTTP/1.1 POST http://localhost:5008/api/Auth/Login application/json 102
[2023-09-26 12:40:21.217 +01:00  INF]  CORS policy execution successful.
[2023-09-26 12:40:21.221 +01:00  INF]  Executing endpoint 'hrms_be_backend_api.Controllers.AuthController.Login (hrms-be-backend-api)'
[2023-09-26 12:40:21.224 +01:00  INF]  Route matched with {action = "Login", controller = "Auth"}. Executing controller action with signature System.Threading.Tasks.Task`1[Microsoft.AspNetCore.Mvc.IActionResult] Login(hrms_be_backend_data.ViewModel.LoginModel) on controller hrms_be_backend_api.Controllers.AuthController (hrms-be-backend-api).
[2023-09-26 12:40:22.442 +01:00  INF]  Executing OkObjectResult, writing value of type 'hrms_be_backend_data.ViewModel.LoginResponse'.
[2023-09-26 12:40:22.503 +01:00  INF]  Executed action hrms_be_backend_api.Controllers.AuthController.Login (hrms-be-backend-api) in 1275.0542ms
[2023-09-26 12:40:22.507 +01:00  INF]  Executed endpoint 'hrms_be_backend_api.Controllers.AuthController.Login (hrms-be-backend-api)'
[2023-09-26 12:40:22.509 +01:00  INF]  Request finished HTTP/1.1 POST http://localhost:5008/api/Auth/Login application/json 102 - 200 - application/json;+charset=utf-8 1305.6536ms
[2023-09-26 12:40:53.018 +01:00  INF]  Request starting HTTP/1.1 POST http://localhost:5008/api/Earnings/CreateEarningItem application/json 33
[2023-09-26 12:40:53.042 +01:00  INF]  CORS policy execution successful.
[2023-09-26 12:40:53.110 +01:00  INF]  Executing endpoint 'hrms_be_backend_api.Controllers.EarningsController.CreateEarningItem (hrms-be-backend-api)'
[2023-09-26 12:40:53.119 +01:00  INF]  Route matched with {action = "CreateEarningItem", controller = "Earnings"}. Executing controller action with signature System.Threading.Tasks.Task`1[Microsoft.AspNetCore.Mvc.IActionResult] CreateEarningItem(hrms_be_backend_common.DTO.EarningsItemCreateDto) on controller hrms_be_backend_api.Controllers.EarningsController (hrms-be-backend-api).
[2023-09-26 12:43:21.542 +01:00  INF]  Executing OkObjectResult, writing value of type 'hrms_be_backend_common.Communication.ExecutedResult`1[[System.String, System.Private.CoreLib, Version=7.0.0.0, Culture=neutral, PublicKeyToken=7cec85d7bea7798e]]'.
[2023-09-26 12:43:21.555 +01:00  INF]  Executed action hrms_be_backend_api.Controllers.EarningsController.CreateEarningItem (hrms-be-backend-api) in 148425.3178ms
[2023-09-26 12:43:21.566 +01:00  INF]  Executed endpoint 'hrms_be_backend_api.Controllers.EarningsController.CreateEarningItem (hrms-be-backend-api)'
[2023-09-26 12:43:21.576 +01:00  INF]  Request finished HTTP/1.1 POST http://localhost:5008/api/Earnings/CreateEarningItem application/json 33 - 200 - application/json;+charset=utf-8 148552.7301ms
[2023-09-26 12:43:44.478 +01:00  INF]  Request starting HTTP/1.1 GET http://localhost:5008/api/Earnings/GetEarningsItem - -
[2023-09-26 12:43:44.496 +01:00  INF]  Executing endpoint 'hrms_be_backend_api.Controllers.EarningsController.GetEarningsItem (hrms-be-backend-api)'
[2023-09-26 12:43:44.504 +01:00  INF]  Route matched with {action = "GetEarningsItem", controller = "Earnings"}. Executing controller action with signature System.Threading.Tasks.Task`1[Microsoft.AspNetCore.Mvc.IActionResult] GetEarningsItem() on controller hrms_be_backend_api.Controllers.EarningsController (hrms-be-backend-api).
[2023-09-26 12:43:44.985 +01:00  INF]  Executing OkObjectResult, writing value of type 'hrms_be_backend_common.Communication.ExecutedResult`1[[System.Collections.Generic.IEnumerable`1[[hrms_be_backend_data.ViewModel.EarningsItemVm, hrms-be-backend-data, Version=1.0.0.0, Culture=neutral, PublicKeyToken=null]], System.Private.CoreLib, Version=7.0.0.0, Culture=neutral, PublicKeyToken=7cec85d7bea7798e]]'.
[2023-09-26 12:43:44.993 +01:00  INF]  Executed action hrms_be_backend_api.Controllers.EarningsController.GetEarningsItem (hrms-be-backend-api) in 483.317ms
[2023-09-26 12:43:44.997 +01:00  INF]  Executed endpoint 'hrms_be_backend_api.Controllers.EarningsController.GetEarningsItem (hrms-be-backend-api)'
[2023-09-26 12:43:44.999 +01:00  INF]  Request finished HTTP/1.1 GET http://localhost:5008/api/Earnings/GetEarningsItem - - - 200 - application/json;+charset=utf-8 520.8442ms
[2023-09-26 12:43:55.837 +01:00  INF]  Request starting HTTP/1.1 POST http://localhost:5008/api/Earnings/UpdateEarningItem application/json 56
[2023-09-26 12:43:55.839 +01:00  INF]  CORS policy execution successful.
[2023-09-26 12:43:55.842 +01:00  INF]  Executing endpoint 'hrms_be_backend_api.Controllers.EarningsController.UpdateEarningItem (hrms-be-backend-api)'
[2023-09-26 12:43:55.850 +01:00  INF]  Route matched with {action = "UpdateEarningItem", controller = "Earnings"}. Executing controller action with signature System.Threading.Tasks.Task`1[Microsoft.AspNetCore.Mvc.IActionResult] UpdateEarningItem(hrms_be_backend_common.DTO.EarningsItemUpdateDto) on controller hrms_be_backend_api.Controllers.EarningsController (hrms-be-backend-api).
[2023-09-26 12:43:56.241 +01:00  INF]  Executing OkObjectResult, writing value of type 'hrms_be_backend_common.Communication.ExecutedResult`1[[System.String, System.Private.CoreLib, Version=7.0.0.0, Culture=neutral, PublicKeyToken=7cec85d7bea7798e]]'.
[2023-09-26 12:43:56.249 +01:00  INF]  Executed action hrms_be_backend_api.Controllers.EarningsController.UpdateEarningItem (hrms-be-backend-api) in 393.9411ms
[2023-09-26 12:43:56.253 +01:00  INF]  Executed endpoint 'hrms_be_backend_api.Controllers.EarningsController.UpdateEarningItem (hrms-be-backend-api)'
[2023-09-26 12:43:56.256 +01:00  INF]  Request finished HTTP/1.1 POST http://localhost:5008/api/Earnings/UpdateEarningItem application/json 56 - 200 - application/json;+charset=utf-8 419.3426ms
[2023-09-26 12:44:39.688 +01:00  INF]  Request starting HTTP/1.1 POST http://localhost:5008/api/Earnings/CreateEarning application/json 93
[2023-09-26 12:44:39.696 +01:00  INF]  CORS policy execution successful.
[2023-09-26 12:44:39.698 +01:00  INF]  Executing endpoint 'hrms_be_backend_api.Controllers.EarningsController.CreateEarning (hrms-be-backend-api)'
[2023-09-26 12:44:39.704 +01:00  INF]  Route matched with {action = "CreateEarning", controller = "Earnings"}. Executing controller action with signature System.Threading.Tasks.Task`1[Microsoft.AspNetCore.Mvc.IActionResult] CreateEarning(hrms_be_backend_common.DTO.EarningsCreateDto) on controller hrms_be_backend_api.Controllers.EarningsController (hrms-be-backend-api).
[2023-09-26 12:44:40.232 +01:00  INF]  Executing OkObjectResult, writing value of type 'hrms_be_backend_common.Communication.ExecutedResult`1[[System.String, System.Private.CoreLib, Version=7.0.0.0, Culture=neutral, PublicKeyToken=7cec85d7bea7798e]]'.
[2023-09-26 12:44:40.236 +01:00  INF]  Executed action hrms_be_backend_api.Controllers.EarningsController.CreateEarning (hrms-be-backend-api) in 528.69ms
[2023-09-26 12:44:40.240 +01:00  INF]  Executed endpoint 'hrms_be_backend_api.Controllers.EarningsController.CreateEarning (hrms-be-backend-api)'
[2023-09-26 12:44:40.242 +01:00  INF]  Request finished HTTP/1.1 POST http://localhost:5008/api/Earnings/CreateEarning application/json 93 - 200 - application/json;+charset=utf-8 553.2634ms
[2023-09-26 12:44:50.499 +01:00  INF]  Request starting HTTP/1.1 GET http://localhost:5008/api/Earnings/GetEarnings - -
[2023-09-26 12:44:50.502 +01:00  INF]  Executing endpoint 'hrms_be_backend_api.Controllers.EarningsController.GetEarnings (hrms-be-backend-api)'
[2023-09-26 12:44:50.525 +01:00  INF]  Route matched with {action = "GetEarnings", controller = "Earnings"}. Executing controller action with signature System.Threading.Tasks.Task`1[Microsoft.AspNetCore.Mvc.IActionResult] GetEarnings() on controller hrms_be_backend_api.Controllers.EarningsController (hrms-be-backend-api).
[2023-09-26 12:44:51.030 +01:00  INF]  Executing OkObjectResult, writing value of type 'hrms_be_backend_common.Communication.ExecutedResult`1[[System.Collections.Generic.IEnumerable`1[[hrms_be_backend_data.ViewModel.EarningsView, hrms-be-backend-data, Version=1.0.0.0, Culture=neutral, PublicKeyToken=null]], System.Private.CoreLib, Version=7.0.0.0, Culture=neutral, PublicKeyToken=7cec85d7bea7798e]]'.
[2023-09-26 12:44:51.045 +01:00  INF]  Executed action hrms_be_backend_api.Controllers.EarningsController.GetEarnings (hrms-be-backend-api) in 513.9706ms
[2023-09-26 12:44:51.050 +01:00  INF]  Executed endpoint 'hrms_be_backend_api.Controllers.EarningsController.GetEarnings (hrms-be-backend-api)'
[2023-09-26 12:44:51.053 +01:00  INF]  Request finished HTTP/1.1 GET http://localhost:5008/api/Earnings/GetEarnings - - - 200 - application/json;+charset=utf-8 553.5598ms
[2023-09-26 15:25:35.691 +01:00  INF]  User profile is available. Using 'C:\Users\peter.omolayo\AppData\Local\ASP.NET\DataProtection-Keys' as key repository and Windows DPAPI to encrypt keys at rest.
[2023-09-26 15:25:36.665 +01:00  INF]  Now listening on: http://localhost:5008
[2023-09-26 15:25:36.674 +01:00  INF]  Application started. Press Ctrl+C to shut down.
[2023-09-26 15:25:36.678 +01:00  INF]  Hosting environment: Development
[2023-09-26 15:25:36.682 +01:00  INF]  Content root path: C:\Users\peter.omolayo\source\repos\hrms-be-backend\hrms-be-backend-api
[2023-09-26 15:25:39.315 +01:00  INF]  Request starting HTTP/1.1 GET http://localhost:5008/index.html - -
[2023-09-26 15:25:40.582 +01:00  INF]  Request finished HTTP/1.1 GET http://localhost:5008/index.html - - - 200 - text/html;charset=utf-8 1270.6866ms
[2023-09-26 15:25:40.590 +01:00  INF]  Request starting HTTP/1.1 GET http://localhost:5008/_framework/aspnetcore-browser-refresh.js - -
[2023-09-26 15:25:40.598 +01:00  INF]  Request finished HTTP/1.1 GET http://localhost:5008/_framework/aspnetcore-browser-refresh.js - - - 200 12370 application/javascript;+charset=utf-8 7.4066ms
[2023-09-26 15:25:40.608 +01:00  INF]  Request starting HTTP/1.1 GET http://localhost:5008/_vs/browserLink - -
[2023-09-26 15:25:40.669 +01:00  INF]  Request finished HTTP/1.1 GET http://localhost:5008/_vs/browserLink - - - 200 - text/javascript;+charset=UTF-8 61.0322ms
[2023-09-26 15:25:40.854 +01:00  INF]  Request starting HTTP/1.1 GET http://localhost:5008/swagger/v1/swagger.json - -
[2023-09-26 15:25:41.117 +01:00  INF]  Request finished HTTP/1.1 GET http://localhost:5008/swagger/v1/swagger.json - - - 200 - application/json;charset=utf-8 262.6981ms
[2023-09-26 15:26:15.994 +01:00  INF]  Request starting HTTP/1.1 POST http://localhost:5008/api/Auth/Login application/json 102
[2023-09-26 15:26:16.025 +01:00  INF]  CORS policy execution successful.
[2023-09-26 15:26:16.032 +01:00  WRN]  Failed to determine the https port for redirect.
[2023-09-26 15:26:16.379 +01:00  INF]  Executing endpoint 'hrms_be_backend_api.Controllers.AuthController.Login (hrms-be-backend-api)'
[2023-09-26 15:26:16.420 +01:00  INF]  Route matched with {action = "Login", controller = "Auth"}. Executing controller action with signature System.Threading.Tasks.Task`1[Microsoft.AspNetCore.Mvc.IActionResult] Login(hrms_be_backend_data.ViewModel.LoginModel) on controller hrms_be_backend_api.Controllers.AuthController (hrms-be-backend-api).
[2023-09-26 15:26:18.263 +01:00  INF]  Executing OkObjectResult, writing value of type 'hrms_be_backend_data.ViewModel.LoginResponse'.
[2023-09-26 15:26:18.280 +01:00  INF]  Executed action hrms_be_backend_api.Controllers.AuthController.Login (hrms-be-backend-api) in 1848.4168ms
[2023-09-26 15:26:18.289 +01:00  INF]  Executed endpoint 'hrms_be_backend_api.Controllers.AuthController.Login (hrms-be-backend-api)'
[2023-09-26 15:26:18.294 +01:00  INF]  Request finished HTTP/1.1 POST http://localhost:5008/api/Auth/Login application/json 102 - 200 - application/json;+charset=utf-8 2299.9599ms
[2023-09-26 15:26:35.232 +01:00  INF]  Request starting HTTP/1.1 POST http://localhost:5008/api/Auth/Logout application/json 64
[2023-09-26 15:26:35.245 +01:00  INF]  CORS policy execution successful.
[2023-09-26 15:26:35.251 +01:00  INF]  Executing endpoint 'hrms_be_backend_api.Controllers.AuthController.Logout (hrms-be-backend-api)'
[2023-09-26 15:26:35.264 +01:00  INF]  Route matched with {action = "Logout", controller = "Auth"}. Executing controller action with signature System.Threading.Tasks.Task`1[Microsoft.AspNetCore.Mvc.IActionResult] Logout(hrms_be_backend_data.RepoPayload.LogoutDto) on controller hrms_be_backend_api.Controllers.AuthController (hrms-be-backend-api).
[2023-09-26 15:26:35.422 +01:00  INF]  Executing OkObjectResult, writing value of type 'hrms_be_backend_data.ViewModel.BaseResponse'.
[2023-09-26 15:26:35.427 +01:00  INF]  Executed action hrms_be_backend_api.Controllers.AuthController.Logout (hrms-be-backend-api) in 160.7301ms
[2023-09-26 15:26:35.429 +01:00  INF]  Executed endpoint 'hrms_be_backend_api.Controllers.AuthController.Logout (hrms-be-backend-api)'
[2023-09-26 15:26:35.431 +01:00  INF]  Request finished HTTP/1.1 POST http://localhost:5008/api/Auth/Logout application/json 64 - 200 - application/json;+charset=utf-8 199.2833ms
[2023-09-26 15:26:38.684 +01:00  INF]  Request starting HTTP/1.1 POST http://localhost:5008/api/Auth/Login application/json 102
[2023-09-26 15:26:38.694 +01:00  INF]  CORS policy execution successful.
[2023-09-26 15:26:38.721 +01:00  INF]  Executing endpoint 'hrms_be_backend_api.Controllers.AuthController.Login (hrms-be-backend-api)'
[2023-09-26 15:26:38.728 +01:00  INF]  Route matched with {action = "Login", controller = "Auth"}. Executing controller action with signature System.Threading.Tasks.Task`1[Microsoft.AspNetCore.Mvc.IActionResult] Login(hrms_be_backend_data.ViewModel.LoginModel) on controller hrms_be_backend_api.Controllers.AuthController (hrms-be-backend-api).
[2023-09-26 15:26:40.301 +01:00  INF]  Executing OkObjectResult, writing value of type 'hrms_be_backend_data.ViewModel.LoginResponse'.
[2023-09-26 15:26:40.394 +01:00  INF]  Executed action hrms_be_backend_api.Controllers.AuthController.Login (hrms-be-backend-api) in 1655.2098ms
[2023-09-26 15:26:40.398 +01:00  INF]  Executed endpoint 'hrms_be_backend_api.Controllers.AuthController.Login (hrms-be-backend-api)'
[2023-09-26 15:26:40.401 +01:00  INF]  Request finished HTTP/1.1 POST http://localhost:5008/api/Auth/Login application/json 102 - 200 - application/json;+charset=utf-8 1716.9544ms
[2023-09-26 15:27:13.767 +01:00  INF]  Request starting HTTP/1.1 POST http://localhost:5008/api/Earnings/CreateEarningItem application/json 33
[2023-09-26 15:27:13.793 +01:00  INF]  CORS policy execution successful.
[2023-09-26 15:27:13.929 +01:00  INF]  Executing endpoint 'hrms_be_backend_api.Controllers.EarningsController.CreateEarningItem (hrms-be-backend-api)'
[2023-09-26 15:27:14.151 +01:00  INF]  Route matched with {action = "CreateEarningItem", controller = "Earnings"}. Executing controller action with signature System.Threading.Tasks.Task`1[Microsoft.AspNetCore.Mvc.IActionResult] CreateEarningItem(hrms_be_backend_common.DTO.EarningsItemCreateDto) on controller hrms_be_backend_api.Controllers.EarningsController (hrms-be-backend-api).
[2023-09-26 15:27:27.867 +01:00  INF]  Executing OkObjectResult, writing value of type 'hrms_be_backend_common.Communication.ExecutedResult`1[[System.String, System.Private.CoreLib, Version=7.0.0.0, Culture=neutral, PublicKeyToken=7cec85d7bea7798e]]'.
[2023-09-26 15:27:27.875 +01:00  INF]  Executed action hrms_be_backend_api.Controllers.EarningsController.CreateEarningItem (hrms-be-backend-api) in 13721.0572ms
[2023-09-26 15:27:27.892 +01:00  INF]  Executed endpoint 'hrms_be_backend_api.Controllers.EarningsController.CreateEarningItem (hrms-be-backend-api)'
[2023-09-26 15:27:27.897 +01:00  INF]  Request finished HTTP/1.1 POST http://localhost:5008/api/Earnings/CreateEarningItem application/json 33 - 200 - application/json;+charset=utf-8 14129.6665ms
[2023-09-26 15:55:42.876 +01:00  INF]  User profile is available. Using 'C:\Users\peter.omolayo\AppData\Local\ASP.NET\DataProtection-Keys' as key repository and Windows DPAPI to encrypt keys at rest.
[2023-09-26 15:55:43.624 +01:00  INF]  Now listening on: http://localhost:5008
[2023-09-26 15:55:43.631 +01:00  INF]  Application started. Press Ctrl+C to shut down.
[2023-09-26 15:55:43.633 +01:00  INF]  Hosting environment: Development
[2023-09-26 15:55:43.636 +01:00  INF]  Content root path: C:\Users\peter.omolayo\source\repos\hrms-be-backend\hrms-be-backend-api
[2023-09-26 15:55:44.774 +01:00  INF]  Request starting HTTP/1.1 GET http://localhost:5008/index.html - -
[2023-09-26 15:55:45.628 +01:00  INF]  Request starting HTTP/1.1 GET http://localhost:5008/_framework/aspnetcore-browser-refresh.js - -
[2023-09-26 15:55:45.643 +01:00  INF]  Request starting HTTP/1.1 GET http://localhost:5008/_vs/browserLink - -
[2023-09-26 15:55:45.652 +01:00  INF]  Request finished HTTP/1.1 GET http://localhost:5008/index.html - - - 200 - text/html;charset=utf-8 878.7138ms
[2023-09-26 15:55:45.661 +01:00  INF]  Request finished HTTP/1.1 GET http://localhost:5008/_framework/aspnetcore-browser-refresh.js - - - 200 12370 application/javascript;+charset=utf-8 33.3247ms
[2023-09-26 15:55:45.704 +01:00  INF]  Request finished HTTP/1.1 GET http://localhost:5008/_vs/browserLink - - - 200 - text/javascript;+charset=UTF-8 61.2578ms
[2023-09-26 15:55:45.806 +01:00  INF]  Request starting HTTP/1.1 GET http://localhost:5008/swagger/v1/swagger.json - -
[2023-09-26 15:55:46.164 +01:00  INF]  Request finished HTTP/1.1 GET http://localhost:5008/swagger/v1/swagger.json - - - 200 - application/json;charset=utf-8 358.4885ms
[2023-09-26 15:56:26.699 +01:00  INF]  Request starting HTTP/1.1 POST http://localhost:5008/api/Auth/Login application/json 102
[2023-09-26 15:56:26.723 +01:00  INF]  CORS policy execution successful.
[2023-09-26 15:56:26.731 +01:00  WRN]  Failed to determine the https port for redirect.
[2023-09-26 15:56:26.938 +01:00  INF]  Executing endpoint 'hrms_be_backend_api.Controllers.AuthController.Login (hrms-be-backend-api)'
[2023-09-26 15:56:26.998 +01:00  INF]  Route matched with {action = "Login", controller = "Auth"}. Executing controller action with signature System.Threading.Tasks.Task`1[Microsoft.AspNetCore.Mvc.IActionResult] Login(hrms_be_backend_data.ViewModel.LoginModel) on controller hrms_be_backend_api.Controllers.AuthController (hrms-be-backend-api).
[2023-09-26 15:56:29.221 +01:00  INF]  Executing OkObjectResult, writing value of type 'hrms_be_backend_data.ViewModel.LoginResponse'.
[2023-09-26 15:56:29.293 +01:00  INF]  Executed action hrms_be_backend_api.Controllers.AuthController.Login (hrms-be-backend-api) in 2285.1222ms
[2023-09-26 15:56:29.299 +01:00  INF]  Executed endpoint 'hrms_be_backend_api.Controllers.AuthController.Login (hrms-be-backend-api)'
[2023-09-26 15:56:29.302 +01:00  INF]  Request finished HTTP/1.1 POST http://localhost:5008/api/Auth/Login application/json 102 - 200 - application/json;+charset=utf-8 2602.8225ms
[2023-09-26 15:57:02.904 +01:00  INF]  Request starting HTTP/1.1 POST http://localhost:5008/api/Earnings/CreateEarningItem application/json 31
[2023-09-26 15:57:02.917 +01:00  INF]  CORS policy execution successful.
[2023-09-26 15:57:02.988 +01:00  INF]  Executing endpoint 'hrms_be_backend_api.Controllers.EarningsController.CreateEarningItem (hrms-be-backend-api)'
[2023-09-26 15:57:02.997 +01:00  INF]  Route matched with {action = "CreateEarningItem", controller = "Earnings"}. Executing controller action with signature System.Threading.Tasks.Task`1[Microsoft.AspNetCore.Mvc.IActionResult] CreateEarningItem(hrms_be_backend_common.DTO.EarningsItemCreateDto) on controller hrms_be_backend_api.Controllers.EarningsController (hrms-be-backend-api).
[2023-09-26 15:57:24.639 +01:00  INF]  Executing OkObjectResult, writing value of type 'hrms_be_backend_common.Communication.ExecutedResult`1[[System.String, System.Private.CoreLib, Version=7.0.0.0, Culture=neutral, PublicKeyToken=7cec85d7bea7798e]]'.
[2023-09-26 15:57:24.645 +01:00  INF]  Executed action hrms_be_backend_api.Controllers.EarningsController.CreateEarningItem (hrms-be-backend-api) in 21643.7294ms
[2023-09-26 15:57:24.649 +01:00  INF]  Executed endpoint 'hrms_be_backend_api.Controllers.EarningsController.CreateEarningItem (hrms-be-backend-api)'
[2023-09-26 15:57:24.653 +01:00  INF]  Request finished HTTP/1.1 POST http://localhost:5008/api/Earnings/CreateEarningItem application/json 31 - 200 - application/json;+charset=utf-8 21749.0328ms
[2023-09-26 15:57:31.582 +01:00  INF]  Request starting HTTP/1.1 POST http://localhost:5008/api/Earnings/CreateEarningItem application/json 31
[2023-09-26 15:57:31.596 +01:00  INF]  CORS policy execution successful.
[2023-09-26 15:57:31.604 +01:00  INF]  Executing endpoint 'hrms_be_backend_api.Controllers.EarningsController.CreateEarningItem (hrms-be-backend-api)'
[2023-09-26 15:57:31.607 +01:00  INF]  Route matched with {action = "CreateEarningItem", controller = "Earnings"}. Executing controller action with signature System.Threading.Tasks.Task`1[Microsoft.AspNetCore.Mvc.IActionResult] CreateEarningItem(hrms_be_backend_common.DTO.EarningsItemCreateDto) on controller hrms_be_backend_api.Controllers.EarningsController (hrms-be-backend-api).
[2023-09-26 15:57:33.622 +01:00  INF]  Executing OkObjectResult, writing value of type 'hrms_be_backend_common.Communication.ExecutedResult`1[[System.String, System.Private.CoreLib, Version=7.0.0.0, Culture=neutral, PublicKeyToken=7cec85d7bea7798e]]'.
[2023-09-26 15:57:33.627 +01:00  INF]  Executed action hrms_be_backend_api.Controllers.EarningsController.CreateEarningItem (hrms-be-backend-api) in 2016.3847ms
[2023-09-26 15:57:33.632 +01:00  INF]  Executed endpoint 'hrms_be_backend_api.Controllers.EarningsController.CreateEarningItem (hrms-be-backend-api)'
[2023-09-26 15:57:33.635 +01:00  INF]  Request finished HTTP/1.1 POST http://localhost:5008/api/Earnings/CreateEarningItem application/json 31 - 200 - application/json;+charset=utf-8 2053.8251ms
[2023-09-26 16:37:34.324 +01:00  INF]  User profile is available. Using 'C:\Users\peter.omolayo\AppData\Local\ASP.NET\DataProtection-Keys' as key repository and Windows DPAPI to encrypt keys at rest.
[2023-09-26 16:37:35.200 +01:00  INF]  Now listening on: http://localhost:5008
[2023-09-26 16:37:35.211 +01:00  INF]  Application started. Press Ctrl+C to shut down.
[2023-09-26 16:37:35.216 +01:00  INF]  Hosting environment: Development
[2023-09-26 16:37:35.222 +01:00  INF]  Content root path: C:\Users\peter.omolayo\source\repos\hrms-be-backend\hrms-be-backend-api
[2023-09-26 16:37:37.305 +01:00  INF]  Request starting HTTP/1.1 GET http://localhost:5008/index.html - -
[2023-09-26 16:37:38.455 +01:00  INF]  Request finished HTTP/1.1 GET http://localhost:5008/index.html - - - 200 - text/html;charset=utf-8 1155.1302ms
[2023-09-26 16:37:38.476 +01:00  INF]  Request starting HTTP/1.1 GET http://localhost:5008/_vs/browserLink - -
[2023-09-26 16:37:38.476 +01:00  INF]  Request starting HTTP/1.1 GET http://localhost:5008/_framework/aspnetcore-browser-refresh.js - -
[2023-09-26 16:37:38.495 +01:00  INF]  Request finished HTTP/1.1 GET http://localhost:5008/_framework/aspnetcore-browser-refresh.js - - - 200 12370 application/javascript;+charset=utf-8 19.7713ms
[2023-09-26 16:37:38.521 +01:00  INF]  Request finished HTTP/1.1 GET http://localhost:5008/_vs/browserLink - - - 200 - text/javascript;+charset=UTF-8 45.6555ms
[2023-09-26 16:37:38.645 +01:00  INF]  Request starting HTTP/1.1 GET http://localhost:5008/swagger/v1/swagger.json - -
[2023-09-26 16:37:39.228 +01:00  INF]  Request finished HTTP/1.1 GET http://localhost:5008/swagger/v1/swagger.json - - - 200 - application/json;charset=utf-8 583.2655ms
[2023-09-26 16:38:54.267 +01:00  INF]  Request starting HTTP/1.1 POST http://localhost:5008/api/Auth/Login application/json 102
[2023-09-26 16:38:54.316 +01:00  INF]  CORS policy execution successful.
[2023-09-26 16:38:54.327 +01:00  WRN]  Failed to determine the https port for redirect.
[2023-09-26 16:38:54.718 +01:00  INF]  Executing endpoint 'hrms_be_backend_api.Controllers.AuthController.Login (hrms-be-backend-api)'
[2023-09-26 16:38:54.780 +01:00  INF]  Route matched with {action = "Login", controller = "Auth"}. Executing controller action with signature System.Threading.Tasks.Task`1[Microsoft.AspNetCore.Mvc.IActionResult] Login(hrms_be_backend_data.ViewModel.LoginModel) on controller hrms_be_backend_api.Controllers.AuthController (hrms-be-backend-api).
[2023-09-26 16:47:06.389 +01:00  ERR]  AccountRepository -> AuthenticateUser => System.Data.SqlClient.SqlException (0x80131904): A network-related or instance-specific error occurred while establishing a connection to SQL Server. The server was not found or was not accessible. Verify that the instance name is correct and that SQL Server is configured to allow remote connections. (provider: TCP Provider, error: 0 - A connection attempt failed because the connected party did not properly respond after a period of time, or established connection failed because connected host has failed to respond.)
 ---> System.ComponentModel.Win32Exception (10060): A connection attempt failed because the connected party did not properly respond after a period of time, or established connection failed because connected host has failed to respond.
   at System.Data.SqlClient.SqlInternalConnectionTds..ctor(DbConnectionPoolIdentity identity, SqlConnectionString connectionOptions, SqlCredential credential, Object providerInfo, String newPassword, SecureString newSecurePassword, Boolean redirectedUserInstance, SqlConnectionString userConnectionOptions, SessionData reconnectSessionData, Boolean applyTransientFaultHandling, String accessToken)
   at System.Data.SqlClient.SqlConnectionFactory.CreateConnection(DbConnectionOptions options, DbConnectionPoolKey poolKey, Object poolGroupProviderInfo, DbConnectionPool pool, DbConnection owningConnection, DbConnectionOptions userOptions)
   at System.Data.ProviderBase.DbConnectionFactory.CreatePooledConnection(DbConnectionPool pool, DbConnection owningObject, DbConnectionOptions options, DbConnectionPoolKey poolKey, DbConnectionOptions userOptions)
   at System.Data.ProviderBase.DbConnectionPool.CreateObject(DbConnection owningObject, DbConnectionOptions userOptions, DbConnectionInternal oldConnection)
   at System.Data.ProviderBase.DbConnectionPool.UserCreateRequest(DbConnection owningObject, DbConnectionOptions userOptions, DbConnectionInternal oldConnection)
   at System.Data.ProviderBase.DbConnectionPool.TryGetConnection(DbConnection owningObject, UInt32 waitForMultipleObjectsTimeout, Boolean allowCreate, Boolean onlyOneCheckConnection, DbConnectionOptions userOptions, DbConnectionInternal& connection)
   at System.Data.ProviderBase.DbConnectionPool.TryGetConnection(DbConnection owningObject, TaskCompletionSource`1 retry, DbConnectionOptions userOptions, DbConnectionInternal& connection)
   at System.Data.ProviderBase.DbConnectionFactory.TryGetConnection(DbConnection owningConnection, TaskCompletionSource`1 retry, DbConnectionOptions userOptions, DbConnectionInternal oldConnection, DbConnectionInternal& connection)
   at System.Data.ProviderBase.DbConnectionInternal.TryOpenConnectionInternal(DbConnection outerConnection, DbConnectionFactory connectionFactory, TaskCompletionSource`1 retry, DbConnectionOptions userOptions)
   at System.Data.ProviderBase.DbConnectionClosed.TryOpenConnection(DbConnection outerConnection, DbConnectionFactory connectionFactory, TaskCompletionSource`1 retry, DbConnectionOptions userOptions)
   at System.Data.SqlClient.SqlConnection.TryOpen(TaskCompletionSource`1 retry)
   at System.Data.SqlClient.SqlConnection.Open()
   at hrms_be_backend_data.Repository.DapperGenericRepository.Get[T](String sp, DynamicParameters parms, CommandType commandType) in C:\Users\peter.omolayo\source\repos\hrms-be-backend\hrms-be-backend-data\Repository\DapperGenericRepository.cs:line 68
   at hrms_be_backend_data.Repository.AccountRepository.AuthenticateUser(String EmailAddress, Int32 MaximumLoginAttempt, DateTime DateCreated) in C:\Users\peter.omolayo\source\repos\hrms-be-backend\hrms-be-backend-data\Repository\AccountRepository.cs:line 344
ClientConnectionId:00000000-0000-0000-0000-000000000000
Error Number:10060,State:0,Class:20
[2023-09-26 16:47:06.421 +01:00  INF]  Executing OkObjectResult, writing value of type 'hrms_be_backend_data.ViewModel.LoginResponse'.
[2023-09-26 16:47:06.440 +01:00  INF]  Executed action hrms_be_backend_api.Controllers.AuthController.Login (hrms-be-backend-api) in 491643.4651ms
[2023-09-26 16:47:06.446 +01:00  INF]  Executed endpoint 'hrms_be_backend_api.Controllers.AuthController.Login (hrms-be-backend-api)'
[2023-09-26 16:47:06.449 +01:00  INF]  Request finished HTTP/1.1 POST http://localhost:5008/api/Auth/Login application/json 102 - 200 - application/json;+charset=utf-8 492181.5958ms
[2023-09-26 16:47:12.923 +01:00  INF]  Request starting HTTP/1.1 POST http://localhost:5008/api/Auth/Login application/json 102
[2023-09-26 16:47:12.935 +01:00  INF]  CORS policy execution successful.
[2023-09-26 16:47:12.939 +01:00  INF]  Executing endpoint 'hrms_be_backend_api.Controllers.AuthController.Login (hrms-be-backend-api)'
[2023-09-26 16:47:12.944 +01:00  INF]  Route matched with {action = "Login", controller = "Auth"}. Executing controller action with signature System.Threading.Tasks.Task`1[Microsoft.AspNetCore.Mvc.IActionResult] Login(hrms_be_backend_data.ViewModel.LoginModel) on controller hrms_be_backend_api.Controllers.AuthController (hrms-be-backend-api).
[2023-09-26 16:47:16.783 +01:00  INF]  Executing OkObjectResult, writing value of type 'hrms_be_backend_data.ViewModel.LoginResponse'.
[2023-09-26 16:47:16.845 +01:00  INF]  Executed action hrms_be_backend_api.Controllers.AuthController.Login (hrms-be-backend-api) in 3896.3108ms
[2023-09-26 16:47:16.848 +01:00  INF]  Executed endpoint 'hrms_be_backend_api.Controllers.AuthController.Login (hrms-be-backend-api)'
[2023-09-26 16:47:16.853 +01:00  INF]  Request finished HTTP/1.1 POST http://localhost:5008/api/Auth/Login application/json 102 - 200 - application/json;+charset=utf-8 3928.9586ms
[2023-09-26 16:47:50.533 +01:00  INF]  Request starting HTTP/1.1 POST http://localhost:5008/api/Earnings/CreateEarningItem application/json 31
[2023-09-26 16:47:50.545 +01:00  INF]  CORS policy execution successful.
[2023-09-26 16:47:50.621 +01:00  INF]  Executing endpoint 'hrms_be_backend_api.Controllers.EarningsController.CreateEarningItem (hrms-be-backend-api)'
[2023-09-26 16:47:50.631 +01:00  INF]  Route matched with {action = "CreateEarningItem", controller = "Earnings"}. Executing controller action with signature System.Threading.Tasks.Task`1[Microsoft.AspNetCore.Mvc.IActionResult] CreateEarningItem(hrms_be_backend_common.DTO.EarningsItemCreateDto) on controller hrms_be_backend_api.Controllers.EarningsController (hrms-be-backend-api).
[2023-09-26 16:47:56.344 +01:00  INF]  Executing OkObjectResult, writing value of type 'hrms_be_backend_common.Communication.ExecutedResult`1[[System.String, System.Private.CoreLib, Version=7.0.0.0, Culture=neutral, PublicKeyToken=7cec85d7bea7798e]]'.
[2023-09-26 16:47:56.351 +01:00  INF]  Executed action hrms_be_backend_api.Controllers.EarningsController.CreateEarningItem (hrms-be-backend-api) in 5712.9295ms
[2023-09-26 16:47:56.356 +01:00  INF]  Executed endpoint 'hrms_be_backend_api.Controllers.EarningsController.CreateEarningItem (hrms-be-backend-api)'
[2023-09-26 16:47:56.359 +01:00  INF]  Request finished HTTP/1.1 POST http://localhost:5008/api/Earnings/CreateEarningItem application/json 31 - 200 - application/json;+charset=utf-8 5825.1214ms
