[2023-10-03 15:30:44.899 +01:00  INF]  User profile is available. Using 'C:\Users\peter.omolayo\AppData\Local\ASP.NET\DataProtection-Keys' as key repository and Windows DPAPI to encrypt keys at rest.
[2023-10-03 15:30:45.355 +01:00  INF]  Now listening on: http://localhost:5008
[2023-10-03 15:30:45.361 +01:00  INF]  Application started. Press Ctrl+C to shut down.
[2023-10-03 15:30:45.362 +01:00  INF]  Hosting environment: Development
[2023-10-03 15:30:45.364 +01:00  INF]  Content root path: C:\Users\peter.omolayo\source\repos\hrms-be-backend\hrms-be-backend-api
[2023-10-03 15:30:46.386 +01:00  INF]  Request starting HTTP/1.1 GET http://localhost:5008/index.html - -
[2023-10-03 15:30:46.944 +01:00  INF]  Request finished HTTP/1.1 GET http://localhost:5008/index.html - - - 200 - text/html;charset=utf-8 561.3156ms
[2023-10-03 15:30:46.952 +01:00  INF]  Request starting HTTP/1.1 GET http://localhost:5008/swagger-ui-bundle.js - -
[2023-10-03 15:30:46.962 +01:00  INF]  Request starting HTTP/1.1 GET http://localhost:5008/swagger-ui.css - -
[2023-10-03 15:30:46.955 +01:00  INF]  Request starting HTTP/1.1 GET http://localhost:5008/swagger-ui-standalone-preset.js - -
[2023-10-03 15:30:46.954 +01:00  INF]  Request starting HTTP/1.1 GET http://localhost:5008/_framework/aspnetcore-browser-refresh.js - -
[2023-10-03 15:30:46.978 +01:00  INF]  Request finished HTTP/1.1 GET http://localhost:5008/_framework/aspnetcore-browser-refresh.js - - - 200 12370 application/javascript;+charset=utf-8 23.2866ms
[2023-10-03 15:30:47.042 +01:00  INF]  Sending file. Request path: '/swagger-ui-bundle.js'. Physical path: 'N/A'
[2023-10-03 15:30:47.042 +01:00  INF]  Sending file. Request path: '/swagger-ui-standalone-preset.js'. Physical path: 'N/A'
[2023-10-03 15:30:47.042 +01:00  INF]  Sending file. Request path: '/swagger-ui.css'. Physical path: 'N/A'
[2023-10-03 15:30:47.046 +01:00  INF]  Request finished HTTP/1.1 GET http://localhost:5008/swagger-ui-bundle.js - - - 200 1061536 text/javascript 94.0179ms
[2023-10-03 15:30:47.047 +01:00  INF]  Request finished HTTP/1.1 GET http://localhost:5008/swagger-ui-standalone-preset.js - - - 200 312163 text/javascript 92.3886ms
[2023-10-03 15:30:47.051 +01:00  INF]  Request finished HTTP/1.1 GET http://localhost:5008/swagger-ui.css - - - 200 144929 text/css 89.3706ms
[2023-10-03 15:30:47.226 +01:00  INF]  Request starting HTTP/1.1 GET http://localhost:5008/swagger/v1/swagger.json - -
[2023-10-03 15:30:47.245 +01:00  INF]  Request starting HTTP/1.1 GET http://localhost:5008/favicon-32x32.png - -
[2023-10-03 15:30:47.247 +01:00  INF]  Sending file. Request path: '/favicon-32x32.png'. Physical path: 'N/A'
[2023-10-03 15:30:47.251 +01:00  INF]  Request finished HTTP/1.1 GET http://localhost:5008/favicon-32x32.png - - - 200 628 image/png 5.2924ms
[2023-10-03 15:30:47.662 +01:00  ERR]  An unhandled exception has occurred while executing the request.
Swashbuckle.AspNetCore.SwaggerGen.SwaggerGeneratorException: Conflicting method/path combination "POST api/Payroll/UpdatePayroll" for actions - hrms_be_backend_api.Controllers.PayrollController.UpdatePayroll (hrms-be-backend-api),hrms_be_backend_api.Controllers.PayrollController.GetPayrolls (hrms-be-backend-api). Actions require a unique method/path combination for Swagger/OpenAPI 3.0. Use ConflictingActionsResolver as a workaround
   at Swashbuckle.AspNetCore.SwaggerGen.SwaggerGenerator.GenerateOperations(IEnumerable`1 apiDescriptions, SchemaRepository schemaRepository)
   at Swashbuckle.AspNetCore.SwaggerGen.SwaggerGenerator.GeneratePaths(IEnumerable`1 apiDescriptions, SchemaRepository schemaRepository)
   at Swashbuckle.AspNetCore.SwaggerGen.SwaggerGenerator.GetSwaggerDocumentWithoutFilters(String documentName, String host, String basePath)
   at Swashbuckle.AspNetCore.SwaggerGen.SwaggerGenerator.GetSwaggerAsync(String documentName, String host, String basePath)
   at Swashbuckle.AspNetCore.Swagger.SwaggerMiddleware.Invoke(HttpContext httpContext, ISwaggerProvider swaggerProvider)
   at Program.<>c.<<<Main>$>b__0_10>d.MoveNext() in C:\Users\peter.omolayo\source\repos\hrms-be-backend\hrms-be-backend-api\Program.cs:line 266
--- End of stack trace from previous location ---
   at Microsoft.AspNetCore.Diagnostics.DeveloperExceptionPageMiddlewareImpl.Invoke(HttpContext context)
[2023-10-03 15:30:47.725 +01:00  INF]  Request finished HTTP/1.1 GET http://localhost:5008/swagger/v1/swagger.json - - - 500 - text/plain;+charset=utf-8 499.0622ms
[2023-10-03 15:31:31.555 +01:00  INF]  User profile is available. Using 'C:\Users\peter.omolayo\AppData\Local\ASP.NET\DataProtection-Keys' as key repository and Windows DPAPI to encrypt keys at rest.
[2023-10-03 15:31:31.943 +01:00  INF]  Now listening on: http://localhost:5008
[2023-10-03 15:31:31.948 +01:00  INF]  Application started. Press Ctrl+C to shut down.
[2023-10-03 15:31:31.950 +01:00  INF]  Hosting environment: Development
[2023-10-03 15:31:31.951 +01:00  INF]  Content root path: C:\Users\peter.omolayo\source\repos\hrms-be-backend\hrms-be-backend-api
[2023-10-03 15:31:32.987 +01:00  INF]  Request starting HTTP/1.1 GET http://localhost:5008/index.html - -
[2023-10-03 15:31:33.343 +01:00  INF]  Request finished HTTP/1.1 GET http://localhost:5008/index.html - - - 200 - text/html;charset=utf-8 360.8138ms
[2023-10-03 15:31:33.362 +01:00  INF]  Request starting HTTP/1.1 GET http://localhost:5008/_framework/aspnetcore-browser-refresh.js - -
[2023-10-03 15:31:33.374 +01:00  INF]  Request finished HTTP/1.1 GET http://localhost:5008/_framework/aspnetcore-browser-refresh.js - - - 200 12370 application/javascript;+charset=utf-8 12.3598ms
[2023-10-03 15:31:33.580 +01:00  INF]  Request starting HTTP/1.1 GET http://localhost:5008/swagger/v1/swagger.json - -
[2023-10-03 15:31:33.819 +01:00  INF]  Request finished HTTP/1.1 GET http://localhost:5008/swagger/v1/swagger.json - - - 200 - application/json;charset=utf-8 238.8623ms
