[2024-04-15 11:17:16.636 +01:00  INF]  User profile is available. Using 'C:\Users\noble.nwabuike\AppData\Local\ASP.NET\DataProtection-Keys' as key repository and Windows DPAPI to encrypt keys at rest.
[2024-04-15 11:17:17.440 +01:00  INF]  Now listening on: http://localhost:5008
[2024-04-15 11:17:17.445 +01:00  INF]  Application started. Press Ctrl+C to shut down.
[2024-04-15 11:17:17.446 +01:00  INF]  Hosting environment: Development
[2024-04-15 11:17:17.447 +01:00  INF]  Content root path: C:\Users\noble.nwabuike\source\repos\hrms-be-backend\hrms-be-backend-api
[2024-04-15 11:17:21.850 +01:00  INF]  Request starting HTTP/1.1 GET http://localhost:5008/index.html - -
[2024-04-15 11:17:22.593 +01:00  INF]  Request finished HTTP/1.1 GET http://localhost:5008/index.html - - - 200 - text/html;charset=utf-8 733.6870ms
[2024-04-15 11:17:22.594 +01:00  INF]  Request starting HTTP/1.1 GET http://localhost:5008/_framework/aspnetcore-browser-refresh.js - -
[2024-04-15 11:17:22.597 +01:00  INF]  Request starting HTTP/1.1 GET http://localhost:5008/_vs/browserLink - -
[2024-04-15 11:17:22.607 +01:00  INF]  Request finished HTTP/1.1 GET http://localhost:5008/_framework/aspnetcore-browser-refresh.js - - - 200 12008 application/javascript;+charset=utf-8 13.3065ms
[2024-04-15 11:17:22.681 +01:00  INF]  Request finished HTTP/1.1 GET http://localhost:5008/_vs/browserLink - - - 200 - text/javascript;+charset=UTF-8 84.0671ms
[2024-04-15 11:17:22.912 +01:00  INF]  Request starting HTTP/1.1 GET http://localhost:5008/swagger/v1/swagger.json - -
[2024-04-15 11:17:23.301 +01:00  INF]  Request finished HTTP/1.1 GET http://localhost:5008/swagger/v1/swagger.json - - - 200 - application/json;charset=utf-8 388.5055ms
[2024-04-15 11:17:51.309 +01:00  INF]  Request starting HTTP/1.1 POST http://localhost:5008/api/Resignation/UploadResignationLetter multipart/form-data;+boundary=----WebKitFormBoundaryhpr8PlhdzxNMCaE9 287115
[2024-04-15 11:17:51.321 +01:00  INF]  CORS policy execution successful.
[2024-04-15 11:17:51.324 +01:00  WRN]  Failed to determine the https port for redirect.
[2024-04-15 11:17:51.550 +01:00  INF]  Authorization failed. These requirements were not met:
DenyAnonymousAuthorizationRequirement: Requires an authenticated user.
[2024-04-15 11:17:51.555 +01:00  INF]  AuthenticationScheme: Bearer was challenged.
[2024-04-15 11:17:51.557 +01:00  INF]  Request finished HTTP/1.1 POST http://localhost:5008/api/Resignation/UploadResignationLetter multipart/form-data;+boundary=----WebKitFormBoundaryhpr8PlhdzxNMCaE9 287115 - 401 0 - 247.5544ms
[2024-04-15 11:18:20.457 +01:00  INF]  User profile is available. Using 'C:\Users\noble.nwabuike\AppData\Local\ASP.NET\DataProtection-Keys' as key repository and Windows DPAPI to encrypt keys at rest.
[2024-04-15 11:18:20.754 +01:00  INF]  Now listening on: http://localhost:5008
[2024-04-15 11:18:20.759 +01:00  INF]  Application started. Press Ctrl+C to shut down.
[2024-04-15 11:18:20.761 +01:00  INF]  Hosting environment: Development
[2024-04-15 11:18:20.762 +01:00  INF]  Content root path: C:\Users\noble.nwabuike\source\repos\hrms-be-backend\hrms-be-backend-api
[2024-04-15 11:18:21.622 +01:00  INF]  Request starting HTTP/1.1 GET http://localhost:5008/index.html - -
[2024-04-15 11:18:22.246 +01:00  INF]  Request finished HTTP/1.1 GET http://localhost:5008/index.html - - - 200 - text/html;charset=utf-8 625.3429ms
[2024-04-15 11:18:22.251 +01:00  INF]  Request starting HTTP/1.1 GET http://localhost:5008/_vs/browserLink - -
[2024-04-15 11:18:22.260 +01:00  INF]  Request starting HTTP/1.1 GET http://localhost:5008/_framework/aspnetcore-browser-refresh.js - -
[2024-04-15 11:18:22.269 +01:00  INF]  Request finished HTTP/1.1 GET http://localhost:5008/_framework/aspnetcore-browser-refresh.js - - - 200 12008 application/javascript;+charset=utf-8 9.8520ms
[2024-04-15 11:18:22.289 +01:00  INF]  Request finished HTTP/1.1 GET http://localhost:5008/_vs/browserLink - - - 200 - text/javascript;+charset=UTF-8 38.3614ms
[2024-04-15 11:18:22.388 +01:00  INF]  Request starting HTTP/1.1 GET http://localhost:5008/swagger/v1/swagger.json - -
[2024-04-15 11:18:22.777 +01:00  INF]  Request finished HTTP/1.1 GET http://localhost:5008/swagger/v1/swagger.json - - - 200 - application/json;charset=utf-8 388.6223ms
[2024-04-15 11:18:39.714 +01:00  INF]  Request starting HTTP/1.1 POST http://localhost:5008/api/Resignation/UploadResignationLetter multipart/form-data;+boundary=----WebKitFormBoundaryQ5XOMOncFCxpdbo6 287115
[2024-04-15 11:18:39.726 +01:00  INF]  CORS policy execution successful.
[2024-04-15 11:18:39.731 +01:00  WRN]  Failed to determine the https port for redirect.
[2024-04-15 11:18:39.841 +01:00  INF]  Executing endpoint 'hrms_be_backend_api.ExitModuleController.Controller.ResignationController.UploadFile_ (hrms-be-backend-api)'
[2024-04-15 11:18:39.874 +01:00  INF]  Route matched with {action = "UploadFile_", controller = "Resignation"}. Executing controller action with signature System.Threading.Tasks.Task`1[Microsoft.AspNetCore.Mvc.IActionResult] UploadFile_(Microsoft.AspNetCore.Http.IFormFile) on controller hrms_be_backend_api.ExitModuleController.Controller.ResignationController (hrms-be-backend-api).
[2024-04-15 12:14:03.382 +01:00  INF]  User profile is available. Using 'C:\Users\noble.nwabuike\AppData\Local\ASP.NET\DataProtection-Keys' as key repository and Windows DPAPI to encrypt keys at rest.
[2024-04-15 12:14:03.890 +01:00  INF]  Now listening on: http://localhost:5008
[2024-04-15 12:14:03.895 +01:00  INF]  Application started. Press Ctrl+C to shut down.
[2024-04-15 12:14:03.896 +01:00  INF]  Hosting environment: Development
[2024-04-15 12:14:03.896 +01:00  INF]  Content root path: C:\Users\noble.nwabuike\source\repos\hrms-be-backend\hrms-be-backend-api
[2024-04-15 12:14:05.131 +01:00  INF]  Request starting HTTP/1.1 GET http://localhost:5008/index.html - -
[2024-04-15 12:14:05.789 +01:00  INF]  Request finished HTTP/1.1 GET http://localhost:5008/index.html - - - 200 - text/html;charset=utf-8 662.4926ms
[2024-04-15 12:14:05.800 +01:00  INF]  Request starting HTTP/1.1 GET http://localhost:5008/_vs/browserLink - -
[2024-04-15 12:14:05.804 +01:00  INF]  Request starting HTTP/1.1 GET http://localhost:5008/_framework/aspnetcore-browser-refresh.js - -
[2024-04-15 12:14:05.812 +01:00  INF]  Request finished HTTP/1.1 GET http://localhost:5008/_framework/aspnetcore-browser-refresh.js - - - 200 12008 application/javascript;+charset=utf-8 7.7165ms
[2024-04-15 12:14:05.904 +01:00  INF]  Request finished HTTP/1.1 GET http://localhost:5008/_vs/browserLink - - - 200 - text/javascript;+charset=UTF-8 104.6836ms
[2024-04-15 12:14:05.974 +01:00  INF]  Request starting HTTP/1.1 GET http://localhost:5008/swagger/v1/swagger.json - -
[2024-04-15 12:14:06.372 +01:00  INF]  Request finished HTTP/1.1 GET http://localhost:5008/swagger/v1/swagger.json - - - 200 - application/json;charset=utf-8 398.2478ms
[2024-04-15 12:14:26.075 +01:00  INF]  Request starting HTTP/1.1 POST http://localhost:5008/api/Resignation/UploadResignationLetter multipart/form-data;+boundary=----WebKitFormBoundaryQ0Ab8Mg4aU8VkK6B 287115
[2024-04-15 12:14:26.100 +01:00  INF]  CORS policy execution successful.
[2024-04-15 12:14:26.104 +01:00  WRN]  Failed to determine the https port for redirect.
[2024-04-15 12:14:26.370 +01:00  INF]  Executing endpoint 'hrms_be_backend_api.ExitModuleController.Controller.ResignationController.UploadFile_ (hrms-be-backend-api)'
[2024-04-15 12:14:26.408 +01:00  INF]  Route matched with {action = "UploadFile_", controller = "Resignation"}. Executing controller action with signature System.Threading.Tasks.Task`1[Microsoft.AspNetCore.Mvc.IActionResult] UploadFile_(Microsoft.AspNetCore.Http.IFormFile) on controller hrms_be_backend_api.ExitModuleController.Controller.ResignationController (hrms-be-backend-api).
[2024-04-15 13:44:14.161 +01:00  INF]  User profile is available. Using 'C:\Users\noble.nwabuike\AppData\Local\ASP.NET\DataProtection-Keys' as key repository and Windows DPAPI to encrypt keys at rest.
[2024-04-15 13:44:14.562 +01:00  INF]  Now listening on: http://localhost:5008
[2024-04-15 13:44:14.567 +01:00  INF]  Application started. Press Ctrl+C to shut down.
[2024-04-15 13:44:14.568 +01:00  INF]  Hosting environment: Development
[2024-04-15 13:44:14.569 +01:00  INF]  Content root path: C:\Users\noble.nwabuike\source\repos\hrms-be-backend\hrms-be-backend-api
[2024-04-15 13:44:15.411 +01:00  INF]  Request starting HTTP/1.1 GET http://localhost:5008/index.html - -
[2024-04-15 13:44:16.046 +01:00  INF]  Request finished HTTP/1.1 GET http://localhost:5008/index.html - - - 200 - text/html;charset=utf-8 637.3652ms
[2024-04-15 13:44:16.058 +01:00  INF]  Request starting HTTP/1.1 GET http://localhost:5008/_vs/browserLink - -
[2024-04-15 13:44:16.062 +01:00  INF]  Request starting HTTP/1.1 GET http://localhost:5008/_framework/aspnetcore-browser-refresh.js - -
[2024-04-15 13:44:16.073 +01:00  INF]  Request finished HTTP/1.1 GET http://localhost:5008/_framework/aspnetcore-browser-refresh.js - - - 200 12008 application/javascript;+charset=utf-8 10.7253ms
[2024-04-15 13:44:16.098 +01:00  INF]  Request finished HTTP/1.1 GET http://localhost:5008/_vs/browserLink - - - 200 - text/javascript;+charset=UTF-8 39.7237ms
[2024-04-15 13:44:16.201 +01:00  INF]  Request starting HTTP/1.1 GET http://localhost:5008/swagger/v1/swagger.json - -
[2024-04-15 13:44:16.629 +01:00  INF]  Request finished HTTP/1.1 GET http://localhost:5008/swagger/v1/swagger.json - - - 200 - application/json;charset=utf-8 428.3209ms
[2024-04-15 13:44:37.315 +01:00  INF]  Request starting HTTP/1.1 POST http://localhost:5008/api/Resignation/UploadResignationLetter multipart/form-data;+boundary=----WebKitFormBoundaryxNEAUAZSA23Wryi2 287115
[2024-04-15 13:44:37.336 +01:00  INF]  CORS policy execution successful.
[2024-04-15 13:44:37.340 +01:00  WRN]  Failed to determine the https port for redirect.
[2024-04-15 13:44:37.575 +01:00  INF]  Executing endpoint 'hrms_be_backend_api.ExitModuleController.Controller.ResignationController.UploadFile_ (hrms-be-backend-api)'
[2024-04-15 13:44:37.613 +01:00  INF]  Route matched with {action = "UploadFile_", controller = "Resignation"}. Executing controller action with signature System.Threading.Tasks.Task`1[Microsoft.AspNetCore.Mvc.IActionResult] UploadFile_(Microsoft.AspNetCore.Http.IFormFile) on controller hrms_be_backend_api.ExitModuleController.Controller.ResignationController (hrms-be-backend-api).
[2024-04-15 13:53:31.252 +01:00  INF]  User profile is available. Using 'C:\Users\noble.nwabuike\AppData\Local\ASP.NET\DataProtection-Keys' as key repository and Windows DPAPI to encrypt keys at rest.
[2024-04-15 13:53:31.654 +01:00  INF]  Now listening on: http://localhost:5008
[2024-04-15 13:53:31.659 +01:00  INF]  Application started. Press Ctrl+C to shut down.
[2024-04-15 13:53:31.660 +01:00  INF]  Hosting environment: Development
[2024-04-15 13:53:31.661 +01:00  INF]  Content root path: C:\Users\noble.nwabuike\source\repos\hrms-be-backend\hrms-be-backend-api
[2024-04-15 13:53:32.765 +01:00  INF]  Request starting HTTP/1.1 GET http://localhost:5008/index.html - -
[2024-04-15 13:53:33.378 +01:00  INF]  Request finished HTTP/1.1 GET http://localhost:5008/index.html - - - 200 - text/html;charset=utf-8 622.6207ms
[2024-04-15 13:53:33.385 +01:00  INF]  Request starting HTTP/1.1 GET http://localhost:5008/_vs/browserLink - -
[2024-04-15 13:53:33.390 +01:00  INF]  Request starting HTTP/1.1 GET http://localhost:5008/_framework/aspnetcore-browser-refresh.js - -
[2024-04-15 13:53:33.402 +01:00  INF]  Request finished HTTP/1.1 GET http://localhost:5008/_framework/aspnetcore-browser-refresh.js - - - 200 12008 application/javascript;+charset=utf-8 11.5873ms
[2024-04-15 13:53:33.427 +01:00  INF]  Request finished HTTP/1.1 GET http://localhost:5008/_vs/browserLink - - - 200 - text/javascript;+charset=UTF-8 41.5532ms
[2024-04-15 13:53:33.526 +01:00  INF]  Request starting HTTP/1.1 GET http://localhost:5008/swagger/v1/swagger.json - -
[2024-04-15 13:53:33.899 +01:00  INF]  Request finished HTTP/1.1 GET http://localhost:5008/swagger/v1/swagger.json - - - 200 - application/json;charset=utf-8 373.4922ms
[2024-04-15 13:53:52.771 +01:00  INF]  Request starting HTTP/1.1 POST http://localhost:5008/api/Resignation/UploadResignationLetter multipart/form-data;+boundary=----WebKitFormBoundaryIfFjpyypzL05ZTAE 287115
[2024-04-15 13:53:52.783 +01:00  INF]  CORS policy execution successful.
[2024-04-15 13:53:52.789 +01:00  WRN]  Failed to determine the https port for redirect.
[2024-04-15 13:53:52.906 +01:00  INF]  Executing endpoint 'hrms_be_backend_api.ExitModuleController.Controller.ResignationController.UploadFile_ (hrms-be-backend-api)'
[2024-04-15 13:53:52.940 +01:00  INF]  Route matched with {action = "UploadFile_", controller = "Resignation"}. Executing controller action with signature System.Threading.Tasks.Task`1[Microsoft.AspNetCore.Mvc.IActionResult] UploadFile_(Microsoft.AspNetCore.Http.IFormFile) on controller hrms_be_backend_api.ExitModuleController.Controller.ResignationController (hrms-be-backend-api).
[2024-04-15 13:55:39.772 +01:00  INF]  Executing OkObjectResult, writing value of type 'hrms_be_backend_common.Communication.ExecutedResult`1[[System.String, System.Private.CoreLib, Version=7.0.0.0, Culture=neutral, PublicKeyToken=7cec85d7bea7798e]]'.
[2024-04-15 13:55:39.784 +01:00  INF]  Executed action hrms_be_backend_api.ExitModuleController.Controller.ResignationController.UploadFile_ (hrms-be-backend-api) in 106834.7515ms
[2024-04-15 13:55:39.789 +01:00  INF]  Executed endpoint 'hrms_be_backend_api.ExitModuleController.Controller.ResignationController.UploadFile_ (hrms-be-backend-api)'
[2024-04-15 13:55:39.793 +01:00  INF]  Request finished HTTP/1.1 POST http://localhost:5008/api/Resignation/UploadResignationLetter multipart/form-data;+boundary=----WebKitFormBoundaryIfFjpyypzL05ZTAE 287115 - 200 - application/json;+charset=utf-8 107019.7349ms
[2024-04-15 14:04:18.502 +01:00  INF]  Request starting HTTP/1.1 POST http://localhost:5008/api/Resignation/UploadResignationLetter multipart/form-data;+boundary=----WebKitFormBoundaryg5PNPXIOFeUgkQVk 43131
[2024-04-15 14:04:18.544 +01:00  INF]  CORS policy execution successful.
[2024-04-15 14:04:18.548 +01:00  INF]  Executing endpoint 'hrms_be_backend_api.ExitModuleController.Controller.ResignationController.UploadFile_ (hrms-be-backend-api)'
[2024-04-15 14:04:18.550 +01:00  INF]  Route matched with {action = "UploadFile_", controller = "Resignation"}. Executing controller action with signature System.Threading.Tasks.Task`1[Microsoft.AspNetCore.Mvc.IActionResult] UploadFile_(Microsoft.AspNetCore.Http.IFormFile) on controller hrms_be_backend_api.ExitModuleController.Controller.ResignationController (hrms-be-backend-api).
[2024-04-15 14:07:22.339 +01:00  INF]  Executing OkObjectResult, writing value of type 'hrms_be_backend_common.Communication.ExecutedResult`1[[System.String, System.Private.CoreLib, Version=7.0.0.0, Culture=neutral, PublicKeyToken=7cec85d7bea7798e]]'.
[2024-04-15 14:07:22.341 +01:00  INF]  Executed action hrms_be_backend_api.ExitModuleController.Controller.ResignationController.UploadFile_ (hrms-be-backend-api) in 183785.8487ms
[2024-04-15 14:07:22.343 +01:00  INF]  Executed endpoint 'hrms_be_backend_api.ExitModuleController.Controller.ResignationController.UploadFile_ (hrms-be-backend-api)'
[2024-04-15 14:07:22.344 +01:00  INF]  Request finished HTTP/1.1 POST http://localhost:5008/api/Resignation/UploadResignationLetter multipart/form-data;+boundary=----WebKitFormBoundaryg5PNPXIOFeUgkQVk 43131 - 200 - application/json;+charset=utf-8 183838.7468ms
[2024-04-15 14:11:40.419 +01:00  INF]  User profile is available. Using 'C:\Users\noble.nwabuike\AppData\Local\ASP.NET\DataProtection-Keys' as key repository and Windows DPAPI to encrypt keys at rest.
[2024-04-15 14:11:40.734 +01:00  INF]  Now listening on: http://localhost:5008
[2024-04-15 14:11:40.737 +01:00  INF]  Application started. Press Ctrl+C to shut down.
[2024-04-15 14:11:40.738 +01:00  INF]  Hosting environment: Development
[2024-04-15 14:11:40.738 +01:00  INF]  Content root path: C:\Users\noble.nwabuike\source\repos\hrms-be-backend\hrms-be-backend-api
[2024-04-15 14:11:41.710 +01:00  INF]  Request starting HTTP/1.1 GET http://localhost:5008/index.html - -
[2024-04-15 14:11:42.193 +01:00  INF]  Request finished HTTP/1.1 GET http://localhost:5008/index.html - - - 200 - text/html;charset=utf-8 491.2328ms
[2024-04-15 14:11:42.200 +01:00  INF]  Request starting HTTP/1.1 GET http://localhost:5008/_vs/browserLink - -
[2024-04-15 14:11:42.203 +01:00  INF]  Request starting HTTP/1.1 GET http://localhost:5008/_framework/aspnetcore-browser-refresh.js - -
[2024-04-15 14:11:42.217 +01:00  INF]  Request finished HTTP/1.1 GET http://localhost:5008/_framework/aspnetcore-browser-refresh.js - - - 200 12008 application/javascript;+charset=utf-8 13.0309ms
[2024-04-15 14:11:42.241 +01:00  INF]  Request finished HTTP/1.1 GET http://localhost:5008/_vs/browserLink - - - 200 - text/javascript;+charset=UTF-8 41.3816ms
[2024-04-15 14:11:42.336 +01:00  INF]  Request starting HTTP/1.1 GET http://localhost:5008/swagger/v1/swagger.json - -
[2024-04-15 14:11:42.717 +01:00  INF]  Request finished HTTP/1.1 GET http://localhost:5008/swagger/v1/swagger.json - - - 200 - application/json;charset=utf-8 381.3216ms
[2024-04-15 14:12:01.615 +01:00  INF]  Request starting HTTP/1.1 POST http://localhost:5008/api/Resignation/UploadResignationLetter multipart/form-data;+boundary=----WebKitFormBoundary1qw287WD0tbUIZMT 43131
[2024-04-15 14:12:01.650 +01:00  INF]  CORS policy execution successful.
[2024-04-15 14:12:01.653 +01:00  WRN]  Failed to determine the https port for redirect.
[2024-04-15 14:12:01.789 +01:00  INF]  Executing endpoint 'hrms_be_backend_api.ExitModuleController.Controller.ResignationController.UploadFile_ (hrms-be-backend-api)'
[2024-04-15 14:12:01.826 +01:00  INF]  Route matched with {action = "UploadFile_", controller = "Resignation"}. Executing controller action with signature System.Threading.Tasks.Task`1[Microsoft.AspNetCore.Mvc.IActionResult] UploadFile_(Microsoft.AspNetCore.Http.IFormFile) on controller hrms_be_backend_api.ExitModuleController.Controller.ResignationController (hrms-be-backend-api).
[2024-04-15 14:12:16.417 +01:00  INF]  Executing OkObjectResult, writing value of type 'hrms_be_backend_common.Communication.ExecutedResult`1[[System.String, System.Private.CoreLib, Version=7.0.0.0, Culture=neutral, PublicKeyToken=7cec85d7bea7798e]]'.
[2024-04-15 14:12:16.427 +01:00  INF]  Executed action hrms_be_backend_api.ExitModuleController.Controller.ResignationController.UploadFile_ (hrms-be-backend-api) in 14593.7571ms
[2024-04-15 14:12:16.431 +01:00  INF]  Executed endpoint 'hrms_be_backend_api.ExitModuleController.Controller.ResignationController.UploadFile_ (hrms-be-backend-api)'
[2024-04-15 14:12:16.433 +01:00  INF]  Request finished HTTP/1.1 POST http://localhost:5008/api/Resignation/UploadResignationLetter multipart/form-data;+boundary=----WebKitFormBoundary1qw287WD0tbUIZMT 43131 - 200 - application/json;+charset=utf-8 14817.8439ms
