[2023-10-24 11:21:49.196 +01:00  INF]  User profile is available. Using 'C:\Users\peter.omolayo\AppData\Local\ASP.NET\DataProtection-Keys' as key repository and Windows DPAPI to encrypt keys at rest.
[2023-10-24 11:21:50.522 +01:00  INF]  Now listening on: http://localhost:5008
[2023-10-24 11:21:50.532 +01:00  INF]  Application started. Press Ctrl+C to shut down.
[2023-10-24 11:21:50.538 +01:00  INF]  Hosting environment: Development
[2023-10-24 11:21:50.542 +01:00  INF]  Content root path: C:\Users\peter.omolayo\source\repos\hrms-be-backend\hrms-be-backend-api
[2023-10-24 11:21:54.888 +01:00  INF]  Request starting HTTP/1.1 GET http://localhost:5008/index.html - -
[2023-10-24 11:21:57.468 +01:00  INF]  Request starting HTTP/1.1 GET http://localhost:5008/swagger-ui.css - -
[2023-10-24 11:21:57.479 +01:00  INF]  Request starting HTTP/1.1 GET http://localhost:5008/swagger-ui-bundle.js - -
[2023-10-24 11:21:57.520 +01:00  INF]  Request starting HTTP/1.1 GET http://localhost:5008/_framework/aspnetcore-browser-refresh.js - -
[2023-10-24 11:21:57.503 +01:00  INF]  Request starting HTTP/1.1 GET http://localhost:5008/swagger-ui-standalone-preset.js - -
[2023-10-24 11:21:57.570 +01:00  INF]  Request finished HTTP/1.1 GET http://localhost:5008/index.html - - - 200 - text/html;charset=utf-8 2655.4049ms
[2023-10-24 11:21:57.586 +01:00  INF]  Request finished HTTP/1.1 GET http://localhost:5008/_framework/aspnetcore-browser-refresh.js - - - 200 12370 application/javascript;+charset=utf-8 64.7426ms
[2023-10-24 11:21:57.732 +01:00  INF]  Sending file. Request path: '/swagger-ui-standalone-preset.js'. Physical path: 'N/A'
[2023-10-24 11:21:57.732 +01:00  INF]  Sending file. Request path: '/swagger-ui.css'. Physical path: 'N/A'
[2023-10-24 11:21:57.753 +01:00  INF]  Request finished HTTP/1.1 GET http://localhost:5008/swagger-ui-standalone-preset.js - - - 200 312163 text/javascript 248.9842ms
[2023-10-24 11:21:57.755 +01:00  INF]  Sending file. Request path: '/swagger-ui-bundle.js'. Physical path: 'N/A'
[2023-10-24 11:21:57.765 +01:00  INF]  Request finished HTTP/1.1 GET http://localhost:5008/swagger-ui.css - - - 200 144929 text/css 297.9059ms
[2023-10-24 11:21:57.794 +01:00  INF]  Request finished HTTP/1.1 GET http://localhost:5008/swagger-ui-bundle.js - - - 200 1061536 text/javascript 314.5890ms
[2023-10-24 11:21:57.817 +01:00  INF]  Request starting HTTP/1.1 GET http://localhost:5008/_vs/browserLink - -
[2023-10-24 11:21:58.020 +01:00  INF]  Request finished HTTP/1.1 GET http://localhost:5008/_vs/browserLink - - - 200 - text/javascript;+charset=UTF-8 201.0123ms
[2023-10-24 11:21:58.565 +01:00  INF]  Request starting HTTP/1.1 GET http://localhost:5008/swagger/v1/swagger.json - -
[2023-10-24 11:21:59.844 +01:00  INF]  Request finished HTTP/1.1 GET http://localhost:5008/swagger/v1/swagger.json - - - 200 - application/json;charset=utf-8 1278.9993ms
[2023-10-24 11:24:43.013 +01:00  INF]  Request starting HTTP/1.1 POST http://localhost:5008/api/Auth/Login application/json 93
[2023-10-24 11:24:43.032 +01:00  INF]  CORS policy execution successful.
[2023-10-24 11:24:43.290 +01:00  WRN]  Failed to determine the https port for redirect.
[2023-10-24 11:24:43.632 +01:00  INF]  Executing endpoint 'hrms_be_backend_api.Controllers.AuthController.Login (hrms-be-backend-api)'
[2023-10-24 11:24:43.694 +01:00  INF]  Route matched with {action = "Login", controller = "Auth"}. Executing controller action with signature System.Threading.Tasks.Task`1[Microsoft.AspNetCore.Mvc.IActionResult] Login(hrms_be_backend_data.ViewModel.LoginModel) on controller hrms_be_backend_api.Controllers.AuthController (hrms-be-backend-api).
[2023-10-24 11:24:45.096 +01:00  INF]  Executing OkObjectResult, writing value of type 'hrms_be_backend_common.Communication.ExecutedResult`1[[hrms_be_backend_data.ViewModel.LoginResponse, hrms-be-backend-data, Version=1.0.0.0, Culture=neutral, PublicKeyToken=null]]'.
[2023-10-24 11:24:45.137 +01:00  INF]  Executed action hrms_be_backend_api.Controllers.AuthController.Login (hrms-be-backend-api) in 1416.5785ms
[2023-10-24 11:24:45.148 +01:00  INF]  Executed endpoint 'hrms_be_backend_api.Controllers.AuthController.Login (hrms-be-backend-api)'
[2023-10-24 11:24:45.155 +01:00  INF]  Request finished HTTP/1.1 POST http://localhost:5008/api/Auth/Login application/json 93 - 200 - application/json;+charset=utf-8 2141.5983ms
[2023-10-24 11:25:03.189 +01:00  INF]  Request starting HTTP/1.1 POST http://localhost:5008/api/Auth/Logout application/json 64
[2023-10-24 11:25:03.210 +01:00  INF]  CORS policy execution successful.
[2023-10-24 11:25:03.216 +01:00  INF]  Executing endpoint 'hrms_be_backend_api.Controllers.AuthController.Logout (hrms-be-backend-api)'
[2023-10-24 11:25:03.240 +01:00  INF]  Route matched with {action = "Logout", controller = "Auth"}. Executing controller action with signature System.Threading.Tasks.Task`1[Microsoft.AspNetCore.Mvc.IActionResult] Logout(hrms_be_backend_data.RepoPayload.LogoutDto) on controller hrms_be_backend_api.Controllers.AuthController (hrms-be-backend-api).
[2023-10-24 11:25:03.341 +01:00  INF]  Executing OkObjectResult, writing value of type 'hrms_be_backend_data.ViewModel.BaseResponse'.
[2023-10-24 11:25:03.348 +01:00  INF]  Executed action hrms_be_backend_api.Controllers.AuthController.Logout (hrms-be-backend-api) in 103.1152ms
[2023-10-24 11:25:03.352 +01:00  INF]  Executed endpoint 'hrms_be_backend_api.Controllers.AuthController.Logout (hrms-be-backend-api)'
[2023-10-24 11:25:03.355 +01:00  INF]  Request finished HTTP/1.1 POST http://localhost:5008/api/Auth/Logout application/json 64 - 200 - application/json;+charset=utf-8 165.3301ms
[2023-10-24 11:25:09.185 +01:00  INF]  Request starting HTTP/1.1 POST http://localhost:5008/api/Auth/Login application/json 93
[2023-10-24 11:25:09.188 +01:00  INF]  CORS policy execution successful.
[2023-10-24 11:25:09.197 +01:00  INF]  Executing endpoint 'hrms_be_backend_api.Controllers.AuthController.Login (hrms-be-backend-api)'
[2023-10-24 11:25:09.208 +01:00  INF]  Route matched with {action = "Login", controller = "Auth"}. Executing controller action with signature System.Threading.Tasks.Task`1[Microsoft.AspNetCore.Mvc.IActionResult] Login(hrms_be_backend_data.ViewModel.LoginModel) on controller hrms_be_backend_api.Controllers.AuthController (hrms-be-backend-api).
[2023-10-24 11:25:10.862 +01:00  INF]  Executing OkObjectResult, writing value of type 'hrms_be_backend_common.Communication.ExecutedResult`1[[hrms_be_backend_data.ViewModel.LoginResponse, hrms-be-backend-data, Version=1.0.0.0, Culture=neutral, PublicKeyToken=null]]'.
[2023-10-24 11:25:10.868 +01:00  INF]  Executed action hrms_be_backend_api.Controllers.AuthController.Login (hrms-be-backend-api) in 1655.716ms
[2023-10-24 11:25:10.871 +01:00  INF]  Executed endpoint 'hrms_be_backend_api.Controllers.AuthController.Login (hrms-be-backend-api)'
[2023-10-24 11:25:10.876 +01:00  INF]  Request finished HTTP/1.1 POST http://localhost:5008/api/Auth/Login application/json 93 - 200 - application/json;+charset=utf-8 1690.3057ms
[2023-10-24 11:26:28.086 +01:00  INF]  Request starting HTTP/1.1 POST http://localhost:5008/api/Payroll/CreatePayroll application/json 760
[2023-10-24 11:26:28.098 +01:00  INF]  CORS policy execution successful.
[2023-10-24 11:26:28.233 +01:00  INF]  Executing endpoint 'hrms_be_backend_api.Controllers.PayrollController.CreatePayroll (hrms-be-backend-api)'
[2023-10-24 11:26:28.271 +01:00  INF]  Route matched with {action = "CreatePayroll", controller = "Payroll"}. Executing controller action with signature System.Threading.Tasks.Task`1[Microsoft.AspNetCore.Mvc.IActionResult] CreatePayroll(hrms_be_backend_common.DTO.PayrollCreateDto) on controller hrms_be_backend_api.Controllers.PayrollController (hrms-be-backend-api).
[2023-10-24 11:26:29.450 +01:00  INF]  Executing OkObjectResult, writing value of type 'hrms_be_backend_common.Communication.ExecutedResult`1[[System.String, System.Private.CoreLib, Version=7.0.0.0, Culture=neutral, PublicKeyToken=7cec85d7bea7798e]]'.
[2023-10-24 11:26:29.465 +01:00  INF]  Executed action hrms_be_backend_api.Controllers.PayrollController.CreatePayroll (hrms-be-backend-api) in 1160.3611ms
[2023-10-24 11:26:29.474 +01:00  INF]  Executed endpoint 'hrms_be_backend_api.Controllers.PayrollController.CreatePayroll (hrms-be-backend-api)'
[2023-10-24 11:26:29.482 +01:00  INF]  Request finished HTTP/1.1 POST http://localhost:5008/api/Payroll/CreatePayroll application/json 760 - 200 - application/json;+charset=utf-8 1397.0671ms
[2023-10-24 11:26:54.344 +01:00  INF]  Request starting HTTP/1.1 POST http://localhost:5008/api/Payroll/CreatePayroll application/json 760
[2023-10-24 11:26:54.358 +01:00  INF]  CORS policy execution successful.
[2023-10-24 11:26:54.367 +01:00  INF]  Executing endpoint 'hrms_be_backend_api.Controllers.PayrollController.CreatePayroll (hrms-be-backend-api)'
[2023-10-24 11:26:54.375 +01:00  INF]  Route matched with {action = "CreatePayroll", controller = "Payroll"}. Executing controller action with signature System.Threading.Tasks.Task`1[Microsoft.AspNetCore.Mvc.IActionResult] CreatePayroll(hrms_be_backend_common.DTO.PayrollCreateDto) on controller hrms_be_backend_api.Controllers.PayrollController (hrms-be-backend-api).
[2023-10-24 11:27:03.121 +01:00  ERR]  PayrollRepository -> ProcessPayrollEarnings => System.Data.SqlClient.SqlException (0x80131904): Cannot insert the value NULL into column 'EarningsId', table 'HrmsDbNew.dbo.PayrollEarnings'; column does not allow nulls. INSERT fails.
The statement has been terminated.
   at hrms_be_backend_data.Repository.DapperGenericRepository.Get[T](String sp, DynamicParameters parms, CommandType commandType) in C:\Users\peter.omolayo\source\repos\hrms-be-backend\hrms-be-backend-data\Repository\DapperGenericRepository.cs:line 79
   at hrms_be_backend_data.Repository.PayrollRepository.ProcessPayrollEarnings(PayrollEarningsReq payload) in C:\Users\peter.omolayo\source\repos\hrms-be-backend\hrms-be-backend-data\Repository\PayrollRepository.cs:line 123
ClientConnectionId:cd185247-a6b1-41c0-9d60-38010b15c81d
Error Number:515,State:2,Class:16
[2023-10-24 11:27:43.188 +01:00  INF]  Executing OkObjectResult, writing value of type 'hrms_be_backend_common.Communication.ExecutedResult`1[[System.String, System.Private.CoreLib, Version=7.0.0.0, Culture=neutral, PublicKeyToken=7cec85d7bea7798e]]'.
[2023-10-24 11:27:43.193 +01:00  INF]  Executed action hrms_be_backend_api.Controllers.PayrollController.CreatePayroll (hrms-be-backend-api) in 48806.5344ms
[2023-10-24 11:27:43.198 +01:00  INF]  Executed endpoint 'hrms_be_backend_api.Controllers.PayrollController.CreatePayroll (hrms-be-backend-api)'
[2023-10-24 11:27:43.205 +01:00  INF]  Request finished HTTP/1.1 POST http://localhost:5008/api/Payroll/CreatePayroll application/json 760 - 200 - application/json;+charset=utf-8 48862.4172ms
[2023-10-24 11:28:01.498 +01:00  INF]  Request starting HTTP/1.1 GET http://localhost:5008/api/Payroll/GetPayrolls?PageNumber=1&PageSize=10 - -
[2023-10-24 11:28:01.524 +01:00  INF]  Executing endpoint 'hrms_be_backend_api.Controllers.PayrollController.GetPayrolls (hrms-be-backend-api)'
[2023-10-24 11:28:01.546 +01:00  INF]  Route matched with {action = "GetPayrolls", controller = "Payroll"}. Executing controller action with signature System.Threading.Tasks.Task`1[Microsoft.AspNetCore.Mvc.IActionResult] GetPayrolls(hrms_be_backend_common.Communication.PaginationFilter) on controller hrms_be_backend_api.Controllers.PayrollController (hrms-be-backend-api).
[2023-10-24 11:28:03.673 +01:00  INF]  Executing OkObjectResult, writing value of type 'hrms_be_backend_common.Communication.PagedExcutedResult`1[[System.Collections.Generic.IEnumerable`1[[hrms_be_backend_data.ViewModel.PayrollAllView, hrms-be-backend-data, Version=1.0.0.0, Culture=neutral, PublicKeyToken=null]], System.Private.CoreLib, Version=7.0.0.0, Culture=neutral, PublicKeyToken=7cec85d7bea7798e]]'.
[2023-10-24 11:28:03.698 +01:00  INF]  Executed action hrms_be_backend_api.Controllers.PayrollController.GetPayrolls (hrms-be-backend-api) in 2140.1465ms
[2023-10-24 11:28:03.704 +01:00  INF]  Executed endpoint 'hrms_be_backend_api.Controllers.PayrollController.GetPayrolls (hrms-be-backend-api)'
[2023-10-24 11:28:03.707 +01:00  INF]  Request finished HTTP/1.1 GET http://localhost:5008/api/Payroll/GetPayrolls?PageNumber=1&PageSize=10 - - - 200 - application/json;+charset=utf-8 2209.0628ms
[2023-10-24 11:28:33.197 +01:00  INF]  Request starting HTTP/1.1 GET http://localhost:5008/api/Payroll/GetPayrollById?PayrollId=8 - -
[2023-10-24 11:28:33.203 +01:00  INF]  Executing endpoint 'hrms_be_backend_api.Controllers.PayrollController.GetPayrollById (hrms-be-backend-api)'
[2023-10-24 11:28:33.211 +01:00  INF]  Route matched with {action = "GetPayrollById", controller = "Payroll"}. Executing controller action with signature System.Threading.Tasks.Task`1[Microsoft.AspNetCore.Mvc.IActionResult] GetPayrollById(Int64) on controller hrms_be_backend_api.Controllers.PayrollController (hrms-be-backend-api).
[2023-10-24 11:28:43.345 +01:00  INF]  Executing OkObjectResult, writing value of type 'hrms_be_backend_common.Communication.ExecutedResult`1[[hrms_be_backend_data.ViewModel.PayrollSingleView, hrms-be-backend-data, Version=1.0.0.0, Culture=neutral, PublicKeyToken=null]]'.
[2023-10-24 11:28:43.373 +01:00  INF]  Executed action hrms_be_backend_api.Controllers.PayrollController.GetPayrollById (hrms-be-backend-api) in 10157.4842ms
[2023-10-24 11:28:43.378 +01:00  INF]  Executed endpoint 'hrms_be_backend_api.Controllers.PayrollController.GetPayrollById (hrms-be-backend-api)'
[2023-10-24 11:28:43.381 +01:00  INF]  Request finished HTTP/1.1 GET http://localhost:5008/api/Payroll/GetPayrollById?PayrollId=8 - - - 200 - application/json;+charset=utf-8 10230.7810ms
[2023-10-24 13:02:33.618 +01:00  INF]  User profile is available. Using 'C:\Users\peter.omolayo\AppData\Local\ASP.NET\DataProtection-Keys' as key repository and Windows DPAPI to encrypt keys at rest.
[2023-10-24 13:02:34.266 +01:00  INF]  Now listening on: http://localhost:5008
[2023-10-24 13:02:34.270 +01:00  INF]  Application started. Press Ctrl+C to shut down.
[2023-10-24 13:02:34.272 +01:00  INF]  Hosting environment: Development
[2023-10-24 13:02:34.274 +01:00  INF]  Content root path: C:\Users\peter.omolayo\source\repos\hrms-be-backend\hrms-be-backend-api
[2023-10-24 13:02:35.997 +01:00  INF]  Request starting HTTP/1.1 GET http://localhost:5008/index.html - -
[2023-10-24 13:02:37.721 +01:00  INF]  Request starting HTTP/1.1 GET http://localhost:5008/_framework/aspnetcore-browser-refresh.js - -
[2023-10-24 13:02:37.760 +01:00  INF]  Request finished HTTP/1.1 GET http://localhost:5008/index.html - - - 200 - text/html;charset=utf-8 1769.1335ms
[2023-10-24 13:02:37.766 +01:00  INF]  Request finished HTTP/1.1 GET http://localhost:5008/_framework/aspnetcore-browser-refresh.js - - - 200 12370 application/javascript;+charset=utf-8 44.5713ms
[2023-10-24 13:02:37.790 +01:00  INF]  Request starting HTTP/1.1 GET http://localhost:5008/_vs/browserLink - -
[2023-10-24 13:02:37.920 +01:00  INF]  Request finished HTTP/1.1 GET http://localhost:5008/_vs/browserLink - - - 200 - text/javascript;+charset=UTF-8 129.6714ms
[2023-10-24 13:02:38.655 +01:00  INF]  Request starting HTTP/1.1 GET http://localhost:5008/swagger/v1/swagger.json - -
[2023-10-24 13:02:40.120 +01:00  INF]  Request finished HTTP/1.1 GET http://localhost:5008/swagger/v1/swagger.json - - - 200 - application/json;charset=utf-8 1465.2602ms
[2023-10-24 13:04:58.997 +01:00  INF]  User profile is available. Using 'C:\Users\peter.omolayo\AppData\Local\ASP.NET\DataProtection-Keys' as key repository and Windows DPAPI to encrypt keys at rest.
[2023-10-24 13:04:59.770 +01:00  INF]  Now listening on: http://localhost:5008
[2023-10-24 13:04:59.779 +01:00  INF]  Application started. Press Ctrl+C to shut down.
[2023-10-24 13:04:59.783 +01:00  INF]  Hosting environment: Development
[2023-10-24 13:04:59.787 +01:00  INF]  Content root path: C:\Users\peter.omolayo\source\repos\hrms-be-backend\hrms-be-backend-api
[2023-10-24 13:05:01.926 +01:00  INF]  Request starting HTTP/1.1 GET http://localhost:5008/index.html - -
[2023-10-24 13:05:04.103 +01:00  INF]  Request starting HTTP/1.1 GET http://localhost:5008/_framework/aspnetcore-browser-refresh.js - -
[2023-10-24 13:05:04.104 +01:00  INF]  Request starting HTTP/1.1 GET http://localhost:5008/_vs/browserLink - -
[2023-10-24 13:05:04.120 +01:00  INF]  Request finished HTTP/1.1 GET http://localhost:5008/index.html - - - 200 - text/html;charset=utf-8 2199.2680ms
[2023-10-24 13:05:04.127 +01:00  INF]  Request finished HTTP/1.1 GET http://localhost:5008/_framework/aspnetcore-browser-refresh.js - - - 200 12370 application/javascript;+charset=utf-8 23.6691ms
[2023-10-24 13:05:04.169 +01:00  INF]  Request finished HTTP/1.1 GET http://localhost:5008/_vs/browserLink - - - 200 - text/javascript;+charset=UTF-8 64.9565ms
[2023-10-24 13:05:04.332 +01:00  INF]  Request starting HTTP/1.1 GET http://localhost:5008/swagger/v1/swagger.json - -
[2023-10-24 13:05:05.412 +01:00  INF]  Request finished HTTP/1.1 GET http://localhost:5008/swagger/v1/swagger.json - - - 200 - application/json;charset=utf-8 1078.5700ms
[2023-10-24 13:05:23.774 +01:00  INF]  Request starting HTTP/1.1 POST http://localhost:5008/api/Auth/Login application/json 93
[2023-10-24 13:05:23.793 +01:00  INF]  CORS policy execution successful.
[2023-10-24 13:05:23.806 +01:00  WRN]  Failed to determine the https port for redirect.
[2023-10-24 13:05:24.229 +01:00  INF]  Executing endpoint 'hrms_be_backend_api.Controllers.AuthController.Login (hrms-be-backend-api)'
[2023-10-24 13:05:24.333 +01:00  INF]  Route matched with {action = "Login", controller = "Auth"}. Executing controller action with signature System.Threading.Tasks.Task`1[Microsoft.AspNetCore.Mvc.IActionResult] Login(hrms_be_backend_data.ViewModel.LoginModel) on controller hrms_be_backend_api.Controllers.AuthController (hrms-be-backend-api).
[2023-10-24 13:05:25.761 +01:00  INF]  Executing OkObjectResult, writing value of type 'hrms_be_backend_common.Communication.ExecutedResult`1[[hrms_be_backend_data.ViewModel.LoginResponse, hrms-be-backend-data, Version=1.0.0.0, Culture=neutral, PublicKeyToken=null]]'.
[2023-10-24 13:05:25.784 +01:00  INF]  Executed action hrms_be_backend_api.Controllers.AuthController.Login (hrms-be-backend-api) in 1414.2984ms
[2023-10-24 13:05:25.795 +01:00  INF]  Executed endpoint 'hrms_be_backend_api.Controllers.AuthController.Login (hrms-be-backend-api)'
[2023-10-24 13:05:25.799 +01:00  INF]  Request finished HTTP/1.1 POST http://localhost:5008/api/Auth/Login application/json 93 - 200 - application/json;+charset=utf-8 2021.1991ms
[2023-10-24 13:05:35.855 +01:00  INF]  Request starting HTTP/1.1 POST http://localhost:5008/api/Auth/Logout application/json 64
[2023-10-24 13:05:35.877 +01:00  INF]  CORS policy execution successful.
[2023-10-24 13:05:35.885 +01:00  INF]  Executing endpoint 'hrms_be_backend_api.Controllers.AuthController.Logout (hrms-be-backend-api)'
[2023-10-24 13:05:35.919 +01:00  INF]  Route matched with {action = "Logout", controller = "Auth"}. Executing controller action with signature System.Threading.Tasks.Task`1[Microsoft.AspNetCore.Mvc.IActionResult] Logout(hrms_be_backend_data.RepoPayload.LogoutDto) on controller hrms_be_backend_api.Controllers.AuthController (hrms-be-backend-api).
[2023-10-24 13:05:36.037 +01:00  INF]  Executing OkObjectResult, writing value of type 'hrms_be_backend_data.ViewModel.BaseResponse'.
[2023-10-24 13:05:36.050 +01:00  INF]  Executed action hrms_be_backend_api.Controllers.AuthController.Logout (hrms-be-backend-api) in 114.7381ms
[2023-10-24 13:05:36.056 +01:00  INF]  Executed endpoint 'hrms_be_backend_api.Controllers.AuthController.Logout (hrms-be-backend-api)'
[2023-10-24 13:05:36.066 +01:00  INF]  Request finished HTTP/1.1 POST http://localhost:5008/api/Auth/Logout application/json 64 - 200 - application/json;+charset=utf-8 210.7387ms
[2023-10-24 13:05:43.739 +01:00  INF]  Request starting HTTP/1.1 POST http://localhost:5008/api/Auth/Login application/json 93
[2023-10-24 13:05:43.746 +01:00  INF]  CORS policy execution successful.
[2023-10-24 13:05:43.754 +01:00  INF]  Executing endpoint 'hrms_be_backend_api.Controllers.AuthController.Login (hrms-be-backend-api)'
[2023-10-24 13:05:43.760 +01:00  INF]  Route matched with {action = "Login", controller = "Auth"}. Executing controller action with signature System.Threading.Tasks.Task`1[Microsoft.AspNetCore.Mvc.IActionResult] Login(hrms_be_backend_data.ViewModel.LoginModel) on controller hrms_be_backend_api.Controllers.AuthController (hrms-be-backend-api).
[2023-10-24 13:05:46.271 +01:00  INF]  Executing OkObjectResult, writing value of type 'hrms_be_backend_common.Communication.ExecutedResult`1[[hrms_be_backend_data.ViewModel.LoginResponse, hrms-be-backend-data, Version=1.0.0.0, Culture=neutral, PublicKeyToken=null]]'.
[2023-10-24 13:05:46.279 +01:00  INF]  Executed action hrms_be_backend_api.Controllers.AuthController.Login (hrms-be-backend-api) in 2506.8038ms
[2023-10-24 13:05:46.286 +01:00  INF]  Executed endpoint 'hrms_be_backend_api.Controllers.AuthController.Login (hrms-be-backend-api)'
[2023-10-24 13:05:46.290 +01:00  INF]  Request finished HTTP/1.1 POST http://localhost:5008/api/Auth/Login application/json 93 - 200 - application/json;+charset=utf-8 2546.4760ms
[2023-10-24 13:08:42.829 +01:00  INF]  Request starting HTTP/1.1 POST http://localhost:5008/api/Payroll/CreatePayroll application/json 762
[2023-10-24 13:08:42.835 +01:00  INF]  CORS policy execution successful.
[2023-10-24 13:08:42.934 +01:00  INF]  Executing endpoint 'hrms_be_backend_api.Controllers.PayrollController.CreatePayroll (hrms-be-backend-api)'
[2023-10-24 13:08:42.943 +01:00  INF]  Route matched with {action = "CreatePayroll", controller = "Payroll"}. Executing controller action with signature System.Threading.Tasks.Task`1[Microsoft.AspNetCore.Mvc.IActionResult] CreatePayroll(hrms_be_backend_common.DTO.PayrollCreateDto) on controller hrms_be_backend_api.Controllers.PayrollController (hrms-be-backend-api).
[2023-10-24 13:08:44.033 +01:00  INF]  Executing OkObjectResult, writing value of type 'hrms_be_backend_common.Communication.ExecutedResult`1[[System.String, System.Private.CoreLib, Version=7.0.0.0, Culture=neutral, PublicKeyToken=7cec85d7bea7798e]]'.
[2023-10-24 13:08:44.040 +01:00  INF]  Executed action hrms_be_backend_api.Controllers.PayrollController.CreatePayroll (hrms-be-backend-api) in 1093.1373ms
[2023-10-24 13:08:44.051 +01:00  INF]  Executed endpoint 'hrms_be_backend_api.Controllers.PayrollController.CreatePayroll (hrms-be-backend-api)'
[2023-10-24 13:08:44.057 +01:00  INF]  Request finished HTTP/1.1 POST http://localhost:5008/api/Payroll/CreatePayroll application/json 762 - 200 - application/json;+charset=utf-8 1227.8713ms
[2023-10-24 13:08:58.072 +01:00  INF]  Request starting HTTP/1.1 POST http://localhost:5008/api/Payroll/CreatePayroll application/json 756
[2023-10-24 13:08:58.079 +01:00  INF]  CORS policy execution successful.
[2023-10-24 13:08:58.086 +01:00  INF]  Executing endpoint 'hrms_be_backend_api.Controllers.PayrollController.CreatePayroll (hrms-be-backend-api)'
[2023-10-24 13:08:58.091 +01:00  INF]  Route matched with {action = "CreatePayroll", controller = "Payroll"}. Executing controller action with signature System.Threading.Tasks.Task`1[Microsoft.AspNetCore.Mvc.IActionResult] CreatePayroll(hrms_be_backend_common.DTO.PayrollCreateDto) on controller hrms_be_backend_api.Controllers.PayrollController (hrms-be-backend-api).
[2023-10-24 13:09:19.856 +01:00  ERR]  PayrollRepository -> ProcessPayrollEarnings => System.Data.SqlClient.SqlException (0x80131904): Cannot insert the value NULL into column 'EarningsId', table 'HrmsDbNew.dbo.PayrollEarnings'; column does not allow nulls. INSERT fails.
The statement has been terminated.
   at hrms_be_backend_data.Repository.DapperGenericRepository.Get[T](String sp, DynamicParameters parms, CommandType commandType) in C:\Users\peter.omolayo\source\repos\hrms-be-backend\hrms-be-backend-data\Repository\DapperGenericRepository.cs:line 79
   at hrms_be_backend_data.Repository.PayrollRepository.ProcessPayrollEarnings(PayrollEarningsReq payload) in C:\Users\peter.omolayo\source\repos\hrms-be-backend\hrms-be-backend-data\Repository\PayrollRepository.cs:line 123
ClientConnectionId:9973458e-b19d-4652-8e92-a9ec7d76bc94
Error Number:515,State:2,Class:16
[2023-10-24 13:11:28.465 +01:00  INF]  Executing OkObjectResult, writing value of type 'hrms_be_backend_common.Communication.ExecutedResult`1[[System.String, System.Private.CoreLib, Version=7.0.0.0, Culture=neutral, PublicKeyToken=7cec85d7bea7798e]]'.
[2023-10-24 13:11:28.470 +01:00  INF]  Executed action hrms_be_backend_api.Controllers.PayrollController.CreatePayroll (hrms-be-backend-api) in 150368.5566ms
[2023-10-24 13:11:28.473 +01:00  INF]  Executed endpoint 'hrms_be_backend_api.Controllers.PayrollController.CreatePayroll (hrms-be-backend-api)'
[2023-10-24 13:11:28.476 +01:00  INF]  Request finished HTTP/1.1 POST http://localhost:5008/api/Payroll/CreatePayroll application/json 756 - 200 - application/json;+charset=utf-8 150404.3466ms
[2023-10-24 13:11:39.288 +01:00  INF]  Request starting HTTP/1.1 POST http://localhost:5008/api/Payroll/CreatePayroll application/json 756
[2023-10-24 13:11:39.300 +01:00  INF]  CORS policy execution successful.
[2023-10-24 13:11:39.307 +01:00  INF]  Executing endpoint 'hrms_be_backend_api.Controllers.PayrollController.CreatePayroll (hrms-be-backend-api)'
[2023-10-24 13:11:39.316 +01:00  INF]  Route matched with {action = "CreatePayroll", controller = "Payroll"}. Executing controller action with signature System.Threading.Tasks.Task`1[Microsoft.AspNetCore.Mvc.IActionResult] CreatePayroll(hrms_be_backend_common.DTO.PayrollCreateDto) on controller hrms_be_backend_api.Controllers.PayrollController (hrms-be-backend-api).
[2023-10-24 13:11:46.243 +01:00  INF]  Executing OkObjectResult, writing value of type 'hrms_be_backend_common.Communication.ExecutedResult`1[[System.String, System.Private.CoreLib, Version=7.0.0.0, Culture=neutral, PublicKeyToken=7cec85d7bea7798e]]'.
[2023-10-24 13:11:46.250 +01:00  INF]  Executed action hrms_be_backend_api.Controllers.PayrollController.CreatePayroll (hrms-be-backend-api) in 6925.4631ms
[2023-10-24 13:11:46.256 +01:00  INF]  Executed endpoint 'hrms_be_backend_api.Controllers.PayrollController.CreatePayroll (hrms-be-backend-api)'
[2023-10-24 13:11:46.264 +01:00  INF]  Request finished HTTP/1.1 POST http://localhost:5008/api/Payroll/CreatePayroll application/json 756 - 200 - application/json;+charset=utf-8 6976.0999ms
[2023-10-24 13:13:16.455 +01:00  INF]  Request starting HTTP/1.1 POST http://localhost:5008/api/Payroll/CreatePayroll application/json 756
[2023-10-24 13:13:16.463 +01:00  INF]  CORS policy execution successful.
[2023-10-24 13:13:16.470 +01:00  INF]  Executing endpoint 'hrms_be_backend_api.Controllers.PayrollController.CreatePayroll (hrms-be-backend-api)'
[2023-10-24 13:13:16.473 +01:00  INF]  Route matched with {action = "CreatePayroll", controller = "Payroll"}. Executing controller action with signature System.Threading.Tasks.Task`1[Microsoft.AspNetCore.Mvc.IActionResult] CreatePayroll(hrms_be_backend_common.DTO.PayrollCreateDto) on controller hrms_be_backend_api.Controllers.PayrollController (hrms-be-backend-api).
[2023-10-24 13:15:10.981 +01:00  INF]  Executing OkObjectResult, writing value of type 'hrms_be_backend_common.Communication.ExecutedResult`1[[System.String, System.Private.CoreLib, Version=7.0.0.0, Culture=neutral, PublicKeyToken=7cec85d7bea7798e]]'.
[2023-10-24 13:15:10.986 +01:00  INF]  Executed action hrms_be_backend_api.Controllers.PayrollController.CreatePayroll (hrms-be-backend-api) in 114508.8078ms
[2023-10-24 13:15:11.001 +01:00  INF]  Executed endpoint 'hrms_be_backend_api.Controllers.PayrollController.CreatePayroll (hrms-be-backend-api)'
[2023-10-24 13:15:11.032 +01:00  INF]  Request finished HTTP/1.1 POST http://localhost:5008/api/Payroll/CreatePayroll application/json 756 - 200 - application/json;+charset=utf-8 114576.9861ms
[2023-10-24 13:16:19.634 +01:00  INF]  Request starting HTTP/1.1 POST http://localhost:5008/api/Payroll/CreatePayroll application/json 756
[2023-10-24 13:16:19.778 +01:00  INF]  CORS policy execution successful.
[2023-10-24 13:16:19.913 +01:00  INF]  Executing endpoint 'hrms_be_backend_api.Controllers.PayrollController.CreatePayroll (hrms-be-backend-api)'
[2023-10-24 13:16:20.233 +01:00  INF]  Route matched with {action = "CreatePayroll", controller = "Payroll"}. Executing controller action with signature System.Threading.Tasks.Task`1[Microsoft.AspNetCore.Mvc.IActionResult] CreatePayroll(hrms_be_backend_common.DTO.PayrollCreateDto) on controller hrms_be_backend_api.Controllers.PayrollController (hrms-be-backend-api).
[2023-10-24 13:24:13.704 +01:00  INF]  Executing OkObjectResult, writing value of type 'hrms_be_backend_common.Communication.ExecutedResult`1[[System.String, System.Private.CoreLib, Version=7.0.0.0, Culture=neutral, PublicKeyToken=7cec85d7bea7798e]]'.
[2023-10-24 13:24:13.714 +01:00  INF]  Executed action hrms_be_backend_api.Controllers.PayrollController.CreatePayroll (hrms-be-backend-api) in 473129.7406ms
[2023-10-24 13:24:13.722 +01:00  INF]  Executed endpoint 'hrms_be_backend_api.Controllers.PayrollController.CreatePayroll (hrms-be-backend-api)'
[2023-10-24 13:24:13.729 +01:00  INF]  Request finished HTTP/1.1 POST http://localhost:5008/api/Payroll/CreatePayroll application/json 756 - 200 - application/json;+charset=utf-8 474095.4395ms
[2023-10-24 13:24:38.879 +01:00  INF]  Request starting HTTP/1.1 GET http://localhost:5008/api/Payroll/GetPayrollById?PayrollId=12 - -
[2023-10-24 13:24:38.886 +01:00  INF]  Executing endpoint 'hrms_be_backend_api.Controllers.PayrollController.GetPayrollById (hrms-be-backend-api)'
[2023-10-24 13:24:38.941 +01:00  INF]  Route matched with {action = "GetPayrollById", controller = "Payroll"}. Executing controller action with signature System.Threading.Tasks.Task`1[Microsoft.AspNetCore.Mvc.IActionResult] GetPayrollById(Int64) on controller hrms_be_backend_api.Controllers.PayrollController (hrms-be-backend-api).
[2023-10-24 16:26:15.107 +01:00  INF]  User profile is available. Using 'C:\Users\peter.omolayo\AppData\Local\ASP.NET\DataProtection-Keys' as key repository and Windows DPAPI to encrypt keys at rest.
[2023-10-24 16:26:15.968 +01:00  INF]  Now listening on: http://localhost:5008
[2023-10-24 16:26:15.988 +01:00  INF]  Application started. Press Ctrl+C to shut down.
[2023-10-24 16:26:15.991 +01:00  INF]  Hosting environment: Development
[2023-10-24 16:26:15.993 +01:00  INF]  Content root path: C:\Users\peter.omolayo\source\repos\hrms-be-backend\hrms-be-backend-api
[2023-10-24 16:26:17.330 +01:00  INF]  Request starting HTTP/1.1 GET http://localhost:5008/index.html - -
[2023-10-24 16:26:19.543 +01:00  INF]  Request starting HTTP/1.1 GET http://localhost:5008/_framework/aspnetcore-browser-refresh.js - -
[2023-10-24 16:26:19.543 +01:00  INF]  Request starting HTTP/1.1 GET http://localhost:5008/_vs/browserLink - -
[2023-10-24 16:26:19.688 +01:00  INF]  Request finished HTTP/1.1 GET http://localhost:5008/index.html - - - 200 - text/html;charset=utf-8 2307.5124ms
[2023-10-24 16:26:19.688 +01:00  INF]  Request finished HTTP/1.1 GET http://localhost:5008/_framework/aspnetcore-browser-refresh.js - - - 200 12370 application/javascript;+charset=utf-8 61.9294ms
[2023-10-24 16:26:19.740 +01:00  INF]  Request finished HTTP/1.1 GET http://localhost:5008/_vs/browserLink - - - 200 - text/javascript;+charset=UTF-8 197.8874ms
[2023-10-24 16:26:19.904 +01:00  INF]  Request starting HTTP/1.1 GET http://localhost:5008/swagger/v1/swagger.json - -
[2023-10-24 16:26:21.691 +01:00  INF]  Request finished HTTP/1.1 GET http://localhost:5008/swagger/v1/swagger.json - - - 200 - application/json;charset=utf-8 1786.4876ms
[2023-10-24 16:28:54.635 +01:00  INF]  Request starting HTTP/1.1 POST http://localhost:5008/api/Auth/Login application/json 93
[2023-10-24 16:28:54.674 +01:00  INF]  CORS policy execution successful.
[2023-10-24 16:28:54.686 +01:00  WRN]  Failed to determine the https port for redirect.
[2023-10-24 16:28:54.896 +01:00  INF]  Executing endpoint 'hrms_be_backend_api.Controllers.AuthController.Login (hrms-be-backend-api)'
[2023-10-24 16:28:54.947 +01:00  INF]  Route matched with {action = "Login", controller = "Auth"}. Executing controller action with signature System.Threading.Tasks.Task`1[Microsoft.AspNetCore.Mvc.IActionResult] Login(hrms_be_backend_data.ViewModel.LoginModel) on controller hrms_be_backend_api.Controllers.AuthController (hrms-be-backend-api).
[2023-10-24 16:28:56.408 +01:00  INF]  Executing OkObjectResult, writing value of type 'hrms_be_backend_common.Communication.ExecutedResult`1[[hrms_be_backend_data.ViewModel.LoginResponse, hrms-be-backend-data, Version=1.0.0.0, Culture=neutral, PublicKeyToken=null]]'.
[2023-10-24 16:28:56.429 +01:00  INF]  Executed action hrms_be_backend_api.Controllers.AuthController.Login (hrms-be-backend-api) in 1466.1236ms
[2023-10-24 16:28:56.438 +01:00  INF]  Executed endpoint 'hrms_be_backend_api.Controllers.AuthController.Login (hrms-be-backend-api)'
[2023-10-24 16:28:56.446 +01:00  INF]  Request finished HTTP/1.1 POST http://localhost:5008/api/Auth/Login application/json 93 - 200 - application/json;+charset=utf-8 1810.9222ms
[2023-10-24 16:29:13.631 +01:00  INF]  Request starting HTTP/1.1 POST http://localhost:5008/api/Auth/Logout application/json 64
[2023-10-24 16:29:13.691 +01:00  INF]  CORS policy execution successful.
[2023-10-24 16:29:13.698 +01:00  INF]  Executing endpoint 'hrms_be_backend_api.Controllers.AuthController.Logout (hrms-be-backend-api)'
[2023-10-24 16:29:13.780 +01:00  INF]  Route matched with {action = "Logout", controller = "Auth"}. Executing controller action with signature System.Threading.Tasks.Task`1[Microsoft.AspNetCore.Mvc.IActionResult] Logout(hrms_be_backend_data.RepoPayload.LogoutDto) on controller hrms_be_backend_api.Controllers.AuthController (hrms-be-backend-api).
[2023-10-24 16:29:13.894 +01:00  INF]  Executing OkObjectResult, writing value of type 'hrms_be_backend_data.ViewModel.BaseResponse'.
[2023-10-24 16:29:13.904 +01:00  INF]  Executed action hrms_be_backend_api.Controllers.AuthController.Logout (hrms-be-backend-api) in 116.8239ms
[2023-10-24 16:29:13.911 +01:00  INF]  Executed endpoint 'hrms_be_backend_api.Controllers.AuthController.Logout (hrms-be-backend-api)'
[2023-10-24 16:29:13.915 +01:00  INF]  Request finished HTTP/1.1 POST http://localhost:5008/api/Auth/Logout application/json 64 - 200 - application/json;+charset=utf-8 283.4820ms
[2023-10-24 16:29:17.982 +01:00  INF]  Request starting HTTP/1.1 POST http://localhost:5008/api/Auth/Login application/json 93
[2023-10-24 16:29:17.988 +01:00  INF]  CORS policy execution successful.
[2023-10-24 16:29:17.996 +01:00  INF]  Executing endpoint 'hrms_be_backend_api.Controllers.AuthController.Login (hrms-be-backend-api)'
[2023-10-24 16:29:18.000 +01:00  INF]  Route matched with {action = "Login", controller = "Auth"}. Executing controller action with signature System.Threading.Tasks.Task`1[Microsoft.AspNetCore.Mvc.IActionResult] Login(hrms_be_backend_data.ViewModel.LoginModel) on controller hrms_be_backend_api.Controllers.AuthController (hrms-be-backend-api).
[2023-10-24 16:29:20.549 +01:00  INF]  Executing OkObjectResult, writing value of type 'hrms_be_backend_common.Communication.ExecutedResult`1[[hrms_be_backend_data.ViewModel.LoginResponse, hrms-be-backend-data, Version=1.0.0.0, Culture=neutral, PublicKeyToken=null]]'.
[2023-10-24 16:29:20.555 +01:00  INF]  Executed action hrms_be_backend_api.Controllers.AuthController.Login (hrms-be-backend-api) in 2544.7438ms
[2023-10-24 16:29:20.561 +01:00  INF]  Executed endpoint 'hrms_be_backend_api.Controllers.AuthController.Login (hrms-be-backend-api)'
[2023-10-24 16:29:20.564 +01:00  INF]  Request finished HTTP/1.1 POST http://localhost:5008/api/Auth/Login application/json 93 - 200 - application/json;+charset=utf-8 2582.1008ms
[2023-10-24 16:30:51.340 +01:00  INF]  Request starting HTTP/1.1 POST http://localhost:5008/api/Payroll/CreatePayroll application/json 727
[2023-10-24 16:30:51.354 +01:00  INF]  CORS policy execution successful.
[2023-10-24 16:30:51.464 +01:00  INF]  Executing endpoint 'hrms_be_backend_api.Controllers.PayrollController.CreatePayroll (hrms-be-backend-api)'
[2023-10-24 16:30:51.473 +01:00  INF]  Route matched with {action = "CreatePayroll", controller = "Payroll"}. Executing controller action with signature System.Threading.Tasks.Task`1[Microsoft.AspNetCore.Mvc.IActionResult] CreatePayroll(hrms_be_backend_common.DTO.PayrollCreateDto) on controller hrms_be_backend_api.Controllers.PayrollController (hrms-be-backend-api).
[2023-10-24 16:32:58.167 +01:00  INF]  Executing OkObjectResult, writing value of type 'hrms_be_backend_common.Communication.ExecutedResult`1[[System.String, System.Private.CoreLib, Version=7.0.0.0, Culture=neutral, PublicKeyToken=7cec85d7bea7798e]]'.
[2023-10-24 16:32:58.175 +01:00  INF]  Executed action hrms_be_backend_api.Controllers.PayrollController.CreatePayroll (hrms-be-backend-api) in 126684.5737ms
[2023-10-24 16:32:58.179 +01:00  INF]  Executed endpoint 'hrms_be_backend_api.Controllers.PayrollController.CreatePayroll (hrms-be-backend-api)'
[2023-10-24 16:32:58.181 +01:00  INF]  Request finished HTTP/1.1 POST http://localhost:5008/api/Payroll/CreatePayroll application/json 727 - 200 - application/json;+charset=utf-8 126830.2758ms
[2023-10-24 16:33:36.326 +01:00  INF]  Request starting HTTP/1.1 POST http://localhost:5008/api/Payroll/CreatePayroll application/json 730
[2023-10-24 16:33:36.334 +01:00  INF]  CORS policy execution successful.
[2023-10-24 16:33:36.342 +01:00  INF]  Executing endpoint 'hrms_be_backend_api.Controllers.PayrollController.CreatePayroll (hrms-be-backend-api)'
[2023-10-24 16:33:36.350 +01:00  INF]  Route matched with {action = "CreatePayroll", controller = "Payroll"}. Executing controller action with signature System.Threading.Tasks.Task`1[Microsoft.AspNetCore.Mvc.IActionResult] CreatePayroll(hrms_be_backend_common.DTO.PayrollCreateDto) on controller hrms_be_backend_api.Controllers.PayrollController (hrms-be-backend-api).
[2023-10-24 16:47:32.423 +01:00  INF]  User profile is available. Using 'C:\Users\peter.omolayo\AppData\Local\ASP.NET\DataProtection-Keys' as key repository and Windows DPAPI to encrypt keys at rest.
[2023-10-24 16:47:32.703 +01:00  INF]  Now listening on: http://localhost:5008
[2023-10-24 16:47:32.706 +01:00  INF]  Application started. Press Ctrl+C to shut down.
[2023-10-24 16:47:32.707 +01:00  INF]  Hosting environment: Development
[2023-10-24 16:47:32.708 +01:00  INF]  Content root path: C:\Users\peter.omolayo\source\repos\hrms-be-backend\hrms-be-backend-api
[2023-10-24 16:47:34.175 +01:00  INF]  Request starting HTTP/1.1 GET http://localhost:5008/index.html - -
[2023-10-24 16:47:35.645 +01:00  INF]  Request starting HTTP/1.1 GET http://localhost:5008/_framework/aspnetcore-browser-refresh.js - -
[2023-10-24 16:47:35.645 +01:00  INF]  Request starting HTTP/1.1 GET http://localhost:5008/_vs/browserLink - -
[2023-10-24 16:47:35.697 +01:00  INF]  Request finished HTTP/1.1 GET http://localhost:5008/_framework/aspnetcore-browser-refresh.js - - - 200 12370 application/javascript;+charset=utf-8 28.9991ms
[2023-10-24 16:47:35.702 +01:00  INF]  Request finished HTTP/1.1 GET http://localhost:5008/index.html - - - 200 - text/html;charset=utf-8 1575.2347ms
[2023-10-24 16:47:35.783 +01:00  INF]  Request finished HTTP/1.1 GET http://localhost:5008/_vs/browserLink - - - 200 - text/javascript;+charset=UTF-8 138.2732ms
[2023-10-24 16:47:36.116 +01:00  INF]  Request starting HTTP/1.1 GET http://localhost:5008/swagger/v1/swagger.json - -
[2023-10-24 16:47:37.300 +01:00  INF]  Request finished HTTP/1.1 GET http://localhost:5008/swagger/v1/swagger.json - - - 200 - application/json;charset=utf-8 1184.6521ms
[2023-10-24 16:48:03.034 +01:00  INF]  Request starting HTTP/1.1 POST http://localhost:5008/api/Auth/Login application/json 93
[2023-10-24 16:48:03.072 +01:00  INF]  CORS policy execution successful.
[2023-10-24 16:48:03.078 +01:00  WRN]  Failed to determine the https port for redirect.
[2023-10-24 16:48:03.261 +01:00  INF]  Executing endpoint 'hrms_be_backend_api.Controllers.AuthController.Login (hrms-be-backend-api)'
[2023-10-24 16:48:03.318 +01:00  INF]  Route matched with {action = "Login", controller = "Auth"}. Executing controller action with signature System.Threading.Tasks.Task`1[Microsoft.AspNetCore.Mvc.IActionResult] Login(hrms_be_backend_data.ViewModel.LoginModel) on controller hrms_be_backend_api.Controllers.AuthController (hrms-be-backend-api).
[2023-10-24 16:48:04.869 +01:00  INF]  Executing OkObjectResult, writing value of type 'hrms_be_backend_common.Communication.ExecutedResult`1[[hrms_be_backend_data.ViewModel.LoginResponse, hrms-be-backend-data, Version=1.0.0.0, Culture=neutral, PublicKeyToken=null]]'.
[2023-10-24 16:48:04.893 +01:00  INF]  Executed action hrms_be_backend_api.Controllers.AuthController.Login (hrms-be-backend-api) in 1561.1104ms
[2023-10-24 16:48:04.908 +01:00  INF]  Executed endpoint 'hrms_be_backend_api.Controllers.AuthController.Login (hrms-be-backend-api)'
[2023-10-24 16:48:04.920 +01:00  INF]  Request finished HTTP/1.1 POST http://localhost:5008/api/Auth/Login application/json 93 - 200 - application/json;+charset=utf-8 1886.6131ms
[2023-10-24 16:48:20.324 +01:00  INF]  Request starting HTTP/1.1 POST http://localhost:5008/api/Auth/Logout application/json 64
[2023-10-24 16:48:20.342 +01:00  INF]  CORS policy execution successful.
[2023-10-24 16:48:20.350 +01:00  INF]  Executing endpoint 'hrms_be_backend_api.Controllers.AuthController.Logout (hrms-be-backend-api)'
[2023-10-24 16:48:20.378 +01:00  INF]  Route matched with {action = "Logout", controller = "Auth"}. Executing controller action with signature System.Threading.Tasks.Task`1[Microsoft.AspNetCore.Mvc.IActionResult] Logout(hrms_be_backend_data.RepoPayload.LogoutDto) on controller hrms_be_backend_api.Controllers.AuthController (hrms-be-backend-api).
[2023-10-24 16:48:20.510 +01:00  INF]  Executing OkObjectResult, writing value of type 'hrms_be_backend_data.ViewModel.BaseResponse'.
[2023-10-24 16:48:20.521 +01:00  INF]  Executed action hrms_be_backend_api.Controllers.AuthController.Logout (hrms-be-backend-api) in 125.5917ms
[2023-10-24 16:48:20.531 +01:00  INF]  Executed endpoint 'hrms_be_backend_api.Controllers.AuthController.Logout (hrms-be-backend-api)'
[2023-10-24 16:48:20.535 +01:00  INF]  Request finished HTTP/1.1 POST http://localhost:5008/api/Auth/Logout application/json 64 - 200 - application/json;+charset=utf-8 210.7370ms
[2023-10-24 16:48:25.567 +01:00  INF]  Request starting HTTP/1.1 POST http://localhost:5008/api/Auth/Login application/json 93
[2023-10-24 16:48:25.569 +01:00  INF]  CORS policy execution successful.
[2023-10-24 16:48:25.580 +01:00  INF]  Executing endpoint 'hrms_be_backend_api.Controllers.AuthController.Login (hrms-be-backend-api)'
[2023-10-24 16:48:25.590 +01:00  INF]  Route matched with {action = "Login", controller = "Auth"}. Executing controller action with signature System.Threading.Tasks.Task`1[Microsoft.AspNetCore.Mvc.IActionResult] Login(hrms_be_backend_data.ViewModel.LoginModel) on controller hrms_be_backend_api.Controllers.AuthController (hrms-be-backend-api).
[2023-10-24 16:48:28.102 +01:00  INF]  Executing OkObjectResult, writing value of type 'hrms_be_backend_common.Communication.ExecutedResult`1[[hrms_be_backend_data.ViewModel.LoginResponse, hrms-be-backend-data, Version=1.0.0.0, Culture=neutral, PublicKeyToken=null]]'.
[2023-10-24 16:48:28.108 +01:00  INF]  Executed action hrms_be_backend_api.Controllers.AuthController.Login (hrms-be-backend-api) in 2505.6499ms
[2023-10-24 16:48:28.119 +01:00  INF]  Executed endpoint 'hrms_be_backend_api.Controllers.AuthController.Login (hrms-be-backend-api)'
[2023-10-24 16:48:28.128 +01:00  INF]  Request finished HTTP/1.1 POST http://localhost:5008/api/Auth/Login application/json 93 - 200 - application/json;+charset=utf-8 2561.2049ms
[2023-10-24 16:49:43.767 +01:00  INF]  Request starting HTTP/1.1 POST http://localhost:5008/api/Payroll/CreatePayroll application/json 743
[2023-10-24 16:49:43.779 +01:00  INF]  CORS policy execution successful.
[2023-10-24 16:49:43.875 +01:00  INF]  Executing endpoint 'hrms_be_backend_api.Controllers.PayrollController.CreatePayroll (hrms-be-backend-api)'
[2023-10-24 16:49:43.888 +01:00  INF]  Route matched with {action = "CreatePayroll", controller = "Payroll"}. Executing controller action with signature System.Threading.Tasks.Task`1[Microsoft.AspNetCore.Mvc.IActionResult] CreatePayroll(hrms_be_backend_common.DTO.PayrollCreateDto) on controller hrms_be_backend_api.Controllers.PayrollController (hrms-be-backend-api).
[2023-10-24 16:49:44.264 +01:00  ERR]  AuthService || (VerifyUser)  Unable to verify access =====>Unauthorized User
[2023-10-24 16:49:44.267 +01:00  INF]  Executing OkObjectResult, writing value of type 'hrms_be_backend_common.Communication.ExecutedResult`1[[System.String, System.Private.CoreLib, Version=7.0.0.0, Culture=neutral, PublicKeyToken=7cec85d7bea7798e]]'.
[2023-10-24 16:49:44.274 +01:00  INF]  Executed action hrms_be_backend_api.Controllers.PayrollController.CreatePayroll (hrms-be-backend-api) in 381.0736ms
[2023-10-24 16:49:44.281 +01:00  INF]  Executed endpoint 'hrms_be_backend_api.Controllers.PayrollController.CreatePayroll (hrms-be-backend-api)'
[2023-10-24 16:49:44.284 +01:00  INF]  Request finished HTTP/1.1 POST http://localhost:5008/api/Payroll/CreatePayroll application/json 743 - 200 - application/json;+charset=utf-8 517.1457ms
[2023-10-24 16:55:39.400 +01:00  INF]  Request starting HTTP/1.1 POST http://localhost:5008/api/Auth/Logout application/json 64
[2023-10-24 16:55:39.402 +01:00  INF]  CORS policy execution successful.
[2023-10-24 16:55:39.408 +01:00  INF]  Executing endpoint 'hrms_be_backend_api.Controllers.AuthController.Logout (hrms-be-backend-api)'
[2023-10-24 16:55:39.412 +01:00  INF]  Route matched with {action = "Logout", controller = "Auth"}. Executing controller action with signature System.Threading.Tasks.Task`1[Microsoft.AspNetCore.Mvc.IActionResult] Logout(hrms_be_backend_data.RepoPayload.LogoutDto) on controller hrms_be_backend_api.Controllers.AuthController (hrms-be-backend-api).
[2023-10-24 16:55:40.106 +01:00  INF]  Executing OkObjectResult, writing value of type 'hrms_be_backend_data.ViewModel.BaseResponse'.
[2023-10-24 16:55:40.117 +01:00  INF]  Executed action hrms_be_backend_api.Controllers.AuthController.Logout (hrms-be-backend-api) in 695.7263ms
[2023-10-24 16:55:40.126 +01:00  INF]  Executed endpoint 'hrms_be_backend_api.Controllers.AuthController.Logout (hrms-be-backend-api)'
[2023-10-24 16:55:40.132 +01:00  INF]  Request finished HTTP/1.1 POST http://localhost:5008/api/Auth/Logout application/json 64 - 200 - application/json;+charset=utf-8 731.7188ms
[2023-10-24 16:55:46.866 +01:00  INF]  Request starting HTTP/1.1 POST http://localhost:5008/api/Auth/Login application/json 93
[2023-10-24 16:55:46.868 +01:00  INF]  CORS policy execution successful.
[2023-10-24 16:55:46.918 +01:00  INF]  Executing endpoint 'hrms_be_backend_api.Controllers.AuthController.Login (hrms-be-backend-api)'
[2023-10-24 16:55:46.921 +01:00  INF]  Route matched with {action = "Login", controller = "Auth"}. Executing controller action with signature System.Threading.Tasks.Task`1[Microsoft.AspNetCore.Mvc.IActionResult] Login(hrms_be_backend_data.ViewModel.LoginModel) on controller hrms_be_backend_api.Controllers.AuthController (hrms-be-backend-api).
[2023-10-24 16:55:48.912 +01:00  INF]  Executing OkObjectResult, writing value of type 'hrms_be_backend_common.Communication.ExecutedResult`1[[hrms_be_backend_data.ViewModel.LoginResponse, hrms-be-backend-data, Version=1.0.0.0, Culture=neutral, PublicKeyToken=null]]'.
[2023-10-24 16:55:48.916 +01:00  INF]  Executed action hrms_be_backend_api.Controllers.AuthController.Login (hrms-be-backend-api) in 1985.8406ms
[2023-10-24 16:55:48.923 +01:00  INF]  Executed endpoint 'hrms_be_backend_api.Controllers.AuthController.Login (hrms-be-backend-api)'
[2023-10-24 16:55:48.927 +01:00  INF]  Request finished HTTP/1.1 POST http://localhost:5008/api/Auth/Login application/json 93 - 200 - application/json;+charset=utf-8 2061.0370ms
[2023-10-24 16:56:59.501 +01:00  INF]  Request starting HTTP/1.1 GET http://localhost:5008/api/Payroll/GetPayrollById?PayrollId=14 - -
[2023-10-24 16:56:59.515 +01:00  INF]  Executing endpoint 'hrms_be_backend_api.Controllers.PayrollController.GetPayrollById (hrms-be-backend-api)'
[2023-10-24 16:56:59.534 +01:00  INF]  Route matched with {action = "GetPayrollById", controller = "Payroll"}. Executing controller action with signature System.Threading.Tasks.Task`1[Microsoft.AspNetCore.Mvc.IActionResult] GetPayrollById(Int64) on controller hrms_be_backend_api.Controllers.PayrollController (hrms-be-backend-api).
[2023-10-24 16:58:38.190 +01:00  INF]  Executing OkObjectResult, writing value of type 'hrms_be_backend_common.Communication.ExecutedResult`1[[hrms_be_backend_data.ViewModel.PayrollSingleView, hrms-be-backend-data, Version=1.0.0.0, Culture=neutral, PublicKeyToken=null]]'.
[2023-10-24 16:58:38.252 +01:00  INF]  Executed action hrms_be_backend_api.Controllers.PayrollController.GetPayrollById (hrms-be-backend-api) in 98711.3714ms
[2023-10-24 16:58:38.256 +01:00  INF]  Executed endpoint 'hrms_be_backend_api.Controllers.PayrollController.GetPayrollById (hrms-be-backend-api)'
[2023-10-24 16:58:38.262 +01:00  INF]  Request finished HTTP/1.1 GET http://localhost:5008/api/Payroll/GetPayrollById?PayrollId=14 - - - 200 - application/json;+charset=utf-8 98761.9337ms
