[2024-04-02 09:06:49.742 +01:00  INF]  User profile is available. Using 'C:\Users\noble.nwabuike\AppData\Local\ASP.NET\DataProtection-Keys' as key repository and Windows DPAPI to encrypt keys at rest.
[2024-04-02 09:06:50.422 +01:00  INF]  Now listening on: http://localhost:5008
[2024-04-02 09:06:50.452 +01:00  INF]  Application started. Press Ctrl+C to shut down.
[2024-04-02 09:06:50.456 +01:00  INF]  Hosting environment: Development
[2024-04-02 09:06:50.466 +01:00  INF]  Content root path: C:\Users\noble.nwabuike\source\repos\hrms-be-backend\hrms-be-backend-api
[2024-04-02 09:07:34.668 +01:00  INF]  User profile is available. Using 'C:\Users\noble.nwabuike\AppData\Local\ASP.NET\DataProtection-Keys' as key repository and Windows DPAPI to encrypt keys at rest.
[2024-04-02 09:07:34.931 +01:00  INF]  Now listening on: http://localhost:5008
[2024-04-02 09:07:34.936 +01:00  INF]  Application started. Press Ctrl+C to shut down.
[2024-04-02 09:07:34.937 +01:00  INF]  Hosting environment: Development
[2024-04-02 09:07:34.938 +01:00  INF]  Content root path: C:\Users\noble.nwabuike\source\repos\hrms-be-backend\hrms-be-backend-api
[2024-04-02 09:07:38.783 +01:00  INF]  Request starting HTTP/1.1 GET http://localhost:5008/index.html - -
[2024-04-02 09:07:39.285 +01:00  INF]  Request finished HTTP/1.1 GET http://localhost:5008/index.html - - - 200 - text/html;charset=utf-8 503.2139ms
[2024-04-02 09:07:50.038 +01:00  INF]  Request starting HTTP/1.1 GET http://localhost:5008/_framework/aspnetcore-browser-refresh.js - -
[2024-04-02 09:07:50.038 +01:00  INF]  Request starting HTTP/1.1 GET http://localhost:5008/_vs/browserLink - -
[2024-04-02 09:07:50.051 +01:00  INF]  Request finished HTTP/1.1 GET http://localhost:5008/_framework/aspnetcore-browser-refresh.js - - - 200 12008 application/javascript;+charset=utf-8 13.9699ms
[2024-04-02 09:07:50.124 +01:00  INF]  Request finished HTTP/1.1 GET http://localhost:5008/_vs/browserLink - - - 200 - text/javascript;+charset=UTF-8 86.2149ms
[2024-04-02 09:07:50.280 +01:00  INF]  Request starting HTTP/1.1 GET http://localhost:5008/swagger/v1/swagger.json - -
[2024-04-02 09:07:50.679 +01:00  INF]  Request finished HTTP/1.1 GET http://localhost:5008/swagger/v1/swagger.json - - - 200 - application/json;charset=utf-8 399.4292ms
[2024-04-02 09:08:27.365 +01:00  INF]  Request starting HTTP/1.1 POST http://localhost:5008/api/Resignation/UploadResignationLetter multipart/form-data;+boundary=----WebKitFormBoundaryv2H2zJ07fbBtwCoz 287115
[2024-04-02 09:08:27.386 +01:00  INF]  CORS policy execution successful.
[2024-04-02 09:08:27.390 +01:00  WRN]  Failed to determine the https port for redirect.
[2024-04-02 09:08:27.536 +01:00  INF]  Executing endpoint 'hrms_be_backend_api.ExitModuleController.Controller.ResignationController.UploadFile_ (hrms-be-backend-api)'
[2024-04-02 09:08:27.579 +01:00  INF]  Route matched with {action = "UploadFile_", controller = "Resignation"}. Executing controller action with signature System.Threading.Tasks.Task`1[Microsoft.AspNetCore.Mvc.IActionResult] UploadFile_(Microsoft.AspNetCore.Http.IFormFile) on controller hrms_be_backend_api.ExitModuleController.Controller.ResignationController (hrms-be-backend-api).
[2024-04-02 09:13:17.338 +01:00  ERR]  Error Submitting resignation
[2024-04-02 09:13:17.350 +01:00  INF]  Executing OkObjectResult, writing value of type 'hrms_be_backend_common.Communication.ExecutedResult`1[[System.String, System.Private.CoreLib, Version=7.0.0.0, Culture=neutral, PublicKeyToken=7cec85d7bea7798e]]'.
[2024-04-02 09:13:17.364 +01:00  INF]  Executed action hrms_be_backend_api.ExitModuleController.Controller.ResignationController.UploadFile_ (hrms-be-backend-api) in 289780.9223ms
[2024-04-02 09:13:17.369 +01:00  INF]  Executed endpoint 'hrms_be_backend_api.ExitModuleController.Controller.ResignationController.UploadFile_ (hrms-be-backend-api)'
[2024-04-02 09:13:17.376 +01:00  INF]  Request finished HTTP/1.1 POST http://localhost:5008/api/Resignation/UploadResignationLetter multipart/form-data;+boundary=----WebKitFormBoundaryv2H2zJ07fbBtwCoz 287115 - 200 - application/json;+charset=utf-8 290011.1892ms
[2024-04-02 09:34:21.759 +01:00  INF]  User profile is available. Using 'C:\Users\noble.nwabuike\AppData\Local\ASP.NET\DataProtection-Keys' as key repository and Windows DPAPI to encrypt keys at rest.
[2024-04-02 09:34:22.152 +01:00  INF]  Now listening on: http://localhost:5008
[2024-04-02 09:34:22.155 +01:00  INF]  Application started. Press Ctrl+C to shut down.
[2024-04-02 09:34:22.156 +01:00  INF]  Hosting environment: Development
[2024-04-02 09:34:22.157 +01:00  INF]  Content root path: C:\Users\noble.nwabuike\source\repos\hrms-be-backend\hrms-be-backend-api
[2024-04-02 09:34:23.063 +01:00  INF]  Request starting HTTP/1.1 GET http://localhost:5008/index.html - -
[2024-04-02 09:34:23.735 +01:00  INF]  Request starting HTTP/1.1 GET http://localhost:5008/_framework/aspnetcore-browser-refresh.js - -
[2024-04-02 09:34:23.736 +01:00  INF]  Request finished HTTP/1.1 GET http://localhost:5008/index.html - - - 200 - text/html;charset=utf-8 673.0967ms
[2024-04-02 09:34:23.752 +01:00  INF]  Request finished HTTP/1.1 GET http://localhost:5008/_framework/aspnetcore-browser-refresh.js - - - 200 12008 application/javascript;+charset=utf-8 17.4007ms
[2024-04-02 09:34:23.755 +01:00  INF]  Request starting HTTP/1.1 GET http://localhost:5008/_vs/browserLink - -
[2024-04-02 09:34:23.867 +01:00  INF]  Request finished HTTP/1.1 GET http://localhost:5008/_vs/browserLink - - - 200 - text/javascript;+charset=UTF-8 111.9345ms
[2024-04-02 09:34:24.122 +01:00  INF]  Request starting HTTP/1.1 GET http://localhost:5008/swagger/v1/swagger.json - -
[2024-04-02 09:34:24.604 +01:00  INF]  Request finished HTTP/1.1 GET http://localhost:5008/swagger/v1/swagger.json - - - 200 - application/json;charset=utf-8 482.4433ms
[2024-04-02 09:35:19.892 +01:00  INF]  Request starting HTTP/1.1 POST http://localhost:5008/api/Resignation/UploadResignationLetter multipart/form-data;+boundary=----WebKitFormBoundaryLabdKjiUoM7iphbC 287115
[2024-04-02 09:35:19.912 +01:00  INF]  CORS policy execution successful.
[2024-04-02 09:35:19.915 +01:00  WRN]  Failed to determine the https port for redirect.
[2024-04-02 09:35:20.449 +01:00  INF]  Executing endpoint 'hrms_be_backend_api.ExitModuleController.Controller.ResignationController.UploadFile_ (hrms-be-backend-api)'
[2024-04-02 09:35:20.477 +01:00  INF]  Route matched with {action = "UploadFile_", controller = "Resignation"}. Executing controller action with signature System.Threading.Tasks.Task`1[Microsoft.AspNetCore.Mvc.IActionResult] UploadFile_(Microsoft.AspNetCore.Http.IFormFile) on controller hrms_be_backend_api.ExitModuleController.Controller.ResignationController (hrms-be-backend-api).
[2024-04-02 09:37:25.229 +01:00  ERR]  Error Submitting resignation
[2024-04-02 09:37:25.241 +01:00  INF]  Executing OkObjectResult, writing value of type 'hrms_be_backend_common.Communication.ExecutedResult`1[[System.String, System.Private.CoreLib, Version=7.0.0.0, Culture=neutral, PublicKeyToken=7cec85d7bea7798e]]'.
[2024-04-02 09:37:25.267 +01:00  INF]  Executed action hrms_be_backend_api.ExitModuleController.Controller.ResignationController.UploadFile_ (hrms-be-backend-api) in 124782.8213ms
[2024-04-02 09:37:25.272 +01:00  INF]  Executed endpoint 'hrms_be_backend_api.ExitModuleController.Controller.ResignationController.UploadFile_ (hrms-be-backend-api)'
[2024-04-02 09:37:25.289 +01:00  INF]  Request finished HTTP/1.1 POST http://localhost:5008/api/Resignation/UploadResignationLetter multipart/form-data;+boundary=----WebKitFormBoundaryLabdKjiUoM7iphbC 287115 - 200 - application/json;+charset=utf-8 125396.4523ms
[2024-04-02 09:52:16.346 +01:00  INF]  User profile is available. Using 'C:\Users\noble.nwabuike\AppData\Local\ASP.NET\DataProtection-Keys' as key repository and Windows DPAPI to encrypt keys at rest.
[2024-04-02 09:52:16.892 +01:00  INF]  Now listening on: http://localhost:5008
[2024-04-02 09:52:16.897 +01:00  INF]  Application started. Press Ctrl+C to shut down.
[2024-04-02 09:52:16.900 +01:00  INF]  Hosting environment: Development
[2024-04-02 09:52:16.901 +01:00  INF]  Content root path: C:\Users\noble.nwabuike\source\repos\hrms-be-backend\hrms-be-backend-api
[2024-04-02 09:52:18.039 +01:00  INF]  Request starting HTTP/1.1 GET http://localhost:5008/index.html - -
[2024-04-02 09:52:18.581 +01:00  INF]  Request finished HTTP/1.1 GET http://localhost:5008/index.html - - - 200 - text/html;charset=utf-8 546.2703ms
[2024-04-02 09:52:18.595 +01:00  INF]  Request starting HTTP/1.1 GET http://localhost:5008/_vs/browserLink - -
[2024-04-02 09:52:18.622 +01:00  INF]  Request starting HTTP/1.1 GET http://localhost:5008/_framework/aspnetcore-browser-refresh.js - -
[2024-04-02 09:52:18.649 +01:00  INF]  Request finished HTTP/1.1 GET http://localhost:5008/_framework/aspnetcore-browser-refresh.js - - - 200 12008 application/javascript;+charset=utf-8 26.6948ms
[2024-04-02 09:52:18.672 +01:00  INF]  Request finished HTTP/1.1 GET http://localhost:5008/_vs/browserLink - - - 200 - text/javascript;+charset=UTF-8 77.4078ms
[2024-04-02 09:52:18.764 +01:00  INF]  Request starting HTTP/1.1 GET http://localhost:5008/swagger/v1/swagger.json - -
[2024-04-02 09:52:19.223 +01:00  INF]  Request finished HTTP/1.1 GET http://localhost:5008/swagger/v1/swagger.json - - - 200 - application/json;charset=utf-8 459.1403ms
[2024-04-02 09:56:43.537 +01:00  INF]  Request starting HTTP/1.1 POST http://localhost:5008/api/Resignation/UploadResignationLetter multipart/form-data;+boundary=----WebKitFormBoundaryyBsfD5sE8ASOQczM 287115
[2024-04-02 09:56:43.553 +01:00  INF]  CORS policy execution successful.
[2024-04-02 09:56:43.556 +01:00  WRN]  Failed to determine the https port for redirect.
[2024-04-02 09:56:43.688 +01:00  INF]  Executing endpoint 'hrms_be_backend_api.ExitModuleController.Controller.ResignationController.UploadFile_ (hrms-be-backend-api)'
[2024-04-02 09:56:43.726 +01:00  INF]  Route matched with {action = "UploadFile_", controller = "Resignation"}. Executing controller action with signature System.Threading.Tasks.Task`1[Microsoft.AspNetCore.Mvc.IActionResult] UploadFile_(Microsoft.AspNetCore.Http.IFormFile) on controller hrms_be_backend_api.ExitModuleController.Controller.ResignationController (hrms-be-backend-api).
