[2024-04-04 10:47:36.088 +01:00  INF]  User profile is available. Using 'C:\Users\noble.nwabuike\AppData\Local\ASP.NET\DataProtection-Keys' as key repository and Windows DPAPI to encrypt keys at rest.
[2024-04-04 10:47:36.624 +01:00  INF]  Now listening on: http://localhost:5008
[2024-04-04 10:47:36.630 +01:00  INF]  Application started. Press Ctrl+C to shut down.
[2024-04-04 10:47:36.631 +01:00  INF]  Hosting environment: Development
[2024-04-04 10:47:36.632 +01:00  INF]  Content root path: C:\Users\noble.nwabuike\source\repos\hrms-be-backend\hrms-be-backend-api
[2024-04-04 10:47:38.502 +01:00  INF]  Request starting HTTP/1.1 GET http://localhost:5008/index.html - -
[2024-04-04 10:47:40.069 +01:00  INF]  Request finished HTTP/1.1 GET http://localhost:5008/index.html - - - 200 - text/html;charset=utf-8 1561.3256ms
[2024-04-04 10:47:40.093 +01:00  INF]  Request starting HTTP/1.1 GET http://localhost:5008/_framework/aspnetcore-browser-refresh.js - -
[2024-04-04 10:47:40.107 +01:00  INF]  Request finished HTTP/1.1 GET http://localhost:5008/_framework/aspnetcore-browser-refresh.js - - - 200 12008 application/javascript;+charset=utf-8 13.7352ms
[2024-04-04 10:47:40.118 +01:00  INF]  Request starting HTTP/1.1 GET http://localhost:5008/_vs/browserLink - -
[2024-04-04 10:47:40.234 +01:00  INF]  Request finished HTTP/1.1 GET http://localhost:5008/_vs/browserLink - - - 200 - text/javascript;+charset=UTF-8 115.0436ms
[2024-04-04 10:47:40.372 +01:00  INF]  Request starting HTTP/1.1 GET http://localhost:5008/swagger/v1/swagger.json - -
[2024-04-04 10:47:40.979 +01:00  INF]  Request finished HTTP/1.1 GET http://localhost:5008/swagger/v1/swagger.json - - - 200 - application/json;charset=utf-8 603.8115ms
[2024-04-04 10:48:29.355 +01:00  INF]  Request starting HTTP/1.1 POST http://localhost:5008/api/Resignation/UploadResignationLetter multipart/form-data;+boundary=----WebKitFormBoundaryE2Ei47GW29IJBCKy 287115
[2024-04-04 10:48:29.370 +01:00  INF]  CORS policy execution successful.
[2024-04-04 10:48:29.372 +01:00  WRN]  Failed to determine the https port for redirect.
[2024-04-04 10:48:29.578 +01:00  INF]  Executing endpoint 'hrms_be_backend_api.ExitModuleController.Controller.ResignationController.UploadFile_ (hrms-be-backend-api)'
[2024-04-04 10:48:29.603 +01:00  INF]  Route matched with {action = "UploadFile_", controller = "Resignation"}. Executing controller action with signature System.Threading.Tasks.Task`1[Microsoft.AspNetCore.Mvc.IActionResult] UploadFile_(Microsoft.AspNetCore.Http.IFormFile) on controller hrms_be_backend_api.ExitModuleController.Controller.ResignationController (hrms-be-backend-api).
[2024-04-04 10:49:41.805 +01:00  INF]  Executing OkObjectResult, writing value of type 'hrms_be_backend_common.Communication.ExecutedResult`1[[System.String, System.Private.CoreLib, Version=7.0.0.0, Culture=neutral, PublicKeyToken=7cec85d7bea7798e]]'.
[2024-04-04 10:49:41.815 +01:00  INF]  Executed action hrms_be_backend_api.ExitModuleController.Controller.ResignationController.UploadFile_ (hrms-be-backend-api) in 71784.2356ms
[2024-04-04 10:49:41.819 +01:00  INF]  Executed endpoint 'hrms_be_backend_api.ExitModuleController.Controller.ResignationController.UploadFile_ (hrms-be-backend-api)'
[2024-04-04 10:49:41.824 +01:00  INF]  Request finished HTTP/1.1 POST http://localhost:5008/api/Resignation/UploadResignationLetter multipart/form-data;+boundary=----WebKitFormBoundaryE2Ei47GW29IJBCKy 287115 - 200 - application/json;+charset=utf-8 72045.3931ms
