[2023-09-20 12:41:56.812 +01:00  INF]  User profile is available. Using 'C:\Users\peter.omolayo\AppData\Local\ASP.NET\DataProtection-Keys' as key repository and Windows DPAPI to encrypt keys at rest.
[2023-09-20 12:41:57.435 +01:00  INF]  Now listening on: https://localhost:7090
[2023-09-20 12:41:57.456 +01:00  INF]  Now listening on: http://localhost:5008
[2023-09-20 12:41:57.463 +01:00  INF]  Application started. Press Ctrl+C to shut down.
[2023-09-20 12:41:57.467 +01:00  INF]  Hosting environment: Development
[2023-09-20 12:41:57.469 +01:00  INF]  Content root path: C:\Users\peter.omolayo\source\repos\hrms-be-backend\hrms-be-backend-api
[2023-09-20 12:41:58.467 +01:00  INF]  Request starting HTTP/2 GET https://localhost:7090/index.html - -
[2023-09-20 12:41:58.756 +01:00  INF]  Request finished HTTP/2 GET https://localhost:7090/index.html - - - 200 - text/html;charset=utf-8 293.0203ms
[2023-09-20 12:41:58.764 +01:00  INF]  Request starting HTTP/2 GET https://localhost:7090/swagger-ui.css - -
[2023-09-20 12:41:58.775 +01:00  INF]  Request starting HTTP/2 GET https://localhost:7090/swagger-ui-bundle.js - -
[2023-09-20 12:41:58.785 +01:00  INF]  Request starting HTTP/2 GET https://localhost:7090/swagger-ui-standalone-preset.js - -
[2023-09-20 12:41:58.785 +01:00  INF]  Sending file. Request path: '/swagger-ui.css'. Physical path: 'N/A'
[2023-09-20 12:41:58.794 +01:00  INF]  Request finished HTTP/2 GET https://localhost:7090/swagger-ui.css - - - 200 144929 text/css 29.7329ms
[2023-09-20 12:41:58.795 +01:00  INF]  Request starting HTTP/2 GET https://localhost:7090/_framework/aspnetcore-browser-refresh.js - -
[2023-09-20 12:41:58.806 +01:00  INF]  Request starting HTTP/2 GET https://localhost:7090/_vs/browserLink - -
[2023-09-20 12:41:58.809 +01:00  INF]  Request finished HTTP/2 GET https://localhost:7090/_framework/aspnetcore-browser-refresh.js - - - 200 12370 application/javascript;+charset=utf-8 13.8131ms
[2023-09-20 12:41:58.820 +01:00  INF]  Sending file. Request path: '/swagger-ui-standalone-preset.js'. Physical path: 'N/A'
[2023-09-20 12:41:58.824 +01:00  INF]  Request finished HTTP/2 GET https://localhost:7090/swagger-ui-standalone-preset.js - - - 200 312163 text/javascript 39.1671ms
[2023-09-20 12:41:58.825 +01:00  INF]  Sending file. Request path: '/swagger-ui-bundle.js'. Physical path: 'N/A'
[2023-09-20 12:41:58.829 +01:00  INF]  Request finished HTTP/2 GET https://localhost:7090/swagger-ui-bundle.js - - - 200 1061536 text/javascript 53.5160ms
[2023-09-20 12:41:58.842 +01:00  INF]  Request finished HTTP/2 GET https://localhost:7090/_vs/browserLink - - - 200 - text/javascript;+charset=UTF-8 35.2852ms
[2023-09-20 12:41:59.062 +01:00  INF]  Request starting HTTP/2 GET https://localhost:7090/swagger/v1/swagger.json - -
[2023-09-20 12:41:59.078 +01:00  INF]  Request starting HTTP/2 GET https://localhost:7090/favicon-32x32.png - -
[2023-09-20 12:41:59.080 +01:00  INF]  Sending file. Request path: '/favicon-32x32.png'. Physical path: 'N/A'
[2023-09-20 12:41:59.083 +01:00  INF]  Request finished HTTP/2 GET https://localhost:7090/favicon-32x32.png - - - 200 628 image/png 4.9388ms
[2023-09-20 12:41:59.180 +01:00  ERR]  An unhandled exception has occurred while executing the request.
Swashbuckle.AspNetCore.SwaggerGen.SwaggerGeneratorException: Conflicting method/path combination "POST api/Currency" for actions - hrms_be_backend_api.Controllers.CurrencyController.CreateCurrency (hrms-be-backend-api),hrms_be_backend_api.Controllers.CurrencyController.UpdateCurrency (hrms-be-backend-api). Actions require a unique method/path combination for Swagger/OpenAPI 3.0. Use ConflictingActionsResolver as a workaround
   at Swashbuckle.AspNetCore.SwaggerGen.SwaggerGenerator.GenerateOperations(IEnumerable`1 apiDescriptions, SchemaRepository schemaRepository)
   at Swashbuckle.AspNetCore.SwaggerGen.SwaggerGenerator.GeneratePaths(IEnumerable`1 apiDescriptions, SchemaRepository schemaRepository)
   at Swashbuckle.AspNetCore.SwaggerGen.SwaggerGenerator.GetSwaggerDocumentWithoutFilters(String documentName, String host, String basePath)
   at Swashbuckle.AspNetCore.SwaggerGen.SwaggerGenerator.GetSwaggerAsync(String documentName, String host, String basePath)
   at Swashbuckle.AspNetCore.Swagger.SwaggerMiddleware.Invoke(HttpContext httpContext, ISwaggerProvider swaggerProvider)
   at Program.<>c.<<<Main>$>b__0_9>d.MoveNext() in C:\Users\peter.omolayo\source\repos\hrms-be-backend\hrms-be-backend-api\Program.cs:line 253
--- End of stack trace from previous location ---
   at Microsoft.AspNetCore.Diagnostics.DeveloperExceptionPageMiddlewareImpl.Invoke(HttpContext context)
[2023-09-20 12:41:59.201 +01:00  INF]  Request finished HTTP/2 GET https://localhost:7090/swagger/v1/swagger.json - - - 500 - text/plain;+charset=utf-8 138.9151ms
[2023-09-20 12:48:35.677 +01:00  INF]  User profile is available. Using 'C:\Users\peter.omolayo\AppData\Local\ASP.NET\DataProtection-Keys' as key repository and Windows DPAPI to encrypt keys at rest.
[2023-09-20 12:48:35.926 +01:00  INF]  Now listening on: https://localhost:7090
[2023-09-20 12:48:35.928 +01:00  INF]  Now listening on: http://localhost:5008
[2023-09-20 12:48:35.929 +01:00  INF]  Application started. Press Ctrl+C to shut down.
[2023-09-20 12:48:35.930 +01:00  INF]  Hosting environment: Development
[2023-09-20 12:48:35.931 +01:00  INF]  Content root path: C:\Users\peter.omolayo\source\repos\hrms-be-backend\hrms-be-backend-api
[2023-09-20 12:48:36.806 +01:00  INF]  Request starting HTTP/2 GET https://localhost:7090/index.html - -
[2023-09-20 12:48:37.150 +01:00  INF]  Request finished HTTP/2 GET https://localhost:7090/index.html - - - 200 - text/html;charset=utf-8 346.9052ms
[2023-09-20 12:48:37.171 +01:00  INF]  Request starting HTTP/2 GET https://localhost:7090/_framework/aspnetcore-browser-refresh.js - -
[2023-09-20 12:48:37.178 +01:00  INF]  Request starting HTTP/2 GET https://localhost:7090/_vs/browserLink - -
[2023-09-20 12:48:37.194 +01:00  INF]  Request finished HTTP/2 GET https://localhost:7090/_framework/aspnetcore-browser-refresh.js - - - 200 12370 application/javascript;+charset=utf-8 23.0210ms
[2023-09-20 12:48:37.211 +01:00  INF]  Request finished HTTP/2 GET https://localhost:7090/_vs/browserLink - - - 200 - text/javascript;+charset=UTF-8 33.3676ms
[2023-09-20 12:48:37.384 +01:00  INF]  Request starting HTTP/2 GET https://localhost:7090/swagger/v1/swagger.json - -
[2023-09-20 12:48:37.535 +01:00  INF]  Request finished HTTP/2 GET https://localhost:7090/swagger/v1/swagger.json - - - 200 - application/json;charset=utf-8 151.1245ms
