[2023-10-21 09:40:24.426 +01:00  INF]  User profile is available. Using 'C:\Users\peter.omolayo\AppData\Local\ASP.NET\DataProtection-Keys' as key repository and Windows DPAPI to encrypt keys at rest.
[2023-10-21 09:40:25.182 +01:00  INF]  Now listening on: http://localhost:5008
[2023-10-21 09:40:25.197 +01:00  INF]  Application started. Press Ctrl+C to shut down.
[2023-10-21 09:40:25.204 +01:00  INF]  Hosting environment: Development
[2023-10-21 09:40:25.211 +01:00  INF]  Content root path: C:\Users\peter.omolayo\source\repos\hrms-be-backend\hrms-be-backend-api
[2023-10-21 09:40:27.072 +01:00  INF]  Request starting HTTP/1.1 GET http://localhost:5008/index.html - -
[2023-10-21 09:40:27.997 +01:00  INF]  Request finished HTTP/1.1 GET http://localhost:5008/index.html - - - 200 - text/html;charset=utf-8 944.3074ms
[2023-10-21 09:40:28.028 +01:00  INF]  Request starting HTTP/1.1 GET http://localhost:5008/_framework/aspnetcore-browser-refresh.js - -
[2023-10-21 09:40:28.044 +01:00  INF]  Request finished HTTP/1.1 GET http://localhost:5008/_framework/aspnetcore-browser-refresh.js - - - 200 12370 application/javascript;+charset=utf-8 14.9600ms
[2023-10-21 09:40:28.142 +01:00  INF]  Request starting HTTP/1.1 GET http://localhost:5008/swagger/v1/swagger.json - -
[2023-10-21 09:40:28.869 +01:00  INF]  Request finished HTTP/1.1 GET http://localhost:5008/swagger/v1/swagger.json - - - 200 - application/json;charset=utf-8 727.7429ms
[2023-10-21 16:28:52.238 +01:00  INF]  User profile is available. Using 'C:\Users\peter.omolayo\AppData\Local\ASP.NET\DataProtection-Keys' as key repository and Windows DPAPI to encrypt keys at rest.
[2023-10-21 16:28:52.539 +01:00  INF]  Now listening on: http://localhost:5008
[2023-10-21 16:28:52.542 +01:00  INF]  Application started. Press Ctrl+C to shut down.
[2023-10-21 16:28:52.544 +01:00  INF]  Hosting environment: Development
[2023-10-21 16:28:52.545 +01:00  INF]  Content root path: C:\Users\peter.omolayo\source\repos\hrms-be-backend\hrms-be-backend-api
[2023-10-21 16:28:53.570 +01:00  INF]  Request starting HTTP/1.1 GET http://localhost:5008/index.html - -
[2023-10-21 16:28:53.809 +01:00  INF]  Request finished HTTP/1.1 GET http://localhost:5008/index.html - - - 200 - text/html;charset=utf-8 244.8730ms
[2023-10-21 16:28:53.831 +01:00  INF]  Request starting HTTP/1.1 GET http://localhost:5008/_framework/aspnetcore-browser-refresh.js - -
[2023-10-21 16:28:53.840 +01:00  INF]  Request finished HTTP/1.1 GET http://localhost:5008/_framework/aspnetcore-browser-refresh.js - - - 200 12370 application/javascript;+charset=utf-8 9.2482ms
[2023-10-21 16:28:53.899 +01:00  INF]  Request starting HTTP/1.1 GET http://localhost:5008/swagger/v1/swagger.json - -
[2023-10-21 16:28:54.088 +01:00  INF]  Request finished HTTP/1.1 GET http://localhost:5008/swagger/v1/swagger.json - - - 200 - application/json;charset=utf-8 188.5274ms
[2023-10-21 18:47:21.192 +01:00  INF]  User profile is available. Using 'C:\Users\peter.omolayo\AppData\Local\ASP.NET\DataProtection-Keys' as key repository and Windows DPAPI to encrypt keys at rest.
[2023-10-21 18:47:21.742 +01:00  INF]  Now listening on: http://localhost:5008
[2023-10-21 18:47:21.757 +01:00  INF]  Application started. Press Ctrl+C to shut down.
[2023-10-21 18:47:21.759 +01:00  INF]  Hosting environment: Development
[2023-10-21 18:47:21.760 +01:00  INF]  Content root path: C:\Users\peter.omolayo\source\repos\hrms-be-backend\hrms-be-backend-api
[2023-10-21 18:47:23.552 +01:00  INF]  Request starting HTTP/1.1 GET http://localhost:5008/index.html - -
[2023-10-21 18:47:24.412 +01:00  INF]  Request finished HTTP/1.1 GET http://localhost:5008/index.html - - - 200 - text/html;charset=utf-8 869.8815ms
[2023-10-21 18:47:24.459 +01:00  INF]  Request starting HTTP/1.1 GET http://localhost:5008/_framework/aspnetcore-browser-refresh.js - -
[2023-10-21 18:47:24.476 +01:00  INF]  Request finished HTTP/1.1 GET http://localhost:5008/_framework/aspnetcore-browser-refresh.js - - - 200 12370 application/javascript;+charset=utf-8 17.4533ms
[2023-10-21 18:47:24.696 +01:00  INF]  Request starting HTTP/1.1 GET http://localhost:5008/swagger/v1/swagger.json - -
[2023-10-21 18:47:26.035 +01:00  INF]  Request finished HTTP/1.1 GET http://localhost:5008/swagger/v1/swagger.json - - - 200 - application/json;charset=utf-8 1339.1609ms
[2023-10-21 19:12:40.001 +01:00  INF]  User profile is available. Using 'C:\Users\peter.omolayo\AppData\Local\ASP.NET\DataProtection-Keys' as key repository and Windows DPAPI to encrypt keys at rest.
[2023-10-21 19:12:40.411 +01:00  INF]  Now listening on: http://localhost:5008
[2023-10-21 19:12:40.414 +01:00  INF]  Application started. Press Ctrl+C to shut down.
[2023-10-21 19:12:40.417 +01:00  INF]  Hosting environment: Development
[2023-10-21 19:12:40.418 +01:00  INF]  Content root path: C:\Users\peter.omolayo\source\repos\hrms-be-backend\hrms-be-backend-api
[2023-10-21 19:12:41.707 +01:00  INF]  Request starting HTTP/1.1 GET http://localhost:5008/index.html - -
[2023-10-21 19:12:42.507 +01:00  INF]  Request finished HTTP/1.1 GET http://localhost:5008/index.html - - - 200 - text/html;charset=utf-8 809.0190ms
[2023-10-21 19:12:42.691 +01:00  INF]  Request starting HTTP/1.1 GET http://localhost:5008/_framework/aspnetcore-browser-refresh.js - -
[2023-10-21 19:12:42.717 +01:00  INF]  Request finished HTTP/1.1 GET http://localhost:5008/_framework/aspnetcore-browser-refresh.js - - - 200 12370 application/javascript;+charset=utf-8 26.4258ms
[2023-10-21 19:12:42.861 +01:00  INF]  Request starting HTTP/1.1 GET http://localhost:5008/swagger/v1/swagger.json - -
[2023-10-21 19:12:44.096 +01:00  INF]  Request finished HTTP/1.1 GET http://localhost:5008/swagger/v1/swagger.json - - - 200 - application/json;charset=utf-8 1234.5823ms
[2023-10-21 19:12:52.559 +01:00  INF]  Request starting HTTP/1.1 POST http://localhost:5008/api/Auth/Login application/json 81
[2023-10-21 19:12:52.578 +01:00  INF]  CORS policy execution successful.
[2023-10-21 19:12:52.589 +01:00  WRN]  Failed to determine the https port for redirect.
[2023-10-21 19:12:52.932 +01:00  INF]  Executing endpoint 'hrms_be_backend_api.Controllers.AuthController.Login (hrms-be-backend-api)'
[2023-10-21 19:12:53.047 +01:00  INF]  Route matched with {action = "Login", controller = "Auth"}. Executing controller action with signature System.Threading.Tasks.Task`1[Microsoft.AspNetCore.Mvc.IActionResult] Login(hrms_be_backend_data.ViewModel.LoginModel) on controller hrms_be_backend_api.Controllers.AuthController (hrms-be-backend-api).
[2023-10-21 19:12:54.997 +01:00  INF]  Executing OkObjectResult, writing value of type 'hrms_be_backend_common.Communication.ExecutedResult`1[[hrms_be_backend_data.ViewModel.LoginResponse, hrms-be-backend-data, Version=1.0.0.0, Culture=neutral, PublicKeyToken=null]]'.
[2023-10-21 19:12:55.016 +01:00  INF]  Executed action hrms_be_backend_api.Controllers.AuthController.Login (hrms-be-backend-api) in 1952.5924ms
[2023-10-21 19:12:55.028 +01:00  INF]  Executed endpoint 'hrms_be_backend_api.Controllers.AuthController.Login (hrms-be-backend-api)'
[2023-10-21 19:12:55.032 +01:00  INF]  Request finished HTTP/1.1 POST http://localhost:5008/api/Auth/Login application/json 81 - 200 - application/json;+charset=utf-8 2473.9238ms
[2023-10-21 19:13:13.836 +01:00  INF]  Request starting HTTP/1.1 POST http://localhost:5008/api/Auth/Logout application/json 56
[2023-10-21 19:13:13.894 +01:00  INF]  CORS policy execution successful.
[2023-10-21 19:13:13.901 +01:00  INF]  Executing endpoint 'hrms_be_backend_api.Controllers.AuthController.Logout (hrms-be-backend-api)'
[2023-10-21 19:13:13.915 +01:00  INF]  Route matched with {action = "Logout", controller = "Auth"}. Executing controller action with signature System.Threading.Tasks.Task`1[Microsoft.AspNetCore.Mvc.IActionResult] Logout(hrms_be_backend_data.RepoPayload.LogoutDto) on controller hrms_be_backend_api.Controllers.AuthController (hrms-be-backend-api).
[2023-10-21 19:13:14.047 +01:00  INF]  Executing OkObjectResult, writing value of type 'hrms_be_backend_data.ViewModel.BaseResponse'.
[2023-10-21 19:13:14.056 +01:00  INF]  Executed action hrms_be_backend_api.Controllers.AuthController.Logout (hrms-be-backend-api) in 121.0973ms
[2023-10-21 19:13:14.062 +01:00  INF]  Executed endpoint 'hrms_be_backend_api.Controllers.AuthController.Logout (hrms-be-backend-api)'
[2023-10-21 19:13:14.066 +01:00  INF]  Request finished HTTP/1.1 POST http://localhost:5008/api/Auth/Logout application/json 56 - 200 - application/json;+charset=utf-8 229.1521ms
[2023-10-21 19:13:19.790 +01:00  INF]  Request starting HTTP/1.1 POST http://localhost:5008/api/Auth/Login application/json 81
[2023-10-21 19:13:19.810 +01:00  INF]  CORS policy execution successful.
[2023-10-21 19:13:19.826 +01:00  INF]  Executing endpoint 'hrms_be_backend_api.Controllers.AuthController.Login (hrms-be-backend-api)'
[2023-10-21 19:13:19.833 +01:00  INF]  Route matched with {action = "Login", controller = "Auth"}. Executing controller action with signature System.Threading.Tasks.Task`1[Microsoft.AspNetCore.Mvc.IActionResult] Login(hrms_be_backend_data.ViewModel.LoginModel) on controller hrms_be_backend_api.Controllers.AuthController (hrms-be-backend-api).
[2023-10-21 19:13:21.886 +01:00  INF]  Executing OkObjectResult, writing value of type 'hrms_be_backend_common.Communication.ExecutedResult`1[[hrms_be_backend_data.ViewModel.LoginResponse, hrms-be-backend-data, Version=1.0.0.0, Culture=neutral, PublicKeyToken=null]]'.
[2023-10-21 19:13:21.892 +01:00  INF]  Executed action hrms_be_backend_api.Controllers.AuthController.Login (hrms-be-backend-api) in 2045.5811ms
[2023-10-21 19:13:21.899 +01:00  INF]  Executed endpoint 'hrms_be_backend_api.Controllers.AuthController.Login (hrms-be-backend-api)'
[2023-10-21 19:13:21.904 +01:00  INF]  Request finished HTTP/1.1 POST http://localhost:5008/api/Auth/Login application/json 81 - 200 - application/json;+charset=utf-8 2113.7800ms
[2023-10-21 19:14:53.330 +01:00  INF]  Request starting HTTP/1.1 GET http://localhost:5008/api/Company/GetCompaniesActivated?PageNumber=1&PageSize=1 - -
[2023-10-21 19:14:53.433 +01:00  INF]  Executing endpoint 'hrms_be_backend_api.Controllers.CompanyController.GetCompaniesActivated (hrms-be-backend-api)'
[2023-10-21 19:14:53.446 +01:00  INF]  Route matched with {action = "GetCompaniesActivated", controller = "Company"}. Executing controller action with signature System.Threading.Tasks.Task`1[Microsoft.AspNetCore.Mvc.IActionResult] GetCompaniesActivated(hrms_be_backend_common.Communication.PaginationFilter) on controller hrms_be_backend_api.Controllers.CompanyController (hrms-be-backend-api).
[2023-10-21 19:14:54.394 +01:00  INF]  Executing OkObjectResult, writing value of type 'hrms_be_backend_common.Communication.PagedExcutedResult`1[[System.Collections.Generic.IEnumerable`1[[hrms_be_backend_data.ViewModel.CompanyVm, hrms-be-backend-data, Version=1.0.0.0, Culture=neutral, PublicKeyToken=null]], System.Private.CoreLib, Version=7.0.0.0, Culture=neutral, PublicKeyToken=7cec85d7bea7798e]]'.
[2023-10-21 19:14:54.468 +01:00  INF]  Executed action hrms_be_backend_api.Controllers.CompanyController.GetCompaniesActivated (hrms-be-backend-api) in 1013.9602ms
[2023-10-21 19:14:54.476 +01:00  INF]  Executed endpoint 'hrms_be_backend_api.Controllers.CompanyController.GetCompaniesActivated (hrms-be-backend-api)'
[2023-10-21 19:14:54.481 +01:00  INF]  Request finished HTTP/1.1 GET http://localhost:5008/api/Company/GetCompaniesActivated?PageNumber=1&PageSize=1 - - - 200 - application/json;+charset=utf-8 1151.0271ms
