[2023-10-10 18:02:58.132 +01:00  INF]  User profile is available. Using 'C:\Users\peter.omolayo\AppData\Local\ASP.NET\DataProtection-Keys' as key repository and Windows DPAPI to encrypt keys at rest.
[2023-10-10 18:02:58.480 +01:00  INF]  Creating key {dfad07c7-e17c-4d60-9958-b2dd8b236d0c} with creation date 2023-10-10 17:02:58Z, activation date 2023-10-10 17:02:58Z, and expiration date 2024-01-08 17:02:58Z.
[2023-10-10 18:02:58.688 +01:00  INF]  Writing data to file 'C:\Users\peter.omolayo\AppData\Local\ASP.NET\DataProtection-Keys\key-dfad07c7-e17c-4d60-9958-b2dd8b236d0c.xml'.
[2023-10-10 18:03:00.678 +01:00  INF]  Now listening on: http://localhost:5008
[2023-10-10 18:03:00.720 +01:00  INF]  Application started. Press Ctrl+C to shut down.
[2023-10-10 18:03:00.741 +01:00  INF]  Hosting environment: Development
[2023-10-10 18:03:00.747 +01:00  INF]  Content root path: C:\Users\peter.omolayo\source\repos\hrms-be-backend\hrms-be-backend-api
[2023-10-10 18:03:08.582 +01:00  INF]  Request starting HTTP/1.1 GET http://localhost:5008/index.html - -
[2023-10-10 18:03:11.937 +01:00  INF]  Request starting HTTP/1.1 GET http://localhost:5008/swagger-ui-bundle.js - -
[2023-10-10 18:03:11.937 +01:00  INF]  Request starting HTTP/1.1 GET http://localhost:5008/swagger-ui.css - -
[2023-10-10 18:03:11.973 +01:00  INF]  Request starting HTTP/1.1 GET http://localhost:5008/swagger-ui-standalone-preset.js - -
[2023-10-10 18:03:12.008 +01:00  INF]  Request starting HTTP/1.1 GET http://localhost:5008/_vs/browserLink - -
[2023-10-10 18:03:12.101 +01:00  INF]  Request starting HTTP/1.1 GET http://localhost:5008/_framework/aspnetcore-browser-refresh.js - -
[2023-10-10 18:03:12.351 +01:00  INF]  Request finished HTTP/1.1 GET http://localhost:5008/_framework/aspnetcore-browser-refresh.js - - - 200 12370 application/javascript;+charset=utf-8 221.0063ms
[2023-10-10 18:03:12.418 +01:00  INF]  Request finished HTTP/1.1 GET http://localhost:5008/index.html - - - 200 - text/html;charset=utf-8 3857.1824ms
[2023-10-10 18:03:12.598 +01:00  INF]  Sending file. Request path: '/swagger-ui.css'. Physical path: 'N/A'
[2023-10-10 18:03:12.671 +01:00  INF]  Request finished HTTP/1.1 GET http://localhost:5008/swagger-ui.css - - - 200 144929 text/css 734.7179ms
[2023-10-10 18:03:12.869 +01:00  INF]  Sending file. Request path: '/swagger-ui-standalone-preset.js'. Physical path: 'N/A'
[2023-10-10 18:03:12.964 +01:00  INF]  Request finished HTTP/1.1 GET http://localhost:5008/swagger-ui-standalone-preset.js - - - 200 312163 text/javascript 1013.4408ms
[2023-10-10 18:03:13.023 +01:00  INF]  Sending file. Request path: '/swagger-ui-bundle.js'. Physical path: 'N/A'
[2023-10-10 18:03:13.191 +01:00  INF]  Request finished HTTP/1.1 GET http://localhost:5008/_vs/browserLink - - - 200 - text/javascript;+charset=UTF-8 1185.8163ms
[2023-10-10 18:03:13.299 +01:00  INF]  Request finished HTTP/1.1 GET http://localhost:5008/swagger-ui-bundle.js - - - 200 1061536 text/javascript 1362.6424ms
[2023-10-10 18:03:14.186 +01:00  INF]  Request starting HTTP/1.1 GET http://localhost:5008/swagger/v1/swagger.json - -
[2023-10-10 18:03:14.315 +01:00  INF]  Request starting HTTP/1.1 GET http://localhost:5008/favicon-32x32.png - -
[2023-10-10 18:03:14.667 +01:00  INF]  Sending file. Request path: '/favicon-32x32.png'. Physical path: 'N/A'
[2023-10-10 18:03:14.688 +01:00  INF]  Request finished HTTP/1.1 GET http://localhost:5008/favicon-32x32.png - - - 200 628 image/png 372.4449ms
[2023-10-10 18:03:17.087 +01:00  INF]  Request finished HTTP/1.1 GET http://localhost:5008/swagger/v1/swagger.json - - - 200 - application/json;charset=utf-8 2901.5673ms
