[2023-10-18 15:18:19.284 +01:00  INF]  User profile is available. Using 'C:\Users\peter.omolayo\AppData\Local\ASP.NET\DataProtection-Keys' as key repository and Windows DPAPI to encrypt keys at rest.
[2023-10-18 15:18:19.651 +01:00  INF]  Now listening on: http://localhost:5008
[2023-10-18 15:18:19.655 +01:00  INF]  Application started. Press Ctrl+C to shut down.
[2023-10-18 15:18:19.656 +01:00  INF]  Hosting environment: Development
[2023-10-18 15:18:19.658 +01:00  INF]  Content root path: C:\Users\peter.omolayo\source\repos\hrms-be-backend\hrms-be-backend-api
[2023-10-18 15:18:21.311 +01:00  INF]  Request starting HTTP/1.1 GET http://localhost:5008/index.html - -
[2023-10-18 15:18:22.193 +01:00  INF]  Request starting HTTP/1.1 GET http://localhost:5008/_framework/aspnetcore-browser-refresh.js - -
[2023-10-18 15:18:22.194 +01:00  INF]  Request starting HTTP/1.1 GET http://localhost:5008/_vs/browserLink - -
[2023-10-18 15:18:22.203 +01:00  INF]  Request finished HTTP/1.1 GET http://localhost:5008/index.html - - - 200 - text/html;charset=utf-8 886.1405ms
[2023-10-18 15:18:22.206 +01:00  INF]  Request finished HTTP/1.1 GET http://localhost:5008/_framework/aspnetcore-browser-refresh.js - - - 200 12370 application/javascript;+charset=utf-8 14.1663ms
[2023-10-18 15:18:22.235 +01:00  INF]  Request finished HTTP/1.1 GET http://localhost:5008/_vs/browserLink - - - 200 - text/javascript;+charset=UTF-8 41.0850ms
[2023-10-18 15:18:22.267 +01:00  INF]  Request starting HTTP/1.1 GET http://localhost:5008/swagger/v1/swagger.json - -
[2023-10-18 15:18:22.282 +01:00  INF]  Request starting HTTP/1.1 GET http://localhost:5008/favicon-32x32.png - -
[2023-10-18 15:18:22.293 +01:00  INF]  Sending file. Request path: '/favicon-32x32.png'. Physical path: 'N/A'
[2023-10-18 15:18:22.296 +01:00  INF]  Request finished HTTP/1.1 GET http://localhost:5008/favicon-32x32.png - - - 200 628 image/png 13.5817ms
[2023-10-18 15:18:22.430 +01:00  INF]  Request finished HTTP/1.1 GET http://localhost:5008/swagger/v1/swagger.json - - - 200 - application/json;charset=utf-8 163.3456ms
[2023-10-18 15:50:35.609 +01:00  INF]  User profile is available. Using 'C:\Users\peter.omolayo\AppData\Local\ASP.NET\DataProtection-Keys' as key repository and Windows DPAPI to encrypt keys at rest.
[2023-10-18 15:50:35.964 +01:00  INF]  Now listening on: http://localhost:5008
[2023-10-18 15:50:35.967 +01:00  INF]  Application started. Press Ctrl+C to shut down.
[2023-10-18 15:50:35.969 +01:00  INF]  Hosting environment: Development
[2023-10-18 15:50:35.970 +01:00  INF]  Content root path: C:\Users\peter.omolayo\source\repos\hrms-be-backend\hrms-be-backend-api
[2023-10-18 15:50:36.971 +01:00  INF]  Request starting HTTP/1.1 GET http://localhost:5008/index.html - -
[2023-10-18 15:50:37.449 +01:00  INF]  Request starting HTTP/1.1 GET http://localhost:5008/_framework/aspnetcore-browser-refresh.js - -
[2023-10-18 15:50:37.457 +01:00  INF]  Request finished HTTP/1.1 GET http://localhost:5008/_framework/aspnetcore-browser-refresh.js - - - 200 12370 application/javascript;+charset=utf-8 7.7934ms
[2023-10-18 15:50:37.457 +01:00  INF]  Request finished HTTP/1.1 GET http://localhost:5008/index.html - - - 200 - text/html;charset=utf-8 486.7990ms
[2023-10-18 15:50:37.466 +01:00  INF]  Request starting HTTP/1.1 GET http://localhost:5008/_vs/browserLink - -
[2023-10-18 15:50:37.494 +01:00  INF]  Request finished HTTP/1.1 GET http://localhost:5008/_vs/browserLink - - - 200 - text/javascript;+charset=UTF-8 27.4536ms
[2023-10-18 15:50:37.528 +01:00  INF]  Request starting HTTP/1.1 GET http://localhost:5008/swagger/v1/swagger.json - -
[2023-10-18 15:50:37.724 +01:00  INF]  Request finished HTTP/1.1 GET http://localhost:5008/swagger/v1/swagger.json - - - 200 - application/json;charset=utf-8 196.6752ms
[2023-10-18 15:51:32.329 +01:00  INF]  Request starting HTTP/1.1 POST http://localhost:5008/api/Auth/Login application/json 93
[2023-10-18 15:51:32.357 +01:00  INF]  CORS policy execution successful.
[2023-10-18 15:51:32.367 +01:00  WRN]  Failed to determine the https port for redirect.
[2023-10-18 15:51:32.682 +01:00  INF]  Executing endpoint 'hrms_be_backend_api.Controllers.AuthController.Login (hrms-be-backend-api)'
[2023-10-18 15:51:32.727 +01:00  INF]  Route matched with {action = "Login", controller = "Auth"}. Executing controller action with signature System.Threading.Tasks.Task`1[Microsoft.AspNetCore.Mvc.IActionResult] Login(hrms_be_backend_data.ViewModel.LoginModel) on controller hrms_be_backend_api.Controllers.AuthController (hrms-be-backend-api).
[2023-10-18 15:52:13.057 +01:00  ERR]  Exception || UsersServices (Login)=====>System.ArgumentNullException: Value cannot be null. (Parameter 'value')
   at System.ArgumentNullException.Throw(String paramName)
   at System.ArgumentNullException.ThrowIfNull(Object argument, String paramName)
   at System.Security.Claims.Claim..ctor(String type, String value, String valueType, String issuer, String originalIssuer, ClaimsIdentity subject, String propertyKey, String propertyValue)
   at System.Security.Claims.Claim..ctor(String type, String value)
   at Com.XpressPayments.Data.Repositories.UserAccount.Repository.JwtManager.GenerateJsonWebToken(AccessUserVm request) in C:\Users\peter.omolayo\source\repos\hrms-be-backend\hrms-be-backend-data\Repository\JwtManager.cs:line 42
   at hrms_be_backend_business.Logic.AuthService.Login(LoginModel login, String ipAddress, String port) in C:\Users\peter.omolayo\source\repos\hrms-be-backend\hrms-be-backend-business\Logic\AuthService.cs:line 108
[2023-10-18 15:52:13.082 +01:00  INF]  Executing OkObjectResult, writing value of type 'hrms_be_backend_common.Communication.ExecutedResult`1[[hrms_be_backend_data.ViewModel.LoginResponse, hrms-be-backend-data, Version=1.0.0.0, Culture=neutral, PublicKeyToken=null]]'.
[2023-10-18 15:52:13.102 +01:00  INF]  Executed action hrms_be_backend_api.Controllers.AuthController.Login (hrms-be-backend-api) in 40358.5623ms
[2023-10-18 15:52:13.109 +01:00  INF]  Executed endpoint 'hrms_be_backend_api.Controllers.AuthController.Login (hrms-be-backend-api)'
[2023-10-18 15:52:13.113 +01:00  INF]  Request finished HTTP/1.1 POST http://localhost:5008/api/Auth/Login application/json 93 - 200 - application/json;+charset=utf-8 40784.5739ms
[2023-10-18 15:52:25.960 +01:00  INF]  Request starting HTTP/1.1 POST http://localhost:5008/api/Auth/Login application/json 93
[2023-10-18 15:52:25.977 +01:00  INF]  CORS policy execution successful.
[2023-10-18 15:52:25.985 +01:00  INF]  Executing endpoint 'hrms_be_backend_api.Controllers.AuthController.Login (hrms-be-backend-api)'
[2023-10-18 15:52:26.001 +01:00  INF]  Route matched with {action = "Login", controller = "Auth"}. Executing controller action with signature System.Threading.Tasks.Task`1[Microsoft.AspNetCore.Mvc.IActionResult] Login(hrms_be_backend_data.ViewModel.LoginModel) on controller hrms_be_backend_api.Controllers.AuthController (hrms-be-backend-api).
[2023-10-18 15:53:34.061 +01:00  INF]  User profile is available. Using 'C:\Users\peter.omolayo\AppData\Local\ASP.NET\DataProtection-Keys' as key repository and Windows DPAPI to encrypt keys at rest.
[2023-10-18 15:53:34.278 +01:00  INF]  Now listening on: http://localhost:5008
[2023-10-18 15:53:34.284 +01:00  INF]  Application started. Press Ctrl+C to shut down.
[2023-10-18 15:53:34.287 +01:00  INF]  Hosting environment: Development
[2023-10-18 15:53:34.291 +01:00  INF]  Content root path: C:\Users\peter.omolayo\source\repos\hrms-be-backend\hrms-be-backend-api
[2023-10-18 15:53:34.988 +01:00  INF]  Request starting HTTP/1.1 GET http://localhost:5008/index.html - -
[2023-10-18 15:53:35.354 +01:00  INF]  Request starting HTTP/1.1 GET http://localhost:5008/_framework/aspnetcore-browser-refresh.js - -
[2023-10-18 15:53:35.355 +01:00  INF]  Request starting HTTP/1.1 GET http://localhost:5008/_vs/browserLink - -
[2023-10-18 15:53:35.360 +01:00  INF]  Request finished HTTP/1.1 GET http://localhost:5008/index.html - - - 200 - text/html;charset=utf-8 377.7146ms
[2023-10-18 15:53:35.361 +01:00  INF]  Request finished HTTP/1.1 GET http://localhost:5008/_framework/aspnetcore-browser-refresh.js - - - 200 12370 application/javascript;+charset=utf-8 7.0191ms
[2023-10-18 15:53:35.388 +01:00  INF]  Request finished HTTP/1.1 GET http://localhost:5008/_vs/browserLink - - - 200 - text/javascript;+charset=UTF-8 32.5691ms
[2023-10-18 15:53:35.427 +01:00  INF]  Request starting HTTP/1.1 GET http://localhost:5008/swagger/v1/swagger.json - -
[2023-10-18 15:53:35.573 +01:00  INF]  Request finished HTTP/1.1 GET http://localhost:5008/swagger/v1/swagger.json - - - 200 - application/json;charset=utf-8 145.7463ms
[2023-10-18 15:53:56.687 +01:00  INF]  Request starting HTTP/1.1 POST http://localhost:5008/api/Auth/Login application/json 93
[2023-10-18 15:53:56.699 +01:00  INF]  CORS policy execution successful.
[2023-10-18 15:53:56.706 +01:00  WRN]  Failed to determine the https port for redirect.
[2023-10-18 15:53:56.865 +01:00  INF]  Executing endpoint 'hrms_be_backend_api.Controllers.AuthController.Login (hrms-be-backend-api)'
[2023-10-18 15:53:56.932 +01:00  INF]  Route matched with {action = "Login", controller = "Auth"}. Executing controller action with signature System.Threading.Tasks.Task`1[Microsoft.AspNetCore.Mvc.IActionResult] Login(hrms_be_backend_data.ViewModel.LoginModel) on controller hrms_be_backend_api.Controllers.AuthController (hrms-be-backend-api).
[2023-10-18 15:54:02.385 +01:00  INF]  Executing OkObjectResult, writing value of type 'hrms_be_backend_common.Communication.ExecutedResult`1[[hrms_be_backend_data.ViewModel.LoginResponse, hrms-be-backend-data, Version=1.0.0.0, Culture=neutral, PublicKeyToken=null]]'.
[2023-10-18 15:54:02.407 +01:00  INF]  Executed action hrms_be_backend_api.Controllers.AuthController.Login (hrms-be-backend-api) in 5458.2555ms
[2023-10-18 15:54:02.418 +01:00  INF]  Executed endpoint 'hrms_be_backend_api.Controllers.AuthController.Login (hrms-be-backend-api)'
[2023-10-18 15:54:02.424 +01:00  INF]  Request finished HTTP/1.1 POST http://localhost:5008/api/Auth/Login application/json 93 - 200 - application/json;+charset=utf-8 5736.9519ms
[2023-10-18 21:10:10.135 +01:00  INF]  User profile is available. Using 'C:\Users\peter.omolayo\AppData\Local\ASP.NET\DataProtection-Keys' as key repository and Windows DPAPI to encrypt keys at rest.
[2023-10-18 21:10:10.956 +01:00  INF]  Now listening on: http://localhost:5008
[2023-10-18 21:10:10.971 +01:00  INF]  Application started. Press Ctrl+C to shut down.
[2023-10-18 21:10:10.979 +01:00  INF]  Hosting environment: Development
[2023-10-18 21:10:10.985 +01:00  INF]  Content root path: C:\Users\peter.omolayo\source\repos\hrms-be-backend\hrms-be-backend-api
[2023-10-18 21:10:12.626 +01:00  INF]  Request starting HTTP/1.1 GET http://localhost:5008/index.html - -
[2023-10-18 21:10:14.493 +01:00  INF]  Request starting HTTP/1.1 GET http://localhost:5008/_vs/browserLink - -
[2023-10-18 21:10:14.507 +01:00  INF]  Request starting HTTP/1.1 GET http://localhost:5008/_framework/aspnetcore-browser-refresh.js - -
[2023-10-18 21:10:14.536 +01:00  INF]  Request finished HTTP/1.1 GET http://localhost:5008/_framework/aspnetcore-browser-refresh.js - - - 200 12370 application/javascript;+charset=utf-8 21.8039ms
[2023-10-18 21:10:14.535 +01:00  INF]  Request finished HTTP/1.1 GET http://localhost:5008/index.html - - - 200 - text/html;charset=utf-8 1923.7180ms
[2023-10-18 21:10:14.588 +01:00  INF]  Request finished HTTP/1.1 GET http://localhost:5008/_vs/browserLink - - - 200 - text/javascript;+charset=UTF-8 95.6120ms
[2023-10-18 21:10:14.686 +01:00  INF]  Request starting HTTP/1.1 GET http://localhost:5008/swagger/v1/swagger.json - -
[2023-10-18 21:10:15.624 +01:00  INF]  Request finished HTTP/1.1 GET http://localhost:5008/swagger/v1/swagger.json - - - 200 - application/json;charset=utf-8 937.6508ms
