[2023-09-28 15:31:22.596 +01:00  INF]  User profile is available. Using 'C:\Users\peter.omolayo\AppData\Local\ASP.NET\DataProtection-Keys' as key repository and Windows DPAPI to encrypt keys at rest.
[2023-09-28 15:31:23.245 +01:00  INF]  Now listening on: http://localhost:5008
[2023-09-28 15:31:23.252 +01:00  INF]  Application started. Press Ctrl+C to shut down.
[2023-09-28 15:31:23.255 +01:00  INF]  Hosting environment: Development
[2023-09-28 15:31:23.258 +01:00  INF]  Content root path: C:\Users\peter.omolayo\source\repos\hrms-be-backend\hrms-be-backend-api
[2023-09-28 15:31:24.952 +01:00  INF]  Request starting HTTP/1.1 GET http://localhost:5008/index.html - -
[2023-09-28 15:31:26.068 +01:00  INF]  Request finished HTTP/1.1 GET http://localhost:5008/index.html - - - 200 - text/html;charset=utf-8 1129.0033ms
[2023-09-28 15:31:26.098 +01:00  INF]  Request starting HTTP/1.1 GET http://localhost:5008/swagger-ui-bundle.js - -
[2023-09-28 15:31:26.106 +01:00  INF]  Request starting HTTP/1.1 GET http://localhost:5008/swagger-ui.css - -
[2023-09-28 15:31:26.130 +01:00  INF]  Request starting HTTP/1.1 GET http://localhost:5008/swagger-ui-standalone-preset.js - -
[2023-09-28 15:31:26.140 +01:00  INF]  Request starting HTTP/1.1 GET http://localhost:5008/_framework/aspnetcore-browser-refresh.js - -
[2023-09-28 15:31:26.156 +01:00  INF]  Request finished HTTP/1.1 GET http://localhost:5008/_framework/aspnetcore-browser-refresh.js - - - 200 12370 application/javascript;+charset=utf-8 15.3786ms
[2023-09-28 15:31:26.232 +01:00  INF]  Sending file. Request path: '/swagger-ui.css'. Physical path: 'N/A'
[2023-09-28 15:31:26.232 +01:00  INF]  Sending file. Request path: '/swagger-ui-standalone-preset.js'. Physical path: 'N/A'
[2023-09-28 15:31:26.234 +01:00  INF]  Sending file. Request path: '/swagger-ui-bundle.js'. Physical path: 'N/A'
[2023-09-28 15:31:26.237 +01:00  INF]  Request finished HTTP/1.1 GET http://localhost:5008/swagger-ui.css - - - 200 144929 text/css 130.9923ms
[2023-09-28 15:31:26.240 +01:00  INF]  Request finished HTTP/1.1 GET http://localhost:5008/swagger-ui-standalone-preset.js - - - 200 312163 text/javascript 109.7895ms
[2023-09-28 15:31:26.245 +01:00  INF]  Request finished HTTP/1.1 GET http://localhost:5008/swagger-ui-bundle.js - - - 200 1061536 text/javascript 146.8945ms
[2023-09-28 15:31:26.252 +01:00  INF]  Request starting HTTP/1.1 GET http://localhost:5008/_vs/browserLink - -
[2023-09-28 15:31:26.328 +01:00  INF]  Request finished HTTP/1.1 GET http://localhost:5008/_vs/browserLink - - - 200 - text/javascript;+charset=UTF-8 75.6256ms
[2023-09-28 15:31:26.556 +01:00  INF]  Request starting HTTP/1.1 GET http://localhost:5008/swagger/v1/swagger.json - -
[2023-09-28 15:31:26.966 +01:00  INF]  Request finished HTTP/1.1 GET http://localhost:5008/swagger/v1/swagger.json - - - 200 - application/json;charset=utf-8 410.3595ms
[2023-09-28 15:33:49.499 +01:00  INF]  Request starting HTTP/1.1 POST http://localhost:5008/api/Auth/Login application/json 102
[2023-09-28 15:33:49.520 +01:00  INF]  CORS policy execution successful.
[2023-09-28 15:33:49.525 +01:00  WRN]  Failed to determine the https port for redirect.
[2023-09-28 15:33:49.788 +01:00  INF]  Executing endpoint 'hrms_be_backend_api.Controllers.AuthController.Login (hrms-be-backend-api)'
[2023-09-28 15:33:49.818 +01:00  INF]  Route matched with {action = "Login", controller = "Auth"}. Executing controller action with signature System.Threading.Tasks.Task`1[Microsoft.AspNetCore.Mvc.IActionResult] Login(hrms_be_backend_data.ViewModel.LoginModel) on controller hrms_be_backend_api.Controllers.AuthController (hrms-be-backend-api).
[2023-09-28 15:33:51.415 +01:00  INF]  Executing OkObjectResult, writing value of type 'hrms_be_backend_data.ViewModel.LoginResponse'.
[2023-09-28 15:33:51.433 +01:00  INF]  Executed action hrms_be_backend_api.Controllers.AuthController.Login (hrms-be-backend-api) in 1605.6474ms
[2023-09-28 15:33:51.440 +01:00  INF]  Executed endpoint 'hrms_be_backend_api.Controllers.AuthController.Login (hrms-be-backend-api)'
[2023-09-28 15:33:51.445 +01:00  INF]  Request finished HTTP/1.1 POST http://localhost:5008/api/Auth/Login application/json 102 - 200 - application/json;+charset=utf-8 1945.6456ms
[2023-09-28 15:34:15.100 +01:00  INF]  Request starting HTTP/1.1 POST http://localhost:5008/api/Auth/Logout application/json 64
[2023-09-28 15:34:15.119 +01:00  INF]  CORS policy execution successful.
[2023-09-28 15:34:15.131 +01:00  INF]  Executing endpoint 'hrms_be_backend_api.Controllers.AuthController.Logout (hrms-be-backend-api)'
[2023-09-28 15:34:15.153 +01:00  INF]  Route matched with {action = "Logout", controller = "Auth"}. Executing controller action with signature System.Threading.Tasks.Task`1[Microsoft.AspNetCore.Mvc.IActionResult] Logout(hrms_be_backend_data.RepoPayload.LogoutDto) on controller hrms_be_backend_api.Controllers.AuthController (hrms-be-backend-api).
[2023-09-28 15:34:15.237 +01:00  INF]  Executing OkObjectResult, writing value of type 'hrms_be_backend_data.ViewModel.BaseResponse'.
[2023-09-28 15:34:15.244 +01:00  INF]  Executed action hrms_be_backend_api.Controllers.AuthController.Logout (hrms-be-backend-api) in 84.3847ms
[2023-09-28 15:34:15.247 +01:00  INF]  Executed endpoint 'hrms_be_backend_api.Controllers.AuthController.Logout (hrms-be-backend-api)'
[2023-09-28 15:34:15.249 +01:00  INF]  Request finished HTTP/1.1 POST http://localhost:5008/api/Auth/Logout application/json 64 - 200 - application/json;+charset=utf-8 148.6216ms
[2023-09-28 15:34:18.726 +01:00  INF]  Request starting HTTP/1.1 POST http://localhost:5008/api/Auth/Login application/json 102
[2023-09-28 15:34:18.731 +01:00  INF]  CORS policy execution successful.
[2023-09-28 15:34:18.751 +01:00  INF]  Executing endpoint 'hrms_be_backend_api.Controllers.AuthController.Login (hrms-be-backend-api)'
[2023-09-28 15:34:18.757 +01:00  INF]  Route matched with {action = "Login", controller = "Auth"}. Executing controller action with signature System.Threading.Tasks.Task`1[Microsoft.AspNetCore.Mvc.IActionResult] Login(hrms_be_backend_data.ViewModel.LoginModel) on controller hrms_be_backend_api.Controllers.AuthController (hrms-be-backend-api).
[2023-09-28 15:34:20.251 +01:00  INF]  Executing OkObjectResult, writing value of type 'hrms_be_backend_data.ViewModel.LoginResponse'.
[2023-09-28 15:34:20.450 +01:00  INF]  Executed action hrms_be_backend_api.Controllers.AuthController.Login (hrms-be-backend-api) in 1688.3388ms
[2023-09-28 15:34:20.461 +01:00  INF]  Executed endpoint 'hrms_be_backend_api.Controllers.AuthController.Login (hrms-be-backend-api)'
[2023-09-28 15:34:20.467 +01:00  INF]  Request finished HTTP/1.1 POST http://localhost:5008/api/Auth/Login application/json 102 - 200 - application/json;+charset=utf-8 1740.6034ms
[2023-09-28 15:34:54.256 +01:00  INF]  Request starting HTTP/1.1 GET http://localhost:5008/api/Earnings/GetEarningsItem - -
[2023-09-28 15:34:54.340 +01:00  INF]  Executing endpoint 'hrms_be_backend_api.Controllers.EarningsController.GetEarningsItem (hrms-be-backend-api)'
[2023-09-28 15:34:54.346 +01:00  INF]  Route matched with {action = "GetEarningsItem", controller = "Earnings"}. Executing controller action with signature System.Threading.Tasks.Task`1[Microsoft.AspNetCore.Mvc.IActionResult] GetEarningsItem() on controller hrms_be_backend_api.Controllers.EarningsController (hrms-be-backend-api).
[2023-09-28 15:34:54.805 +01:00  INF]  Executing OkObjectResult, writing value of type 'hrms_be_backend_common.Communication.ExecutedResult`1[[System.Collections.Generic.IEnumerable`1[[hrms_be_backend_data.ViewModel.EarningsItemVm, hrms-be-backend-data, Version=1.0.0.0, Culture=neutral, PublicKeyToken=null]], System.Private.CoreLib, Version=7.0.0.0, Culture=neutral, PublicKeyToken=7cec85d7bea7798e]]'.
[2023-09-28 15:34:54.811 +01:00  INF]  Executed action hrms_be_backend_api.Controllers.EarningsController.GetEarningsItem (hrms-be-backend-api) in 460.8536ms
[2023-09-28 15:34:54.815 +01:00  INF]  Executed endpoint 'hrms_be_backend_api.Controllers.EarningsController.GetEarningsItem (hrms-be-backend-api)'
[2023-09-28 15:34:54.817 +01:00  INF]  Request finished HTTP/1.1 GET http://localhost:5008/api/Earnings/GetEarningsItem - - - 200 - application/json;+charset=utf-8 560.6683ms
[2023-09-28 15:38:00.820 +01:00  INF]  Request starting HTTP/1.1 POST http://localhost:5008/api/Earnings/CreateEarning application/json 166
[2023-09-28 15:38:00.833 +01:00  INF]  CORS policy execution successful.
[2023-09-28 15:38:00.841 +01:00  INF]  Executing endpoint 'hrms_be_backend_api.Controllers.EarningsController.CreateEarning (hrms-be-backend-api)'
[2023-09-28 15:38:00.846 +01:00  INF]  Route matched with {action = "CreateEarning", controller = "Earnings"}. Executing controller action with signature System.Threading.Tasks.Task`1[Microsoft.AspNetCore.Mvc.IActionResult] CreateEarning(hrms_be_backend_common.DTO.EarningsCreateDto) on controller hrms_be_backend_api.Controllers.EarningsController (hrms-be-backend-api).
[2023-09-28 15:38:01.653 +01:00  ERR]  EarningsRepository -> ProcessEarningsComputation => System.Data.SqlClient.SqlException (0x80131904): The INSERT statement conflicted with the FOREIGN KEY constraint "FK_EarningComputations_Earnings". The conflict occurred in database "HrmsDbNew", table "dbo.Earnings", column 'EarningsId'.
The statement has been terminated.
   at hrms_be_backend_data.Repository.DapperGenericRepository.Get[T](String sp, DynamicParameters parms, CommandType commandType) in C:\Users\peter.omolayo\source\repos\hrms-be-backend\hrms-be-backend-data\Repository\DapperGenericRepository.cs:line 79
   at hrms_be_backend_data.Repository.EarningsRepository.ProcessEarningsComputation(EarningsComputationReq payload) in C:\Users\peter.omolayo\source\repos\hrms-be-backend\hrms-be-backend-data\Repository\EarningsRepository.cs:line 107
ClientConnectionId:0048b935-f0fa-4a41-948e-0e5faf7687dc
Error Number:547,State:0,Class:16
[2023-09-28 15:38:01.853 +01:00  ERR]  EarningsRepository -> ProcessEarningsComputation => System.Data.SqlClient.SqlException (0x80131904): The INSERT statement conflicted with the FOREIGN KEY constraint "FK_EarningComputations_Earnings". The conflict occurred in database "HrmsDbNew", table "dbo.Earnings", column 'EarningsId'.
The statement has been terminated.
   at hrms_be_backend_data.Repository.DapperGenericRepository.Get[T](String sp, DynamicParameters parms, CommandType commandType) in C:\Users\peter.omolayo\source\repos\hrms-be-backend\hrms-be-backend-data\Repository\DapperGenericRepository.cs:line 79
   at hrms_be_backend_data.Repository.EarningsRepository.ProcessEarningsComputation(EarningsComputationReq payload) in C:\Users\peter.omolayo\source\repos\hrms-be-backend\hrms-be-backend-data\Repository\EarningsRepository.cs:line 107
ClientConnectionId:0048b935-f0fa-4a41-948e-0e5faf7687dc
Error Number:547,State:0,Class:16
[2023-09-28 15:38:01.904 +01:00  INF]  Executing OkObjectResult, writing value of type 'hrms_be_backend_common.Communication.ExecutedResult`1[[System.String, System.Private.CoreLib, Version=7.0.0.0, Culture=neutral, PublicKeyToken=7cec85d7bea7798e]]'.
[2023-09-28 15:38:01.907 +01:00  INF]  Executed action hrms_be_backend_api.Controllers.EarningsController.CreateEarning (hrms-be-backend-api) in 1058.3184ms
[2023-09-28 15:38:01.910 +01:00  INF]  Executed endpoint 'hrms_be_backend_api.Controllers.EarningsController.CreateEarning (hrms-be-backend-api)'
[2023-09-28 15:38:01.912 +01:00  INF]  Request finished HTTP/1.1 POST http://localhost:5008/api/Earnings/CreateEarning application/json 166 - 200 - application/json;+charset=utf-8 1092.6424ms
[2023-09-28 15:38:37.947 +01:00  INF]  Request starting HTTP/1.1 POST http://localhost:5008/api/Earnings/CreateEarning application/json 166
[2023-09-28 15:38:37.956 +01:00  INF]  CORS policy execution successful.
[2023-09-28 15:38:37.960 +01:00  INF]  Executing endpoint 'hrms_be_backend_api.Controllers.EarningsController.CreateEarning (hrms-be-backend-api)'
[2023-09-28 15:38:37.962 +01:00  INF]  Route matched with {action = "CreateEarning", controller = "Earnings"}. Executing controller action with signature System.Threading.Tasks.Task`1[Microsoft.AspNetCore.Mvc.IActionResult] CreateEarning(hrms_be_backend_common.DTO.EarningsCreateDto) on controller hrms_be_backend_api.Controllers.EarningsController (hrms-be-backend-api).
[2023-09-28 15:39:31.182 +01:00  ERR]  EarningsRepository -> ProcessEarningsComputation => System.Data.SqlClient.SqlException (0x80131904): The INSERT statement conflicted with the FOREIGN KEY constraint "FK_EarningComputations_Earnings". The conflict occurred in database "HrmsDbNew", table "dbo.Earnings", column 'EarningsId'.
The statement has been terminated.
   at hrms_be_backend_data.Repository.DapperGenericRepository.Get[T](String sp, DynamicParameters parms, CommandType commandType) in C:\Users\peter.omolayo\source\repos\hrms-be-backend\hrms-be-backend-data\Repository\DapperGenericRepository.cs:line 79
   at hrms_be_backend_data.Repository.EarningsRepository.ProcessEarningsComputation(EarningsComputationReq payload) in C:\Users\peter.omolayo\source\repos\hrms-be-backend\hrms-be-backend-data\Repository\EarningsRepository.cs:line 107
ClientConnectionId:0048b935-f0fa-4a41-948e-0e5faf7687dc
Error Number:547,State:0,Class:16
[2023-09-28 15:40:31.915 +01:00  INF]  User profile is available. Using 'C:\Users\peter.omolayo\AppData\Local\ASP.NET\DataProtection-Keys' as key repository and Windows DPAPI to encrypt keys at rest.
[2023-09-28 15:40:32.249 +01:00  INF]  Now listening on: http://localhost:5008
[2023-09-28 15:40:32.254 +01:00  INF]  Application started. Press Ctrl+C to shut down.
[2023-09-28 15:40:32.256 +01:00  INF]  Hosting environment: Development
[2023-09-28 15:40:32.258 +01:00  INF]  Content root path: C:\Users\peter.omolayo\source\repos\hrms-be-backend\hrms-be-backend-api
[2023-09-28 15:40:33.201 +01:00  INF]  Request starting HTTP/1.1 GET http://localhost:5008/index.html - -
[2023-09-28 15:40:33.730 +01:00  INF]  Request starting HTTP/1.1 GET http://localhost:5008/_framework/aspnetcore-browser-refresh.js - -
[2023-09-28 15:40:33.734 +01:00  INF]  Request finished HTTP/1.1 GET http://localhost:5008/index.html - - - 200 - text/html;charset=utf-8 542.1273ms
[2023-09-28 15:40:33.741 +01:00  INF]  Request finished HTTP/1.1 GET http://localhost:5008/_framework/aspnetcore-browser-refresh.js - - - 200 12370 application/javascript;+charset=utf-8 10.4326ms
[2023-09-28 15:40:33.756 +01:00  INF]  Request starting HTTP/1.1 GET http://localhost:5008/_vs/browserLink - -
[2023-09-28 15:40:33.779 +01:00  INF]  Request finished HTTP/1.1 GET http://localhost:5008/_vs/browserLink - - - 200 - text/javascript;+charset=UTF-8 22.4188ms
[2023-09-28 15:40:34.099 +01:00  INF]  Request starting HTTP/1.1 GET http://localhost:5008/swagger/v1/swagger.json - -
[2023-09-28 15:40:34.357 +01:00  INF]  Request finished HTTP/1.1 GET http://localhost:5008/swagger/v1/swagger.json - - - 200 - application/json;charset=utf-8 258.0827ms
[2023-09-28 15:40:58.112 +01:00  INF]  Request starting HTTP/1.1 POST http://localhost:5008/api/Auth/Logout application/json 64
[2023-09-28 15:40:58.137 +01:00  INF]  CORS policy execution successful.
[2023-09-28 15:40:58.143 +01:00  WRN]  Failed to determine the https port for redirect.
[2023-09-28 15:40:58.273 +01:00  INF]  Executing endpoint 'hrms_be_backend_api.Controllers.AuthController.Logout (hrms-be-backend-api)'
[2023-09-28 15:40:58.308 +01:00  INF]  Route matched with {action = "Logout", controller = "Auth"}. Executing controller action with signature System.Threading.Tasks.Task`1[Microsoft.AspNetCore.Mvc.IActionResult] Logout(hrms_be_backend_data.RepoPayload.LogoutDto) on controller hrms_be_backend_api.Controllers.AuthController (hrms-be-backend-api).
[2023-09-28 15:40:58.956 +01:00  INF]  Executing OkObjectResult, writing value of type 'hrms_be_backend_data.ViewModel.BaseResponse'.
[2023-09-28 15:40:58.977 +01:00  INF]  Executed action hrms_be_backend_api.Controllers.AuthController.Logout (hrms-be-backend-api) in 658.6306ms
[2023-09-28 15:40:58.984 +01:00  INF]  Executed endpoint 'hrms_be_backend_api.Controllers.AuthController.Logout (hrms-be-backend-api)'
[2023-09-28 15:40:58.988 +01:00  INF]  Request finished HTTP/1.1 POST http://localhost:5008/api/Auth/Logout application/json 64 - 200 - application/json;+charset=utf-8 875.7415ms
[2023-09-28 15:41:02.808 +01:00  INF]  Request starting HTTP/1.1 POST http://localhost:5008/api/Auth/Login application/json 102
[2023-09-28 15:41:02.819 +01:00  INF]  CORS policy execution successful.
[2023-09-28 15:41:02.825 +01:00  INF]  Executing endpoint 'hrms_be_backend_api.Controllers.AuthController.Login (hrms-be-backend-api)'
[2023-09-28 15:41:02.836 +01:00  INF]  Route matched with {action = "Login", controller = "Auth"}. Executing controller action with signature System.Threading.Tasks.Task`1[Microsoft.AspNetCore.Mvc.IActionResult] Login(hrms_be_backend_data.ViewModel.LoginModel) on controller hrms_be_backend_api.Controllers.AuthController (hrms-be-backend-api).
[2023-09-28 15:41:04.220 +01:00  INF]  Executing OkObjectResult, writing value of type 'hrms_be_backend_data.ViewModel.LoginResponse'.
[2023-09-28 15:41:04.274 +01:00  INF]  Executed action hrms_be_backend_api.Controllers.AuthController.Login (hrms-be-backend-api) in 1433.6271ms
[2023-09-28 15:41:04.276 +01:00  INF]  Executed endpoint 'hrms_be_backend_api.Controllers.AuthController.Login (hrms-be-backend-api)'
[2023-09-28 15:41:04.278 +01:00  INF]  Request finished HTTP/1.1 POST http://localhost:5008/api/Auth/Login application/json 102 - 200 - application/json;+charset=utf-8 1470.6335ms
[2023-09-28 15:41:57.286 +01:00  INF]  Request starting HTTP/1.1 POST http://localhost:5008/api/Earnings/CreateEarning application/json 162
[2023-09-28 15:41:57.294 +01:00  INF]  CORS policy execution successful.
[2023-09-28 15:41:57.365 +01:00  INF]  Executing endpoint 'hrms_be_backend_api.Controllers.EarningsController.CreateEarning (hrms-be-backend-api)'
[2023-09-28 15:41:57.372 +01:00  INF]  Route matched with {action = "CreateEarning", controller = "Earnings"}. Executing controller action with signature System.Threading.Tasks.Task`1[Microsoft.AspNetCore.Mvc.IActionResult] CreateEarning(hrms_be_backend_common.DTO.EarningsCreateDto) on controller hrms_be_backend_api.Controllers.EarningsController (hrms-be-backend-api).
[2023-09-28 15:42:03.365 +01:00  ERR]  EarningsRepository -> ProcessEarningsComputation => System.Data.SqlClient.SqlException (0x80131904): The INSERT statement conflicted with the FOREIGN KEY constraint "FK_EarningComputations_Earnings". The conflict occurred in database "HrmsDbNew", table "dbo.Earnings", column 'EarningsId'.
The statement has been terminated.
   at hrms_be_backend_data.Repository.DapperGenericRepository.Get[T](String sp, DynamicParameters parms, CommandType commandType) in C:\Users\peter.omolayo\source\repos\hrms-be-backend\hrms-be-backend-data\Repository\DapperGenericRepository.cs:line 79
   at hrms_be_backend_data.Repository.EarningsRepository.ProcessEarningsComputation(EarningsComputationReq payload) in C:\Users\peter.omolayo\source\repos\hrms-be-backend\hrms-be-backend-data\Repository\EarningsRepository.cs:line 107
ClientConnectionId:1ebc1748-46dd-4fb8-be95-e01ae343297e
Error Number:547,State:0,Class:16
[2023-09-28 15:44:33.298 +01:00  ERR]  EarningsRepository -> ProcessEarningsComputation => System.Data.SqlClient.SqlException (0x80131904): The INSERT statement conflicted with the FOREIGN KEY constraint "FK_EarningComputations_Earnings". The conflict occurred in database "HrmsDbNew", table "dbo.Earnings", column 'EarningsId'.
The statement has been terminated.
   at hrms_be_backend_data.Repository.DapperGenericRepository.Get[T](String sp, DynamicParameters parms, CommandType commandType) in C:\Users\peter.omolayo\source\repos\hrms-be-backend\hrms-be-backend-data\Repository\DapperGenericRepository.cs:line 79
   at hrms_be_backend_data.Repository.EarningsRepository.ProcessEarningsComputation(EarningsComputationReq payload) in C:\Users\peter.omolayo\source\repos\hrms-be-backend\hrms-be-backend-data\Repository\EarningsRepository.cs:line 107
ClientConnectionId:1ebc1748-46dd-4fb8-be95-e01ae343297e
Error Number:547,State:0,Class:16
[2023-09-28 15:44:34.463 +01:00  INF]  Executing OkObjectResult, writing value of type 'hrms_be_backend_common.Communication.ExecutedResult`1[[System.String, System.Private.CoreLib, Version=7.0.0.0, Culture=neutral, PublicKeyToken=7cec85d7bea7798e]]'.
[2023-09-28 15:44:34.469 +01:00  INF]  Executed action hrms_be_backend_api.Controllers.EarningsController.CreateEarning (hrms-be-backend-api) in 157091.9905ms
[2023-09-28 15:44:34.472 +01:00  INF]  Executed endpoint 'hrms_be_backend_api.Controllers.EarningsController.CreateEarning (hrms-be-backend-api)'
[2023-09-28 15:44:34.475 +01:00  INF]  Request finished HTTP/1.1 POST http://localhost:5008/api/Earnings/CreateEarning application/json 162 - 200 - application/json;+charset=utf-8 157189.6355ms
[2023-09-28 15:44:37.090 +01:00  INF]  Request starting HTTP/1.1 POST http://localhost:5008/api/Earnings/CreateEarning application/json 162
[2023-09-28 15:44:37.098 +01:00  INF]  CORS policy execution successful.
[2023-09-28 15:44:37.116 +01:00  INF]  Executing endpoint 'hrms_be_backend_api.Controllers.EarningsController.CreateEarning (hrms-be-backend-api)'
[2023-09-28 15:44:37.120 +01:00  INF]  Route matched with {action = "CreateEarning", controller = "Earnings"}. Executing controller action with signature System.Threading.Tasks.Task`1[Microsoft.AspNetCore.Mvc.IActionResult] CreateEarning(hrms_be_backend_common.DTO.EarningsCreateDto) on controller hrms_be_backend_api.Controllers.EarningsController (hrms-be-backend-api).
[2023-09-28 15:44:44.742 +01:00  INF]  Executing OkObjectResult, writing value of type 'hrms_be_backend_common.Communication.ExecutedResult`1[[System.String, System.Private.CoreLib, Version=7.0.0.0, Culture=neutral, PublicKeyToken=7cec85d7bea7798e]]'.
[2023-09-28 15:44:44.745 +01:00  INF]  Executed action hrms_be_backend_api.Controllers.EarningsController.CreateEarning (hrms-be-backend-api) in 7619.9066ms
[2023-09-28 15:44:44.749 +01:00  INF]  Executed endpoint 'hrms_be_backend_api.Controllers.EarningsController.CreateEarning (hrms-be-backend-api)'
[2023-09-28 15:44:44.751 +01:00  INF]  Request finished HTTP/1.1 POST http://localhost:5008/api/Earnings/CreateEarning application/json 162 - 200 - application/json;+charset=utf-8 7661.7704ms
[2023-09-28 15:44:58.727 +01:00  INF]  Request starting HTTP/1.1 GET http://localhost:5008/api/Earnings/GetEarnings - -
[2023-09-28 15:44:58.732 +01:00  INF]  Executing endpoint 'hrms_be_backend_api.Controllers.EarningsController.GetEarnings (hrms-be-backend-api)'
[2023-09-28 15:44:58.777 +01:00  INF]  Route matched with {action = "GetEarnings", controller = "Earnings"}. Executing controller action with signature System.Threading.Tasks.Task`1[Microsoft.AspNetCore.Mvc.IActionResult] GetEarnings() on controller hrms_be_backend_api.Controllers.EarningsController (hrms-be-backend-api).
[2023-09-28 15:44:59.602 +01:00  INF]  Executing OkObjectResult, writing value of type 'hrms_be_backend_common.Communication.ExecutedResult`1[[hrms_be_backend_data.ViewModel.EarningsView, hrms-be-backend-data, Version=1.0.0.0, Culture=neutral, PublicKeyToken=null]]'.
[2023-09-28 15:44:59.613 +01:00  INF]  Executed action hrms_be_backend_api.Controllers.EarningsController.GetEarnings (hrms-be-backend-api) in 831.5855ms
[2023-09-28 15:44:59.617 +01:00  INF]  Executed endpoint 'hrms_be_backend_api.Controllers.EarningsController.GetEarnings (hrms-be-backend-api)'
[2023-09-28 15:44:59.619 +01:00  INF]  Request finished HTTP/1.1 GET http://localhost:5008/api/Earnings/GetEarnings - - - 200 - application/json;+charset=utf-8 891.6815ms
[2023-09-28 18:21:16.361 +01:00  INF]  User profile is available. Using 'C:\Users\peter.omolayo\AppData\Local\ASP.NET\DataProtection-Keys' as key repository and Windows DPAPI to encrypt keys at rest.
[2023-09-28 18:21:17.061 +01:00  INF]  Now listening on: http://localhost:5008
[2023-09-28 18:21:17.067 +01:00  INF]  Application started. Press Ctrl+C to shut down.
[2023-09-28 18:21:17.070 +01:00  INF]  Hosting environment: Development
[2023-09-28 18:21:17.072 +01:00  INF]  Content root path: C:\Users\peter.omolayo\source\repos\hrms-be-backend\hrms-be-backend-api
[2023-09-28 18:21:19.310 +01:00  INF]  Request starting HTTP/1.1 GET http://localhost:5008/index.html - -
[2023-09-28 18:21:20.221 +01:00  INF]  Request starting HTTP/1.1 GET http://localhost:5008/_framework/aspnetcore-browser-refresh.js - -
[2023-09-28 18:21:20.244 +01:00  INF]  Request starting HTTP/1.1 GET http://localhost:5008/_vs/browserLink - -
[2023-09-28 18:21:20.271 +01:00  INF]  Request finished HTTP/1.1 GET http://localhost:5008/index.html - - - 200 - text/html;charset=utf-8 959.1627ms
[2023-09-28 18:21:20.271 +01:00  INF]  Request finished HTTP/1.1 GET http://localhost:5008/_framework/aspnetcore-browser-refresh.js - - - 200 12370 application/javascript;+charset=utf-8 33.2379ms
[2023-09-28 18:21:20.350 +01:00  INF]  Request finished HTTP/1.1 GET http://localhost:5008/_vs/browserLink - - - 200 - text/javascript;+charset=UTF-8 106.5474ms
[2023-09-28 18:21:20.409 +01:00  INF]  Request starting HTTP/1.1 GET http://localhost:5008/swagger/v1/swagger.json - -
[2023-09-28 18:21:20.760 +01:00  INF]  Request finished HTTP/1.1 GET http://localhost:5008/swagger/v1/swagger.json - - - 200 - application/json;charset=utf-8 351.1055ms
[2023-09-28 18:22:25.044 +01:00  INF]  Request starting HTTP/1.1 POST http://localhost:5008/api/Auth/Logout application/json 64
[2023-09-28 18:22:25.125 +01:00  INF]  CORS policy execution successful.
[2023-09-28 18:22:25.133 +01:00  WRN]  Failed to determine the https port for redirect.
[2023-09-28 18:22:25.492 +01:00  INF]  Executing endpoint 'hrms_be_backend_api.Controllers.AuthController.Logout (hrms-be-backend-api)'
[2023-09-28 18:22:25.530 +01:00  INF]  Route matched with {action = "Logout", controller = "Auth"}. Executing controller action with signature System.Threading.Tasks.Task`1[Microsoft.AspNetCore.Mvc.IActionResult] Logout(hrms_be_backend_data.RepoPayload.LogoutDto) on controller hrms_be_backend_api.Controllers.AuthController (hrms-be-backend-api).
[2023-09-28 18:22:26.389 +01:00  INF]  Executing OkObjectResult, writing value of type 'hrms_be_backend_data.ViewModel.BaseResponse'.
[2023-09-28 18:22:26.402 +01:00  INF]  Executed action hrms_be_backend_api.Controllers.AuthController.Logout (hrms-be-backend-api) in 862.1306ms
[2023-09-28 18:22:26.408 +01:00  INF]  Executed endpoint 'hrms_be_backend_api.Controllers.AuthController.Logout (hrms-be-backend-api)'
[2023-09-28 18:22:26.411 +01:00  INF]  Request finished HTTP/1.1 POST http://localhost:5008/api/Auth/Logout application/json 64 - 200 - application/json;+charset=utf-8 1367.5673ms
[2023-09-28 18:22:30.494 +01:00  INF]  Request starting HTTP/1.1 POST http://localhost:5008/api/Auth/Login application/json 102
[2023-09-28 18:22:30.506 +01:00  INF]  CORS policy execution successful.
[2023-09-28 18:22:30.511 +01:00  INF]  Executing endpoint 'hrms_be_backend_api.Controllers.AuthController.Login (hrms-be-backend-api)'
[2023-09-28 18:22:30.523 +01:00  INF]  Route matched with {action = "Login", controller = "Auth"}. Executing controller action with signature System.Threading.Tasks.Task`1[Microsoft.AspNetCore.Mvc.IActionResult] Login(hrms_be_backend_data.ViewModel.LoginModel) on controller hrms_be_backend_api.Controllers.AuthController (hrms-be-backend-api).
[2023-09-28 18:22:31.850 +01:00  INF]  Executing OkObjectResult, writing value of type 'hrms_be_backend_data.ViewModel.LoginResponse'.
[2023-09-28 18:22:31.925 +01:00  INF]  Executed action hrms_be_backend_api.Controllers.AuthController.Login (hrms-be-backend-api) in 1399.2186ms
[2023-09-28 18:22:31.930 +01:00  INF]  Executed endpoint 'hrms_be_backend_api.Controllers.AuthController.Login (hrms-be-backend-api)'
[2023-09-28 18:22:31.933 +01:00  INF]  Request finished HTTP/1.1 POST http://localhost:5008/api/Auth/Login application/json 102 - 200 - application/json;+charset=utf-8 1439.9023ms
[2023-09-28 18:23:18.215 +01:00  INF]  Request starting HTTP/1.1 POST http://localhost:5008/api/Deduction/CreateDeduction application/json 92
[2023-09-28 18:23:18.224 +01:00  INF]  CORS policy execution successful.
[2023-09-28 18:23:18.273 +01:00  INF]  Executing endpoint 'hrms_be_backend_api.Controllers.DeductionController.CreateDeduction (hrms-be-backend-api)'
[2023-09-28 18:23:18.283 +01:00  INF]  Route matched with {action = "CreateDeduction", controller = "Deduction"}. Executing controller action with signature System.Threading.Tasks.Task`1[Microsoft.AspNetCore.Mvc.IActionResult] CreateDeduction(hrms_be_backend_common.DTO.DeductionCreateDto) on controller hrms_be_backend_api.Controllers.DeductionController (hrms-be-backend-api).
[2023-09-28 18:27:42.009 +01:00  ERR]  DeductionsRepository -> ProcessDeductions => System.Data.SqlClient.SqlException (0x80131904): Procedure or function 'sp_process_deduction' expects parameter '@CompanyId', which was not supplied.
   at hrms_be_backend_data.Repository.DapperGenericRepository.Get[T](String sp, DynamicParameters parms, CommandType commandType) in C:\Users\peter.omolayo\source\repos\hrms-be-backend\hrms-be-backend-data\Repository\DapperGenericRepository.cs:line 79
   at hrms_be_backend_data.Repository.DeductionsRepository.ProcessDeductions(DeductionReq payload) in C:\Users\peter.omolayo\source\repos\hrms-be-backend\hrms-be-backend-data\Repository\DeductionsRepository.cs:line 32
ClientConnectionId:100b1098-5ac7-4ce8-81e1-13e14f648438
Error Number:201,State:4,Class:16
[2023-09-28 18:27:42.013 +01:00  INF]  Executing OkObjectResult, writing value of type 'hrms_be_backend_common.Communication.ExecutedResult`1[[System.String, System.Private.CoreLib, Version=7.0.0.0, Culture=neutral, PublicKeyToken=7cec85d7bea7798e]]'.
[2023-09-28 18:27:42.016 +01:00  INF]  Executed action hrms_be_backend_api.Controllers.DeductionController.CreateDeduction (hrms-be-backend-api) in 263730.1651ms
[2023-09-28 18:27:42.020 +01:00  INF]  Executed endpoint 'hrms_be_backend_api.Controllers.DeductionController.CreateDeduction (hrms-be-backend-api)'
[2023-09-28 18:27:42.023 +01:00  INF]  Request finished HTTP/1.1 POST http://localhost:5008/api/Deduction/CreateDeduction application/json 92 - 200 - application/json;+charset=utf-8 263807.7998ms
[2023-09-28 18:27:45.462 +01:00  INF]  Request starting HTTP/1.1 POST http://localhost:5008/api/Deduction/CreateDeduction application/json 92
[2023-09-28 18:27:45.474 +01:00  INF]  CORS policy execution successful.
[2023-09-28 18:27:45.478 +01:00  INF]  Executing endpoint 'hrms_be_backend_api.Controllers.DeductionController.CreateDeduction (hrms-be-backend-api)'
[2023-09-28 18:27:45.482 +01:00  INF]  Route matched with {action = "CreateDeduction", controller = "Deduction"}. Executing controller action with signature System.Threading.Tasks.Task`1[Microsoft.AspNetCore.Mvc.IActionResult] CreateDeduction(hrms_be_backend_common.DTO.DeductionCreateDto) on controller hrms_be_backend_api.Controllers.DeductionController (hrms-be-backend-api).
[2023-09-28 18:31:33.014 +01:00  ERR]  DeductionService (CreateDeduction)=====>System.FormatException: The input string '' was not in a correct format.
   at System.Number.ThrowOverflowOrFormatException(ParsingStatus status, ReadOnlySpan`1 value, TypeCode type)
   at System.Convert.ToInt64(String value)
   at hrms_be_backend_business.Logic.DeductionsService.CreateDeduction(DeductionCreateDto payload, String AccessKey, IEnumerable`1 claim, String RemoteIpAddress, String RemotePort) in C:\Users\peter.omolayo\source\repos\hrms-be-backend\hrms-be-backend-business\Logic\DeductionsService.cs:line 74
[2023-09-28 18:31:33.019 +01:00  INF]  Executing OkObjectResult, writing value of type 'hrms_be_backend_common.Communication.ExecutedResult`1[[System.String, System.Private.CoreLib, Version=7.0.0.0, Culture=neutral, PublicKeyToken=7cec85d7bea7798e]]'.
[2023-09-28 18:31:33.021 +01:00  INF]  Executed action hrms_be_backend_api.Controllers.DeductionController.CreateDeduction (hrms-be-backend-api) in 227536.5328ms
[2023-09-28 18:31:33.024 +01:00  INF]  Executed endpoint 'hrms_be_backend_api.Controllers.DeductionController.CreateDeduction (hrms-be-backend-api)'
[2023-09-28 18:31:33.026 +01:00  INF]  Request finished HTTP/1.1 POST http://localhost:5008/api/Deduction/CreateDeduction application/json 92 - 200 - application/json;+charset=utf-8 227563.4186ms
[2023-09-28 18:31:35.149 +01:00  INF]  Request starting HTTP/1.1 POST http://localhost:5008/api/Deduction/CreateDeduction application/json 92
[2023-09-28 18:31:35.152 +01:00  INF]  CORS policy execution successful.
[2023-09-28 18:31:35.162 +01:00  INF]  Executing endpoint 'hrms_be_backend_api.Controllers.DeductionController.CreateDeduction (hrms-be-backend-api)'
[2023-09-28 18:31:35.166 +01:00  INF]  Route matched with {action = "CreateDeduction", controller = "Deduction"}. Executing controller action with signature System.Threading.Tasks.Task`1[Microsoft.AspNetCore.Mvc.IActionResult] CreateDeduction(hrms_be_backend_common.DTO.DeductionCreateDto) on controller hrms_be_backend_api.Controllers.DeductionController (hrms-be-backend-api).
[2023-09-28 18:31:38.123 +01:00  INF]  Executing OkObjectResult, writing value of type 'hrms_be_backend_common.Communication.ExecutedResult`1[[System.String, System.Private.CoreLib, Version=7.0.0.0, Culture=neutral, PublicKeyToken=7cec85d7bea7798e]]'.
[2023-09-28 18:31:38.127 +01:00  INF]  Executed action hrms_be_backend_api.Controllers.DeductionController.CreateDeduction (hrms-be-backend-api) in 2955.343ms
[2023-09-28 18:31:38.131 +01:00  INF]  Executed endpoint 'hrms_be_backend_api.Controllers.DeductionController.CreateDeduction (hrms-be-backend-api)'
[2023-09-28 18:31:38.133 +01:00  INF]  Request finished HTTP/1.1 POST http://localhost:5008/api/Deduction/CreateDeduction application/json 92 - 200 - application/json;+charset=utf-8 2984.5514ms
[2023-09-28 18:31:49.305 +01:00  INF]  Request starting HTTP/1.1 POST http://localhost:5008/api/Deduction/CreateDeduction application/json 94
[2023-09-28 18:31:49.308 +01:00  INF]  CORS policy execution successful.
[2023-09-28 18:31:49.310 +01:00  INF]  Executing endpoint 'hrms_be_backend_api.Controllers.DeductionController.CreateDeduction (hrms-be-backend-api)'
[2023-09-28 18:31:49.313 +01:00  INF]  Route matched with {action = "CreateDeduction", controller = "Deduction"}. Executing controller action with signature System.Threading.Tasks.Task`1[Microsoft.AspNetCore.Mvc.IActionResult] CreateDeduction(hrms_be_backend_common.DTO.DeductionCreateDto) on controller hrms_be_backend_api.Controllers.DeductionController (hrms-be-backend-api).
[2023-09-28 18:33:16.593 +01:00  INF]  Executing OkObjectResult, writing value of type 'hrms_be_backend_common.Communication.ExecutedResult`1[[System.String, System.Private.CoreLib, Version=7.0.0.0, Culture=neutral, PublicKeyToken=7cec85d7bea7798e]]'.
[2023-09-28 18:33:16.598 +01:00  INF]  Executed action hrms_be_backend_api.Controllers.DeductionController.CreateDeduction (hrms-be-backend-api) in 87280.0411ms
[2023-09-28 18:33:16.601 +01:00  INF]  Executed endpoint 'hrms_be_backend_api.Controllers.DeductionController.CreateDeduction (hrms-be-backend-api)'
[2023-09-28 18:33:16.604 +01:00  INF]  Request finished HTTP/1.1 POST http://localhost:5008/api/Deduction/CreateDeduction application/json 94 - 200 - application/json;+charset=utf-8 87299.8949ms
[2023-09-28 18:33:37.646 +01:00  INF]  Request starting HTTP/1.1 POST http://localhost:5008/api/Deduction/CreateDeduction application/json 130
[2023-09-28 18:33:37.657 +01:00  INF]  CORS policy execution successful.
[2023-09-28 18:33:37.660 +01:00  INF]  Executing endpoint 'hrms_be_backend_api.Controllers.DeductionController.CreateDeduction (hrms-be-backend-api)'
[2023-09-28 18:33:37.663 +01:00  INF]  Route matched with {action = "CreateDeduction", controller = "Deduction"}. Executing controller action with signature System.Threading.Tasks.Task`1[Microsoft.AspNetCore.Mvc.IActionResult] CreateDeduction(hrms_be_backend_common.DTO.DeductionCreateDto) on controller hrms_be_backend_api.Controllers.DeductionController (hrms-be-backend-api).
[2023-09-28 18:33:41.558 +01:00  INF]  Executing OkObjectResult, writing value of type 'hrms_be_backend_common.Communication.ExecutedResult`1[[System.String, System.Private.CoreLib, Version=7.0.0.0, Culture=neutral, PublicKeyToken=7cec85d7bea7798e]]'.
[2023-09-28 18:33:41.563 +01:00  INF]  Executed action hrms_be_backend_api.Controllers.DeductionController.CreateDeduction (hrms-be-backend-api) in 3896.8805ms
[2023-09-28 18:33:41.565 +01:00  INF]  Executed endpoint 'hrms_be_backend_api.Controllers.DeductionController.CreateDeduction (hrms-be-backend-api)'
[2023-09-28 18:33:41.567 +01:00  INF]  Request finished HTTP/1.1 POST http://localhost:5008/api/Deduction/CreateDeduction application/json 130 - 200 - application/json;+charset=utf-8 3923.2111ms
[2023-09-28 18:33:47.613 +01:00  INF]  Request starting HTTP/1.1 POST http://localhost:5008/api/Deduction/CreateDeduction application/json 130
[2023-09-28 18:33:47.616 +01:00  INF]  CORS policy execution successful.
[2023-09-28 18:33:47.618 +01:00  INF]  Executing endpoint 'hrms_be_backend_api.Controllers.DeductionController.CreateDeduction (hrms-be-backend-api)'
[2023-09-28 18:33:47.621 +01:00  INF]  Route matched with {action = "CreateDeduction", controller = "Deduction"}. Executing controller action with signature System.Threading.Tasks.Task`1[Microsoft.AspNetCore.Mvc.IActionResult] CreateDeduction(hrms_be_backend_common.DTO.DeductionCreateDto) on controller hrms_be_backend_api.Controllers.DeductionController (hrms-be-backend-api).
[2023-09-28 18:33:55.311 +01:00  INF]  Executing OkObjectResult, writing value of type 'hrms_be_backend_common.Communication.ExecutedResult`1[[System.String, System.Private.CoreLib, Version=7.0.0.0, Culture=neutral, PublicKeyToken=7cec85d7bea7798e]]'.
[2023-09-28 18:33:55.318 +01:00  INF]  Executed action hrms_be_backend_api.Controllers.DeductionController.CreateDeduction (hrms-be-backend-api) in 7693.1514ms
[2023-09-28 18:33:55.321 +01:00  INF]  Executed endpoint 'hrms_be_backend_api.Controllers.DeductionController.CreateDeduction (hrms-be-backend-api)'
[2023-09-28 18:33:55.323 +01:00  INF]  Request finished HTTP/1.1 POST http://localhost:5008/api/Deduction/CreateDeduction application/json 130 - 200 - application/json;+charset=utf-8 7709.7879ms
[2023-09-28 18:34:04.351 +01:00  INF]  Request starting HTTP/1.1 GET http://localhost:5008/api/Deduction/GetDeductions - -
[2023-09-28 18:34:04.353 +01:00  INF]  Executing endpoint 'hrms_be_backend_api.Controllers.DeductionController.GetDeductions (hrms-be-backend-api)'
[2023-09-28 18:34:04.361 +01:00  INF]  Route matched with {action = "GetDeductions", controller = "Deduction"}. Executing controller action with signature System.Threading.Tasks.Task`1[Microsoft.AspNetCore.Mvc.IActionResult] GetDeductions() on controller hrms_be_backend_api.Controllers.DeductionController (hrms-be-backend-api).
[2023-09-28 18:34:05.018 +01:00  INF]  Executing OkObjectResult, writing value of type 'hrms_be_backend_common.Communication.ExecutedResult`1[[System.Collections.Generic.IEnumerable`1[[hrms_be_backend_data.ViewModel.DeductionView, hrms-be-backend-data, Version=1.0.0.0, Culture=neutral, PublicKeyToken=null]], System.Private.CoreLib, Version=7.0.0.0, Culture=neutral, PublicKeyToken=7cec85d7bea7798e]]'.
[2023-09-28 18:34:05.028 +01:00  INF]  Executed action hrms_be_backend_api.Controllers.DeductionController.GetDeductions (hrms-be-backend-api) in 660.5438ms
[2023-09-28 18:34:05.031 +01:00  INF]  Executed endpoint 'hrms_be_backend_api.Controllers.DeductionController.GetDeductions (hrms-be-backend-api)'
[2023-09-28 18:34:05.034 +01:00  INF]  Request finished HTTP/1.1 GET http://localhost:5008/api/Deduction/GetDeductions - - - 200 - application/json;+charset=utf-8 683.4737ms
[2023-09-28 18:37:34.274 +01:00  INF]  User profile is available. Using 'C:\Users\peter.omolayo\AppData\Local\ASP.NET\DataProtection-Keys' as key repository and Windows DPAPI to encrypt keys at rest.
[2023-09-28 18:37:34.547 +01:00  INF]  Now listening on: http://localhost:5008
[2023-09-28 18:37:34.552 +01:00  INF]  Application started. Press Ctrl+C to shut down.
[2023-09-28 18:37:34.554 +01:00  INF]  Hosting environment: Development
[2023-09-28 18:37:34.556 +01:00  INF]  Content root path: C:\Users\peter.omolayo\source\repos\hrms-be-backend\hrms-be-backend-api
[2023-09-28 18:37:35.709 +01:00  INF]  Request starting HTTP/1.1 GET http://localhost:5008/index.html - -
[2023-09-28 18:37:36.653 +01:00  INF]  Request starting HTTP/1.1 GET http://localhost:5008/_vs/browserLink - -
[2023-09-28 18:37:36.656 +01:00  INF]  Request starting HTTP/1.1 GET http://localhost:5008/_framework/aspnetcore-browser-refresh.js - -
[2023-09-28 18:37:36.673 +01:00  INF]  Request finished HTTP/1.1 GET http://localhost:5008/index.html - - - 200 - text/html;charset=utf-8 973.2454ms
[2023-09-28 18:37:36.683 +01:00  INF]  Request finished HTTP/1.1 GET http://localhost:5008/_framework/aspnetcore-browser-refresh.js - - - 200 12370 application/javascript;+charset=utf-8 27.3934ms
[2023-09-28 18:37:36.692 +01:00  INF]  Request finished HTTP/1.1 GET http://localhost:5008/_vs/browserLink - - - 200 - text/javascript;+charset=UTF-8 38.9257ms
[2023-09-28 18:37:37.007 +01:00  INF]  Request starting HTTP/1.1 GET http://localhost:5008/swagger/v1/swagger.json - -
[2023-09-28 18:37:37.328 +01:00  INF]  Request finished HTTP/1.1 GET http://localhost:5008/swagger/v1/swagger.json - - - 200 - application/json;charset=utf-8 320.6771ms
[2023-09-28 18:38:06.983 +01:00  INF]  Request starting HTTP/1.1 POST http://localhost:5008/api/Auth/Logout application/json 64
[2023-09-28 18:38:07.009 +01:00  INF]  CORS policy execution successful.
[2023-09-28 18:38:07.015 +01:00  WRN]  Failed to determine the https port for redirect.
[2023-09-28 18:38:07.124 +01:00  INF]  Executing endpoint 'hrms_be_backend_api.Controllers.AuthController.Logout (hrms-be-backend-api)'
[2023-09-28 18:38:07.157 +01:00  INF]  Route matched with {action = "Logout", controller = "Auth"}. Executing controller action with signature System.Threading.Tasks.Task`1[Microsoft.AspNetCore.Mvc.IActionResult] Logout(hrms_be_backend_data.RepoPayload.LogoutDto) on controller hrms_be_backend_api.Controllers.AuthController (hrms-be-backend-api).
[2023-09-28 18:38:07.800 +01:00  INF]  Executing OkObjectResult, writing value of type 'hrms_be_backend_data.ViewModel.BaseResponse'.
[2023-09-28 18:38:07.812 +01:00  INF]  Executed action hrms_be_backend_api.Controllers.AuthController.Logout (hrms-be-backend-api) in 645.1568ms
[2023-09-28 18:38:07.818 +01:00  INF]  Executed endpoint 'hrms_be_backend_api.Controllers.AuthController.Logout (hrms-be-backend-api)'
[2023-09-28 18:38:07.821 +01:00  INF]  Request finished HTTP/1.1 POST http://localhost:5008/api/Auth/Logout application/json 64 - 200 - application/json;+charset=utf-8 838.2299ms
[2023-09-28 18:38:10.106 +01:00  INF]  Request starting HTTP/1.1 POST http://localhost:5008/api/Auth/Login application/json 102
[2023-09-28 18:38:10.121 +01:00  INF]  CORS policy execution successful.
[2023-09-28 18:38:10.127 +01:00  INF]  Executing endpoint 'hrms_be_backend_api.Controllers.AuthController.Login (hrms-be-backend-api)'
[2023-09-28 18:38:10.143 +01:00  INF]  Route matched with {action = "Login", controller = "Auth"}. Executing controller action with signature System.Threading.Tasks.Task`1[Microsoft.AspNetCore.Mvc.IActionResult] Login(hrms_be_backend_data.ViewModel.LoginModel) on controller hrms_be_backend_api.Controllers.AuthController (hrms-be-backend-api).
[2023-09-28 18:38:11.536 +01:00  INF]  Executing OkObjectResult, writing value of type 'hrms_be_backend_data.ViewModel.LoginResponse'.
[2023-09-28 18:38:11.595 +01:00  INF]  Executed action hrms_be_backend_api.Controllers.AuthController.Login (hrms-be-backend-api) in 1446.4936ms
[2023-09-28 18:38:11.598 +01:00  INF]  Executed endpoint 'hrms_be_backend_api.Controllers.AuthController.Login (hrms-be-backend-api)'
[2023-09-28 18:38:11.601 +01:00  INF]  Request finished HTTP/1.1 POST http://localhost:5008/api/Auth/Login application/json 102 - 200 - application/json;+charset=utf-8 1494.4585ms
[2023-09-28 18:38:59.949 +01:00  INF]  Request starting HTTP/1.1 GET http://localhost:5008/api/Deduction/GetDeductions - -
[2023-09-28 18:39:00.041 +01:00  INF]  Executing endpoint 'hrms_be_backend_api.Controllers.DeductionController.GetDeductions (hrms-be-backend-api)'
[2023-09-28 18:39:00.050 +01:00  INF]  Route matched with {action = "GetDeductions", controller = "Deduction"}. Executing controller action with signature System.Threading.Tasks.Task`1[Microsoft.AspNetCore.Mvc.IActionResult] GetDeductions() on controller hrms_be_backend_api.Controllers.DeductionController (hrms-be-backend-api).
[2023-09-28 18:39:01.017 +01:00  INF]  Executing OkObjectResult, writing value of type 'hrms_be_backend_common.Communication.ExecutedResult`1[[System.Collections.Generic.IEnumerable`1[[hrms_be_backend_data.ViewModel.DeductionView, hrms-be-backend-data, Version=1.0.0.0, Culture=neutral, PublicKeyToken=null]], System.Private.CoreLib, Version=7.0.0.0, Culture=neutral, PublicKeyToken=7cec85d7bea7798e]]'.
[2023-09-28 18:39:01.044 +01:00  INF]  Executed action hrms_be_backend_api.Controllers.DeductionController.GetDeductions (hrms-be-backend-api) in 988.1936ms
[2023-09-28 18:39:01.049 +01:00  INF]  Executed endpoint 'hrms_be_backend_api.Controllers.DeductionController.GetDeductions (hrms-be-backend-api)'
[2023-09-28 18:39:01.051 +01:00  INF]  Request finished HTTP/1.1 GET http://localhost:5008/api/Deduction/GetDeductions - - - 200 - application/json;+charset=utf-8 1101.9727ms
