[2023-10-13 10:11:55.501 +01:00  INF]  User profile is available. Using 'C:\Users\peter.omolayo\AppData\Local\ASP.NET\DataProtection-Keys' as key repository and Windows DPAPI to encrypt keys at rest.
[2023-10-13 10:11:56.825 +01:00  INF]  Now listening on: http://localhost:5008
[2023-10-13 10:11:56.852 +01:00  INF]  Application started. Press Ctrl+C to shut down.
[2023-10-13 10:11:56.857 +01:00  INF]  Hosting environment: Development
[2023-10-13 10:11:56.861 +01:00  INF]  Content root path: C:\Users\peter.omolayo\source\repos\hrms-be-backend\hrms-be-backend-api
[2023-10-13 10:12:01.935 +01:00  INF]  Request starting HTTP/1.1 GET http://localhost:5008/index.html - -
[2023-10-13 10:12:03.766 +01:00  INF]  Request finished HTTP/1.1 GET http://localhost:5008/index.html - - - 200 - text/html;charset=utf-8 1841.3801ms
[2023-10-13 10:12:13.700 +01:00  INF]  Request starting HTTP/1.1 GET http://localhost:5008/_framework/aspnetcore-browser-refresh.js - -
[2023-10-13 10:12:13.706 +01:00  INF]  Request starting HTTP/1.1 GET http://localhost:5008/_vs/browserLink - -
[2023-10-13 10:12:13.720 +01:00  INF]  Request finished HTTP/1.1 GET http://localhost:5008/_framework/aspnetcore-browser-refresh.js - - - 200 12370 application/javascript;+charset=utf-8 19.7611ms
[2023-10-13 10:12:13.822 +01:00  INF]  Request finished HTTP/1.1 GET http://localhost:5008/_vs/browserLink - - - 200 - text/javascript;+charset=UTF-8 116.4404ms
[2023-10-13 10:12:14.028 +01:00  INF]  Request starting HTTP/1.1 GET http://localhost:5008/swagger/v1/swagger.json - -
[2023-10-13 10:12:14.763 +01:00  INF]  Request finished HTTP/1.1 GET http://localhost:5008/swagger/v1/swagger.json - - - 200 - application/json;charset=utf-8 735.2948ms
[2023-10-13 10:14:14.989 +01:00  INF]  Request starting HTTP/1.1 POST http://localhost:5008/api/Auth/Login application/json 93
[2023-10-13 10:14:15.043 +01:00  INF]  CORS policy execution successful.
[2023-10-13 10:14:15.059 +01:00  WRN]  Failed to determine the https port for redirect.
[2023-10-13 10:14:15.573 +01:00  INF]  Executing endpoint 'hrms_be_backend_api.Controllers.AuthController.Login (hrms-be-backend-api)'
[2023-10-13 10:14:15.661 +01:00  INF]  Route matched with {action = "Login", controller = "Auth"}. Executing controller action with signature System.Threading.Tasks.Task`1[Microsoft.AspNetCore.Mvc.IActionResult] Login(hrms_be_backend_data.ViewModel.LoginModel) on controller hrms_be_backend_api.Controllers.AuthController (hrms-be-backend-api).
[2023-10-13 10:14:18.546 +01:00  INF]  Executing OkObjectResult, writing value of type 'hrms_be_backend_data.ViewModel.LoginResponse'.
[2023-10-13 10:14:18.604 +01:00  INF]  Executed action hrms_be_backend_api.Controllers.AuthController.Login (hrms-be-backend-api) in 2913.4362ms
[2023-10-13 10:14:18.622 +01:00  INF]  Executed endpoint 'hrms_be_backend_api.Controllers.AuthController.Login (hrms-be-backend-api)'
[2023-10-13 10:14:18.630 +01:00  INF]  Request finished HTTP/1.1 POST http://localhost:5008/api/Auth/Login application/json 93 - 200 - application/json;+charset=utf-8 3641.1533ms
[2023-10-13 10:14:29.383 +01:00  INF]  Request starting HTTP/1.1 POST http://localhost:5008/api/Auth/Logout application/json 64
[2023-10-13 10:14:29.450 +01:00  INF]  CORS policy execution successful.
[2023-10-13 10:14:29.463 +01:00  INF]  Executing endpoint 'hrms_be_backend_api.Controllers.AuthController.Logout (hrms-be-backend-api)'
[2023-10-13 10:14:29.549 +01:00  INF]  Route matched with {action = "Logout", controller = "Auth"}. Executing controller action with signature System.Threading.Tasks.Task`1[Microsoft.AspNetCore.Mvc.IActionResult] Logout(hrms_be_backend_data.RepoPayload.LogoutDto) on controller hrms_be_backend_api.Controllers.AuthController (hrms-be-backend-api).
[2023-10-13 10:14:29.764 +01:00  INF]  Executing OkObjectResult, writing value of type 'hrms_be_backend_data.ViewModel.BaseResponse'.
[2023-10-13 10:14:29.779 +01:00  INF]  Executed action hrms_be_backend_api.Controllers.AuthController.Logout (hrms-be-backend-api) in 213.1427ms
[2023-10-13 10:14:29.793 +01:00  INF]  Executed endpoint 'hrms_be_backend_api.Controllers.AuthController.Logout (hrms-be-backend-api)'
[2023-10-13 10:14:29.801 +01:00  INF]  Request finished HTTP/1.1 POST http://localhost:5008/api/Auth/Logout application/json 64 - 200 - application/json;+charset=utf-8 417.6399ms
[2023-10-13 10:14:36.146 +01:00  INF]  Request starting HTTP/1.1 POST http://localhost:5008/api/Auth/Login application/json 93
[2023-10-13 10:14:36.155 +01:00  INF]  CORS policy execution successful.
[2023-10-13 10:14:36.171 +01:00  INF]  Executing endpoint 'hrms_be_backend_api.Controllers.AuthController.Login (hrms-be-backend-api)'
[2023-10-13 10:14:36.179 +01:00  INF]  Route matched with {action = "Login", controller = "Auth"}. Executing controller action with signature System.Threading.Tasks.Task`1[Microsoft.AspNetCore.Mvc.IActionResult] Login(hrms_be_backend_data.ViewModel.LoginModel) on controller hrms_be_backend_api.Controllers.AuthController (hrms-be-backend-api).
[2023-10-13 10:14:38.461 +01:00  INF]  Executing OkObjectResult, writing value of type 'hrms_be_backend_data.ViewModel.LoginResponse'.
[2023-10-13 10:14:38.641 +01:00  INF]  Executed action hrms_be_backend_api.Controllers.AuthController.Login (hrms-be-backend-api) in 2445.3157ms
[2023-10-13 10:14:38.654 +01:00  INF]  Executed endpoint 'hrms_be_backend_api.Controllers.AuthController.Login (hrms-be-backend-api)'
[2023-10-13 10:14:38.682 +01:00  INF]  Request finished HTTP/1.1 POST http://localhost:5008/api/Auth/Login application/json 93 - 200 - application/json;+charset=utf-8 2535.9785ms
[2023-10-13 10:15:23.980 +01:00  INF]  Request starting HTTP/1.1 GET http://localhost:5008/api/Currency/GetCurrencies - -
[2023-10-13 10:15:24.137 +01:00  INF]  Executing endpoint 'hrms_be_backend_api.Controllers.CurrencyController.GetCurrencies (hrms-be-backend-api)'
[2023-10-13 10:15:24.154 +01:00  INF]  Route matched with {action = "GetCurrencies", controller = "Currency"}. Executing controller action with signature System.Threading.Tasks.Task`1[Microsoft.AspNetCore.Mvc.IActionResult] GetCurrencies() on controller hrms_be_backend_api.Controllers.CurrencyController (hrms-be-backend-api).
[2023-10-13 10:19:11.557 +01:00  INF]  User profile is available. Using 'C:\Users\peter.omolayo\AppData\Local\ASP.NET\DataProtection-Keys' as key repository and Windows DPAPI to encrypt keys at rest.
[2023-10-13 10:19:12.358 +01:00  INF]  Now listening on: http://localhost:5008
[2023-10-13 10:19:12.371 +01:00  INF]  Application started. Press Ctrl+C to shut down.
[2023-10-13 10:19:12.377 +01:00  INF]  Hosting environment: Development
[2023-10-13 10:19:12.383 +01:00  INF]  Content root path: C:\Users\peter.omolayo\source\repos\hrms-be-backend\hrms-be-backend-api
[2023-10-13 10:19:13.933 +01:00  INF]  Request starting HTTP/1.1 GET http://localhost:5008/index.html - -
[2023-10-13 10:19:15.270 +01:00  INF]  Request starting HTTP/1.1 GET http://localhost:5008/_framework/aspnetcore-browser-refresh.js - -
[2023-10-13 10:19:15.304 +01:00  INF]  Request starting HTTP/1.1 GET http://localhost:5008/_vs/browserLink - -
[2023-10-13 10:19:15.374 +01:00  INF]  Request finished HTTP/1.1 GET http://localhost:5008/_framework/aspnetcore-browser-refresh.js - - - 200 12370 application/javascript;+charset=utf-8 69.2353ms
[2023-10-13 10:19:15.374 +01:00  INF]  Request finished HTTP/1.1 GET http://localhost:5008/index.html - - - 200 - text/html;charset=utf-8 1453.0397ms
[2023-10-13 10:19:15.408 +01:00  INF]  Request finished HTTP/1.1 GET http://localhost:5008/_vs/browserLink - - - 200 - text/javascript;+charset=UTF-8 103.6853ms
[2023-10-13 10:19:15.793 +01:00  INF]  Request starting HTTP/1.1 GET http://localhost:5008/swagger/v1/swagger.json - -
[2023-10-13 10:19:16.574 +01:00  INF]  Request finished HTTP/1.1 GET http://localhost:5008/swagger/v1/swagger.json - - - 200 - application/json;charset=utf-8 781.1695ms
[2023-10-13 10:19:48.163 +01:00  INF]  Request starting HTTP/1.1 POST http://localhost:5008/api/Auth/Login application/json 93
[2023-10-13 10:19:48.221 +01:00  INF]  CORS policy execution successful.
[2023-10-13 10:19:48.235 +01:00  WRN]  Failed to determine the https port for redirect.
[2023-10-13 10:19:48.567 +01:00  INF]  Executing endpoint 'hrms_be_backend_api.Controllers.AuthController.Login (hrms-be-backend-api)'
[2023-10-13 10:19:48.647 +01:00  INF]  Route matched with {action = "Login", controller = "Auth"}. Executing controller action with signature System.Threading.Tasks.Task`1[Microsoft.AspNetCore.Mvc.IActionResult] Login(hrms_be_backend_data.ViewModel.LoginModel) on controller hrms_be_backend_api.Controllers.AuthController (hrms-be-backend-api).
[2023-10-13 10:19:50.559 +01:00  INF]  Executing OkObjectResult, writing value of type 'hrms_be_backend_data.ViewModel.LoginResponse'.
[2023-10-13 10:19:50.594 +01:00  INF]  Executed action hrms_be_backend_api.Controllers.AuthController.Login (hrms-be-backend-api) in 1918.5705ms
[2023-10-13 10:19:50.622 +01:00  INF]  Executed endpoint 'hrms_be_backend_api.Controllers.AuthController.Login (hrms-be-backend-api)'
[2023-10-13 10:19:50.635 +01:00  INF]  Request finished HTTP/1.1 POST http://localhost:5008/api/Auth/Login application/json 93 - 200 - application/json;+charset=utf-8 2471.8222ms
[2023-10-13 10:20:13.290 +01:00  INF]  Request starting HTTP/1.1 POST http://localhost:5008/api/Auth/Logout application/json 64
[2023-10-13 10:20:13.343 +01:00  INF]  CORS policy execution successful.
[2023-10-13 10:20:13.371 +01:00  INF]  Executing endpoint 'hrms_be_backend_api.Controllers.AuthController.Logout (hrms-be-backend-api)'
[2023-10-13 10:20:13.423 +01:00  INF]  Route matched with {action = "Logout", controller = "Auth"}. Executing controller action with signature System.Threading.Tasks.Task`1[Microsoft.AspNetCore.Mvc.IActionResult] Logout(hrms_be_backend_data.RepoPayload.LogoutDto) on controller hrms_be_backend_api.Controllers.AuthController (hrms-be-backend-api).
[2023-10-13 10:20:13.614 +01:00  INF]  Executing OkObjectResult, writing value of type 'hrms_be_backend_data.ViewModel.BaseResponse'.
[2023-10-13 10:20:13.627 +01:00  INF]  Executed action hrms_be_backend_api.Controllers.AuthController.Logout (hrms-be-backend-api) in 189.3755ms
[2023-10-13 10:20:13.636 +01:00  INF]  Executed endpoint 'hrms_be_backend_api.Controllers.AuthController.Logout (hrms-be-backend-api)'
[2023-10-13 10:20:13.642 +01:00  INF]  Request finished HTTP/1.1 POST http://localhost:5008/api/Auth/Logout application/json 64 - 200 - application/json;+charset=utf-8 352.1149ms
[2023-10-13 10:20:18.641 +01:00  INF]  Request starting HTTP/1.1 POST http://localhost:5008/api/Auth/Login application/json 93
[2023-10-13 10:20:18.664 +01:00  INF]  CORS policy execution successful.
[2023-10-13 10:20:18.685 +01:00  INF]  Executing endpoint 'hrms_be_backend_api.Controllers.AuthController.Login (hrms-be-backend-api)'
[2023-10-13 10:20:18.700 +01:00  INF]  Route matched with {action = "Login", controller = "Auth"}. Executing controller action with signature System.Threading.Tasks.Task`1[Microsoft.AspNetCore.Mvc.IActionResult] Login(hrms_be_backend_data.ViewModel.LoginModel) on controller hrms_be_backend_api.Controllers.AuthController (hrms-be-backend-api).
[2023-10-13 10:20:20.875 +01:00  INF]  Executing OkObjectResult, writing value of type 'hrms_be_backend_data.ViewModel.LoginResponse'.
[2023-10-13 10:20:20.989 +01:00  INF]  Executed action hrms_be_backend_api.Controllers.AuthController.Login (hrms-be-backend-api) in 2269.8497ms
[2023-10-13 10:20:21.000 +01:00  INF]  Executed endpoint 'hrms_be_backend_api.Controllers.AuthController.Login (hrms-be-backend-api)'
[2023-10-13 10:20:21.009 +01:00  INF]  Request finished HTTP/1.1 POST http://localhost:5008/api/Auth/Login application/json 93 - 200 - application/json;+charset=utf-8 2368.6607ms
[2023-10-13 10:22:03.140 +01:00  INF]  User profile is available. Using 'C:\Users\peter.omolayo\AppData\Local\ASP.NET\DataProtection-Keys' as key repository and Windows DPAPI to encrypt keys at rest.
[2023-10-13 10:22:03.811 +01:00  INF]  Now listening on: http://localhost:5008
[2023-10-13 10:22:03.823 +01:00  INF]  Application started. Press Ctrl+C to shut down.
[2023-10-13 10:22:03.828 +01:00  INF]  Hosting environment: Development
[2023-10-13 10:22:03.831 +01:00  INF]  Content root path: C:\Users\peter.omolayo\source\repos\hrms-be-backend\hrms-be-backend-api
[2023-10-13 10:22:05.274 +01:00  INF]  Request starting HTTP/1.1 GET http://localhost:5008/index.html - -
[2023-10-13 10:22:06.463 +01:00  INF]  Request finished HTTP/1.1 GET http://localhost:5008/index.html - - - 200 - text/html;charset=utf-8 1198.7986ms
[2023-10-13 10:22:06.541 +01:00  INF]  Request starting HTTP/1.1 GET http://localhost:5008/_vs/browserLink - -
[2023-10-13 10:22:06.573 +01:00  INF]  Request starting HTTP/1.1 GET http://localhost:5008/_framework/aspnetcore-browser-refresh.js - -
[2023-10-13 10:22:06.592 +01:00  INF]  Request finished HTTP/1.1 GET http://localhost:5008/_framework/aspnetcore-browser-refresh.js - - - 200 12370 application/javascript;+charset=utf-8 18.4434ms
[2023-10-13 10:22:06.635 +01:00  INF]  Request finished HTTP/1.1 GET http://localhost:5008/_vs/browserLink - - - 200 - text/javascript;+charset=UTF-8 93.3839ms
[2023-10-13 10:22:07.120 +01:00  INF]  Request starting HTTP/1.1 GET http://localhost:5008/swagger/v1/swagger.json - -
[2023-10-13 10:22:08.274 +01:00  INF]  Request finished HTTP/1.1 GET http://localhost:5008/swagger/v1/swagger.json - - - 200 - application/json;charset=utf-8 1154.1653ms
[2023-10-13 10:24:17.912 +01:00  INF]  Request starting HTTP/1.1 POST http://localhost:5008/api/Auth/Login application/json 93
[2023-10-13 10:24:17.981 +01:00  INF]  CORS policy execution successful.
[2023-10-13 10:24:17.995 +01:00  WRN]  Failed to determine the https port for redirect.
[2023-10-13 10:24:18.315 +01:00  INF]  Executing endpoint 'hrms_be_backend_api.Controllers.AuthController.Login (hrms-be-backend-api)'
[2023-10-13 10:24:18.422 +01:00  INF]  Route matched with {action = "Login", controller = "Auth"}. Executing controller action with signature System.Threading.Tasks.Task`1[Microsoft.AspNetCore.Mvc.IActionResult] Login(hrms_be_backend_data.ViewModel.LoginModel) on controller hrms_be_backend_api.Controllers.AuthController (hrms-be-backend-api).
[2023-10-13 10:24:22.654 +01:00  INF]  Executing OkObjectResult, writing value of type 'hrms_be_backend_data.ViewModel.LoginResponse'.
[2023-10-13 10:24:22.891 +01:00  INF]  Executed action hrms_be_backend_api.Controllers.AuthController.Login (hrms-be-backend-api) in 4433.5517ms
[2023-10-13 10:24:22.929 +01:00  INF]  Executed endpoint 'hrms_be_backend_api.Controllers.AuthController.Login (hrms-be-backend-api)'
[2023-10-13 10:24:22.942 +01:00  INF]  Request finished HTTP/1.1 POST http://localhost:5008/api/Auth/Login application/json 93 - 200 - application/json;+charset=utf-8 5030.3774ms
[2023-10-13 10:24:51.109 +01:00  INF]  Request starting HTTP/1.1 GET http://localhost:5008/api/Currency/GetCurrencies - -
[2023-10-13 10:24:51.323 +01:00  INF]  Executing endpoint 'hrms_be_backend_api.Controllers.CurrencyController.GetCurrencies (hrms-be-backend-api)'
[2023-10-13 10:24:51.344 +01:00  INF]  Route matched with {action = "GetCurrencies", controller = "Currency"}. Executing controller action with signature System.Threading.Tasks.Task`1[Microsoft.AspNetCore.Mvc.IActionResult] GetCurrencies() on controller hrms_be_backend_api.Controllers.CurrencyController (hrms-be-backend-api).
[2023-10-13 10:24:58.888 +01:00  INF]  Executing OkObjectResult, writing value of type 'hrms_be_backend_common.Communication.ExecutedResult`1[[System.Collections.Generic.IEnumerable`1[[hrms_be_backend_data.ViewModel.CurrencyVm, hrms-be-backend-data, Version=1.0.0.0, Culture=neutral, PublicKeyToken=null]], System.Private.CoreLib, Version=7.0.0.0, Culture=neutral, PublicKeyToken=7cec85d7bea7798e]]'.
[2023-10-13 10:24:58.927 +01:00  INF]  Executed action hrms_be_backend_api.Controllers.CurrencyController.GetCurrencies (hrms-be-backend-api) in 7553.1895ms
[2023-10-13 10:24:58.984 +01:00  INF]  Executed endpoint 'hrms_be_backend_api.Controllers.CurrencyController.GetCurrencies (hrms-be-backend-api)'
[2023-10-13 10:24:59.068 +01:00  INF]  Request finished HTTP/1.1 GET http://localhost:5008/api/Currency/GetCurrencies - - - 200 - application/json;+charset=utf-8 7958.8816ms
