[2023-10-11 10:03:41.352 +01:00  INF]  User profile is available. Using 'C:\Users\peter.omolayo\AppData\Local\ASP.NET\DataProtection-Keys' as key repository and Windows DPAPI to encrypt keys at rest.
[2023-10-11 10:03:42.632 +01:00  INF]  Now listening on: http://localhost:5008
[2023-10-11 10:03:42.667 +01:00  INF]  Application started. Press Ctrl+C to shut down.
[2023-10-11 10:03:42.675 +01:00  INF]  Hosting environment: Development
[2023-10-11 10:03:42.680 +01:00  INF]  Content root path: C:\Users\peter.omolayo\source\repos\hrms-be-backend\hrms-be-backend-api
[2023-10-11 10:03:47.621 +01:00  INF]  Request starting HTTP/1.1 GET http://localhost:5008/index.html - -
[2023-10-11 10:03:49.885 +01:00  INF]  Request starting HTTP/1.1 GET http://localhost:5008/swagger-ui.css - -
[2023-10-11 10:03:49.893 +01:00  INF]  Request starting HTTP/1.1 GET http://localhost:5008/swagger-ui-bundle.js - -
[2023-10-11 10:03:49.920 +01:00  INF]  Request starting HTTP/1.1 GET http://localhost:5008/swagger-ui-standalone-preset.js - -
[2023-10-11 10:03:49.975 +01:00  INF]  Request starting HTTP/1.1 GET http://localhost:5008/_framework/aspnetcore-browser-refresh.js - -
[2023-10-11 10:03:50.007 +01:00  INF]  Request finished HTTP/1.1 GET http://localhost:5008/_framework/aspnetcore-browser-refresh.js - - - 200 12370 application/javascript;+charset=utf-8 18.6328ms
[2023-10-11 10:03:50.015 +01:00  INF]  Request finished HTTP/1.1 GET http://localhost:5008/index.html - - - 200 - text/html;charset=utf-8 2405.9822ms
[2023-10-11 10:03:50.219 +01:00  INF]  Sending file. Request path: '/swagger-ui-bundle.js'. Physical path: 'N/A'
[2023-10-11 10:03:50.219 +01:00  INF]  Sending file. Request path: '/swagger-ui.css'. Physical path: 'N/A'
[2023-10-11 10:03:50.219 +01:00  INF]  Sending file. Request path: '/swagger-ui-standalone-preset.js'. Physical path: 'N/A'
[2023-10-11 10:03:50.227 +01:00  INF]  Request finished HTTP/1.1 GET http://localhost:5008/swagger-ui-bundle.js - - - 200 1061536 text/javascript 333.7279ms
[2023-10-11 10:03:50.234 +01:00  INF]  Request finished HTTP/1.1 GET http://localhost:5008/swagger-ui.css - - - 200 144929 text/css 350.1458ms
[2023-10-11 10:03:50.245 +01:00  INF]  Request finished HTTP/1.1 GET http://localhost:5008/swagger-ui-standalone-preset.js - - - 200 312163 text/javascript 325.2077ms
[2023-10-11 10:03:50.262 +01:00  INF]  Request starting HTTP/1.1 GET http://localhost:5008/_vs/browserLink - -
[2023-10-11 10:03:50.459 +01:00  INF]  Request finished HTTP/1.1 GET http://localhost:5008/_vs/browserLink - - - 200 - text/javascript;+charset=UTF-8 197.7664ms
[2023-10-11 10:03:50.679 +01:00  INF]  Request starting HTTP/1.1 GET http://localhost:5008/swagger/v1/swagger.json - -
[2023-10-11 10:03:51.750 +01:00  INF]  Request finished HTTP/1.1 GET http://localhost:5008/swagger/v1/swagger.json - - - 200 - application/json;charset=utf-8 1070.3010ms
[2023-10-11 10:04:21.964 +01:00  INF]  Request starting HTTP/1.1 POST http://localhost:5008/api/Auth/Login application/json 93
[2023-10-11 10:04:22.023 +01:00  INF]  CORS policy execution successful.
[2023-10-11 10:04:22.049 +01:00  WRN]  Failed to determine the https port for redirect.
[2023-10-11 10:04:22.436 +01:00  INF]  Executing endpoint 'hrms_be_backend_api.Controllers.AuthController.Login (hrms-be-backend-api)'
[2023-10-11 10:04:22.530 +01:00  INF]  Route matched with {action = "Login", controller = "Auth"}. Executing controller action with signature System.Threading.Tasks.Task`1[Microsoft.AspNetCore.Mvc.IActionResult] Login(hrms_be_backend_data.ViewModel.LoginModel) on controller hrms_be_backend_api.Controllers.AuthController (hrms-be-backend-api).
[2023-10-11 10:04:24.866 +01:00  INF]  Executing OkObjectResult, writing value of type 'hrms_be_backend_data.ViewModel.LoginResponse'.
[2023-10-11 10:04:24.919 +01:00  INF]  Executed action hrms_be_backend_api.Controllers.AuthController.Login (hrms-be-backend-api) in 2344.4975ms
[2023-10-11 10:04:24.938 +01:00  INF]  Executed endpoint 'hrms_be_backend_api.Controllers.AuthController.Login (hrms-be-backend-api)'
[2023-10-11 10:04:24.946 +01:00  INF]  Request finished HTTP/1.1 POST http://localhost:5008/api/Auth/Login application/json 93 - 200 - application/json;+charset=utf-8 2981.7325ms
[2023-10-11 10:04:39.797 +01:00  INF]  Request starting HTTP/1.1 POST http://localhost:5008/api/Auth/Logout application/json 64
[2023-10-11 10:04:39.859 +01:00  INF]  CORS policy execution successful.
[2023-10-11 10:04:39.872 +01:00  INF]  Executing endpoint 'hrms_be_backend_api.Controllers.AuthController.Logout (hrms-be-backend-api)'
[2023-10-11 10:04:39.919 +01:00  INF]  Route matched with {action = "Logout", controller = "Auth"}. Executing controller action with signature System.Threading.Tasks.Task`1[Microsoft.AspNetCore.Mvc.IActionResult] Logout(hrms_be_backend_data.RepoPayload.LogoutDto) on controller hrms_be_backend_api.Controllers.AuthController (hrms-be-backend-api).
[2023-10-11 10:04:40.198 +01:00  INF]  Executing OkObjectResult, writing value of type 'hrms_be_backend_data.ViewModel.BaseResponse'.
[2023-10-11 10:04:40.220 +01:00  INF]  Executed action hrms_be_backend_api.Controllers.AuthController.Logout (hrms-be-backend-api) in 283.0255ms
[2023-10-11 10:04:40.230 +01:00  INF]  Executed endpoint 'hrms_be_backend_api.Controllers.AuthController.Logout (hrms-be-backend-api)'
[2023-10-11 10:04:40.242 +01:00  INF]  Request finished HTTP/1.1 POST http://localhost:5008/api/Auth/Logout application/json 64 - 200 - application/json;+charset=utf-8 445.7915ms
[2023-10-11 10:04:43.259 +01:00  INF]  Request starting HTTP/1.1 POST http://localhost:5008/api/Auth/Login application/json 93
[2023-10-11 10:04:43.268 +01:00  INF]  CORS policy execution successful.
[2023-10-11 10:04:43.287 +01:00  INF]  Executing endpoint 'hrms_be_backend_api.Controllers.AuthController.Login (hrms-be-backend-api)'
[2023-10-11 10:04:43.297 +01:00  INF]  Route matched with {action = "Login", controller = "Auth"}. Executing controller action with signature System.Threading.Tasks.Task`1[Microsoft.AspNetCore.Mvc.IActionResult] Login(hrms_be_backend_data.ViewModel.LoginModel) on controller hrms_be_backend_api.Controllers.AuthController (hrms-be-backend-api).
[2023-10-11 10:04:45.613 +01:00  INF]  Executing OkObjectResult, writing value of type 'hrms_be_backend_data.ViewModel.LoginResponse'.
[2023-10-11 10:04:45.787 +01:00  INF]  Executed action hrms_be_backend_api.Controllers.AuthController.Login (hrms-be-backend-api) in 2473.3557ms
[2023-10-11 10:04:45.800 +01:00  INF]  Executed endpoint 'hrms_be_backend_api.Controllers.AuthController.Login (hrms-be-backend-api)'
[2023-10-11 10:04:45.812 +01:00  INF]  Request finished HTTP/1.1 POST http://localhost:5008/api/Auth/Login application/json 93 - 200 - application/json;+charset=utf-8 2553.5942ms
[2023-10-11 10:05:26.067 +01:00  INF]  Request starting HTTP/1.1 GET http://localhost:5008/api/Earnings/GetEarnings - -
[2023-10-11 10:05:26.224 +01:00  INF]  Executing endpoint 'hrms_be_backend_api.Controllers.EarningsController.GetEarnings (hrms-be-backend-api)'
[2023-10-11 10:05:26.246 +01:00  INF]  Route matched with {action = "GetEarnings", controller = "Earnings"}. Executing controller action with signature System.Threading.Tasks.Task`1[Microsoft.AspNetCore.Mvc.IActionResult] GetEarnings() on controller hrms_be_backend_api.Controllers.EarningsController (hrms-be-backend-api).
[2023-10-11 10:05:27.201 +01:00  INF]  Executing OkObjectResult, writing value of type 'hrms_be_backend_common.Communication.ExecutedResult`1[[hrms_be_backend_data.ViewModel.EarningsView, hrms-be-backend-data, Version=1.0.0.0, Culture=neutral, PublicKeyToken=null]]'.
[2023-10-11 10:05:27.230 +01:00  INF]  Executed action hrms_be_backend_api.Controllers.EarningsController.GetEarnings (hrms-be-backend-api) in 918.8009ms
[2023-10-11 10:05:27.240 +01:00  INF]  Executed endpoint 'hrms_be_backend_api.Controllers.EarningsController.GetEarnings (hrms-be-backend-api)'
[2023-10-11 10:05:27.249 +01:00  INF]  Request finished HTTP/1.1 GET http://localhost:5008/api/Earnings/GetEarnings - - - 200 - application/json;+charset=utf-8 1182.4955ms
[2023-10-11 10:06:21.536 +01:00  INF]  Request starting HTTP/1.1 GET http://localhost:5008/api/Deduction/GetDeductions - -
[2023-10-11 10:06:21.574 +01:00  INF]  Executing endpoint 'hrms_be_backend_api.Controllers.DeductionController.GetDeductions (hrms-be-backend-api)'
[2023-10-11 10:06:21.597 +01:00  INF]  Route matched with {action = "GetDeductions", controller = "Deduction"}. Executing controller action with signature System.Threading.Tasks.Task`1[Microsoft.AspNetCore.Mvc.IActionResult] GetDeductions() on controller hrms_be_backend_api.Controllers.DeductionController (hrms-be-backend-api).
[2023-10-11 10:06:22.399 +01:00  INF]  Executing OkObjectResult, writing value of type 'hrms_be_backend_common.Communication.ExecutedResult`1[[System.Collections.Generic.IEnumerable`1[[hrms_be_backend_data.ViewModel.DeductionView, hrms-be-backend-data, Version=1.0.0.0, Culture=neutral, PublicKeyToken=null]], System.Private.CoreLib, Version=7.0.0.0, Culture=neutral, PublicKeyToken=7cec85d7bea7798e]]'.
[2023-10-11 10:06:22.435 +01:00  INF]  Executed action hrms_be_backend_api.Controllers.DeductionController.GetDeductions (hrms-be-backend-api) in 808.24ms
[2023-10-11 10:06:22.468 +01:00  INF]  Executed endpoint 'hrms_be_backend_api.Controllers.DeductionController.GetDeductions (hrms-be-backend-api)'
[2023-10-11 10:06:22.492 +01:00  INF]  Request finished HTTP/1.1 GET http://localhost:5008/api/Deduction/GetDeductions - - - 200 - application/json;+charset=utf-8 959.5495ms
[2023-10-11 10:06:48.517 +01:00  INF]  Request starting HTTP/1.1 GET http://localhost:5008/api/Tax/GetTaxDetails - -
[2023-10-11 10:06:48.538 +01:00  INF]  Executing endpoint 'hrms_be_backend_api.Controllers.TaxController.GetTaxDetails (hrms-be-backend-api)'
[2023-10-11 10:06:48.559 +01:00  INF]  Route matched with {action = "GetTaxDetails", controller = "Tax"}. Executing controller action with signature System.Threading.Tasks.Task`1[Microsoft.AspNetCore.Mvc.IActionResult] GetTaxDetails() on controller hrms_be_backend_api.Controllers.TaxController (hrms-be-backend-api).
[2023-10-11 10:07:04.381 +01:00  INF]  Executing OkObjectResult, writing value of type 'hrms_be_backend_common.Communication.ExecutedResult`1[[hrms_be_backend_data.ViewModel.TaxView, hrms-be-backend-data, Version=1.0.0.0, Culture=neutral, PublicKeyToken=null]]'.
[2023-10-11 10:07:04.397 +01:00  INF]  Executed action hrms_be_backend_api.Controllers.TaxController.GetTaxDetails (hrms-be-backend-api) in 15854.0762ms
[2023-10-11 10:07:04.408 +01:00  INF]  Executed endpoint 'hrms_be_backend_api.Controllers.TaxController.GetTaxDetails (hrms-be-backend-api)'
[2023-10-11 10:07:04.418 +01:00  INF]  Request finished HTTP/1.1 GET http://localhost:5008/api/Tax/GetTaxDetails - - - 200 - application/json;+charset=utf-8 15924.8186ms
[2023-10-11 10:08:57.547 +01:00  INF]  Request starting HTTP/1.1 GET http://localhost:5008/api/Earnings/GetEarningsItem - -
[2023-10-11 10:08:57.596 +01:00  INF]  Executing endpoint 'hrms_be_backend_api.Controllers.EarningsController.GetEarningsItem (hrms-be-backend-api)'
[2023-10-11 10:08:57.607 +01:00  INF]  Route matched with {action = "GetEarningsItem", controller = "Earnings"}. Executing controller action with signature System.Threading.Tasks.Task`1[Microsoft.AspNetCore.Mvc.IActionResult] GetEarningsItem() on controller hrms_be_backend_api.Controllers.EarningsController (hrms-be-backend-api).
[2023-10-11 10:08:58.117 +01:00  INF]  Executing OkObjectResult, writing value of type 'hrms_be_backend_common.Communication.ExecutedResult`1[[System.Collections.Generic.IEnumerable`1[[hrms_be_backend_data.ViewModel.EarningsItemVm, hrms-be-backend-data, Version=1.0.0.0, Culture=neutral, PublicKeyToken=null]], System.Private.CoreLib, Version=7.0.0.0, Culture=neutral, PublicKeyToken=7cec85d7bea7798e]]'.
[2023-10-11 10:08:58.145 +01:00  INF]  Executed action hrms_be_backend_api.Controllers.EarningsController.GetEarningsItem (hrms-be-backend-api) in 526.6339ms
[2023-10-11 10:08:58.169 +01:00  INF]  Executed endpoint 'hrms_be_backend_api.Controllers.EarningsController.GetEarningsItem (hrms-be-backend-api)'
[2023-10-11 10:08:58.177 +01:00  INF]  Request finished HTTP/1.1 GET http://localhost:5008/api/Earnings/GetEarningsItem - - - 200 - application/json;+charset=utf-8 630.6755ms
