[2023-07-21 10:16:07.684 +01:00  INF]  User profile is available. Using 'C:\Users\olajumoke.owolabi\AppData\Local\ASP.NET\DataProtection-Keys' as key repository and Windows DPAPI to encrypt keys at rest.
[2023-07-21 10:16:08.053 +01:00  INF]  Application started. Press Ctrl+C to shut down.
[2023-07-21 10:16:08.053 +01:00  INF]  Hosting environment: Development
[2023-07-21 10:16:08.053 +01:00  INF]  Content root path: C:\Users\olajumoke.owolabi\source\repos\hrms-be-backend\Com.XpressPayments.Api\
[2023-07-21 10:16:08.145 +01:00  INF]  Request starting HTTP/2 GET https://localhost:44317/index.html - -
[2023-07-21 10:16:08.889 +01:00  INF]  Request starting HTTP/2 GET https://localhost:44317/_framework/aspnetcore-browser-refresh.js - -
[2023-07-21 10:16:08.894 +01:00  INF]  Request starting HTTP/2 GET https://localhost:44317/_vs/browserLink - -
[2023-07-21 10:16:08.895 +01:00  INF]  Request finished HTTP/2 GET https://localhost:44317/index.html - - - 200 - text/html;charset=utf-8 746.0567ms
[2023-07-21 10:16:08.904 +01:00  INF]  Request finished HTTP/2 GET https://localhost:44317/_framework/aspnetcore-browser-refresh.js - - - 200 12014 application/javascript;+charset=utf-8 14.4464ms
[2023-07-21 10:16:08.977 +01:00  INF]  Request finished HTTP/2 GET https://localhost:44317/_vs/browserLink - - - 200 - text/javascript;+charset=UTF-8 82.5746ms
[2023-07-21 10:16:09.053 +01:00  INF]  Request starting HTTP/2 GET https://localhost:44317/swagger/v1/swagger.json - -
[2023-07-21 10:16:09.363 +01:00  INF]  Request finished HTTP/2 GET https://localhost:44317/swagger/v1/swagger.json - - - 200 - application/json;charset=utf-8 310.0480ms
[2023-07-21 10:16:39.076 +01:00  INF]  Request starting HTTP/2 POST https://localhost:44317/api/Auth/Logout application/json 52
[2023-07-21 10:16:39.103 +01:00  INF]  CORS policy execution successful.
[2023-07-21 10:16:39.293 +01:00  INF]  Executing endpoint 'Com.XpressPayments.Api.Controllers.AuthController.Logout (Com.XpressPayments.Api)'
[2023-07-21 10:16:39.329 +01:00  INF]  Route matched with {action = "Logout", controller = "Auth"}. Executing controller action with signature System.Threading.Tasks.Task`1[Microsoft.AspNetCore.Mvc.IActionResult] Logout(Com.XpressPayments.Data.DTOs.Account.LogoutDto) on controller Com.XpressPayments.Api.Controllers.AuthController (Com.XpressPayments.Api).
[2023-07-21 10:17:01.019 +01:00  ERR]  MethodName: GetApprovedTransactions() ===>A network-related or instance-specific error occurred while establishing a connection to SQL Server. The server was not found or was not accessible. Verify that the instance name is correct and that SQL Server is configured to allow remote connections. (provider: TCP Provider, error: 0 - A connection attempt failed because the connected party did not properly respond after a period of time, or established connection failed because connected host has failed to respond.)
[2023-07-21 10:17:01.021 +01:00  ERR]  Exception Occured: Logout ==> A network-related or instance-specific error occurred while establishing a connection to SQL Server. The server was not found or was not accessible. Verify that the instance name is correct and that SQL Server is configured to allow remote connections. (provider: TCP Provider, error: 0 - A connection attempt failed because the connected party did not properly respond after a period of time, or established connection failed because connected host has failed to respond.)
[2023-07-21 10:17:01.041 +01:00  INF]  Executing OkObjectResult, writing value of type 'Com.XpressPayments.Data.GenericResponse.BaseResponse'.
[2023-07-21 10:17:01.054 +01:00  INF]  Executed action Com.XpressPayments.Api.Controllers.AuthController.Logout (Com.XpressPayments.Api) in 21716.3833ms
[2023-07-21 10:17:01.061 +01:00  INF]  Executed endpoint 'Com.XpressPayments.Api.Controllers.AuthController.Logout (Com.XpressPayments.Api)'
[2023-07-21 10:17:01.063 +01:00  INF]  Request finished HTTP/2 POST https://localhost:44317/api/Auth/Logout application/json 52 - 200 - application/json;+charset=utf-8 21987.5957ms
[2023-07-21 10:17:08.584 +01:00  INF]  Request starting HTTP/2 POST https://localhost:44317/api/Auth/Logout application/json 52
[2023-07-21 10:17:08.593 +01:00  INF]  CORS policy execution successful.
[2023-07-21 10:17:08.597 +01:00  INF]  Executing endpoint 'Com.XpressPayments.Api.Controllers.AuthController.Logout (Com.XpressPayments.Api)'
[2023-07-21 10:17:08.605 +01:00  INF]  Route matched with {action = "Logout", controller = "Auth"}. Executing controller action with signature System.Threading.Tasks.Task`1[Microsoft.AspNetCore.Mvc.IActionResult] Logout(Com.XpressPayments.Data.DTOs.Account.LogoutDto) on controller Com.XpressPayments.Api.Controllers.AuthController (Com.XpressPayments.Api).
[2023-07-21 10:17:10.062 +01:00  INF]  Executing OkObjectResult, writing value of type 'Com.XpressPayments.Data.GenericResponse.BaseResponse'.
[2023-07-21 10:17:10.063 +01:00  INF]  Executed action Com.XpressPayments.Api.Controllers.AuthController.Logout (Com.XpressPayments.Api) in 1457.523ms
[2023-07-21 10:17:10.063 +01:00  INF]  Executed endpoint 'Com.XpressPayments.Api.Controllers.AuthController.Logout (Com.XpressPayments.Api)'
[2023-07-21 10:17:10.063 +01:00  INF]  Request finished HTTP/2 POST https://localhost:44317/api/Auth/Logout application/json 52 - 200 - application/json;+charset=utf-8 1479.6438ms
[2023-07-21 10:17:22.210 +01:00  INF]  Request starting HTTP/2 POST https://localhost:44317/api/Auth/Login application/json 86
[2023-07-21 10:17:22.210 +01:00  INF]  CORS policy execution successful.
[2023-07-21 10:17:22.212 +01:00  INF]  Executing endpoint 'Com.XpressPayments.Api.Controllers.AuthController.Login (Com.XpressPayments.Api)'
[2023-07-21 10:17:22.215 +01:00  INF]  Route matched with {action = "Login", controller = "Auth"}. Executing controller action with signature System.Threading.Tasks.Task`1[Microsoft.AspNetCore.Mvc.IActionResult] Login(Com.XpressPayments.Bussiness.ViewModels.LoginModel) on controller Com.XpressPayments.Api.Controllers.AuthController (Com.XpressPayments.Api).
[2023-07-21 10:17:22.795 +01:00  INF]  Executing OkObjectResult, writing value of type 'Com.XpressPayments.Data.GenericResponse.LoginResponse'.
[2023-07-21 10:17:22.797 +01:00  INF]  Executed action Com.XpressPayments.Api.Controllers.AuthController.Login (Com.XpressPayments.Api) in 581.2594ms
[2023-07-21 10:17:22.797 +01:00  INF]  Executed endpoint 'Com.XpressPayments.Api.Controllers.AuthController.Login (Com.XpressPayments.Api)'
[2023-07-21 10:17:22.797 +01:00  INF]  Request finished HTTP/2 POST https://localhost:44317/api/Auth/Login application/json 86 - 200 - application/json;+charset=utf-8 586.9799ms
[2023-07-21 10:21:41.134 +01:00  INF]  Request starting HTTP/2 POST https://localhost:44317/api/Auth/Login application/json 86
[2023-07-21 10:21:41.135 +01:00  INF]  CORS policy execution successful.
[2023-07-21 10:21:41.135 +01:00  INF]  Executing endpoint 'Com.XpressPayments.Api.Controllers.AuthController.Login (Com.XpressPayments.Api)'
[2023-07-21 10:21:41.135 +01:00  INF]  Route matched with {action = "Login", controller = "Auth"}. Executing controller action with signature System.Threading.Tasks.Task`1[Microsoft.AspNetCore.Mvc.IActionResult] Login(Com.XpressPayments.Bussiness.ViewModels.LoginModel) on controller Com.XpressPayments.Api.Controllers.AuthController (Com.XpressPayments.Api).
[2023-07-21 10:21:41.729 +01:00  INF]  Executing OkObjectResult, writing value of type 'Com.XpressPayments.Data.GenericResponse.LoginResponse'.
[2023-07-21 10:21:41.746 +01:00  INF]  Executed action Com.XpressPayments.Api.Controllers.AuthController.Login (Com.XpressPayments.Api) in 610.4267ms
[2023-07-21 10:21:41.746 +01:00  INF]  Executed endpoint 'Com.XpressPayments.Api.Controllers.AuthController.Login (Com.XpressPayments.Api)'
[2023-07-21 10:21:41.747 +01:00  INF]  Request finished HTTP/2 POST https://localhost:44317/api/Auth/Login application/json 86 - 200 - application/json;+charset=utf-8 611.7635ms
[2023-07-21 10:21:44.425 +01:00  INF]  Request starting HTTP/2 POST https://localhost:44317/api/Auth/Login application/json 86
[2023-07-21 10:21:44.425 +01:00  INF]  CORS policy execution successful.
[2023-07-21 10:21:44.425 +01:00  INF]  Executing endpoint 'Com.XpressPayments.Api.Controllers.AuthController.Login (Com.XpressPayments.Api)'
[2023-07-21 10:21:44.425 +01:00  INF]  Route matched with {action = "Login", controller = "Auth"}. Executing controller action with signature System.Threading.Tasks.Task`1[Microsoft.AspNetCore.Mvc.IActionResult] Login(Com.XpressPayments.Bussiness.ViewModels.LoginModel) on controller Com.XpressPayments.Api.Controllers.AuthController (Com.XpressPayments.Api).
[2023-07-21 10:21:45.000 +01:00  INF]  Executing OkObjectResult, writing value of type 'Com.XpressPayments.Data.GenericResponse.LoginResponse'.
[2023-07-21 10:21:45.001 +01:00  INF]  Executed action Com.XpressPayments.Api.Controllers.AuthController.Login (Com.XpressPayments.Api) in 575.7094ms
[2023-07-21 10:21:45.001 +01:00  INF]  Executed endpoint 'Com.XpressPayments.Api.Controllers.AuthController.Login (Com.XpressPayments.Api)'
[2023-07-21 10:21:45.002 +01:00  INF]  Request finished HTTP/2 POST https://localhost:44317/api/Auth/Login application/json 86 - 200 - application/json;+charset=utf-8 576.9795ms
[2023-07-21 10:21:46.958 +01:00  INF]  Request starting HTTP/2 POST https://localhost:44317/api/Auth/Login application/json 86
[2023-07-21 10:21:46.959 +01:00  INF]  CORS policy execution successful.
[2023-07-21 10:21:46.959 +01:00  INF]  Executing endpoint 'Com.XpressPayments.Api.Controllers.AuthController.Login (Com.XpressPayments.Api)'
[2023-07-21 10:21:46.959 +01:00  INF]  Route matched with {action = "Login", controller = "Auth"}. Executing controller action with signature System.Threading.Tasks.Task`1[Microsoft.AspNetCore.Mvc.IActionResult] Login(Com.XpressPayments.Bussiness.ViewModels.LoginModel) on controller Com.XpressPayments.Api.Controllers.AuthController (Com.XpressPayments.Api).
[2023-07-21 10:21:47.540 +01:00  INF]  Executing OkObjectResult, writing value of type 'Com.XpressPayments.Data.GenericResponse.LoginResponse'.
[2023-07-21 10:21:47.542 +01:00  INF]  Executed action Com.XpressPayments.Api.Controllers.AuthController.Login (Com.XpressPayments.Api) in 582.5635ms
[2023-07-21 10:21:47.542 +01:00  INF]  Executed endpoint 'Com.XpressPayments.Api.Controllers.AuthController.Login (Com.XpressPayments.Api)'
[2023-07-21 10:21:47.542 +01:00  INF]  Request finished HTTP/2 POST https://localhost:44317/api/Auth/Login application/json 86 - 200 - application/json;+charset=utf-8 583.6201ms
[2023-07-21 10:21:48.514 +01:00  INF]  Request starting HTTP/2 POST https://localhost:44317/api/Auth/Login application/json 86
[2023-07-21 10:21:48.514 +01:00  INF]  CORS policy execution successful.
[2023-07-21 10:21:48.515 +01:00  INF]  Executing endpoint 'Com.XpressPayments.Api.Controllers.AuthController.Login (Com.XpressPayments.Api)'
[2023-07-21 10:21:48.515 +01:00  INF]  Route matched with {action = "Login", controller = "Auth"}. Executing controller action with signature System.Threading.Tasks.Task`1[Microsoft.AspNetCore.Mvc.IActionResult] Login(Com.XpressPayments.Bussiness.ViewModels.LoginModel) on controller Com.XpressPayments.Api.Controllers.AuthController (Com.XpressPayments.Api).
[2023-07-21 10:21:49.094 +01:00  INF]  Executing OkObjectResult, writing value of type 'Com.XpressPayments.Data.GenericResponse.LoginResponse'.
[2023-07-21 10:21:49.097 +01:00  INF]  Executed action Com.XpressPayments.Api.Controllers.AuthController.Login (Com.XpressPayments.Api) in 581.8085ms
[2023-07-21 10:21:49.098 +01:00  INF]  Executed endpoint 'Com.XpressPayments.Api.Controllers.AuthController.Login (Com.XpressPayments.Api)'
[2023-07-21 10:21:49.102 +01:00  INF]  Request finished HTTP/2 POST https://localhost:44317/api/Auth/Login application/json 86 - 200 - application/json;+charset=utf-8 586.5763ms
[2023-07-21 10:21:50.108 +01:00  INF]  Request starting HTTP/2 POST https://localhost:44317/api/Auth/Login application/json 86
[2023-07-21 10:21:50.108 +01:00  INF]  CORS policy execution successful.
[2023-07-21 10:21:50.108 +01:00  INF]  Executing endpoint 'Com.XpressPayments.Api.Controllers.AuthController.Login (Com.XpressPayments.Api)'
[2023-07-21 10:21:50.109 +01:00  INF]  Route matched with {action = "Login", controller = "Auth"}. Executing controller action with signature System.Threading.Tasks.Task`1[Microsoft.AspNetCore.Mvc.IActionResult] Login(Com.XpressPayments.Bussiness.ViewModels.LoginModel) on controller Com.XpressPayments.Api.Controllers.AuthController (Com.XpressPayments.Api).
[2023-07-21 10:21:50.782 +01:00  INF]  Executing OkObjectResult, writing value of type 'Com.XpressPayments.Data.GenericResponse.LoginResponse'.
[2023-07-21 10:21:50.782 +01:00  INF]  Executed action Com.XpressPayments.Api.Controllers.AuthController.Login (Com.XpressPayments.Api) in 673.2485ms
[2023-07-21 10:21:50.782 +01:00  INF]  Executed endpoint 'Com.XpressPayments.Api.Controllers.AuthController.Login (Com.XpressPayments.Api)'
[2023-07-21 10:21:50.783 +01:00  INF]  Request finished HTTP/2 POST https://localhost:44317/api/Auth/Login application/json 86 - 200 - application/json;+charset=utf-8 674.1808ms
[2023-07-21 10:23:46.369 +01:00  INF]  User profile is available. Using 'C:\Users\olajumoke.owolabi\AppData\Local\ASP.NET\DataProtection-Keys' as key repository and Windows DPAPI to encrypt keys at rest.
[2023-07-21 10:23:46.974 +01:00  INF]  Application started. Press Ctrl+C to shut down.
[2023-07-21 10:23:46.974 +01:00  INF]  Hosting environment: Development
[2023-07-21 10:23:46.974 +01:00  INF]  Content root path: C:\Users\olajumoke.owolabi\source\repos\hrms-be-backend\Com.XpressPayments.Api\
[2023-07-21 10:23:47.098 +01:00  INF]  Request starting HTTP/2 GET https://localhost:44317/index.html - -
[2023-07-21 10:23:48.294 +01:00  INF]  Request finished HTTP/2 GET https://localhost:44317/index.html - - - 200 - text/html;charset=utf-8 1201.5143ms
[2023-07-21 10:23:48.309 +01:00  INF]  Request starting HTTP/2 GET https://localhost:44317/_framework/aspnetcore-browser-refresh.js - -
[2023-07-21 10:23:48.320 +01:00  INF]  Request finished HTTP/2 GET https://localhost:44317/_framework/aspnetcore-browser-refresh.js - - - 200 12014 application/javascript;+charset=utf-8 8.8950ms
[2023-07-21 10:23:48.325 +01:00  INF]  Request starting HTTP/2 GET https://localhost:44317/_vs/browserLink - -
[2023-07-21 10:23:48.443 +01:00  INF]  Request finished HTTP/2 GET https://localhost:44317/_vs/browserLink - - - 200 - text/javascript;+charset=UTF-8 117.6437ms
[2023-07-21 10:23:48.499 +01:00  INF]  Request starting HTTP/2 GET https://localhost:44317/swagger/v1/swagger.json - -
[2023-07-21 10:23:48.851 +01:00  INF]  Request finished HTTP/2 GET https://localhost:44317/swagger/v1/swagger.json - - - 200 - application/json;charset=utf-8 351.5920ms
[2023-07-21 10:23:59.023 +01:00  INF]  Request starting HTTP/2 POST https://localhost:44317/api/Auth/Logout application/json 52
[2023-07-21 10:23:59.035 +01:00  INF]  CORS policy execution successful.
[2023-07-21 10:23:59.287 +01:00  INF]  Executing endpoint 'Com.XpressPayments.Api.Controllers.AuthController.Logout (Com.XpressPayments.Api)'
[2023-07-21 10:23:59.363 +01:00  INF]  Route matched with {action = "Logout", controller = "Auth"}. Executing controller action with signature System.Threading.Tasks.Task`1[Microsoft.AspNetCore.Mvc.IActionResult] Logout(Com.XpressPayments.Data.DTOs.Account.LogoutDto) on controller Com.XpressPayments.Api.Controllers.AuthController (Com.XpressPayments.Api).
[2023-07-21 10:24:01.877 +01:00  INF]  Executing OkObjectResult, writing value of type 'Com.XpressPayments.Data.GenericResponse.BaseResponse'.
[2023-07-21 10:24:01.901 +01:00  INF]  Executed action Com.XpressPayments.Api.Controllers.AuthController.Logout (Com.XpressPayments.Api) in 2521.5435ms
[2023-07-21 10:24:01.914 +01:00  INF]  Executed endpoint 'Com.XpressPayments.Api.Controllers.AuthController.Logout (Com.XpressPayments.Api)'
[2023-07-21 10:24:01.918 +01:00  INF]  Request finished HTTP/2 POST https://localhost:44317/api/Auth/Logout application/json 52 - 200 - application/json;+charset=utf-8 2893.3923ms
[2023-07-21 10:24:12.187 +01:00  INF]  Request starting HTTP/2 POST https://localhost:44317/api/Auth/Login application/json 86
[2023-07-21 10:24:12.201 +01:00  INF]  CORS policy execution successful.
[2023-07-21 10:24:12.202 +01:00  INF]  Executing endpoint 'Com.XpressPayments.Api.Controllers.AuthController.Login (Com.XpressPayments.Api)'
[2023-07-21 10:24:12.219 +01:00  INF]  Route matched with {action = "Login", controller = "Auth"}. Executing controller action with signature System.Threading.Tasks.Task`1[Microsoft.AspNetCore.Mvc.IActionResult] Login(Com.XpressPayments.Bussiness.ViewModels.LoginModel) on controller Com.XpressPayments.Api.Controllers.AuthController (Com.XpressPayments.Api).
[2023-07-21 10:24:13.080 +01:00  INF]  Executing OkObjectResult, writing value of type 'Com.XpressPayments.Data.GenericResponse.LoginResponse'.
[2023-07-21 10:24:13.082 +01:00  INF]  Executed action Com.XpressPayments.Api.Controllers.AuthController.Login (Com.XpressPayments.Api) in 862.5442ms
[2023-07-21 10:24:13.083 +01:00  INF]  Executed endpoint 'Com.XpressPayments.Api.Controllers.AuthController.Login (Com.XpressPayments.Api)'
[2023-07-21 10:24:13.083 +01:00  INF]  Request finished HTTP/2 POST https://localhost:44317/api/Auth/Login application/json 86 - 200 - application/json;+charset=utf-8 895.0430ms
[2023-07-21 10:28:25.326 +01:00  INF]  Request starting HTTP/2 POST https://localhost:44317/api/Auth/Login application/json 86
[2023-07-21 10:28:25.330 +01:00  INF]  CORS policy execution successful.
[2023-07-21 10:28:25.333 +01:00  INF]  Executing endpoint 'Com.XpressPayments.Api.Controllers.AuthController.Login (Com.XpressPayments.Api)'
[2023-07-21 10:28:25.333 +01:00  INF]  Route matched with {action = "Login", controller = "Auth"}. Executing controller action with signature System.Threading.Tasks.Task`1[Microsoft.AspNetCore.Mvc.IActionResult] Login(Com.XpressPayments.Bussiness.ViewModels.LoginModel) on controller Com.XpressPayments.Api.Controllers.AuthController (Com.XpressPayments.Api).
[2023-07-21 10:28:25.986 +01:00  INF]  Executing OkObjectResult, writing value of type 'Com.XpressPayments.Data.GenericResponse.LoginResponse'.
[2023-07-21 10:28:25.990 +01:00  INF]  Executed action Com.XpressPayments.Api.Controllers.AuthController.Login (Com.XpressPayments.Api) in 656.6891ms
[2023-07-21 10:28:25.990 +01:00  INF]  Executed endpoint 'Com.XpressPayments.Api.Controllers.AuthController.Login (Com.XpressPayments.Api)'
[2023-07-21 10:28:25.990 +01:00  INF]  Request finished HTTP/2 POST https://localhost:44317/api/Auth/Login application/json 86 - 200 - application/json;+charset=utf-8 664.7737ms
[2023-07-21 10:30:36.205 +01:00  INF]  User profile is available. Using 'C:\Users\olajumoke.owolabi\AppData\Local\ASP.NET\DataProtection-Keys' as key repository and Windows DPAPI to encrypt keys at rest.
[2023-07-21 10:30:36.753 +01:00  INF]  Application started. Press Ctrl+C to shut down.
[2023-07-21 10:30:36.753 +01:00  INF]  Hosting environment: Development
[2023-07-21 10:30:36.753 +01:00  INF]  Content root path: C:\Users\olajumoke.owolabi\source\repos\hrms-be-backend\Com.XpressPayments.Api\
[2023-07-21 10:30:36.836 +01:00  INF]  Request starting HTTP/2 GET https://localhost:44317/index.html - -
[2023-07-21 10:30:37.904 +01:00  INF]  Request starting HTTP/2 GET https://localhost:44317/_framework/aspnetcore-browser-refresh.js - -
[2023-07-21 10:30:37.906 +01:00  INF]  Request finished HTTP/2 GET https://localhost:44317/index.html - - - 200 - text/html;charset=utf-8 1078.3714ms
[2023-07-21 10:30:37.909 +01:00  INF]  Request starting HTTP/2 GET https://localhost:44317/_vs/browserLink - -
[2023-07-21 10:30:37.927 +01:00  INF]  Request finished HTTP/2 GET https://localhost:44317/_framework/aspnetcore-browser-refresh.js - - - 200 12014 application/javascript;+charset=utf-8 19.2484ms
[2023-07-21 10:30:38.008 +01:00  INF]  Request finished HTTP/2 GET https://localhost:44317/_vs/browserLink - - - 200 - text/javascript;+charset=UTF-8 98.9861ms
[2023-07-21 10:30:38.061 +01:00  INF]  Request starting HTTP/2 GET https://localhost:44317/swagger/v1/swagger.json - -
[2023-07-21 10:30:38.504 +01:00  INF]  Request finished HTTP/2 GET https://localhost:44317/swagger/v1/swagger.json - - - 200 - application/json;charset=utf-8 442.4808ms
[2023-07-21 10:30:55.878 +01:00  INF]  Request starting HTTP/2 POST https://localhost:44317/api/Auth/Logout application/json 48
[2023-07-21 10:30:55.887 +01:00  INF]  CORS policy execution successful.
[2023-07-21 10:30:56.091 +01:00  INF]  Executing endpoint 'Com.XpressPayments.Api.Controllers.AuthController.Logout (Com.XpressPayments.Api)'
[2023-07-21 10:30:56.158 +01:00  INF]  Route matched with {action = "Logout", controller = "Auth"}. Executing controller action with signature System.Threading.Tasks.Task`1[Microsoft.AspNetCore.Mvc.IActionResult] Logout(Com.XpressPayments.Data.DTOs.Account.LogoutDto) on controller Com.XpressPayments.Api.Controllers.AuthController (Com.XpressPayments.Api).
[2023-07-21 10:30:58.146 +01:00  INF]  Executing OkObjectResult, writing value of type 'Com.XpressPayments.Data.GenericResponse.BaseResponse'.
[2023-07-21 10:30:58.160 +01:00  INF]  Executed action Com.XpressPayments.Api.Controllers.AuthController.Logout (Com.XpressPayments.Api) in 1993.5909ms
[2023-07-21 10:30:58.167 +01:00  INF]  Executed endpoint 'Com.XpressPayments.Api.Controllers.AuthController.Logout (Com.XpressPayments.Api)'
[2023-07-21 10:30:58.169 +01:00  INF]  Request finished HTTP/2 POST https://localhost:44317/api/Auth/Logout application/json 48 - 200 - application/json;+charset=utf-8 2291.1910ms
[2023-07-21 10:31:11.836 +01:00  INF]  Request starting HTTP/2 POST https://localhost:44317/api/Auth/Login application/json 82
[2023-07-21 10:31:11.853 +01:00  INF]  CORS policy execution successful.
[2023-07-21 10:31:11.855 +01:00  INF]  Executing endpoint 'Com.XpressPayments.Api.Controllers.AuthController.Login (Com.XpressPayments.Api)'
[2023-07-21 10:31:11.881 +01:00  INF]  Route matched with {action = "Login", controller = "Auth"}. Executing controller action with signature System.Threading.Tasks.Task`1[Microsoft.AspNetCore.Mvc.IActionResult] Login(Com.XpressPayments.Bussiness.ViewModels.LoginModel) on controller Com.XpressPayments.Api.Controllers.AuthController (Com.XpressPayments.Api).
[2023-07-21 10:31:14.691 +01:00  INF]  Executing OkObjectResult, writing value of type 'Com.XpressPayments.Data.GenericResponse.LoginResponse'.
[2023-07-21 10:31:14.716 +01:00  INF]  Executed action Com.XpressPayments.Api.Controllers.AuthController.Login (Com.XpressPayments.Api) in 2834.6625ms
[2023-07-21 10:31:14.716 +01:00  INF]  Executed endpoint 'Com.XpressPayments.Api.Controllers.AuthController.Login (Com.XpressPayments.Api)'
[2023-07-21 10:31:14.716 +01:00  INF]  Request finished HTTP/2 POST https://localhost:44317/api/Auth/Login application/json 82 - 200 - application/json;+charset=utf-8 2879.7903ms
[2023-07-21 10:35:03.440 +01:00  INF]  Request starting HTTP/2 POST https://localhost:44317/api/Auth/Logout application/json 64
[2023-07-21 10:35:03.440 +01:00  INF]  CORS policy execution successful.
[2023-07-21 10:35:03.443 +01:00  INF]  Executing endpoint 'Com.XpressPayments.Api.Controllers.AuthController.Logout (Com.XpressPayments.Api)'
[2023-07-21 10:35:03.443 +01:00  INF]  Route matched with {action = "Logout", controller = "Auth"}. Executing controller action with signature System.Threading.Tasks.Task`1[Microsoft.AspNetCore.Mvc.IActionResult] Logout(Com.XpressPayments.Data.DTOs.Account.LogoutDto) on controller Com.XpressPayments.Api.Controllers.AuthController (Com.XpressPayments.Api).
[2023-07-21 10:35:03.640 +01:00  INF]  Executing OkObjectResult, writing value of type 'Com.XpressPayments.Data.GenericResponse.BaseResponse'.
[2023-07-21 10:35:03.651 +01:00  INF]  Executed action Com.XpressPayments.Api.Controllers.AuthController.Logout (Com.XpressPayments.Api) in 207.1735ms
[2023-07-21 10:35:03.651 +01:00  INF]  Executed endpoint 'Com.XpressPayments.Api.Controllers.AuthController.Logout (Com.XpressPayments.Api)'
[2023-07-21 10:35:03.651 +01:00  INF]  Request finished HTTP/2 POST https://localhost:44317/api/Auth/Logout application/json 64 - 200 - application/json;+charset=utf-8 211.3096ms
[2023-07-21 10:37:15.779 +01:00  INF]  Request starting HTTP/2 POST https://localhost:44317/api/Auth/Login application/json 102
[2023-07-21 10:37:15.779 +01:00  INF]  CORS policy execution successful.
[2023-07-21 10:37:15.779 +01:00  INF]  Executing endpoint 'Com.XpressPayments.Api.Controllers.AuthController.Login (Com.XpressPayments.Api)'
[2023-07-21 10:37:15.779 +01:00  INF]  Route matched with {action = "Login", controller = "Auth"}. Executing controller action with signature System.Threading.Tasks.Task`1[Microsoft.AspNetCore.Mvc.IActionResult] Login(Com.XpressPayments.Bussiness.ViewModels.LoginModel) on controller Com.XpressPayments.Api.Controllers.AuthController (Com.XpressPayments.Api).
[2023-07-21 10:37:16.386 +01:00  INF]  Executing OkObjectResult, writing value of type 'Com.XpressPayments.Data.GenericResponse.LoginResponse'.
[2023-07-21 10:37:16.392 +01:00  INF]  Executed action Com.XpressPayments.Api.Controllers.AuthController.Login (Com.XpressPayments.Api) in 612.5444ms
[2023-07-21 10:37:16.392 +01:00  INF]  Executed endpoint 'Com.XpressPayments.Api.Controllers.AuthController.Login (Com.XpressPayments.Api)'
[2023-07-21 10:37:16.416 +01:00  INF]  Request finished HTTP/2 POST https://localhost:44317/api/Auth/Login application/json 102 - 200 - application/json;+charset=utf-8 637.3272ms
[2023-07-21 10:48:56.114 +01:00  INF]  User profile is available. Using 'C:\Users\olajumoke.owolabi\AppData\Local\ASP.NET\DataProtection-Keys' as key repository and Windows DPAPI to encrypt keys at rest.
[2023-07-21 10:48:56.331 +01:00  INF]  Application started. Press Ctrl+C to shut down.
[2023-07-21 10:48:56.332 +01:00  INF]  Hosting environment: Development
[2023-07-21 10:48:56.332 +01:00  INF]  Content root path: C:\Users\olajumoke.owolabi\source\repos\hrms-be-backend\Com.XpressPayments.Api\
[2023-07-21 10:48:56.374 +01:00  INF]  Request starting HTTP/2 GET https://localhost:44317/index.html - -
[2023-07-21 10:48:56.871 +01:00  INF]  Request finished HTTP/2 GET https://localhost:44317/index.html - - - 200 - text/html;charset=utf-8 496.4702ms
[2023-07-21 10:48:56.874 +01:00  INF]  Request starting HTTP/2 GET https://localhost:44317/_framework/aspnetcore-browser-refresh.js - -
[2023-07-21 10:48:56.898 +01:00  INF]  Request finished HTTP/2 GET https://localhost:44317/_framework/aspnetcore-browser-refresh.js - - - 200 12014 application/javascript;+charset=utf-8 24.2757ms
[2023-07-21 10:48:56.906 +01:00  INF]  Request starting HTTP/2 GET https://localhost:44317/_vs/browserLink - -
[2023-07-21 10:48:56.991 +01:00  INF]  Request finished HTTP/2 GET https://localhost:44317/_vs/browserLink - - - 200 - text/javascript;+charset=UTF-8 85.5499ms
[2023-07-21 10:48:57.055 +01:00  INF]  Request starting HTTP/2 GET https://localhost:44317/swagger/v1/swagger.json - -
[2023-07-21 10:48:57.265 +01:00  INF]  Request finished HTTP/2 GET https://localhost:44317/swagger/v1/swagger.json - - - 200 - application/json;charset=utf-8 209.3871ms
[2023-07-21 10:49:08.448 +01:00  INF]  Request starting HTTP/2 POST https://localhost:44317/api/Auth/Logout application/json 64
[2023-07-21 10:49:08.458 +01:00  INF]  CORS policy execution successful.
[2023-07-21 10:49:08.666 +01:00  INF]  Executing endpoint 'Com.XpressPayments.Api.Controllers.AuthController.Logout (Com.XpressPayments.Api)'
[2023-07-21 10:49:08.736 +01:00  INF]  Route matched with {action = "Logout", controller = "Auth"}. Executing controller action with signature System.Threading.Tasks.Task`1[Microsoft.AspNetCore.Mvc.IActionResult] Logout(Com.XpressPayments.Data.DTOs.Account.LogoutDto) on controller Com.XpressPayments.Api.Controllers.AuthController (Com.XpressPayments.Api).
[2023-07-21 10:49:10.802 +01:00  INF]  Executing OkObjectResult, writing value of type 'Com.XpressPayments.Data.GenericResponse.BaseResponse'.
[2023-07-21 10:49:10.829 +01:00  INF]  Executed action Com.XpressPayments.Api.Controllers.AuthController.Logout (Com.XpressPayments.Api) in 2073.407ms
[2023-07-21 10:49:10.843 +01:00  INF]  Executed endpoint 'Com.XpressPayments.Api.Controllers.AuthController.Logout (Com.XpressPayments.Api)'
[2023-07-21 10:49:10.846 +01:00  INF]  Request finished HTTP/2 POST https://localhost:44317/api/Auth/Logout application/json 64 - 200 - application/json;+charset=utf-8 2398.1834ms
[2023-07-21 10:49:28.498 +01:00  INF]  Request starting HTTP/2 POST https://localhost:44317/api/Auth/Login application/json 102
[2023-07-21 10:49:28.507 +01:00  INF]  CORS policy execution successful.
[2023-07-21 10:49:28.519 +01:00  INF]  Executing endpoint 'Com.XpressPayments.Api.Controllers.AuthController.Login (Com.XpressPayments.Api)'
[2023-07-21 10:49:28.538 +01:00  INF]  Route matched with {action = "Login", controller = "Auth"}. Executing controller action with signature System.Threading.Tasks.Task`1[Microsoft.AspNetCore.Mvc.IActionResult] Login(Com.XpressPayments.Bussiness.ViewModels.LoginModel) on controller Com.XpressPayments.Api.Controllers.AuthController (Com.XpressPayments.Api).
[2023-07-21 10:49:29.429 +01:00  INF]  Executing OkObjectResult, writing value of type 'Com.XpressPayments.Data.GenericResponse.LoginResponse'.
[2023-07-21 10:49:29.433 +01:00  INF]  Executed action Com.XpressPayments.Api.Controllers.AuthController.Login (Com.XpressPayments.Api) in 895.0407ms
[2023-07-21 10:49:29.434 +01:00  INF]  Executed endpoint 'Com.XpressPayments.Api.Controllers.AuthController.Login (Com.XpressPayments.Api)'
[2023-07-21 10:49:29.434 +01:00  INF]  Request finished HTTP/2 POST https://localhost:44317/api/Auth/Login application/json 102 - 200 - application/json;+charset=utf-8 936.2431ms
[2023-07-21 11:01:50.910 +01:00  INF]  Request starting HTTP/2 POST https://localhost:44317/api/Auth/Logout application/json 48
[2023-07-21 11:01:50.911 +01:00  INF]  CORS policy execution successful.
[2023-07-21 11:01:50.915 +01:00  INF]  Executing endpoint 'Com.XpressPayments.Api.Controllers.AuthController.Logout (Com.XpressPayments.Api)'
[2023-07-21 11:01:50.915 +01:00  INF]  Route matched with {action = "Logout", controller = "Auth"}. Executing controller action with signature System.Threading.Tasks.Task`1[Microsoft.AspNetCore.Mvc.IActionResult] Logout(Com.XpressPayments.Data.DTOs.Account.LogoutDto) on controller Com.XpressPayments.Api.Controllers.AuthController (Com.XpressPayments.Api).
[2023-07-21 11:01:52.181 +01:00  INF]  Executing OkObjectResult, writing value of type 'Com.XpressPayments.Data.GenericResponse.BaseResponse'.
[2023-07-21 11:01:52.194 +01:00  INF]  Executed action Com.XpressPayments.Api.Controllers.AuthController.Logout (Com.XpressPayments.Api) in 1278.5741ms
[2023-07-21 11:01:52.199 +01:00  INF]  Executed endpoint 'Com.XpressPayments.Api.Controllers.AuthController.Logout (Com.XpressPayments.Api)'
[2023-07-21 11:01:52.200 +01:00  INF]  Request finished HTTP/2 POST https://localhost:44317/api/Auth/Logout application/json 48 - 200 - application/json;+charset=utf-8 1289.6179ms
[2023-07-21 11:02:10.505 +01:00  INF]  Request starting HTTP/2 POST https://localhost:44317/api/Auth/Login application/json 82
[2023-07-21 11:02:10.505 +01:00  INF]  CORS policy execution successful.
[2023-07-21 11:02:10.506 +01:00  INF]  Executing endpoint 'Com.XpressPayments.Api.Controllers.AuthController.Login (Com.XpressPayments.Api)'
[2023-07-21 11:02:10.506 +01:00  INF]  Route matched with {action = "Login", controller = "Auth"}. Executing controller action with signature System.Threading.Tasks.Task`1[Microsoft.AspNetCore.Mvc.IActionResult] Login(Com.XpressPayments.Bussiness.ViewModels.LoginModel) on controller Com.XpressPayments.Api.Controllers.AuthController (Com.XpressPayments.Api).
[2023-07-21 11:02:13.639 +01:00  INF]  Executing OkObjectResult, writing value of type 'Com.XpressPayments.Data.GenericResponse.LoginResponse'.
[2023-07-21 11:02:13.658 +01:00  INF]  Executed action Com.XpressPayments.Api.Controllers.AuthController.Login (Com.XpressPayments.Api) in 3151.6126ms
[2023-07-21 11:02:13.658 +01:00  INF]  Executed endpoint 'Com.XpressPayments.Api.Controllers.AuthController.Login (Com.XpressPayments.Api)'
[2023-07-21 11:02:13.658 +01:00  INF]  Request finished HTTP/2 POST https://localhost:44317/api/Auth/Login application/json 82 - 200 - application/json;+charset=utf-8 3153.4718ms
[2023-07-21 11:12:45.395 +01:00  INF]  User profile is available. Using 'C:\Users\olajumoke.owolabi\AppData\Local\ASP.NET\DataProtection-Keys' as key repository and Windows DPAPI to encrypt keys at rest.
[2023-07-21 11:12:45.913 +01:00  INF]  Application started. Press Ctrl+C to shut down.
[2023-07-21 11:12:45.914 +01:00  INF]  Hosting environment: Development
[2023-07-21 11:12:45.914 +01:00  INF]  Content root path: C:\Users\olajumoke.owolabi\source\repos\hrms-be-backend\Com.XpressPayments.Api\
[2023-07-21 11:12:46.013 +01:00  INF]  Request starting HTTP/2 GET https://localhost:44317/index.html - -
[2023-07-21 11:12:47.169 +01:00  INF]  Request finished HTTP/2 GET https://localhost:44317/index.html - - - 200 - text/html;charset=utf-8 1140.2242ms
[2023-07-21 11:12:47.169 +01:00  INF]  Request starting HTTP/2 GET https://localhost:44317/_framework/aspnetcore-browser-refresh.js - -
[2023-07-21 11:12:47.188 +01:00  INF]  Request starting HTTP/2 GET https://localhost:44317/_vs/browserLink - -
[2023-07-21 11:12:47.190 +01:00  INF]  Request finished HTTP/2 GET https://localhost:44317/_framework/aspnetcore-browser-refresh.js - - - 200 12014 application/javascript;+charset=utf-8 20.8691ms
[2023-07-21 11:12:47.278 +01:00  INF]  Request finished HTTP/2 GET https://localhost:44317/_vs/browserLink - - - 200 - text/javascript;+charset=UTF-8 89.5709ms
[2023-07-21 11:12:47.353 +01:00  INF]  Request starting HTTP/2 GET https://localhost:44317/swagger/v1/swagger.json - -
[2023-07-21 11:12:47.744 +01:00  INF]  Request finished HTTP/2 GET https://localhost:44317/swagger/v1/swagger.json - - - 200 - application/json;charset=utf-8 390.4567ms
[2023-07-21 11:13:27.400 +01:00  INF]  Request starting HTTP/2 POST https://localhost:44317/api/Auth/Logout application/json 64
[2023-07-21 11:13:27.442 +01:00  INF]  CORS policy execution successful.
[2023-07-21 11:13:27.657 +01:00  INF]  Executing endpoint 'Com.XpressPayments.Api.Controllers.AuthController.Logout (Com.XpressPayments.Api)'
[2023-07-21 11:13:27.717 +01:00  INF]  Route matched with {action = "Logout", controller = "Auth"}. Executing controller action with signature System.Threading.Tasks.Task`1[Microsoft.AspNetCore.Mvc.IActionResult] Logout(Com.XpressPayments.Data.DTOs.Account.LogoutDto) on controller Com.XpressPayments.Api.Controllers.AuthController (Com.XpressPayments.Api).
[2023-07-21 11:13:30.056 +01:00  INF]  Executing OkObjectResult, writing value of type 'Com.XpressPayments.Data.GenericResponse.BaseResponse'.
[2023-07-21 11:13:30.078 +01:00  INF]  Executed action Com.XpressPayments.Api.Controllers.AuthController.Logout (Com.XpressPayments.Api) in 2346.6959ms
[2023-07-21 11:13:30.091 +01:00  INF]  Executed endpoint 'Com.XpressPayments.Api.Controllers.AuthController.Logout (Com.XpressPayments.Api)'
[2023-07-21 11:13:30.096 +01:00  INF]  Request finished HTTP/2 POST https://localhost:44317/api/Auth/Logout application/json 64 - 200 - application/json;+charset=utf-8 2696.7817ms
[2023-07-21 11:13:49.678 +01:00  INF]  Request starting HTTP/2 POST https://localhost:44317/api/Auth/Login application/json 98
[2023-07-21 11:13:49.685 +01:00  INF]  CORS policy execution successful.
[2023-07-21 11:13:49.690 +01:00  INF]  Executing endpoint 'Com.XpressPayments.Api.Controllers.AuthController.Login (Com.XpressPayments.Api)'
[2023-07-21 11:13:49.711 +01:00  INF]  Route matched with {action = "Login", controller = "Auth"}. Executing controller action with signature System.Threading.Tasks.Task`1[Microsoft.AspNetCore.Mvc.IActionResult] Login(Com.XpressPayments.Bussiness.ViewModels.LoginModel) on controller Com.XpressPayments.Api.Controllers.AuthController (Com.XpressPayments.Api).
[2023-07-21 11:13:52.989 +01:00  INF]  Executing OkObjectResult, writing value of type 'Com.XpressPayments.Data.GenericResponse.LoginResponse'.
[2023-07-21 11:13:53.021 +01:00  INF]  Executed action Com.XpressPayments.Api.Controllers.AuthController.Login (Com.XpressPayments.Api) in 3309.5322ms
[2023-07-21 11:13:53.021 +01:00  INF]  Executed endpoint 'Com.XpressPayments.Api.Controllers.AuthController.Login (Com.XpressPayments.Api)'
[2023-07-21 11:13:53.023 +01:00  INF]  Request finished HTTP/2 POST https://localhost:44317/api/Auth/Login application/json 98 - 200 - application/json;+charset=utf-8 3344.5919ms
[2023-07-21 11:16:36.597 +01:00  INF]  Request starting HTTP/2 POST https://localhost:44317/api/Auth/Logout application/json 64
[2023-07-21 11:16:36.605 +01:00  INF]  CORS policy execution successful.
[2023-07-21 11:16:36.609 +01:00  INF]  Executing endpoint 'Com.XpressPayments.Api.Controllers.AuthController.Logout (Com.XpressPayments.Api)'
[2023-07-21 11:16:36.610 +01:00  INF]  Route matched with {action = "Logout", controller = "Auth"}. Executing controller action with signature System.Threading.Tasks.Task`1[Microsoft.AspNetCore.Mvc.IActionResult] Logout(Com.XpressPayments.Data.DTOs.Account.LogoutDto) on controller Com.XpressPayments.Api.Controllers.AuthController (Com.XpressPayments.Api).
[2023-07-21 11:16:36.811 +01:00  INF]  Executing OkObjectResult, writing value of type 'Com.XpressPayments.Data.GenericResponse.BaseResponse'.
[2023-07-21 11:16:36.823 +01:00  INF]  Executed action Com.XpressPayments.Api.Controllers.AuthController.Logout (Com.XpressPayments.Api) in 212.9535ms
[2023-07-21 11:16:36.823 +01:00  INF]  Executed endpoint 'Com.XpressPayments.Api.Controllers.AuthController.Logout (Com.XpressPayments.Api)'
[2023-07-21 11:16:36.827 +01:00  INF]  Request finished HTTP/2 POST https://localhost:44317/api/Auth/Logout application/json 64 - 200 - application/json;+charset=utf-8 230.2490ms
[2023-07-21 11:16:52.543 +01:00  INF]  Request starting HTTP/2 POST https://localhost:44317/api/Auth/Login application/json 98
[2023-07-21 11:16:52.543 +01:00  INF]  CORS policy execution successful.
[2023-07-21 11:16:52.544 +01:00  INF]  Executing endpoint 'Com.XpressPayments.Api.Controllers.AuthController.Login (Com.XpressPayments.Api)'
[2023-07-21 11:16:52.545 +01:00  INF]  Route matched with {action = "Login", controller = "Auth"}. Executing controller action with signature System.Threading.Tasks.Task`1[Microsoft.AspNetCore.Mvc.IActionResult] Login(Com.XpressPayments.Bussiness.ViewModels.LoginModel) on controller Com.XpressPayments.Api.Controllers.AuthController (Com.XpressPayments.Api).
[2023-07-21 11:16:54.253 +01:00  INF]  Executing OkObjectResult, writing value of type 'Com.XpressPayments.Data.GenericResponse.LoginResponse'.
[2023-07-21 11:16:54.254 +01:00  INF]  Executed action Com.XpressPayments.Api.Controllers.AuthController.Login (Com.XpressPayments.Api) in 1708.7101ms
[2023-07-21 11:16:54.254 +01:00  INF]  Executed endpoint 'Com.XpressPayments.Api.Controllers.AuthController.Login (Com.XpressPayments.Api)'
[2023-07-21 11:16:54.254 +01:00  INF]  Request finished HTTP/2 POST https://localhost:44317/api/Auth/Login application/json 98 - 200 - application/json;+charset=utf-8 1711.3378ms
