[2023-07-19 19:13:31.915 +01:00  INF]  User profile is available. Using 'C:\Users\olajumoke.owolabi\AppData\Local\ASP.NET\DataProtection-Keys' as key repository and Windows DPAPI to encrypt keys at rest.
[2023-07-19 19:13:32.639 +01:00  INF]  Application started. Press Ctrl+C to shut down.
[2023-07-19 19:13:32.639 +01:00  INF]  Hosting environment: Development
[2023-07-19 19:13:32.639 +01:00  INF]  Content root path: C:\Users\olajumoke.owolabi\source\repos\hrms-be-backend\Com.XpressPayments.Api\
[2023-07-19 19:13:32.739 +01:00  INF]  Request starting HTTP/2 GET https://localhost:44317/index.html - -
[2023-07-19 19:13:34.024 +01:00  INF]  Request starting HTTP/2 GET https://localhost:44317/_framework/aspnetcore-browser-refresh.js - -
[2023-07-19 19:13:34.027 +01:00  INF]  Request starting HTTP/2 GET https://localhost:44317/swagger-ui.css - -
[2023-07-19 19:13:34.033 +01:00  INF]  Request starting HTTP/2 GET https://localhost:44317/swagger-ui-standalone-preset.js - -
[2023-07-19 19:13:34.046 +01:00  INF]  Request starting HTTP/2 GET https://localhost:44317/_vs/browserLink - -
[2023-07-19 19:13:34.049 +01:00  INF]  Request starting HTTP/2 GET https://localhost:44317/swagger-ui-bundle.js - -
[2023-07-19 19:13:34.067 +01:00  INF]  Request finished HTTP/2 GET https://localhost:44317/index.html - - - 200 - text/html;charset=utf-8 1314.6081ms
[2023-07-19 19:13:34.084 +01:00  INF]  Request finished HTTP/2 GET https://localhost:44317/_framework/aspnetcore-browser-refresh.js - - - 200 12014 application/javascript;+charset=utf-8 51.4416ms
[2023-07-19 19:13:34.121 +01:00  INF]  Sending file. Request path: '/swagger-ui-standalone-preset.js'. Physical path: 'N/A'
[2023-07-19 19:13:34.121 +01:00  INF]  Sending file. Request path: '/swagger-ui-bundle.js'. Physical path: 'N/A'
[2023-07-19 19:13:34.121 +01:00  INF]  Sending file. Request path: '/swagger-ui.css'. Physical path: 'N/A'
[2023-07-19 19:13:34.125 +01:00  INF]  Request finished HTTP/2 GET https://localhost:44317/swagger-ui.css - - - 200 143632 text/css 97.7813ms
[2023-07-19 19:13:34.138 +01:00  INF]  Request finished HTTP/2 GET https://localhost:44317/swagger-ui-standalone-preset.js - - - 200 337162 application/javascript 104.7158ms
[2023-07-19 19:13:34.171 +01:00  INF]  Request finished HTTP/2 GET https://localhost:44317/swagger-ui-bundle.js - - - 200 1092889 application/javascript 122.0262ms
[2023-07-19 19:13:34.181 +01:00  INF]  Request finished HTTP/2 GET https://localhost:44317/_vs/browserLink - - - 200 - text/javascript;+charset=UTF-8 135.8174ms
[2023-07-19 19:13:34.322 +01:00  INF]  Request starting HTTP/2 GET https://localhost:44317/swagger/v1/swagger.json - -
[2023-07-19 19:13:34.775 +01:00  INF]  Request finished HTTP/2 GET https://localhost:44317/swagger/v1/swagger.json - - - 200 - application/json;charset=utf-8 452.4608ms
[2023-07-19 19:14:34.993 +01:00  INF]  Request starting HTTP/2 POST https://localhost:44317/api/Auth/Logout application/json 48
[2023-07-19 19:14:35.041 +01:00  INF]  CORS policy execution successful.
[2023-07-19 19:14:35.354 +01:00  INF]  Executing endpoint 'Com.XpressPayments.Api.Controllers.AuthController.Logout (Com.XpressPayments.Api)'
[2023-07-19 19:14:35.424 +01:00  INF]  Route matched with {action = "Logout", controller = "Auth"}. Executing controller action with signature System.Threading.Tasks.Task`1[Microsoft.AspNetCore.Mvc.IActionResult] Logout(Com.XpressPayments.Data.DTOs.Account.LogoutDto) on controller Com.XpressPayments.Api.Controllers.AuthController (Com.XpressPayments.Api).
[2023-07-19 19:14:37.702 +01:00  INF]  Executing OkObjectResult, writing value of type 'Com.XpressPayments.Data.GenericResponse.BaseResponse'.
[2023-07-19 19:14:37.731 +01:00  INF]  Executed action Com.XpressPayments.Api.Controllers.AuthController.Logout (Com.XpressPayments.Api) in 2289.3889ms
[2023-07-19 19:14:37.747 +01:00  INF]  Executed endpoint 'Com.XpressPayments.Api.Controllers.AuthController.Logout (Com.XpressPayments.Api)'
[2023-07-19 19:14:37.753 +01:00  INF]  Request finished HTTP/2 POST https://localhost:44317/api/Auth/Logout application/json 48 - 200 - application/json;+charset=utf-8 2761.4053ms
[2023-07-19 19:15:24.949 +01:00  INF]  Request starting HTTP/2 POST https://localhost:44317/api/Auth/Login application/json 82
[2023-07-19 19:15:24.959 +01:00  INF]  CORS policy execution successful.
[2023-07-19 19:15:24.984 +01:00  INF]  Executing endpoint 'Com.XpressPayments.Api.Controllers.AuthController.Login (Com.XpressPayments.Api)'
[2023-07-19 19:15:25.006 +01:00  INF]  Route matched with {action = "Login", controller = "Auth"}. Executing controller action with signature System.Threading.Tasks.Task`1[Microsoft.AspNetCore.Mvc.IActionResult] Login(Com.XpressPayments.Bussiness.ViewModels.LoginModel) on controller Com.XpressPayments.Api.Controllers.AuthController (Com.XpressPayments.Api).
[2023-07-19 19:15:28.122 +01:00  INF]  Executing OkObjectResult, writing value of type 'Com.XpressPayments.Data.GenericResponse.LoginResponse'.
[2023-07-19 19:15:28.140 +01:00  INF]  Executed action Com.XpressPayments.Api.Controllers.AuthController.Login (Com.XpressPayments.Api) in 3133.3331ms
[2023-07-19 19:15:28.140 +01:00  INF]  Executed endpoint 'Com.XpressPayments.Api.Controllers.AuthController.Login (Com.XpressPayments.Api)'
[2023-07-19 19:15:28.140 +01:00  INF]  Request finished HTTP/2 POST https://localhost:44317/api/Auth/Login application/json 82 - 200 - application/json;+charset=utf-8 3191.4898ms
[2023-07-19 19:19:30.429 +01:00  INF]  Request starting HTTP/2 POST https://localhost:44317/api/LeaveRequest/CreateLeaveRequest application/json 327
[2023-07-19 19:19:30.450 +01:00  INF]  CORS policy execution successful.
[2023-07-19 19:19:30.659 +01:00  INF]  Successfully validated the token.
[2023-07-19 19:19:30.673 +01:00  INF]  Executing endpoint 'Com.XpressPayments.Api.LeaveModuleController.Controller.LeaveRequestController.CreateLeaveRequest (Com.XpressPayments.Api)'
[2023-07-19 19:19:30.678 +01:00  INF]  Route matched with {action = "CreateLeaveRequest", controller = "LeaveRequest"}. Executing controller action with signature System.Threading.Tasks.Task`1[Microsoft.AspNetCore.Mvc.IActionResult] CreateLeaveRequest(Com.XpressPayments.Data.LeaveModuleDTO.DTO.LeaveRequestCreate) on controller Com.XpressPayments.Api.LeaveModuleController.Controller.LeaveRequestController (Com.XpressPayments.Api).
[2023-07-19 19:19:31.882 +01:00  INF]  Executing OkObjectResult, writing value of type 'Com.XpressPayments.Data.GenericResponse.BaseResponse'.
[2023-07-19 19:19:31.887 +01:00  INF]  Executed action Com.XpressPayments.Api.LeaveModuleController.Controller.LeaveRequestController.CreateLeaveRequest (Com.XpressPayments.Api) in 1209.7055ms
[2023-07-19 19:19:31.888 +01:00  INF]  Executed endpoint 'Com.XpressPayments.Api.LeaveModuleController.Controller.LeaveRequestController.CreateLeaveRequest (Com.XpressPayments.Api)'
[2023-07-19 19:19:31.891 +01:00  INF]  Request finished HTTP/2 POST https://localhost:44317/api/LeaveRequest/CreateLeaveRequest application/json 327 - 200 - application/json;+charset=utf-8 1462.3633ms
[2023-07-19 19:19:38.817 +01:00  ERR]  System.Net.Mail.SmtpException: Error in processing. The server response was: 5.7.3 STARTTLS is required to send mail [PR3PR09CA0006.eurprd09.prod.outlook.com 2023-07-19T18:19:38.250Z 08DB858270BE64E1]
   at System.Net.Mail.MailCommand.CheckResponse(SmtpStatusCode statusCode, String response)
   at System.Net.Mail.MailCommand.EndSend(IAsyncResult result)
   at System.Net.Mail.SendMailAsyncResult.SendMailFromCompleted(IAsyncResult result)
--- End of stack trace from previous location ---
   at System.Net.Mail.SendMailAsyncResult.End(IAsyncResult result)
   at System.Net.Mail.SmtpClient.SendMailCallback(IAsyncResult result)
--- End of stack trace from previous location ---
   at Com.XpressPayments.Bussiness.Util.MailService.SendEmailAsync(MailRequest mailRequest, String attarchDocument) in C:\Users\olajumoke.owolabi\source\repos\hrms-be-backend\Com.XpressPayments.Bussiness\Util\MailService.cs:line 48
[2023-07-19 19:19:39.098 +01:00  ERR]  System.Net.Mail.SmtpException: Error in processing. The server response was: 5.7.3 STARTTLS is required to send mail [PR3PR09CA0005.eurprd09.prod.outlook.com 2023-07-19T18:19:38.841Z 08DB86F9B6A65549]
   at System.Net.Mail.MailCommand.CheckResponse(SmtpStatusCode statusCode, String response)
   at System.Net.Mail.MailCommand.EndSend(IAsyncResult result)
   at System.Net.Mail.SendMailAsyncResult.SendMailFromCompleted(IAsyncResult result)
--- End of stack trace from previous location ---
   at System.Net.Mail.SendMailAsyncResult.End(IAsyncResult result)
   at System.Net.Mail.SmtpClient.SendMailCallback(IAsyncResult result)
--- End of stack trace from previous location ---
   at Com.XpressPayments.Bussiness.Util.MailService.SendEmailAsync(MailRequest mailRequest, String attarchDocument) in C:\Users\olajumoke.owolabi\source\repos\hrms-be-backend\Com.XpressPayments.Bussiness\Util\MailService.cs:line 48
[2023-07-19 19:21:51.027 +01:00  INF]  Request starting HTTP/2 POST https://localhost:44317/api/LeaveRequest/CreateLeaveRequest application/json 328
[2023-07-19 19:21:51.033 +01:00  INF]  CORS policy execution successful.
[2023-07-19 19:21:51.034 +01:00  INF]  Successfully validated the token.
[2023-07-19 19:21:51.047 +01:00  INF]  Executing endpoint 'Com.XpressPayments.Api.LeaveModuleController.Controller.LeaveRequestController.CreateLeaveRequest (Com.XpressPayments.Api)'
[2023-07-19 19:21:51.048 +01:00  INF]  Route matched with {action = "CreateLeaveRequest", controller = "LeaveRequest"}. Executing controller action with signature System.Threading.Tasks.Task`1[Microsoft.AspNetCore.Mvc.IActionResult] CreateLeaveRequest(Com.XpressPayments.Data.LeaveModuleDTO.DTO.LeaveRequestCreate) on controller Com.XpressPayments.Api.LeaveModuleController.Controller.LeaveRequestController (Com.XpressPayments.Api).
[2023-07-19 19:21:51.704 +01:00  INF]  Executing OkObjectResult, writing value of type 'Com.XpressPayments.Data.GenericResponse.BaseResponse'.
[2023-07-19 19:21:51.706 +01:00  INF]  Executed action Com.XpressPayments.Api.LeaveModuleController.Controller.LeaveRequestController.CreateLeaveRequest (Com.XpressPayments.Api) in 655.9128ms
[2023-07-19 19:21:51.706 +01:00  INF]  Executed endpoint 'Com.XpressPayments.Api.LeaveModuleController.Controller.LeaveRequestController.CreateLeaveRequest (Com.XpressPayments.Api)'
[2023-07-19 19:21:51.707 +01:00  INF]  Request finished HTTP/2 POST https://localhost:44317/api/LeaveRequest/CreateLeaveRequest application/json 328 - 200 - application/json;+charset=utf-8 680.1725ms
[2023-07-19 19:30:49.284 +01:00  INF]  User profile is available. Using 'C:\Users\olajumoke.owolabi\AppData\Local\ASP.NET\DataProtection-Keys' as key repository and Windows DPAPI to encrypt keys at rest.
[2023-07-19 19:30:49.572 +01:00  INF]  Application started. Press Ctrl+C to shut down.
[2023-07-19 19:30:49.572 +01:00  INF]  Hosting environment: Development
[2023-07-19 19:30:49.572 +01:00  INF]  Content root path: C:\Users\olajumoke.owolabi\source\repos\hrms-be-backend\Com.XpressPayments.Api\
[2023-07-19 19:30:49.645 +01:00  INF]  Request starting HTTP/2 GET https://localhost:44317/index.html - -
[2023-07-19 19:30:50.240 +01:00  INF]  Request finished HTTP/2 GET https://localhost:44317/index.html - - - 200 - text/html;charset=utf-8 598.0527ms
[2023-07-19 19:30:50.248 +01:00  INF]  Request starting HTTP/2 GET https://localhost:44317/_framework/aspnetcore-browser-refresh.js - -
[2023-07-19 19:30:50.261 +01:00  INF]  Request finished HTTP/2 GET https://localhost:44317/_framework/aspnetcore-browser-refresh.js - - - 200 12014 application/javascript;+charset=utf-8 7.4284ms
[2023-07-19 19:30:50.278 +01:00  INF]  Request starting HTTP/2 GET https://localhost:44317/_vs/browserLink - -
[2023-07-19 19:30:50.335 +01:00  INF]  Request finished HTTP/2 GET https://localhost:44317/_vs/browserLink - - - 200 - text/javascript;+charset=UTF-8 57.7449ms
[2023-07-19 19:30:50.489 +01:00  INF]  Request starting HTTP/2 GET https://localhost:44317/swagger/v1/swagger.json - -
[2023-07-19 19:30:50.656 +01:00  INF]  Request finished HTTP/2 GET https://localhost:44317/swagger/v1/swagger.json - - - 200 - application/json;charset=utf-8 167.8174ms
[2023-07-19 19:46:47.682 +01:00  INF]  User profile is available. Using 'C:\Users\olajumoke.owolabi\AppData\Local\ASP.NET\DataProtection-Keys' as key repository and Windows DPAPI to encrypt keys at rest.
[2023-07-19 19:46:47.890 +01:00  INF]  Application started. Press Ctrl+C to shut down.
[2023-07-19 19:46:47.891 +01:00  INF]  Hosting environment: Development
[2023-07-19 19:46:47.891 +01:00  INF]  Content root path: C:\Users\olajumoke.owolabi\source\repos\hrms-be-backend\Com.XpressPayments.Api\
[2023-07-19 19:46:47.932 +01:00  INF]  Request starting HTTP/2 GET https://localhost:44317/index.html - -
[2023-07-19 19:46:48.386 +01:00  INF]  Request finished HTTP/2 GET https://localhost:44317/index.html - - - 200 - text/html;charset=utf-8 456.1404ms
[2023-07-19 19:46:48.401 +01:00  INF]  Request starting HTTP/2 GET https://localhost:44317/_framework/aspnetcore-browser-refresh.js - -
[2023-07-19 19:46:48.406 +01:00  INF]  Request starting HTTP/2 GET https://localhost:44317/_vs/browserLink - -
[2023-07-19 19:46:48.420 +01:00  INF]  Request finished HTTP/2 GET https://localhost:44317/_framework/aspnetcore-browser-refresh.js - - - 200 12014 application/javascript;+charset=utf-8 15.2036ms
[2023-07-19 19:46:48.480 +01:00  INF]  Request finished HTTP/2 GET https://localhost:44317/_vs/browserLink - - - 200 - text/javascript;+charset=UTF-8 73.5719ms
[2023-07-19 19:46:48.533 +01:00  INF]  Request starting HTTP/2 GET https://localhost:44317/swagger/v1/swagger.json - -
[2023-07-19 19:46:48.723 +01:00  INF]  Request finished HTTP/2 GET https://localhost:44317/swagger/v1/swagger.json - - - 200 - application/json;charset=utf-8 189.8249ms
[2023-07-19 19:48:30.967 +01:00  INF]  Request starting HTTP/2 POST https://localhost:44317/api/RescheduleLeaveRequest/CreateRescheduleLeaveRequest application/json 298
[2023-07-19 19:48:31.005 +01:00  INF]  CORS policy execution successful.
[2023-07-19 19:48:31.900 +01:00  INF]  Successfully validated the token.
[2023-07-19 19:48:31.928 +01:00  INF]  Executing endpoint 'Com.XpressPayments.Api.LeaveModuleController.Controller.RescheduleLeaveRequestController.CreateRescheduleLeaveRequest (Com.XpressPayments.Api)'
[2023-07-19 19:48:31.988 +01:00  INF]  Route matched with {action = "CreateRescheduleLeaveRequest", controller = "RescheduleLeaveRequest"}. Executing controller action with signature System.Threading.Tasks.Task`1[Microsoft.AspNetCore.Mvc.IActionResult] CreateRescheduleLeaveRequest(Com.XpressPayments.Data.LeaveModuleDTO.DTO.RescheduleLeaveRequestCreate) on controller Com.XpressPayments.Api.LeaveModuleController.Controller.RescheduleLeaveRequestController (Com.XpressPayments.Api).
[2023-07-19 19:48:34.819 +01:00  ERR]  MethodName: CreateRescheduleLeaveRequest ===>System.Data.SqlClient.SqlException (0x80131904): Procedure or function 'Sp_RescheduleLeave' expects parameter '@ApprovedByUserId', which was not supplied.
   at Com.XpressPayments.Data.DapperGeneric.DapperGenericRepository.Get[T](String sp, DynamicParameters parms, CommandType commandType) in C:\Users\olajumoke.owolabi\source\repos\hrms-be-backend\Com.XpressPayments.Data\DapperGeneric\DapperGenericRepository.cs:line 83
   at Com.XpressPayments.Data.LeaveModuleRepository.LeaveRequestRepo.RescheduleLeaveRepository.CreateRescheduleLeaveRequest(RescheduleLeaveRequestCreate Leave) in C:\Users\olajumoke.owolabi\source\repos\hrms-be-backend\Com.XpressPayments.Data\LeaveModuleRepository\RescheduleLeaveRepository\RescheduleLeaveRepository.cs:line 51
ClientConnectionId:a9770b6b-0d16-4f87-a659-c8d9e353f3a4
Error Number:201,State:4,Class:16
[2023-07-19 19:48:34.827 +01:00  ERR]  Exception Occured ==> Procedure or function 'Sp_RescheduleLeave' expects parameter '@ApprovedByUserId', which was not supplied.
[2023-07-19 19:48:34.862 +01:00  INF]  Executing OkObjectResult, writing value of type 'Com.XpressPayments.Data.GenericResponse.BaseResponse'.
[2023-07-19 19:48:34.885 +01:00  INF]  Executed action Com.XpressPayments.Api.LeaveModuleController.Controller.RescheduleLeaveRequestController.CreateRescheduleLeaveRequest (Com.XpressPayments.Api) in 2882.8788ms
[2023-07-19 19:48:34.897 +01:00  INF]  Executed endpoint 'Com.XpressPayments.Api.LeaveModuleController.Controller.RescheduleLeaveRequestController.CreateRescheduleLeaveRequest (Com.XpressPayments.Api)'
[2023-07-19 19:48:34.903 +01:00  INF]  Request finished HTTP/2 POST https://localhost:44317/api/RescheduleLeaveRequest/CreateRescheduleLeaveRequest application/json 298 - 200 - application/json;+charset=utf-8 3936.6739ms
[2023-07-19 19:48:46.831 +01:00  INF]  Request starting HTTP/2 POST https://localhost:44317/api/RescheduleLeaveRequest/CreateRescheduleLeaveRequest application/json 298
[2023-07-19 19:48:46.837 +01:00  INF]  CORS policy execution successful.
[2023-07-19 19:48:46.838 +01:00  INF]  Successfully validated the token.
[2023-07-19 19:48:46.842 +01:00  INF]  Executing endpoint 'Com.XpressPayments.Api.LeaveModuleController.Controller.RescheduleLeaveRequestController.CreateRescheduleLeaveRequest (Com.XpressPayments.Api)'
[2023-07-19 19:48:46.844 +01:00  INF]  Route matched with {action = "CreateRescheduleLeaveRequest", controller = "RescheduleLeaveRequest"}. Executing controller action with signature System.Threading.Tasks.Task`1[Microsoft.AspNetCore.Mvc.IActionResult] CreateRescheduleLeaveRequest(Com.XpressPayments.Data.LeaveModuleDTO.DTO.RescheduleLeaveRequestCreate) on controller Com.XpressPayments.Api.LeaveModuleController.Controller.RescheduleLeaveRequestController (Com.XpressPayments.Api).
[2023-07-19 19:48:47.460 +01:00  ERR]  MethodName: CreateRescheduleLeaveRequest ===>System.Data.SqlClient.SqlException (0x80131904): Procedure or function 'Sp_RescheduleLeave' expects parameter '@ApprovedByUserId', which was not supplied.
   at Com.XpressPayments.Data.DapperGeneric.DapperGenericRepository.Get[T](String sp, DynamicParameters parms, CommandType commandType) in C:\Users\olajumoke.owolabi\source\repos\hrms-be-backend\Com.XpressPayments.Data\DapperGeneric\DapperGenericRepository.cs:line 83
   at Com.XpressPayments.Data.LeaveModuleRepository.LeaveRequestRepo.RescheduleLeaveRepository.CreateRescheduleLeaveRequest(RescheduleLeaveRequestCreate Leave) in C:\Users\olajumoke.owolabi\source\repos\hrms-be-backend\Com.XpressPayments.Data\LeaveModuleRepository\RescheduleLeaveRepository\RescheduleLeaveRepository.cs:line 51
ClientConnectionId:a9770b6b-0d16-4f87-a659-c8d9e353f3a4
Error Number:201,State:4,Class:16
[2023-07-19 19:48:47.462 +01:00  ERR]  Exception Occured ==> Procedure or function 'Sp_RescheduleLeave' expects parameter '@ApprovedByUserId', which was not supplied.
[2023-07-19 19:48:47.464 +01:00  INF]  Executing OkObjectResult, writing value of type 'Com.XpressPayments.Data.GenericResponse.BaseResponse'.
[2023-07-19 19:48:47.466 +01:00  INF]  Executed action Com.XpressPayments.Api.LeaveModuleController.Controller.RescheduleLeaveRequestController.CreateRescheduleLeaveRequest (Com.XpressPayments.Api) in 622.244ms
[2023-07-19 19:48:47.467 +01:00  INF]  Executed endpoint 'Com.XpressPayments.Api.LeaveModuleController.Controller.RescheduleLeaveRequestController.CreateRescheduleLeaveRequest (Com.XpressPayments.Api)'
[2023-07-19 19:48:47.467 +01:00  INF]  Request finished HTTP/2 POST https://localhost:44317/api/RescheduleLeaveRequest/CreateRescheduleLeaveRequest application/json 298 - 200 - application/json;+charset=utf-8 636.1872ms
