[2023-08-08 11:51:19.121 +01:00  INF]  User profile is available. Using 'C:\Users\olajumoke.owolabi\AppData\Local\ASP.NET\DataProtection-Keys' as key repository and Windows DPAPI to encrypt keys at rest.
[2023-08-08 11:51:19.513 +01:00  INF]  Application started. Press Ctrl+C to shut down.
[2023-08-08 11:51:19.513 +01:00  INF]  Hosting environment: Development
[2023-08-08 11:51:19.513 +01:00  INF]  Content root path: C:\Users\olajumoke.owolabi\source\repos\hrms-be-backend\Com.XpressPayments.Api\
[2023-08-08 11:51:19.620 +01:00  INF]  Request starting HTTP/2 GET https://localhost:44317/index.html - -
[2023-08-08 11:51:20.621 +01:00  INF]  Request finished HTTP/2 GET https://localhost:44317/index.html - - - 200 - text/html;charset=utf-8 1004.0884ms
[2023-08-08 11:51:20.630 +01:00  INF]  Request starting HTTP/2 GET https://localhost:44317/_framework/aspnetcore-browser-refresh.js - -
[2023-08-08 11:51:20.636 +01:00  INF]  Request starting HTTP/2 GET https://localhost:44317/_vs/browserLink - -
[2023-08-08 11:51:20.659 +01:00  INF]  Request finished HTTP/2 GET https://localhost:44317/_framework/aspnetcore-browser-refresh.js - - - 200 12014 application/javascript;+charset=utf-8 20.2077ms
[2023-08-08 11:51:20.729 +01:00  INF]  Request finished HTTP/2 GET https://localhost:44317/_vs/browserLink - - - 200 - text/javascript;+charset=UTF-8 93.4462ms
[2023-08-08 11:51:20.882 +01:00  INF]  Request starting HTTP/2 GET https://localhost:44317/swagger/v1/swagger.json - -
[2023-08-08 11:51:20.929 +01:00  INF]  Request starting HTTP/2 GET https://localhost:44317/favicon-32x32.png - -
[2023-08-08 11:51:20.950 +01:00  INF]  Sending file. Request path: '/favicon-32x32.png'. Physical path: 'N/A'
[2023-08-08 11:51:20.951 +01:00  INF]  Request finished HTTP/2 GET https://localhost:44317/favicon-32x32.png - - - 200 628 image/png 21.3946ms
[2023-08-08 11:51:21.204 +01:00  INF]  Request finished HTTP/2 GET https://localhost:44317/swagger/v1/swagger.json - - - 200 - application/json;charset=utf-8 322.4990ms
[2023-08-08 11:52:13.159 +01:00  INF]  Request starting HTTP/2 POST https://localhost:44317/api/Auth/Logout application/json 64
[2023-08-08 11:52:13.187 +01:00  INF]  CORS policy execution successful.
[2023-08-08 11:52:13.409 +01:00  INF]  Executing endpoint 'Com.XpressPayments.Api.Controllers.AuthController.Logout (Com.XpressPayments.Api)'
[2023-08-08 11:52:13.477 +01:00  INF]  Route matched with {action = "Logout", controller = "Auth"}. Executing controller action with signature System.Threading.Tasks.Task`1[Microsoft.AspNetCore.Mvc.IActionResult] Logout(Com.XpressPayments.Data.DTOs.Account.LogoutDto) on controller Com.XpressPayments.Api.Controllers.AuthController (Com.XpressPayments.Api).
[2023-08-08 11:52:15.851 +01:00  INF]  Executing OkObjectResult, writing value of type 'Com.XpressPayments.Data.GenericResponse.BaseResponse'.
[2023-08-08 11:52:15.877 +01:00  INF]  Executed action Com.XpressPayments.Api.Controllers.AuthController.Logout (Com.XpressPayments.Api) in 2386.0936ms
[2023-08-08 11:52:15.890 +01:00  INF]  Executed endpoint 'Com.XpressPayments.Api.Controllers.AuthController.Logout (Com.XpressPayments.Api)'
[2023-08-08 11:52:15.895 +01:00  INF]  Request finished HTTP/2 POST https://localhost:44317/api/Auth/Logout application/json 64 - 200 - application/json;+charset=utf-8 2736.5450ms
