[2023-09-03 16:39:09.739 +01:00  INF]  User profile is available. Using 'C:\Users\noble.nwabuike\AppData\Local\ASP.NET\DataProtection-Keys' as key repository and Windows DPAPI to encrypt keys at rest.
[2023-09-03 16:39:11.178 +01:00  INF]  Now listening on: https://localhost:5001
[2023-09-03 16:39:11.250 +01:00  INF]  Now listening on: http://localhost:5000
[2023-09-03 16:39:11.257 +01:00  INF]  Application started. Press Ctrl+C to shut down.
[2023-09-03 16:39:11.259 +01:00  INF]  Hosting environment: Development
[2023-09-03 16:39:11.260 +01:00  INF]  Content root path: C:\Users\noble.nwabuike\Downloads\hrms-be-backend\Com.XpressPayments.Api\
[2023-09-03 16:39:21.678 +01:00  INF]  Request starting HTTP/2 GET https://localhost:5001/index.html - -
[2023-09-03 16:39:22.523 +01:00  INF]  Request starting HTTP/2 GET https://localhost:5001/_framework/aspnetcore-browser-refresh.js - -
[2023-09-03 16:39:22.531 +01:00  INF]  Request finished HTTP/2 GET https://localhost:5001/index.html - - - 200 - text/html;charset=utf-8 854.8470ms
[2023-09-03 16:39:22.539 +01:00  INF]  Request finished HTTP/2 GET https://localhost:5001/_framework/aspnetcore-browser-refresh.js - - - 200 12014 application/javascript;+charset=utf-8 15.5540ms
[2023-09-03 16:39:22.549 +01:00  INF]  Request starting HTTP/2 GET https://localhost:5001/_vs/browserLink - -
[2023-09-03 16:39:22.627 +01:00  INF]  Request finished HTTP/2 GET https://localhost:5001/_vs/browserLink - - - 200 - text/javascript;+charset=UTF-8 77.4720ms
[2023-09-03 16:39:22.814 +01:00  INF]  Request starting HTTP/2 GET https://localhost:5001/swagger/v1/swagger.json - -
[2023-09-03 16:39:23.706 +01:00  INF]  Request finished HTTP/2 GET https://localhost:5001/swagger/v1/swagger.json - - - 200 - application/json;charset=utf-8 891.4898ms
[2023-09-03 16:39:40.641 +01:00  INF]  Request starting HTTP/2 POST https://localhost:5001/api/Auth/Logout application/json 48
[2023-09-03 16:39:40.650 +01:00  INF]  CORS policy execution successful.
[2023-09-03 16:39:40.840 +01:00  INF]  Executing endpoint 'Com.XpressPayments.Api.Controllers.AuthController.Logout (Com.XpressPayments.Api)'
[2023-09-03 16:39:40.871 +01:00  INF]  Route matched with {action = "Logout", controller = "Auth"}. Executing controller action with signature System.Threading.Tasks.Task`1[Microsoft.AspNetCore.Mvc.IActionResult] Logout(Com.XpressPayments.Data.DTOs.Account.LogoutDto) on controller Com.XpressPayments.Api.Controllers.AuthController (Com.XpressPayments.Api).
[2023-09-03 16:39:48.856 +01:00  INF]  Executing OkObjectResult, writing value of type 'Com.XpressPayments.Data.GenericResponse.BaseResponse'.
[2023-09-03 16:39:48.868 +01:00  INF]  Executed action Com.XpressPayments.Api.Controllers.AuthController.Logout (Com.XpressPayments.Api) in 7988.3391ms
[2023-09-03 16:39:48.874 +01:00  INF]  Executed endpoint 'Com.XpressPayments.Api.Controllers.AuthController.Logout (Com.XpressPayments.Api)'
[2023-09-03 16:39:48.877 +01:00  INF]  Request finished HTTP/2 POST https://localhost:5001/api/Auth/Logout application/json 48 - 200 - application/json;+charset=utf-8 8236.2593ms
[2023-09-03 16:40:24.743 +01:00  INF]  Request starting HTTP/2 POST https://localhost:5001/api/Auth/Login application/json 82
[2023-09-03 16:40:24.755 +01:00  INF]  CORS policy execution successful.
[2023-09-03 16:40:24.757 +01:00  INF]  Executing endpoint 'Com.XpressPayments.Api.Controllers.AuthController.Login (Com.XpressPayments.Api)'
[2023-09-03 16:40:24.769 +01:00  INF]  Route matched with {action = "Login", controller = "Auth"}. Executing controller action with signature System.Threading.Tasks.Task`1[Microsoft.AspNetCore.Mvc.IActionResult] Login(Com.XpressPayments.Bussiness.ViewModels.LoginModel) on controller Com.XpressPayments.Api.Controllers.AuthController (Com.XpressPayments.Api).
[2023-09-03 16:41:05.909 +01:00  ERR]  MethodName: LogActivity(AuditLogDto auditLog) ===>Timeout expired.  The timeout period elapsed prior to completion of the operation or the server is not responding.
[2023-09-03 16:41:05.911 +01:00  INF]  Executing OkObjectResult, writing value of type 'Com.XpressPayments.Data.GenericResponse.LoginResponse'.
[2023-09-03 16:41:05.922 +01:00  INF]  Executed action Com.XpressPayments.Api.Controllers.AuthController.Login (Com.XpressPayments.Api) in 41149.7287ms
[2023-09-03 16:41:05.925 +01:00  INF]  Executed endpoint 'Com.XpressPayments.Api.Controllers.AuthController.Login (Com.XpressPayments.Api)'
[2023-09-03 16:41:05.926 +01:00  INF]  Request finished HTTP/2 POST https://localhost:5001/api/Auth/Login application/json 82 - 200 - application/json;+charset=utf-8 41183.0659ms
[2023-09-03 16:41:46.769 +01:00  INF]  Request starting HTTP/2 POST https://localhost:5001/api/TrainingPlan/CreateTrainingPlan application/json 259
[2023-09-03 16:41:46.810 +01:00  INF]  CORS policy execution successful.
[2023-09-03 16:41:46.904 +01:00  INF]  Successfully validated the token.
[2023-09-03 16:41:46.912 +01:00  INF]  Executing endpoint 'Com.XpressPayments.Api.LearningAndDevelopmentModuleController.Controller.TrainingPlanController.CreateTrainingPlan (Com.XpressPayments.Api)'
[2023-09-03 16:41:46.917 +01:00  INF]  Route matched with {action = "CreateTrainingPlan", controller = "TrainingPlan"}. Executing controller action with signature System.Threading.Tasks.Task`1[Microsoft.AspNetCore.Mvc.IActionResult] CreateTrainingPlan(Com.XpressPayments.Data.LearningAndDevelopmentDTO.DTOs.TrainingPlanCreate) on controller Com.XpressPayments.Api.LearningAndDevelopmentModuleController.Controller.TrainingPlanController (Com.XpressPayments.Api).
[2023-09-03 16:43:38.323 +01:00  INF]  Executing OkObjectResult, writing value of type 'Com.XpressPayments.Data.GenericResponse.BaseResponse'.
[2023-09-03 16:43:38.329 +01:00  INF]  Executed action Com.XpressPayments.Api.LearningAndDevelopmentModuleController.Controller.TrainingPlanController.CreateTrainingPlan (Com.XpressPayments.Api) in 110577.7344ms
[2023-09-03 16:43:38.330 +01:00  INF]  Executed endpoint 'Com.XpressPayments.Api.LearningAndDevelopmentModuleController.Controller.TrainingPlanController.CreateTrainingPlan (Com.XpressPayments.Api)'
[2023-09-03 16:43:38.332 +01:00  INF]  Request finished HTTP/2 POST https://localhost:5001/api/TrainingPlan/CreateTrainingPlan application/json 259 - 200 - application/json;+charset=utf-8 110731.9748ms
[2023-09-03 16:43:48.828 +01:00  ERR]  System.Net.Mail.SmtpException: Error in processing. The server response was: 5.7.3 STARTTLS is required to send mail [PA7P264CA0209.FRAP264.PROD.OUTLOOK.COM 2023-09-03T15:43:49.243Z 08DBAB4D648DB468]
   at System.Net.Mail.MailCommand.CheckResponse(SmtpStatusCode statusCode, String response)
   at System.Net.Mail.MailCommand.EndSend(IAsyncResult result)
   at System.Net.Mail.SendMailAsyncResult.SendMailFromCompleted(IAsyncResult result)
--- End of stack trace from previous location ---
   at System.Net.Mail.SendMailAsyncResult.End(IAsyncResult result)
   at System.Net.Mail.SmtpClient.SendMailCallback(IAsyncResult result)
--- End of stack trace from previous location ---
   at Com.XpressPayments.Bussiness.LearningAndDevelopmentModuleService.Service.Logic.LearningAndDevelopmentMailService.SendEmailAsync(MailRequest mailRequest, String attarchDocument) in C:\Users\noble.nwabuike\Downloads\hrms-be-backend\Com.XpressPayments.Bussiness\LearningAndDevelopmentModuleService\Service\Logic\LearningAndDevelopmentMailService.cs:line 50
[2023-09-03 16:45:17.751 +01:00  INF]  User profile is available. Using 'C:\Users\noble.nwabuike\AppData\Local\ASP.NET\DataProtection-Keys' as key repository and Windows DPAPI to encrypt keys at rest.
[2023-09-03 16:45:18.599 +01:00  INF]  Now listening on: https://localhost:5001
[2023-09-03 16:45:18.605 +01:00  INF]  Now listening on: http://localhost:5000
[2023-09-03 16:45:18.613 +01:00  INF]  Application started. Press Ctrl+C to shut down.
[2023-09-03 16:45:18.615 +01:00  INF]  Hosting environment: Development
[2023-09-03 16:45:18.618 +01:00  INF]  Content root path: C:\Users\noble.nwabuike\Downloads\hrms-be-backend\Com.XpressPayments.Api\
[2023-09-03 16:45:22.228 +01:00  INF]  Request starting HTTP/2 GET https://localhost:5001/index.html - -
[2023-09-03 16:45:23.048 +01:00  INF]  Request starting HTTP/2 GET https://localhost:5001/_framework/aspnetcore-browser-refresh.js - -
[2023-09-03 16:45:23.059 +01:00  INF]  Request finished HTTP/2 GET https://localhost:5001/index.html - - - 200 - text/html;charset=utf-8 827.5050ms
[2023-09-03 16:45:23.071 +01:00  INF]  Request starting HTTP/2 GET https://localhost:5001/_vs/browserLink - -
[2023-09-03 16:45:23.062 +01:00  INF]  Request finished HTTP/2 GET https://localhost:5001/_framework/aspnetcore-browser-refresh.js - - - 200 12014 application/javascript;+charset=utf-8 13.0339ms
[2023-09-03 16:45:23.147 +01:00  INF]  Request finished HTTP/2 GET https://localhost:5001/_vs/browserLink - - - 200 - text/javascript;+charset=UTF-8 75.8112ms
[2023-09-03 16:45:23.255 +01:00  INF]  Request starting HTTP/2 GET https://localhost:5001/swagger/v1/swagger.json - -
[2023-09-03 16:45:23.628 +01:00  INF]  Request finished HTTP/2 GET https://localhost:5001/swagger/v1/swagger.json - - - 200 - application/json;charset=utf-8 369.7092ms
[2023-09-03 16:46:41.897 +01:00  INF]  Request starting HTTP/2 POST https://localhost:5001/api/TrainingInduction/CreateInductionPlan application/json 380
[2023-09-03 16:46:41.908 +01:00  INF]  CORS policy execution successful.
[2023-09-03 16:46:42.402 +01:00  INF]  Successfully validated the token.
[2023-09-03 16:46:42.419 +01:00  INF]  Executing endpoint 'Com.XpressPayments.Api.LearningAndDevelopmentModuleController.Controller.TrainingInductionController.CreateTrainingInduction (Com.XpressPayments.Api)'
[2023-09-03 16:46:42.457 +01:00  INF]  Route matched with {action = "CreateTrainingInduction", controller = "TrainingInduction"}. Executing controller action with signature System.Threading.Tasks.Task`1[Microsoft.AspNetCore.Mvc.IActionResult] CreateTrainingInduction(Com.XpressPayments.Data.LearningAndDevelopmentDTO.DTOs.TrainingInductionCreate) on controller Com.XpressPayments.Api.LearningAndDevelopmentModuleController.Controller.TrainingInductionController (Com.XpressPayments.Api).
[2023-09-03 16:47:40.343 +01:00  INF]  Executing OkObjectResult, writing value of type 'Com.XpressPayments.Data.GenericResponse.BaseResponse'.
[2023-09-03 16:47:40.360 +01:00  INF]  Executed action Com.XpressPayments.Api.LearningAndDevelopmentModuleController.Controller.TrainingInductionController.CreateTrainingInduction (Com.XpressPayments.Api) in 57893.9248ms
[2023-09-03 16:47:40.369 +01:00  INF]  Executed endpoint 'Com.XpressPayments.Api.LearningAndDevelopmentModuleController.Controller.TrainingInductionController.CreateTrainingInduction (Com.XpressPayments.Api)'
[2023-09-03 16:47:40.372 +01:00  INF]  Request finished HTTP/2 POST https://localhost:5001/api/TrainingInduction/CreateInductionPlan application/json 380 - 200 - application/json;+charset=utf-8 58475.5272ms
[2023-09-03 16:47:47.973 +01:00  ERR]  System.Net.Mail.SmtpException: Error in processing. The server response was: 5.7.3 STARTTLS is required to send mail [PR2P264CA0041.FRAP264.PROD.OUTLOOK.COM 2023-09-03T15:47:47.763Z 08DBAC75847DB618]
   at System.Net.Mail.MailCommand.CheckResponse(SmtpStatusCode statusCode, String response)
   at System.Net.Mail.MailCommand.EndSend(IAsyncResult result)
   at System.Net.Mail.SendMailAsyncResult.SendMailFromCompleted(IAsyncResult result)
--- End of stack trace from previous location ---
   at System.Net.Mail.SendMailAsyncResult.End(IAsyncResult result)
   at System.Net.Mail.SmtpClient.SendMailCallback(IAsyncResult result)
--- End of stack trace from previous location ---
   at Com.XpressPayments.Bussiness.LearningAndDevelopmentModuleService.Service.Logic.LearningAndDevelopmentMailService.SendEmailAsync(MailRequest mailRequest, String attarchDocument) in C:\Users\noble.nwabuike\Downloads\hrms-be-backend\Com.XpressPayments.Bussiness\LearningAndDevelopmentModuleService\Service\Logic\LearningAndDevelopmentMailService.cs:line 50
