[2023-09-13 11:22:30.947 +01:00  INF]  User profile is available. Using 'C:\Users\noble.nwabuike\AppData\Local\ASP.NET\DataProtection-Keys' as key repository and Windows DPAPI to encrypt keys at rest.
[2023-09-13 11:22:31.857 +01:00  INF]  Now listening on: https://localhost:5001
[2023-09-13 11:22:31.871 +01:00  INF]  Now listening on: http://localhost:5000
[2023-09-13 11:22:31.878 +01:00  INF]  Application started. Press Ctrl+C to shut down.
[2023-09-13 11:22:31.879 +01:00  INF]  Hosting environment: Development
[2023-09-13 11:22:31.881 +01:00  INF]  Content root path: C:\Users\noble.nwabuike\Downloads\hrms-be-backend\Com.XpressPayments.Api\
[2023-09-13 11:22:35.200 +01:00  INF]  Request starting HTTP/2 GET https://localhost:5001/index.html - -
[2023-09-13 11:22:36.650 +01:00  INF]  Request finished HTTP/2 GET https://localhost:5001/index.html - - - 200 - text/html;charset=utf-8 1456.0947ms
[2023-09-13 11:22:36.665 +01:00  INF]  Request starting HTTP/2 GET https://localhost:5001/_framework/aspnetcore-browser-refresh.js - -
[2023-09-13 11:22:36.686 +01:00  INF]  Request starting HTTP/2 GET https://localhost:5001/_vs/browserLink - -
[2023-09-13 11:22:36.696 +01:00  INF]  Request finished HTTP/2 GET https://localhost:5001/_framework/aspnetcore-browser-refresh.js - - - 200 12014 application/javascript;+charset=utf-8 29.3463ms
[2023-09-13 11:22:36.943 +01:00  INF]  Request finished HTTP/2 GET https://localhost:5001/_vs/browserLink - - - 200 - text/javascript;+charset=UTF-8 257.2175ms
[2023-09-13 11:22:37.071 +01:00  INF]  Request starting HTTP/2 GET https://localhost:5001/swagger/v1/swagger.json - -
[2023-09-13 11:22:37.549 +01:00  INF]  Request finished HTTP/2 GET https://localhost:5001/swagger/v1/swagger.json - - - 200 - application/json;charset=utf-8 477.7196ms
[2023-09-13 11:23:12.145 +01:00  INF]  Request starting HTTP/2 POST https://localhost:5001/api/Auth/Logout application/json 48
[2023-09-13 11:23:12.152 +01:00  INF]  CORS policy execution successful.
[2023-09-13 11:23:12.324 +01:00  INF]  Executing endpoint 'Com.XpressPayments.Api.Controllers.AuthController.Logout (Com.XpressPayments.Api)'
[2023-09-13 11:23:12.354 +01:00  INF]  Route matched with {action = "Logout", controller = "Auth"}. Executing controller action with signature System.Threading.Tasks.Task`1[Microsoft.AspNetCore.Mvc.IActionResult] Logout(Com.XpressPayments.Data.DTOs.Account.LogoutDto) on controller Com.XpressPayments.Api.Controllers.AuthController (Com.XpressPayments.Api).
[2023-09-13 11:23:12.948 +01:00  INF]  Executing OkObjectResult, writing value of type 'Com.XpressPayments.Data.GenericResponse.BaseResponse'.
[2023-09-13 11:23:12.962 +01:00  INF]  Executed action Com.XpressPayments.Api.Controllers.AuthController.Logout (Com.XpressPayments.Api) in 597.3964ms
[2023-09-13 11:23:12.969 +01:00  INF]  Executed endpoint 'Com.XpressPayments.Api.Controllers.AuthController.Logout (Com.XpressPayments.Api)'
[2023-09-13 11:23:12.971 +01:00  INF]  Request finished HTTP/2 POST https://localhost:5001/api/Auth/Logout application/json 48 - 200 - application/json;+charset=utf-8 825.6584ms
[2023-09-13 11:23:26.912 +01:00  INF]  Request starting HTTP/2 POST https://localhost:5001/api/Auth/Login application/json 82
[2023-09-13 11:23:26.928 +01:00  INF]  CORS policy execution successful.
[2023-09-13 11:23:26.931 +01:00  INF]  Executing endpoint 'Com.XpressPayments.Api.Controllers.AuthController.Login (Com.XpressPayments.Api)'
[2023-09-13 11:23:26.936 +01:00  INF]  Route matched with {action = "Login", controller = "Auth"}. Executing controller action with signature System.Threading.Tasks.Task`1[Microsoft.AspNetCore.Mvc.IActionResult] Login(Com.XpressPayments.Bussiness.ViewModels.LoginModel) on controller Com.XpressPayments.Api.Controllers.AuthController (Com.XpressPayments.Api).
[2023-09-13 11:23:32.418 +01:00  INF]  Executing OkObjectResult, writing value of type 'Com.XpressPayments.Data.GenericResponse.LoginResponse'.
[2023-09-13 11:23:32.433 +01:00  INF]  Executed action Com.XpressPayments.Api.Controllers.AuthController.Login (Com.XpressPayments.Api) in 5495.0905ms
[2023-09-13 11:23:32.437 +01:00  INF]  Executed endpoint 'Com.XpressPayments.Api.Controllers.AuthController.Login (Com.XpressPayments.Api)'
[2023-09-13 11:23:32.439 +01:00  INF]  Request finished HTTP/2 POST https://localhost:5001/api/Auth/Login application/json 82 - 200 - application/json;+charset=utf-8 5527.2373ms
[2023-09-13 12:31:16.100 +01:00  INF]  User profile is available. Using 'C:\Users\noble.nwabuike\AppData\Local\ASP.NET\DataProtection-Keys' as key repository and Windows DPAPI to encrypt keys at rest.
[2023-09-13 12:31:16.674 +01:00  INF]  Now listening on: https://localhost:5001
[2023-09-13 12:31:16.676 +01:00  INF]  Now listening on: http://localhost:5000
[2023-09-13 12:31:16.684 +01:00  INF]  Application started. Press Ctrl+C to shut down.
[2023-09-13 12:31:16.685 +01:00  INF]  Hosting environment: Development
[2023-09-13 12:31:16.687 +01:00  INF]  Content root path: C:\Users\noble.nwabuike\Downloads\hrms-be-backend\Com.XpressPayments.Api\
[2023-09-13 12:31:17.575 +01:00  INF]  Request starting HTTP/2 GET https://localhost:5001/index.html - -
[2023-09-13 12:31:18.131 +01:00  INF]  Request starting HTTP/2 GET https://localhost:5001/_framework/aspnetcore-browser-refresh.js - -
[2023-09-13 12:31:18.132 +01:00  INF]  Request finished HTTP/2 GET https://localhost:5001/index.html - - - 200 - text/html;charset=utf-8 560.1019ms
[2023-09-13 12:31:18.147 +01:00  INF]  Request finished HTTP/2 GET https://localhost:5001/_framework/aspnetcore-browser-refresh.js - - - 200 12014 application/javascript;+charset=utf-8 15.4119ms
[2023-09-13 12:31:18.147 +01:00  INF]  Request starting HTTP/2 GET https://localhost:5001/_vs/browserLink - -
[2023-09-13 12:31:18.231 +01:00  INF]  Request finished HTTP/2 GET https://localhost:5001/_vs/browserLink - - - 200 - text/javascript;+charset=UTF-8 83.9702ms
[2023-09-13 12:31:18.295 +01:00  INF]  Request starting HTTP/2 GET https://localhost:5001/swagger/v1/swagger.json - -
[2023-09-13 12:31:18.549 +01:00  INF]  Request finished HTTP/2 GET https://localhost:5001/swagger/v1/swagger.json - - - 200 - application/json;charset=utf-8 253.6635ms
[2023-09-13 12:31:36.036 +01:00  INF]  Request starting HTTP/2 POST https://localhost:5001/api/Auth/Logout application/json 48
[2023-09-13 12:31:36.043 +01:00  INF]  CORS policy execution successful.
[2023-09-13 12:31:36.219 +01:00  INF]  Executing endpoint 'Com.XpressPayments.Api.Controllers.AuthController.Logout (Com.XpressPayments.Api)'
[2023-09-13 12:31:36.261 +01:00  INF]  Route matched with {action = "Logout", controller = "Auth"}. Executing controller action with signature System.Threading.Tasks.Task`1[Microsoft.AspNetCore.Mvc.IActionResult] Logout(Com.XpressPayments.Data.DTOs.Account.LogoutDto) on controller Com.XpressPayments.Api.Controllers.AuthController (Com.XpressPayments.Api).
[2023-09-13 12:31:36.905 +01:00  INF]  Executing OkObjectResult, writing value of type 'Com.XpressPayments.Data.GenericResponse.BaseResponse'.
[2023-09-13 12:31:36.922 +01:00  INF]  Executed action Com.XpressPayments.Api.Controllers.AuthController.Logout (Com.XpressPayments.Api) in 646.2402ms
[2023-09-13 12:31:36.931 +01:00  INF]  Executed endpoint 'Com.XpressPayments.Api.Controllers.AuthController.Logout (Com.XpressPayments.Api)'
[2023-09-13 12:31:36.935 +01:00  INF]  Request finished HTTP/2 POST https://localhost:5001/api/Auth/Logout application/json 48 - 200 - application/json;+charset=utf-8 898.8426ms
[2023-09-13 12:31:57.525 +01:00  INF]  Request starting HTTP/2 POST https://localhost:5001/api/Auth/Login application/json 82
[2023-09-13 12:31:57.534 +01:00  INF]  CORS policy execution successful.
[2023-09-13 12:31:57.535 +01:00  INF]  Executing endpoint 'Com.XpressPayments.Api.Controllers.AuthController.Login (Com.XpressPayments.Api)'
[2023-09-13 12:31:57.539 +01:00  INF]  Route matched with {action = "Login", controller = "Auth"}. Executing controller action with signature System.Threading.Tasks.Task`1[Microsoft.AspNetCore.Mvc.IActionResult] Login(Com.XpressPayments.Bussiness.ViewModels.LoginModel) on controller Com.XpressPayments.Api.Controllers.AuthController (Com.XpressPayments.Api).
[2023-09-13 12:32:00.972 +01:00  INF]  Executing OkObjectResult, writing value of type 'Com.XpressPayments.Data.GenericResponse.LoginResponse'.
[2023-09-13 12:32:00.992 +01:00  INF]  Executed action Com.XpressPayments.Api.Controllers.AuthController.Login (Com.XpressPayments.Api) in 3451.568ms
[2023-09-13 12:32:00.994 +01:00  INF]  Executed endpoint 'Com.XpressPayments.Api.Controllers.AuthController.Login (Com.XpressPayments.Api)'
[2023-09-13 12:32:00.998 +01:00  INF]  Request finished HTTP/2 POST https://localhost:5001/api/Auth/Login application/json 82 - 200 - application/json;+charset=utf-8 3473.3869ms
[2023-09-13 12:40:07.524 +01:00  INF]  User profile is available. Using 'C:\Users\noble.nwabuike\AppData\Local\ASP.NET\DataProtection-Keys' as key repository and Windows DPAPI to encrypt keys at rest.
[2023-09-13 12:40:07.904 +01:00  INF]  Now listening on: https://localhost:5001
[2023-09-13 12:40:07.905 +01:00  INF]  Now listening on: http://localhost:5000
[2023-09-13 12:40:07.910 +01:00  INF]  Application started. Press Ctrl+C to shut down.
[2023-09-13 12:40:07.911 +01:00  INF]  Hosting environment: Development
[2023-09-13 12:40:07.912 +01:00  INF]  Content root path: C:\Users\noble.nwabuike\Downloads\hrms-be-backend\Com.XpressPayments.Api\
[2023-09-13 12:40:08.852 +01:00  INF]  Request starting HTTP/2 GET https://localhost:5001/index.html - -
[2023-09-13 12:40:09.353 +01:00  INF]  Request finished HTTP/2 GET https://localhost:5001/index.html - - - 200 - text/html;charset=utf-8 509.3593ms
[2023-09-13 12:40:09.355 +01:00  INF]  Request starting HTTP/2 GET https://localhost:5001/_framework/aspnetcore-browser-refresh.js - -
[2023-09-13 12:40:09.368 +01:00  INF]  Request starting HTTP/2 GET https://localhost:5001/_vs/browserLink - -
[2023-09-13 12:40:09.373 +01:00  INF]  Request finished HTTP/2 GET https://localhost:5001/_framework/aspnetcore-browser-refresh.js - - - 200 12014 application/javascript;+charset=utf-8 17.8230ms
[2023-09-13 12:40:09.406 +01:00  INF]  Request finished HTTP/2 GET https://localhost:5001/_vs/browserLink - - - 200 - text/javascript;+charset=UTF-8 37.5963ms
[2023-09-13 12:40:09.503 +01:00  INF]  Request starting HTTP/2 GET https://localhost:5001/swagger/v1/swagger.json - -
[2023-09-13 12:40:09.741 +01:00  INF]  Request finished HTTP/2 GET https://localhost:5001/swagger/v1/swagger.json - - - 200 - application/json;charset=utf-8 238.1253ms
[2023-09-13 12:44:27.604 +01:00  INF]  Request starting HTTP/2 POST https://localhost:5001/CreateTraineeTrainingFeedbackForm application/json 658
[2023-09-13 12:44:27.713 +01:00  INF]  CORS policy execution successful.
[2023-09-13 12:44:28.081 +01:00  INF]  Successfully validated the token.
[2023-09-13 12:44:28.094 +01:00  INF]  Executing endpoint 'Com.XpressPayments.Api.LearningAndDevelopmentModuleController.Controller.TrainingFeedbackFormController.CreateTraineeTrainingFeedbackForm (Com.XpressPayments.Api)'
[2023-09-13 12:44:28.130 +01:00  INF]  Route matched with {action = "CreateTraineeTrainingFeedbackForm", controller = "TrainingFeedbackForm"}. Executing controller action with signature System.Threading.Tasks.Task`1[Microsoft.AspNetCore.Mvc.IActionResult] CreateTraineeTrainingFeedbackForm(Com.XpressPayments.Data.LearningAndDevelopmentDTO.DTOs.TraineeTrainingFeedbackFormCreate) on controller Com.XpressPayments.Api.LearningAndDevelopmentModuleController.Controller.TrainingFeedbackFormController (Com.XpressPayments.Api).
[2023-09-13 12:45:38.162 +01:00  INF]  Executing OkObjectResult, writing value of type 'Com.XpressPayments.Data.GenericResponse.BaseResponse'.
[2023-09-13 12:45:38.176 +01:00  INF]  Executed action Com.XpressPayments.Api.LearningAndDevelopmentModuleController.Controller.TrainingFeedbackFormController.CreateTraineeTrainingFeedbackForm (Com.XpressPayments.Api) in 70035.1945ms
[2023-09-13 12:45:38.183 +01:00  INF]  Executed endpoint 'Com.XpressPayments.Api.LearningAndDevelopmentModuleController.Controller.TrainingFeedbackFormController.CreateTraineeTrainingFeedbackForm (Com.XpressPayments.Api)'
[2023-09-13 12:45:38.195 +01:00  INF]  Request finished HTTP/2 POST https://localhost:5001/CreateTraineeTrainingFeedbackForm application/json 658 - 200 - application/json;+charset=utf-8 70593.1540ms
[2023-09-13 12:48:27.080 +01:00  INF]  Request starting HTTP/2 POST https://localhost:5001/CreateTraineeTrainingFeedbackForm application/json 658
[2023-09-13 12:48:27.091 +01:00  INF]  CORS policy execution successful.
[2023-09-13 12:48:27.092 +01:00  INF]  Successfully validated the token.
[2023-09-13 12:48:27.094 +01:00  INF]  Executing endpoint 'Com.XpressPayments.Api.LearningAndDevelopmentModuleController.Controller.TrainingFeedbackFormController.CreateTraineeTrainingFeedbackForm (Com.XpressPayments.Api)'
[2023-09-13 12:48:27.099 +01:00  INF]  Route matched with {action = "CreateTraineeTrainingFeedbackForm", controller = "TrainingFeedbackForm"}. Executing controller action with signature System.Threading.Tasks.Task`1[Microsoft.AspNetCore.Mvc.IActionResult] CreateTraineeTrainingFeedbackForm(Com.XpressPayments.Data.LearningAndDevelopmentDTO.DTOs.TraineeTrainingFeedbackFormCreate) on controller Com.XpressPayments.Api.LearningAndDevelopmentModuleController.Controller.TrainingFeedbackFormController (Com.XpressPayments.Api).
[2023-09-13 12:48:51.449 +01:00  INF]  Executing OkObjectResult, writing value of type 'Com.XpressPayments.Data.GenericResponse.BaseResponse'.
[2023-09-13 12:48:51.455 +01:00  INF]  Executed action Com.XpressPayments.Api.LearningAndDevelopmentModuleController.Controller.TrainingFeedbackFormController.CreateTraineeTrainingFeedbackForm (Com.XpressPayments.Api) in 24354.6386ms
[2023-09-13 12:48:51.457 +01:00  INF]  Executed endpoint 'Com.XpressPayments.Api.LearningAndDevelopmentModuleController.Controller.TrainingFeedbackFormController.CreateTraineeTrainingFeedbackForm (Com.XpressPayments.Api)'
[2023-09-13 12:48:51.458 +01:00  INF]  Request finished HTTP/2 POST https://localhost:5001/CreateTraineeTrainingFeedbackForm application/json 658 - 200 - application/json;+charset=utf-8 24378.7166ms
