[2023-07-20 14:38:16.804 +01:00  INF]  User profile is available. Using 'C:\Users\olajumoke.owolabi\AppData\Local\ASP.NET\DataProtection-Keys' as key repository and Windows DPAPI to encrypt keys at rest.
[2023-07-20 14:38:17.146 +01:00  INF]  Application started. Press Ctrl+C to shut down.
[2023-07-20 14:38:17.146 +01:00  INF]  Hosting environment: Development
[2023-07-20 14:38:17.146 +01:00  INF]  Content root path: C:\Users\olajumoke.owolabi\source\repos\hrms-be-backend\Com.XpressPayments.Api\
[2023-07-20 14:38:17.232 +01:00  INF]  Request starting HTTP/2 GET https://localhost:44317/index.html - -
[2023-07-20 14:38:18.057 +01:00  INF]  Request finished HTTP/2 GET https://localhost:44317/index.html - - - 200 - text/html;charset=utf-8 821.6623ms
[2023-07-20 14:38:18.059 +01:00  INF]  Request starting HTTP/2 GET https://localhost:44317/_framework/aspnetcore-browser-refresh.js - -
[2023-07-20 14:38:18.068 +01:00  INF]  Request finished HTTP/2 GET https://localhost:44317/_framework/aspnetcore-browser-refresh.js - - - 200 12014 application/javascript;+charset=utf-8 8.0673ms
[2023-07-20 14:38:18.072 +01:00  INF]  Request starting HTTP/2 GET https://localhost:44317/_vs/browserLink - -
[2023-07-20 14:38:18.187 +01:00  INF]  Request finished HTTP/2 GET https://localhost:44317/_vs/browserLink - - - 200 - text/javascript;+charset=UTF-8 114.5065ms
[2023-07-20 14:38:18.238 +01:00  INF]  Request starting HTTP/2 GET https://localhost:44317/swagger/v1/swagger.json - -
[2023-07-20 14:38:18.545 +01:00  INF]  Request finished HTTP/2 GET https://localhost:44317/swagger/v1/swagger.json - - - 200 - application/json;charset=utf-8 307.2918ms
[2023-07-20 16:25:17.159 +01:00  INF]  User profile is available. Using 'C:\Users\olajumoke.owolabi\AppData\Local\ASP.NET\DataProtection-Keys' as key repository and Windows DPAPI to encrypt keys at rest.
[2023-07-20 16:25:17.647 +01:00  INF]  Application started. Press Ctrl+C to shut down.
[2023-07-20 16:25:17.647 +01:00  INF]  Hosting environment: Development
[2023-07-20 16:25:17.647 +01:00  INF]  Content root path: C:\Users\olajumoke.owolabi\source\repos\hrms-be-backend\Com.XpressPayments.Api\
[2023-07-20 16:25:17.737 +01:00  INF]  Request starting HTTP/2 GET https://localhost:44317/index.html - -
[2023-07-20 16:25:18.750 +01:00  INF]  Request finished HTTP/2 GET https://localhost:44317/index.html - - - 200 - text/html;charset=utf-8 1017.3164ms
[2023-07-20 16:25:18.757 +01:00  INF]  Request starting HTTP/2 GET https://localhost:44317/_framework/aspnetcore-browser-refresh.js - -
[2023-07-20 16:25:18.769 +01:00  INF]  Request finished HTTP/2 GET https://localhost:44317/_framework/aspnetcore-browser-refresh.js - - - 200 12014 application/javascript;+charset=utf-8 7.4112ms
[2023-07-20 16:25:18.784 +01:00  INF]  Request starting HTTP/2 GET https://localhost:44317/_vs/browserLink - -
[2023-07-20 16:25:18.857 +01:00  INF]  Request finished HTTP/2 GET https://localhost:44317/_vs/browserLink - - - 200 - text/javascript;+charset=UTF-8 72.9168ms
[2023-07-20 16:25:18.989 +01:00  INF]  Request starting HTTP/2 GET https://localhost:44317/swagger/v1/swagger.json - -
[2023-07-20 16:25:19.461 +01:00  INF]  Request finished HTTP/2 GET https://localhost:44317/swagger/v1/swagger.json - - - 200 - application/json;charset=utf-8 471.5066ms
[2023-07-20 16:25:49.388 +01:00  INF]  Request starting HTTP/2 GET https://localhost:44317/api/Auth/GetAllUsers - -
[2023-07-20 16:25:50.243 +01:00  INF]  Successfully validated the token.
[2023-07-20 16:25:50.267 +01:00  INF]  Executing endpoint 'Com.XpressPayments.Api.Controllers.AuthController.GetAllUsers (Com.XpressPayments.Api)'
[2023-07-20 16:25:50.307 +01:00  INF]  Route matched with {action = "GetAllUsers", controller = "Auth"}. Executing controller action with signature System.Threading.Tasks.Task`1[Microsoft.AspNetCore.Mvc.IActionResult] GetAllUsers() on controller Com.XpressPayments.Api.Controllers.AuthController (Com.XpressPayments.Api).
[2023-07-20 16:25:54.426 +01:00  INF]  Executing OkObjectResult, writing value of type 'Com.XpressPayments.Data.GenericResponse.BaseResponse'.
[2023-07-20 16:25:54.474 +01:00  INF]  Executed action Com.XpressPayments.Api.Controllers.AuthController.GetAllUsers (Com.XpressPayments.Api) in 4158.529ms
[2023-07-20 16:25:54.482 +01:00  INF]  Executed endpoint 'Com.XpressPayments.Api.Controllers.AuthController.GetAllUsers (Com.XpressPayments.Api)'
[2023-07-20 16:25:54.485 +01:00  INF]  Request finished HTTP/2 GET https://localhost:44317/api/Auth/GetAllUsers - - - 200 - application/json;+charset=utf-8 5098.0294ms
[2023-07-20 16:28:14.397 +01:00  INF]  User profile is available. Using 'C:\Users\olajumoke.owolabi\AppData\Local\ASP.NET\DataProtection-Keys' as key repository and Windows DPAPI to encrypt keys at rest.
[2023-07-20 16:28:14.678 +01:00  INF]  Application started. Press Ctrl+C to shut down.
[2023-07-20 16:28:14.679 +01:00  INF]  Hosting environment: Development
[2023-07-20 16:28:14.679 +01:00  INF]  Content root path: C:\Users\olajumoke.owolabi\source\repos\hrms-be-backend\Com.XpressPayments.Api\
[2023-07-20 16:28:14.733 +01:00  INF]  Request starting HTTP/2 GET https://localhost:44317/index.html - -
[2023-07-20 16:28:15.280 +01:00  INF]  Request finished HTTP/2 GET https://localhost:44317/index.html - - - 200 - text/html;charset=utf-8 550.8460ms
[2023-07-20 16:28:15.319 +01:00  INF]  Request starting HTTP/2 GET https://localhost:44317/_framework/aspnetcore-browser-refresh.js - -
[2023-07-20 16:28:15.327 +01:00  INF]  Request finished HTTP/2 GET https://localhost:44317/_framework/aspnetcore-browser-refresh.js - - - 200 12014 application/javascript;+charset=utf-8 7.6068ms
[2023-07-20 16:28:15.339 +01:00  INF]  Request starting HTTP/2 GET https://localhost:44317/_vs/browserLink - -
[2023-07-20 16:28:15.402 +01:00  INF]  Request finished HTTP/2 GET https://localhost:44317/_vs/browserLink - - - 200 - text/javascript;+charset=UTF-8 62.8408ms
[2023-07-20 16:28:15.510 +01:00  INF]  Request starting HTTP/2 GET https://localhost:44317/swagger/v1/swagger.json - -
[2023-07-20 16:28:15.728 +01:00  INF]  Request finished HTTP/2 GET https://localhost:44317/swagger/v1/swagger.json - - - 200 - application/json;charset=utf-8 218.3600ms
[2023-07-20 16:50:15.917 +01:00  INF]  User profile is available. Using 'C:\Users\olajumoke.owolabi\AppData\Local\ASP.NET\DataProtection-Keys' as key repository and Windows DPAPI to encrypt keys at rest.
[2023-07-20 16:50:16.202 +01:00  INF]  Application started. Press Ctrl+C to shut down.
[2023-07-20 16:50:16.203 +01:00  INF]  Hosting environment: Development
[2023-07-20 16:50:16.203 +01:00  INF]  Content root path: C:\Users\olajumoke.owolabi\source\repos\hrms-be-backend\Com.XpressPayments.Api\
[2023-07-20 16:50:16.247 +01:00  INF]  Request starting HTTP/2 GET https://localhost:44317/index.html - -
[2023-07-20 16:50:16.823 +01:00  INF]  Request finished HTTP/2 GET https://localhost:44317/index.html - - - 200 - text/html;charset=utf-8 571.1305ms
[2023-07-20 16:50:16.823 +01:00  INF]  Request starting HTTP/2 GET https://localhost:44317/_framework/aspnetcore-browser-refresh.js - -
[2023-07-20 16:50:16.846 +01:00  INF]  Request finished HTTP/2 GET https://localhost:44317/_framework/aspnetcore-browser-refresh.js - - - 200 12014 application/javascript;+charset=utf-8 15.2579ms
[2023-07-20 16:50:16.847 +01:00  INF]  Request starting HTTP/2 GET https://localhost:44317/_vs/browserLink - -
[2023-07-20 16:50:16.914 +01:00  INF]  Request finished HTTP/2 GET https://localhost:44317/_vs/browserLink - - - 200 - text/javascript;+charset=UTF-8 66.1280ms
[2023-07-20 16:50:16.982 +01:00  INF]  Request starting HTTP/2 GET https://localhost:44317/swagger/v1/swagger.json - -
[2023-07-20 16:50:17.209 +01:00  INF]  Request finished HTTP/2 GET https://localhost:44317/swagger/v1/swagger.json - - - 200 - application/json;charset=utf-8 227.4427ms
[2023-07-20 16:53:04.027 +01:00  INF]  Request starting HTTP/2 POST https://localhost:44317/api/Auth/UpdateUser application/json 572
[2023-07-20 16:53:04.047 +01:00  INF]  CORS policy execution successful.
[2023-07-20 16:53:04.396 +01:00  INF]  Successfully validated the token.
[2023-07-20 16:53:04.407 +01:00  INF]  Executing endpoint 'Com.XpressPayments.Api.Controllers.AuthController.UpdateUser (Com.XpressPayments.Api)'
[2023-07-20 16:53:04.442 +01:00  INF]  Route matched with {action = "UpdateUser", controller = "Auth"}. Executing controller action with signature System.Threading.Tasks.Task`1[Microsoft.AspNetCore.Mvc.IActionResult] UpdateUser(Com.XpressPayments.Data.DTOs.Account.UpdateUserDto) on controller Com.XpressPayments.Api.Controllers.AuthController (Com.XpressPayments.Api).
[2023-07-20 16:53:06.022 +01:00  INF]  Executing OkObjectResult, writing value of type 'Com.XpressPayments.Data.GenericResponse.BaseResponse'.
[2023-07-20 16:53:06.033 +01:00  INF]  Executed action Com.XpressPayments.Api.Controllers.AuthController.UpdateUser (Com.XpressPayments.Api) in 1585.0489ms
[2023-07-20 16:53:06.038 +01:00  INF]  Executed endpoint 'Com.XpressPayments.Api.Controllers.AuthController.UpdateUser (Com.XpressPayments.Api)'
[2023-07-20 16:53:06.041 +01:00  INF]  Request finished HTTP/2 POST https://localhost:44317/api/Auth/UpdateUser application/json 572 - 200 - application/json;+charset=utf-8 2014.8087ms
[2023-07-20 16:53:41.782 +01:00  INF]  Request starting HTTP/2 POST https://localhost:44317/api/Auth/UpdateUser application/json 572
[2023-07-20 16:53:41.790 +01:00  INF]  CORS policy execution successful.
[2023-07-20 16:53:41.804 +01:00  INF]  Successfully validated the token.
[2023-07-20 16:53:41.806 +01:00  INF]  Executing endpoint 'Com.XpressPayments.Api.Controllers.AuthController.UpdateUser (Com.XpressPayments.Api)'
[2023-07-20 16:53:41.818 +01:00  INF]  Route matched with {action = "UpdateUser", controller = "Auth"}. Executing controller action with signature System.Threading.Tasks.Task`1[Microsoft.AspNetCore.Mvc.IActionResult] UpdateUser(Com.XpressPayments.Data.DTOs.Account.UpdateUserDto) on controller Com.XpressPayments.Api.Controllers.AuthController (Com.XpressPayments.Api).
[2023-07-20 16:53:42.024 +01:00  INF]  Executing OkObjectResult, writing value of type 'Com.XpressPayments.Data.GenericResponse.BaseResponse'.
[2023-07-20 16:53:42.025 +01:00  INF]  Executed action Com.XpressPayments.Api.Controllers.AuthController.UpdateUser (Com.XpressPayments.Api) in 204.8412ms
[2023-07-20 16:53:42.025 +01:00  INF]  Executed endpoint 'Com.XpressPayments.Api.Controllers.AuthController.UpdateUser (Com.XpressPayments.Api)'
[2023-07-20 16:53:42.026 +01:00  INF]  Request finished HTTP/2 POST https://localhost:44317/api/Auth/UpdateUser application/json 572 - 200 - application/json;+charset=utf-8 243.7428ms
[2023-07-20 16:54:22.226 +01:00  INF]  User profile is available. Using 'C:\Users\olajumoke.owolabi\AppData\Local\ASP.NET\DataProtection-Keys' as key repository and Windows DPAPI to encrypt keys at rest.
[2023-07-20 16:54:22.502 +01:00  INF]  Application started. Press Ctrl+C to shut down.
[2023-07-20 16:54:22.502 +01:00  INF]  Hosting environment: Development
[2023-07-20 16:54:22.502 +01:00  INF]  Content root path: C:\Users\olajumoke.owolabi\source\repos\hrms-be-backend\Com.XpressPayments.Api\
[2023-07-20 16:54:22.544 +01:00  INF]  Request starting HTTP/2 GET https://localhost:44317/index.html - -
[2023-07-20 16:54:23.026 +01:00  INF]  Request finished HTTP/2 GET https://localhost:44317/index.html - - - 200 - text/html;charset=utf-8 484.2516ms
[2023-07-20 16:54:23.027 +01:00  INF]  Request starting HTTP/2 GET https://localhost:44317/_framework/aspnetcore-browser-refresh.js - -
[2023-07-20 16:54:23.050 +01:00  INF]  Request starting HTTP/2 GET https://localhost:44317/_vs/browserLink - -
[2023-07-20 16:54:23.059 +01:00  INF]  Request finished HTTP/2 GET https://localhost:44317/_framework/aspnetcore-browser-refresh.js - - - 200 12014 application/javascript;+charset=utf-8 25.8839ms
[2023-07-20 16:54:23.144 +01:00  INF]  Request finished HTTP/2 GET https://localhost:44317/_vs/browserLink - - - 200 - text/javascript;+charset=UTF-8 93.3946ms
[2023-07-20 16:54:23.195 +01:00  INF]  Request starting HTTP/2 GET https://localhost:44317/swagger/v1/swagger.json - -
[2023-07-20 16:54:23.407 +01:00  INF]  Request finished HTTP/2 GET https://localhost:44317/swagger/v1/swagger.json - - - 200 - application/json;charset=utf-8 211.5452ms
[2023-07-20 16:55:00.263 +01:00  INF]  Request starting HTTP/2 POST https://localhost:44317/api/Auth/UpdateUser application/json 572
[2023-07-20 16:55:00.283 +01:00  INF]  CORS policy execution successful.
[2023-07-20 16:55:00.396 +01:00  INF]  Bearer was not authenticated. Failure message: No SecurityTokenValidator available for token.
[2023-07-20 16:55:00.402 +01:00  INF]  Authorization failed. These requirements were not met:
DenyAnonymousAuthorizationRequirement: Requires an authenticated user.
[2023-07-20 16:55:00.411 +01:00  INF]  AuthenticationScheme: Bearer was challenged.
[2023-07-20 16:55:00.413 +01:00  INF]  Request finished HTTP/2 POST https://localhost:44317/api/Auth/UpdateUser application/json 572 - 401 - - 150.7785ms
[2023-07-20 16:56:10.662 +01:00  INF]  Request starting HTTP/2 POST https://localhost:44317/api/Auth/UpdateUser application/json 572
[2023-07-20 16:56:10.672 +01:00  INF]  CORS policy execution successful.
[2023-07-20 16:56:10.929 +01:00  INF]  Successfully validated the token.
[2023-07-20 16:56:10.936 +01:00  INF]  Executing endpoint 'Com.XpressPayments.Api.Controllers.AuthController.UpdateUser (Com.XpressPayments.Api)'
[2023-07-20 16:56:10.972 +01:00  INF]  Route matched with {action = "UpdateUser", controller = "Auth"}. Executing controller action with signature System.Threading.Tasks.Task`1[Microsoft.AspNetCore.Mvc.IActionResult] UpdateUser(Com.XpressPayments.Data.DTOs.Account.UpdateUserDto) on controller Com.XpressPayments.Api.Controllers.AuthController (Com.XpressPayments.Api).
[2023-07-20 16:56:13.146 +01:00  INF]  User updated successfully.
[2023-07-20 16:56:13.165 +01:00  INF]  Executing OkObjectResult, writing value of type 'Com.XpressPayments.Data.GenericResponse.BaseResponse'.
[2023-07-20 16:56:13.178 +01:00  INF]  Executed action Com.XpressPayments.Api.Controllers.AuthController.UpdateUser (Com.XpressPayments.Api) in 2198.4122ms
[2023-07-20 16:56:13.183 +01:00  INF]  Executed endpoint 'Com.XpressPayments.Api.Controllers.AuthController.UpdateUser (Com.XpressPayments.Api)'
[2023-07-20 16:56:13.186 +01:00  INF]  Request finished HTTP/2 POST https://localhost:44317/api/Auth/UpdateUser application/json 572 - 200 - application/json;+charset=utf-8 2524.4174ms
[2023-07-20 16:59:28.297 +01:00  INF]  User profile is available. Using 'C:\Users\olajumoke.owolabi\AppData\Local\ASP.NET\DataProtection-Keys' as key repository and Windows DPAPI to encrypt keys at rest.
[2023-07-20 16:59:28.556 +01:00  INF]  Application started. Press Ctrl+C to shut down.
[2023-07-20 16:59:28.557 +01:00  INF]  Hosting environment: Development
[2023-07-20 16:59:28.557 +01:00  INF]  Content root path: C:\Users\olajumoke.owolabi\source\repos\hrms-be-backend\Com.XpressPayments.Api\
[2023-07-20 16:59:28.606 +01:00  INF]  Request starting HTTP/2 GET https://localhost:44317/index.html - -
[2023-07-20 16:59:29.161 +01:00  INF]  Request finished HTTP/2 GET https://localhost:44317/index.html - - - 200 - text/html;charset=utf-8 557.8794ms
[2023-07-20 16:59:29.182 +01:00  INF]  Request starting HTTP/2 GET https://localhost:44317/_framework/aspnetcore-browser-refresh.js - -
[2023-07-20 16:59:29.189 +01:00  INF]  Request starting HTTP/2 GET https://localhost:44317/_vs/browserLink - -
[2023-07-20 16:59:29.205 +01:00  INF]  Request finished HTTP/2 GET https://localhost:44317/_framework/aspnetcore-browser-refresh.js - - - 200 12014 application/javascript;+charset=utf-8 18.8588ms
[2023-07-20 16:59:29.273 +01:00  INF]  Request finished HTTP/2 GET https://localhost:44317/_vs/browserLink - - - 200 - text/javascript;+charset=UTF-8 83.5679ms
[2023-07-20 16:59:29.360 +01:00  INF]  Request starting HTTP/2 GET https://localhost:44317/swagger/v1/swagger.json - -
[2023-07-20 16:59:29.637 +01:00  INF]  Request finished HTTP/2 GET https://localhost:44317/swagger/v1/swagger.json - - - 200 - application/json;charset=utf-8 276.6649ms
[2023-07-20 17:00:39.496 +01:00  INF]  Request starting HTTP/2 POST https://localhost:44317/api/Auth/UpdateUser application/json 572
[2023-07-20 17:00:39.518 +01:00  INF]  CORS policy execution successful.
[2023-07-20 17:00:39.618 +01:00  INF]  Authorization failed. These requirements were not met:
DenyAnonymousAuthorizationRequirement: Requires an authenticated user.
[2023-07-20 17:00:39.627 +01:00  INF]  AuthenticationScheme: Bearer was challenged.
[2023-07-20 17:00:39.629 +01:00  INF]  Request finished HTTP/2 POST https://localhost:44317/api/Auth/UpdateUser application/json 572 - 401 - - 133.7910ms
[2023-07-20 17:01:57.585 +01:00  INF]  Request starting HTTP/2 POST https://localhost:44317/api/Auth/UpdateUser application/json 572
[2023-07-20 17:01:57.617 +01:00  INF]  CORS policy execution successful.
[2023-07-20 17:01:57.885 +01:00  INF]  Successfully validated the token.
[2023-07-20 17:01:57.889 +01:00  INF]  Executing endpoint 'Com.XpressPayments.Api.Controllers.AuthController.UpdateUser (Com.XpressPayments.Api)'
[2023-07-20 17:01:57.917 +01:00  INF]  Route matched with {action = "UpdateUser", controller = "Auth"}. Executing controller action with signature System.Threading.Tasks.Task`1[Microsoft.AspNetCore.Mvc.IActionResult] UpdateUser(Com.XpressPayments.Data.DTOs.Account.UpdateUserDto) on controller Com.XpressPayments.Api.Controllers.AuthController (Com.XpressPayments.Api).
[2023-07-20 17:01:59.617 +01:00  INF]  Executing OkObjectResult, writing value of type 'Com.XpressPayments.Data.GenericResponse.BaseResponse'.
[2023-07-20 17:01:59.631 +01:00  INF]  Executed action Com.XpressPayments.Api.Controllers.AuthController.UpdateUser (Com.XpressPayments.Api) in 1705.5827ms
[2023-07-20 17:01:59.637 +01:00  INF]  Executed endpoint 'Com.XpressPayments.Api.Controllers.AuthController.UpdateUser (Com.XpressPayments.Api)'
[2023-07-20 17:01:59.640 +01:00  INF]  Request finished HTTP/2 POST https://localhost:44317/api/Auth/UpdateUser application/json 572 - 200 - application/json;+charset=utf-8 2055.7731ms
