[2023-07-14 10:32:51.102 +01:00  INF]  User profile is available. Using 'C:\Users\olajumoke.owolabi\AppData\Local\ASP.NET\DataProtection-Keys' as key repository and Windows DPAPI to encrypt keys at rest.
[2023-07-14 10:32:51.545 +01:00  INF]  Application started. Press Ctrl+C to shut down.
[2023-07-14 10:32:51.546 +01:00  INF]  Hosting environment: Development
[2023-07-14 10:32:51.546 +01:00  INF]  Content root path: C:\Users\olajumoke.owolabi\source\repos\hrms-be-backend\Com.XpressPayments.Api\
[2023-07-14 10:32:51.639 +01:00  INF]  Request starting HTTP/2 GET https://localhost:44317/index.html - -
[2023-07-14 10:32:52.701 +01:00  INF]  Request starting HTTP/2 GET https://localhost:44317/_framework/aspnetcore-browser-refresh.js - -
[2023-07-14 10:32:52.703 +01:00  INF]  Request starting HTTP/2 GET https://localhost:44317/_vs/browserLink - -
[2023-07-14 10:32:52.737 +01:00  INF]  Request finished HTTP/2 GET https://localhost:44317/_framework/aspnetcore-browser-refresh.js - - - 200 12014 application/javascript;+charset=utf-8 35.8445ms
[2023-07-14 10:32:52.737 +01:00  INF]  Request finished HTTP/2 GET https://localhost:44317/index.html - - - 200 - text/html;charset=utf-8 1100.1385ms
[2023-07-14 10:32:52.838 +01:00  INF]  Request finished HTTP/2 GET https://localhost:44317/_vs/browserLink - - - 200 - text/javascript;+charset=UTF-8 134.6094ms
[2023-07-14 10:32:52.906 +01:00  INF]  Request starting HTTP/2 GET https://localhost:44317/swagger/v1/swagger.json - -
[2023-07-14 10:32:53.192 +01:00  INF]  Request finished HTTP/2 GET https://localhost:44317/swagger/v1/swagger.json - - - 200 - application/json;charset=utf-8 286.4076ms
[2023-07-14 10:33:26.329 +01:00  INF]  Request starting HTTP/2 GET https://localhost:44317/api/Employee/GetEmployeebyCompanyId?CompanyID=37 - -
[2023-07-14 10:33:26.975 +01:00  INF]  Successfully validated the token.
[2023-07-14 10:33:26.989 +01:00  INF]  Executing endpoint 'Com.XpressPayments.Api.Controllers.EmployeeController.GetEmployeebyCompanyId (Com.XpressPayments.Api)'
[2023-07-14 10:33:27.028 +01:00  INF]  Route matched with {action = "GetEmployeebyCompanyId", controller = "Employee"}. Executing controller action with signature System.Threading.Tasks.Task`1[Microsoft.AspNetCore.Mvc.IActionResult] GetEmployeebyCompanyId(Int64) on controller Com.XpressPayments.Api.Controllers.EmployeeController (Com.XpressPayments.Api).
[2023-07-14 10:49:16.414 +01:00  INF]  User profile is available. Using 'C:\Users\olajumoke.owolabi\AppData\Local\ASP.NET\DataProtection-Keys' as key repository and Windows DPAPI to encrypt keys at rest.
[2023-07-14 10:49:16.679 +01:00  INF]  Application started. Press Ctrl+C to shut down.
[2023-07-14 10:49:16.680 +01:00  INF]  Hosting environment: Development
[2023-07-14 10:49:16.680 +01:00  INF]  Content root path: C:\Users\olajumoke.owolabi\source\repos\hrms-be-backend\Com.XpressPayments.Api\
[2023-07-14 10:49:16.727 +01:00  INF]  Request starting HTTP/2 GET https://localhost:44317/index.html - -
[2023-07-14 10:49:17.262 +01:00  INF]  Request starting HTTP/2 GET https://localhost:44317/_framework/aspnetcore-browser-refresh.js - -
[2023-07-14 10:49:17.264 +01:00  INF]  Request starting HTTP/2 GET https://localhost:44317/_vs/browserLink - -
[2023-07-14 10:49:17.275 +01:00  INF]  Request finished HTTP/2 GET https://localhost:44317/index.html - - - 200 - text/html;charset=utf-8 550.8149ms
[2023-07-14 10:49:17.284 +01:00  INF]  Request finished HTTP/2 GET https://localhost:44317/_framework/aspnetcore-browser-refresh.js - - - 200 12014 application/javascript;+charset=utf-8 21.4544ms
[2023-07-14 10:49:17.357 +01:00  INF]  Request finished HTTP/2 GET https://localhost:44317/_vs/browserLink - - - 200 - text/javascript;+charset=UTF-8 95.1648ms
[2023-07-14 10:49:17.412 +01:00  INF]  Request starting HTTP/2 GET https://localhost:44317/swagger/v1/swagger.json - -
[2023-07-14 10:49:17.641 +01:00  INF]  Request finished HTTP/2 GET https://localhost:44317/swagger/v1/swagger.json - - - 200 - application/json;charset=utf-8 228.9806ms
[2023-07-14 10:51:44.172 +01:00  INF]  Request starting HTTP/2 GET https://localhost:44317/api/Employee/GetEmployeebyCompanyId?CompanyID=1 - -
[2023-07-14 10:51:44.647 +01:00  INF]  Successfully validated the token.
[2023-07-14 10:51:44.660 +01:00  INF]  Executing endpoint 'Com.XpressPayments.Api.Controllers.EmployeeController.GetEmployeebyCompanyId (Com.XpressPayments.Api)'
[2023-07-14 10:51:44.693 +01:00  INF]  Route matched with {action = "GetEmployeebyCompanyId", controller = "Employee"}. Executing controller action with signature System.Threading.Tasks.Task`1[Microsoft.AspNetCore.Mvc.IActionResult] GetEmployeebyCompanyId(Int64) on controller Com.XpressPayments.Api.Controllers.EmployeeController (Com.XpressPayments.Api).
[2023-07-14 11:21:52.214 +01:00  INF]  User profile is available. Using 'C:\Users\olajumoke.owolabi\AppData\Local\ASP.NET\DataProtection-Keys' as key repository and Windows DPAPI to encrypt keys at rest.
[2023-07-14 11:21:52.571 +01:00  INF]  Application started. Press Ctrl+C to shut down.
[2023-07-14 11:21:52.572 +01:00  INF]  Hosting environment: Development
[2023-07-14 11:21:52.572 +01:00  INF]  Content root path: C:\Users\olajumoke.owolabi\source\repos\hrms-be-backend\Com.XpressPayments.Api\
[2023-07-14 11:21:52.666 +01:00  INF]  Request starting HTTP/2 GET https://localhost:44317/index.html - -
[2023-07-14 11:21:53.509 +01:00  INF]  Request starting HTTP/2 GET https://localhost:44317/_framework/aspnetcore-browser-refresh.js - -
[2023-07-14 11:21:53.513 +01:00  INF]  Request starting HTTP/2 GET https://localhost:44317/_vs/browserLink - -
[2023-07-14 11:21:53.526 +01:00  INF]  Request finished HTTP/2 GET https://localhost:44317/index.html - - - 200 - text/html;charset=utf-8 857.9671ms
[2023-07-14 11:21:53.526 +01:00  INF]  Request finished HTTP/2 GET https://localhost:44317/_framework/aspnetcore-browser-refresh.js - - - 200 12014 application/javascript;+charset=utf-8 11.7370ms
[2023-07-14 11:21:53.603 +01:00  INF]  Request finished HTTP/2 GET https://localhost:44317/_vs/browserLink - - - 200 - text/javascript;+charset=UTF-8 90.6567ms
[2023-07-14 11:21:53.673 +01:00  INF]  Request starting HTTP/2 GET https://localhost:44317/swagger/v1/swagger.json - -
[2023-07-14 11:21:53.983 +01:00  INF]  Request finished HTTP/2 GET https://localhost:44317/swagger/v1/swagger.json - - - 200 - application/json;charset=utf-8 310.1463ms
[2023-07-14 11:22:34.831 +01:00  INF]  Request starting HTTP/2 GET https://localhost:44317/api/Employee/GetEmployeebyCompanyId?CompanyID=37 - -
[2023-07-14 11:22:35.357 +01:00  INF]  Failed to validate the token.
Microsoft.IdentityModel.Tokens.SecurityTokenExpiredException: IDX10223: Lifetime validation failed. The token is expired. ValidTo: '14/07/2023 09:51:56', Current time: '14/07/2023 10:22:35'.
   at Microsoft.IdentityModel.Tokens.Validators.ValidateLifetime(Nullable`1 notBefore, Nullable`1 expires, SecurityToken securityToken, TokenValidationParameters validationParameters)
   at System.IdentityModel.Tokens.Jwt.JwtSecurityTokenHandler.ValidateTokenPayload(JwtSecurityToken jwtToken, TokenValidationParameters validationParameters, BaseConfiguration configuration)
   at System.IdentityModel.Tokens.Jwt.JwtSecurityTokenHandler.ValidateJWS(String token, TokenValidationParameters validationParameters, BaseConfiguration currentConfiguration, SecurityToken& signatureValidatedToken, ExceptionDispatchInfo& exceptionThrown)
--- End of stack trace from previous location ---
   at System.IdentityModel.Tokens.Jwt.JwtSecurityTokenHandler.ValidateToken(String token, JwtSecurityToken outerToken, TokenValidationParameters validationParameters, SecurityToken& signatureValidatedToken)
   at System.IdentityModel.Tokens.Jwt.JwtSecurityTokenHandler.ValidateToken(String token, TokenValidationParameters validationParameters, SecurityToken& validatedToken)
   at Microsoft.AspNetCore.Authentication.JwtBearer.JwtBearerHandler.HandleAuthenticateAsync()
[2023-07-14 11:22:35.528 +01:00  INF]  Bearer was not authenticated. Failure message: IDX10223: Lifetime validation failed. The token is expired. ValidTo: '14/07/2023 09:51:56', Current time: '14/07/2023 10:22:35'.
[2023-07-14 11:22:35.538 +01:00  INF]  Authorization failed. These requirements were not met:
DenyAnonymousAuthorizationRequirement: Requires an authenticated user.
[2023-07-14 11:22:35.554 +01:00  INF]  AuthenticationScheme: Bearer was challenged.
[2023-07-14 11:22:35.556 +01:00  INF]  Request finished HTTP/2 GET https://localhost:44317/api/Employee/GetEmployeebyCompanyId?CompanyID=37 - - - 401 - - 725.1209ms
[2023-07-14 11:22:41.957 +01:00  INF]  Request starting HTTP/2 GET https://localhost:44317/api/Employee/GetEmployeebyCompanyId?CompanyID=1 - -
[2023-07-14 11:22:41.967 +01:00  INF]  Failed to validate the token.
Microsoft.IdentityModel.Tokens.SecurityTokenExpiredException: IDX10223: Lifetime validation failed. The token is expired. ValidTo: '14/07/2023 09:51:56', Current time: '14/07/2023 10:22:41'.
   at Microsoft.IdentityModel.Tokens.Validators.ValidateLifetime(Nullable`1 notBefore, Nullable`1 expires, SecurityToken securityToken, TokenValidationParameters validationParameters)
   at System.IdentityModel.Tokens.Jwt.JwtSecurityTokenHandler.ValidateTokenPayload(JwtSecurityToken jwtToken, TokenValidationParameters validationParameters, BaseConfiguration configuration)
   at System.IdentityModel.Tokens.Jwt.JwtSecurityTokenHandler.ValidateJWS(String token, TokenValidationParameters validationParameters, BaseConfiguration currentConfiguration, SecurityToken& signatureValidatedToken, ExceptionDispatchInfo& exceptionThrown)
--- End of stack trace from previous location ---
   at System.IdentityModel.Tokens.Jwt.JwtSecurityTokenHandler.ValidateToken(String token, JwtSecurityToken outerToken, TokenValidationParameters validationParameters, SecurityToken& signatureValidatedToken)
   at System.IdentityModel.Tokens.Jwt.JwtSecurityTokenHandler.ValidateToken(String token, TokenValidationParameters validationParameters, SecurityToken& validatedToken)
   at Microsoft.AspNetCore.Authentication.JwtBearer.JwtBearerHandler.HandleAuthenticateAsync()
[2023-07-14 11:22:41.967 +01:00  INF]  Bearer was not authenticated. Failure message: IDX10223: Lifetime validation failed. The token is expired. ValidTo: '14/07/2023 09:51:56', Current time: '14/07/2023 10:22:41'.
[2023-07-14 11:22:41.968 +01:00  INF]  Authorization failed. These requirements were not met:
DenyAnonymousAuthorizationRequirement: Requires an authenticated user.
[2023-07-14 11:22:41.969 +01:00  INF]  AuthenticationScheme: Bearer was challenged.
[2023-07-14 11:22:41.970 +01:00  INF]  Request finished HTTP/2 GET https://localhost:44317/api/Employee/GetEmployeebyCompanyId?CompanyID=1 - - - 401 - - 12.6770ms
[2023-07-14 11:22:44.089 +01:00  INF]  Request starting HTTP/2 GET https://localhost:44317/api/Employee/GetEmployeebyCompanyId?CompanyID=1 - -
[2023-07-14 11:22:44.091 +01:00  INF]  Failed to validate the token.
Microsoft.IdentityModel.Tokens.SecurityTokenExpiredException: IDX10223: Lifetime validation failed. The token is expired. ValidTo: '14/07/2023 09:51:56', Current time: '14/07/2023 10:22:44'.
   at Microsoft.IdentityModel.Tokens.Validators.ValidateLifetime(Nullable`1 notBefore, Nullable`1 expires, SecurityToken securityToken, TokenValidationParameters validationParameters)
   at System.IdentityModel.Tokens.Jwt.JwtSecurityTokenHandler.ValidateTokenPayload(JwtSecurityToken jwtToken, TokenValidationParameters validationParameters, BaseConfiguration configuration)
   at System.IdentityModel.Tokens.Jwt.JwtSecurityTokenHandler.ValidateJWS(String token, TokenValidationParameters validationParameters, BaseConfiguration currentConfiguration, SecurityToken& signatureValidatedToken, ExceptionDispatchInfo& exceptionThrown)
--- End of stack trace from previous location ---
   at System.IdentityModel.Tokens.Jwt.JwtSecurityTokenHandler.ValidateToken(String token, JwtSecurityToken outerToken, TokenValidationParameters validationParameters, SecurityToken& signatureValidatedToken)
   at System.IdentityModel.Tokens.Jwt.JwtSecurityTokenHandler.ValidateToken(String token, TokenValidationParameters validationParameters, SecurityToken& validatedToken)
   at Microsoft.AspNetCore.Authentication.JwtBearer.JwtBearerHandler.HandleAuthenticateAsync()
[2023-07-14 11:22:44.092 +01:00  INF]  Bearer was not authenticated. Failure message: IDX10223: Lifetime validation failed. The token is expired. ValidTo: '14/07/2023 09:51:56', Current time: '14/07/2023 10:22:44'.
[2023-07-14 11:22:44.093 +01:00  INF]  Authorization failed. These requirements were not met:
DenyAnonymousAuthorizationRequirement: Requires an authenticated user.
[2023-07-14 11:22:44.093 +01:00  INF]  AuthenticationScheme: Bearer was challenged.
[2023-07-14 11:22:44.094 +01:00  INF]  Request finished HTTP/2 GET https://localhost:44317/api/Employee/GetEmployeebyCompanyId?CompanyID=1 - - - 401 - - 4.8999ms
[2023-07-14 11:27:20.524 +01:00  INF]  Request starting HTTP/2 POST https://localhost:44317/api/Auth/Logout application/json 48
[2023-07-14 11:27:20.561 +01:00  INF]  CORS policy execution successful.
[2023-07-14 11:27:20.567 +01:00  INF]  Executing endpoint 'Com.XpressPayments.Api.Controllers.AuthController.Logout (Com.XpressPayments.Api)'
[2023-07-14 11:27:20.602 +01:00  INF]  Route matched with {action = "Logout", controller = "Auth"}. Executing controller action with signature System.Threading.Tasks.Task`1[Microsoft.AspNetCore.Mvc.IActionResult] Logout(Com.XpressPayments.Data.DTOs.Account.LogoutDto) on controller Com.XpressPayments.Api.Controllers.AuthController (Com.XpressPayments.Api).
[2023-07-14 11:27:22.233 +01:00  INF]  Executing OkObjectResult, writing value of type 'Com.XpressPayments.Data.GenericResponse.BaseResponse'.
[2023-07-14 11:27:22.250 +01:00  INF]  Executed action Com.XpressPayments.Api.Controllers.AuthController.Logout (Com.XpressPayments.Api) in 1638.223ms
[2023-07-14 11:27:22.257 +01:00  INF]  Executed endpoint 'Com.XpressPayments.Api.Controllers.AuthController.Logout (Com.XpressPayments.Api)'
[2023-07-14 11:27:22.259 +01:00  INF]  Request finished HTTP/2 POST https://localhost:44317/api/Auth/Logout application/json 48 - 200 - application/json;+charset=utf-8 1734.9201ms
[2023-07-14 11:27:41.634 +01:00  INF]  Request starting HTTP/2 POST https://localhost:44317/api/Auth/Login application/json 82
[2023-07-14 11:27:41.638 +01:00  INF]  CORS policy execution successful.
[2023-07-14 11:27:41.639 +01:00  INF]  Executing endpoint 'Com.XpressPayments.Api.Controllers.AuthController.Login (Com.XpressPayments.Api)'
[2023-07-14 11:27:41.643 +01:00  INF]  Route matched with {action = "Login", controller = "Auth"}. Executing controller action with signature System.Threading.Tasks.Task`1[Microsoft.AspNetCore.Mvc.IActionResult] Login(Com.XpressPayments.Bussiness.ViewModels.LoginModel) on controller Com.XpressPayments.Api.Controllers.AuthController (Com.XpressPayments.Api).
[2023-07-14 11:27:46.961 +01:00  INF]  Executing OkObjectResult, writing value of type 'Com.XpressPayments.Data.GenericResponse.LoginResponse'.
[2023-07-14 11:27:46.969 +01:00  INF]  Executed action Com.XpressPayments.Api.Controllers.AuthController.Login (Com.XpressPayments.Api) in 5326.6391ms
[2023-07-14 11:27:46.969 +01:00  INF]  Executed endpoint 'Com.XpressPayments.Api.Controllers.AuthController.Login (Com.XpressPayments.Api)'
[2023-07-14 11:27:46.970 +01:00  INF]  Request finished HTTP/2 POST https://localhost:44317/api/Auth/Login application/json 82 - 200 - application/json;+charset=utf-8 5335.3409ms
[2023-07-14 11:28:43.002 +01:00  INF]  Request starting HTTP/2 GET https://localhost:44317/api/Employee/GetEmployeebyCompanyId?CompanyID=1 - -
[2023-07-14 11:28:43.023 +01:00  INF]  Successfully validated the token.
[2023-07-14 11:28:43.024 +01:00  INF]  Executing endpoint 'Com.XpressPayments.Api.Controllers.EmployeeController.GetEmployeebyCompanyId (Com.XpressPayments.Api)'
[2023-07-14 11:28:43.028 +01:00  INF]  Route matched with {action = "GetEmployeebyCompanyId", controller = "Employee"}. Executing controller action with signature System.Threading.Tasks.Task`1[Microsoft.AspNetCore.Mvc.IActionResult] GetEmployeebyCompanyId(Int64) on controller Com.XpressPayments.Api.Controllers.EmployeeController (Com.XpressPayments.Api).
[2023-07-14 11:32:12.412 +01:00  INF]  Executing OkObjectResult, writing value of type 'Com.XpressPayments.Data.GenericResponse.BaseResponse'.
[2023-07-14 11:32:12.562 +01:00  INF]  Executed action Com.XpressPayments.Api.Controllers.EmployeeController.GetEmployeebyCompanyId (Com.XpressPayments.Api) in 209534.3039ms
[2023-07-14 11:32:12.563 +01:00  INF]  Executed endpoint 'Com.XpressPayments.Api.Controllers.EmployeeController.GetEmployeebyCompanyId (Com.XpressPayments.Api)'
[2023-07-14 11:32:12.564 +01:00  INF]  Request finished HTTP/2 GET https://localhost:44317/api/Employee/GetEmployeebyCompanyId?CompanyID=1 - - - 200 - application/json;+charset=utf-8 209562.3661ms
[2023-07-14 11:32:24.125 +01:00  INF]  Request starting HTTP/2 GET https://localhost:44317/api/Employee/GetEmployeebyCompanyId?CompanyID=1 - -
[2023-07-14 11:32:24.126 +01:00  INF]  Successfully validated the token.
[2023-07-14 11:32:24.127 +01:00  INF]  Executing endpoint 'Com.XpressPayments.Api.Controllers.EmployeeController.GetEmployeebyCompanyId (Com.XpressPayments.Api)'
[2023-07-14 11:32:24.130 +01:00  INF]  Route matched with {action = "GetEmployeebyCompanyId", controller = "Employee"}. Executing controller action with signature System.Threading.Tasks.Task`1[Microsoft.AspNetCore.Mvc.IActionResult] GetEmployeebyCompanyId(Int64) on controller Com.XpressPayments.Api.Controllers.EmployeeController (Com.XpressPayments.Api).
[2023-07-14 11:39:45.983 +01:00  INF]  User profile is available. Using 'C:\Users\olajumoke.owolabi\AppData\Local\ASP.NET\DataProtection-Keys' as key repository and Windows DPAPI to encrypt keys at rest.
[2023-07-14 11:39:46.245 +01:00  INF]  Application started. Press Ctrl+C to shut down.
[2023-07-14 11:39:46.245 +01:00  INF]  Hosting environment: Development
[2023-07-14 11:39:46.245 +01:00  INF]  Content root path: C:\Users\olajumoke.owolabi\source\repos\hrms-be-backend\Com.XpressPayments.Api\
[2023-07-14 11:39:46.300 +01:00  INF]  Request starting HTTP/2 GET https://localhost:44317/index.html - -
[2023-07-14 11:39:46.966 +01:00  INF]  Request starting HTTP/2 GET https://localhost:44317/_framework/aspnetcore-browser-refresh.js - -
[2023-07-14 11:39:46.978 +01:00  INF]  Request starting HTTP/2 GET https://localhost:44317/_vs/browserLink - -
[2023-07-14 11:39:46.994 +01:00  INF]  Request finished HTTP/2 GET https://localhost:44317/index.html - - - 200 - text/html;charset=utf-8 695.3575ms
[2023-07-14 11:39:46.995 +01:00  INF]  Request finished HTTP/2 GET https://localhost:44317/_framework/aspnetcore-browser-refresh.js - - - 200 12014 application/javascript;+charset=utf-8 28.3085ms
[2023-07-14 11:39:47.231 +01:00  INF]  Request finished HTTP/2 GET https://localhost:44317/_vs/browserLink - - - 200 - text/javascript;+charset=UTF-8 253.3952ms
[2023-07-14 11:39:47.316 +01:00  INF]  Request starting HTTP/2 GET https://localhost:44317/swagger/v1/swagger.json - -
[2023-07-14 11:39:47.956 +01:00  INF]  Request finished HTTP/2 GET https://localhost:44317/swagger/v1/swagger.json - - - 200 - application/json;charset=utf-8 639.3811ms
[2023-07-14 11:40:05.670 +01:00  INF]  Request starting HTTP/2 GET https://localhost:44317/api/Employee/GetEmployeebyCompanyId?CompanyID=1 - -
[2023-07-14 11:40:06.063 +01:00  INF]  Successfully validated the token.
[2023-07-14 11:40:06.079 +01:00  INF]  Executing endpoint 'Com.XpressPayments.Api.Controllers.EmployeeController.GetEmployeebyCompanyId (Com.XpressPayments.Api)'
[2023-07-14 11:40:06.121 +01:00  INF]  Route matched with {action = "GetEmployeebyCompanyId", controller = "Employee"}. Executing controller action with signature System.Threading.Tasks.Task`1[Microsoft.AspNetCore.Mvc.IActionResult] GetEmployeebyCompanyId(Int64) on controller Com.XpressPayments.Api.Controllers.EmployeeController (Com.XpressPayments.Api).
[2023-07-14 11:45:03.562 +01:00  INF]  Executing OkObjectResult, writing value of type 'Com.XpressPayments.Data.GenericResponse.BaseResponse'.
[2023-07-14 11:45:03.660 +01:00  INF]  Executed action Com.XpressPayments.Api.Controllers.EmployeeController.GetEmployeebyCompanyId (Com.XpressPayments.Api) in 297513.996ms
[2023-07-14 11:45:03.667 +01:00  INF]  Executed endpoint 'Com.XpressPayments.Api.Controllers.EmployeeController.GetEmployeebyCompanyId (Com.XpressPayments.Api)'
[2023-07-14 11:45:03.672 +01:00  INF]  Request finished HTTP/2 GET https://localhost:44317/api/Employee/GetEmployeebyCompanyId?CompanyID=1 - - - 200 - application/json;+charset=utf-8 297983.6113ms
[2023-07-14 11:45:48.124 +01:00  INF]  User profile is available. Using 'C:\Users\olajumoke.owolabi\AppData\Local\ASP.NET\DataProtection-Keys' as key repository and Windows DPAPI to encrypt keys at rest.
[2023-07-14 11:45:48.383 +01:00  INF]  Application started. Press Ctrl+C to shut down.
[2023-07-14 11:45:48.384 +01:00  INF]  Hosting environment: Development
[2023-07-14 11:45:48.384 +01:00  INF]  Content root path: C:\Users\olajumoke.owolabi\source\repos\hrms-be-backend\Com.XpressPayments.Api\
[2023-07-14 11:45:48.435 +01:00  INF]  Request starting HTTP/2 GET https://localhost:44317/index.html - -
[2023-07-14 11:45:48.986 +01:00  INF]  Request starting HTTP/2 GET https://localhost:44317/_framework/aspnetcore-browser-refresh.js - -
[2023-07-14 11:45:48.987 +01:00  INF]  Request starting HTTP/2 GET https://localhost:44317/_vs/browserLink - -
[2023-07-14 11:45:48.996 +01:00  INF]  Request finished HTTP/2 GET https://localhost:44317/index.html - - - 200 - text/html;charset=utf-8 561.6888ms
[2023-07-14 11:45:49.001 +01:00  INF]  Request finished HTTP/2 GET https://localhost:44317/_framework/aspnetcore-browser-refresh.js - - - 200 12014 application/javascript;+charset=utf-8 13.8905ms
[2023-07-14 11:45:49.078 +01:00  INF]  Request finished HTTP/2 GET https://localhost:44317/_vs/browserLink - - - 200 - text/javascript;+charset=UTF-8 90.3303ms
[2023-07-14 11:45:49.151 +01:00  INF]  Request starting HTTP/2 GET https://localhost:44317/swagger/v1/swagger.json - -
[2023-07-14 11:45:49.421 +01:00  INF]  Request finished HTTP/2 GET https://localhost:44317/swagger/v1/swagger.json - - - 200 - application/json;charset=utf-8 270.9394ms
[2023-07-14 11:46:29.244 +01:00  INF]  Request starting HTTP/2 GET https://localhost:44317/api/Employee/GetEmployeebyCompanyId?CompanyID=1 - -
[2023-07-14 11:46:29.672 +01:00  INF]  Successfully validated the token.
[2023-07-14 11:46:29.688 +01:00  INF]  Executing endpoint 'Com.XpressPayments.Api.Controllers.EmployeeController.GetEmployeebyCompanyId (Com.XpressPayments.Api)'
[2023-07-14 11:46:29.729 +01:00  INF]  Route matched with {action = "GetEmployeebyCompanyId", controller = "Employee"}. Executing controller action with signature System.Threading.Tasks.Task`1[Microsoft.AspNetCore.Mvc.IActionResult] GetEmployeebyCompanyId(Int64) on controller Com.XpressPayments.Api.Controllers.EmployeeController (Com.XpressPayments.Api).
[2023-07-14 11:46:48.848 +01:00  INF]  Executing OkObjectResult, writing value of type 'Com.XpressPayments.Data.GenericResponse.BaseResponse'.
[2023-07-14 11:46:48.904 +01:00  INF]  Executed action Com.XpressPayments.Api.Controllers.EmployeeController.GetEmployeebyCompanyId (Com.XpressPayments.Api) in 19167.6873ms
[2023-07-14 11:46:48.910 +01:00  INF]  Executed endpoint 'Com.XpressPayments.Api.Controllers.EmployeeController.GetEmployeebyCompanyId (Com.XpressPayments.Api)'
[2023-07-14 11:46:48.912 +01:00  INF]  Request finished HTTP/2 GET https://localhost:44317/api/Employee/GetEmployeebyCompanyId?CompanyID=1 - - - 200 - application/json;+charset=utf-8 19667.6065ms
[2023-07-14 22:39:05.118 +01:00  INF]  User profile is available. Using 'C:\Users\olajumoke.owolabi\AppData\Local\ASP.NET\DataProtection-Keys' as key repository and Windows DPAPI to encrypt keys at rest.
[2023-07-14 22:39:05.537 +01:00  INF]  Application started. Press Ctrl+C to shut down.
[2023-07-14 22:39:05.537 +01:00  INF]  Hosting environment: Development
[2023-07-14 22:39:05.537 +01:00  INF]  Content root path: C:\Users\olajumoke.owolabi\source\repos\hrms-be-backend\Com.XpressPayments.Api\
[2023-07-14 22:39:05.621 +01:00  INF]  Request starting HTTP/2 GET https://localhost:44317/index.html - -
[2023-07-14 22:39:06.508 +01:00  INF]  Request starting HTTP/2 GET https://localhost:44317/_framework/aspnetcore-browser-refresh.js - -
[2023-07-14 22:39:06.510 +01:00  INF]  Request finished HTTP/2 GET https://localhost:44317/index.html - - - 200 - text/html;charset=utf-8 891.9728ms
[2023-07-14 22:39:06.522 +01:00  INF]  Request finished HTTP/2 GET https://localhost:44317/_framework/aspnetcore-browser-refresh.js - - - 200 12014 application/javascript;+charset=utf-8 7.9004ms
[2023-07-14 22:39:06.526 +01:00  INF]  Request starting HTTP/2 GET https://localhost:44317/_vs/browserLink - -
[2023-07-14 22:39:06.598 +01:00  INF]  Request finished HTTP/2 GET https://localhost:44317/_vs/browserLink - - - 200 - text/javascript;+charset=UTF-8 72.2137ms
[2023-07-14 22:39:06.664 +01:00  INF]  Request starting HTTP/2 GET https://localhost:44317/swagger/v1/swagger.json - -
[2023-07-14 22:39:06.898 +01:00  INF]  Request finished HTTP/2 GET https://localhost:44317/swagger/v1/swagger.json - - - 200 - application/json;charset=utf-8 234.0501ms
