[2023-07-06 11:43:46.493 +01:00  INF]  User profile is available. Using 'C:\Users\olajumoke.owolabi\AppData\Local\ASP.NET\DataProtection-Keys' as key repository and Windows DPAPI to encrypt keys at rest.
[2023-07-06 11:43:46.997 +01:00  INF]  Application started. Press Ctrl+C to shut down.
[2023-07-06 11:43:46.998 +01:00  INF]  Hosting environment: Development
[2023-07-06 11:43:46.998 +01:00  INF]  Content root path: C:\Users\olajumoke.owolabi\source\repos\hrms-be-backend\Com.XpressPayments.Api\
[2023-07-06 11:43:47.107 +01:00  INF]  Request starting HTTP/2 GET https://localhost:44317/index.html - -
[2023-07-06 11:43:48.758 +01:00  INF]  Request finished HTTP/2 GET https://localhost:44317/index.html - - - 200 - text/html;charset=utf-8 1660.0136ms
[2023-07-06 11:43:48.856 +01:00  INF]  Request starting HTTP/2 GET https://localhost:44317/_framework/aspnetcore-browser-refresh.js - -
[2023-07-06 11:43:48.877 +01:00  INF]  Request finished HTTP/2 GET https://localhost:44317/_framework/aspnetcore-browser-refresh.js - - - 200 12014 application/javascript;+charset=utf-8 13.1555ms
[2023-07-06 11:43:48.907 +01:00  INF]  Request starting HTTP/2 GET https://localhost:44317/_vs/browserLink - -
[2023-07-06 11:43:48.997 +01:00  INF]  Request finished HTTP/2 GET https://localhost:44317/_vs/browserLink - - - 200 - text/javascript;+charset=UTF-8 89.8072ms
[2023-07-06 11:43:49.086 +01:00  INF]  Request starting HTTP/2 GET https://localhost:44317/swagger/v1/swagger.json - -
[2023-07-06 11:43:49.488 +01:00  INF]  Request finished HTTP/2 GET https://localhost:44317/swagger/v1/swagger.json - - - 200 - application/json;charset=utf-8 401.7258ms
[2023-07-06 11:44:08.860 +01:00  INF]  Request starting HTTP/2 POST https://localhost:44317/api/Auth/Logout application/json 41
[2023-07-06 11:44:08.938 +01:00  INF]  CORS policy execution successful.
[2023-07-06 11:44:11.739 +01:00  INF]  Executing endpoint 'Com.XpressPayments.Api.Controllers.AuthController.Logout (Com.XpressPayments.Api)'
[2023-07-06 11:44:12.401 +01:00  INF]  Route matched with {action = "Logout", controller = "Auth"}. Executing controller action with signature System.Threading.Tasks.Task`1[Microsoft.AspNetCore.Mvc.IActionResult] Logout(Com.XpressPayments.Data.DTOs.Account.LogoutDto) on controller Com.XpressPayments.Api.Controllers.AuthController (Com.XpressPayments.Api).
[2023-07-06 11:44:17.531 +01:00  INF]  Executing OkObjectResult, writing value of type 'Com.XpressPayments.Data.GenericResponse.BaseResponse'.
[2023-07-06 11:44:17.547 +01:00  INF]  Executed action Com.XpressPayments.Api.Controllers.AuthController.Logout (Com.XpressPayments.Api) in 5137.3049ms
[2023-07-06 11:44:17.555 +01:00  INF]  Executed endpoint 'Com.XpressPayments.Api.Controllers.AuthController.Logout (Com.XpressPayments.Api)'
[2023-07-06 11:44:17.558 +01:00  INF]  Request finished HTTP/2 POST https://localhost:44317/api/Auth/Logout application/json 41 - 200 - application/json;+charset=utf-8 8698.1472ms
[2023-07-06 11:44:29.773 +01:00  INF]  Request starting HTTP/2 POST https://localhost:44317/api/Auth/Login application/json 75
[2023-07-06 11:44:29.790 +01:00  INF]  CORS policy execution successful.
[2023-07-06 11:44:29.806 +01:00  INF]  Executing endpoint 'Com.XpressPayments.Api.Controllers.AuthController.Login (Com.XpressPayments.Api)'
[2023-07-06 11:44:29.821 +01:00  INF]  Route matched with {action = "Login", controller = "Auth"}. Executing controller action with signature System.Threading.Tasks.Task`1[Microsoft.AspNetCore.Mvc.IActionResult] Login(Com.XpressPayments.Bussiness.ViewModels.LoginModel) on controller Com.XpressPayments.Api.Controllers.AuthController (Com.XpressPayments.Api).
[2023-07-06 11:44:33.315 +01:00  INF]  Executing OkObjectResult, writing value of type 'Com.XpressPayments.Data.GenericResponse.LoginResponse'.
[2023-07-06 11:44:33.349 +01:00  INF]  Executed action Com.XpressPayments.Api.Controllers.AuthController.Login (Com.XpressPayments.Api) in 3528.2468ms
[2023-07-06 11:44:33.349 +01:00  INF]  Executed endpoint 'Com.XpressPayments.Api.Controllers.AuthController.Login (Com.XpressPayments.Api)'
[2023-07-06 11:44:33.350 +01:00  INF]  Request finished HTTP/2 POST https://localhost:44317/api/Auth/Login application/json 75 - 200 - application/json;+charset=utf-8 3576.5374ms
[2023-07-06 11:44:59.630 +01:00  INF]  Request starting HTTP/2 GET https://localhost:44317/api/LeaveType/GetAllLeaveType - -
[2023-07-06 11:44:59.887 +01:00  INF]  Successfully validated the token.
[2023-07-06 11:44:59.902 +01:00  INF]  Executing endpoint 'Com.XpressPayments.Api.LeaveModuleController.Controller.LeaveTypeController.GetAllLeaveType (Com.XpressPayments.Api)'
[2023-07-06 11:44:59.906 +01:00  INF]  Route matched with {action = "GetAllLeaveType", controller = "LeaveType"}. Executing controller action with signature System.Threading.Tasks.Task`1[Microsoft.AspNetCore.Mvc.IActionResult] GetAllLeaveType() on controller Com.XpressPayments.Api.LeaveModuleController.Controller.LeaveTypeController (Com.XpressPayments.Api).
[2023-07-06 11:45:02.987 +01:00  INF]  Executing OkObjectResult, writing value of type 'Com.XpressPayments.Data.GenericResponse.BaseResponse'.
[2023-07-06 11:45:02.995 +01:00  INF]  Executed action Com.XpressPayments.Api.LeaveModuleController.Controller.LeaveTypeController.GetAllLeaveType (Com.XpressPayments.Api) in 3088.716ms
[2023-07-06 11:45:02.995 +01:00  INF]  Executed endpoint 'Com.XpressPayments.Api.LeaveModuleController.Controller.LeaveTypeController.GetAllLeaveType (Com.XpressPayments.Api)'
[2023-07-06 11:45:02.999 +01:00  INF]  Request finished HTTP/2 GET https://localhost:44317/api/LeaveType/GetAllLeaveType - - - 200 - application/json;+charset=utf-8 3368.7715ms
[2023-07-06 11:45:32.969 +01:00  INF]  Request starting HTTP/2 POST https://localhost:44317/api/LeaveType/CreateLeaveType application/json 108
[2023-07-06 11:45:32.974 +01:00  INF]  CORS policy execution successful.
[2023-07-06 11:45:32.975 +01:00  INF]  Successfully validated the token.
[2023-07-06 11:45:32.979 +01:00  INF]  Executing endpoint 'Com.XpressPayments.Api.LeaveModuleController.Controller.LeaveTypeController.CreateLeaveType (Com.XpressPayments.Api)'
[2023-07-06 11:45:32.995 +01:00  INF]  Route matched with {action = "CreateLeaveType", controller = "LeaveType"}. Executing controller action with signature System.Threading.Tasks.Task`1[Microsoft.AspNetCore.Mvc.IActionResult] CreateLeaveType(Com.XpressPayments.Data.LeaveModuleDTO.DTO.CreateLeaveTypeDTO) on controller Com.XpressPayments.Api.LeaveModuleController.Controller.LeaveTypeController (Com.XpressPayments.Api).
[2023-07-06 11:45:44.511 +01:00  INF]  Executing OkObjectResult, writing value of type 'Com.XpressPayments.Data.GenericResponse.BaseResponse'.
[2023-07-06 11:45:44.512 +01:00  INF]  Executed action Com.XpressPayments.Api.LeaveModuleController.Controller.LeaveTypeController.CreateLeaveType (Com.XpressPayments.Api) in 11516.5538ms
[2023-07-06 11:45:44.512 +01:00  INF]  Executed endpoint 'Com.XpressPayments.Api.LeaveModuleController.Controller.LeaveTypeController.CreateLeaveType (Com.XpressPayments.Api)'
[2023-07-06 11:45:44.513 +01:00  INF]  Request finished HTTP/2 POST https://localhost:44317/api/LeaveType/CreateLeaveType application/json 108 - 200 - application/json;+charset=utf-8 11543.3120ms
[2023-07-06 11:47:43.023 +01:00  INF]  User profile is available. Using 'C:\Users\olajumoke.owolabi\AppData\Local\ASP.NET\DataProtection-Keys' as key repository and Windows DPAPI to encrypt keys at rest.
[2023-07-06 11:47:43.393 +01:00  INF]  Application started. Press Ctrl+C to shut down.
[2023-07-06 11:47:43.403 +01:00  INF]  Hosting environment: Development
[2023-07-06 11:47:43.403 +01:00  INF]  Content root path: C:\Users\olajumoke.owolabi\source\repos\hrms-be-backend\Com.XpressPayments.Api\
[2023-07-06 11:47:43.467 +01:00  INF]  Request starting HTTP/2 GET https://localhost:44317/index.html - -
[2023-07-06 11:47:44.227 +01:00  INF]  Request starting HTTP/2 GET https://localhost:44317/_framework/aspnetcore-browser-refresh.js - -
[2023-07-06 11:47:44.228 +01:00  INF]  Request finished HTTP/2 GET https://localhost:44317/index.html - - - 200 - text/html;charset=utf-8 768.3207ms
[2023-07-06 11:47:44.245 +01:00  INF]  Request finished HTTP/2 GET https://localhost:44317/_framework/aspnetcore-browser-refresh.js - - - 200 12014 application/javascript;+charset=utf-8 17.4698ms
[2023-07-06 11:47:44.251 +01:00  INF]  Request starting HTTP/2 GET https://localhost:44317/_vs/browserLink - -
[2023-07-06 11:47:44.331 +01:00  INF]  Request finished HTTP/2 GET https://localhost:44317/_vs/browserLink - - - 200 - text/javascript;+charset=UTF-8 78.4275ms
[2023-07-06 11:47:44.401 +01:00  INF]  Request starting HTTP/2 GET https://localhost:44317/swagger/v1/swagger.json - -
[2023-07-06 11:47:44.698 +01:00  INF]  Request finished HTTP/2 GET https://localhost:44317/swagger/v1/swagger.json - - - 200 - application/json;charset=utf-8 297.6937ms
[2023-07-06 11:48:16.787 +01:00  INF]  Request starting HTTP/2 POST https://localhost:44317/api/LeaveType/CreateLeaveType application/json 103
[2023-07-06 11:48:16.885 +01:00  INF]  CORS policy execution successful.
[2023-07-06 11:48:17.724 +01:00  INF]  Successfully validated the token.
[2023-07-06 11:48:17.746 +01:00  INF]  Executing endpoint 'Com.XpressPayments.Api.LeaveModuleController.Controller.LeaveTypeController.CreateLeaveType (Com.XpressPayments.Api)'
[2023-07-06 11:48:17.830 +01:00  INF]  Route matched with {action = "CreateLeaveType", controller = "LeaveType"}. Executing controller action with signature System.Threading.Tasks.Task`1[Microsoft.AspNetCore.Mvc.IActionResult] CreateLeaveType(Com.XpressPayments.Data.LeaveModuleDTO.DTO.CreateLeaveTypeDTO) on controller Com.XpressPayments.Api.LeaveModuleController.Controller.LeaveTypeController (Com.XpressPayments.Api).
[2023-07-06 11:48:35.966 +01:00  INF]  Executing OkObjectResult, writing value of type 'Com.XpressPayments.Data.GenericResponse.BaseResponse'.
[2023-07-06 11:48:35.988 +01:00  INF]  Executed action Com.XpressPayments.Api.LeaveModuleController.Controller.LeaveTypeController.CreateLeaveType (Com.XpressPayments.Api) in 18150.6538ms
[2023-07-06 11:48:35.994 +01:00  INF]  Executed endpoint 'Com.XpressPayments.Api.LeaveModuleController.Controller.LeaveTypeController.CreateLeaveType (Com.XpressPayments.Api)'
[2023-07-06 11:48:35.996 +01:00  INF]  Request finished HTTP/2 POST https://localhost:44317/api/LeaveType/CreateLeaveType application/json 103 - 200 - application/json;+charset=utf-8 19210.4929ms
[2023-07-06 11:52:43.082 +01:00  INF]  User profile is available. Using 'C:\Users\olajumoke.owolabi\AppData\Local\ASP.NET\DataProtection-Keys' as key repository and Windows DPAPI to encrypt keys at rest.
[2023-07-06 11:52:43.618 +01:00  INF]  Application started. Press Ctrl+C to shut down.
[2023-07-06 11:52:43.618 +01:00  INF]  Hosting environment: Development
[2023-07-06 11:52:43.619 +01:00  INF]  Content root path: C:\Users\olajumoke.owolabi\source\repos\hrms-be-backend\Com.XpressPayments.Api\
[2023-07-06 11:52:43.685 +01:00  INF]  Request starting HTTP/2 GET https://localhost:44317/index.html - -
[2023-07-06 11:52:44.629 +01:00  INF]  Request starting HTTP/2 GET https://localhost:44317/_framework/aspnetcore-browser-refresh.js - -
[2023-07-06 11:52:44.633 +01:00  INF]  Request finished HTTP/2 GET https://localhost:44317/index.html - - - 200 - text/html;charset=utf-8 952.6083ms
[2023-07-06 11:52:44.638 +01:00  INF]  Request starting HTTP/2 GET https://localhost:44317/_vs/browserLink - -
[2023-07-06 11:52:44.655 +01:00  INF]  Request finished HTTP/2 GET https://localhost:44317/_framework/aspnetcore-browser-refresh.js - - - 200 12014 application/javascript;+charset=utf-8 23.9985ms
[2023-07-06 11:52:44.713 +01:00  INF]  Request finished HTTP/2 GET https://localhost:44317/_vs/browserLink - - - 200 - text/javascript;+charset=UTF-8 75.2089ms
[2023-07-06 11:52:44.768 +01:00  INF]  Request starting HTTP/2 GET https://localhost:44317/swagger/v1/swagger.json - -
[2023-07-06 11:52:45.252 +01:00  INF]  Request finished HTTP/2 GET https://localhost:44317/swagger/v1/swagger.json - - - 200 - application/json;charset=utf-8 483.9571ms
[2023-07-06 11:53:22.647 +01:00  INF]  Request starting HTTP/2 POST https://localhost:44317/api/LeaveType/CreateLeaveType application/json 107
[2023-07-06 11:53:22.702 +01:00  INF]  CORS policy execution successful.
[2023-07-06 11:53:23.540 +01:00  INF]  Successfully validated the token.
[2023-07-06 11:53:23.568 +01:00  INF]  Executing endpoint 'Com.XpressPayments.Api.LeaveModuleController.Controller.LeaveTypeController.CreateLeaveType (Com.XpressPayments.Api)'
[2023-07-06 11:53:23.666 +01:00  INF]  Route matched with {action = "CreateLeaveType", controller = "LeaveType"}. Executing controller action with signature System.Threading.Tasks.Task`1[Microsoft.AspNetCore.Mvc.IActionResult] CreateLeaveType(Com.XpressPayments.Data.LeaveModuleDTO.DTO.CreateLeaveTypeDTO) on controller Com.XpressPayments.Api.LeaveModuleController.Controller.LeaveTypeController (Com.XpressPayments.Api).
[2023-07-06 11:53:35.604 +01:00  INF]  Executing OkObjectResult, writing value of type 'Com.XpressPayments.Data.GenericResponse.BaseResponse'.
[2023-07-06 11:53:35.638 +01:00  INF]  Executed action Com.XpressPayments.Api.LeaveModuleController.Controller.LeaveTypeController.CreateLeaveType (Com.XpressPayments.Api) in 11964.6151ms
[2023-07-06 11:53:35.644 +01:00  INF]  Executed endpoint 'Com.XpressPayments.Api.LeaveModuleController.Controller.LeaveTypeController.CreateLeaveType (Com.XpressPayments.Api)'
[2023-07-06 11:53:35.647 +01:00  INF]  Request finished HTTP/2 POST https://localhost:44317/api/LeaveType/CreateLeaveType application/json 107 - 200 - application/json;+charset=utf-8 12999.8522ms
[2023-07-06 13:06:09.376 +01:00  INF]  User profile is available. Using 'C:\Users\olajumoke.owolabi\AppData\Local\ASP.NET\DataProtection-Keys' as key repository and Windows DPAPI to encrypt keys at rest.
[2023-07-06 13:06:09.631 +01:00  INF]  Application started. Press Ctrl+C to shut down.
[2023-07-06 13:06:09.632 +01:00  INF]  Hosting environment: Development
[2023-07-06 13:06:09.632 +01:00  INF]  Content root path: C:\Users\olajumoke.owolabi\source\repos\hrms-be-backend\Com.XpressPayments.Api\
[2023-07-06 13:06:09.691 +01:00  INF]  Request starting HTTP/2 GET https://localhost:44317/index.html - -
[2023-07-06 13:06:10.300 +01:00  INF]  Request finished HTTP/2 GET https://localhost:44317/index.html - - - 200 - text/html;charset=utf-8 613.3028ms
[2023-07-06 13:06:10.305 +01:00  INF]  Request starting HTTP/2 GET https://localhost:44317/_framework/aspnetcore-browser-refresh.js - -
[2023-07-06 13:06:10.329 +01:00  INF]  Request starting HTTP/2 GET https://localhost:44317/_vs/browserLink - -
[2023-07-06 13:06:10.339 +01:00  INF]  Request finished HTTP/2 GET https://localhost:44317/_framework/aspnetcore-browser-refresh.js - - - 200 12014 application/javascript;+charset=utf-8 27.5610ms
[2023-07-06 13:06:10.409 +01:00  INF]  Request finished HTTP/2 GET https://localhost:44317/_vs/browserLink - - - 200 - text/javascript;+charset=UTF-8 79.9151ms
[2023-07-06 13:06:10.465 +01:00  INF]  Request starting HTTP/2 GET https://localhost:44317/swagger/v1/swagger.json - -
[2023-07-06 13:06:10.754 +01:00  INF]  Request finished HTTP/2 GET https://localhost:44317/swagger/v1/swagger.json - - - 200 - application/json;charset=utf-8 288.8488ms
[2023-07-06 13:08:10.181 +01:00  INF]  Request starting HTTP/2 POST https://localhost:44317/api/Auth/Logout application/json 41
[2023-07-06 13:08:10.199 +01:00  INF]  CORS policy execution successful.
[2023-07-06 13:08:10.341 +01:00  INF]  Executing endpoint 'Com.XpressPayments.Api.Controllers.AuthController.Logout (Com.XpressPayments.Api)'
[2023-07-06 13:08:10.392 +01:00  INF]  Route matched with {action = "Logout", controller = "Auth"}. Executing controller action with signature System.Threading.Tasks.Task`1[Microsoft.AspNetCore.Mvc.IActionResult] Logout(Com.XpressPayments.Data.DTOs.Account.LogoutDto) on controller Com.XpressPayments.Api.Controllers.AuthController (Com.XpressPayments.Api).
[2023-07-06 13:08:12.115 +01:00  INF]  Executing OkObjectResult, writing value of type 'Com.XpressPayments.Data.GenericResponse.BaseResponse'.
[2023-07-06 13:08:12.128 +01:00  INF]  Executed action Com.XpressPayments.Api.Controllers.AuthController.Logout (Com.XpressPayments.Api) in 1727.5827ms
[2023-07-06 13:08:12.136 +01:00  INF]  Executed endpoint 'Com.XpressPayments.Api.Controllers.AuthController.Logout (Com.XpressPayments.Api)'
[2023-07-06 13:08:12.138 +01:00  INF]  Request finished HTTP/2 POST https://localhost:44317/api/Auth/Logout application/json 41 - 200 - application/json;+charset=utf-8 1958.3129ms
[2023-07-06 13:08:23.213 +01:00  INF]  Request starting HTTP/2 POST https://localhost:44317/api/Auth/Login application/json 75
[2023-07-06 13:08:23.219 +01:00  INF]  CORS policy execution successful.
[2023-07-06 13:08:23.220 +01:00  INF]  Executing endpoint 'Com.XpressPayments.Api.Controllers.AuthController.Login (Com.XpressPayments.Api)'
[2023-07-06 13:08:23.228 +01:00  INF]  Route matched with {action = "Login", controller = "Auth"}. Executing controller action with signature System.Threading.Tasks.Task`1[Microsoft.AspNetCore.Mvc.IActionResult] Login(Com.XpressPayments.Bussiness.ViewModels.LoginModel) on controller Com.XpressPayments.Api.Controllers.AuthController (Com.XpressPayments.Api).
[2023-07-06 13:08:26.102 +01:00  INF]  Executing OkObjectResult, writing value of type 'Com.XpressPayments.Data.GenericResponse.LoginResponse'.
[2023-07-06 13:08:26.123 +01:00  INF]  Executed action Com.XpressPayments.Api.Controllers.AuthController.Login (Com.XpressPayments.Api) in 2894.5865ms
[2023-07-06 13:08:26.123 +01:00  INF]  Executed endpoint 'Com.XpressPayments.Api.Controllers.AuthController.Login (Com.XpressPayments.Api)'
[2023-07-06 13:08:26.123 +01:00  INF]  Request finished HTTP/2 POST https://localhost:44317/api/Auth/Login application/json 75 - 200 - application/json;+charset=utf-8 2910.4001ms
[2023-07-06 13:09:19.287 +01:00  INF]  Request starting HTTP/2 GET https://localhost:44317/api/LeaveType/GetAllLeaveType - -
[2023-07-06 13:09:19.417 +01:00  INF]  Successfully validated the token.
[2023-07-06 13:09:19.426 +01:00  INF]  Executing endpoint 'Com.XpressPayments.Api.LeaveModuleController.Controller.LeaveTypeController.GetAllLeaveType (Com.XpressPayments.Api)'
[2023-07-06 13:09:19.428 +01:00  INF]  Route matched with {action = "GetAllLeaveType", controller = "LeaveType"}. Executing controller action with signature System.Threading.Tasks.Task`1[Microsoft.AspNetCore.Mvc.IActionResult] GetAllLeaveType() on controller Com.XpressPayments.Api.LeaveModuleController.Controller.LeaveTypeController (Com.XpressPayments.Api).
[2023-07-06 13:09:20.647 +01:00  INF]  Executing OkObjectResult, writing value of type 'Com.XpressPayments.Data.GenericResponse.BaseResponse'.
[2023-07-06 13:09:20.651 +01:00  INF]  Executed action Com.XpressPayments.Api.LeaveModuleController.Controller.LeaveTypeController.GetAllLeaveType (Com.XpressPayments.Api) in 1222.1371ms
[2023-07-06 13:09:20.651 +01:00  INF]  Executed endpoint 'Com.XpressPayments.Api.LeaveModuleController.Controller.LeaveTypeController.GetAllLeaveType (Com.XpressPayments.Api)'
[2023-07-06 13:09:20.652 +01:00  INF]  Request finished HTTP/2 GET https://localhost:44317/api/LeaveType/GetAllLeaveType - - - 200 - application/json;+charset=utf-8 1364.7603ms
