[2023-09-28 16:55:39.825 +01:00  INF]  User profile is available. Using 'C:\Users\noble.nwabuike\AppData\Local\ASP.NET\DataProtection-Keys' as key repository and Windows DPAPI to encrypt keys at rest.
[2023-09-28 16:55:40.886 +01:00  INF]  Now listening on: https://localhost:5001
[2023-09-28 16:55:40.890 +01:00  INF]  Now listening on: http://localhost:5000
[2023-09-28 16:55:40.898 +01:00  INF]  Application started. Press Ctrl+C to shut down.
[2023-09-28 16:55:40.900 +01:00  INF]  Hosting environment: Development
[2023-09-28 16:55:40.902 +01:00  INF]  Content root path: C:\Users\noble.nwabuike\Downloads\hrms-be-backend\Com.XpressPayments.Api\
[2023-09-28 16:55:51.843 +01:00  INF]  Request starting HTTP/2 GET https://localhost:5001/index.html - -
[2023-09-28 16:55:52.995 +01:00  INF]  Request finished HTTP/2 GET https://localhost:5001/index.html - - - 200 - text/html;charset=utf-8 1159.8913ms
[2023-09-28 16:55:53.009 +01:00  INF]  Request starting HTTP/2 GET https://localhost:5001/_framework/aspnetcore-browser-refresh.js - -
[2023-09-28 16:55:53.055 +01:00  INF]  Request starting HTTP/2 GET https://localhost:5001/_vs/browserLink - -
[2023-09-28 16:55:53.061 +01:00  INF]  Request finished HTTP/2 GET https://localhost:5001/_framework/aspnetcore-browser-refresh.js - - - 200 12014 application/javascript;+charset=utf-8 51.6196ms
[2023-09-28 16:55:53.168 +01:00  INF]  Request finished HTTP/2 GET https://localhost:5001/_vs/browserLink - - - 200 - text/javascript;+charset=UTF-8 113.3064ms
[2023-09-28 16:55:53.428 +01:00  INF]  Request starting HTTP/2 GET https://localhost:5001/swagger/v1/swagger.json - -
[2023-09-28 16:55:53.943 +01:00  INF]  Request finished HTTP/2 GET https://localhost:5001/swagger/v1/swagger.json - - - 200 - application/json;charset=utf-8 514.2496ms
[2023-09-28 16:56:09.193 +01:00  INF]  Request starting HTTP/2 POST https://localhost:5001/api/Auth/Logout application/json 48
[2023-09-28 16:56:09.201 +01:00  INF]  CORS policy execution successful.
[2023-09-28 16:56:09.440 +01:00  INF]  Executing endpoint 'Com.XpressPayments.Api.Controllers.AuthController.Logout (Com.XpressPayments.Api)'
[2023-09-28 16:56:09.481 +01:00  INF]  Route matched with {action = "Logout", controller = "Auth"}. Executing controller action with signature System.Threading.Tasks.Task`1[Microsoft.AspNetCore.Mvc.IActionResult] Logout(Com.XpressPayments.Data.DTOs.Account.LogoutDto) on controller Com.XpressPayments.Api.Controllers.AuthController (Com.XpressPayments.Api).
[2023-09-28 16:56:31.055 +01:00  ERR]  MethodName: GetApprovedTransactions() ===>A network-related or instance-specific error occurred while establishing a connection to SQL Server. The server was not found or was not accessible. Verify that the instance name is correct and that SQL Server is configured to allow remote connections. (provider: TCP Provider, error: 0 - A connection attempt failed because the connected party did not properly respond after a period of time, or established connection failed because connected host has failed to respond.)
[2023-09-28 16:56:31.111 +01:00  ERR]  Exception Occured: Logout ==> A network-related or instance-specific error occurred while establishing a connection to SQL Server. The server was not found or was not accessible. Verify that the instance name is correct and that SQL Server is configured to allow remote connections. (provider: TCP Provider, error: 0 - A connection attempt failed because the connected party did not properly respond after a period of time, or established connection failed because connected host has failed to respond.)
[2023-09-28 16:56:31.126 +01:00  INF]  Executing OkObjectResult, writing value of type 'Com.XpressPayments.Data.GenericResponse.BaseResponse'.
[2023-09-28 16:56:31.140 +01:00  INF]  Executed action Com.XpressPayments.Api.Controllers.AuthController.Logout (Com.XpressPayments.Api) in 21648.5073ms
[2023-09-28 16:56:31.152 +01:00  INF]  Executed endpoint 'Com.XpressPayments.Api.Controllers.AuthController.Logout (Com.XpressPayments.Api)'
[2023-09-28 16:56:31.157 +01:00  INF]  Request finished HTTP/2 POST https://localhost:5001/api/Auth/Logout application/json 48 - 200 - application/json;+charset=utf-8 21963.6366ms
[2023-09-28 16:56:46.058 +01:00  INF]  Request starting HTTP/2 POST https://localhost:5001/api/Auth/Login application/json 82
[2023-09-28 16:56:46.066 +01:00  INF]  CORS policy execution successful.
[2023-09-28 16:56:46.067 +01:00  INF]  Executing endpoint 'Com.XpressPayments.Api.Controllers.AuthController.Login (Com.XpressPayments.Api)'
[2023-09-28 16:56:46.075 +01:00  INF]  Route matched with {action = "Login", controller = "Auth"}. Executing controller action with signature System.Threading.Tasks.Task`1[Microsoft.AspNetCore.Mvc.IActionResult] Login(Com.XpressPayments.Bussiness.ViewModels.LoginModel) on controller Com.XpressPayments.Api.Controllers.AuthController (Com.XpressPayments.Api).
[2023-09-28 16:57:07.362 +01:00  ERR]  MethodName: FindUser(string email) ===>A network-related or instance-specific error occurred while establishing a connection to SQL Server. The server was not found or was not accessible. Verify that the instance name is correct and that SQL Server is configured to allow remote connections. (provider: TCP Provider, error: 0 - A connection attempt failed because the connected party did not properly respond after a period of time, or established connection failed because connected host has failed to respond.)
[2023-09-28 16:57:07.414 +01:00  ERR]  Exception Occured: Login ==> A network-related or instance-specific error occurred while establishing a connection to SQL Server. The server was not found or was not accessible. Verify that the instance name is correct and that SQL Server is configured to allow remote connections. (provider: TCP Provider, error: 0 - A connection attempt failed because the connected party did not properly respond after a period of time, or established connection failed because connected host has failed to respond.)
[2023-09-28 16:57:07.418 +01:00  INF]  Executing OkObjectResult, writing value of type 'Com.XpressPayments.Data.GenericResponse.LoginResponse'.
[2023-09-28 16:57:07.421 +01:00  INF]  Executed action Com.XpressPayments.Api.Controllers.AuthController.Login (Com.XpressPayments.Api) in 21343.7456ms
[2023-09-28 16:57:07.426 +01:00  INF]  Executed endpoint 'Com.XpressPayments.Api.Controllers.AuthController.Login (Com.XpressPayments.Api)'
[2023-09-28 16:57:07.427 +01:00  INF]  Request finished HTTP/2 POST https://localhost:5001/api/Auth/Login application/json 82 - 200 - application/json;+charset=utf-8 21368.9002ms
[2023-09-28 16:58:50.699 +01:00  INF]  Request starting HTTP/2 POST https://localhost:5001/api/Auth/Logout application/json 48
[2023-09-28 16:58:50.701 +01:00  INF]  CORS policy execution successful.
[2023-09-28 16:58:50.704 +01:00  INF]  Executing endpoint 'Com.XpressPayments.Api.Controllers.AuthController.Logout (Com.XpressPayments.Api)'
[2023-09-28 16:58:50.705 +01:00  INF]  Route matched with {action = "Logout", controller = "Auth"}. Executing controller action with signature System.Threading.Tasks.Task`1[Microsoft.AspNetCore.Mvc.IActionResult] Logout(Com.XpressPayments.Data.DTOs.Account.LogoutDto) on controller Com.XpressPayments.Api.Controllers.AuthController (Com.XpressPayments.Api).
[2023-09-28 16:58:53.880 +01:00  INF]  Executing OkObjectResult, writing value of type 'Com.XpressPayments.Data.GenericResponse.BaseResponse'.
[2023-09-28 16:58:53.882 +01:00  INF]  Executed action Com.XpressPayments.Api.Controllers.AuthController.Logout (Com.XpressPayments.Api) in 3175.4352ms
[2023-09-28 16:58:53.884 +01:00  INF]  Executed endpoint 'Com.XpressPayments.Api.Controllers.AuthController.Logout (Com.XpressPayments.Api)'
[2023-09-28 16:58:53.885 +01:00  INF]  Request finished HTTP/2 POST https://localhost:5001/api/Auth/Logout application/json 48 - 200 - application/json;+charset=utf-8 3186.5256ms
[2023-09-28 16:59:04.009 +01:00  INF]  Request starting HTTP/2 POST https://localhost:5001/api/Auth/Login application/json 82
[2023-09-28 16:59:04.010 +01:00  INF]  CORS policy execution successful.
[2023-09-28 16:59:04.012 +01:00  INF]  Executing endpoint 'Com.XpressPayments.Api.Controllers.AuthController.Login (Com.XpressPayments.Api)'
[2023-09-28 16:59:04.014 +01:00  INF]  Route matched with {action = "Login", controller = "Auth"}. Executing controller action with signature System.Threading.Tasks.Task`1[Microsoft.AspNetCore.Mvc.IActionResult] Login(Com.XpressPayments.Bussiness.ViewModels.LoginModel) on controller Com.XpressPayments.Api.Controllers.AuthController (Com.XpressPayments.Api).
[2023-09-28 16:59:06.723 +01:00  INF]  Executing OkObjectResult, writing value of type 'Com.XpressPayments.Data.GenericResponse.LoginResponse'.
[2023-09-28 16:59:06.739 +01:00  INF]  Executed action Com.XpressPayments.Api.Controllers.AuthController.Login (Com.XpressPayments.Api) in 2723.1676ms
[2023-09-28 16:59:06.743 +01:00  INF]  Executed endpoint 'Com.XpressPayments.Api.Controllers.AuthController.Login (Com.XpressPayments.Api)'
[2023-09-28 16:59:06.745 +01:00  INF]  Request finished HTTP/2 POST https://localhost:5001/api/Auth/Login application/json 82 - 200 - application/json;+charset=utf-8 2736.4875ms
[2023-09-28 16:59:42.466 +01:00  INF]  Request starting HTTP/2 GET https://localhost:5001/api/TrainingPlan/GetAllActiveTrainingPlan - -
[2023-09-28 16:59:42.570 +01:00  INF]  Successfully validated the token.
[2023-09-28 16:59:42.578 +01:00  INF]  Executing endpoint 'Com.XpressPayments.Api.LearningAndDevelopmentModuleController.Controller.TrainingPlanController.GetAllActiveTrainingPlan (Com.XpressPayments.Api)'
[2023-09-28 16:59:42.582 +01:00  INF]  Route matched with {action = "GetAllActiveTrainingPlan", controller = "TrainingPlan"}. Executing controller action with signature System.Threading.Tasks.Task`1[Microsoft.AspNetCore.Mvc.IActionResult] GetAllActiveTrainingPlan() on controller Com.XpressPayments.Api.LearningAndDevelopmentModuleController.Controller.TrainingPlanController (Com.XpressPayments.Api).
[2023-09-28 16:59:45.870 +01:00  INF]  Executing OkObjectResult, writing value of type 'Com.XpressPayments.Data.GenericResponse.BaseResponse'.
[2023-09-28 16:59:45.885 +01:00  INF]  Executed action Com.XpressPayments.Api.LearningAndDevelopmentModuleController.Controller.TrainingPlanController.GetAllActiveTrainingPlan (Com.XpressPayments.Api) in 3301.2214ms
[2023-09-28 16:59:45.887 +01:00  INF]  Executed endpoint 'Com.XpressPayments.Api.LearningAndDevelopmentModuleController.Controller.TrainingPlanController.GetAllActiveTrainingPlan (Com.XpressPayments.Api)'
[2023-09-28 16:59:45.890 +01:00  INF]  Request finished HTTP/2 GET https://localhost:5001/api/TrainingPlan/GetAllActiveTrainingPlan - - - 200 - application/json;+charset=utf-8 3423.9296ms
[2023-09-28 17:02:44.398 +01:00  INF]  Request starting HTTP/2 GET https://localhost:5001/api/TrainingPlan/GetAllTrainingPlan - -
[2023-09-28 17:02:44.406 +01:00  INF]  Successfully validated the token.
[2023-09-28 17:02:44.408 +01:00  INF]  Executing endpoint 'Com.XpressPayments.Api.LearningAndDevelopmentModuleController.Controller.TrainingPlanController.GetAllTrainingPlan (Com.XpressPayments.Api)'
[2023-09-28 17:02:44.414 +01:00  INF]  Route matched with {action = "GetAllTrainingPlan", controller = "TrainingPlan"}. Executing controller action with signature System.Threading.Tasks.Task`1[Microsoft.AspNetCore.Mvc.IActionResult] GetAllTrainingPlan() on controller Com.XpressPayments.Api.LearningAndDevelopmentModuleController.Controller.TrainingPlanController (Com.XpressPayments.Api).
[2023-09-28 17:02:48.134 +01:00  INF]  Executing OkObjectResult, writing value of type 'Com.XpressPayments.Data.GenericResponse.BaseResponse'.
[2023-09-28 17:02:48.137 +01:00  INF]  Executed action Com.XpressPayments.Api.LearningAndDevelopmentModuleController.Controller.TrainingPlanController.GetAllTrainingPlan (Com.XpressPayments.Api) in 3719.359ms
[2023-09-28 17:02:48.139 +01:00  INF]  Executed endpoint 'Com.XpressPayments.Api.LearningAndDevelopmentModuleController.Controller.TrainingPlanController.GetAllTrainingPlan (Com.XpressPayments.Api)'
[2023-09-28 17:02:48.141 +01:00  INF]  Request finished HTTP/2 GET https://localhost:5001/api/TrainingPlan/GetAllTrainingPlan - - - 200 - application/json;+charset=utf-8 3743.9883ms
