[2023-08-31 15:08:11.280 +01:00  INF]  User profile is available. Using 'C:\Users\noble.nwabuike\AppData\Local\ASP.NET\DataProtection-Keys' as key repository and Windows DPAPI to encrypt keys at rest.
[2023-08-31 15:08:13.974 +01:00  INF]  Now listening on: https://localhost:5001
[2023-08-31 15:08:13.987 +01:00  INF]  Now listening on: http://localhost:5000
[2023-08-31 15:08:13.995 +01:00  INF]  Application started. Press Ctrl+C to shut down.
[2023-08-31 15:08:13.997 +01:00  INF]  Hosting environment: Development
[2023-08-31 15:08:13.998 +01:00  INF]  Content root path: C:\Users\noble.nwabuike\Downloads\hrms-be-backend\Com.XpressPayments.Api\
[2023-08-31 15:08:19.443 +01:00  INF]  Request starting HTTP/2 GET https://localhost:5001/index.html - -
[2023-08-31 15:08:20.084 +01:00  INF]  Request finished HTTP/2 GET https://localhost:5001/index.html - - - 200 - text/html;charset=utf-8 646.8955ms
[2023-08-31 15:08:20.105 +01:00  INF]  Request starting HTTP/2 GET https://localhost:5001/_framework/aspnetcore-browser-refresh.js - -
[2023-08-31 15:08:20.115 +01:00  INF]  Request finished HTTP/2 GET https://localhost:5001/_framework/aspnetcore-browser-refresh.js - - - 200 12014 application/javascript;+charset=utf-8 9.8149ms
[2023-08-31 15:08:20.116 +01:00  INF]  Request starting HTTP/2 GET https://localhost:5001/_vs/browserLink - -
[2023-08-31 15:08:20.186 +01:00  INF]  Request finished HTTP/2 GET https://localhost:5001/_vs/browserLink - - - 200 - text/javascript;+charset=UTF-8 69.4452ms
[2023-08-31 15:08:20.257 +01:00  INF]  Request starting HTTP/2 GET https://localhost:5001/swagger/v1/swagger.json - -
[2023-08-31 15:08:20.475 +01:00  INF]  Request finished HTTP/2 GET https://localhost:5001/swagger/v1/swagger.json - - - 200 - application/json;charset=utf-8 217.8828ms
[2023-08-31 15:09:00.197 +01:00  INF]  Request starting HTTP/2 POST https://localhost:5001/api/Auth/Logout application/json 48
[2023-08-31 15:09:00.211 +01:00  INF]  CORS policy execution successful.
[2023-08-31 15:09:00.391 +01:00  INF]  Executing endpoint 'Com.XpressPayments.Api.Controllers.AuthController.Logout (Com.XpressPayments.Api)'
[2023-08-31 15:09:00.421 +01:00  INF]  Route matched with {action = "Logout", controller = "Auth"}. Executing controller action with signature System.Threading.Tasks.Task`1[Microsoft.AspNetCore.Mvc.IActionResult] Logout(Com.XpressPayments.Data.DTOs.Account.LogoutDto) on controller Com.XpressPayments.Api.Controllers.AuthController (Com.XpressPayments.Api).
[2023-08-31 15:09:02.140 +01:00  INF]  Executing OkObjectResult, writing value of type 'Com.XpressPayments.Data.GenericResponse.BaseResponse'.
[2023-08-31 15:09:02.157 +01:00  INF]  Executed action Com.XpressPayments.Api.Controllers.AuthController.Logout (Com.XpressPayments.Api) in 1724.5911ms
[2023-08-31 15:09:02.163 +01:00  INF]  Executed endpoint 'Com.XpressPayments.Api.Controllers.AuthController.Logout (Com.XpressPayments.Api)'
[2023-08-31 15:09:02.165 +01:00  INF]  Request finished HTTP/2 POST https://localhost:5001/api/Auth/Logout application/json 48 - 200 - application/json;+charset=utf-8 1968.1274ms
[2023-08-31 15:09:46.984 +01:00  INF]  Request starting HTTP/2 POST https://localhost:5001/api/Auth/Login application/json 82
[2023-08-31 15:09:47.027 +01:00  INF]  CORS policy execution successful.
[2023-08-31 15:09:47.028 +01:00  INF]  Executing endpoint 'Com.XpressPayments.Api.Controllers.AuthController.Login (Com.XpressPayments.Api)'
[2023-08-31 15:09:47.034 +01:00  INF]  Route matched with {action = "Login", controller = "Auth"}. Executing controller action with signature System.Threading.Tasks.Task`1[Microsoft.AspNetCore.Mvc.IActionResult] Login(Com.XpressPayments.Bussiness.ViewModels.LoginModel) on controller Com.XpressPayments.Api.Controllers.AuthController (Com.XpressPayments.Api).
[2023-08-31 15:10:01.682 +01:00  INF]  Executing OkObjectResult, writing value of type 'Com.XpressPayments.Data.GenericResponse.LoginResponse'.
[2023-08-31 15:10:01.692 +01:00  INF]  Executed action Com.XpressPayments.Api.Controllers.AuthController.Login (Com.XpressPayments.Api) in 14656.3012ms
[2023-08-31 15:10:01.695 +01:00  INF]  Executed endpoint 'Com.XpressPayments.Api.Controllers.AuthController.Login (Com.XpressPayments.Api)'
[2023-08-31 15:10:01.697 +01:00  INF]  Request finished HTTP/2 POST https://localhost:5001/api/Auth/Login application/json 82 - 200 - application/json;+charset=utf-8 14712.5135ms
[2023-08-31 15:11:42.136 +01:00  INF]  Request starting HTTP/2 POST https://localhost:5001/api/TrainingSchedule/CreateTrainingSchedule application/json 438
[2023-08-31 15:11:42.144 +01:00  INF]  CORS policy execution successful.
[2023-08-31 15:11:42.234 +01:00  INF]  Successfully validated the token.
[2023-08-31 15:11:42.243 +01:00  INF]  Executing endpoint 'Com.XpressPayments.Api.LearningAndDevelopmentModuleController.Controller.TrainingScheduleController.CreateTrainingSchedule (Com.XpressPayments.Api)'
[2023-08-31 15:11:42.247 +01:00  INF]  Route matched with {action = "CreateTrainingSchedule", controller = "TrainingSchedule"}. Executing controller action with signature System.Threading.Tasks.Task`1[Microsoft.AspNetCore.Mvc.IActionResult] CreateTrainingSchedule(Com.XpressPayments.Data.LearningAndDevelopmentDTO.DTOs.TrainingScheduleCreate) on controller Com.XpressPayments.Api.LearningAndDevelopmentModuleController.Controller.TrainingScheduleController (Com.XpressPayments.Api).
[2023-08-31 15:11:43.348 +01:00  ERR]  MethodName: CreateTrainingSchedule ===>System.Data.SqlClient.SqlException (0x80131904): @Department is not a parameter for procedure Sp_TrainingSchedule.
   at Com.XpressPayments.Data.DapperGeneric.DapperGenericRepository.Get[T](String sp, DynamicParameters parms, CommandType commandType) in C:\Users\noble.nwabuike\Downloads\hrms-be-backend\Com.XpressPayments.Data\DapperGeneric\DapperGenericRepository.cs:line 83
   at Com.XpressPayments.Data.LearningAndDevelopmentRepository.TrainingScheduleRepo.TrainingScheduleRepository.CreateTrainingSchedule(TrainingScheduleCreate TrainingSchedule, String createdbyUserEmail) in C:\Users\noble.nwabuike\Downloads\hrms-be-backend\Com.XpressPayments.Data\LearningAndDevelopmentRepository\TrainingScheduleRepo\TrainingScheduleRepository.cs:line 59
ClientConnectionId:d8f16b52-98af-4f3c-bff4-52ec4274a9d3
Error Number:8145,State:1,Class:16
[2023-08-31 15:11:43.410 +01:00  ERR]  Exception Occured ==> @Department is not a parameter for procedure Sp_TrainingSchedule.
[2023-08-31 15:11:43.413 +01:00  INF]  Executing OkObjectResult, writing value of type 'Com.XpressPayments.Data.GenericResponse.BaseResponse'.
[2023-08-31 15:11:43.414 +01:00  INF]  Executed action Com.XpressPayments.Api.LearningAndDevelopmentModuleController.Controller.TrainingScheduleController.CreateTrainingSchedule (Com.XpressPayments.Api) in 1165.6221ms
[2023-08-31 15:11:43.415 +01:00  INF]  Executed endpoint 'Com.XpressPayments.Api.LearningAndDevelopmentModuleController.Controller.TrainingScheduleController.CreateTrainingSchedule (Com.XpressPayments.Api)'
[2023-08-31 15:11:43.420 +01:00  INF]  Request finished HTTP/2 POST https://localhost:5001/api/TrainingSchedule/CreateTrainingSchedule application/json 438 - 200 - application/json;+charset=utf-8 1292.4122ms
[2023-08-31 15:16:53.511 +01:00  INF]  Request starting HTTP/2 POST https://localhost:5001/api/TrainingSchedule/CreateTrainingSchedule application/json 438
[2023-08-31 15:16:53.615 +01:00  INF]  CORS policy execution successful.
[2023-08-31 15:16:53.615 +01:00  INF]  Successfully validated the token.
[2023-08-31 15:16:53.616 +01:00  INF]  Executing endpoint 'Com.XpressPayments.Api.LearningAndDevelopmentModuleController.Controller.TrainingScheduleController.CreateTrainingSchedule (Com.XpressPayments.Api)'
[2023-08-31 15:16:53.617 +01:00  INF]  Route matched with {action = "CreateTrainingSchedule", controller = "TrainingSchedule"}. Executing controller action with signature System.Threading.Tasks.Task`1[Microsoft.AspNetCore.Mvc.IActionResult] CreateTrainingSchedule(Com.XpressPayments.Data.LearningAndDevelopmentDTO.DTOs.TrainingScheduleCreate) on controller Com.XpressPayments.Api.LearningAndDevelopmentModuleController.Controller.TrainingScheduleController (Com.XpressPayments.Api).
[2023-08-31 15:18:22.482 +01:00  ERR]  MethodName: CreateTrainingSchedule ===>System.Data.SqlClient.SqlException (0x80131904): @Department is not a parameter for procedure Sp_TrainingSchedule.
   at Com.XpressPayments.Data.DapperGeneric.DapperGenericRepository.Get[T](String sp, DynamicParameters parms, CommandType commandType) in C:\Users\noble.nwabuike\Downloads\hrms-be-backend\Com.XpressPayments.Data\DapperGeneric\DapperGenericRepository.cs:line 83
   at Com.XpressPayments.Data.LearningAndDevelopmentRepository.TrainingScheduleRepo.TrainingScheduleRepository.CreateTrainingSchedule(TrainingScheduleCreate TrainingSchedule, String createdbyUserEmail) in C:\Users\noble.nwabuike\Downloads\hrms-be-backend\Com.XpressPayments.Data\LearningAndDevelopmentRepository\TrainingScheduleRepo\TrainingScheduleRepository.cs:line 59
ClientConnectionId:23af45b5-56cb-48bc-805a-9451b6886a2b
Error Number:8145,State:1,Class:16
[2023-08-31 15:18:22.544 +01:00  ERR]  Exception Occured ==> @Department is not a parameter for procedure Sp_TrainingSchedule.
[2023-08-31 15:18:22.546 +01:00  INF]  Executing OkObjectResult, writing value of type 'Com.XpressPayments.Data.GenericResponse.BaseResponse'.
[2023-08-31 15:18:22.547 +01:00  INF]  Executed action Com.XpressPayments.Api.LearningAndDevelopmentModuleController.Controller.TrainingScheduleController.CreateTrainingSchedule (Com.XpressPayments.Api) in 88920.2966ms
[2023-08-31 15:18:22.549 +01:00  INF]  Executed endpoint 'Com.XpressPayments.Api.LearningAndDevelopmentModuleController.Controller.TrainingScheduleController.CreateTrainingSchedule (Com.XpressPayments.Api)'
[2023-08-31 15:18:22.551 +01:00  INF]  Request finished HTTP/2 POST https://localhost:5001/api/TrainingSchedule/CreateTrainingSchedule application/json 438 - 200 - application/json;+charset=utf-8 89031.5046ms
[2023-08-31 15:19:05.756 +01:00  INF]  Request starting HTTP/2 POST https://localhost:5001/api/TrainingSchedule/CreateTrainingSchedule application/json 438
[2023-08-31 15:19:05.766 +01:00  INF]  CORS policy execution successful.
[2023-08-31 15:19:05.767 +01:00  INF]  Successfully validated the token.
[2023-08-31 15:19:05.769 +01:00  INF]  Executing endpoint 'Com.XpressPayments.Api.LearningAndDevelopmentModuleController.Controller.TrainingScheduleController.CreateTrainingSchedule (Com.XpressPayments.Api)'
[2023-08-31 15:19:05.770 +01:00  INF]  Route matched with {action = "CreateTrainingSchedule", controller = "TrainingSchedule"}. Executing controller action with signature System.Threading.Tasks.Task`1[Microsoft.AspNetCore.Mvc.IActionResult] CreateTrainingSchedule(Com.XpressPayments.Data.LearningAndDevelopmentDTO.DTOs.TrainingScheduleCreate) on controller Com.XpressPayments.Api.LearningAndDevelopmentModuleController.Controller.TrainingScheduleController (Com.XpressPayments.Api).
[2023-08-31 15:19:36.865 +01:00  INF]  Executing OkObjectResult, writing value of type 'Com.XpressPayments.Data.GenericResponse.BaseResponse'.
[2023-08-31 15:19:36.871 +01:00  INF]  Executed action Com.XpressPayments.Api.LearningAndDevelopmentModuleController.Controller.TrainingScheduleController.CreateTrainingSchedule (Com.XpressPayments.Api) in 31090.7035ms
[2023-08-31 15:19:36.873 +01:00  INF]  Executed endpoint 'Com.XpressPayments.Api.LearningAndDevelopmentModuleController.Controller.TrainingScheduleController.CreateTrainingSchedule (Com.XpressPayments.Api)'
[2023-08-31 15:19:36.874 +01:00  INF]  Request finished HTTP/2 POST https://localhost:5001/api/TrainingSchedule/CreateTrainingSchedule application/json 438 - 200 - application/json;+charset=utf-8 31108.5720ms
[2023-08-31 15:22:53.120 +01:00  INF]  Request starting HTTP/2 POST https://localhost:5001/api/TrainingSchedule/UpdateTrainingSchedule application/json 367
[2023-08-31 15:22:53.163 +01:00  INF]  CORS policy execution successful.
[2023-08-31 15:22:53.164 +01:00  INF]  Successfully validated the token.
[2023-08-31 15:22:53.165 +01:00  INF]  Executing endpoint 'Com.XpressPayments.Api.LearningAndDevelopmentModuleController.Controller.TrainingScheduleController.UpdateTrainingSchedule (Com.XpressPayments.Api)'
[2023-08-31 15:22:53.169 +01:00  INF]  Route matched with {action = "UpdateTrainingSchedule", controller = "TrainingSchedule"}. Executing controller action with signature System.Threading.Tasks.Task`1[Microsoft.AspNetCore.Mvc.IActionResult] UpdateTrainingSchedule(Com.XpressPayments.Data.LearningAndDevelopmentDTO.DTOs.TrainingScheduleUpdate) on controller Com.XpressPayments.Api.LearningAndDevelopmentModuleController.Controller.TrainingScheduleController (Com.XpressPayments.Api).
[2023-08-31 15:22:53.709 +01:00  ERR]  MethodName: UpdateTrainingPlan ===>System.Data.SqlClient.SqlException (0x80131904): @StatusUpd is not a parameter for procedure Sp_TrainingSchedule.
   at System.Data.SqlClient.SqlConnection.OnError(SqlException exception, Boolean breakConnection, Action`1 wrapCloseInAction)
   at System.Data.SqlClient.TdsParser.ThrowExceptionAndWarning(TdsParserStateObject stateObj, Boolean callerHasConnectionLock, Boolean asyncClose)
   at System.Data.SqlClient.TdsParser.TryRun(RunBehavior runBehavior, SqlCommand cmdHandler, SqlDataReader dataStream, BulkCopySimpleResultSet bulkCopyHandler, TdsParserStateObject stateObj, Boolean& dataReady)
   at System.Data.SqlClient.SqlCommand.FinishExecuteReader(SqlDataReader ds, RunBehavior runBehavior, String resetOptionsString)
   at System.Data.SqlClient.SqlCommand.CompleteAsyncExecuteReader()
   at System.Data.SqlClient.SqlCommand.EndExecuteNonQueryInternal(IAsyncResult asyncResult)
   at System.Data.SqlClient.SqlCommand.EndExecuteNonQuery(IAsyncResult asyncResult)
   at System.Threading.Tasks.TaskFactory`1.FromAsyncCoreLogic(IAsyncResult iar, Func`2 endFunction, Action`1 endAction, Task`1 promise, Boolean requiresSynchronization)
--- End of stack trace from previous location ---
   at Dapper.SqlMapper.ExecuteImplAsync(IDbConnection cnn, CommandDefinition command, Object param) in /_/Dapper/SqlMapper.Async.cs:line 646
   at Com.XpressPayments.Data.LearningAndDevelopmentRepository.TrainingScheduleRepo.TrainingScheduleRepository.UpdateTrainingSchedule(TrainingScheduleUpdate TrainingSchedule, String updatedbyUserEmail)
ClientConnectionId:23af45b5-56cb-48bc-805a-9451b6886a2b
Error Number:8145,State:1,Class:16
[2023-08-31 15:22:53.762 +01:00  ERR]  Exception Occurred ==> @StatusUpd is not a parameter for procedure Sp_TrainingSchedule.
[2023-08-31 15:22:53.764 +01:00  INF]  Executing OkObjectResult, writing value of type 'Com.XpressPayments.Data.GenericResponse.BaseResponse'.
[2023-08-31 15:22:53.765 +01:00  INF]  Executed action Com.XpressPayments.Api.LearningAndDevelopmentModuleController.Controller.TrainingScheduleController.UpdateTrainingSchedule (Com.XpressPayments.Api) in 593.4879ms
[2023-08-31 15:22:53.767 +01:00  INF]  Executed endpoint 'Com.XpressPayments.Api.LearningAndDevelopmentModuleController.Controller.TrainingScheduleController.UpdateTrainingSchedule (Com.XpressPayments.Api)'
[2023-08-31 15:22:53.772 +01:00  INF]  Request finished HTTP/2 POST https://localhost:5001/api/TrainingSchedule/UpdateTrainingSchedule application/json 367 - 200 - application/json;+charset=utf-8 651.8717ms
[2023-08-31 15:24:25.676 +01:00  INF]  Request starting HTTP/2 POST https://localhost:5001/api/TrainingSchedule/UpdateTrainingSchedule application/json 367
[2023-08-31 15:24:25.740 +01:00  INF]  CORS policy execution successful.
[2023-08-31 15:24:25.741 +01:00  INF]  Successfully validated the token.
[2023-08-31 15:24:25.742 +01:00  INF]  Executing endpoint 'Com.XpressPayments.Api.LearningAndDevelopmentModuleController.Controller.TrainingScheduleController.UpdateTrainingSchedule (Com.XpressPayments.Api)'
[2023-08-31 15:24:25.742 +01:00  INF]  Route matched with {action = "UpdateTrainingSchedule", controller = "TrainingSchedule"}. Executing controller action with signature System.Threading.Tasks.Task`1[Microsoft.AspNetCore.Mvc.IActionResult] UpdateTrainingSchedule(Com.XpressPayments.Data.LearningAndDevelopmentDTO.DTOs.TrainingScheduleUpdate) on controller Com.XpressPayments.Api.LearningAndDevelopmentModuleController.Controller.TrainingScheduleController (Com.XpressPayments.Api).
[2023-08-31 15:29:10.872 +01:00  ERR]  MethodName: UpdateTrainingPlan ===>System.Data.SqlClient.SqlException (0x80131904): @StatusUpd is not a parameter for procedure Sp_TrainingSchedule.
   at System.Data.SqlClient.SqlConnection.OnError(SqlException exception, Boolean breakConnection, Action`1 wrapCloseInAction)
   at System.Data.SqlClient.TdsParser.ThrowExceptionAndWarning(TdsParserStateObject stateObj, Boolean callerHasConnectionLock, Boolean asyncClose)
   at System.Data.SqlClient.TdsParser.TryRun(RunBehavior runBehavior, SqlCommand cmdHandler, SqlDataReader dataStream, BulkCopySimpleResultSet bulkCopyHandler, TdsParserStateObject stateObj, Boolean& dataReady)
   at System.Data.SqlClient.SqlCommand.FinishExecuteReader(SqlDataReader ds, RunBehavior runBehavior, String resetOptionsString)
   at System.Data.SqlClient.SqlCommand.CompleteAsyncExecuteReader()
   at System.Data.SqlClient.SqlCommand.EndExecuteNonQueryInternal(IAsyncResult asyncResult)
   at System.Data.SqlClient.SqlCommand.EndExecuteNonQuery(IAsyncResult asyncResult)
   at System.Threading.Tasks.TaskFactory`1.FromAsyncCoreLogic(IAsyncResult iar, Func`2 endFunction, Action`1 endAction, Task`1 promise, Boolean requiresSynchronization)
--- End of stack trace from previous location ---
   at Dapper.SqlMapper.ExecuteImplAsync(IDbConnection cnn, CommandDefinition command, Object param) in /_/Dapper/SqlMapper.Async.cs:line 646
   at Com.XpressPayments.Data.LearningAndDevelopmentRepository.TrainingScheduleRepo.TrainingScheduleRepository.UpdateTrainingSchedule(TrainingScheduleUpdate TrainingSchedule, String updatedbyUserEmail)
ClientConnectionId:59d26d51-83c9-4ab6-9141-7a5840528f99
Error Number:8145,State:1,Class:16
[2023-08-31 15:29:10.915 +01:00  ERR]  Exception Occurred ==> @StatusUpd is not a parameter for procedure Sp_TrainingSchedule.
[2023-08-31 15:29:10.916 +01:00  INF]  Executing OkObjectResult, writing value of type 'Com.XpressPayments.Data.GenericResponse.BaseResponse'.
[2023-08-31 15:29:10.918 +01:00  INF]  Executed action Com.XpressPayments.Api.LearningAndDevelopmentModuleController.Controller.TrainingScheduleController.UpdateTrainingSchedule (Com.XpressPayments.Api) in 285173.6432ms
[2023-08-31 15:29:10.919 +01:00  INF]  Executed endpoint 'Com.XpressPayments.Api.LearningAndDevelopmentModuleController.Controller.TrainingScheduleController.UpdateTrainingSchedule (Com.XpressPayments.Api)'
[2023-08-31 15:29:10.920 +01:00  INF]  Request finished HTTP/2 POST https://localhost:5001/api/TrainingSchedule/UpdateTrainingSchedule application/json 367 - 200 - application/json;+charset=utf-8 285243.7242ms
[2023-08-31 15:30:41.230 +01:00  INF]  Request starting HTTP/2 POST https://localhost:5001/api/TrainingSchedule/UpdateTrainingSchedule application/json 367
[2023-08-31 15:30:41.271 +01:00  INF]  CORS policy execution successful.
[2023-08-31 15:30:41.276 +01:00  INF]  Successfully validated the token.
[2023-08-31 15:30:41.277 +01:00  INF]  Executing endpoint 'Com.XpressPayments.Api.LearningAndDevelopmentModuleController.Controller.TrainingScheduleController.UpdateTrainingSchedule (Com.XpressPayments.Api)'
[2023-08-31 15:30:41.281 +01:00  INF]  Route matched with {action = "UpdateTrainingSchedule", controller = "TrainingSchedule"}. Executing controller action with signature System.Threading.Tasks.Task`1[Microsoft.AspNetCore.Mvc.IActionResult] UpdateTrainingSchedule(Com.XpressPayments.Data.LearningAndDevelopmentDTO.DTOs.TrainingScheduleUpdate) on controller Com.XpressPayments.Api.LearningAndDevelopmentModuleController.Controller.TrainingScheduleController (Com.XpressPayments.Api).
[2023-08-31 15:31:03.843 +01:00  ERR]  MethodName: UpdateTrainingPlan ===>System.Data.SqlClient.SqlException (0x80131904): @TrainingModeUpd is not a parameter for procedure Sp_TrainingSchedule.
   at System.Data.SqlClient.SqlConnection.OnError(SqlException exception, Boolean breakConnection, Action`1 wrapCloseInAction)
   at System.Data.SqlClient.TdsParser.ThrowExceptionAndWarning(TdsParserStateObject stateObj, Boolean callerHasConnectionLock, Boolean asyncClose)
   at System.Data.SqlClient.TdsParser.TryRun(RunBehavior runBehavior, SqlCommand cmdHandler, SqlDataReader dataStream, BulkCopySimpleResultSet bulkCopyHandler, TdsParserStateObject stateObj, Boolean& dataReady)
   at System.Data.SqlClient.SqlCommand.FinishExecuteReader(SqlDataReader ds, RunBehavior runBehavior, String resetOptionsString)
   at System.Data.SqlClient.SqlCommand.CompleteAsyncExecuteReader()
   at System.Data.SqlClient.SqlCommand.EndExecuteNonQueryInternal(IAsyncResult asyncResult)
   at System.Data.SqlClient.SqlCommand.EndExecuteNonQuery(IAsyncResult asyncResult)
   at System.Threading.Tasks.TaskFactory`1.FromAsyncCoreLogic(IAsyncResult iar, Func`2 endFunction, Action`1 endAction, Task`1 promise, Boolean requiresSynchronization)
--- End of stack trace from previous location ---
   at Dapper.SqlMapper.ExecuteImplAsync(IDbConnection cnn, CommandDefinition command, Object param) in /_/Dapper/SqlMapper.Async.cs:line 646
   at Com.XpressPayments.Data.LearningAndDevelopmentRepository.TrainingScheduleRepo.TrainingScheduleRepository.UpdateTrainingSchedule(TrainingScheduleUpdate TrainingSchedule, String updatedbyUserEmail)
ClientConnectionId:59d26d51-83c9-4ab6-9141-7a5840528f99
Error Number:8145,State:1,Class:16
[2023-08-31 15:31:03.888 +01:00  ERR]  Exception Occurred ==> @TrainingModeUpd is not a parameter for procedure Sp_TrainingSchedule.
[2023-08-31 15:31:03.889 +01:00  INF]  Executing OkObjectResult, writing value of type 'Com.XpressPayments.Data.GenericResponse.BaseResponse'.
[2023-08-31 15:31:03.891 +01:00  INF]  Executed action Com.XpressPayments.Api.LearningAndDevelopmentModuleController.Controller.TrainingScheduleController.UpdateTrainingSchedule (Com.XpressPayments.Api) in 22609.1637ms
[2023-08-31 15:31:03.893 +01:00  INF]  Executed endpoint 'Com.XpressPayments.Api.LearningAndDevelopmentModuleController.Controller.TrainingScheduleController.UpdateTrainingSchedule (Com.XpressPayments.Api)'
[2023-08-31 15:31:03.894 +01:00  INF]  Request finished HTTP/2 POST https://localhost:5001/api/TrainingSchedule/UpdateTrainingSchedule application/json 367 - 200 - application/json;+charset=utf-8 22663.8049ms
[2023-08-31 15:31:46.336 +01:00  INF]  Request starting HTTP/2 POST https://localhost:5001/api/TrainingSchedule/UpdateTrainingSchedule application/json 367
[2023-08-31 15:31:46.353 +01:00  INF]  CORS policy execution successful.
[2023-08-31 15:31:46.354 +01:00  INF]  Successfully validated the token.
[2023-08-31 15:31:46.355 +01:00  INF]  Executing endpoint 'Com.XpressPayments.Api.LearningAndDevelopmentModuleController.Controller.TrainingScheduleController.UpdateTrainingSchedule (Com.XpressPayments.Api)'
[2023-08-31 15:31:46.359 +01:00  INF]  Route matched with {action = "UpdateTrainingSchedule", controller = "TrainingSchedule"}. Executing controller action with signature System.Threading.Tasks.Task`1[Microsoft.AspNetCore.Mvc.IActionResult] UpdateTrainingSchedule(Com.XpressPayments.Data.LearningAndDevelopmentDTO.DTOs.TrainingScheduleUpdate) on controller Com.XpressPayments.Api.LearningAndDevelopmentModuleController.Controller.TrainingScheduleController (Com.XpressPayments.Api).
[2023-08-31 15:32:10.830 +01:00  ERR]  MethodName: UpdateTrainingPlan ===>System.Data.SqlClient.SqlException (0x80131904): @TrainingModeUpd is not a parameter for procedure Sp_TrainingSchedule.
   at System.Data.SqlClient.SqlConnection.OnError(SqlException exception, Boolean breakConnection, Action`1 wrapCloseInAction)
   at System.Data.SqlClient.TdsParser.ThrowExceptionAndWarning(TdsParserStateObject stateObj, Boolean callerHasConnectionLock, Boolean asyncClose)
   at System.Data.SqlClient.TdsParser.TryRun(RunBehavior runBehavior, SqlCommand cmdHandler, SqlDataReader dataStream, BulkCopySimpleResultSet bulkCopyHandler, TdsParserStateObject stateObj, Boolean& dataReady)
   at System.Data.SqlClient.SqlCommand.FinishExecuteReader(SqlDataReader ds, RunBehavior runBehavior, String resetOptionsString)
   at System.Data.SqlClient.SqlCommand.CompleteAsyncExecuteReader()
   at System.Data.SqlClient.SqlCommand.EndExecuteNonQueryInternal(IAsyncResult asyncResult)
   at System.Data.SqlClient.SqlCommand.EndExecuteNonQuery(IAsyncResult asyncResult)
   at System.Threading.Tasks.TaskFactory`1.FromAsyncCoreLogic(IAsyncResult iar, Func`2 endFunction, Action`1 endAction, Task`1 promise, Boolean requiresSynchronization)
--- End of stack trace from previous location ---
   at Dapper.SqlMapper.ExecuteImplAsync(IDbConnection cnn, CommandDefinition command, Object param) in /_/Dapper/SqlMapper.Async.cs:line 646
   at Com.XpressPayments.Data.LearningAndDevelopmentRepository.TrainingScheduleRepo.TrainingScheduleRepository.UpdateTrainingSchedule(TrainingScheduleUpdate TrainingSchedule, String updatedbyUserEmail)
ClientConnectionId:59d26d51-83c9-4ab6-9141-7a5840528f99
Error Number:8145,State:1,Class:16
[2023-08-31 15:32:10.876 +01:00  ERR]  Exception Occurred ==> @TrainingModeUpd is not a parameter for procedure Sp_TrainingSchedule.
[2023-08-31 15:32:10.878 +01:00  INF]  Executing OkObjectResult, writing value of type 'Com.XpressPayments.Data.GenericResponse.BaseResponse'.
[2023-08-31 15:32:10.879 +01:00  INF]  Executed action Com.XpressPayments.Api.LearningAndDevelopmentModuleController.Controller.TrainingScheduleController.UpdateTrainingSchedule (Com.XpressPayments.Api) in 24518.8586ms
[2023-08-31 15:32:10.880 +01:00  INF]  Executed endpoint 'Com.XpressPayments.Api.LearningAndDevelopmentModuleController.Controller.TrainingScheduleController.UpdateTrainingSchedule (Com.XpressPayments.Api)'
[2023-08-31 15:32:10.881 +01:00  INF]  Request finished HTTP/2 POST https://localhost:5001/api/TrainingSchedule/UpdateTrainingSchedule application/json 367 - 200 - application/json;+charset=utf-8 24545.4315ms
[2023-08-31 15:39:38.877 +01:00  INF]  Request starting HTTP/2 POST https://localhost:5001/api/TrainingSchedule/UpdateTrainingSchedule application/json 367
[2023-08-31 15:39:38.904 +01:00  INF]  CORS policy execution successful.
[2023-08-31 15:39:38.905 +01:00  INF]  Successfully validated the token.
[2023-08-31 15:39:38.906 +01:00  INF]  Executing endpoint 'Com.XpressPayments.Api.LearningAndDevelopmentModuleController.Controller.TrainingScheduleController.UpdateTrainingSchedule (Com.XpressPayments.Api)'
[2023-08-31 15:39:38.907 +01:00  INF]  Route matched with {action = "UpdateTrainingSchedule", controller = "TrainingSchedule"}. Executing controller action with signature System.Threading.Tasks.Task`1[Microsoft.AspNetCore.Mvc.IActionResult] UpdateTrainingSchedule(Com.XpressPayments.Data.LearningAndDevelopmentDTO.DTOs.TrainingScheduleUpdate) on controller Com.XpressPayments.Api.LearningAndDevelopmentModuleController.Controller.TrainingScheduleController (Com.XpressPayments.Api).
[2023-08-31 15:40:48.705 +01:00  ERR]  Exception Occurred ==> Cannot implicitly convert type 'int' to 'string'
[2023-08-31 15:40:48.707 +01:00  INF]  Executing OkObjectResult, writing value of type 'Com.XpressPayments.Data.GenericResponse.BaseResponse'.
[2023-08-31 15:40:48.709 +01:00  INF]  Executed action Com.XpressPayments.Api.LearningAndDevelopmentModuleController.Controller.TrainingScheduleController.UpdateTrainingSchedule (Com.XpressPayments.Api) in 69800.8298ms
[2023-08-31 15:40:48.711 +01:00  INF]  Executed endpoint 'Com.XpressPayments.Api.LearningAndDevelopmentModuleController.Controller.TrainingScheduleController.UpdateTrainingSchedule (Com.XpressPayments.Api)'
[2023-08-31 15:40:48.712 +01:00  INF]  Request finished HTTP/2 POST https://localhost:5001/api/TrainingSchedule/UpdateTrainingSchedule application/json 367 - 200 - application/json;+charset=utf-8 69835.2956ms
[2023-08-31 15:48:38.124 +01:00  INF]  Request starting HTTP/2 POST https://localhost:5001/api/TrainingSchedule/UpdateTrainingSchedule application/json 367
[2023-08-31 15:48:38.159 +01:00  INF]  CORS policy execution successful.
[2023-08-31 15:48:38.163 +01:00  INF]  Successfully validated the token.
[2023-08-31 15:48:38.164 +01:00  INF]  Executing endpoint 'Com.XpressPayments.Api.LearningAndDevelopmentModuleController.Controller.TrainingScheduleController.UpdateTrainingSchedule (Com.XpressPayments.Api)'
[2023-08-31 15:48:38.165 +01:00  INF]  Route matched with {action = "UpdateTrainingSchedule", controller = "TrainingSchedule"}. Executing controller action with signature System.Threading.Tasks.Task`1[Microsoft.AspNetCore.Mvc.IActionResult] UpdateTrainingSchedule(Com.XpressPayments.Data.LearningAndDevelopmentDTO.DTOs.TrainingScheduleUpdate) on controller Com.XpressPayments.Api.LearningAndDevelopmentModuleController.Controller.TrainingScheduleController (Com.XpressPayments.Api).
[2023-08-31 15:49:05.342 +01:00  ERR]  Exception Occurred ==> Cannot implicitly convert type 'int' to 'string'
[2023-08-31 15:49:05.343 +01:00  INF]  Executing OkObjectResult, writing value of type 'Com.XpressPayments.Data.GenericResponse.BaseResponse'.
[2023-08-31 15:49:05.344 +01:00  INF]  Executed action Com.XpressPayments.Api.LearningAndDevelopmentModuleController.Controller.TrainingScheduleController.UpdateTrainingSchedule (Com.XpressPayments.Api) in 27177.9058ms
[2023-08-31 15:49:05.346 +01:00  INF]  Executed endpoint 'Com.XpressPayments.Api.LearningAndDevelopmentModuleController.Controller.TrainingScheduleController.UpdateTrainingSchedule (Com.XpressPayments.Api)'
[2023-08-31 15:49:05.347 +01:00  INF]  Request finished HTTP/2 POST https://localhost:5001/api/TrainingSchedule/UpdateTrainingSchedule application/json 367 - 200 - application/json;+charset=utf-8 27223.7705ms
[2023-08-31 15:49:23.166 +01:00  INF]  Request starting HTTP/2 POST https://localhost:5001/api/TrainingSchedule/UpdateTrainingSchedule application/json 367
[2023-08-31 15:49:23.227 +01:00  INF]  CORS policy execution successful.
[2023-08-31 15:49:23.230 +01:00  INF]  Successfully validated the token.
[2023-08-31 15:49:23.230 +01:00  INF]  Executing endpoint 'Com.XpressPayments.Api.LearningAndDevelopmentModuleController.Controller.TrainingScheduleController.UpdateTrainingSchedule (Com.XpressPayments.Api)'
[2023-08-31 15:49:23.231 +01:00  INF]  Route matched with {action = "UpdateTrainingSchedule", controller = "TrainingSchedule"}. Executing controller action with signature System.Threading.Tasks.Task`1[Microsoft.AspNetCore.Mvc.IActionResult] UpdateTrainingSchedule(Com.XpressPayments.Data.LearningAndDevelopmentDTO.DTOs.TrainingScheduleUpdate) on controller Com.XpressPayments.Api.LearningAndDevelopmentModuleController.Controller.TrainingScheduleController (Com.XpressPayments.Api).
[2023-08-31 15:53:45.013 +01:00  ERR]  Exception Occurred ==> Cannot implicitly convert type 'int' to 'string'
[2023-08-31 15:53:45.077 +01:00  INF]  Executing OkObjectResult, writing value of type 'Com.XpressPayments.Data.GenericResponse.BaseResponse'.
[2023-08-31 15:53:45.091 +01:00  INF]  Executed action Com.XpressPayments.Api.LearningAndDevelopmentModuleController.Controller.TrainingScheduleController.UpdateTrainingSchedule (Com.XpressPayments.Api) in 261858.0955ms
[2023-08-31 15:53:45.093 +01:00  INF]  Executed endpoint 'Com.XpressPayments.Api.LearningAndDevelopmentModuleController.Controller.TrainingScheduleController.UpdateTrainingSchedule (Com.XpressPayments.Api)'
[2023-08-31 15:53:45.094 +01:00  INF]  Request finished HTTP/2 POST https://localhost:5001/api/TrainingSchedule/UpdateTrainingSchedule application/json 367 - 200 - application/json;+charset=utf-8 261927.1999ms
[2023-08-31 15:56:27.089 +01:00  INF]  Request starting HTTP/2 POST https://localhost:5001/api/TrainingSchedule/UpdateTrainingSchedule application/json 367
[2023-08-31 15:56:27.122 +01:00  INF]  CORS policy execution successful.
[2023-08-31 15:56:27.126 +01:00  INF]  Successfully validated the token.
[2023-08-31 15:56:27.126 +01:00  INF]  Executing endpoint 'Com.XpressPayments.Api.LearningAndDevelopmentModuleController.Controller.TrainingScheduleController.UpdateTrainingSchedule (Com.XpressPayments.Api)'
[2023-08-31 15:56:27.127 +01:00  INF]  Route matched with {action = "UpdateTrainingSchedule", controller = "TrainingSchedule"}. Executing controller action with signature System.Threading.Tasks.Task`1[Microsoft.AspNetCore.Mvc.IActionResult] UpdateTrainingSchedule(Com.XpressPayments.Data.LearningAndDevelopmentDTO.DTOs.TrainingScheduleUpdate) on controller Com.XpressPayments.Api.LearningAndDevelopmentModuleController.Controller.TrainingScheduleController (Com.XpressPayments.Api).
[2023-08-31 15:57:55.123 +01:00  INF]  Training Schedule updated successfully.
[2023-08-31 15:57:58.361 +01:00  INF]  Executing OkObjectResult, writing value of type 'Com.XpressPayments.Data.GenericResponse.BaseResponse'.
[2023-08-31 15:57:58.366 +01:00  INF]  Executed action Com.XpressPayments.Api.LearningAndDevelopmentModuleController.Controller.TrainingScheduleController.UpdateTrainingSchedule (Com.XpressPayments.Api) in 91237.5225ms
[2023-08-31 15:57:58.367 +01:00  INF]  Executed endpoint 'Com.XpressPayments.Api.LearningAndDevelopmentModuleController.Controller.TrainingScheduleController.UpdateTrainingSchedule (Com.XpressPayments.Api)'
[2023-08-31 15:57:58.369 +01:00  INF]  Request finished HTTP/2 POST https://localhost:5001/api/TrainingSchedule/UpdateTrainingSchedule application/json 367 - 200 - application/json;+charset=utf-8 91279.9755ms
[2023-08-31 15:59:05.831 +01:00  INF]  Request starting HTTP/2 POST https://localhost:5001/api/TrainingSchedule/DeleteTrainingSchedule application/json 61
[2023-08-31 15:59:05.864 +01:00  INF]  CORS policy execution successful.
[2023-08-31 15:59:05.868 +01:00  INF]  Successfully validated the token.
[2023-08-31 15:59:05.869 +01:00  INF]  Executing endpoint 'Com.XpressPayments.Api.LearningAndDevelopmentModuleController.Controller.TrainingScheduleController.DeleteTrainingSchedule (Com.XpressPayments.Api)'
[2023-08-31 15:59:05.872 +01:00  INF]  Route matched with {action = "DeleteTrainingSchedule", controller = "TrainingSchedule"}. Executing controller action with signature System.Threading.Tasks.Task`1[Microsoft.AspNetCore.Mvc.IActionResult] DeleteTrainingSchedule(Com.XpressPayments.Data.LearningAndDevelopmentDTO.DTOs.TrainingScheduleDelete) on controller Com.XpressPayments.Api.LearningAndDevelopmentModuleController.Controller.TrainingScheduleController (Com.XpressPayments.Api).
[2023-08-31 15:59:06.133 +01:00  ERR]  Exception Occurred ==> 'int' does not contain a definition for 'Contains'
[2023-08-31 15:59:06.135 +01:00  INF]  Executing OkObjectResult, writing value of type 'Com.XpressPayments.Data.GenericResponse.BaseResponse'.
[2023-08-31 15:59:06.137 +01:00  INF]  Executed action Com.XpressPayments.Api.LearningAndDevelopmentModuleController.Controller.TrainingScheduleController.DeleteTrainingSchedule (Com.XpressPayments.Api) in 263.1784ms
[2023-08-31 15:59:06.138 +01:00  INF]  Executed endpoint 'Com.XpressPayments.Api.LearningAndDevelopmentModuleController.Controller.TrainingScheduleController.DeleteTrainingSchedule (Com.XpressPayments.Api)'
[2023-08-31 15:59:06.139 +01:00  INF]  Request finished HTTP/2 POST https://localhost:5001/api/TrainingSchedule/DeleteTrainingSchedule application/json 61 - 200 - application/json;+charset=utf-8 308.3634ms
[2023-08-31 16:01:54.728 +01:00  INF]  Request starting HTTP/2 POST https://localhost:5001/api/TrainingSchedule/DeleteTrainingSchedule application/json 61
[2023-08-31 16:01:54.739 +01:00  INF]  CORS policy execution successful.
[2023-08-31 16:01:54.743 +01:00  INF]  Successfully validated the token.
[2023-08-31 16:01:54.744 +01:00  INF]  Executing endpoint 'Com.XpressPayments.Api.LearningAndDevelopmentModuleController.Controller.TrainingScheduleController.DeleteTrainingSchedule (Com.XpressPayments.Api)'
[2023-08-31 16:01:54.744 +01:00  INF]  Route matched with {action = "DeleteTrainingSchedule", controller = "TrainingSchedule"}. Executing controller action with signature System.Threading.Tasks.Task`1[Microsoft.AspNetCore.Mvc.IActionResult] DeleteTrainingSchedule(Com.XpressPayments.Data.LearningAndDevelopmentDTO.DTOs.TrainingScheduleDelete) on controller Com.XpressPayments.Api.LearningAndDevelopmentModuleController.Controller.TrainingScheduleController (Com.XpressPayments.Api).
[2023-08-31 16:01:55.145 +01:00  ERR]  Exception Occurred ==> 'int' does not contain a definition for 'Contains'
[2023-08-31 16:01:55.148 +01:00  INF]  Executing OkObjectResult, writing value of type 'Com.XpressPayments.Data.GenericResponse.BaseResponse'.
[2023-08-31 16:01:55.150 +01:00  INF]  Executed action Com.XpressPayments.Api.LearningAndDevelopmentModuleController.Controller.TrainingScheduleController.DeleteTrainingSchedule (Com.XpressPayments.Api) in 404.1855ms
[2023-08-31 16:01:55.152 +01:00  INF]  Executed endpoint 'Com.XpressPayments.Api.LearningAndDevelopmentModuleController.Controller.TrainingScheduleController.DeleteTrainingSchedule (Com.XpressPayments.Api)'
[2023-08-31 16:01:55.156 +01:00  INF]  Request finished HTTP/2 POST https://localhost:5001/api/TrainingSchedule/DeleteTrainingSchedule application/json 61 - 200 - application/json;+charset=utf-8 427.2772ms
[2023-08-31 16:04:08.099 +01:00  INF]  Request starting HTTP/2 POST https://localhost:5001/api/TrainingSchedule/CreateTrainingSchedule application/json 439
[2023-08-31 16:04:08.176 +01:00  INF]  CORS policy execution successful.
[2023-08-31 16:04:08.245 +01:00  INF]  Successfully validated the token.
[2023-08-31 16:04:08.246 +01:00  INF]  Executing endpoint 'Com.XpressPayments.Api.LearningAndDevelopmentModuleController.Controller.TrainingScheduleController.CreateTrainingSchedule (Com.XpressPayments.Api)'
[2023-08-31 16:04:08.249 +01:00  INF]  Route matched with {action = "CreateTrainingSchedule", controller = "TrainingSchedule"}. Executing controller action with signature System.Threading.Tasks.Task`1[Microsoft.AspNetCore.Mvc.IActionResult] CreateTrainingSchedule(Com.XpressPayments.Data.LearningAndDevelopmentDTO.DTOs.TrainingScheduleCreate) on controller Com.XpressPayments.Api.LearningAndDevelopmentModuleController.Controller.TrainingScheduleController (Com.XpressPayments.Api).
[2023-08-31 16:04:09.418 +01:00  INF]  Executing OkObjectResult, writing value of type 'Com.XpressPayments.Data.GenericResponse.BaseResponse'.
[2023-08-31 16:04:09.431 +01:00  INF]  Executed action Com.XpressPayments.Api.LearningAndDevelopmentModuleController.Controller.TrainingScheduleController.CreateTrainingSchedule (Com.XpressPayments.Api) in 1180.2203ms
[2023-08-31 16:04:09.441 +01:00  INF]  Executed endpoint 'Com.XpressPayments.Api.LearningAndDevelopmentModuleController.Controller.TrainingScheduleController.CreateTrainingSchedule (Com.XpressPayments.Api)'
[2023-08-31 16:04:09.442 +01:00  INF]  Request finished HTTP/2 POST https://localhost:5001/api/TrainingSchedule/CreateTrainingSchedule application/json 439 - 200 - application/json;+charset=utf-8 1343.7339ms
[2023-08-31 16:05:07.313 +01:00  INF]  Request starting HTTP/2 POST https://localhost:5001/api/TrainingSchedule/DeleteTrainingSchedule application/json 61
[2023-08-31 16:05:07.344 +01:00  INF]  CORS policy execution successful.
[2023-08-31 16:05:07.345 +01:00  INF]  Successfully validated the token.
[2023-08-31 16:05:07.346 +01:00  INF]  Executing endpoint 'Com.XpressPayments.Api.LearningAndDevelopmentModuleController.Controller.TrainingScheduleController.DeleteTrainingSchedule (Com.XpressPayments.Api)'
[2023-08-31 16:05:07.347 +01:00  INF]  Route matched with {action = "DeleteTrainingSchedule", controller = "TrainingSchedule"}. Executing controller action with signature System.Threading.Tasks.Task`1[Microsoft.AspNetCore.Mvc.IActionResult] DeleteTrainingSchedule(Com.XpressPayments.Data.LearningAndDevelopmentDTO.DTOs.TrainingScheduleDelete) on controller Com.XpressPayments.Api.LearningAndDevelopmentModuleController.Controller.TrainingScheduleController (Com.XpressPayments.Api).
[2023-08-31 16:05:27.140 +01:00  ERR]  Exception Occurred ==> Cannot perform runtime binding on a null reference
[2023-08-31 16:05:27.145 +01:00  INF]  Executing OkObjectResult, writing value of type 'Com.XpressPayments.Data.GenericResponse.BaseResponse'.
[2023-08-31 16:05:27.146 +01:00  INF]  Executed action Com.XpressPayments.Api.LearningAndDevelopmentModuleController.Controller.TrainingScheduleController.DeleteTrainingSchedule (Com.XpressPayments.Api) in 19798.6742ms
[2023-08-31 16:05:27.148 +01:00  INF]  Executed endpoint 'Com.XpressPayments.Api.LearningAndDevelopmentModuleController.Controller.TrainingScheduleController.DeleteTrainingSchedule (Com.XpressPayments.Api)'
[2023-08-31 16:05:27.149 +01:00  INF]  Request finished HTTP/2 POST https://localhost:5001/api/TrainingSchedule/DeleteTrainingSchedule application/json 61 - 200 - application/json;+charset=utf-8 19835.8022ms
[2023-08-31 16:07:43.300 +01:00  INF]  User profile is available. Using 'C:\Users\noble.nwabuike\AppData\Local\ASP.NET\DataProtection-Keys' as key repository and Windows DPAPI to encrypt keys at rest.
[2023-08-31 16:07:43.935 +01:00  INF]  Now listening on: https://localhost:5001
[2023-08-31 16:07:43.936 +01:00  INF]  Now listening on: http://localhost:5000
[2023-08-31 16:07:43.943 +01:00  INF]  Application started. Press Ctrl+C to shut down.
[2023-08-31 16:07:43.947 +01:00  INF]  Hosting environment: Development
[2023-08-31 16:07:43.950 +01:00  INF]  Content root path: C:\Users\noble.nwabuike\Downloads\hrms-be-backend\Com.XpressPayments.Api\
[2023-08-31 16:07:44.648 +01:00  INF]  Request starting HTTP/2 GET https://localhost:5001/index.html - -
[2023-08-31 16:07:45.264 +01:00  INF]  Request finished HTTP/2 GET https://localhost:5001/index.html - - - 200 - text/html;charset=utf-8 620.6957ms
[2023-08-31 16:07:45.284 +01:00  INF]  Request starting HTTP/2 GET https://localhost:5001/_framework/aspnetcore-browser-refresh.js - -
[2023-08-31 16:07:45.298 +01:00  INF]  Request starting HTTP/2 GET https://localhost:5001/_vs/browserLink - -
[2023-08-31 16:07:45.300 +01:00  INF]  Request finished HTTP/2 GET https://localhost:5001/_framework/aspnetcore-browser-refresh.js - - - 200 12014 application/javascript;+charset=utf-8 15.5583ms
[2023-08-31 16:07:45.339 +01:00  INF]  Request finished HTTP/2 GET https://localhost:5001/_vs/browserLink - - - 200 - text/javascript;+charset=UTF-8 40.9252ms
[2023-08-31 16:07:45.431 +01:00  INF]  Request starting HTTP/2 GET https://localhost:5001/swagger/v1/swagger.json - -
[2023-08-31 16:07:45.658 +01:00  INF]  Request finished HTTP/2 GET https://localhost:5001/swagger/v1/swagger.json - - - 200 - application/json;charset=utf-8 227.0682ms
[2023-08-31 16:08:32.099 +01:00  INF]  Request starting HTTP/2 POST https://localhost:5001/api/TrainingSchedule/DeleteTrainingSchedule application/json 68
[2023-08-31 16:08:32.112 +01:00  INF]  CORS policy execution successful.
[2023-08-31 16:08:32.620 +01:00  INF]  Successfully validated the token.
[2023-08-31 16:08:32.636 +01:00  INF]  Executing endpoint 'Com.XpressPayments.Api.LearningAndDevelopmentModuleController.Controller.TrainingScheduleController.DeleteTrainingSchedule (Com.XpressPayments.Api)'
[2023-08-31 16:08:32.681 +01:00  INF]  Route matched with {action = "DeleteTrainingSchedule", controller = "TrainingSchedule"}. Executing controller action with signature System.Threading.Tasks.Task`1[Microsoft.AspNetCore.Mvc.IActionResult] DeleteTrainingSchedule(Com.XpressPayments.Data.LearningAndDevelopmentDTO.DTOs.TrainingScheduleDelete) on controller Com.XpressPayments.Api.LearningAndDevelopmentModuleController.Controller.TrainingScheduleController (Com.XpressPayments.Api).
[2023-08-31 16:09:07.942 +01:00  ERR]  Exception Occurred ==> Cannot implicitly convert type 'int' to 'string'
[2023-08-31 16:09:07.954 +01:00  INF]  Executing OkObjectResult, writing value of type 'Com.XpressPayments.Data.GenericResponse.BaseResponse'.
[2023-08-31 16:09:07.965 +01:00  INF]  Executed action Com.XpressPayments.Api.LearningAndDevelopmentModuleController.Controller.TrainingScheduleController.DeleteTrainingSchedule (Com.XpressPayments.Api) in 35275.8153ms
[2023-08-31 16:09:07.973 +01:00  INF]  Executed endpoint 'Com.XpressPayments.Api.LearningAndDevelopmentModuleController.Controller.TrainingScheduleController.DeleteTrainingSchedule (Com.XpressPayments.Api)'
[2023-08-31 16:09:07.988 +01:00  INF]  Request finished HTTP/2 POST https://localhost:5001/api/TrainingSchedule/DeleteTrainingSchedule application/json 68 - 200 - application/json;+charset=utf-8 35888.9512ms
[2023-08-31 16:13:38.863 +01:00  INF]  Request starting HTTP/2 POST https://localhost:5001/api/TrainingSchedule/DeleteTrainingSchedule application/json 61
[2023-08-31 16:13:38.986 +01:00  INF]  CORS policy execution successful.
[2023-08-31 16:13:38.989 +01:00  INF]  Successfully validated the token.
[2023-08-31 16:13:38.993 +01:00  INF]  Executing endpoint 'Com.XpressPayments.Api.LearningAndDevelopmentModuleController.Controller.TrainingScheduleController.DeleteTrainingSchedule (Com.XpressPayments.Api)'
[2023-08-31 16:13:38.996 +01:00  INF]  Route matched with {action = "DeleteTrainingSchedule", controller = "TrainingSchedule"}. Executing controller action with signature System.Threading.Tasks.Task`1[Microsoft.AspNetCore.Mvc.IActionResult] DeleteTrainingSchedule(Com.XpressPayments.Data.LearningAndDevelopmentDTO.DTOs.TrainingScheduleDelete) on controller Com.XpressPayments.Api.LearningAndDevelopmentModuleController.Controller.TrainingScheduleController (Com.XpressPayments.Api).
[2023-08-31 16:14:12.712 +01:00  INF]  Executing OkObjectResult, writing value of type 'Com.XpressPayments.Data.GenericResponse.BaseResponse'.
[2023-08-31 16:14:12.718 +01:00  INF]  Executed action Com.XpressPayments.Api.LearningAndDevelopmentModuleController.Controller.TrainingScheduleController.DeleteTrainingSchedule (Com.XpressPayments.Api) in 33719.7782ms
[2023-08-31 16:14:12.720 +01:00  INF]  Executed endpoint 'Com.XpressPayments.Api.LearningAndDevelopmentModuleController.Controller.TrainingScheduleController.DeleteTrainingSchedule (Com.XpressPayments.Api)'
[2023-08-31 16:14:12.721 +01:00  INF]  Request finished HTTP/2 POST https://localhost:5001/api/TrainingSchedule/DeleteTrainingSchedule application/json 61 - 200 - application/json;+charset=utf-8 33859.1324ms
[2023-08-31 16:14:46.340 +01:00  INF]  Request starting HTTP/2 GET https://localhost:5001/api/TrainingSchedule/GetAllTrainingSchedule - -
[2023-08-31 16:14:46.351 +01:00  INF]  Successfully validated the token.
[2023-08-31 16:14:46.353 +01:00  INF]  Executing endpoint 'Com.XpressPayments.Api.LearningAndDevelopmentModuleController.Controller.TrainingScheduleController.GetAllTrainingSchedule (Com.XpressPayments.Api)'
[2023-08-31 16:14:46.357 +01:00  INF]  Route matched with {action = "GetAllTrainingSchedule", controller = "TrainingSchedule"}. Executing controller action with signature System.Threading.Tasks.Task`1[Microsoft.AspNetCore.Mvc.IActionResult] GetAllTrainingSchedule() on controller Com.XpressPayments.Api.LearningAndDevelopmentModuleController.Controller.TrainingScheduleController (Com.XpressPayments.Api).
[2023-08-31 16:14:49.576 +01:00  INF]  Executing OkObjectResult, writing value of type 'Com.XpressPayments.Data.GenericResponse.BaseResponse'.
[2023-08-31 16:14:49.594 +01:00  INF]  Executed action Com.XpressPayments.Api.LearningAndDevelopmentModuleController.Controller.TrainingScheduleController.GetAllTrainingSchedule (Com.XpressPayments.Api) in 3234.5673ms
[2023-08-31 16:14:49.599 +01:00  INF]  Executed endpoint 'Com.XpressPayments.Api.LearningAndDevelopmentModuleController.Controller.TrainingScheduleController.GetAllTrainingSchedule (Com.XpressPayments.Api)'
[2023-08-31 16:14:49.600 +01:00  INF]  Request finished HTTP/2 GET https://localhost:5001/api/TrainingSchedule/GetAllTrainingSchedule - - - 200 - application/json;+charset=utf-8 3260.3458ms
[2023-08-31 16:15:17.557 +01:00  INF]  Request starting HTTP/2 GET https://localhost:5001/api/TrainingPlan/GetAllTrainingPlan - -
[2023-08-31 16:15:17.573 +01:00  INF]  Failed to validate the token.
Microsoft.IdentityModel.Tokens.SecurityTokenExpiredException: IDX10223: Lifetime validation failed. The token is expired. ValidTo: '31/08/2023 15:10:00', Current time: '31/08/2023 15:15:17'.
   at Microsoft.IdentityModel.Tokens.Validators.ValidateLifetime(Nullable`1 notBefore, Nullable`1 expires, SecurityToken securityToken, TokenValidationParameters validationParameters)
   at System.IdentityModel.Tokens.Jwt.JwtSecurityTokenHandler.ValidateTokenPayload(JwtSecurityToken jwtToken, TokenValidationParameters validationParameters, BaseConfiguration configuration)
   at System.IdentityModel.Tokens.Jwt.JwtSecurityTokenHandler.ValidateJWS(String token, TokenValidationParameters validationParameters, BaseConfiguration currentConfiguration, SecurityToken& signatureValidatedToken, ExceptionDispatchInfo& exceptionThrown)
--- End of stack trace from previous location ---
   at System.IdentityModel.Tokens.Jwt.JwtSecurityTokenHandler.ValidateToken(String token, JwtSecurityToken outerToken, TokenValidationParameters validationParameters, SecurityToken& signatureValidatedToken)
   at System.IdentityModel.Tokens.Jwt.JwtSecurityTokenHandler.ValidateToken(String token, TokenValidationParameters validationParameters, SecurityToken& validatedToken)
   at Microsoft.AspNetCore.Authentication.JwtBearer.JwtBearerHandler.HandleAuthenticateAsync()
[2023-08-31 16:15:17.701 +01:00  INF]  Bearer was not authenticated. Failure message: IDX10223: Lifetime validation failed. The token is expired. ValidTo: '31/08/2023 15:10:00', Current time: '31/08/2023 15:15:17'.
[2023-08-31 16:15:17.704 +01:00  INF]  Authorization failed. These requirements were not met:
DenyAnonymousAuthorizationRequirement: Requires an authenticated user.
[2023-08-31 16:15:17.716 +01:00  INF]  AuthenticationScheme: Bearer was challenged.
[2023-08-31 16:15:17.718 +01:00  INF]  Request finished HTTP/2 GET https://localhost:5001/api/TrainingPlan/GetAllTrainingPlan - - - 401 0 - 161.0911ms
[2023-08-31 16:16:06.629 +01:00  INF]  Request starting HTTP/2 POST https://localhost:5001/api/Auth/Logout application/json 48
[2023-08-31 16:16:06.641 +01:00  INF]  CORS policy execution successful.
[2023-08-31 16:16:06.647 +01:00  INF]  Failed to validate the token.
Microsoft.IdentityModel.Tokens.SecurityTokenExpiredException: IDX10223: Lifetime validation failed. The token is expired. ValidTo: '31/08/2023 15:10:00', Current time: '31/08/2023 15:16:06'.
   at Microsoft.IdentityModel.Tokens.Validators.ValidateLifetime(Nullable`1 notBefore, Nullable`1 expires, SecurityToken securityToken, TokenValidationParameters validationParameters)
   at System.IdentityModel.Tokens.Jwt.JwtSecurityTokenHandler.ValidateTokenPayload(JwtSecurityToken jwtToken, TokenValidationParameters validationParameters, BaseConfiguration configuration)
   at System.IdentityModel.Tokens.Jwt.JwtSecurityTokenHandler.ValidateJWS(String token, TokenValidationParameters validationParameters, BaseConfiguration currentConfiguration, SecurityToken& signatureValidatedToken, ExceptionDispatchInfo& exceptionThrown)
--- End of stack trace from previous location ---
   at System.IdentityModel.Tokens.Jwt.JwtSecurityTokenHandler.ValidateToken(String token, JwtSecurityToken outerToken, TokenValidationParameters validationParameters, SecurityToken& signatureValidatedToken)
   at System.IdentityModel.Tokens.Jwt.JwtSecurityTokenHandler.ValidateToken(String token, TokenValidationParameters validationParameters, SecurityToken& validatedToken)
   at Microsoft.AspNetCore.Authentication.JwtBearer.JwtBearerHandler.HandleAuthenticateAsync()
[2023-08-31 16:16:06.650 +01:00  INF]  Bearer was not authenticated. Failure message: IDX10223: Lifetime validation failed. The token is expired. ValidTo: '31/08/2023 15:10:00', Current time: '31/08/2023 15:16:06'.
[2023-08-31 16:16:06.651 +01:00  INF]  Executing endpoint 'Com.XpressPayments.Api.Controllers.AuthController.Logout (Com.XpressPayments.Api)'
[2023-08-31 16:16:06.655 +01:00  INF]  Route matched with {action = "Logout", controller = "Auth"}. Executing controller action with signature System.Threading.Tasks.Task`1[Microsoft.AspNetCore.Mvc.IActionResult] Logout(Com.XpressPayments.Data.DTOs.Account.LogoutDto) on controller Com.XpressPayments.Api.Controllers.AuthController (Com.XpressPayments.Api).
[2023-08-31 16:16:06.884 +01:00  INF]  Executing OkObjectResult, writing value of type 'Com.XpressPayments.Data.GenericResponse.BaseResponse'.
[2023-08-31 16:16:06.890 +01:00  INF]  Executed action Com.XpressPayments.Api.Controllers.AuthController.Logout (Com.XpressPayments.Api) in 232.6266ms
[2023-08-31 16:16:06.897 +01:00  INF]  Executed endpoint 'Com.XpressPayments.Api.Controllers.AuthController.Logout (Com.XpressPayments.Api)'
[2023-08-31 16:16:06.903 +01:00  INF]  Request finished HTTP/2 POST https://localhost:5001/api/Auth/Logout application/json 48 - 200 - application/json;+charset=utf-8 273.6721ms
[2023-08-31 16:16:29.727 +01:00  INF]  Request starting HTTP/2 POST https://localhost:5001/api/Auth/Login application/json 82
[2023-08-31 16:16:29.743 +01:00  INF]  CORS policy execution successful.
[2023-08-31 16:16:29.747 +01:00  INF]  Failed to validate the token.
Microsoft.IdentityModel.Tokens.SecurityTokenExpiredException: IDX10223: Lifetime validation failed. The token is expired. ValidTo: '31/08/2023 15:10:00', Current time: '31/08/2023 15:16:29'.
   at Microsoft.IdentityModel.Tokens.Validators.ValidateLifetime(Nullable`1 notBefore, Nullable`1 expires, SecurityToken securityToken, TokenValidationParameters validationParameters)
   at System.IdentityModel.Tokens.Jwt.JwtSecurityTokenHandler.ValidateTokenPayload(JwtSecurityToken jwtToken, TokenValidationParameters validationParameters, BaseConfiguration configuration)
   at System.IdentityModel.Tokens.Jwt.JwtSecurityTokenHandler.ValidateJWS(String token, TokenValidationParameters validationParameters, BaseConfiguration currentConfiguration, SecurityToken& signatureValidatedToken, ExceptionDispatchInfo& exceptionThrown)
--- End of stack trace from previous location ---
   at System.IdentityModel.Tokens.Jwt.JwtSecurityTokenHandler.ValidateToken(String token, JwtSecurityToken outerToken, TokenValidationParameters validationParameters, SecurityToken& signatureValidatedToken)
   at System.IdentityModel.Tokens.Jwt.JwtSecurityTokenHandler.ValidateToken(String token, TokenValidationParameters validationParameters, SecurityToken& validatedToken)
   at Microsoft.AspNetCore.Authentication.JwtBearer.JwtBearerHandler.HandleAuthenticateAsync()
[2023-08-31 16:16:29.751 +01:00  INF]  Bearer was not authenticated. Failure message: IDX10223: Lifetime validation failed. The token is expired. ValidTo: '31/08/2023 15:10:00', Current time: '31/08/2023 15:16:29'.
[2023-08-31 16:16:29.753 +01:00  INF]  Executing endpoint 'Com.XpressPayments.Api.Controllers.AuthController.Login (Com.XpressPayments.Api)'
[2023-08-31 16:16:29.757 +01:00  INF]  Route matched with {action = "Login", controller = "Auth"}. Executing controller action with signature System.Threading.Tasks.Task`1[Microsoft.AspNetCore.Mvc.IActionResult] Login(Com.XpressPayments.Bussiness.ViewModels.LoginModel) on controller Com.XpressPayments.Api.Controllers.AuthController (Com.XpressPayments.Api).
[2023-08-31 16:16:34.429 +01:00  INF]  Executing OkObjectResult, writing value of type 'Com.XpressPayments.Data.GenericResponse.LoginResponse'.
[2023-08-31 16:16:34.454 +01:00  INF]  Executed action Com.XpressPayments.Api.Controllers.AuthController.Login (Com.XpressPayments.Api) in 4695.1263ms
[2023-08-31 16:16:34.457 +01:00  INF]  Executed endpoint 'Com.XpressPayments.Api.Controllers.AuthController.Login (Com.XpressPayments.Api)'
[2023-08-31 16:16:34.469 +01:00  INF]  Request finished HTTP/2 POST https://localhost:5001/api/Auth/Login application/json 82 - 200 - application/json;+charset=utf-8 4742.6167ms
[2023-08-31 16:17:01.715 +01:00  INF]  Request starting HTTP/2 GET https://localhost:5001/api/TrainingPlan/GetAllTrainingPlan - -
[2023-08-31 16:17:01.733 +01:00  INF]  Successfully validated the token.
[2023-08-31 16:17:01.733 +01:00  INF]  Executing endpoint 'Com.XpressPayments.Api.LearningAndDevelopmentModuleController.Controller.TrainingPlanController.GetAllTrainingPlan (Com.XpressPayments.Api)'
[2023-08-31 16:17:01.736 +01:00  INF]  Route matched with {action = "GetAllTrainingPlan", controller = "TrainingPlan"}. Executing controller action with signature System.Threading.Tasks.Task`1[Microsoft.AspNetCore.Mvc.IActionResult] GetAllTrainingPlan() on controller Com.XpressPayments.Api.LearningAndDevelopmentModuleController.Controller.TrainingPlanController (Com.XpressPayments.Api).
[2023-08-31 16:17:04.527 +01:00  INF]  Executing OkObjectResult, writing value of type 'Com.XpressPayments.Data.GenericResponse.BaseResponse'.
[2023-08-31 16:17:04.543 +01:00  INF]  Executed action Com.XpressPayments.Api.LearningAndDevelopmentModuleController.Controller.TrainingPlanController.GetAllTrainingPlan (Com.XpressPayments.Api) in 2805.2425ms
[2023-08-31 16:17:04.546 +01:00  INF]  Executed endpoint 'Com.XpressPayments.Api.LearningAndDevelopmentModuleController.Controller.TrainingPlanController.GetAllTrainingPlan (Com.XpressPayments.Api)'
[2023-08-31 16:17:04.548 +01:00  INF]  Request finished HTTP/2 GET https://localhost:5001/api/TrainingPlan/GetAllTrainingPlan - - - 200 - application/json;+charset=utf-8 2832.8164ms
[2023-08-31 16:24:45.129 +01:00  INF]  User profile is available. Using 'C:\Users\noble.nwabuike\AppData\Local\ASP.NET\DataProtection-Keys' as key repository and Windows DPAPI to encrypt keys at rest.
[2023-08-31 16:24:45.508 +01:00  INF]  Now listening on: https://localhost:5001
[2023-08-31 16:24:45.510 +01:00  INF]  Now listening on: http://localhost:5000
[2023-08-31 16:24:45.516 +01:00  INF]  Application started. Press Ctrl+C to shut down.
[2023-08-31 16:24:45.518 +01:00  INF]  Hosting environment: Development
[2023-08-31 16:24:45.519 +01:00  INF]  Content root path: C:\Users\noble.nwabuike\Downloads\hrms-be-backend\Com.XpressPayments.Api\
[2023-08-31 16:24:46.439 +01:00  INF]  Request starting HTTP/2 GET https://localhost:5001/index.html - -
[2023-08-31 16:24:46.958 +01:00  INF]  Request starting HTTP/2 GET https://localhost:5001/_vs/browserLink - -
[2023-08-31 16:24:46.959 +01:00  INF]  Request starting HTTP/2 GET https://localhost:5001/_framework/aspnetcore-browser-refresh.js - -
[2023-08-31 16:24:46.986 +01:00  INF]  Request finished HTTP/2 GET https://localhost:5001/index.html - - - 200 - text/html;charset=utf-8 539.9747ms
[2023-08-31 16:24:47.002 +01:00  INF]  Request finished HTTP/2 GET https://localhost:5001/_framework/aspnetcore-browser-refresh.js - - - 200 12014 application/javascript;+charset=utf-8 43.8123ms
[2023-08-31 16:24:47.042 +01:00  INF]  Request finished HTTP/2 GET https://localhost:5001/_vs/browserLink - - - 200 - text/javascript;+charset=UTF-8 83.8519ms
[2023-08-31 16:24:47.157 +01:00  INF]  Request starting HTTP/2 GET https://localhost:5001/swagger/v1/swagger.json - -
[2023-08-31 16:24:47.395 +01:00  INF]  Request finished HTTP/2 GET https://localhost:5001/swagger/v1/swagger.json - - - 200 - application/json;charset=utf-8 238.4648ms
[2023-08-31 16:26:37.895 +01:00  INF]  Request starting HTTP/2 GET https://localhost:5001/api/TrainingSchedule/GetAllActiveTrainingSchedule - -
[2023-08-31 16:26:38.334 +01:00  INF]  Successfully validated the token.
[2023-08-31 16:26:38.353 +01:00  INF]  Executing endpoint 'Com.XpressPayments.Api.LearningAndDevelopmentModuleController.Controller.TrainingScheduleController.GetAllActiveTrainingSchedule (Com.XpressPayments.Api)'
[2023-08-31 16:26:38.380 +01:00  INF]  Route matched with {action = "GetAllActiveTrainingSchedule", controller = "TrainingSchedule"}. Executing controller action with signature System.Threading.Tasks.Task`1[Microsoft.AspNetCore.Mvc.IActionResult] GetAllActiveTrainingSchedule() on controller Com.XpressPayments.Api.LearningAndDevelopmentModuleController.Controller.TrainingScheduleController (Com.XpressPayments.Api).
[2023-08-31 16:26:43.298 +01:00  INF]  Executing OkObjectResult, writing value of type 'Com.XpressPayments.Data.GenericResponse.BaseResponse'.
[2023-08-31 16:26:43.330 +01:00  INF]  Executed action Com.XpressPayments.Api.LearningAndDevelopmentModuleController.Controller.TrainingScheduleController.GetAllActiveTrainingSchedule (Com.XpressPayments.Api) in 4932.0055ms
[2023-08-31 16:26:43.339 +01:00  INF]  Executed endpoint 'Com.XpressPayments.Api.LearningAndDevelopmentModuleController.Controller.TrainingScheduleController.GetAllActiveTrainingSchedule (Com.XpressPayments.Api)'
[2023-08-31 16:26:43.344 +01:00  INF]  Request finished HTTP/2 GET https://localhost:5001/api/TrainingSchedule/GetAllActiveTrainingSchedule - - - 200 - application/json;+charset=utf-8 5448.5652ms
[2023-08-31 16:27:33.695 +01:00  INF]  Request starting HTTP/2 GET https://localhost:5001/api/TrainingPlan/GetAllActiveTrainingPlan - -
[2023-08-31 16:27:33.709 +01:00  INF]  Successfully validated the token.
[2023-08-31 16:27:33.711 +01:00  INF]  Executing endpoint 'Com.XpressPayments.Api.LearningAndDevelopmentModuleController.Controller.TrainingPlanController.GetAllActiveTrainingPlan (Com.XpressPayments.Api)'
[2023-08-31 16:27:33.720 +01:00  INF]  Route matched with {action = "GetAllActiveTrainingPlan", controller = "TrainingPlan"}. Executing controller action with signature System.Threading.Tasks.Task`1[Microsoft.AspNetCore.Mvc.IActionResult] GetAllActiveTrainingPlan() on controller Com.XpressPayments.Api.LearningAndDevelopmentModuleController.Controller.TrainingPlanController (Com.XpressPayments.Api).
[2023-08-31 16:27:36.539 +01:00  INF]  Executing OkObjectResult, writing value of type 'Com.XpressPayments.Data.GenericResponse.BaseResponse'.
[2023-08-31 16:27:36.541 +01:00  INF]  Executed action Com.XpressPayments.Api.LearningAndDevelopmentModuleController.Controller.TrainingPlanController.GetAllActiveTrainingPlan (Com.XpressPayments.Api) in 2818.2331ms
[2023-08-31 16:27:36.550 +01:00  INF]  Executed endpoint 'Com.XpressPayments.Api.LearningAndDevelopmentModuleController.Controller.TrainingPlanController.GetAllActiveTrainingPlan (Com.XpressPayments.Api)'
[2023-08-31 16:27:36.553 +01:00  INF]  Request finished HTTP/2 GET https://localhost:5001/api/TrainingPlan/GetAllActiveTrainingPlan - - - 200 - application/json;+charset=utf-8 2857.7310ms
[2023-08-31 16:31:24.910 +01:00  INF]  Request starting HTTP/2 GET https://localhost:5001/api/TrainingPlan/GetAllActiveTrainingPlan - -
[2023-08-31 16:31:24.953 +01:00  INF]  Successfully validated the token.
[2023-08-31 16:31:24.954 +01:00  INF]  Executing endpoint 'Com.XpressPayments.Api.LearningAndDevelopmentModuleController.Controller.TrainingPlanController.GetAllActiveTrainingPlan (Com.XpressPayments.Api)'
[2023-08-31 16:31:24.958 +01:00  INF]  Route matched with {action = "GetAllActiveTrainingPlan", controller = "TrainingPlan"}. Executing controller action with signature System.Threading.Tasks.Task`1[Microsoft.AspNetCore.Mvc.IActionResult] GetAllActiveTrainingPlan() on controller Com.XpressPayments.Api.LearningAndDevelopmentModuleController.Controller.TrainingPlanController (Com.XpressPayments.Api).
[2023-08-31 16:33:11.900 +01:00  INF]  Executing OkObjectResult, writing value of type 'Com.XpressPayments.Data.GenericResponse.BaseResponse'.
[2023-08-31 16:33:11.911 +01:00  INF]  Executed action Com.XpressPayments.Api.LearningAndDevelopmentModuleController.Controller.TrainingPlanController.GetAllActiveTrainingPlan (Com.XpressPayments.Api) in 106950.772ms
[2023-08-31 16:33:11.913 +01:00  INF]  Executed endpoint 'Com.XpressPayments.Api.LearningAndDevelopmentModuleController.Controller.TrainingPlanController.GetAllActiveTrainingPlan (Com.XpressPayments.Api)'
[2023-08-31 16:33:11.914 +01:00  INF]  Request finished HTTP/2 GET https://localhost:5001/api/TrainingPlan/GetAllActiveTrainingPlan - - - 200 - application/json;+charset=utf-8 107005.0914ms
[2023-08-31 16:42:48.708 +01:00  INF]  Request starting HTTP/2 GET https://localhost:5001/api/TrainingPlan/GetAllActiveTrainingPlan - -
[2023-08-31 16:42:48.731 +01:00  INF]  Successfully validated the token.
[2023-08-31 16:42:48.736 +01:00  INF]  Executing endpoint 'Com.XpressPayments.Api.LearningAndDevelopmentModuleController.Controller.TrainingPlanController.GetAllActiveTrainingPlan (Com.XpressPayments.Api)'
[2023-08-31 16:42:48.753 +01:00  INF]  Route matched with {action = "GetAllActiveTrainingPlan", controller = "TrainingPlan"}. Executing controller action with signature System.Threading.Tasks.Task`1[Microsoft.AspNetCore.Mvc.IActionResult] GetAllActiveTrainingPlan() on controller Com.XpressPayments.Api.LearningAndDevelopmentModuleController.Controller.TrainingPlanController (Com.XpressPayments.Api).
[2023-08-31 16:43:34.857 +01:00  INF]  Executing OkObjectResult, writing value of type 'Com.XpressPayments.Data.GenericResponse.BaseResponse'.
[2023-08-31 16:43:34.863 +01:00  INF]  Executed action Com.XpressPayments.Api.LearningAndDevelopmentModuleController.Controller.TrainingPlanController.GetAllActiveTrainingPlan (Com.XpressPayments.Api) in 46099.1795ms
[2023-08-31 16:43:34.867 +01:00  INF]  Executed endpoint 'Com.XpressPayments.Api.LearningAndDevelopmentModuleController.Controller.TrainingPlanController.GetAllActiveTrainingPlan (Com.XpressPayments.Api)'
[2023-08-31 16:43:34.871 +01:00  INF]  Request finished HTTP/2 GET https://localhost:5001/api/TrainingPlan/GetAllActiveTrainingPlan - - - 200 - application/json;+charset=utf-8 46163.9507ms
[2023-08-31 16:45:23.737 +01:00  INF]  Request starting HTTP/2 GET https://localhost:5001/api/TrainingPlan/GetAllActiveTrainingPlan - -
[2023-08-31 16:45:23.798 +01:00  INF]  Successfully validated the token.
[2023-08-31 16:45:23.801 +01:00  INF]  Executing endpoint 'Com.XpressPayments.Api.LearningAndDevelopmentModuleController.Controller.TrainingPlanController.GetAllActiveTrainingPlan (Com.XpressPayments.Api)'
[2023-08-31 16:45:23.814 +01:00  INF]  Route matched with {action = "GetAllActiveTrainingPlan", controller = "TrainingPlan"}. Executing controller action with signature System.Threading.Tasks.Task`1[Microsoft.AspNetCore.Mvc.IActionResult] GetAllActiveTrainingPlan() on controller Com.XpressPayments.Api.LearningAndDevelopmentModuleController.Controller.TrainingPlanController (Com.XpressPayments.Api).
[2023-08-31 16:47:14.993 +01:00  INF]  Executing OkObjectResult, writing value of type 'Com.XpressPayments.Data.GenericResponse.BaseResponse'.
[2023-08-31 16:47:14.997 +01:00  INF]  Executed action Com.XpressPayments.Api.LearningAndDevelopmentModuleController.Controller.TrainingPlanController.GetAllActiveTrainingPlan (Com.XpressPayments.Api) in 111175.5757ms
[2023-08-31 16:47:15.001 +01:00  INF]  Executed endpoint 'Com.XpressPayments.Api.LearningAndDevelopmentModuleController.Controller.TrainingPlanController.GetAllActiveTrainingPlan (Com.XpressPayments.Api)'
[2023-08-31 16:47:15.004 +01:00  INF]  Request finished HTTP/2 GET https://localhost:5001/api/TrainingPlan/GetAllActiveTrainingPlan - - - 200 - application/json;+charset=utf-8 111267.4097ms
[2023-08-31 16:48:26.191 +01:00  INF]  Request starting HTTP/2 GET https://localhost:5001/api/TrainingPlan/GetAllActiveTrainingPlan - -
[2023-08-31 16:48:26.249 +01:00  INF]  Successfully validated the token.
[2023-08-31 16:48:26.253 +01:00  INF]  Executing endpoint 'Com.XpressPayments.Api.LearningAndDevelopmentModuleController.Controller.TrainingPlanController.GetAllActiveTrainingPlan (Com.XpressPayments.Api)'
[2023-08-31 16:48:26.256 +01:00  INF]  Route matched with {action = "GetAllActiveTrainingPlan", controller = "TrainingPlan"}. Executing controller action with signature System.Threading.Tasks.Task`1[Microsoft.AspNetCore.Mvc.IActionResult] GetAllActiveTrainingPlan() on controller Com.XpressPayments.Api.LearningAndDevelopmentModuleController.Controller.TrainingPlanController (Com.XpressPayments.Api).
[2023-08-31 16:49:15.998 +01:00  INF]  Executing OkObjectResult, writing value of type 'Com.XpressPayments.Data.GenericResponse.BaseResponse'.
[2023-08-31 16:49:16.051 +01:00  INF]  Executed action Com.XpressPayments.Api.LearningAndDevelopmentModuleController.Controller.TrainingPlanController.GetAllActiveTrainingPlan (Com.XpressPayments.Api) in 49789.0509ms
[2023-08-31 16:49:16.055 +01:00  INF]  Executed endpoint 'Com.XpressPayments.Api.LearningAndDevelopmentModuleController.Controller.TrainingPlanController.GetAllActiveTrainingPlan (Com.XpressPayments.Api)'
[2023-08-31 16:49:16.058 +01:00  INF]  Request finished HTTP/2 GET https://localhost:5001/api/TrainingPlan/GetAllActiveTrainingPlan - - - 200 - application/json;+charset=utf-8 49866.5468ms
[2023-08-31 16:50:40.536 +01:00  INF]  Request starting HTTP/2 GET https://localhost:5001/api/TrainingPlan/GetAllActiveTrainingPlan - -
[2023-08-31 16:50:40.554 +01:00  INF]  Successfully validated the token.
[2023-08-31 16:50:40.558 +01:00  INF]  Executing endpoint 'Com.XpressPayments.Api.LearningAndDevelopmentModuleController.Controller.TrainingPlanController.GetAllActiveTrainingPlan (Com.XpressPayments.Api)'
[2023-08-31 16:50:40.564 +01:00  INF]  Route matched with {action = "GetAllActiveTrainingPlan", controller = "TrainingPlan"}. Executing controller action with signature System.Threading.Tasks.Task`1[Microsoft.AspNetCore.Mvc.IActionResult] GetAllActiveTrainingPlan() on controller Com.XpressPayments.Api.LearningAndDevelopmentModuleController.Controller.TrainingPlanController (Com.XpressPayments.Api).
[2023-08-31 16:51:02.002 +01:00  INF]  Executing OkObjectResult, writing value of type 'Com.XpressPayments.Data.GenericResponse.BaseResponse'.
[2023-08-31 16:51:02.045 +01:00  INF]  Executed action Com.XpressPayments.Api.LearningAndDevelopmentModuleController.Controller.TrainingPlanController.GetAllActiveTrainingPlan (Com.XpressPayments.Api) in 21471.9359ms
[2023-08-31 16:51:02.051 +01:00  INF]  Executed endpoint 'Com.XpressPayments.Api.LearningAndDevelopmentModuleController.Controller.TrainingPlanController.GetAllActiveTrainingPlan (Com.XpressPayments.Api)'
[2023-08-31 16:51:02.053 +01:00  INF]  Request finished HTTP/2 GET https://localhost:5001/api/TrainingPlan/GetAllActiveTrainingPlan - - - 200 - application/json;+charset=utf-8 21518.2416ms
[2023-08-31 16:51:28.855 +01:00  INF]  Request starting HTTP/2 GET https://localhost:5001/api/TrainingPlan/GetAllTrainingPlan - -
[2023-08-31 16:51:28.873 +01:00  INF]  Successfully validated the token.
[2023-08-31 16:51:28.877 +01:00  INF]  Executing endpoint 'Com.XpressPayments.Api.LearningAndDevelopmentModuleController.Controller.TrainingPlanController.GetAllTrainingPlan (Com.XpressPayments.Api)'
[2023-08-31 16:51:28.889 +01:00  INF]  Route matched with {action = "GetAllTrainingPlan", controller = "TrainingPlan"}. Executing controller action with signature System.Threading.Tasks.Task`1[Microsoft.AspNetCore.Mvc.IActionResult] GetAllTrainingPlan() on controller Com.XpressPayments.Api.LearningAndDevelopmentModuleController.Controller.TrainingPlanController (Com.XpressPayments.Api).
[2023-08-31 16:51:31.796 +01:00  INF]  Executing OkObjectResult, writing value of type 'Com.XpressPayments.Data.GenericResponse.BaseResponse'.
[2023-08-31 16:51:31.802 +01:00  INF]  Executed action Com.XpressPayments.Api.LearningAndDevelopmentModuleController.Controller.TrainingPlanController.GetAllTrainingPlan (Com.XpressPayments.Api) in 2905.5664ms
[2023-08-31 16:51:31.808 +01:00  INF]  Executed endpoint 'Com.XpressPayments.Api.LearningAndDevelopmentModuleController.Controller.TrainingPlanController.GetAllTrainingPlan (Com.XpressPayments.Api)'
[2023-08-31 16:51:31.811 +01:00  INF]  Request finished HTTP/2 GET https://localhost:5001/api/TrainingPlan/GetAllTrainingPlan - - - 200 - application/json;+charset=utf-8 2956.6270ms
[2023-08-31 16:53:53.284 +01:00  INF]  Request starting HTTP/2 GET https://localhost:5001/api/TrainingPlan/GetAllActiveTrainingPlan - -
[2023-08-31 16:53:53.304 +01:00  INF]  Successfully validated the token.
[2023-08-31 16:53:53.314 +01:00  INF]  Executing endpoint 'Com.XpressPayments.Api.LearningAndDevelopmentModuleController.Controller.TrainingPlanController.GetAllActiveTrainingPlan (Com.XpressPayments.Api)'
[2023-08-31 16:53:53.318 +01:00  INF]  Route matched with {action = "GetAllActiveTrainingPlan", controller = "TrainingPlan"}. Executing controller action with signature System.Threading.Tasks.Task`1[Microsoft.AspNetCore.Mvc.IActionResult] GetAllActiveTrainingPlan() on controller Com.XpressPayments.Api.LearningAndDevelopmentModuleController.Controller.TrainingPlanController (Com.XpressPayments.Api).
[2023-08-31 16:54:00.373 +01:00  INF]  Executing OkObjectResult, writing value of type 'Com.XpressPayments.Data.GenericResponse.BaseResponse'.
[2023-08-31 16:54:00.378 +01:00  INF]  Executed action Com.XpressPayments.Api.LearningAndDevelopmentModuleController.Controller.TrainingPlanController.GetAllActiveTrainingPlan (Com.XpressPayments.Api) in 7055.3351ms
[2023-08-31 16:54:00.391 +01:00  INF]  Executed endpoint 'Com.XpressPayments.Api.LearningAndDevelopmentModuleController.Controller.TrainingPlanController.GetAllActiveTrainingPlan (Com.XpressPayments.Api)'
[2023-08-31 16:54:00.395 +01:00  INF]  Request finished HTTP/2 GET https://localhost:5001/api/TrainingPlan/GetAllActiveTrainingPlan - - - 200 - application/json;+charset=utf-8 7111.9429ms
[2023-08-31 16:58:07.976 +01:00  INF]  Request starting HTTP/2 GET https://localhost:5001/api/TrainingSchedule/GetAllTrainingSchedule - -
[2023-08-31 16:58:08.135 +01:00  INF]  Successfully validated the token.
[2023-08-31 16:58:08.142 +01:00  INF]  Executing endpoint 'Com.XpressPayments.Api.LearningAndDevelopmentModuleController.Controller.TrainingScheduleController.GetAllTrainingSchedule (Com.XpressPayments.Api)'
[2023-08-31 16:58:08.155 +01:00  INF]  Route matched with {action = "GetAllTrainingSchedule", controller = "TrainingSchedule"}. Executing controller action with signature System.Threading.Tasks.Task`1[Microsoft.AspNetCore.Mvc.IActionResult] GetAllTrainingSchedule() on controller Com.XpressPayments.Api.LearningAndDevelopmentModuleController.Controller.TrainingScheduleController (Com.XpressPayments.Api).
[2023-08-31 16:58:12.190 +01:00  INF]  Executing OkObjectResult, writing value of type 'Com.XpressPayments.Data.GenericResponse.BaseResponse'.
[2023-08-31 16:58:12.219 +01:00  INF]  Executed action Com.XpressPayments.Api.LearningAndDevelopmentModuleController.Controller.TrainingScheduleController.GetAllTrainingSchedule (Com.XpressPayments.Api) in 4052.8349ms
[2023-08-31 16:58:12.244 +01:00  INF]  Executed endpoint 'Com.XpressPayments.Api.LearningAndDevelopmentModuleController.Controller.TrainingScheduleController.GetAllTrainingSchedule (Com.XpressPayments.Api)'
[2023-08-31 16:58:12.269 +01:00  INF]  Request finished HTTP/2 GET https://localhost:5001/api/TrainingSchedule/GetAllTrainingSchedule - - - 200 - application/json;+charset=utf-8 4293.7368ms
[2023-08-31 16:58:38.830 +01:00  INF]  Request starting HTTP/2 GET https://localhost:5001/api/TrainingSchedule/GetAllActiveTrainingSchedule - -
[2023-08-31 16:58:38.862 +01:00  INF]  Successfully validated the token.
[2023-08-31 16:58:38.865 +01:00  INF]  Executing endpoint 'Com.XpressPayments.Api.LearningAndDevelopmentModuleController.Controller.TrainingScheduleController.GetAllActiveTrainingSchedule (Com.XpressPayments.Api)'
[2023-08-31 16:58:38.875 +01:00  INF]  Route matched with {action = "GetAllActiveTrainingSchedule", controller = "TrainingSchedule"}. Executing controller action with signature System.Threading.Tasks.Task`1[Microsoft.AspNetCore.Mvc.IActionResult] GetAllActiveTrainingSchedule() on controller Com.XpressPayments.Api.LearningAndDevelopmentModuleController.Controller.TrainingScheduleController (Com.XpressPayments.Api).
[2023-08-31 16:58:41.357 +01:00  INF]  Executing OkObjectResult, writing value of type 'Com.XpressPayments.Data.GenericResponse.BaseResponse'.
[2023-08-31 16:58:41.362 +01:00  INF]  Executed action Com.XpressPayments.Api.LearningAndDevelopmentModuleController.Controller.TrainingScheduleController.GetAllActiveTrainingSchedule (Com.XpressPayments.Api) in 2481.3235ms
[2023-08-31 16:58:41.370 +01:00  INF]  Executed endpoint 'Com.XpressPayments.Api.LearningAndDevelopmentModuleController.Controller.TrainingScheduleController.GetAllActiveTrainingSchedule (Com.XpressPayments.Api)'
[2023-08-31 16:58:41.374 +01:00  INF]  Request finished HTTP/2 GET https://localhost:5001/api/TrainingSchedule/GetAllActiveTrainingSchedule - - - 200 - application/json;+charset=utf-8 2544.0396ms
[2023-08-31 17:07:45.738 +01:00  INF]  Request starting HTTP/2 GET https://localhost:5001/api/TrainingPlan/GetAllActiveTrainingPlan - -
[2023-08-31 17:07:45.825 +01:00  INF]  Successfully validated the token.
[2023-08-31 17:07:45.903 +01:00  INF]  Executing endpoint 'Com.XpressPayments.Api.LearningAndDevelopmentModuleController.Controller.TrainingPlanController.GetAllActiveTrainingPlan (Com.XpressPayments.Api)'
[2023-08-31 17:07:45.908 +01:00  INF]  Route matched with {action = "GetAllActiveTrainingPlan", controller = "TrainingPlan"}. Executing controller action with signature System.Threading.Tasks.Task`1[Microsoft.AspNetCore.Mvc.IActionResult] GetAllActiveTrainingPlan() on controller Com.XpressPayments.Api.LearningAndDevelopmentModuleController.Controller.TrainingPlanController (Com.XpressPayments.Api).
[2023-08-31 17:07:54.320 +01:00  INF]  Executing OkObjectResult, writing value of type 'Com.XpressPayments.Data.GenericResponse.BaseResponse'.
[2023-08-31 17:07:54.328 +01:00  INF]  Executed action Com.XpressPayments.Api.LearningAndDevelopmentModuleController.Controller.TrainingPlanController.GetAllActiveTrainingPlan (Com.XpressPayments.Api) in 8412.2905ms
[2023-08-31 17:07:54.347 +01:00  INF]  Executed endpoint 'Com.XpressPayments.Api.LearningAndDevelopmentModuleController.Controller.TrainingPlanController.GetAllActiveTrainingPlan (Com.XpressPayments.Api)'
[2023-08-31 17:07:54.353 +01:00  INF]  Request finished HTTP/2 GET https://localhost:5001/api/TrainingPlan/GetAllActiveTrainingPlan - - - 200 - application/json;+charset=utf-8 8615.8888ms
[2023-08-31 17:18:52.096 +01:00  INF]  User profile is available. Using 'C:\Users\noble.nwabuike\AppData\Local\ASP.NET\DataProtection-Keys' as key repository and Windows DPAPI to encrypt keys at rest.
[2023-08-31 17:18:53.075 +01:00  INF]  Now listening on: https://localhost:5001
[2023-08-31 17:18:53.077 +01:00  INF]  Now listening on: http://localhost:5000
[2023-08-31 17:18:53.085 +01:00  INF]  Application started. Press Ctrl+C to shut down.
[2023-08-31 17:18:53.086 +01:00  INF]  Hosting environment: Development
[2023-08-31 17:18:53.088 +01:00  INF]  Content root path: C:\Users\noble.nwabuike\Downloads\hrms-be-backend\Com.XpressPayments.Api\
[2023-08-31 17:18:54.298 +01:00  INF]  Request starting HTTP/2 GET https://localhost:5001/index.html - -
[2023-08-31 17:18:55.132 +01:00  INF]  Request finished HTTP/2 GET https://localhost:5001/index.html - - - 200 - text/html;charset=utf-8 839.8339ms
[2023-08-31 17:18:55.142 +01:00  INF]  Request starting HTTP/2 GET https://localhost:5001/_framework/aspnetcore-browser-refresh.js - -
[2023-08-31 17:18:55.156 +01:00  INF]  Request finished HTTP/2 GET https://localhost:5001/_framework/aspnetcore-browser-refresh.js - - - 200 12014 application/javascript;+charset=utf-8 13.9301ms
[2023-08-31 17:18:55.164 +01:00  INF]  Request starting HTTP/2 GET https://localhost:5001/_vs/browserLink - -
[2023-08-31 17:18:55.212 +01:00  INF]  Request finished HTTP/2 GET https://localhost:5001/_vs/browserLink - - - 200 - text/javascript;+charset=UTF-8 48.4921ms
[2023-08-31 17:18:55.351 +01:00  INF]  Request starting HTTP/2 GET https://localhost:5001/swagger/v1/swagger.json - -
[2023-08-31 17:18:55.655 +01:00  INF]  Request finished HTTP/2 GET https://localhost:5001/swagger/v1/swagger.json - - - 200 - application/json;charset=utf-8 304.3425ms
[2023-08-31 17:20:27.253 +01:00  INF]  Request starting HTTP/2 POST https://localhost:5001/api/TrainingPlan/CreateTrainingPlan application/json 260
[2023-08-31 17:20:27.280 +01:00  INF]  CORS policy execution successful.
[2023-08-31 17:20:28.390 +01:00  INF]  Successfully validated the token.
[2023-08-31 17:20:28.420 +01:00  INF]  Executing endpoint 'Com.XpressPayments.Api.LearningAndDevelopmentModuleController.Controller.TrainingPlanController.CreateTrainingPlan (Com.XpressPayments.Api)'
[2023-08-31 17:20:28.505 +01:00  INF]  Route matched with {action = "CreateTrainingPlan", controller = "TrainingPlan"}. Executing controller action with signature System.Threading.Tasks.Task`1[Microsoft.AspNetCore.Mvc.IActionResult] CreateTrainingPlan(Com.XpressPayments.Data.LearningAndDevelopmentDTO.DTOs.TrainingPlanCreate) on controller Com.XpressPayments.Api.LearningAndDevelopmentModuleController.Controller.TrainingPlanController (Com.XpressPayments.Api).
[2023-08-31 17:20:41.725 +01:00  INF]  Executing OkObjectResult, writing value of type 'Com.XpressPayments.Data.GenericResponse.BaseResponse'.
[2023-08-31 17:20:41.758 +01:00  INF]  Executed action Com.XpressPayments.Api.LearningAndDevelopmentModuleController.Controller.TrainingPlanController.CreateTrainingPlan (Com.XpressPayments.Api) in 13231.3766ms
[2023-08-31 17:20:41.771 +01:00  INF]  Executed endpoint 'Com.XpressPayments.Api.LearningAndDevelopmentModuleController.Controller.TrainingPlanController.CreateTrainingPlan (Com.XpressPayments.Api)'
[2023-08-31 17:20:41.778 +01:00  INF]  Request finished HTTP/2 POST https://localhost:5001/api/TrainingPlan/CreateTrainingPlan application/json 260 - 200 - application/json;+charset=utf-8 14524.2765ms
[2023-08-31 17:20:48.436 +01:00  ERR]  System.Net.Mail.SmtpException: Error in processing. The server response was: 5.7.3 STARTTLS is required to send mail [PR0P264CA0183.FRAP264.PROD.OUTLOOK.COM 2023-08-31T16:20:48.021Z 08DBA9E982F1C735]
   at System.Net.Mail.MailCommand.CheckResponse(SmtpStatusCode statusCode, String response)
   at System.Net.Mail.MailCommand.EndSend(IAsyncResult result)
   at System.Net.Mail.SendMailAsyncResult.SendMailFromCompleted(IAsyncResult result)
--- End of stack trace from previous location ---
   at System.Net.Mail.SendMailAsyncResult.End(IAsyncResult result)
   at System.Net.Mail.SmtpClient.SendMailCallback(IAsyncResult result)
--- End of stack trace from previous location ---
   at Com.XpressPayments.Bussiness.LearningAndDevelopmentModuleService.Service.Logic.LearningAndDevelopmentMailService.SendEmailAsync(MailRequest mailRequest, String attarchDocument) in C:\Users\noble.nwabuike\Downloads\hrms-be-backend\Com.XpressPayments.Bussiness\LearningAndDevelopmentModuleService\Service\Logic\LearningAndDevelopmentMailService.cs:line 50
[2023-08-31 17:25:47.006 +01:00  INF]  Request starting HTTP/2 POST https://localhost:5001/api/TrainingPlan/CreateTrainingPlan application/json 264
[2023-08-31 17:25:47.048 +01:00  INF]  CORS policy execution successful.
[2023-08-31 17:25:47.069 +01:00  INF]  Failed to validate the token.
Microsoft.IdentityModel.Tokens.SecurityTokenExpiredException: IDX10223: Lifetime validation failed. The token is expired. ValidTo: '31/08/2023 16:16:33', Current time: '31/08/2023 16:25:47'.
   at Microsoft.IdentityModel.Tokens.Validators.ValidateLifetime(Nullable`1 notBefore, Nullable`1 expires, SecurityToken securityToken, TokenValidationParameters validationParameters)
   at System.IdentityModel.Tokens.Jwt.JwtSecurityTokenHandler.ValidateTokenPayload(JwtSecurityToken jwtToken, TokenValidationParameters validationParameters, BaseConfiguration configuration)
   at System.IdentityModel.Tokens.Jwt.JwtSecurityTokenHandler.ValidateJWS(String token, TokenValidationParameters validationParameters, BaseConfiguration currentConfiguration, SecurityToken& signatureValidatedToken, ExceptionDispatchInfo& exceptionThrown)
--- End of stack trace from previous location ---
   at System.IdentityModel.Tokens.Jwt.JwtSecurityTokenHandler.ValidateToken(String token, JwtSecurityToken outerToken, TokenValidationParameters validationParameters, SecurityToken& signatureValidatedToken)
   at System.IdentityModel.Tokens.Jwt.JwtSecurityTokenHandler.ValidateToken(String token, TokenValidationParameters validationParameters, SecurityToken& validatedToken)
   at Microsoft.AspNetCore.Authentication.JwtBearer.JwtBearerHandler.HandleAuthenticateAsync()
[2023-08-31 17:25:47.095 +01:00  INF]  Bearer was not authenticated. Failure message: IDX10223: Lifetime validation failed. The token is expired. ValidTo: '31/08/2023 16:16:33', Current time: '31/08/2023 16:25:47'.
[2023-08-31 17:25:47.100 +01:00  INF]  Authorization failed. These requirements were not met:
DenyAnonymousAuthorizationRequirement: Requires an authenticated user.
[2023-08-31 17:25:47.123 +01:00  INF]  AuthenticationScheme: Bearer was challenged.
[2023-08-31 17:25:47.126 +01:00  INF]  Request finished HTTP/2 POST https://localhost:5001/api/TrainingPlan/CreateTrainingPlan application/json 264 - 401 0 - 123.9173ms
