[2023-07-13 10:05:14.127 +01:00  INF]  User profile is available. Using 'C:\Users\olajumoke.owolabi\AppData\Local\ASP.NET\DataProtection-Keys' as key repository and Windows DPAPI to encrypt keys at rest.
[2023-07-13 10:05:14.381 +01:00  INF]  Application started. Press Ctrl+C to shut down.
[2023-07-13 10:05:14.381 +01:00  INF]  Hosting environment: Development
[2023-07-13 10:05:14.381 +01:00  INF]  Content root path: C:\Users\olajumoke.owolabi\source\repos\hrms-be-backend\Com.XpressPayments.Api\
[2023-07-13 10:05:14.431 +01:00  INF]  Request starting HTTP/2 GET https://localhost:44317/index.html - -
[2023-07-13 10:05:15.044 +01:00  INF]  Request starting HTTP/2 GET https://localhost:44317/_framework/aspnetcore-browser-refresh.js - -
[2023-07-13 10:05:15.045 +01:00  INF]  Request starting HTTP/2 GET https://localhost:44317/_vs/browserLink - -
[2023-07-13 10:05:15.073 +01:00  INF]  Request finished HTTP/2 GET https://localhost:44317/index.html - - - 200 - text/html;charset=utf-8 648.1148ms
[2023-07-13 10:05:15.073 +01:00  INF]  Request finished HTTP/2 GET https://localhost:44317/_framework/aspnetcore-browser-refresh.js - - - 200 12014 application/javascript;+charset=utf-8 27.8876ms
[2023-07-13 10:05:15.141 +01:00  INF]  Request finished HTTP/2 GET https://localhost:44317/_vs/browserLink - - - 200 - text/javascript;+charset=UTF-8 95.3751ms
[2023-07-13 10:05:15.189 +01:00  INF]  Request starting HTTP/2 GET https://localhost:44317/swagger/v1/swagger.json - -
[2023-07-13 10:05:15.395 +01:00  INF]  Request finished HTTP/2 GET https://localhost:44317/swagger/v1/swagger.json - - - 200 - application/json;charset=utf-8 205.8112ms
[2023-07-13 10:07:35.874 +01:00  INF]  Request starting HTTP/2 POST https://localhost:44317/api/Auth/Logout application/json 68
[2023-07-13 10:07:35.893 +01:00  INF]  CORS policy execution successful.
[2023-07-13 10:07:35.982 +01:00  INF]  Executing endpoint 'Com.XpressPayments.Api.Controllers.AuthController.Logout (Com.XpressPayments.Api)'
[2023-07-13 10:07:36.008 +01:00  INF]  Route matched with {action = "Logout", controller = "Auth"}. Executing controller action with signature System.Threading.Tasks.Task`1[Microsoft.AspNetCore.Mvc.IActionResult] Logout(Com.XpressPayments.Data.DTOs.Account.LogoutDto) on controller Com.XpressPayments.Api.Controllers.AuthController (Com.XpressPayments.Api).
[2023-07-13 10:07:36.420 +01:00  INF]  Executing OkObjectResult, writing value of type 'Com.XpressPayments.Data.GenericResponse.BaseResponse'.
[2023-07-13 10:07:36.430 +01:00  INF]  Executed action Com.XpressPayments.Api.Controllers.AuthController.Logout (Com.XpressPayments.Api) in 415.5362ms
[2023-07-13 10:07:36.435 +01:00  INF]  Executed endpoint 'Com.XpressPayments.Api.Controllers.AuthController.Logout (Com.XpressPayments.Api)'
[2023-07-13 10:07:36.437 +01:00  INF]  Request finished HTTP/2 POST https://localhost:44317/api/Auth/Logout application/json 68 - 200 - application/json;+charset=utf-8 562.6974ms
[2023-07-13 10:08:17.516 +01:00  INF]  Request starting HTTP/2 POST https://localhost:44317/api/Auth/Login application/json 102
[2023-07-13 10:08:17.523 +01:00  INF]  CORS policy execution successful.
[2023-07-13 10:08:17.541 +01:00  INF]  Executing endpoint 'Com.XpressPayments.Api.Controllers.AuthController.Login (Com.XpressPayments.Api)'
[2023-07-13 10:08:17.550 +01:00  INF]  Route matched with {action = "Login", controller = "Auth"}. Executing controller action with signature System.Threading.Tasks.Task`1[Microsoft.AspNetCore.Mvc.IActionResult] Login(Com.XpressPayments.Bussiness.ViewModels.LoginModel) on controller Com.XpressPayments.Api.Controllers.AuthController (Com.XpressPayments.Api).
[2023-07-13 10:08:21.433 +01:00  INF]  Executing OkObjectResult, writing value of type 'Com.XpressPayments.Data.GenericResponse.LoginResponse'.
[2023-07-13 10:08:21.441 +01:00  INF]  Executed action Com.XpressPayments.Api.Controllers.AuthController.Login (Com.XpressPayments.Api) in 3886.5864ms
[2023-07-13 10:08:21.441 +01:00  INF]  Executed endpoint 'Com.XpressPayments.Api.Controllers.AuthController.Login (Com.XpressPayments.Api)'
[2023-07-13 10:08:21.441 +01:00  INF]  Request finished HTTP/2 POST https://localhost:44317/api/Auth/Login application/json 102 - 200 - application/json;+charset=utf-8 3920.9122ms
[2023-07-13 10:09:38.543 +01:00  INF]  Request starting HTTP/2 POST https://localhost:44317/api/Auth/Logout application/json 48
[2023-07-13 10:09:38.580 +01:00  INF]  CORS policy execution successful.
[2023-07-13 10:09:38.582 +01:00  INF]  Executing endpoint 'Com.XpressPayments.Api.Controllers.AuthController.Logout (Com.XpressPayments.Api)'
[2023-07-13 10:09:38.583 +01:00  INF]  Route matched with {action = "Logout", controller = "Auth"}. Executing controller action with signature System.Threading.Tasks.Task`1[Microsoft.AspNetCore.Mvc.IActionResult] Logout(Com.XpressPayments.Data.DTOs.Account.LogoutDto) on controller Com.XpressPayments.Api.Controllers.AuthController (Com.XpressPayments.Api).
[2023-07-13 10:09:38.597 +01:00  INF]  Executing OkObjectResult, writing value of type 'Com.XpressPayments.Data.GenericResponse.BaseResponse'.
[2023-07-13 10:09:38.629 +01:00  INF]  Executed action Com.XpressPayments.Api.Controllers.AuthController.Logout (Com.XpressPayments.Api) in 46.2067ms
[2023-07-13 10:09:38.629 +01:00  INF]  Executed endpoint 'Com.XpressPayments.Api.Controllers.AuthController.Logout (Com.XpressPayments.Api)'
[2023-07-13 10:09:38.629 +01:00  INF]  Request finished HTTP/2 POST https://localhost:44317/api/Auth/Logout application/json 48 - 200 - application/json;+charset=utf-8 86.5713ms
[2023-07-13 10:09:59.645 +01:00  INF]  Request starting HTTP/2 POST https://localhost:44317/api/Auth/Login application/json 82
[2023-07-13 10:09:59.649 +01:00  INF]  CORS policy execution successful.
[2023-07-13 10:09:59.698 +01:00  INF]  Executing endpoint 'Com.XpressPayments.Api.Controllers.AuthController.Login (Com.XpressPayments.Api)'
[2023-07-13 10:09:59.699 +01:00  INF]  Route matched with {action = "Login", controller = "Auth"}. Executing controller action with signature System.Threading.Tasks.Task`1[Microsoft.AspNetCore.Mvc.IActionResult] Login(Com.XpressPayments.Bussiness.ViewModels.LoginModel) on controller Com.XpressPayments.Api.Controllers.AuthController (Com.XpressPayments.Api).
[2023-07-13 10:10:03.169 +01:00  INF]  Executing OkObjectResult, writing value of type 'Com.XpressPayments.Data.GenericResponse.LoginResponse'.
[2023-07-13 10:10:03.169 +01:00  INF]  Executed action Com.XpressPayments.Api.Controllers.AuthController.Login (Com.XpressPayments.Api) in 3444.6862ms
[2023-07-13 10:10:03.169 +01:00  INF]  Executed endpoint 'Com.XpressPayments.Api.Controllers.AuthController.Login (Com.XpressPayments.Api)'
[2023-07-13 10:10:03.170 +01:00  INF]  Request finished HTTP/2 POST https://localhost:44317/api/Auth/Login application/json 82 - 200 - application/json;+charset=utf-8 3520.9208ms
[2023-07-13 10:28:48.834 +01:00  INF]  User profile is available. Using 'C:\Users\olajumoke.owolabi\AppData\Local\ASP.NET\DataProtection-Keys' as key repository and Windows DPAPI to encrypt keys at rest.
[2023-07-13 10:28:49.046 +01:00  INF]  Application started. Press Ctrl+C to shut down.
[2023-07-13 10:28:49.052 +01:00  INF]  Hosting environment: Development
[2023-07-13 10:28:49.052 +01:00  INF]  Content root path: C:\Users\olajumoke.owolabi\source\repos\hrms-be-backend\Com.XpressPayments.Api\
[2023-07-13 10:28:49.089 +01:00  INF]  Request starting HTTP/2 GET https://localhost:44317/index.html - -
[2023-07-13 10:28:49.510 +01:00  INF]  Request starting HTTP/2 GET https://localhost:44317/_framework/aspnetcore-browser-refresh.js - -
[2023-07-13 10:28:49.515 +01:00  INF]  Request finished HTTP/2 GET https://localhost:44317/index.html - - - 200 - text/html;charset=utf-8 430.5156ms
[2023-07-13 10:28:49.521 +01:00  INF]  Request starting HTTP/2 GET https://localhost:44317/_vs/browserLink - -
[2023-07-13 10:28:49.526 +01:00  INF]  Request finished HTTP/2 GET https://localhost:44317/_framework/aspnetcore-browser-refresh.js - - - 200 12014 application/javascript;+charset=utf-8 11.3969ms
[2023-07-13 10:28:49.586 +01:00  INF]  Request finished HTTP/2 GET https://localhost:44317/_vs/browserLink - - - 200 - text/javascript;+charset=UTF-8 65.3431ms
[2023-07-13 10:28:49.642 +01:00  INF]  Request starting HTTP/2 GET https://localhost:44317/swagger/v1/swagger.json - -
[2023-07-13 10:28:49.835 +01:00  INF]  Request finished HTTP/2 GET https://localhost:44317/swagger/v1/swagger.json - - - 200 - application/json;charset=utf-8 193.4106ms
[2023-07-13 10:29:30.208 +01:00  INF]  Request starting HTTP/2 POST https://localhost:44317/api/Auth/DisapproveUser application/json 80
[2023-07-13 10:29:30.227 +01:00  INF]  CORS policy execution successful.
[2023-07-13 10:29:30.668 +01:00  INF]  Successfully validated the token.
[2023-07-13 10:29:30.686 +01:00  INF]  Executing endpoint 'Com.XpressPayments.Api.Controllers.AuthController.DisapproveUser (Com.XpressPayments.Api)'
[2023-07-13 10:29:30.723 +01:00  INF]  Route matched with {action = "DisapproveUser", controller = "Auth"}. Executing controller action with signature System.Threading.Tasks.Task`1[Microsoft.AspNetCore.Mvc.IActionResult] DisapproveUser(Com.XpressPayments.Data.DTOs.Account.DisapproveUserDto) on controller Com.XpressPayments.Api.Controllers.AuthController (Com.XpressPayments.Api).
[2023-07-13 10:29:53.917 +01:00  INF]  Executing OkObjectResult, writing value of type 'Com.XpressPayments.Data.GenericResponse.BaseResponse'.
[2023-07-13 10:29:56.181 +01:00  INF]  Executed action Com.XpressPayments.Api.Controllers.AuthController.DisapproveUser (Com.XpressPayments.Api) in 25450.2129ms
[2023-07-13 10:29:56.188 +01:00  INF]  Executed endpoint 'Com.XpressPayments.Api.Controllers.AuthController.DisapproveUser (Com.XpressPayments.Api)'
[2023-07-13 10:29:56.191 +01:00  INF]  Request finished HTTP/2 POST https://localhost:44317/api/Auth/DisapproveUser application/json 80 - 200 - application/json;+charset=utf-8 25983.6194ms
[2023-07-13 10:31:19.039 +01:00  INF]  Request starting HTTP/2 POST https://localhost:44317/api/Auth/DisapproveUser application/json 80
[2023-07-13 10:31:19.052 +01:00  INF]  CORS policy execution successful.
[2023-07-13 10:31:19.069 +01:00  INF]  Successfully validated the token.
[2023-07-13 10:31:19.073 +01:00  INF]  Executing endpoint 'Com.XpressPayments.Api.Controllers.AuthController.DisapproveUser (Com.XpressPayments.Api)'
[2023-07-13 10:31:19.074 +01:00  INF]  Route matched with {action = "DisapproveUser", controller = "Auth"}. Executing controller action with signature System.Threading.Tasks.Task`1[Microsoft.AspNetCore.Mvc.IActionResult] DisapproveUser(Com.XpressPayments.Data.DTOs.Account.DisapproveUserDto) on controller Com.XpressPayments.Api.Controllers.AuthController (Com.XpressPayments.Api).
[2023-07-13 10:39:44.229 +01:00  INF]  Executing OkObjectResult, writing value of type 'Com.XpressPayments.Data.GenericResponse.BaseResponse'.
[2023-07-13 10:39:44.245 +01:00  INF]  Executed action Com.XpressPayments.Api.Controllers.AuthController.DisapproveUser (Com.XpressPayments.Api) in 505170.5384ms
[2023-07-13 10:39:44.245 +01:00  INF]  Executed endpoint 'Com.XpressPayments.Api.Controllers.AuthController.DisapproveUser (Com.XpressPayments.Api)'
[2023-07-13 10:39:44.247 +01:00  INF]  Request finished HTTP/2 POST https://localhost:44317/api/Auth/DisapproveUser application/json 80 - 200 - application/json;+charset=utf-8 505207.7559ms
[2023-07-13 10:40:18.726 +01:00  INF]  Request starting HTTP/2 POST https://localhost:44317/api/Auth/Logout application/json 48
[2023-07-13 10:40:18.727 +01:00  INF]  CORS policy execution successful.
[2023-07-13 10:40:18.730 +01:00  INF]  Successfully validated the token.
[2023-07-13 10:40:18.730 +01:00  INF]  Executing endpoint 'Com.XpressPayments.Api.Controllers.AuthController.Logout (Com.XpressPayments.Api)'
[2023-07-13 10:40:18.741 +01:00  INF]  Route matched with {action = "Logout", controller = "Auth"}. Executing controller action with signature System.Threading.Tasks.Task`1[Microsoft.AspNetCore.Mvc.IActionResult] Logout(Com.XpressPayments.Data.DTOs.Account.LogoutDto) on controller Com.XpressPayments.Api.Controllers.AuthController (Com.XpressPayments.Api).
[2023-07-13 10:40:18.809 +01:00  INF]  Executing OkObjectResult, writing value of type 'Com.XpressPayments.Data.GenericResponse.BaseResponse'.
[2023-07-13 10:40:18.810 +01:00  INF]  Executed action Com.XpressPayments.Api.Controllers.AuthController.Logout (Com.XpressPayments.Api) in 68.7496ms
[2023-07-13 10:40:18.810 +01:00  INF]  Executed endpoint 'Com.XpressPayments.Api.Controllers.AuthController.Logout (Com.XpressPayments.Api)'
[2023-07-13 10:40:18.810 +01:00  INF]  Request finished HTTP/2 POST https://localhost:44317/api/Auth/Logout application/json 48 - 200 - application/json;+charset=utf-8 84.0873ms
[2023-07-13 10:40:31.456 +01:00  INF]  Request starting HTTP/2 POST https://localhost:44317/api/Auth/Login application/json 82
[2023-07-13 10:40:31.456 +01:00  INF]  CORS policy execution successful.
[2023-07-13 10:40:31.456 +01:00  INF]  Successfully validated the token.
[2023-07-13 10:40:31.457 +01:00  INF]  Executing endpoint 'Com.XpressPayments.Api.Controllers.AuthController.Login (Com.XpressPayments.Api)'
[2023-07-13 10:40:31.460 +01:00  INF]  Route matched with {action = "Login", controller = "Auth"}. Executing controller action with signature System.Threading.Tasks.Task`1[Microsoft.AspNetCore.Mvc.IActionResult] Login(Com.XpressPayments.Bussiness.ViewModels.LoginModel) on controller Com.XpressPayments.Api.Controllers.AuthController (Com.XpressPayments.Api).
[2023-07-13 10:40:34.107 +01:00  INF]  Executing OkObjectResult, writing value of type 'Com.XpressPayments.Data.GenericResponse.LoginResponse'.
[2023-07-13 10:40:34.119 +01:00  INF]  Executed action Com.XpressPayments.Api.Controllers.AuthController.Login (Com.XpressPayments.Api) in 2658.9196ms
[2023-07-13 10:40:34.119 +01:00  INF]  Executed endpoint 'Com.XpressPayments.Api.Controllers.AuthController.Login (Com.XpressPayments.Api)'
[2023-07-13 10:40:34.119 +01:00  INF]  Request finished HTTP/2 POST https://localhost:44317/api/Auth/Login application/json 82 - 200 - application/json;+charset=utf-8 2662.8861ms
[2023-07-13 10:41:04.660 +01:00  INF]  Request starting HTTP/2 POST https://localhost:44317/api/Auth/DisapproveUser application/json 80
[2023-07-13 10:41:04.660 +01:00  INF]  CORS policy execution successful.
[2023-07-13 10:41:04.660 +01:00  INF]  Successfully validated the token.
[2023-07-13 10:41:04.661 +01:00  INF]  Executing endpoint 'Com.XpressPayments.Api.Controllers.AuthController.DisapproveUser (Com.XpressPayments.Api)'
[2023-07-13 10:41:04.661 +01:00  INF]  Route matched with {action = "DisapproveUser", controller = "Auth"}. Executing controller action with signature System.Threading.Tasks.Task`1[Microsoft.AspNetCore.Mvc.IActionResult] DisapproveUser(Com.XpressPayments.Data.DTOs.Account.DisapproveUserDto) on controller Com.XpressPayments.Api.Controllers.AuthController (Com.XpressPayments.Api).
[2023-07-13 10:46:23.311 +01:00  INF]  Executing OkObjectResult, writing value of type 'Com.XpressPayments.Data.GenericResponse.BaseResponse'.
[2023-07-13 10:46:23.318 +01:00  INF]  Executed action Com.XpressPayments.Api.Controllers.AuthController.DisapproveUser (Com.XpressPayments.Api) in 318656.6446ms
[2023-07-13 10:46:23.319 +01:00  INF]  Executed endpoint 'Com.XpressPayments.Api.Controllers.AuthController.DisapproveUser (Com.XpressPayments.Api)'
[2023-07-13 10:46:23.319 +01:00  INF]  Request finished HTTP/2 POST https://localhost:44317/api/Auth/DisapproveUser application/json 80 - 200 - application/json;+charset=utf-8 318659.5815ms
[2023-07-13 10:46:30.966 +01:00  INF]  Request starting HTTP/2 POST https://localhost:44317/api/Auth/DisapproveUser application/json 83
[2023-07-13 10:46:30.967 +01:00  INF]  CORS policy execution successful.
[2023-07-13 10:46:30.967 +01:00  INF]  Successfully validated the token.
[2023-07-13 10:46:30.967 +01:00  INF]  Executing endpoint 'Com.XpressPayments.Api.Controllers.AuthController.DisapproveUser (Com.XpressPayments.Api)'
[2023-07-13 10:46:30.967 +01:00  INF]  Route matched with {action = "DisapproveUser", controller = "Auth"}. Executing controller action with signature System.Threading.Tasks.Task`1[Microsoft.AspNetCore.Mvc.IActionResult] DisapproveUser(Com.XpressPayments.Data.DTOs.Account.DisapproveUserDto) on controller Com.XpressPayments.Api.Controllers.AuthController (Com.XpressPayments.Api).
[2023-07-13 10:46:41.796 +01:00  INF]  Executing OkObjectResult, writing value of type 'Com.XpressPayments.Data.GenericResponse.BaseResponse'.
[2023-07-13 10:46:41.796 +01:00  INF]  Executed action Com.XpressPayments.Api.Controllers.AuthController.DisapproveUser (Com.XpressPayments.Api) in 10829.1366ms
[2023-07-13 10:46:41.796 +01:00  INF]  Executed endpoint 'Com.XpressPayments.Api.Controllers.AuthController.DisapproveUser (Com.XpressPayments.Api)'
[2023-07-13 10:46:41.797 +01:00  INF]  Request finished HTTP/2 POST https://localhost:44317/api/Auth/DisapproveUser application/json 83 - 200 - application/json;+charset=utf-8 10830.2775ms
[2023-07-13 10:50:42.487 +01:00  INF]  Request starting HTTP/2 POST https://localhost:44317/api/Auth/DisapproveUser application/json 80
[2023-07-13 10:50:42.487 +01:00  INF]  CORS policy execution successful.
[2023-07-13 10:50:42.488 +01:00  INF]  Successfully validated the token.
[2023-07-13 10:50:42.488 +01:00  INF]  Executing endpoint 'Com.XpressPayments.Api.Controllers.AuthController.DisapproveUser (Com.XpressPayments.Api)'
[2023-07-13 10:50:42.488 +01:00  INF]  Route matched with {action = "DisapproveUser", controller = "Auth"}. Executing controller action with signature System.Threading.Tasks.Task`1[Microsoft.AspNetCore.Mvc.IActionResult] DisapproveUser(Com.XpressPayments.Data.DTOs.Account.DisapproveUserDto) on controller Com.XpressPayments.Api.Controllers.AuthController (Com.XpressPayments.Api).
[2023-07-13 10:51:17.160 +01:00  INF]  Employee with email: wotmnuv@getnada.com disapproved successfully.
[2023-07-13 10:51:17.160 +01:00  INF]  Executing OkObjectResult, writing value of type 'Com.XpressPayments.Data.GenericResponse.BaseResponse'.
[2023-07-13 10:51:17.160 +01:00  INF]  Executed action Com.XpressPayments.Api.Controllers.AuthController.DisapproveUser (Com.XpressPayments.Api) in 34671.8344ms
[2023-07-13 10:51:17.160 +01:00  INF]  Executed endpoint 'Com.XpressPayments.Api.Controllers.AuthController.DisapproveUser (Com.XpressPayments.Api)'
[2023-07-13 10:51:17.160 +01:00  INF]  Request finished HTTP/2 POST https://localhost:44317/api/Auth/DisapproveUser application/json 80 - 200 - application/json;+charset=utf-8 34673.1710ms
[2023-07-13 13:33:57.528 +01:00  INF]  User profile is available. Using 'C:\Users\olajumoke.owolabi\AppData\Local\ASP.NET\DataProtection-Keys' as key repository and Windows DPAPI to encrypt keys at rest.
[2023-07-13 13:33:57.830 +01:00  INF]  Application started. Press Ctrl+C to shut down.
[2023-07-13 13:33:57.831 +01:00  INF]  Hosting environment: Development
[2023-07-13 13:33:57.831 +01:00  INF]  Content root path: C:\Users\olajumoke.owolabi\source\repos\hrms-be-backend\Com.XpressPayments.Api\
[2023-07-13 13:33:57.889 +01:00  INF]  Request starting HTTP/2 GET https://localhost:44317/index.html - -
[2023-07-13 13:33:58.463 +01:00  INF]  Request starting HTTP/2 GET https://localhost:44317/_framework/aspnetcore-browser-refresh.js - -
[2023-07-13 13:33:58.465 +01:00  INF]  Request finished HTTP/2 GET https://localhost:44317/index.html - - - 200 - text/html;charset=utf-8 578.8858ms
[2023-07-13 13:33:58.484 +01:00  INF]  Request starting HTTP/2 GET https://localhost:44317/_vs/browserLink - -
[2023-07-13 13:33:58.484 +01:00  INF]  Request finished HTTP/2 GET https://localhost:44317/_framework/aspnetcore-browser-refresh.js - - - 200 12014 application/javascript;+charset=utf-8 8.9731ms
[2023-07-13 13:33:58.547 +01:00  INF]  Request finished HTTP/2 GET https://localhost:44317/_vs/browserLink - - - 200 - text/javascript;+charset=UTF-8 62.8577ms
[2023-07-13 13:33:58.619 +01:00  INF]  Request starting HTTP/2 GET https://localhost:44317/swagger/v1/swagger.json - -
[2023-07-13 13:33:58.831 +01:00  INF]  Request finished HTTP/2 GET https://localhost:44317/swagger/v1/swagger.json - - - 200 - application/json;charset=utf-8 211.2279ms
[2023-07-13 13:37:03.757 +01:00  INF]  Request starting HTTP/2 POST https://localhost:44317/api/Auth/Logout application/json 48
[2023-07-13 13:37:03.784 +01:00  INF]  CORS policy execution successful.
[2023-07-13 13:37:03.914 +01:00  INF]  Executing endpoint 'Com.XpressPayments.Api.Controllers.AuthController.Logout (Com.XpressPayments.Api)'
[2023-07-13 13:37:03.951 +01:00  INF]  Route matched with {action = "Logout", controller = "Auth"}. Executing controller action with signature System.Threading.Tasks.Task`1[Microsoft.AspNetCore.Mvc.IActionResult] Logout(Com.XpressPayments.Data.DTOs.Account.LogoutDto) on controller Com.XpressPayments.Api.Controllers.AuthController (Com.XpressPayments.Api).
[2023-07-13 13:37:04.615 +01:00  INF]  Executing OkObjectResult, writing value of type 'Com.XpressPayments.Data.GenericResponse.BaseResponse'.
[2023-07-13 13:37:04.628 +01:00  INF]  Executed action Com.XpressPayments.Api.Controllers.AuthController.Logout (Com.XpressPayments.Api) in 670.1668ms
[2023-07-13 13:37:04.633 +01:00  INF]  Executed endpoint 'Com.XpressPayments.Api.Controllers.AuthController.Logout (Com.XpressPayments.Api)'
[2023-07-13 13:37:04.636 +01:00  INF]  Request finished HTTP/2 POST https://localhost:44317/api/Auth/Logout application/json 48 - 200 - application/json;+charset=utf-8 879.5926ms
[2023-07-13 13:37:20.890 +01:00  INF]  Request starting HTTP/2 POST https://localhost:44317/api/Auth/Login application/json 82
[2023-07-13 13:37:20.897 +01:00  INF]  CORS policy execution successful.
[2023-07-13 13:37:20.898 +01:00  INF]  Executing endpoint 'Com.XpressPayments.Api.Controllers.AuthController.Login (Com.XpressPayments.Api)'
[2023-07-13 13:37:20.907 +01:00  INF]  Route matched with {action = "Login", controller = "Auth"}. Executing controller action with signature System.Threading.Tasks.Task`1[Microsoft.AspNetCore.Mvc.IActionResult] Login(Com.XpressPayments.Bussiness.ViewModels.LoginModel) on controller Com.XpressPayments.Api.Controllers.AuthController (Com.XpressPayments.Api).
[2023-07-13 13:37:27.418 +01:00  INF]  Executing OkObjectResult, writing value of type 'Com.XpressPayments.Data.GenericResponse.LoginResponse'.
[2023-07-13 13:37:27.427 +01:00  INF]  Executed action Com.XpressPayments.Api.Controllers.AuthController.Login (Com.XpressPayments.Api) in 6519.6079ms
[2023-07-13 13:37:27.427 +01:00  INF]  Executed endpoint 'Com.XpressPayments.Api.Controllers.AuthController.Login (Com.XpressPayments.Api)'
[2023-07-13 13:37:27.427 +01:00  INF]  Request finished HTTP/2 POST https://localhost:44317/api/Auth/Login application/json 82 - 200 - application/json;+charset=utf-8 6537.1094ms
[2023-07-13 13:39:25.588 +01:00  INF]  Request starting HTTP/2 GET https://localhost:44317/api/LeaveRequest/GetLeaveRequestbyCompanyId?RequestYear=2023&CompanyID=1 - -
[2023-07-13 13:39:25.688 +01:00  INF]  Successfully validated the token.
[2023-07-13 13:39:25.695 +01:00  INF]  Executing endpoint 'Com.XpressPayments.Api.LeaveModuleController.Controller.LeaveRequestController.GetLeaveRequestbyCompanyId (Com.XpressPayments.Api)'
[2023-07-13 13:39:25.698 +01:00  INF]  Route matched with {action = "GetLeaveRequestbyCompanyId", controller = "LeaveRequest"}. Executing controller action with signature System.Threading.Tasks.Task`1[Microsoft.AspNetCore.Mvc.IActionResult] GetLeaveRequestbyCompanyId(System.String, Int64) on controller Com.XpressPayments.Api.LeaveModuleController.Controller.LeaveRequestController (Com.XpressPayments.Api).
[2023-07-13 13:40:03.539 +01:00  INF]  Executing OkObjectResult, writing value of type 'Com.XpressPayments.Data.GenericResponse.BaseResponse'.
[2023-07-13 13:40:03.545 +01:00  INF]  Executed action Com.XpressPayments.Api.LeaveModuleController.Controller.LeaveRequestController.GetLeaveRequestbyCompanyId (Com.XpressPayments.Api) in 37846.9307ms
[2023-07-13 13:40:03.545 +01:00  INF]  Executed endpoint 'Com.XpressPayments.Api.LeaveModuleController.Controller.LeaveRequestController.GetLeaveRequestbyCompanyId (Com.XpressPayments.Api)'
[2023-07-13 13:40:03.547 +01:00  INF]  Request finished HTTP/2 GET https://localhost:44317/api/LeaveRequest/GetLeaveRequestbyCompanyId?RequestYear=2023&CompanyID=1 - - - 200 - application/json;+charset=utf-8 37958.0940ms
[2023-07-13 13:40:27.436 +01:00  INF]  Request starting HTTP/2 GET https://localhost:44317/api/LeaveRequest/GetLeaveRequestPendingApproval?CompanyId=1 - -
[2023-07-13 13:40:27.444 +01:00  INF]  Successfully validated the token.
[2023-07-13 13:40:27.445 +01:00  INF]  Executing endpoint 'Com.XpressPayments.Api.LeaveModuleController.Controller.LeaveRequestController.GetLeaveRequestPendingApproval (Com.XpressPayments.Api)'
[2023-07-13 13:40:27.454 +01:00  INF]  Route matched with {action = "GetLeaveRequestPendingApproval", controller = "LeaveRequest"}. Executing controller action with signature System.Threading.Tasks.Task`1[Microsoft.AspNetCore.Mvc.IActionResult] GetLeaveRequestPendingApproval(Int64) on controller Com.XpressPayments.Api.LeaveModuleController.Controller.LeaveRequestController (Com.XpressPayments.Api).
[2023-07-13 13:40:27.462 +01:00  INF]  Executing OkObjectResult, writing value of type 'Com.XpressPayments.Data.GenericResponse.BaseResponse'.
[2023-07-13 13:40:27.462 +01:00  INF]  Executed action Com.XpressPayments.Api.LeaveModuleController.Controller.LeaveRequestController.GetLeaveRequestPendingApproval (Com.XpressPayments.Api) in 7.8671ms
[2023-07-13 13:40:27.462 +01:00  INF]  Executed endpoint 'Com.XpressPayments.Api.LeaveModuleController.Controller.LeaveRequestController.GetLeaveRequestPendingApproval (Com.XpressPayments.Api)'
[2023-07-13 13:40:27.462 +01:00  INF]  Request finished HTTP/2 GET https://localhost:44317/api/LeaveRequest/GetLeaveRequestPendingApproval?CompanyId=1 - - - 200 - application/json;+charset=utf-8 26.1730ms
[2023-07-13 14:23:03.656 +01:00  INF]  User profile is available. Using 'C:\Users\olajumoke.owolabi\AppData\Local\ASP.NET\DataProtection-Keys' as key repository and Windows DPAPI to encrypt keys at rest.
[2023-07-13 14:23:04.032 +01:00  INF]  Application started. Press Ctrl+C to shut down.
[2023-07-13 14:23:04.032 +01:00  INF]  Hosting environment: Development
[2023-07-13 14:23:04.032 +01:00  INF]  Content root path: C:\Users\olajumoke.owolabi\source\repos\hrms-be-backend\Com.XpressPayments.Api\
[2023-07-13 14:23:04.120 +01:00  INF]  Request starting HTTP/2 GET https://localhost:44317/index.html - -
[2023-07-13 14:23:05.024 +01:00  INF]  Request starting HTTP/2 GET https://localhost:44317/_framework/aspnetcore-browser-refresh.js - -
[2023-07-13 14:23:05.028 +01:00  INF]  Request finished HTTP/2 GET https://localhost:44317/index.html - - - 200 - text/html;charset=utf-8 911.1653ms
[2023-07-13 14:23:05.030 +01:00  INF]  Request starting HTTP/2 GET https://localhost:44317/_vs/browserLink - -
[2023-07-13 14:23:05.041 +01:00  INF]  Request finished HTTP/2 GET https://localhost:44317/_framework/aspnetcore-browser-refresh.js - - - 200 12014 application/javascript;+charset=utf-8 11.3481ms
[2023-07-13 14:23:05.114 +01:00  INF]  Request finished HTTP/2 GET https://localhost:44317/_vs/browserLink - - - 200 - text/javascript;+charset=UTF-8 83.7150ms
[2023-07-13 14:23:05.205 +01:00  INF]  Request starting HTTP/2 GET https://localhost:44317/swagger/v1/swagger.json - -
[2023-07-13 14:23:05.503 +01:00  INF]  Request finished HTTP/2 GET https://localhost:44317/swagger/v1/swagger.json - - - 200 - application/json;charset=utf-8 297.5813ms
[2023-07-13 14:23:59.161 +01:00  INF]  Request starting HTTP/2 POST https://localhost:44317/api/Auth/Logout application/json 60
[2023-07-13 14:23:59.181 +01:00  INF]  CORS policy execution successful.
[2023-07-13 14:23:59.366 +01:00  INF]  Executing endpoint 'Com.XpressPayments.Api.Controllers.AuthController.Logout (Com.XpressPayments.Api)'
[2023-07-13 14:23:59.399 +01:00  INF]  Route matched with {action = "Logout", controller = "Auth"}. Executing controller action with signature System.Threading.Tasks.Task`1[Microsoft.AspNetCore.Mvc.IActionResult] Logout(Com.XpressPayments.Data.DTOs.Account.LogoutDto) on controller Com.XpressPayments.Api.Controllers.AuthController (Com.XpressPayments.Api).
[2023-07-13 14:24:00.034 +01:00  INF]  Executing OkObjectResult, writing value of type 'Com.XpressPayments.Data.GenericResponse.BaseResponse'.
[2023-07-13 14:24:00.048 +01:00  INF]  Executed action Com.XpressPayments.Api.Controllers.AuthController.Logout (Com.XpressPayments.Api) in 641.4012ms
[2023-07-13 14:24:00.055 +01:00  INF]  Executed endpoint 'Com.XpressPayments.Api.Controllers.AuthController.Logout (Com.XpressPayments.Api)'
[2023-07-13 14:24:00.058 +01:00  INF]  Request finished HTTP/2 POST https://localhost:44317/api/Auth/Logout application/json 60 - 200 - application/json;+charset=utf-8 896.4677ms
[2023-07-13 14:25:59.982 +01:00  INF]  Request starting HTTP/2 POST https://localhost:44317/api/Auth/Login application/json 94
[2023-07-13 14:25:59.994 +01:00  INF]  CORS policy execution successful.
[2023-07-13 14:26:00.014 +01:00  INF]  Executing endpoint 'Com.XpressPayments.Api.Controllers.AuthController.Login (Com.XpressPayments.Api)'
[2023-07-13 14:26:00.026 +01:00  INF]  Route matched with {action = "Login", controller = "Auth"}. Executing controller action with signature System.Threading.Tasks.Task`1[Microsoft.AspNetCore.Mvc.IActionResult] Login(Com.XpressPayments.Bussiness.ViewModels.LoginModel) on controller Com.XpressPayments.Api.Controllers.AuthController (Com.XpressPayments.Api).
[2023-07-13 14:26:14.034 +01:00  INF]  Executing OkObjectResult, writing value of type 'Com.XpressPayments.Data.GenericResponse.LoginResponse'.
[2023-07-13 14:26:14.045 +01:00  INF]  Executed action Com.XpressPayments.Api.Controllers.AuthController.Login (Com.XpressPayments.Api) in 14018.3497ms
[2023-07-13 14:26:14.045 +01:00  INF]  Executed endpoint 'Com.XpressPayments.Api.Controllers.AuthController.Login (Com.XpressPayments.Api)'
[2023-07-13 14:26:14.045 +01:00  INF]  Request finished HTTP/2 POST https://localhost:44317/api/Auth/Login application/json 94 - 200 - application/json;+charset=utf-8 14063.0751ms
[2023-07-13 14:28:18.829 +01:00  INF]  Request starting HTTP/2 GET https://localhost:44317/api/LeaveRequest/GetLeaveRequestPendingApproval - -
[2023-07-13 14:28:18.943 +01:00  INF]  Successfully validated the token.
[2023-07-13 14:28:18.951 +01:00  INF]  Executing endpoint 'Com.XpressPayments.Api.LeaveModuleController.Controller.LeaveRequestController.GetLeaveRequestPendingApproval (Com.XpressPayments.Api)'
[2023-07-13 14:28:18.954 +01:00  INF]  Route matched with {action = "GetLeaveRequestPendingApproval", controller = "LeaveRequest"}. Executing controller action with signature System.Threading.Tasks.Task`1[Microsoft.AspNetCore.Mvc.IActionResult] GetLeaveRequestPendingApproval() on controller Com.XpressPayments.Api.LeaveModuleController.Controller.LeaveRequestController (Com.XpressPayments.Api).
[2023-07-13 14:28:19.043 +01:00  INF]  Executing OkObjectResult, writing value of type 'Com.XpressPayments.Data.GenericResponse.BaseResponse'.
[2023-07-13 14:28:19.058 +01:00  INF]  Executed action Com.XpressPayments.Api.LeaveModuleController.Controller.LeaveRequestController.GetLeaveRequestPendingApproval (Com.XpressPayments.Api) in 103.7548ms
[2023-07-13 14:28:19.058 +01:00  INF]  Executed endpoint 'Com.XpressPayments.Api.LeaveModuleController.Controller.LeaveRequestController.GetLeaveRequestPendingApproval (Com.XpressPayments.Api)'
[2023-07-13 14:28:19.062 +01:00  INF]  Request finished HTTP/2 GET https://localhost:44317/api/LeaveRequest/GetLeaveRequestPendingApproval - - - 200 - application/json;+charset=utf-8 232.7309ms
[2023-07-13 14:28:55.515 +01:00  INF]  Request starting HTTP/2 GET https://localhost:44317/api/LeaveRequest/GetLeaveRequestbyCompanyId?RequestYear=2023&CompanyID=1 - -
[2023-07-13 14:28:55.521 +01:00  INF]  Successfully validated the token.
[2023-07-13 14:28:55.526 +01:00  INF]  Executing endpoint 'Com.XpressPayments.Api.LeaveModuleController.Controller.LeaveRequestController.GetLeaveRequestbyCompanyId (Com.XpressPayments.Api)'
[2023-07-13 14:28:55.536 +01:00  INF]  Route matched with {action = "GetLeaveRequestbyCompanyId", controller = "LeaveRequest"}. Executing controller action with signature System.Threading.Tasks.Task`1[Microsoft.AspNetCore.Mvc.IActionResult] GetLeaveRequestbyCompanyId(System.String, Int64) on controller Com.XpressPayments.Api.LeaveModuleController.Controller.LeaveRequestController (Com.XpressPayments.Api).
[2023-07-13 14:28:58.677 +01:00  INF]  Executing OkObjectResult, writing value of type 'Com.XpressPayments.Data.GenericResponse.BaseResponse'.
[2023-07-13 14:28:58.677 +01:00  INF]  Executed action Com.XpressPayments.Api.LeaveModuleController.Controller.LeaveRequestController.GetLeaveRequestbyCompanyId (Com.XpressPayments.Api) in 3140.4314ms
[2023-07-13 14:28:58.677 +01:00  INF]  Executed endpoint 'Com.XpressPayments.Api.LeaveModuleController.Controller.LeaveRequestController.GetLeaveRequestbyCompanyId (Com.XpressPayments.Api)'
[2023-07-13 14:28:58.678 +01:00  INF]  Request finished HTTP/2 GET https://localhost:44317/api/LeaveRequest/GetLeaveRequestbyCompanyId?RequestYear=2023&CompanyID=1 - - - 200 - application/json;+charset=utf-8 3162.9864ms
[2023-07-13 14:29:51.344 +01:00  INF]  Request starting HTTP/2 POST https://localhost:44317/api/Auth/Logout application/json 48
[2023-07-13 14:29:51.344 +01:00  INF]  CORS policy execution successful.
[2023-07-13 14:29:51.348 +01:00  INF]  Successfully validated the token.
[2023-07-13 14:29:51.349 +01:00  INF]  Executing endpoint 'Com.XpressPayments.Api.Controllers.AuthController.Logout (Com.XpressPayments.Api)'
[2023-07-13 14:29:51.349 +01:00  INF]  Route matched with {action = "Logout", controller = "Auth"}. Executing controller action with signature System.Threading.Tasks.Task`1[Microsoft.AspNetCore.Mvc.IActionResult] Logout(Com.XpressPayments.Data.DTOs.Account.LogoutDto) on controller Com.XpressPayments.Api.Controllers.AuthController (Com.XpressPayments.Api).
[2023-07-13 14:29:51.365 +01:00  INF]  Executing OkObjectResult, writing value of type 'Com.XpressPayments.Data.GenericResponse.BaseResponse'.
[2023-07-13 14:29:51.369 +01:00  INF]  Executed action Com.XpressPayments.Api.Controllers.AuthController.Logout (Com.XpressPayments.Api) in 18.7688ms
[2023-07-13 14:29:51.369 +01:00  INF]  Executed endpoint 'Com.XpressPayments.Api.Controllers.AuthController.Logout (Com.XpressPayments.Api)'
[2023-07-13 14:29:51.369 +01:00  INF]  Request finished HTTP/2 POST https://localhost:44317/api/Auth/Logout application/json 48 - 200 - application/json;+charset=utf-8 25.4999ms
[2023-07-13 14:30:12.172 +01:00  INF]  Request starting HTTP/2 POST https://localhost:44317/api/Auth/Login application/json 82
[2023-07-13 14:30:12.172 +01:00  INF]  CORS policy execution successful.
[2023-07-13 14:30:12.173 +01:00  INF]  Successfully validated the token.
[2023-07-13 14:30:12.173 +01:00  INF]  Executing endpoint 'Com.XpressPayments.Api.Controllers.AuthController.Login (Com.XpressPayments.Api)'
[2023-07-13 14:30:12.173 +01:00  INF]  Route matched with {action = "Login", controller = "Auth"}. Executing controller action with signature System.Threading.Tasks.Task`1[Microsoft.AspNetCore.Mvc.IActionResult] Login(Com.XpressPayments.Bussiness.ViewModels.LoginModel) on controller Com.XpressPayments.Api.Controllers.AuthController (Com.XpressPayments.Api).
[2023-07-13 14:30:14.059 +01:00  INF]  Executing OkObjectResult, writing value of type 'Com.XpressPayments.Data.GenericResponse.LoginResponse'.
[2023-07-13 14:30:14.060 +01:00  INF]  Executed action Com.XpressPayments.Api.Controllers.AuthController.Login (Com.XpressPayments.Api) in 1887.0449ms
[2023-07-13 14:30:14.060 +01:00  INF]  Executed endpoint 'Com.XpressPayments.Api.Controllers.AuthController.Login (Com.XpressPayments.Api)'
[2023-07-13 14:30:14.061 +01:00  INF]  Request finished HTTP/2 POST https://localhost:44317/api/Auth/Login application/json 82 - 200 - application/json;+charset=utf-8 1888.5255ms
