[2023-09-22 10:40:06.565 +01:00  INF]  User profile is available. Using 'C:\Users\noble.nwabuike\AppData\Local\ASP.NET\DataProtection-Keys' as key repository and Windows DPAPI to encrypt keys at rest.
[2023-09-22 10:40:08.704 +01:00  INF]  Now listening on: https://localhost:5001
[2023-09-22 10:40:08.706 +01:00  INF]  Now listening on: http://localhost:5000
[2023-09-22 10:40:08.712 +01:00  INF]  Application started. Press Ctrl+C to shut down.
[2023-09-22 10:40:08.714 +01:00  INF]  Hosting environment: Development
[2023-09-22 10:40:08.715 +01:00  INF]  Content root path: C:\Users\noble.nwabuike\Downloads\hrms-be-backend\Com.XpressPayments.Api\
[2023-09-22 10:40:11.166 +01:00  INF]  Request starting HTTP/2 GET https://localhost:5001/index.html - -
[2023-09-22 10:40:12.166 +01:00  INF]  Request finished HTTP/2 GET https://localhost:5001/index.html - - - 200 - text/html;charset=utf-8 1004.7159ms
[2023-09-22 10:40:12.168 +01:00  INF]  Request starting HTTP/2 GET https://localhost:5001/_framework/aspnetcore-browser-refresh.js - -
[2023-09-22 10:40:12.182 +01:00  INF]  Request finished HTTP/2 GET https://localhost:5001/_framework/aspnetcore-browser-refresh.js - - - 200 12014 application/javascript;+charset=utf-8 14.1161ms
[2023-09-22 10:40:12.214 +01:00  INF]  Request starting HTTP/2 GET https://localhost:5001/_vs/browserLink - -
[2023-09-22 10:40:12.295 +01:00  INF]  Request finished HTTP/2 GET https://localhost:5001/_vs/browserLink - - - 200 - text/javascript;+charset=UTF-8 80.2344ms
[2023-09-22 10:40:12.376 +01:00  INF]  Request starting HTTP/2 GET https://localhost:5001/swagger/v1/swagger.json - -
[2023-09-22 10:40:12.591 +01:00  INF]  Request finished HTTP/2 GET https://localhost:5001/swagger/v1/swagger.json - - - 200 - application/json;charset=utf-8 215.0826ms
[2023-09-22 10:41:43.129 +01:00  INF]  Request starting HTTP/2 POST https://localhost:5001/api/Auth/Logout application/json 48
[2023-09-22 10:41:43.187 +01:00  INF]  CORS policy execution successful.
[2023-09-22 10:41:43.360 +01:00  INF]  Executing endpoint 'Com.XpressPayments.Api.Controllers.AuthController.Logout (Com.XpressPayments.Api)'
[2023-09-22 10:41:43.389 +01:00  INF]  Route matched with {action = "Logout", controller = "Auth"}. Executing controller action with signature System.Threading.Tasks.Task`1[Microsoft.AspNetCore.Mvc.IActionResult] Logout(Com.XpressPayments.Data.DTOs.Account.LogoutDto) on controller Com.XpressPayments.Api.Controllers.AuthController (Com.XpressPayments.Api).
[2023-09-22 10:41:43.990 +01:00  INF]  Executing OkObjectResult, writing value of type 'Com.XpressPayments.Data.GenericResponse.BaseResponse'.
[2023-09-22 10:41:44.003 +01:00  INF]  Executed action Com.XpressPayments.Api.Controllers.AuthController.Logout (Com.XpressPayments.Api) in 604.7211ms
[2023-09-22 10:41:44.014 +01:00  INF]  Executed endpoint 'Com.XpressPayments.Api.Controllers.AuthController.Logout (Com.XpressPayments.Api)'
[2023-09-22 10:41:44.016 +01:00  INF]  Request finished HTTP/2 POST https://localhost:5001/api/Auth/Logout application/json 48 - 200 - application/json;+charset=utf-8 887.0911ms
[2023-09-22 10:42:06.883 +01:00  INF]  Request starting HTTP/2 POST https://localhost:5001/api/Auth/Login application/json 82
[2023-09-22 10:42:06.901 +01:00  INF]  CORS policy execution successful.
[2023-09-22 10:42:06.903 +01:00  INF]  Executing endpoint 'Com.XpressPayments.Api.Controllers.AuthController.Login (Com.XpressPayments.Api)'
[2023-09-22 10:42:06.913 +01:00  INF]  Route matched with {action = "Login", controller = "Auth"}. Executing controller action with signature System.Threading.Tasks.Task`1[Microsoft.AspNetCore.Mvc.IActionResult] Login(Com.XpressPayments.Bussiness.ViewModels.LoginModel) on controller Com.XpressPayments.Api.Controllers.AuthController (Com.XpressPayments.Api).
[2023-09-22 10:42:07.737 +01:00  INF]  Executing OkObjectResult, writing value of type 'Com.XpressPayments.Data.GenericResponse.LoginResponse'.
[2023-09-22 10:42:07.813 +01:00  INF]  Executed action Com.XpressPayments.Api.Controllers.AuthController.Login (Com.XpressPayments.Api) in 898.7931ms
[2023-09-22 10:42:07.815 +01:00  INF]  Executed endpoint 'Com.XpressPayments.Api.Controllers.AuthController.Login (Com.XpressPayments.Api)'
[2023-09-22 10:42:07.816 +01:00  INF]  Request finished HTTP/2 POST https://localhost:5001/api/Auth/Login application/json 82 - 200 - application/json;+charset=utf-8 933.6622ms
[2023-09-22 10:43:06.896 +01:00  INF]  Request starting HTTP/2 POST https://localhost:5001/api/TrainingPlan/CreateTrainingPlan application/json 403
[2023-09-22 10:43:06.902 +01:00  INF]  CORS policy execution successful.
[2023-09-22 10:43:06.988 +01:00  INF]  Successfully validated the token.
[2023-09-22 10:43:06.997 +01:00  INF]  Executing endpoint 'Com.XpressPayments.Api.LearningAndDevelopmentModuleController.Controller.TrainingPlanController.CreateTrainingPlan (Com.XpressPayments.Api)'
[2023-09-22 10:43:07.001 +01:00  INF]  Route matched with {action = "CreateTrainingPlan", controller = "TrainingPlan"}. Executing controller action with signature System.Threading.Tasks.Task`1[Microsoft.AspNetCore.Mvc.IActionResult] CreateTrainingPlan(Com.XpressPayments.Data.LearningAndDevelopmentDTO.DTOs.TrainingPlanCreate) on controller Com.XpressPayments.Api.LearningAndDevelopmentModuleController.Controller.TrainingPlanController (Com.XpressPayments.Api).
[2023-09-22 10:44:31.230 +01:00  ERR]  MethodName: CreateTrainingPlan ===>System.Data.SqlClient.SqlException (0x80131904): The formal parameter "@TrainingPlanID" was not declared as an OUTPUT parameter, but the actual parameter passed in requested output.
   at Com.XpressPayments.Data.DapperGeneric.DapperGenericRepository.Get[T](String sp, DynamicParameters parms, CommandType commandType) in C:\Users\noble.nwabuike\Downloads\hrms-be-backend\Com.XpressPayments.Data\DapperGeneric\DapperGenericRepository.cs:line 83
   at Com.XpressPayments.Data.LearningAndDevelopmentRepository.TrainingPlanRepo.TrainingPlanRepository.CreateTrainingPlan(TrainingPlanCreate TrainingPlan, String createdbyUserEmail) in C:\Users\noble.nwabuike\Downloads\hrms-be-backend\Com.XpressPayments.Data\LearningAndDevelopmentRepository\TrainingPlanRepo\TrainingPlanRepository.cs:line 70
ClientConnectionId:933be4af-2a86-48d9-9076-18c008fdbde3
Error Number:8162,State:2,Class:16
[2023-09-22 10:44:31.287 +01:00  ERR]  Exception Occured ==> The formal parameter "@TrainingPlanID" was not declared as an OUTPUT parameter, but the actual parameter passed in requested output.
[2023-09-22 10:44:31.287 +01:00  INF]  Executing OkObjectResult, writing value of type 'Com.XpressPayments.Data.GenericResponse.BaseResponse'.
[2023-09-22 10:44:31.289 +01:00  INF]  Executed action Com.XpressPayments.Api.LearningAndDevelopmentModuleController.Controller.TrainingPlanController.CreateTrainingPlan (Com.XpressPayments.Api) in 84285.4842ms
[2023-09-22 10:44:31.290 +01:00  INF]  Executed endpoint 'Com.XpressPayments.Api.LearningAndDevelopmentModuleController.Controller.TrainingPlanController.CreateTrainingPlan (Com.XpressPayments.Api)'
[2023-09-22 10:44:31.293 +01:00  INF]  Request finished HTTP/2 POST https://localhost:5001/api/TrainingPlan/CreateTrainingPlan application/json 403 - 200 - application/json;+charset=utf-8 84397.1900ms
[2023-09-22 11:23:31.599 +01:00  INF]  User profile is available. Using 'C:\Users\noble.nwabuike\AppData\Local\ASP.NET\DataProtection-Keys' as key repository and Windows DPAPI to encrypt keys at rest.
[2023-09-22 11:23:32.157 +01:00  INF]  Now listening on: https://localhost:5001
[2023-09-22 11:23:32.158 +01:00  INF]  Now listening on: http://localhost:5000
[2023-09-22 11:23:32.162 +01:00  INF]  Application started. Press Ctrl+C to shut down.
[2023-09-22 11:23:32.164 +01:00  INF]  Hosting environment: Development
[2023-09-22 11:23:32.165 +01:00  INF]  Content root path: C:\Users\noble.nwabuike\Downloads\hrms-be-backend\Com.XpressPayments.Api\
[2023-09-22 11:23:33.392 +01:00  INF]  Request starting HTTP/2 GET https://localhost:5001/index.html - -
[2023-09-22 11:23:34.008 +01:00  INF]  Request starting HTTP/2 GET https://localhost:5001/_framework/aspnetcore-browser-refresh.js - -
[2023-09-22 11:23:34.008 +01:00  INF]  Request finished HTTP/2 GET https://localhost:5001/index.html - - - 200 - text/html;charset=utf-8 618.5834ms
[2023-09-22 11:23:34.020 +01:00  INF]  Request starting HTTP/2 GET https://localhost:5001/_vs/browserLink - -
[2023-09-22 11:23:34.023 +01:00  INF]  Request finished HTTP/2 GET https://localhost:5001/_framework/aspnetcore-browser-refresh.js - - - 200 12014 application/javascript;+charset=utf-8 15.1360ms
[2023-09-22 11:23:34.068 +01:00  INF]  Request finished HTTP/2 GET https://localhost:5001/_vs/browserLink - - - 200 - text/javascript;+charset=UTF-8 47.3300ms
[2023-09-22 11:23:34.169 +01:00  INF]  Request starting HTTP/2 GET https://localhost:5001/swagger/v1/swagger.json - -
[2023-09-22 11:23:34.425 +01:00  INF]  Request finished HTTP/2 GET https://localhost:5001/swagger/v1/swagger.json - - - 200 - application/json;charset=utf-8 256.4689ms
[2023-09-22 11:25:03.715 +01:00  INF]  Request starting HTTP/2 POST https://localhost:5001/api/TrainingPlan/CreateTrainingPlan application/json 403
[2023-09-22 11:25:03.731 +01:00  INF]  CORS policy execution successful.
[2023-09-22 11:25:04.266 +01:00  INF]  Successfully validated the token.
[2023-09-22 11:25:04.282 +01:00  INF]  Executing endpoint 'Com.XpressPayments.Api.LearningAndDevelopmentModuleController.Controller.TrainingPlanController.CreateTrainingPlan (Com.XpressPayments.Api)'
[2023-09-22 11:25:04.326 +01:00  INF]  Route matched with {action = "CreateTrainingPlan", controller = "TrainingPlan"}. Executing controller action with signature System.Threading.Tasks.Task`1[Microsoft.AspNetCore.Mvc.IActionResult] CreateTrainingPlan(Com.XpressPayments.Data.LearningAndDevelopmentDTO.DTOs.TrainingPlanCreate) on controller Com.XpressPayments.Api.LearningAndDevelopmentModuleController.Controller.TrainingPlanController (Com.XpressPayments.Api).
[2023-09-22 11:26:06.936 +01:00  ERR]  MethodName: CreateTrainingPlan ===>System.Collections.Generic.KeyNotFoundException: The given key 'TrainingPlanID' was not present in the dictionary.
   at System.Collections.Generic.Dictionary`2.get_Item(TKey key)
   at Dapper.DynamicParameters.Get[T](String name) in /_/Dapper/DynamicParameters.cs:line 318
   at Com.XpressPayments.Data.LearningAndDevelopmentRepository.TrainingPlanRepo.TrainingPlanRepository.CreateTrainingPlan(TrainingPlanCreate TrainingPlan, String createdbyUserEmail) in C:\Users\noble.nwabuike\Downloads\hrms-be-backend\Com.XpressPayments.Data\LearningAndDevelopmentRepository\TrainingPlanRepo\TrainingPlanRepository.cs:line 75
[2023-09-22 11:26:06.974 +01:00  ERR]  Exception Occured ==> The given key 'TrainingPlanID' was not present in the dictionary.
[2023-09-22 11:26:06.991 +01:00  INF]  Executing OkObjectResult, writing value of type 'Com.XpressPayments.Data.GenericResponse.BaseResponse'.
[2023-09-22 11:26:07.006 +01:00  INF]  Executed action Com.XpressPayments.Api.LearningAndDevelopmentModuleController.Controller.TrainingPlanController.CreateTrainingPlan (Com.XpressPayments.Api) in 62668.6692ms
[2023-09-22 11:26:07.015 +01:00  INF]  Executed endpoint 'Com.XpressPayments.Api.LearningAndDevelopmentModuleController.Controller.TrainingPlanController.CreateTrainingPlan (Com.XpressPayments.Api)'
[2023-09-22 11:26:07.025 +01:00  INF]  Request finished HTTP/2 POST https://localhost:5001/api/TrainingPlan/CreateTrainingPlan application/json 403 - 200 - application/json;+charset=utf-8 63306.5124ms
[2023-09-22 11:27:32.604 +01:00  INF]  Request starting HTTP/2 POST https://localhost:5001/api/TrainingPlan/CreateTrainingPlan application/json 403
[2023-09-22 11:27:32.626 +01:00  INF]  CORS policy execution successful.
[2023-09-22 11:27:32.627 +01:00  INF]  Successfully validated the token.
[2023-09-22 11:27:32.629 +01:00  INF]  Executing endpoint 'Com.XpressPayments.Api.LearningAndDevelopmentModuleController.Controller.TrainingPlanController.CreateTrainingPlan (Com.XpressPayments.Api)'
[2023-09-22 11:27:32.631 +01:00  INF]  Route matched with {action = "CreateTrainingPlan", controller = "TrainingPlan"}. Executing controller action with signature System.Threading.Tasks.Task`1[Microsoft.AspNetCore.Mvc.IActionResult] CreateTrainingPlan(Com.XpressPayments.Data.LearningAndDevelopmentDTO.DTOs.TrainingPlanCreate) on controller Com.XpressPayments.Api.LearningAndDevelopmentModuleController.Controller.TrainingPlanController (Com.XpressPayments.Api).
[2023-09-22 11:30:35.028 +01:00  ERR]  MethodName: Task<TrainingPlanDTO> GetTrainingPlanById(long TrainingPlanID) ===>Procedure or function 'Sp_TrainingPlan' expects parameter '@TrainingPlanIDOut', which was not supplied.
[2023-09-22 11:30:35.098 +01:00  ERR]  Exception Occured ==> Procedure or function 'Sp_TrainingPlan' expects parameter '@TrainingPlanIDOut', which was not supplied.
[2023-09-22 11:30:35.099 +01:00  INF]  Executing OkObjectResult, writing value of type 'Com.XpressPayments.Data.GenericResponse.BaseResponse'.
[2023-09-22 11:30:35.101 +01:00  INF]  Executed action Com.XpressPayments.Api.LearningAndDevelopmentModuleController.Controller.TrainingPlanController.CreateTrainingPlan (Com.XpressPayments.Api) in 182466.2008ms
[2023-09-22 11:30:35.102 +01:00  INF]  Executed endpoint 'Com.XpressPayments.Api.LearningAndDevelopmentModuleController.Controller.TrainingPlanController.CreateTrainingPlan (Com.XpressPayments.Api)'
[2023-09-22 11:30:35.104 +01:00  INF]  Request finished HTTP/2 POST https://localhost:5001/api/TrainingPlan/CreateTrainingPlan application/json 403 - 200 - application/json;+charset=utf-8 182501.1018ms
[2023-09-22 11:31:33.669 +01:00  INF]  Request starting HTTP/2 GET https://localhost:5001/api/TrainingPlan/GetTrainingPlanById?TrainingPlanID=18 - -
[2023-09-22 11:31:33.681 +01:00  INF]  Successfully validated the token.
[2023-09-22 11:31:33.683 +01:00  INF]  Executing endpoint 'Com.XpressPayments.Api.LearningAndDevelopmentModuleController.Controller.TrainingPlanController.GetTrainingPlanById (Com.XpressPayments.Api)'
[2023-09-22 11:31:33.689 +01:00  INF]  Route matched with {action = "GetTrainingPlanById", controller = "TrainingPlan"}. Executing controller action with signature System.Threading.Tasks.Task`1[Microsoft.AspNetCore.Mvc.IActionResult] GetTrainingPlanById(Int64) on controller Com.XpressPayments.Api.LearningAndDevelopmentModuleController.Controller.TrainingPlanController (Com.XpressPayments.Api).
[2023-09-22 11:32:42.990 +01:00  ERR]  MethodName: Task<TrainingPlanDTO> GetTrainingPlanById(long TrainingPlanID) ===>Procedure or function 'Sp_TrainingPlan' expects parameter '@TrainingPlanIDOut', which was not supplied.
[2023-09-22 11:32:43.088 +01:00  ERR]  Exception Occured: GetTrainingPlanById(long TrainingPlanID ==> Procedure or function 'Sp_TrainingPlan' expects parameter '@TrainingPlanIDOut', which was not supplied.
[2023-09-22 11:40:50.795 +01:00  INF]  Executing OkObjectResult, writing value of type 'Com.XpressPayments.Data.GenericResponse.BaseResponse'.
[2023-09-22 11:40:50.863 +01:00  INF]  Executed action Com.XpressPayments.Api.LearningAndDevelopmentModuleController.Controller.TrainingPlanController.GetTrainingPlanById (Com.XpressPayments.Api) in 557170.6888ms
[2023-09-22 11:40:50.865 +01:00  INF]  Executed endpoint 'Com.XpressPayments.Api.LearningAndDevelopmentModuleController.Controller.TrainingPlanController.GetTrainingPlanById (Com.XpressPayments.Api)'
[2023-09-22 11:40:50.867 +01:00  INF]  Request finished HTTP/2 GET https://localhost:5001/api/TrainingPlan/GetTrainingPlanById?TrainingPlanID=18 - - - 200 - application/json;+charset=utf-8 557198.3451ms
[2023-09-22 11:41:04.666 +01:00  INF]  Request starting HTTP/2 GET https://localhost:5001/api/TrainingPlan/GetAllTrainingPlan - -
[2023-09-22 11:41:04.668 +01:00  INF]  Successfully validated the token.
[2023-09-22 11:41:04.669 +01:00  INF]  Executing endpoint 'Com.XpressPayments.Api.LearningAndDevelopmentModuleController.Controller.TrainingPlanController.GetAllTrainingPlan (Com.XpressPayments.Api)'
[2023-09-22 11:41:04.673 +01:00  INF]  Route matched with {action = "GetAllTrainingPlan", controller = "TrainingPlan"}. Executing controller action with signature System.Threading.Tasks.Task`1[Microsoft.AspNetCore.Mvc.IActionResult] GetAllTrainingPlan() on controller Com.XpressPayments.Api.LearningAndDevelopmentModuleController.Controller.TrainingPlanController (Com.XpressPayments.Api).
[2023-09-22 11:41:04.753 +01:00  ERR]  MethodName: GetAllTrainingPlan() ===>Procedure or function 'Sp_TrainingPlan' expects parameter '@TrainingPlanIDOut', which was not supplied.
[2023-09-22 11:41:04.843 +01:00  ERR]  Exception Occured: TrainingPlan() ==> Procedure or function 'Sp_TrainingPlan' expects parameter '@TrainingPlanIDOut', which was not supplied.
[2023-09-22 11:41:07.945 +01:00  INF]  Executing OkObjectResult, writing value of type 'Com.XpressPayments.Data.GenericResponse.BaseResponse'.
[2023-09-22 11:41:07.947 +01:00  INF]  Executed action Com.XpressPayments.Api.LearningAndDevelopmentModuleController.Controller.TrainingPlanController.GetAllTrainingPlan (Com.XpressPayments.Api) in 3272.6604ms
[2023-09-22 11:41:07.950 +01:00  INF]  Executed endpoint 'Com.XpressPayments.Api.LearningAndDevelopmentModuleController.Controller.TrainingPlanController.GetAllTrainingPlan (Com.XpressPayments.Api)'
[2023-09-22 11:41:07.951 +01:00  INF]  Request finished HTTP/2 GET https://localhost:5001/api/TrainingPlan/GetAllTrainingPlan - - - 200 - application/json;+charset=utf-8 3284.9105ms
[2023-09-22 11:49:15.001 +01:00  INF]  Request starting HTTP/2 GET https://localhost:5001/api/TrainingPlan/GetAllTrainingPlan - -
[2023-09-22 11:49:15.026 +01:00  INF]  Failed to validate the token.
Microsoft.IdentityModel.Tokens.SecurityTokenExpiredException: IDX10223: Lifetime validation failed. The token is expired. ValidTo: '22/09/2023 10:42:07', Current time: '22/09/2023 10:49:15'.
   at Microsoft.IdentityModel.Tokens.Validators.ValidateLifetime(Nullable`1 notBefore, Nullable`1 expires, SecurityToken securityToken, TokenValidationParameters validationParameters)
   at System.IdentityModel.Tokens.Jwt.JwtSecurityTokenHandler.ValidateTokenPayload(JwtSecurityToken jwtToken, TokenValidationParameters validationParameters, BaseConfiguration configuration)
   at System.IdentityModel.Tokens.Jwt.JwtSecurityTokenHandler.ValidateJWS(String token, TokenValidationParameters validationParameters, BaseConfiguration currentConfiguration, SecurityToken& signatureValidatedToken, ExceptionDispatchInfo& exceptionThrown)
--- End of stack trace from previous location ---
   at System.IdentityModel.Tokens.Jwt.JwtSecurityTokenHandler.ValidateToken(String token, JwtSecurityToken outerToken, TokenValidationParameters validationParameters, SecurityToken& signatureValidatedToken)
   at System.IdentityModel.Tokens.Jwt.JwtSecurityTokenHandler.ValidateToken(String token, TokenValidationParameters validationParameters, SecurityToken& validatedToken)
   at Microsoft.AspNetCore.Authentication.JwtBearer.JwtBearerHandler.HandleAuthenticateAsync()
[2023-09-22 11:49:15.045 +01:00  INF]  Bearer was not authenticated. Failure message: IDX10223: Lifetime validation failed. The token is expired. ValidTo: '22/09/2023 10:42:07', Current time: '22/09/2023 10:49:15'.
[2023-09-22 11:49:15.048 +01:00  INF]  Authorization failed. These requirements were not met:
DenyAnonymousAuthorizationRequirement: Requires an authenticated user.
[2023-09-22 11:49:15.060 +01:00  INF]  AuthenticationScheme: Bearer was challenged.
[2023-09-22 11:49:15.062 +01:00  INF]  Request finished HTTP/2 GET https://localhost:5001/api/TrainingPlan/GetAllTrainingPlan - - - 401 0 - 60.9896ms
[2023-09-22 11:49:43.565 +01:00  INF]  Request starting HTTP/2 POST https://localhost:5001/api/Auth/Logout application/json 48
[2023-09-22 11:49:43.677 +01:00  INF]  CORS policy execution successful.
[2023-09-22 11:49:43.678 +01:00  INF]  Failed to validate the token.
Microsoft.IdentityModel.Tokens.SecurityTokenExpiredException: IDX10223: Lifetime validation failed. The token is expired. ValidTo: '22/09/2023 10:42:07', Current time: '22/09/2023 10:49:43'.
   at Microsoft.IdentityModel.Tokens.Validators.ValidateLifetime(Nullable`1 notBefore, Nullable`1 expires, SecurityToken securityToken, TokenValidationParameters validationParameters)
   at System.IdentityModel.Tokens.Jwt.JwtSecurityTokenHandler.ValidateTokenPayload(JwtSecurityToken jwtToken, TokenValidationParameters validationParameters, BaseConfiguration configuration)
   at System.IdentityModel.Tokens.Jwt.JwtSecurityTokenHandler.ValidateJWS(String token, TokenValidationParameters validationParameters, BaseConfiguration currentConfiguration, SecurityToken& signatureValidatedToken, ExceptionDispatchInfo& exceptionThrown)
--- End of stack trace from previous location ---
   at System.IdentityModel.Tokens.Jwt.JwtSecurityTokenHandler.ValidateToken(String token, JwtSecurityToken outerToken, TokenValidationParameters validationParameters, SecurityToken& signatureValidatedToken)
   at System.IdentityModel.Tokens.Jwt.JwtSecurityTokenHandler.ValidateToken(String token, TokenValidationParameters validationParameters, SecurityToken& validatedToken)
   at Microsoft.AspNetCore.Authentication.JwtBearer.JwtBearerHandler.HandleAuthenticateAsync()
[2023-09-22 11:49:43.681 +01:00  INF]  Bearer was not authenticated. Failure message: IDX10223: Lifetime validation failed. The token is expired. ValidTo: '22/09/2023 10:42:07', Current time: '22/09/2023 10:49:43'.
[2023-09-22 11:49:43.683 +01:00  INF]  Executing endpoint 'Com.XpressPayments.Api.Controllers.AuthController.Logout (Com.XpressPayments.Api)'
[2023-09-22 11:49:43.689 +01:00  INF]  Route matched with {action = "Logout", controller = "Auth"}. Executing controller action with signature System.Threading.Tasks.Task`1[Microsoft.AspNetCore.Mvc.IActionResult] Logout(Com.XpressPayments.Data.DTOs.Account.LogoutDto) on controller Com.XpressPayments.Api.Controllers.AuthController (Com.XpressPayments.Api).
[2023-09-22 11:49:43.726 +01:00  INF]  Executing OkObjectResult, writing value of type 'Com.XpressPayments.Data.GenericResponse.BaseResponse'.
[2023-09-22 11:49:43.727 +01:00  INF]  Executed action Com.XpressPayments.Api.Controllers.AuthController.Logout (Com.XpressPayments.Api) in 36.3759ms
[2023-09-22 11:49:43.729 +01:00  INF]  Executed endpoint 'Com.XpressPayments.Api.Controllers.AuthController.Logout (Com.XpressPayments.Api)'
[2023-09-22 11:49:43.730 +01:00  INF]  Request finished HTTP/2 POST https://localhost:5001/api/Auth/Logout application/json 48 - 200 - application/json;+charset=utf-8 165.6166ms
[2023-09-22 11:50:00.259 +01:00  INF]  Request starting HTTP/2 POST https://localhost:5001/api/Auth/Login application/json 82
[2023-09-22 11:50:00.265 +01:00  INF]  CORS policy execution successful.
[2023-09-22 11:50:00.266 +01:00  INF]  Failed to validate the token.
Microsoft.IdentityModel.Tokens.SecurityTokenExpiredException: IDX10223: Lifetime validation failed. The token is expired. ValidTo: '22/09/2023 10:42:07', Current time: '22/09/2023 10:50:00'.
   at Microsoft.IdentityModel.Tokens.Validators.ValidateLifetime(Nullable`1 notBefore, Nullable`1 expires, SecurityToken securityToken, TokenValidationParameters validationParameters)
   at System.IdentityModel.Tokens.Jwt.JwtSecurityTokenHandler.ValidateTokenPayload(JwtSecurityToken jwtToken, TokenValidationParameters validationParameters, BaseConfiguration configuration)
   at System.IdentityModel.Tokens.Jwt.JwtSecurityTokenHandler.ValidateJWS(String token, TokenValidationParameters validationParameters, BaseConfiguration currentConfiguration, SecurityToken& signatureValidatedToken, ExceptionDispatchInfo& exceptionThrown)
--- End of stack trace from previous location ---
   at System.IdentityModel.Tokens.Jwt.JwtSecurityTokenHandler.ValidateToken(String token, JwtSecurityToken outerToken, TokenValidationParameters validationParameters, SecurityToken& signatureValidatedToken)
   at System.IdentityModel.Tokens.Jwt.JwtSecurityTokenHandler.ValidateToken(String token, TokenValidationParameters validationParameters, SecurityToken& validatedToken)
   at Microsoft.AspNetCore.Authentication.JwtBearer.JwtBearerHandler.HandleAuthenticateAsync()
[2023-09-22 11:50:00.270 +01:00  INF]  Bearer was not authenticated. Failure message: IDX10223: Lifetime validation failed. The token is expired. ValidTo: '22/09/2023 10:42:07', Current time: '22/09/2023 10:50:00'.
[2023-09-22 11:50:00.271 +01:00  INF]  Executing endpoint 'Com.XpressPayments.Api.Controllers.AuthController.Login (Com.XpressPayments.Api)'
[2023-09-22 11:50:00.274 +01:00  INF]  Route matched with {action = "Login", controller = "Auth"}. Executing controller action with signature System.Threading.Tasks.Task`1[Microsoft.AspNetCore.Mvc.IActionResult] Login(Com.XpressPayments.Bussiness.ViewModels.LoginModel) on controller Com.XpressPayments.Api.Controllers.AuthController (Com.XpressPayments.Api).
[2023-09-22 11:50:00.910 +01:00  INF]  Executing OkObjectResult, writing value of type 'Com.XpressPayments.Data.GenericResponse.LoginResponse'.
[2023-09-22 11:50:00.923 +01:00  INF]  Executed action Com.XpressPayments.Api.Controllers.AuthController.Login (Com.XpressPayments.Api) in 647.4387ms
[2023-09-22 11:50:00.926 +01:00  INF]  Executed endpoint 'Com.XpressPayments.Api.Controllers.AuthController.Login (Com.XpressPayments.Api)'
[2023-09-22 11:50:00.927 +01:00  INF]  Request finished HTTP/2 POST https://localhost:5001/api/Auth/Login application/json 82 - 200 - application/json;+charset=utf-8 668.0469ms
[2023-09-22 11:50:34.396 +01:00  INF]  Request starting HTTP/2 GET https://localhost:5001/api/TrainingPlan/GetAllTrainingPlan - -
[2023-09-22 11:50:34.397 +01:00  INF]  Successfully validated the token.
[2023-09-22 11:50:34.398 +01:00  INF]  Executing endpoint 'Com.XpressPayments.Api.LearningAndDevelopmentModuleController.Controller.TrainingPlanController.GetAllTrainingPlan (Com.XpressPayments.Api)'
[2023-09-22 11:50:34.399 +01:00  INF]  Route matched with {action = "GetAllTrainingPlan", controller = "TrainingPlan"}. Executing controller action with signature System.Threading.Tasks.Task`1[Microsoft.AspNetCore.Mvc.IActionResult] GetAllTrainingPlan() on controller Com.XpressPayments.Api.LearningAndDevelopmentModuleController.Controller.TrainingPlanController (Com.XpressPayments.Api).
[2023-09-22 11:50:34.450 +01:00  ERR]  MethodName: GetAllTrainingPlan() ===>Procedure or function 'Sp_TrainingPlan' expects parameter '@TrainingPlanIDOut', which was not supplied.
[2023-09-22 11:50:34.528 +01:00  ERR]  Exception Occured: TrainingPlan() ==> Procedure or function 'Sp_TrainingPlan' expects parameter '@TrainingPlanIDOut', which was not supplied.
[2023-09-22 11:50:36.600 +01:00  INF]  Executing OkObjectResult, writing value of type 'Com.XpressPayments.Data.GenericResponse.BaseResponse'.
[2023-09-22 11:50:36.602 +01:00  INF]  Executed action Com.XpressPayments.Api.LearningAndDevelopmentModuleController.Controller.TrainingPlanController.GetAllTrainingPlan (Com.XpressPayments.Api) in 2200.3374ms
[2023-09-22 11:50:36.607 +01:00  INF]  Executed endpoint 'Com.XpressPayments.Api.LearningAndDevelopmentModuleController.Controller.TrainingPlanController.GetAllTrainingPlan (Com.XpressPayments.Api)'
[2023-09-22 11:50:36.608 +01:00  INF]  Request finished HTTP/2 GET https://localhost:5001/api/TrainingPlan/GetAllTrainingPlan - - - 200 - application/json;+charset=utf-8 2212.9367ms
[2023-09-22 12:34:23.711 +01:00  INF]  Request starting HTTP/2 GET https://localhost:5001/api/TrainingPlan/GetAllTrainingPlan - -
[2023-09-22 12:34:23.716 +01:00  INF]  Successfully validated the token.
[2023-09-22 12:34:23.717 +01:00  INF]  Executing endpoint 'Com.XpressPayments.Api.LearningAndDevelopmentModuleController.Controller.TrainingPlanController.GetAllTrainingPlan (Com.XpressPayments.Api)'
[2023-09-22 12:34:23.718 +01:00  INF]  Route matched with {action = "GetAllTrainingPlan", controller = "TrainingPlan"}. Executing controller action with signature System.Threading.Tasks.Task`1[Microsoft.AspNetCore.Mvc.IActionResult] GetAllTrainingPlan() on controller Com.XpressPayments.Api.LearningAndDevelopmentModuleController.Controller.TrainingPlanController (Com.XpressPayments.Api).
[2023-09-22 12:34:25.749 +01:00  INF]  Executing OkObjectResult, writing value of type 'Com.XpressPayments.Data.GenericResponse.BaseResponse'.
[2023-09-22 12:34:25.765 +01:00  INF]  Executed action Com.XpressPayments.Api.LearningAndDevelopmentModuleController.Controller.TrainingPlanController.GetAllTrainingPlan (Com.XpressPayments.Api) in 2044.8807ms
[2023-09-22 12:34:25.766 +01:00  INF]  Executed endpoint 'Com.XpressPayments.Api.LearningAndDevelopmentModuleController.Controller.TrainingPlanController.GetAllTrainingPlan (Com.XpressPayments.Api)'
[2023-09-22 12:34:25.768 +01:00  INF]  Request finished HTTP/2 GET https://localhost:5001/api/TrainingPlan/GetAllTrainingPlan - - - 200 - application/json;+charset=utf-8 2056.9190ms
[2023-09-22 12:34:52.168 +01:00  INF]  Request starting HTTP/2 GET https://localhost:5001/api/TrainingPlan/GetTrainingPlanById?TrainingPlanID=18 - -
[2023-09-22 12:34:52.178 +01:00  INF]  Successfully validated the token.
[2023-09-22 12:34:52.180 +01:00  INF]  Executing endpoint 'Com.XpressPayments.Api.LearningAndDevelopmentModuleController.Controller.TrainingPlanController.GetTrainingPlanById (Com.XpressPayments.Api)'
[2023-09-22 12:34:52.184 +01:00  INF]  Route matched with {action = "GetTrainingPlanById", controller = "TrainingPlan"}. Executing controller action with signature System.Threading.Tasks.Task`1[Microsoft.AspNetCore.Mvc.IActionResult] GetTrainingPlanById(Int64) on controller Com.XpressPayments.Api.LearningAndDevelopmentModuleController.Controller.TrainingPlanController (Com.XpressPayments.Api).
[2023-09-22 12:34:56.425 +01:00  INF]  Executing OkObjectResult, writing value of type 'Com.XpressPayments.Data.GenericResponse.BaseResponse'.
[2023-09-22 12:34:56.428 +01:00  INF]  Executed action Com.XpressPayments.Api.LearningAndDevelopmentModuleController.Controller.TrainingPlanController.GetTrainingPlanById (Com.XpressPayments.Api) in 4242.2227ms
[2023-09-22 12:34:56.434 +01:00  INF]  Executed endpoint 'Com.XpressPayments.Api.LearningAndDevelopmentModuleController.Controller.TrainingPlanController.GetTrainingPlanById (Com.XpressPayments.Api)'
[2023-09-22 12:34:56.442 +01:00  INF]  Request finished HTTP/2 GET https://localhost:5001/api/TrainingPlan/GetTrainingPlanById?TrainingPlanID=18 - - - 200 - application/json;+charset=utf-8 4274.4057ms
[2023-09-22 12:35:48.781 +01:00  INF]  Request starting HTTP/2 POST https://localhost:5001/api/TrainingPlan/CreateTrainingPlan application/json 413
[2023-09-22 12:35:48.791 +01:00  INF]  CORS policy execution successful.
[2023-09-22 12:35:48.798 +01:00  INF]  Successfully validated the token.
[2023-09-22 12:35:48.799 +01:00  INF]  Executing endpoint 'Com.XpressPayments.Api.LearningAndDevelopmentModuleController.Controller.TrainingPlanController.CreateTrainingPlan (Com.XpressPayments.Api)'
[2023-09-22 12:35:48.805 +01:00  INF]  Route matched with {action = "CreateTrainingPlan", controller = "TrainingPlan"}. Executing controller action with signature System.Threading.Tasks.Task`1[Microsoft.AspNetCore.Mvc.IActionResult] CreateTrainingPlan(Com.XpressPayments.Data.LearningAndDevelopmentDTO.DTOs.TrainingPlanCreate) on controller Com.XpressPayments.Api.LearningAndDevelopmentModuleController.Controller.TrainingPlanController (Com.XpressPayments.Api).
[2023-09-22 12:35:48.865 +01:00  INF]  Executed action Com.XpressPayments.Api.LearningAndDevelopmentModuleController.Controller.TrainingPlanController.CreateTrainingPlan (Com.XpressPayments.Api) in 57.0684ms
[2023-09-22 12:35:48.868 +01:00  INF]  Executed endpoint 'Com.XpressPayments.Api.LearningAndDevelopmentModuleController.Controller.TrainingPlanController.CreateTrainingPlan (Com.XpressPayments.Api)'
[2023-09-22 12:35:48.896 +01:00  ERR]  An unhandled exception has occurred while executing the request.
System.TypeLoadException: Could not load type 'Invalid_Token.0x02000000' from assembly 'Com.XpressPayments.Bussiness, Version=1.0.0.0, Culture=neutral, PublicKeyToken=null'.
   at Com.XpressPayments.Bussiness.LearningAndDevelopmentModuleService.Service.Logic.TrainingPlanService.CreateTrainingPlan(TrainingPlanCreate payload, RequesterInfo requester)
   at System.Runtime.CompilerServices.AsyncMethodBuilderCore.Start[TStateMachine](TStateMachine& stateMachine)
   at Com.XpressPayments.Bussiness.LearningAndDevelopmentModuleService.Service.Logic.TrainingPlanService.CreateTrainingPlan(TrainingPlanCreate payload, RequesterInfo requester)
   at Com.XpressPayments.Api.LearningAndDevelopmentModuleController.Controller.TrainingPlanController.CreateTrainingPlan(TrainingPlanCreate CreateDto) in C:\Users\noble.nwabuike\Downloads\hrms-be-backend\Com.XpressPayments.Api\LearningAndDevelopmentModuleController\Controller\TrainingPlanController.cs:line 42
   at Microsoft.AspNetCore.Mvc.Infrastructure.ActionMethodExecutor.TaskOfIActionResultExecutor.Execute(IActionResultTypeMapper mapper, ObjectMethodExecutor executor, Object controller, Object[] arguments)
   at Microsoft.AspNetCore.Mvc.Infrastructure.ControllerActionInvoker.<InvokeActionMethodAsync>g__Awaited|12_0(ControllerActionInvoker invoker, ValueTask`1 actionResultValueTask)
   at Microsoft.AspNetCore.Mvc.Infrastructure.ControllerActionInvoker.<InvokeNextActionFilterAsync>g__Awaited|10_0(ControllerActionInvoker invoker, Task lastTask, State next, Scope scope, Object state, Boolean isCompleted)
   at Microsoft.AspNetCore.Mvc.Infrastructure.ControllerActionInvoker.Rethrow(ActionExecutedContextSealed context)
   at Microsoft.AspNetCore.Mvc.Infrastructure.ControllerActionInvoker.Next(State& next, Scope& scope, Object& state, Boolean& isCompleted)
   at Microsoft.AspNetCore.Mvc.Infrastructure.ControllerActionInvoker.InvokeInnerFilterAsync()
--- End of stack trace from previous location ---
   at Microsoft.AspNetCore.Mvc.Infrastructure.ResourceInvoker.<InvokeFilterPipelineAsync>g__Awaited|20_0(ResourceInvoker invoker, Task lastTask, State next, Scope scope, Object state, Boolean isCompleted)
   at Microsoft.AspNetCore.Mvc.Infrastructure.ResourceInvoker.<InvokeAsync>g__Logged|17_1(ResourceInvoker invoker)
   at Microsoft.AspNetCore.Mvc.Infrastructure.ResourceInvoker.<InvokeAsync>g__Logged|17_1(ResourceInvoker invoker)
   at Microsoft.AspNetCore.Routing.EndpointMiddleware.<Invoke>g__AwaitRequestTask|6_0(Endpoint endpoint, Task requestTask, ILogger logger)
   at Microsoft.AspNetCore.Authorization.Policy.AuthorizationMiddlewareResultHandler.HandleAsync(RequestDelegate next, HttpContext context, AuthorizationPolicy policy, PolicyAuthorizationResult authorizeResult)
   at Microsoft.AspNetCore.Authorization.AuthorizationMiddleware.Invoke(HttpContext context)
   at Microsoft.AspNetCore.Authentication.AuthenticationMiddleware.Invoke(HttpContext context)
   at Swashbuckle.AspNetCore.SwaggerUI.SwaggerUIMiddleware.Invoke(HttpContext httpContext)
   at Swashbuckle.AspNetCore.Swagger.SwaggerMiddleware.Invoke(HttpContext httpContext, ISwaggerProvider swaggerProvider)
   at Program.<>c.<<<Main>$>b__0_5>d.MoveNext() in C:\Users\noble.nwabuike\Downloads\hrms-be-backend\Com.XpressPayments.Api\Program.cs:line 300
--- End of stack trace from previous location ---
   at Microsoft.AspNetCore.Diagnostics.DeveloperExceptionPageMiddleware.Invoke(HttpContext context)
[2023-09-22 12:35:49.131 +01:00  INF]  Request finished HTTP/2 POST https://localhost:5001/api/TrainingPlan/CreateTrainingPlan application/json 413 - 500 - text/plain;+charset=utf-8 350.4342ms
[2023-09-22 12:36:34.157 +01:00  INF]  Request starting HTTP/2 POST https://localhost:5001/api/Auth/Logout application/json 48
[2023-09-22 12:36:34.274 +01:00  INF]  CORS policy execution successful.
[2023-09-22 12:36:34.277 +01:00  INF]  Executing endpoint 'Com.XpressPayments.Api.Controllers.AuthController.Logout (Com.XpressPayments.Api)'
[2023-09-22 12:36:34.281 +01:00  INF]  Route matched with {action = "Logout", controller = "Auth"}. Executing controller action with signature System.Threading.Tasks.Task`1[Microsoft.AspNetCore.Mvc.IActionResult] Logout(Com.XpressPayments.Data.DTOs.Account.LogoutDto) on controller Com.XpressPayments.Api.Controllers.AuthController (Com.XpressPayments.Api).
[2023-09-22 12:36:34.324 +01:00  INF]  Executing OkObjectResult, writing value of type 'Com.XpressPayments.Data.GenericResponse.BaseResponse'.
[2023-09-22 12:36:34.326 +01:00  INF]  Executed action Com.XpressPayments.Api.Controllers.AuthController.Logout (Com.XpressPayments.Api) in 37.955ms
[2023-09-22 12:36:34.329 +01:00  INF]  Executed endpoint 'Com.XpressPayments.Api.Controllers.AuthController.Logout (Com.XpressPayments.Api)'
[2023-09-22 12:36:34.334 +01:00  INF]  Request finished HTTP/2 POST https://localhost:5001/api/Auth/Logout application/json 48 - 200 - application/json;+charset=utf-8 176.6473ms
[2023-09-22 12:36:42.539 +01:00  INF]  Request starting HTTP/2 POST https://localhost:5001/api/Auth/Login application/json 82
[2023-09-22 12:36:42.541 +01:00  INF]  CORS policy execution successful.
[2023-09-22 12:36:42.542 +01:00  INF]  Executing endpoint 'Com.XpressPayments.Api.Controllers.AuthController.Login (Com.XpressPayments.Api)'
[2023-09-22 12:36:42.543 +01:00  INF]  Route matched with {action = "Login", controller = "Auth"}. Executing controller action with signature System.Threading.Tasks.Task`1[Microsoft.AspNetCore.Mvc.IActionResult] Login(Com.XpressPayments.Bussiness.ViewModels.LoginModel) on controller Com.XpressPayments.Api.Controllers.AuthController (Com.XpressPayments.Api).
[2023-09-22 12:36:43.096 +01:00  INF]  Executing OkObjectResult, writing value of type 'Com.XpressPayments.Data.GenericResponse.LoginResponse'.
[2023-09-22 12:36:43.099 +01:00  INF]  Executed action Com.XpressPayments.Api.Controllers.AuthController.Login (Com.XpressPayments.Api) in 545.4155ms
[2023-09-22 12:36:43.101 +01:00  INF]  Executed endpoint 'Com.XpressPayments.Api.Controllers.AuthController.Login (Com.XpressPayments.Api)'
[2023-09-22 12:36:43.102 +01:00  INF]  Request finished HTTP/2 POST https://localhost:5001/api/Auth/Login application/json 82 - 200 - application/json;+charset=utf-8 562.8175ms
[2023-09-22 12:37:14.713 +01:00  INF]  Request starting HTTP/2 POST https://localhost:5001/api/TrainingPlan/CreateTrainingPlan application/json 413
[2023-09-22 12:37:14.765 +01:00  INF]  CORS policy execution successful.
[2023-09-22 12:37:14.767 +01:00  INF]  Successfully validated the token.
[2023-09-22 12:37:14.768 +01:00  INF]  Executing endpoint 'Com.XpressPayments.Api.LearningAndDevelopmentModuleController.Controller.TrainingPlanController.CreateTrainingPlan (Com.XpressPayments.Api)'
[2023-09-22 12:37:14.769 +01:00  INF]  Route matched with {action = "CreateTrainingPlan", controller = "TrainingPlan"}. Executing controller action with signature System.Threading.Tasks.Task`1[Microsoft.AspNetCore.Mvc.IActionResult] CreateTrainingPlan(Com.XpressPayments.Data.LearningAndDevelopmentDTO.DTOs.TrainingPlanCreate) on controller Com.XpressPayments.Api.LearningAndDevelopmentModuleController.Controller.TrainingPlanController (Com.XpressPayments.Api).
[2023-09-22 12:37:14.818 +01:00  INF]  Executed action Com.XpressPayments.Api.LearningAndDevelopmentModuleController.Controller.TrainingPlanController.CreateTrainingPlan (Com.XpressPayments.Api) in 46.2008ms
[2023-09-22 12:37:14.820 +01:00  INF]  Executed endpoint 'Com.XpressPayments.Api.LearningAndDevelopmentModuleController.Controller.TrainingPlanController.CreateTrainingPlan (Com.XpressPayments.Api)'
[2023-09-22 12:37:14.847 +01:00  ERR]  An unhandled exception has occurred while executing the request.
System.TypeLoadException: Could not load type 'Invalid_Token.0x02000000' from assembly 'Com.XpressPayments.Bussiness, Version=1.0.0.0, Culture=neutral, PublicKeyToken=null'.
   at Com.XpressPayments.Bussiness.LearningAndDevelopmentModuleService.Service.Logic.TrainingPlanService.CreateTrainingPlan(TrainingPlanCreate payload, RequesterInfo requester)
   at System.Runtime.CompilerServices.AsyncMethodBuilderCore.Start[TStateMachine](TStateMachine& stateMachine)
   at Com.XpressPayments.Bussiness.LearningAndDevelopmentModuleService.Service.Logic.TrainingPlanService.CreateTrainingPlan(TrainingPlanCreate payload, RequesterInfo requester)
   at Com.XpressPayments.Api.LearningAndDevelopmentModuleController.Controller.TrainingPlanController.CreateTrainingPlan(TrainingPlanCreate CreateDto) in C:\Users\noble.nwabuike\Downloads\hrms-be-backend\Com.XpressPayments.Api\LearningAndDevelopmentModuleController\Controller\TrainingPlanController.cs:line 42
   at Microsoft.AspNetCore.Mvc.Infrastructure.ActionMethodExecutor.TaskOfIActionResultExecutor.Execute(IActionResultTypeMapper mapper, ObjectMethodExecutor executor, Object controller, Object[] arguments)
   at Microsoft.AspNetCore.Mvc.Infrastructure.ControllerActionInvoker.<InvokeActionMethodAsync>g__Awaited|12_0(ControllerActionInvoker invoker, ValueTask`1 actionResultValueTask)
   at Microsoft.AspNetCore.Mvc.Infrastructure.ControllerActionInvoker.<InvokeNextActionFilterAsync>g__Awaited|10_0(ControllerActionInvoker invoker, Task lastTask, State next, Scope scope, Object state, Boolean isCompleted)
   at Microsoft.AspNetCore.Mvc.Infrastructure.ControllerActionInvoker.Rethrow(ActionExecutedContextSealed context)
   at Microsoft.AspNetCore.Mvc.Infrastructure.ControllerActionInvoker.Next(State& next, Scope& scope, Object& state, Boolean& isCompleted)
   at Microsoft.AspNetCore.Mvc.Infrastructure.ControllerActionInvoker.InvokeInnerFilterAsync()
--- End of stack trace from previous location ---
   at Microsoft.AspNetCore.Mvc.Infrastructure.ResourceInvoker.<InvokeFilterPipelineAsync>g__Awaited|20_0(ResourceInvoker invoker, Task lastTask, State next, Scope scope, Object state, Boolean isCompleted)
   at Microsoft.AspNetCore.Mvc.Infrastructure.ResourceInvoker.<InvokeAsync>g__Logged|17_1(ResourceInvoker invoker)
   at Microsoft.AspNetCore.Mvc.Infrastructure.ResourceInvoker.<InvokeAsync>g__Logged|17_1(ResourceInvoker invoker)
   at Microsoft.AspNetCore.Routing.EndpointMiddleware.<Invoke>g__AwaitRequestTask|6_0(Endpoint endpoint, Task requestTask, ILogger logger)
   at Microsoft.AspNetCore.Authorization.Policy.AuthorizationMiddlewareResultHandler.HandleAsync(RequestDelegate next, HttpContext context, AuthorizationPolicy policy, PolicyAuthorizationResult authorizeResult)
   at Microsoft.AspNetCore.Authorization.AuthorizationMiddleware.Invoke(HttpContext context)
   at Microsoft.AspNetCore.Authentication.AuthenticationMiddleware.Invoke(HttpContext context)
   at Swashbuckle.AspNetCore.SwaggerUI.SwaggerUIMiddleware.Invoke(HttpContext httpContext)
   at Swashbuckle.AspNetCore.Swagger.SwaggerMiddleware.Invoke(HttpContext httpContext, ISwaggerProvider swaggerProvider)
   at Program.<>c.<<<Main>$>b__0_5>d.MoveNext() in C:\Users\noble.nwabuike\Downloads\hrms-be-backend\Com.XpressPayments.Api\Program.cs:line 300
--- End of stack trace from previous location ---
   at Microsoft.AspNetCore.Diagnostics.DeveloperExceptionPageMiddleware.Invoke(HttpContext context)
[2023-09-22 12:37:14.861 +01:00  INF]  Request finished HTTP/2 POST https://localhost:5001/api/TrainingPlan/CreateTrainingPlan application/json 413 - 500 - text/plain;+charset=utf-8 147.9182ms
[2023-09-22 12:38:05.968 +01:00  INF]  Request starting HTTP/2 POST https://localhost:5001/api/TrainingPlan/CreateTrainingPlan application/json 412
[2023-09-22 12:38:05.979 +01:00  INF]  CORS policy execution successful.
[2023-09-22 12:38:05.985 +01:00  INF]  Successfully validated the token.
[2023-09-22 12:38:05.986 +01:00  INF]  Executing endpoint 'Com.XpressPayments.Api.LearningAndDevelopmentModuleController.Controller.TrainingPlanController.CreateTrainingPlan (Com.XpressPayments.Api)'
[2023-09-22 12:38:05.987 +01:00  INF]  Route matched with {action = "CreateTrainingPlan", controller = "TrainingPlan"}. Executing controller action with signature System.Threading.Tasks.Task`1[Microsoft.AspNetCore.Mvc.IActionResult] CreateTrainingPlan(Com.XpressPayments.Data.LearningAndDevelopmentDTO.DTOs.TrainingPlanCreate) on controller Com.XpressPayments.Api.LearningAndDevelopmentModuleController.Controller.TrainingPlanController (Com.XpressPayments.Api).
[2023-09-22 12:38:06.035 +01:00  INF]  Executed action Com.XpressPayments.Api.LearningAndDevelopmentModuleController.Controller.TrainingPlanController.CreateTrainingPlan (Com.XpressPayments.Api) in 44.4633ms
[2023-09-22 12:38:06.037 +01:00  INF]  Executed endpoint 'Com.XpressPayments.Api.LearningAndDevelopmentModuleController.Controller.TrainingPlanController.CreateTrainingPlan (Com.XpressPayments.Api)'
[2023-09-22 12:38:06.064 +01:00  ERR]  An unhandled exception has occurred while executing the request.
System.TypeLoadException: Could not load type 'Invalid_Token.0x02000000' from assembly 'Com.XpressPayments.Bussiness, Version=1.0.0.0, Culture=neutral, PublicKeyToken=null'.
   at Com.XpressPayments.Bussiness.LearningAndDevelopmentModuleService.Service.Logic.TrainingPlanService.CreateTrainingPlan(TrainingPlanCreate payload, RequesterInfo requester)
   at System.Runtime.CompilerServices.AsyncMethodBuilderCore.Start[TStateMachine](TStateMachine& stateMachine)
   at Com.XpressPayments.Bussiness.LearningAndDevelopmentModuleService.Service.Logic.TrainingPlanService.CreateTrainingPlan(TrainingPlanCreate payload, RequesterInfo requester)
   at Com.XpressPayments.Api.LearningAndDevelopmentModuleController.Controller.TrainingPlanController.CreateTrainingPlan(TrainingPlanCreate CreateDto) in C:\Users\noble.nwabuike\Downloads\hrms-be-backend\Com.XpressPayments.Api\LearningAndDevelopmentModuleController\Controller\TrainingPlanController.cs:line 42
   at Microsoft.AspNetCore.Mvc.Infrastructure.ActionMethodExecutor.TaskOfIActionResultExecutor.Execute(IActionResultTypeMapper mapper, ObjectMethodExecutor executor, Object controller, Object[] arguments)
   at Microsoft.AspNetCore.Mvc.Infrastructure.ControllerActionInvoker.<InvokeActionMethodAsync>g__Awaited|12_0(ControllerActionInvoker invoker, ValueTask`1 actionResultValueTask)
   at Microsoft.AspNetCore.Mvc.Infrastructure.ControllerActionInvoker.<InvokeNextActionFilterAsync>g__Awaited|10_0(ControllerActionInvoker invoker, Task lastTask, State next, Scope scope, Object state, Boolean isCompleted)
   at Microsoft.AspNetCore.Mvc.Infrastructure.ControllerActionInvoker.Rethrow(ActionExecutedContextSealed context)
   at Microsoft.AspNetCore.Mvc.Infrastructure.ControllerActionInvoker.Next(State& next, Scope& scope, Object& state, Boolean& isCompleted)
   at Microsoft.AspNetCore.Mvc.Infrastructure.ControllerActionInvoker.InvokeInnerFilterAsync()
--- End of stack trace from previous location ---
   at Microsoft.AspNetCore.Mvc.Infrastructure.ResourceInvoker.<InvokeFilterPipelineAsync>g__Awaited|20_0(ResourceInvoker invoker, Task lastTask, State next, Scope scope, Object state, Boolean isCompleted)
   at Microsoft.AspNetCore.Mvc.Infrastructure.ResourceInvoker.<InvokeAsync>g__Logged|17_1(ResourceInvoker invoker)
   at Microsoft.AspNetCore.Mvc.Infrastructure.ResourceInvoker.<InvokeAsync>g__Logged|17_1(ResourceInvoker invoker)
   at Microsoft.AspNetCore.Routing.EndpointMiddleware.<Invoke>g__AwaitRequestTask|6_0(Endpoint endpoint, Task requestTask, ILogger logger)
   at Microsoft.AspNetCore.Authorization.Policy.AuthorizationMiddlewareResultHandler.HandleAsync(RequestDelegate next, HttpContext context, AuthorizationPolicy policy, PolicyAuthorizationResult authorizeResult)
   at Microsoft.AspNetCore.Authorization.AuthorizationMiddleware.Invoke(HttpContext context)
   at Microsoft.AspNetCore.Authentication.AuthenticationMiddleware.Invoke(HttpContext context)
   at Swashbuckle.AspNetCore.SwaggerUI.SwaggerUIMiddleware.Invoke(HttpContext httpContext)
   at Swashbuckle.AspNetCore.Swagger.SwaggerMiddleware.Invoke(HttpContext httpContext, ISwaggerProvider swaggerProvider)
   at Program.<>c.<<<Main>$>b__0_5>d.MoveNext() in C:\Users\noble.nwabuike\Downloads\hrms-be-backend\Com.XpressPayments.Api\Program.cs:line 300
--- End of stack trace from previous location ---
   at Microsoft.AspNetCore.Diagnostics.DeveloperExceptionPageMiddleware.Invoke(HttpContext context)
[2023-09-22 12:38:06.077 +01:00  INF]  Request finished HTTP/2 POST https://localhost:5001/api/TrainingPlan/CreateTrainingPlan application/json 412 - 500 - text/plain;+charset=utf-8 109.2463ms
[2023-09-22 12:39:00.384 +01:00  INF]  User profile is available. Using 'C:\Users\noble.nwabuike\AppData\Local\ASP.NET\DataProtection-Keys' as key repository and Windows DPAPI to encrypt keys at rest.
[2023-09-22 12:39:00.966 +01:00  INF]  Now listening on: https://localhost:5001
[2023-09-22 12:39:00.968 +01:00  INF]  Now listening on: http://localhost:5000
[2023-09-22 12:39:00.974 +01:00  INF]  Application started. Press Ctrl+C to shut down.
[2023-09-22 12:39:00.975 +01:00  INF]  Hosting environment: Development
[2023-09-22 12:39:00.977 +01:00  INF]  Content root path: C:\Users\noble.nwabuike\Downloads\hrms-be-backend\Com.XpressPayments.Api\
[2023-09-22 12:39:01.754 +01:00  INF]  Request starting HTTP/2 GET https://localhost:5001/index.html - -
[2023-09-22 12:39:02.272 +01:00  INF]  Request finished HTTP/2 GET https://localhost:5001/index.html - - - 200 - text/html;charset=utf-8 523.7827ms
[2023-09-22 12:39:02.276 +01:00  INF]  Request starting HTTP/2 GET https://localhost:5001/_framework/aspnetcore-browser-refresh.js - -
[2023-09-22 12:39:02.288 +01:00  INF]  Request starting HTTP/2 GET https://localhost:5001/_vs/browserLink - -
[2023-09-22 12:39:02.293 +01:00  INF]  Request finished HTTP/2 GET https://localhost:5001/_framework/aspnetcore-browser-refresh.js - - - 200 12014 application/javascript;+charset=utf-8 16.8686ms
[2023-09-22 12:39:02.328 +01:00  INF]  Request finished HTTP/2 GET https://localhost:5001/_vs/browserLink - - - 200 - text/javascript;+charset=UTF-8 39.9009ms
[2023-09-22 12:39:02.430 +01:00  INF]  Request starting HTTP/2 GET https://localhost:5001/swagger/v1/swagger.json - -
[2023-09-22 12:39:02.644 +01:00  INF]  Request finished HTTP/2 GET https://localhost:5001/swagger/v1/swagger.json - - - 200 - application/json;charset=utf-8 214.5795ms
[2023-09-22 12:39:50.658 +01:00  INF]  Request starting HTTP/2 POST https://localhost:5001/api/TrainingPlan/CreateTrainingPlan application/json 413
[2023-09-22 12:39:50.678 +01:00  INF]  CORS policy execution successful.
[2023-09-22 12:39:51.201 +01:00  INF]  Successfully validated the token.
[2023-09-22 12:39:51.218 +01:00  INF]  Executing endpoint 'Com.XpressPayments.Api.LearningAndDevelopmentModuleController.Controller.TrainingPlanController.CreateTrainingPlan (Com.XpressPayments.Api)'
[2023-09-22 12:39:51.262 +01:00  INF]  Route matched with {action = "CreateTrainingPlan", controller = "TrainingPlan"}. Executing controller action with signature System.Threading.Tasks.Task`1[Microsoft.AspNetCore.Mvc.IActionResult] CreateTrainingPlan(Com.XpressPayments.Data.LearningAndDevelopmentDTO.DTOs.TrainingPlanCreate) on controller Com.XpressPayments.Api.LearningAndDevelopmentModuleController.Controller.TrainingPlanController (Com.XpressPayments.Api).
[2023-09-22 12:41:10.349 +01:00  ERR]  MethodName: CreateTrainingPlan ===>System.Data.SqlClient.SqlException (0x80131904): The formal parameter "@TrainingPlanIDOut" was not declared as an OUTPUT parameter, but the actual parameter passed in requested output.
   at System.Data.SqlClient.SqlConnection.OnError(SqlException exception, Boolean breakConnection, Action`1 wrapCloseInAction)
   at System.Data.SqlClient.TdsParser.ThrowExceptionAndWarning(TdsParserStateObject stateObj, Boolean callerHasConnectionLock, Boolean asyncClose)
   at System.Data.SqlClient.TdsParser.TryRun(RunBehavior runBehavior, SqlCommand cmdHandler, SqlDataReader dataStream, BulkCopySimpleResultSet bulkCopyHandler, TdsParserStateObject stateObj, Boolean& dataReady)
   at System.Data.SqlClient.SqlCommand.FinishExecuteReader(SqlDataReader ds, RunBehavior runBehavior, String resetOptionsString)
   at System.Data.SqlClient.SqlCommand.CompleteAsyncExecuteReader()
   at System.Data.SqlClient.SqlCommand.EndExecuteNonQueryInternal(IAsyncResult asyncResult)
   at System.Data.SqlClient.SqlCommand.EndExecuteNonQuery(IAsyncResult asyncResult)
   at System.Threading.Tasks.TaskFactory`1.FromAsyncCoreLogic(IAsyncResult iar, Func`2 endFunction, Action`1 endAction, Task`1 promise, Boolean requiresSynchronization)
--- End of stack trace from previous location ---
   at Dapper.SqlMapper.ExecuteImplAsync(IDbConnection cnn, CommandDefinition command, Object param) in /_/Dapper/SqlMapper.Async.cs:line 646
   at Com.XpressPayments.Data.LearningAndDevelopmentRepository.TrainingPlanRepo.TrainingPlanRepository.CreateTrainingPlan(TrainingPlanCreate TrainingPlan, String createdbyUserEmail) in C:\Users\noble.nwabuike\Downloads\hrms-be-backend\Com.XpressPayments.Data\LearningAndDevelopmentRepository\TrainingPlanRepo\TrainingPlanRepository.cs:line 73
ClientConnectionId:9eca1f83-b927-45e3-80e6-2bb2b8c0bf8a
Error Number:8162,State:2,Class:16
[2023-09-22 12:41:10.393 +01:00  ERR]  Exception Occured ==> The formal parameter "@TrainingPlanIDOut" was not declared as an OUTPUT parameter, but the actual parameter passed in requested output.
[2023-09-22 12:41:10.408 +01:00  INF]  Executing OkObjectResult, writing value of type 'Com.XpressPayments.Data.GenericResponse.BaseResponse'.
[2023-09-22 12:41:10.424 +01:00  INF]  Executed action Com.XpressPayments.Api.LearningAndDevelopmentModuleController.Controller.TrainingPlanController.CreateTrainingPlan (Com.XpressPayments.Api) in 79151.3971ms
[2023-09-22 12:41:10.433 +01:00  INF]  Executed endpoint 'Com.XpressPayments.Api.LearningAndDevelopmentModuleController.Controller.TrainingPlanController.CreateTrainingPlan (Com.XpressPayments.Api)'
[2023-09-22 12:41:10.438 +01:00  INF]  Request finished HTTP/2 POST https://localhost:5001/api/TrainingPlan/CreateTrainingPlan application/json 413 - 200 - application/json;+charset=utf-8 79782.2063ms
[2023-09-22 12:42:35.492 +01:00  INF]  Request starting HTTP/2 GET https://localhost:5001/api/TrainingPlan/GetTrainingPlanById?TrainingPlanID=18 - -
[2023-09-22 12:42:35.511 +01:00  INF]  Successfully validated the token.
[2023-09-22 12:42:35.513 +01:00  INF]  Executing endpoint 'Com.XpressPayments.Api.LearningAndDevelopmentModuleController.Controller.TrainingPlanController.GetTrainingPlanById (Com.XpressPayments.Api)'
[2023-09-22 12:42:35.518 +01:00  INF]  Route matched with {action = "GetTrainingPlanById", controller = "TrainingPlan"}. Executing controller action with signature System.Threading.Tasks.Task`1[Microsoft.AspNetCore.Mvc.IActionResult] GetTrainingPlanById(Int64) on controller Com.XpressPayments.Api.LearningAndDevelopmentModuleController.Controller.TrainingPlanController (Com.XpressPayments.Api).
[2023-09-22 12:42:37.569 +01:00  ERR]  MethodName: Task<TrainingPlanDTO> GetTrainingPlanById(long TrainingPlanID) ===>Procedure or function 'Sp_TrainingPlan' expects parameter '@TrainingPlanIDOut', which was not supplied.
[2023-09-22 12:42:37.616 +01:00  ERR]  Exception Occured: GetTrainingPlanById(long TrainingPlanID ==> Procedure or function 'Sp_TrainingPlan' expects parameter '@TrainingPlanIDOut', which was not supplied.
[2023-09-22 12:42:39.093 +01:00  INF]  Executing OkObjectResult, writing value of type 'Com.XpressPayments.Data.GenericResponse.BaseResponse'.
[2023-09-22 12:42:39.095 +01:00  INF]  Executed action Com.XpressPayments.Api.LearningAndDevelopmentModuleController.Controller.TrainingPlanController.GetTrainingPlanById (Com.XpressPayments.Api) in 3573.7911ms
[2023-09-22 12:42:39.099 +01:00  INF]  Executed endpoint 'Com.XpressPayments.Api.LearningAndDevelopmentModuleController.Controller.TrainingPlanController.GetTrainingPlanById (Com.XpressPayments.Api)'
[2023-09-22 12:42:39.100 +01:00  INF]  Request finished HTTP/2 GET https://localhost:5001/api/TrainingPlan/GetTrainingPlanById?TrainingPlanID=18 - - - 200 - application/json;+charset=utf-8 3608.2719ms
[2023-09-22 12:47:21.141 +01:00  INF]  Request starting HTTP/2 GET https://localhost:5001/api/TrainingPlan/GetTrainingPlanById?TrainingPlanID=18 - -
[2023-09-22 12:47:21.156 +01:00  INF]  Successfully validated the token.
[2023-09-22 12:47:21.157 +01:00  INF]  Executing endpoint 'Com.XpressPayments.Api.LearningAndDevelopmentModuleController.Controller.TrainingPlanController.GetTrainingPlanById (Com.XpressPayments.Api)'
[2023-09-22 12:47:21.159 +01:00  INF]  Route matched with {action = "GetTrainingPlanById", controller = "TrainingPlan"}. Executing controller action with signature System.Threading.Tasks.Task`1[Microsoft.AspNetCore.Mvc.IActionResult] GetTrainingPlanById(Int64) on controller Com.XpressPayments.Api.LearningAndDevelopmentModuleController.Controller.TrainingPlanController (Com.XpressPayments.Api).
[2023-09-22 12:47:38.304 +01:00  INF]  Executing OkObjectResult, writing value of type 'Com.XpressPayments.Data.GenericResponse.BaseResponse'.
[2023-09-22 12:47:38.330 +01:00  INF]  Executed action Com.XpressPayments.Api.LearningAndDevelopmentModuleController.Controller.TrainingPlanController.GetTrainingPlanById (Com.XpressPayments.Api) in 17169.21ms
[2023-09-22 12:47:38.336 +01:00  INF]  Executed endpoint 'Com.XpressPayments.Api.LearningAndDevelopmentModuleController.Controller.TrainingPlanController.GetTrainingPlanById (Com.XpressPayments.Api)'
[2023-09-22 12:47:38.340 +01:00  INF]  Request finished HTTP/2 GET https://localhost:5001/api/TrainingPlan/GetTrainingPlanById?TrainingPlanID=18 - - - 200 - application/json;+charset=utf-8 17199.2596ms
[2023-09-22 12:51:06.312 +01:00  INF]  Request starting HTTP/2 GET https://localhost:5001/api/TrainingPlan/GetTrainingPlanById?TrainingPlanID=18 - -
[2023-09-22 12:51:06.324 +01:00  INF]  Successfully validated the token.
[2023-09-22 12:51:06.331 +01:00  INF]  Executing endpoint 'Com.XpressPayments.Api.LearningAndDevelopmentModuleController.Controller.TrainingPlanController.GetTrainingPlanById (Com.XpressPayments.Api)'
[2023-09-22 12:51:06.336 +01:00  INF]  Route matched with {action = "GetTrainingPlanById", controller = "TrainingPlan"}. Executing controller action with signature System.Threading.Tasks.Task`1[Microsoft.AspNetCore.Mvc.IActionResult] GetTrainingPlanById(Int64) on controller Com.XpressPayments.Api.LearningAndDevelopmentModuleController.Controller.TrainingPlanController (Com.XpressPayments.Api).
[2023-09-22 12:51:15.662 +01:00  ERR]  MethodName: Task<TrainingPlanDTO> GetTrainingPlanById(long TrainingPlanID) ===>Procedure or function 'Sp_TrainingPlan' expects parameter '@TrainingPlanIDOut', which was not supplied.
[2023-09-22 12:51:15.713 +01:00  ERR]  Exception Occured: GetTrainingPlanById(long TrainingPlanID ==> Procedure or function 'Sp_TrainingPlan' expects parameter '@TrainingPlanIDOut', which was not supplied.
[2023-09-22 12:51:17.095 +01:00  INF]  Executing OkObjectResult, writing value of type 'Com.XpressPayments.Data.GenericResponse.BaseResponse'.
[2023-09-22 12:51:17.097 +01:00  INF]  Executed action Com.XpressPayments.Api.LearningAndDevelopmentModuleController.Controller.TrainingPlanController.GetTrainingPlanById (Com.XpressPayments.Api) in 10758.345ms
[2023-09-22 12:51:17.099 +01:00  INF]  Executed endpoint 'Com.XpressPayments.Api.LearningAndDevelopmentModuleController.Controller.TrainingPlanController.GetTrainingPlanById (Com.XpressPayments.Api)'
[2023-09-22 12:51:17.103 +01:00  INF]  Request finished HTTP/2 GET https://localhost:5001/api/TrainingPlan/GetTrainingPlanById?TrainingPlanID=18 - - - 200 - application/json;+charset=utf-8 10791.9044ms
[2023-09-22 12:56:17.418 +01:00  INF]  Request starting HTTP/2 GET https://localhost:5001/api/TrainingPlan/GetTrainingPlanById?TrainingPlanID=18 - -
[2023-09-22 12:56:17.464 +01:00  INF]  Successfully validated the token.
[2023-09-22 12:56:17.470 +01:00  INF]  Executing endpoint 'Com.XpressPayments.Api.LearningAndDevelopmentModuleController.Controller.TrainingPlanController.GetTrainingPlanById (Com.XpressPayments.Api)'
[2023-09-22 12:56:17.475 +01:00  INF]  Route matched with {action = "GetTrainingPlanById", controller = "TrainingPlan"}. Executing controller action with signature System.Threading.Tasks.Task`1[Microsoft.AspNetCore.Mvc.IActionResult] GetTrainingPlanById(Int64) on controller Com.XpressPayments.Api.LearningAndDevelopmentModuleController.Controller.TrainingPlanController (Com.XpressPayments.Api).
[2023-09-22 12:56:21.019 +01:00  INF]  Executing OkObjectResult, writing value of type 'Com.XpressPayments.Data.GenericResponse.BaseResponse'.
[2023-09-22 12:56:21.028 +01:00  INF]  Executed action Com.XpressPayments.Api.LearningAndDevelopmentModuleController.Controller.TrainingPlanController.GetTrainingPlanById (Com.XpressPayments.Api) in 3549.7626ms
[2023-09-22 12:56:21.029 +01:00  INF]  Executed endpoint 'Com.XpressPayments.Api.LearningAndDevelopmentModuleController.Controller.TrainingPlanController.GetTrainingPlanById (Com.XpressPayments.Api)'
[2023-09-22 12:56:21.031 +01:00  INF]  Request finished HTTP/2 GET https://localhost:5001/api/TrainingPlan/GetTrainingPlanById?TrainingPlanID=18 - - - 200 - application/json;+charset=utf-8 3613.5676ms
[2023-09-22 12:56:31.803 +01:00  INF]  Request starting HTTP/2 GET https://localhost:5001/api/TrainingPlan/GetAllActiveTrainingPlan - -
[2023-09-22 12:56:31.807 +01:00  INF]  Successfully validated the token.
[2023-09-22 12:56:31.812 +01:00  INF]  Executing endpoint 'Com.XpressPayments.Api.LearningAndDevelopmentModuleController.Controller.TrainingPlanController.GetAllActiveTrainingPlan (Com.XpressPayments.Api)'
[2023-09-22 12:56:31.816 +01:00  INF]  Route matched with {action = "GetAllActiveTrainingPlan", controller = "TrainingPlan"}. Executing controller action with signature System.Threading.Tasks.Task`1[Microsoft.AspNetCore.Mvc.IActionResult] GetAllActiveTrainingPlan() on controller Com.XpressPayments.Api.LearningAndDevelopmentModuleController.Controller.TrainingPlanController (Com.XpressPayments.Api).
[2023-09-22 12:56:34.213 +01:00  INF]  Executing OkObjectResult, writing value of type 'Com.XpressPayments.Data.GenericResponse.BaseResponse'.
[2023-09-22 12:56:34.222 +01:00  INF]  Executed action Com.XpressPayments.Api.LearningAndDevelopmentModuleController.Controller.TrainingPlanController.GetAllActiveTrainingPlan (Com.XpressPayments.Api) in 2404.3379ms
[2023-09-22 12:56:34.223 +01:00  INF]  Executed endpoint 'Com.XpressPayments.Api.LearningAndDevelopmentModuleController.Controller.TrainingPlanController.GetAllActiveTrainingPlan (Com.XpressPayments.Api)'
[2023-09-22 12:56:34.224 +01:00  INF]  Request finished HTTP/2 GET https://localhost:5001/api/TrainingPlan/GetAllActiveTrainingPlan - - - 200 - application/json;+charset=utf-8 2421.6625ms
[2023-09-22 12:57:47.584 +01:00  INF]  Request starting HTTP/2 POST https://localhost:5001/api/TrainingPlan/CreateTrainingPlan application/json 413
[2023-09-22 12:57:47.609 +01:00  INF]  CORS policy execution successful.
[2023-09-22 12:57:47.611 +01:00  INF]  Successfully validated the token.
[2023-09-22 12:57:47.612 +01:00  INF]  Executing endpoint 'Com.XpressPayments.Api.LearningAndDevelopmentModuleController.Controller.TrainingPlanController.CreateTrainingPlan (Com.XpressPayments.Api)'
[2023-09-22 12:57:47.618 +01:00  INF]  Route matched with {action = "CreateTrainingPlan", controller = "TrainingPlan"}. Executing controller action with signature System.Threading.Tasks.Task`1[Microsoft.AspNetCore.Mvc.IActionResult] CreateTrainingPlan(Com.XpressPayments.Data.LearningAndDevelopmentDTO.DTOs.TrainingPlanCreate) on controller Com.XpressPayments.Api.LearningAndDevelopmentModuleController.Controller.TrainingPlanController (Com.XpressPayments.Api).
[2023-09-22 13:01:19.914 +01:00  INF]  Executing OkObjectResult, writing value of type 'Com.XpressPayments.Data.GenericResponse.BaseResponse'.
[2023-09-22 13:01:19.918 +01:00  INF]  Executed action Com.XpressPayments.Api.LearningAndDevelopmentModuleController.Controller.TrainingPlanController.CreateTrainingPlan (Com.XpressPayments.Api) in 212297.4159ms
[2023-09-22 13:01:19.919 +01:00  INF]  Executed endpoint 'Com.XpressPayments.Api.LearningAndDevelopmentModuleController.Controller.TrainingPlanController.CreateTrainingPlan (Com.XpressPayments.Api)'
[2023-09-22 13:01:19.920 +01:00  INF]  Request finished HTTP/2 POST https://localhost:5001/api/TrainingPlan/CreateTrainingPlan application/json 413 - 200 - application/json;+charset=utf-8 212336.8667ms
[2023-09-22 13:01:25.583 +01:00  ERR]  System.Net.Mail.SmtpException: Error in processing. The server response was: 5.7.3 STARTTLS is required to send mail [PA7P264CA0011.FRAP264.PROD.OUTLOOK.COM 2023-09-22T12:01:25.878Z 08DBBA162542C99D]
   at System.Net.Mail.MailCommand.CheckResponse(SmtpStatusCode statusCode, String response)
   at System.Net.Mail.MailCommand.EndSend(IAsyncResult result)
   at System.Net.Mail.SendMailAsyncResult.SendMailFromCompleted(IAsyncResult result)
--- End of stack trace from previous location ---
   at System.Net.Mail.SendMailAsyncResult.End(IAsyncResult result)
   at System.Net.Mail.SmtpClient.SendMailCallback(IAsyncResult result)
--- End of stack trace from previous location ---
   at Com.XpressPayments.Bussiness.LearningAndDevelopmentModuleService.Service.Logic.LearningAndDevelopmentMailService.SendEmailAsync(MailRequest mailRequest, String attarchDocument) in C:\Users\noble.nwabuike\Downloads\hrms-be-backend\Com.XpressPayments.Bussiness\LearningAndDevelopmentModuleService\Service\Logic\LearningAndDevelopmentMailService.cs:line 50
[2023-09-22 13:01:25.584 +01:00  ERR]  System.Net.Mail.SmtpException: Error in processing. The server response was: 5.7.3 STARTTLS is required to send mail [PA7P264CA0005.FRAP264.PROD.OUTLOOK.COM 2023-09-22T12:01:25.884Z 08DBBA7AC7B17F91]
   at System.Net.Mail.MailCommand.CheckResponse(SmtpStatusCode statusCode, String response)
   at System.Net.Mail.MailCommand.EndSend(IAsyncResult result)
   at System.Net.Mail.SendMailAsyncResult.SendMailFromCompleted(IAsyncResult result)
--- End of stack trace from previous location ---
   at System.Net.Mail.SendMailAsyncResult.End(IAsyncResult result)
   at System.Net.Mail.SmtpClient.SendMailCallback(IAsyncResult result)
--- End of stack trace from previous location ---
   at Com.XpressPayments.Bussiness.LearningAndDevelopmentModuleService.Service.Logic.LearningAndDevelopmentMailService.SendEmailAsync(MailRequest mailRequest, String attarchDocument) in C:\Users\noble.nwabuike\Downloads\hrms-be-backend\Com.XpressPayments.Bussiness\LearningAndDevelopmentModuleService\Service\Logic\LearningAndDevelopmentMailService.cs:line 50
