[2023-07-09 18:17:23.915 +01:00  INF]  User profile is available. Using 'C:\Users\olajumoke.owolabi\AppData\Local\ASP.NET\DataProtection-Keys' as key repository and Windows DPAPI to encrypt keys at rest.
[2023-07-09 18:17:24.478 +01:00  INF]  Application started. Press Ctrl+C to shut down.
[2023-07-09 18:17:24.478 +01:00  INF]  Hosting environment: Development
[2023-07-09 18:17:24.478 +01:00  INF]  Content root path: C:\Users\olajumoke.owolabi\source\repos\hrms-be-backend\Com.XpressPayments.Api\
[2023-07-09 18:17:24.603 +01:00  INF]  Request starting HTTP/2 GET https://localhost:44317/index.html - -
[2023-07-09 18:17:25.672 +01:00  INF]  Request finished HTTP/2 GET https://localhost:44317/index.html - - - 200 - text/html;charset=utf-8 1073.8323ms
[2023-07-09 18:17:25.683 +01:00  INF]  Request starting HTTP/2 GET https://localhost:44317/_framework/aspnetcore-browser-refresh.js - -
[2023-07-09 18:17:25.693 +01:00  INF]  Request finished HTTP/2 GET https://localhost:44317/_framework/aspnetcore-browser-refresh.js - - - 200 12014 application/javascript;+charset=utf-8 7.8963ms
[2023-07-09 18:17:25.702 +01:00  INF]  Request starting HTTP/2 GET https://localhost:44317/_vs/browserLink - -
[2023-07-09 18:17:25.777 +01:00  INF]  Request finished HTTP/2 GET https://localhost:44317/_vs/browserLink - - - 200 - text/javascript;+charset=UTF-8 75.4563ms
[2023-07-09 18:17:25.841 +01:00  INF]  Request starting HTTP/2 GET https://localhost:44317/swagger/v1/swagger.json - -
[2023-07-09 18:17:26.084 +01:00  INF]  Request finished HTTP/2 GET https://localhost:44317/swagger/v1/swagger.json - - - 200 - application/json;charset=utf-8 242.7400ms
[2023-07-09 18:18:02.498 +01:00  INF]  Request starting HTTP/2 POST https://localhost:44317/api/Auth/Logout application/json 61
[2023-07-09 18:18:02.559 +01:00  INF]  CORS policy execution successful.
[2023-07-09 18:18:02.756 +01:00  INF]  Executing endpoint 'Com.XpressPayments.Api.Controllers.AuthController.Logout (Com.XpressPayments.Api)'
[2023-07-09 18:18:02.793 +01:00  INF]  Route matched with {action = "Logout", controller = "Auth"}. Executing controller action with signature System.Threading.Tasks.Task`1[Microsoft.AspNetCore.Mvc.IActionResult] Logout(Com.XpressPayments.Data.DTOs.Account.LogoutDto) on controller Com.XpressPayments.Api.Controllers.AuthController (Com.XpressPayments.Api).
[2023-07-09 18:18:04.656 +01:00  INF]  Executing OkObjectResult, writing value of type 'Com.XpressPayments.Data.GenericResponse.BaseResponse'.
[2023-07-09 18:18:04.681 +01:00  INF]  Executed action Com.XpressPayments.Api.Controllers.AuthController.Logout (Com.XpressPayments.Api) in 1872.4305ms
[2023-07-09 18:18:04.693 +01:00  INF]  Executed endpoint 'Com.XpressPayments.Api.Controllers.AuthController.Logout (Com.XpressPayments.Api)'
[2023-07-09 18:18:04.698 +01:00  INF]  Request finished HTTP/2 POST https://localhost:44317/api/Auth/Logout application/json 61 - 200 - application/json;+charset=utf-8 2199.4700ms
[2023-07-09 18:18:16.192 +01:00  INF]  Request starting HTTP/2 POST https://localhost:44317/api/Auth/Login application/json 95
[2023-07-09 18:18:16.199 +01:00  INF]  CORS policy execution successful.
[2023-07-09 18:18:16.199 +01:00  INF]  Executing endpoint 'Com.XpressPayments.Api.Controllers.AuthController.Login (Com.XpressPayments.Api)'
[2023-07-09 18:18:16.207 +01:00  INF]  Route matched with {action = "Login", controller = "Auth"}. Executing controller action with signature System.Threading.Tasks.Task`1[Microsoft.AspNetCore.Mvc.IActionResult] Login(Com.XpressPayments.Bussiness.ViewModels.LoginModel) on controller Com.XpressPayments.Api.Controllers.AuthController (Com.XpressPayments.Api).
[2023-07-09 18:18:16.777 +01:00  INF]  Executing OkObjectResult, writing value of type 'Com.XpressPayments.Data.GenericResponse.LoginResponse'.
[2023-07-09 18:18:16.779 +01:00  INF]  Executed action Com.XpressPayments.Api.Controllers.AuthController.Login (Com.XpressPayments.Api) in 571.7207ms
[2023-07-09 18:18:16.779 +01:00  INF]  Executed endpoint 'Com.XpressPayments.Api.Controllers.AuthController.Login (Com.XpressPayments.Api)'
[2023-07-09 18:18:16.779 +01:00  INF]  Request finished HTTP/2 POST https://localhost:44317/api/Auth/Login application/json 95 - 200 - application/json;+charset=utf-8 587.8393ms
[2023-07-09 18:28:58.681 +01:00  INF]  User profile is available. Using 'C:\Users\olajumoke.owolabi\AppData\Local\ASP.NET\DataProtection-Keys' as key repository and Windows DPAPI to encrypt keys at rest.
[2023-07-09 18:28:58.888 +01:00  INF]  Application started. Press Ctrl+C to shut down.
[2023-07-09 18:28:58.894 +01:00  INF]  Hosting environment: Development
[2023-07-09 18:28:58.894 +01:00  INF]  Content root path: C:\Users\olajumoke.owolabi\source\repos\hrms-be-backend\Com.XpressPayments.Api\
[2023-07-09 18:28:58.932 +01:00  INF]  Request starting HTTP/2 GET https://localhost:44317/index.html - -
[2023-07-09 18:28:59.376 +01:00  INF]  Request finished HTTP/2 GET https://localhost:44317/index.html - - - 200 - text/html;charset=utf-8 447.8495ms
[2023-07-09 18:28:59.378 +01:00  INF]  Request starting HTTP/2 GET https://localhost:44317/_framework/aspnetcore-browser-refresh.js - -
[2023-07-09 18:28:59.393 +01:00  INF]  Request finished HTTP/2 GET https://localhost:44317/_framework/aspnetcore-browser-refresh.js - - - 200 12014 application/javascript;+charset=utf-8 14.1140ms
[2023-07-09 18:28:59.398 +01:00  INF]  Request starting HTTP/2 GET https://localhost:44317/_vs/browserLink - -
[2023-07-09 18:28:59.448 +01:00  INF]  Request finished HTTP/2 GET https://localhost:44317/_vs/browserLink - - - 200 - text/javascript;+charset=UTF-8 50.7658ms
[2023-07-09 18:28:59.520 +01:00  INF]  Request starting HTTP/2 GET https://localhost:44317/swagger/v1/swagger.json - -
[2023-07-09 18:28:59.706 +01:00  INF]  Request finished HTTP/2 GET https://localhost:44317/swagger/v1/swagger.json - - - 200 - application/json;charset=utf-8 186.0854ms
[2023-07-09 18:29:31.544 +01:00  INF]  Request starting HTTP/2 POST https://localhost:44317/api/Auth/Logout application/json 68
[2023-07-09 18:29:31.562 +01:00  INF]  CORS policy execution successful.
[2023-07-09 18:29:31.667 +01:00  INF]  Executing endpoint 'Com.XpressPayments.Api.Controllers.AuthController.Logout (Com.XpressPayments.Api)'
[2023-07-09 18:29:31.700 +01:00  INF]  Route matched with {action = "Logout", controller = "Auth"}. Executing controller action with signature System.Threading.Tasks.Task`1[Microsoft.AspNetCore.Mvc.IActionResult] Logout(Com.XpressPayments.Data.DTOs.Account.LogoutDto) on controller Com.XpressPayments.Api.Controllers.AuthController (Com.XpressPayments.Api).
[2023-07-09 18:29:33.489 +01:00  INF]  Executing OkObjectResult, writing value of type 'Com.XpressPayments.Data.GenericResponse.BaseResponse'.
[2023-07-09 18:29:33.503 +01:00  INF]  Executed action Com.XpressPayments.Api.Controllers.AuthController.Logout (Com.XpressPayments.Api) in 1794.7838ms
[2023-07-09 18:29:33.511 +01:00  INF]  Executed endpoint 'Com.XpressPayments.Api.Controllers.AuthController.Logout (Com.XpressPayments.Api)'
[2023-07-09 18:29:33.514 +01:00  INF]  Request finished HTTP/2 POST https://localhost:44317/api/Auth/Logout application/json 68 - 200 - application/json;+charset=utf-8 1970.0583ms
[2023-07-09 18:29:49.176 +01:00  INF]  Request starting HTTP/2 POST https://localhost:44317/api/Auth/Login application/json 102
[2023-07-09 18:29:49.183 +01:00  INF]  CORS policy execution successful.
[2023-07-09 18:29:49.188 +01:00  INF]  Executing endpoint 'Com.XpressPayments.Api.Controllers.AuthController.Login (Com.XpressPayments.Api)'
[2023-07-09 18:29:49.195 +01:00  INF]  Route matched with {action = "Login", controller = "Auth"}. Executing controller action with signature System.Threading.Tasks.Task`1[Microsoft.AspNetCore.Mvc.IActionResult] Login(Com.XpressPayments.Bussiness.ViewModels.LoginModel) on controller Com.XpressPayments.Api.Controllers.AuthController (Com.XpressPayments.Api).
[2023-07-09 18:29:49.779 +01:00  INF]  Executing OkObjectResult, writing value of type 'Com.XpressPayments.Data.GenericResponse.LoginResponse'.
[2023-07-09 18:29:49.782 +01:00  INF]  Executed action Com.XpressPayments.Api.Controllers.AuthController.Login (Com.XpressPayments.Api) in 586.2849ms
[2023-07-09 18:29:49.782 +01:00  INF]  Executed endpoint 'Com.XpressPayments.Api.Controllers.AuthController.Login (Com.XpressPayments.Api)'
[2023-07-09 18:29:49.783 +01:00  INF]  Request finished HTTP/2 POST https://localhost:44317/api/Auth/Login application/json 102 - 200 - application/json;+charset=utf-8 606.7895ms
[2023-07-09 18:34:48.600 +01:00  INF]  Request starting HTTP/2 POST https://localhost:44317/api/Auth/Login application/json 102
[2023-07-09 18:34:48.600 +01:00  INF]  CORS policy execution successful.
[2023-07-09 18:34:48.603 +01:00  INF]  Executing endpoint 'Com.XpressPayments.Api.Controllers.AuthController.Login (Com.XpressPayments.Api)'
[2023-07-09 18:34:48.603 +01:00  INF]  Route matched with {action = "Login", controller = "Auth"}. Executing controller action with signature System.Threading.Tasks.Task`1[Microsoft.AspNetCore.Mvc.IActionResult] Login(Com.XpressPayments.Bussiness.ViewModels.LoginModel) on controller Com.XpressPayments.Api.Controllers.AuthController (Com.XpressPayments.Api).
[2023-07-09 18:36:37.787 +01:00  INF]  Executing OkObjectResult, writing value of type 'Com.XpressPayments.Data.GenericResponse.LoginResponse'.
[2023-07-09 18:36:37.795 +01:00  INF]  Executed action Com.XpressPayments.Api.Controllers.AuthController.Login (Com.XpressPayments.Api) in 109192.0922ms
[2023-07-09 18:36:37.796 +01:00  INF]  Executed endpoint 'Com.XpressPayments.Api.Controllers.AuthController.Login (Com.XpressPayments.Api)'
[2023-07-09 18:36:37.796 +01:00  INF]  Request finished HTTP/2 POST https://localhost:44317/api/Auth/Login application/json 102 - 200 - application/json;+charset=utf-8 109196.2808ms
[2023-07-09 18:37:16.440 +01:00  INF]  Request starting HTTP/2 GET https://localhost:44317/api/Auth/GetAllUsers - -
[2023-07-09 18:37:16.539 +01:00  INF]  Successfully validated the token.
[2023-07-09 18:37:16.547 +01:00  INF]  Executing endpoint 'Com.XpressPayments.Api.Controllers.AuthController.GetAllUsers (Com.XpressPayments.Api)'
[2023-07-09 18:37:16.550 +01:00  INF]  Route matched with {action = "GetAllUsers", controller = "Auth"}. Executing controller action with signature System.Threading.Tasks.Task`1[Microsoft.AspNetCore.Mvc.IActionResult] GetAllUsers() on controller Com.XpressPayments.Api.Controllers.AuthController (Com.XpressPayments.Api).
[2023-07-09 18:37:23.602 +01:00  INF]  Executing OkObjectResult, writing value of type 'Com.XpressPayments.Data.GenericResponse.BaseResponse'.
[2023-07-09 18:37:23.606 +01:00  INF]  Executed action Com.XpressPayments.Api.Controllers.AuthController.GetAllUsers (Com.XpressPayments.Api) in 7055.583ms
[2023-07-09 18:37:23.606 +01:00  INF]  Executed endpoint 'Com.XpressPayments.Api.Controllers.AuthController.GetAllUsers (Com.XpressPayments.Api)'
[2023-07-09 18:37:23.609 +01:00  INF]  Request finished HTTP/2 GET https://localhost:44317/api/Auth/GetAllUsers - - - 200 - application/json;+charset=utf-8 7169.0757ms
[2023-07-09 19:01:48.589 +01:00  INF]  User profile is available. Using 'C:\Users\olajumoke.owolabi\AppData\Local\ASP.NET\DataProtection-Keys' as key repository and Windows DPAPI to encrypt keys at rest.
[2023-07-09 19:01:48.843 +01:00  INF]  Application started. Press Ctrl+C to shut down.
[2023-07-09 19:01:48.843 +01:00  INF]  Hosting environment: Development
[2023-07-09 19:01:48.843 +01:00  INF]  Content root path: C:\Users\olajumoke.owolabi\source\repos\hrms-be-backend\Com.XpressPayments.Api\
[2023-07-09 19:01:48.897 +01:00  INF]  Request starting HTTP/2 GET https://localhost:44317/index.html - -
[2023-07-09 19:01:49.427 +01:00  INF]  Request finished HTTP/2 GET https://localhost:44317/index.html - - - 200 - text/html;charset=utf-8 529.4384ms
[2023-07-09 19:01:49.439 +01:00  INF]  Request starting HTTP/2 GET https://localhost:44317/_framework/aspnetcore-browser-refresh.js - -
[2023-07-09 19:01:49.446 +01:00  INF]  Request starting HTTP/2 GET https://localhost:44317/_vs/browserLink - -
[2023-07-09 19:01:49.451 +01:00  INF]  Request finished HTTP/2 GET https://localhost:44317/_framework/aspnetcore-browser-refresh.js - - - 200 12014 application/javascript;+charset=utf-8 11.3586ms
[2023-07-09 19:01:49.510 +01:00  INF]  Request finished HTTP/2 GET https://localhost:44317/_vs/browserLink - - - 200 - text/javascript;+charset=UTF-8 64.2453ms
[2023-07-09 19:01:49.583 +01:00  INF]  Request starting HTTP/2 GET https://localhost:44317/swagger/v1/swagger.json - -
[2023-07-09 19:01:49.854 +01:00  INF]  Request finished HTTP/2 GET https://localhost:44317/swagger/v1/swagger.json - - - 200 - application/json;charset=utf-8 271.5361ms
[2023-07-09 19:04:59.205 +01:00  INF]  Request starting HTTP/2 POST https://localhost:44317/api/Auth/Logout application/json 56
[2023-07-09 19:04:59.223 +01:00  INF]  CORS policy execution successful.
[2023-07-09 19:04:59.331 +01:00  INF]  Executing endpoint 'Com.XpressPayments.Api.Controllers.AuthController.Logout (Com.XpressPayments.Api)'
[2023-07-09 19:04:59.373 +01:00  INF]  Route matched with {action = "Logout", controller = "Auth"}. Executing controller action with signature System.Threading.Tasks.Task`1[Microsoft.AspNetCore.Mvc.IActionResult] Logout(Com.XpressPayments.Data.DTOs.Account.LogoutDto) on controller Com.XpressPayments.Api.Controllers.AuthController (Com.XpressPayments.Api).
[2023-07-09 19:05:00.935 +01:00  INF]  Executing OkObjectResult, writing value of type 'Com.XpressPayments.Data.GenericResponse.BaseResponse'.
[2023-07-09 19:05:00.946 +01:00  INF]  Executed action Com.XpressPayments.Api.Controllers.AuthController.Logout (Com.XpressPayments.Api) in 1566.6187ms
[2023-07-09 19:05:00.952 +01:00  INF]  Executed endpoint 'Com.XpressPayments.Api.Controllers.AuthController.Logout (Com.XpressPayments.Api)'
[2023-07-09 19:05:00.954 +01:00  INF]  Request finished HTTP/2 POST https://localhost:44317/api/Auth/Logout application/json 56 - 200 - application/json;+charset=utf-8 1749.7513ms
[2023-07-09 19:05:29.568 +01:00  INF]  Request starting HTTP/2 POST https://localhost:44317/api/Auth/Login application/json 94
[2023-07-09 19:05:29.578 +01:00  INF]  CORS policy execution successful.
[2023-07-09 19:05:29.593 +01:00  INF]  Executing endpoint 'Com.XpressPayments.Api.Controllers.AuthController.Login (Com.XpressPayments.Api)'
[2023-07-09 19:05:29.605 +01:00  INF]  Route matched with {action = "Login", controller = "Auth"}. Executing controller action with signature System.Threading.Tasks.Task`1[Microsoft.AspNetCore.Mvc.IActionResult] Login(Com.XpressPayments.Bussiness.ViewModels.LoginModel) on controller Com.XpressPayments.Api.Controllers.AuthController (Com.XpressPayments.Api).
[2023-07-09 19:05:48.639 +01:00  INF]  Executing OkObjectResult, writing value of type 'Com.XpressPayments.Data.GenericResponse.LoginResponse'.
[2023-07-09 19:05:48.641 +01:00  INF]  Executed action Com.XpressPayments.Api.Controllers.AuthController.Login (Com.XpressPayments.Api) in 19035.8129ms
[2023-07-09 19:05:48.641 +01:00  INF]  Executed endpoint 'Com.XpressPayments.Api.Controllers.AuthController.Login (Com.XpressPayments.Api)'
[2023-07-09 19:05:48.641 +01:00  INF]  Request finished HTTP/2 POST https://localhost:44317/api/Auth/Login application/json 94 - 200 - application/json;+charset=utf-8 19074.1498ms
[2023-07-09 19:09:04.802 +01:00  INF]  Request starting HTTP/2 POST https://localhost:44317/api/Auth/Login application/json 102
[2023-07-09 19:09:04.803 +01:00  INF]  CORS policy execution successful.
[2023-07-09 19:09:04.805 +01:00  INF]  Executing endpoint 'Com.XpressPayments.Api.Controllers.AuthController.Login (Com.XpressPayments.Api)'
[2023-07-09 19:09:04.805 +01:00  INF]  Route matched with {action = "Login", controller = "Auth"}. Executing controller action with signature System.Threading.Tasks.Task`1[Microsoft.AspNetCore.Mvc.IActionResult] Login(Com.XpressPayments.Bussiness.ViewModels.LoginModel) on controller Com.XpressPayments.Api.Controllers.AuthController (Com.XpressPayments.Api).
[2023-07-09 19:09:11.343 +01:00  INF]  Executing OkObjectResult, writing value of type 'Com.XpressPayments.Data.GenericResponse.LoginResponse'.
[2023-07-09 19:09:11.343 +01:00  INF]  Executed action Com.XpressPayments.Api.Controllers.AuthController.Login (Com.XpressPayments.Api) in 6538.33ms
[2023-07-09 19:09:11.344 +01:00  INF]  Executed endpoint 'Com.XpressPayments.Api.Controllers.AuthController.Login (Com.XpressPayments.Api)'
[2023-07-09 19:09:11.344 +01:00  INF]  Request finished HTTP/2 POST https://localhost:44317/api/Auth/Login application/json 102 - 200 - application/json;+charset=utf-8 6541.5658ms
[2023-07-09 19:09:30.509 +01:00  INF]  Request starting HTTP/2 POST https://localhost:44317/api/Auth/Logout application/json 68
[2023-07-09 19:09:30.510 +01:00  INF]  CORS policy execution successful.
[2023-07-09 19:09:30.510 +01:00  INF]  Executing endpoint 'Com.XpressPayments.Api.Controllers.AuthController.Logout (Com.XpressPayments.Api)'
[2023-07-09 19:09:30.510 +01:00  INF]  Route matched with {action = "Logout", controller = "Auth"}. Executing controller action with signature System.Threading.Tasks.Task`1[Microsoft.AspNetCore.Mvc.IActionResult] Logout(Com.XpressPayments.Data.DTOs.Account.LogoutDto) on controller Com.XpressPayments.Api.Controllers.AuthController (Com.XpressPayments.Api).
[2023-07-09 19:09:30.692 +01:00  INF]  Executing OkObjectResult, writing value of type 'Com.XpressPayments.Data.GenericResponse.BaseResponse'.
[2023-07-09 19:09:30.693 +01:00  INF]  Executed action Com.XpressPayments.Api.Controllers.AuthController.Logout (Com.XpressPayments.Api) in 183.0578ms
[2023-07-09 19:09:30.694 +01:00  INF]  Executed endpoint 'Com.XpressPayments.Api.Controllers.AuthController.Logout (Com.XpressPayments.Api)'
[2023-07-09 19:09:30.694 +01:00  INF]  Request finished HTTP/2 POST https://localhost:44317/api/Auth/Logout application/json 68 - 200 - application/json;+charset=utf-8 185.1347ms
[2023-07-09 19:09:39.501 +01:00  INF]  Request starting HTTP/2 POST https://localhost:44317/api/Auth/Login application/json 102
[2023-07-09 19:09:39.502 +01:00  INF]  CORS policy execution successful.
[2023-07-09 19:09:39.502 +01:00  INF]  Executing endpoint 'Com.XpressPayments.Api.Controllers.AuthController.Login (Com.XpressPayments.Api)'
[2023-07-09 19:09:39.502 +01:00  INF]  Route matched with {action = "Login", controller = "Auth"}. Executing controller action with signature System.Threading.Tasks.Task`1[Microsoft.AspNetCore.Mvc.IActionResult] Login(Com.XpressPayments.Bussiness.ViewModels.LoginModel) on controller Com.XpressPayments.Api.Controllers.AuthController (Com.XpressPayments.Api).
[2023-07-09 19:09:47.232 +01:00  INF]  Executing OkObjectResult, writing value of type 'Com.XpressPayments.Data.GenericResponse.LoginResponse'.
[2023-07-09 19:09:47.242 +01:00  INF]  Executed action Com.XpressPayments.Api.Controllers.AuthController.Login (Com.XpressPayments.Api) in 7740.3835ms
[2023-07-09 19:09:47.242 +01:00  INF]  Executed endpoint 'Com.XpressPayments.Api.Controllers.AuthController.Login (Com.XpressPayments.Api)'
[2023-07-09 19:09:47.242 +01:00  INF]  Request finished HTTP/2 POST https://localhost:44317/api/Auth/Login application/json 102 - 200 - application/json;+charset=utf-8 7741.0985ms
[2023-07-09 19:25:01.964 +01:00  INF]  User profile is available. Using 'C:\Users\olajumoke.owolabi\AppData\Local\ASP.NET\DataProtection-Keys' as key repository and Windows DPAPI to encrypt keys at rest.
[2023-07-09 19:25:02.166 +01:00  INF]  Application started. Press Ctrl+C to shut down.
[2023-07-09 19:25:02.166 +01:00  INF]  Hosting environment: Development
[2023-07-09 19:25:02.166 +01:00  INF]  Content root path: C:\Users\olajumoke.owolabi\source\repos\hrms-be-backend\Com.XpressPayments.Api\
[2023-07-09 19:25:02.207 +01:00  INF]  Request starting HTTP/2 GET https://localhost:44317/index.html - -
[2023-07-09 19:25:02.640 +01:00  INF]  Request starting HTTP/2 GET https://localhost:44317/_framework/aspnetcore-browser-refresh.js - -
[2023-07-09 19:25:02.641 +01:00  INF]  Request finished HTTP/2 GET https://localhost:44317/index.html - - - 200 - text/html;charset=utf-8 435.4880ms
[2023-07-09 19:25:02.657 +01:00  INF]  Request starting HTTP/2 GET https://localhost:44317/_vs/browserLink - -
[2023-07-09 19:25:02.666 +01:00  INF]  Request finished HTTP/2 GET https://localhost:44317/_framework/aspnetcore-browser-refresh.js - - - 200 12014 application/javascript;+charset=utf-8 25.2100ms
[2023-07-09 19:25:02.720 +01:00  INF]  Request finished HTTP/2 GET https://localhost:44317/_vs/browserLink - - - 200 - text/javascript;+charset=UTF-8 62.7059ms
[2023-07-09 19:25:02.772 +01:00  INF]  Request starting HTTP/2 GET https://localhost:44317/swagger/v1/swagger.json - -
[2023-07-09 19:25:02.951 +01:00  INF]  Request finished HTTP/2 GET https://localhost:44317/swagger/v1/swagger.json - - - 200 - application/json;charset=utf-8 179.0460ms
[2023-07-09 19:25:17.710 +01:00  INF]  Request starting HTTP/2 POST https://localhost:44317/api/Auth/Logout application/json 56
[2023-07-09 19:25:17.725 +01:00  INF]  CORS policy execution successful.
[2023-07-09 19:25:17.828 +01:00  INF]  Executing endpoint 'Com.XpressPayments.Api.Controllers.AuthController.Logout (Com.XpressPayments.Api)'
[2023-07-09 19:25:17.868 +01:00  INF]  Route matched with {action = "Logout", controller = "Auth"}. Executing controller action with signature System.Threading.Tasks.Task`1[Microsoft.AspNetCore.Mvc.IActionResult] Logout(Com.XpressPayments.Data.DTOs.Account.LogoutDto) on controller Com.XpressPayments.Api.Controllers.AuthController (Com.XpressPayments.Api).
[2023-07-09 19:25:19.521 +01:00  INF]  Executing OkObjectResult, writing value of type 'Com.XpressPayments.Data.GenericResponse.BaseResponse'.
[2023-07-09 19:25:19.530 +01:00  INF]  Executed action Com.XpressPayments.Api.Controllers.AuthController.Logout (Com.XpressPayments.Api) in 1655.7147ms
[2023-07-09 19:25:19.535 +01:00  INF]  Executed endpoint 'Com.XpressPayments.Api.Controllers.AuthController.Logout (Com.XpressPayments.Api)'
[2023-07-09 19:25:19.537 +01:00  INF]  Request finished HTTP/2 POST https://localhost:44317/api/Auth/Logout application/json 56 - 200 - application/json;+charset=utf-8 1827.1351ms
[2023-07-09 19:25:55.102 +01:00  INF]  Request starting HTTP/2 POST https://localhost:44317/api/Auth/Login application/json 94
[2023-07-09 19:25:55.109 +01:00  INF]  CORS policy execution successful.
[2023-07-09 19:25:55.127 +01:00  INF]  Executing endpoint 'Com.XpressPayments.Api.Controllers.AuthController.Login (Com.XpressPayments.Api)'
[2023-07-09 19:25:55.133 +01:00  INF]  Route matched with {action = "Login", controller = "Auth"}. Executing controller action with signature System.Threading.Tasks.Task`1[Microsoft.AspNetCore.Mvc.IActionResult] Login(Com.XpressPayments.Bussiness.ViewModels.LoginModel) on controller Com.XpressPayments.Api.Controllers.AuthController (Com.XpressPayments.Api).
[2023-07-09 19:30:25.059 +01:00  INF]  User profile is available. Using 'C:\Users\olajumoke.owolabi\AppData\Local\ASP.NET\DataProtection-Keys' as key repository and Windows DPAPI to encrypt keys at rest.
[2023-07-09 19:30:25.282 +01:00  INF]  Application started. Press Ctrl+C to shut down.
[2023-07-09 19:30:25.282 +01:00  INF]  Hosting environment: Development
[2023-07-09 19:30:25.282 +01:00  INF]  Content root path: C:\Users\olajumoke.owolabi\source\repos\hrms-be-backend\Com.XpressPayments.Api\
[2023-07-09 19:30:25.329 +01:00  INF]  Request starting HTTP/2 GET https://localhost:44317/index.html - -
[2023-07-09 19:30:25.745 +01:00  INF]  Request finished HTTP/2 GET https://localhost:44317/index.html - - - 200 - text/html;charset=utf-8 418.3292ms
[2023-07-09 19:30:25.760 +01:00  INF]  Request starting HTTP/2 GET https://localhost:44317/_framework/aspnetcore-browser-refresh.js - -
[2023-07-09 19:30:25.772 +01:00  INF]  Request finished HTTP/2 GET https://localhost:44317/_framework/aspnetcore-browser-refresh.js - - - 200 12014 application/javascript;+charset=utf-8 7.4957ms
[2023-07-09 19:30:25.775 +01:00  INF]  Request starting HTTP/2 GET https://localhost:44317/_vs/browserLink - -
[2023-07-09 19:30:25.821 +01:00  INF]  Request finished HTTP/2 GET https://localhost:44317/_vs/browserLink - - - 200 - text/javascript;+charset=UTF-8 46.5731ms
[2023-07-09 19:30:25.901 +01:00  INF]  Request starting HTTP/2 GET https://localhost:44317/swagger/v1/swagger.json - -
[2023-07-09 19:30:26.112 +01:00  INF]  Request finished HTTP/2 GET https://localhost:44317/swagger/v1/swagger.json - - - 200 - application/json;charset=utf-8 210.4752ms
[2023-07-09 19:31:23.758 +01:00  INF]  Request starting HTTP/2 POST https://localhost:44317/api/Auth/Logout application/json 56
[2023-07-09 19:31:23.777 +01:00  INF]  CORS policy execution successful.
[2023-07-09 19:31:23.880 +01:00  INF]  Executing endpoint 'Com.XpressPayments.Api.Controllers.AuthController.Logout (Com.XpressPayments.Api)'
[2023-07-09 19:31:23.928 +01:00  INF]  Route matched with {action = "Logout", controller = "Auth"}. Executing controller action with signature System.Threading.Tasks.Task`1[Microsoft.AspNetCore.Mvc.IActionResult] Logout(Com.XpressPayments.Data.DTOs.Account.LogoutDto) on controller Com.XpressPayments.Api.Controllers.AuthController (Com.XpressPayments.Api).
[2023-07-09 19:31:25.602 +01:00  INF]  Executing OkObjectResult, writing value of type 'Com.XpressPayments.Data.GenericResponse.BaseResponse'.
[2023-07-09 19:31:25.616 +01:00  INF]  Executed action Com.XpressPayments.Api.Controllers.AuthController.Logout (Com.XpressPayments.Api) in 1679.0195ms
[2023-07-09 19:31:25.624 +01:00  INF]  Executed endpoint 'Com.XpressPayments.Api.Controllers.AuthController.Logout (Com.XpressPayments.Api)'
[2023-07-09 19:31:25.627 +01:00  INF]  Request finished HTTP/2 POST https://localhost:44317/api/Auth/Logout application/json 56 - 200 - application/json;+charset=utf-8 1868.9982ms
[2023-07-09 19:31:49.717 +01:00  INF]  Request starting HTTP/2 POST https://localhost:44317/api/Auth/Login application/json 94
[2023-07-09 19:31:49.728 +01:00  INF]  CORS policy execution successful.
[2023-07-09 19:31:49.740 +01:00  INF]  Executing endpoint 'Com.XpressPayments.Api.Controllers.AuthController.Login (Com.XpressPayments.Api)'
[2023-07-09 19:31:49.751 +01:00  INF]  Route matched with {action = "Login", controller = "Auth"}. Executing controller action with signature System.Threading.Tasks.Task`1[Microsoft.AspNetCore.Mvc.IActionResult] Login(Com.XpressPayments.Bussiness.ViewModels.LoginModel) on controller Com.XpressPayments.Api.Controllers.AuthController (Com.XpressPayments.Api).
[2023-07-09 19:32:10.573 +01:00  INF]  Executing OkObjectResult, writing value of type 'Com.XpressPayments.Data.GenericResponse.LoginResponse'.
[2023-07-09 19:32:10.576 +01:00  INF]  Executed action Com.XpressPayments.Api.Controllers.AuthController.Login (Com.XpressPayments.Api) in 20824.8211ms
[2023-07-09 19:32:10.577 +01:00  INF]  Executed endpoint 'Com.XpressPayments.Api.Controllers.AuthController.Login (Com.XpressPayments.Api)'
[2023-07-09 19:32:10.577 +01:00  INF]  Request finished HTTP/2 POST https://localhost:44317/api/Auth/Login application/json 94 - 200 - application/json;+charset=utf-8 20860.3412ms
[2023-07-09 19:55:30.565 +01:00  INF]  User profile is available. Using 'C:\Users\olajumoke.owolabi\AppData\Local\ASP.NET\DataProtection-Keys' as key repository and Windows DPAPI to encrypt keys at rest.
[2023-07-09 19:55:30.764 +01:00  INF]  Application started. Press Ctrl+C to shut down.
[2023-07-09 19:55:30.765 +01:00  INF]  Hosting environment: Development
[2023-07-09 19:55:30.765 +01:00  INF]  Content root path: C:\Users\olajumoke.owolabi\source\repos\hrms-be-backend\Com.XpressPayments.Api\
[2023-07-09 19:55:30.817 +01:00  INF]  Request starting HTTP/2 GET https://localhost:44317/index.html - -
[2023-07-09 19:55:31.227 +01:00  INF]  Request finished HTTP/2 GET https://localhost:44317/index.html - - - 200 - text/html;charset=utf-8 412.9921ms
[2023-07-09 19:55:31.228 +01:00  INF]  Request starting HTTP/2 GET https://localhost:44317/_framework/aspnetcore-browser-refresh.js - -
[2023-07-09 19:55:31.276 +01:00  INF]  Request finished HTTP/2 GET https://localhost:44317/_framework/aspnetcore-browser-refresh.js - - - 200 12014 application/javascript;+charset=utf-8 47.4049ms
[2023-07-09 19:55:31.306 +01:00  INF]  Request starting HTTP/2 GET https://localhost:44317/_vs/browserLink - -
[2023-07-09 19:55:31.401 +01:00  INF]  Request finished HTTP/2 GET https://localhost:44317/_vs/browserLink - - - 200 - text/javascript;+charset=UTF-8 95.1439ms
[2023-07-09 19:55:31.490 +01:00  INF]  Request starting HTTP/2 GET https://localhost:44317/swagger/v1/swagger.json - -
[2023-07-09 19:55:31.666 +01:00  INF]  Request finished HTTP/2 GET https://localhost:44317/swagger/v1/swagger.json - - - 200 - application/json;charset=utf-8 176.2901ms
[2023-07-09 19:56:01.392 +01:00  INF]  Request starting HTTP/2 POST https://localhost:44317/api/Auth/Logout application/json 48
[2023-07-09 19:56:01.409 +01:00  INF]  CORS policy execution successful.
[2023-07-09 19:56:01.493 +01:00  INF]  Executing endpoint 'Com.XpressPayments.Api.Controllers.AuthController.Logout (Com.XpressPayments.Api)'
[2023-07-09 19:56:01.523 +01:00  INF]  Route matched with {action = "Logout", controller = "Auth"}. Executing controller action with signature System.Threading.Tasks.Task`1[Microsoft.AspNetCore.Mvc.IActionResult] Logout(Com.XpressPayments.Data.DTOs.Account.LogoutDto) on controller Com.XpressPayments.Api.Controllers.AuthController (Com.XpressPayments.Api).
[2023-07-09 19:56:02.915 +01:00  INF]  Executing OkObjectResult, writing value of type 'Com.XpressPayments.Data.GenericResponse.BaseResponse'.
[2023-07-09 19:56:02.926 +01:00  INF]  Executed action Com.XpressPayments.Api.Controllers.AuthController.Logout (Com.XpressPayments.Api) in 1397.4768ms
[2023-07-09 19:56:02.931 +01:00  INF]  Executed endpoint 'Com.XpressPayments.Api.Controllers.AuthController.Logout (Com.XpressPayments.Api)'
[2023-07-09 19:56:02.934 +01:00  INF]  Request finished HTTP/2 POST https://localhost:44317/api/Auth/Logout application/json 48 - 200 - application/json;+charset=utf-8 1542.1756ms
[2023-07-09 19:56:31.824 +01:00  INF]  Request starting HTTP/2 POST https://localhost:44317/api/Auth/Login application/json 82
[2023-07-09 19:56:31.834 +01:00  INF]  CORS policy execution successful.
[2023-07-09 19:56:31.853 +01:00  INF]  Executing endpoint 'Com.XpressPayments.Api.Controllers.AuthController.Login (Com.XpressPayments.Api)'
[2023-07-09 19:56:31.857 +01:00  INF]  Route matched with {action = "Login", controller = "Auth"}. Executing controller action with signature System.Threading.Tasks.Task`1[Microsoft.AspNetCore.Mvc.IActionResult] Login(Com.XpressPayments.Bussiness.ViewModels.LoginModel) on controller Com.XpressPayments.Api.Controllers.AuthController (Com.XpressPayments.Api).
[2023-07-09 19:58:06.816 +01:00  INF]  Executing OkObjectResult, writing value of type 'Com.XpressPayments.Data.GenericResponse.LoginResponse'.
[2023-07-09 19:58:06.824 +01:00  INF]  Executed action Com.XpressPayments.Api.Controllers.AuthController.Login (Com.XpressPayments.Api) in 94967.5679ms
[2023-07-09 19:58:06.825 +01:00  INF]  Executed endpoint 'Com.XpressPayments.Api.Controllers.AuthController.Login (Com.XpressPayments.Api)'
[2023-07-09 19:58:06.825 +01:00  INF]  Request finished HTTP/2 POST https://localhost:44317/api/Auth/Login application/json 82 - 200 - application/json;+charset=utf-8 95000.3781ms
[2023-07-09 19:59:12.786 +01:00  INF]  Request starting HTTP/2 POST https://localhost:44317/api/Auth/Logout application/json 49
[2023-07-09 19:59:12.787 +01:00  INF]  CORS policy execution successful.
[2023-07-09 19:59:12.789 +01:00  INF]  Executing endpoint 'Com.XpressPayments.Api.Controllers.AuthController.Logout (Com.XpressPayments.Api)'
[2023-07-09 19:59:12.793 +01:00  INF]  Route matched with {action = "Logout", controller = "Auth"}. Executing controller action with signature System.Threading.Tasks.Task`1[Microsoft.AspNetCore.Mvc.IActionResult] Logout(Com.XpressPayments.Data.DTOs.Account.LogoutDto) on controller Com.XpressPayments.Api.Controllers.AuthController (Com.XpressPayments.Api).
[2023-07-09 19:59:12.852 +01:00  ERR]  Exception Occured: Logout ==> The input is not a valid Base-64 string as it contains a non-base 64 character, more than two padding characters, or an illegal character among the padding characters.
[2023-07-09 19:59:12.852 +01:00  INF]  Executing OkObjectResult, writing value of type 'Com.XpressPayments.Data.GenericResponse.BaseResponse'.
[2023-07-09 19:59:12.853 +01:00  INF]  Executed action Com.XpressPayments.Api.Controllers.AuthController.Logout (Com.XpressPayments.Api) in 59.9003ms
[2023-07-09 19:59:12.853 +01:00  INF]  Executed endpoint 'Com.XpressPayments.Api.Controllers.AuthController.Logout (Com.XpressPayments.Api)'
[2023-07-09 19:59:12.853 +01:00  INF]  Request finished HTTP/2 POST https://localhost:44317/api/Auth/Logout application/json 49 - 200 - application/json;+charset=utf-8 66.8754ms
[2023-07-09 19:59:41.821 +01:00  INF]  Request starting HTTP/2 POST https://localhost:44317/api/Auth/Logout application/json 60
[2023-07-09 19:59:41.821 +01:00  INF]  CORS policy execution successful.
[2023-07-09 19:59:41.824 +01:00  INF]  Executing endpoint 'Com.XpressPayments.Api.Controllers.AuthController.Logout (Com.XpressPayments.Api)'
[2023-07-09 19:59:41.824 +01:00  INF]  Route matched with {action = "Logout", controller = "Auth"}. Executing controller action with signature System.Threading.Tasks.Task`1[Microsoft.AspNetCore.Mvc.IActionResult] Logout(Com.XpressPayments.Data.DTOs.Account.LogoutDto) on controller Com.XpressPayments.Api.Controllers.AuthController (Com.XpressPayments.Api).
[2023-07-09 19:59:42.004 +01:00  INF]  Executing OkObjectResult, writing value of type 'Com.XpressPayments.Data.GenericResponse.BaseResponse'.
[2023-07-09 19:59:42.008 +01:00  INF]  Executed action Com.XpressPayments.Api.Controllers.AuthController.Logout (Com.XpressPayments.Api) in 183.1624ms
[2023-07-09 19:59:42.008 +01:00  INF]  Executed endpoint 'Com.XpressPayments.Api.Controllers.AuthController.Logout (Com.XpressPayments.Api)'
[2023-07-09 19:59:42.009 +01:00  INF]  Request finished HTTP/2 POST https://localhost:44317/api/Auth/Logout application/json 60 - 200 - application/json;+charset=utf-8 188.9672ms
[2023-07-09 20:00:20.009 +01:00  INF]  Request starting HTTP/2 POST https://localhost:44317/api/Auth/Login application/json 98
[2023-07-09 20:00:20.009 +01:00  INF]  CORS policy execution successful.
[2023-07-09 20:00:20.009 +01:00  INF]  Executing endpoint 'Com.XpressPayments.Api.Controllers.AuthController.Login (Com.XpressPayments.Api)'
[2023-07-09 20:00:20.009 +01:00  INF]  Route matched with {action = "Login", controller = "Auth"}. Executing controller action with signature System.Threading.Tasks.Task`1[Microsoft.AspNetCore.Mvc.IActionResult] Login(Com.XpressPayments.Bussiness.ViewModels.LoginModel) on controller Com.XpressPayments.Api.Controllers.AuthController (Com.XpressPayments.Api).
[2023-07-09 20:00:31.694 +01:00  INF]  Executing OkObjectResult, writing value of type 'Com.XpressPayments.Data.GenericResponse.LoginResponse'.
[2023-07-09 20:00:31.695 +01:00  INF]  Executed action Com.XpressPayments.Api.Controllers.AuthController.Login (Com.XpressPayments.Api) in 11685.0686ms
[2023-07-09 20:00:31.695 +01:00  INF]  Executed endpoint 'Com.XpressPayments.Api.Controllers.AuthController.Login (Com.XpressPayments.Api)'
[2023-07-09 20:00:31.695 +01:00  INF]  Request finished HTTP/2 POST https://localhost:44317/api/Auth/Login application/json 98 - 200 - application/json;+charset=utf-8 11685.8532ms
[2023-07-09 20:02:12.868 +01:00  INF]  Request starting HTTP/2 POST https://localhost:44317/api/Auth/Logout application/json 56
[2023-07-09 20:02:12.869 +01:00  INF]  CORS policy execution successful.
[2023-07-09 20:02:12.869 +01:00  INF]  Executing endpoint 'Com.XpressPayments.Api.Controllers.AuthController.Logout (Com.XpressPayments.Api)'
[2023-07-09 20:02:12.869 +01:00  INF]  Route matched with {action = "Logout", controller = "Auth"}. Executing controller action with signature System.Threading.Tasks.Task`1[Microsoft.AspNetCore.Mvc.IActionResult] Logout(Com.XpressPayments.Data.DTOs.Account.LogoutDto) on controller Com.XpressPayments.Api.Controllers.AuthController (Com.XpressPayments.Api).
[2023-07-09 20:02:13.045 +01:00  INF]  Executing OkObjectResult, writing value of type 'Com.XpressPayments.Data.GenericResponse.BaseResponse'.
[2023-07-09 20:02:13.050 +01:00  INF]  Executed action Com.XpressPayments.Api.Controllers.AuthController.Logout (Com.XpressPayments.Api) in 180.41ms
[2023-07-09 20:02:13.050 +01:00  INF]  Executed endpoint 'Com.XpressPayments.Api.Controllers.AuthController.Logout (Com.XpressPayments.Api)'
[2023-07-09 20:02:13.050 +01:00  INF]  Request finished HTTP/2 POST https://localhost:44317/api/Auth/Logout application/json 56 - 200 - application/json;+charset=utf-8 181.5683ms
[2023-07-09 20:02:22.137 +01:00  INF]  Request starting HTTP/2 POST https://localhost:44317/api/Auth/Login application/json 110
[2023-07-09 20:02:22.138 +01:00  INF]  CORS policy execution successful.
[2023-07-09 20:02:22.138 +01:00  INF]  Executing endpoint 'Com.XpressPayments.Api.Controllers.AuthController.Login (Com.XpressPayments.Api)'
[2023-07-09 20:02:22.138 +01:00  INF]  Route matched with {action = "Login", controller = "Auth"}. Executing controller action with signature System.Threading.Tasks.Task`1[Microsoft.AspNetCore.Mvc.IActionResult] Login(Com.XpressPayments.Bussiness.ViewModels.LoginModel) on controller Com.XpressPayments.Api.Controllers.AuthController (Com.XpressPayments.Api).
[2023-07-09 20:02:37.066 +01:00  INF]  Executing OkObjectResult, writing value of type 'Com.XpressPayments.Data.GenericResponse.LoginResponse'.
[2023-07-09 20:02:37.066 +01:00  INF]  Executed action Com.XpressPayments.Api.Controllers.AuthController.Login (Com.XpressPayments.Api) in 14927.8507ms
[2023-07-09 20:02:37.066 +01:00  INF]  Executed endpoint 'Com.XpressPayments.Api.Controllers.AuthController.Login (Com.XpressPayments.Api)'
[2023-07-09 20:02:37.066 +01:00  INF]  Request finished HTTP/2 POST https://localhost:44317/api/Auth/Login application/json 110 - 200 - application/json;+charset=utf-8 14929.0702ms
[2023-07-09 20:02:56.233 +01:00  INF]  Request starting HTTP/2 POST https://localhost:44317/api/Auth/Logout application/json 60
[2023-07-09 20:02:56.233 +01:00  INF]  CORS policy execution successful.
[2023-07-09 20:02:56.233 +01:00  INF]  Executing endpoint 'Com.XpressPayments.Api.Controllers.AuthController.Logout (Com.XpressPayments.Api)'
[2023-07-09 20:02:56.233 +01:00  INF]  Route matched with {action = "Logout", controller = "Auth"}. Executing controller action with signature System.Threading.Tasks.Task`1[Microsoft.AspNetCore.Mvc.IActionResult] Logout(Com.XpressPayments.Data.DTOs.Account.LogoutDto) on controller Com.XpressPayments.Api.Controllers.AuthController (Com.XpressPayments.Api).
[2023-07-09 20:02:56.424 +01:00  INF]  Executing OkObjectResult, writing value of type 'Com.XpressPayments.Data.GenericResponse.BaseResponse'.
[2023-07-09 20:02:56.426 +01:00  INF]  Executed action Com.XpressPayments.Api.Controllers.AuthController.Logout (Com.XpressPayments.Api) in 192.2932ms
[2023-07-09 20:02:56.426 +01:00  INF]  Executed endpoint 'Com.XpressPayments.Api.Controllers.AuthController.Logout (Com.XpressPayments.Api)'
[2023-07-09 20:02:56.427 +01:00  INF]  Request finished HTTP/2 POST https://localhost:44317/api/Auth/Logout application/json 60 - 200 - application/json;+charset=utf-8 193.6816ms
[2023-07-09 20:03:39.216 +01:00  INF]  Request starting HTTP/2 POST https://localhost:44317/api/Auth/Login application/json 98
[2023-07-09 20:03:39.216 +01:00  INF]  CORS policy execution successful.
[2023-07-09 20:03:39.216 +01:00  INF]  Executing endpoint 'Com.XpressPayments.Api.Controllers.AuthController.Login (Com.XpressPayments.Api)'
[2023-07-09 20:03:39.217 +01:00  INF]  Route matched with {action = "Login", controller = "Auth"}. Executing controller action with signature System.Threading.Tasks.Task`1[Microsoft.AspNetCore.Mvc.IActionResult] Login(Com.XpressPayments.Bussiness.ViewModels.LoginModel) on controller Com.XpressPayments.Api.Controllers.AuthController (Com.XpressPayments.Api).
[2023-07-09 20:03:55.085 +01:00  INF]  Executing OkObjectResult, writing value of type 'Com.XpressPayments.Data.GenericResponse.LoginResponse'.
[2023-07-09 20:03:55.086 +01:00  INF]  Executed action Com.XpressPayments.Api.Controllers.AuthController.Login (Com.XpressPayments.Api) in 15869.0378ms
[2023-07-09 20:03:55.086 +01:00  INF]  Executed endpoint 'Com.XpressPayments.Api.Controllers.AuthController.Login (Com.XpressPayments.Api)'
[2023-07-09 20:03:55.086 +01:00  INF]  Request finished HTTP/2 POST https://localhost:44317/api/Auth/Login application/json 98 - 200 - application/json;+charset=utf-8 15870.1895ms
[2023-07-09 20:22:18.736 +01:00  INF]  User profile is available. Using 'C:\Users\olajumoke.owolabi\AppData\Local\ASP.NET\DataProtection-Keys' as key repository and Windows DPAPI to encrypt keys at rest.
[2023-07-09 20:22:19.038 +01:00  INF]  Application started. Press Ctrl+C to shut down.
[2023-07-09 20:22:19.038 +01:00  INF]  Hosting environment: Development
[2023-07-09 20:22:19.039 +01:00  INF]  Content root path: C:\Users\olajumoke.owolabi\source\repos\hrms-be-backend\Com.XpressPayments.Api\
[2023-07-09 20:22:19.079 +01:00  INF]  Request starting HTTP/2 GET https://localhost:44317/index.html - -
[2023-07-09 20:22:19.584 +01:00  INF]  Request finished HTTP/2 GET https://localhost:44317/index.html - - - 200 - text/html;charset=utf-8 507.1736ms
[2023-07-09 20:22:19.597 +01:00  INF]  Request starting HTTP/2 GET https://localhost:44317/_framework/aspnetcore-browser-refresh.js - -
[2023-07-09 20:22:19.607 +01:00  INF]  Request starting HTTP/2 GET https://localhost:44317/_vs/browserLink - -
[2023-07-09 20:22:19.607 +01:00  INF]  Request finished HTTP/2 GET https://localhost:44317/_framework/aspnetcore-browser-refresh.js - - - 200 12014 application/javascript;+charset=utf-8 7.1974ms
[2023-07-09 20:22:19.661 +01:00  INF]  Request finished HTTP/2 GET https://localhost:44317/_vs/browserLink - - - 200 - text/javascript;+charset=UTF-8 53.3040ms
[2023-07-09 20:22:19.726 +01:00  INF]  Request starting HTTP/2 GET https://localhost:44317/swagger/v1/swagger.json - -
[2023-07-09 20:22:19.919 +01:00  INF]  Request finished HTTP/2 GET https://localhost:44317/swagger/v1/swagger.json - - - 200 - application/json;charset=utf-8 192.6003ms
[2023-07-09 20:43:21.504 +01:00  INF]  User profile is available. Using 'C:\Users\olajumoke.owolabi\AppData\Local\ASP.NET\DataProtection-Keys' as key repository and Windows DPAPI to encrypt keys at rest.
[2023-07-09 20:43:21.699 +01:00  INF]  Application started. Press Ctrl+C to shut down.
[2023-07-09 20:43:21.699 +01:00  INF]  Hosting environment: Development
[2023-07-09 20:43:21.699 +01:00  INF]  Content root path: C:\Users\olajumoke.owolabi\source\repos\hrms-be-backend\Com.XpressPayments.Api\
[2023-07-09 20:43:21.741 +01:00  INF]  Request starting HTTP/2 GET https://localhost:44317/index.html - -
[2023-07-09 20:43:22.168 +01:00  INF]  Request starting HTTP/2 GET https://localhost:44317/_framework/aspnetcore-browser-refresh.js - -
[2023-07-09 20:43:22.168 +01:00  INF]  Request finished HTTP/2 GET https://localhost:44317/index.html - - - 200 - text/html;charset=utf-8 428.6755ms
[2023-07-09 20:43:22.192 +01:00  INF]  Request starting HTTP/2 GET https://localhost:44317/_vs/browserLink - -
[2023-07-09 20:43:22.192 +01:00  INF]  Request finished HTTP/2 GET https://localhost:44317/_framework/aspnetcore-browser-refresh.js - - - 200 12014 application/javascript;+charset=utf-8 18.3453ms
[2023-07-09 20:43:22.252 +01:00  INF]  Request finished HTTP/2 GET https://localhost:44317/_vs/browserLink - - - 200 - text/javascript;+charset=UTF-8 60.4354ms
[2023-07-09 20:43:22.310 +01:00  INF]  Request starting HTTP/2 GET https://localhost:44317/swagger/v1/swagger.json - -
[2023-07-09 20:43:22.496 +01:00  INF]  Request finished HTTP/2 GET https://localhost:44317/swagger/v1/swagger.json - - - 200 - application/json;charset=utf-8 185.3125ms
[2023-07-09 20:43:33.924 +01:00  INF]  Request starting HTTP/2 POST https://localhost:44317/api/Auth/Logout application/json 56
[2023-07-09 20:43:33.935 +01:00  INF]  CORS policy execution successful.
[2023-07-09 20:43:34.048 +01:00  INF]  Executing endpoint 'Com.XpressPayments.Api.Controllers.AuthController.Logout (Com.XpressPayments.Api)'
[2023-07-09 20:43:34.095 +01:00  INF]  Route matched with {action = "Logout", controller = "Auth"}. Executing controller action with signature System.Threading.Tasks.Task`1[Microsoft.AspNetCore.Mvc.IActionResult] Logout(Com.XpressPayments.Data.DTOs.Account.LogoutDto) on controller Com.XpressPayments.Api.Controllers.AuthController (Com.XpressPayments.Api).
[2023-07-09 20:43:35.789 +01:00  INF]  Executing OkObjectResult, writing value of type 'Com.XpressPayments.Data.GenericResponse.BaseResponse'.
[2023-07-09 20:43:35.805 +01:00  INF]  Executed action Com.XpressPayments.Api.Controllers.AuthController.Logout (Com.XpressPayments.Api) in 1702.6077ms
[2023-07-09 20:43:35.810 +01:00  INF]  Executed endpoint 'Com.XpressPayments.Api.Controllers.AuthController.Logout (Com.XpressPayments.Api)'
[2023-07-09 20:43:35.813 +01:00  INF]  Request finished HTTP/2 POST https://localhost:44317/api/Auth/Logout application/json 56 - 200 - application/json;+charset=utf-8 1888.1459ms
[2023-07-09 20:43:57.368 +01:00  INF]  Request starting HTTP/2 POST https://localhost:44317/api/Auth/Login application/json 94
[2023-07-09 20:43:57.376 +01:00  INF]  CORS policy execution successful.
[2023-07-09 20:43:57.399 +01:00  INF]  Executing endpoint 'Com.XpressPayments.Api.Controllers.AuthController.Login (Com.XpressPayments.Api)'
[2023-07-09 20:43:57.410 +01:00  INF]  Route matched with {action = "Login", controller = "Auth"}. Executing controller action with signature System.Threading.Tasks.Task`1[Microsoft.AspNetCore.Mvc.IActionResult] Login(Com.XpressPayments.Bussiness.ViewModels.LoginModel) on controller Com.XpressPayments.Api.Controllers.AuthController (Com.XpressPayments.Api).
[2023-07-09 20:44:34.414 +01:00  INF]  Executing OkObjectResult, writing value of type 'Com.XpressPayments.Data.GenericResponse.LoginResponse'.
[2023-07-09 20:44:34.415 +01:00  INF]  Executed action Com.XpressPayments.Api.Controllers.AuthController.Login (Com.XpressPayments.Api) in 37004.3775ms
[2023-07-09 20:44:34.415 +01:00  INF]  Executed endpoint 'Com.XpressPayments.Api.Controllers.AuthController.Login (Com.XpressPayments.Api)'
[2023-07-09 20:44:34.415 +01:00  INF]  Request finished HTTP/2 POST https://localhost:44317/api/Auth/Login application/json 94 - 200 - application/json;+charset=utf-8 37047.7846ms
[2023-07-09 20:45:31.401 +01:00  INF]  Request starting HTTP/2 POST https://localhost:44317/api/Auth/Login application/json 94
[2023-07-09 20:45:31.426 +01:00  INF]  CORS policy execution successful.
[2023-07-09 20:45:31.428 +01:00  INF]  Executing endpoint 'Com.XpressPayments.Api.Controllers.AuthController.Login (Com.XpressPayments.Api)'
[2023-07-09 20:45:31.428 +01:00  INF]  Route matched with {action = "Login", controller = "Auth"}. Executing controller action with signature System.Threading.Tasks.Task`1[Microsoft.AspNetCore.Mvc.IActionResult] Login(Com.XpressPayments.Bussiness.ViewModels.LoginModel) on controller Com.XpressPayments.Api.Controllers.AuthController (Com.XpressPayments.Api).
[2023-07-09 20:47:29.651 +01:00  INF]  Executing OkObjectResult, writing value of type 'Com.XpressPayments.Data.GenericResponse.LoginResponse'.
[2023-07-09 20:47:29.652 +01:00  INF]  Executed action Com.XpressPayments.Api.Controllers.AuthController.Login (Com.XpressPayments.Api) in 118223.7259ms
[2023-07-09 20:47:29.652 +01:00  INF]  Executed endpoint 'Com.XpressPayments.Api.Controllers.AuthController.Login (Com.XpressPayments.Api)'
[2023-07-09 20:47:29.652 +01:00  INF]  Request finished HTTP/2 POST https://localhost:44317/api/Auth/Login application/json 94 - 200 - application/json;+charset=utf-8 118251.4693ms
[2023-07-09 20:47:57.867 +01:00  INF]  Request starting HTTP/2 POST https://localhost:44317/api/Auth/Login application/json 94
[2023-07-09 20:47:57.870 +01:00  INF]  CORS policy execution successful.
[2023-07-09 20:47:57.871 +01:00  INF]  Executing endpoint 'Com.XpressPayments.Api.Controllers.AuthController.Login (Com.XpressPayments.Api)'
[2023-07-09 20:47:57.872 +01:00  INF]  Route matched with {action = "Login", controller = "Auth"}. Executing controller action with signature System.Threading.Tasks.Task`1[Microsoft.AspNetCore.Mvc.IActionResult] Login(Com.XpressPayments.Bussiness.ViewModels.LoginModel) on controller Com.XpressPayments.Api.Controllers.AuthController (Com.XpressPayments.Api).
[2023-07-09 20:49:25.296 +01:00  INF]  Executing OkObjectResult, writing value of type 'Com.XpressPayments.Data.GenericResponse.LoginResponse'.
[2023-07-09 20:49:25.297 +01:00  INF]  Executed action Com.XpressPayments.Api.Controllers.AuthController.Login (Com.XpressPayments.Api) in 87424.6141ms
[2023-07-09 20:49:25.297 +01:00  INF]  Executed endpoint 'Com.XpressPayments.Api.Controllers.AuthController.Login (Com.XpressPayments.Api)'
[2023-07-09 20:49:25.297 +01:00  INF]  Request finished HTTP/2 POST https://localhost:44317/api/Auth/Login application/json 94 - 200 - application/json;+charset=utf-8 87431.1230ms
[2023-07-09 20:49:36.921 +01:00  INF]  Request starting HTTP/2 POST https://localhost:44317/api/Auth/Login application/json 94
[2023-07-09 20:49:36.921 +01:00  INF]  CORS policy execution successful.
[2023-07-09 20:49:36.921 +01:00  INF]  Executing endpoint 'Com.XpressPayments.Api.Controllers.AuthController.Login (Com.XpressPayments.Api)'
[2023-07-09 20:49:36.922 +01:00  INF]  Route matched with {action = "Login", controller = "Auth"}. Executing controller action with signature System.Threading.Tasks.Task`1[Microsoft.AspNetCore.Mvc.IActionResult] Login(Com.XpressPayments.Bussiness.ViewModels.LoginModel) on controller Com.XpressPayments.Api.Controllers.AuthController (Com.XpressPayments.Api).
[2023-07-09 20:49:55.349 +01:00  INF]  Executing OkObjectResult, writing value of type 'Com.XpressPayments.Data.GenericResponse.LoginResponse'.
[2023-07-09 20:49:55.349 +01:00  INF]  Executed action Com.XpressPayments.Api.Controllers.AuthController.Login (Com.XpressPayments.Api) in 18427.7873ms
[2023-07-09 20:49:55.350 +01:00  INF]  Executed endpoint 'Com.XpressPayments.Api.Controllers.AuthController.Login (Com.XpressPayments.Api)'
[2023-07-09 20:49:55.350 +01:00  INF]  Request finished HTTP/2 POST https://localhost:44317/api/Auth/Login application/json 94 - 200 - application/json;+charset=utf-8 18429.1193ms
[2023-07-09 20:51:42.229 +01:00  INF]  Request starting HTTP/2 POST https://localhost:44317/api/Auth/Login application/json 94
[2023-07-09 20:51:42.229 +01:00  INF]  CORS policy execution successful.
[2023-07-09 20:51:42.229 +01:00  INF]  Executing endpoint 'Com.XpressPayments.Api.Controllers.AuthController.Login (Com.XpressPayments.Api)'
[2023-07-09 20:51:42.229 +01:00  INF]  Route matched with {action = "Login", controller = "Auth"}. Executing controller action with signature System.Threading.Tasks.Task`1[Microsoft.AspNetCore.Mvc.IActionResult] Login(Com.XpressPayments.Bussiness.ViewModels.LoginModel) on controller Com.XpressPayments.Api.Controllers.AuthController (Com.XpressPayments.Api).
[2023-07-09 20:52:10.771 +01:00  INF]  Executing OkObjectResult, writing value of type 'Com.XpressPayments.Data.GenericResponse.LoginResponse'.
[2023-07-09 20:52:10.772 +01:00  INF]  Executed action Com.XpressPayments.Api.Controllers.AuthController.Login (Com.XpressPayments.Api) in 28542.9581ms
[2023-07-09 20:52:10.772 +01:00  INF]  Executed endpoint 'Com.XpressPayments.Api.Controllers.AuthController.Login (Com.XpressPayments.Api)'
[2023-07-09 20:52:10.773 +01:00  INF]  Request finished HTTP/2 POST https://localhost:44317/api/Auth/Login application/json 94 - 200 - application/json;+charset=utf-8 28544.4298ms
[2023-07-09 20:53:34.682 +01:00  INF]  Request starting HTTP/2 POST https://localhost:44317/api/Auth/Logout application/json 48
[2023-07-09 20:53:34.682 +01:00  INF]  CORS policy execution successful.
[2023-07-09 20:53:34.682 +01:00  INF]  Executing endpoint 'Com.XpressPayments.Api.Controllers.AuthController.Logout (Com.XpressPayments.Api)'
[2023-07-09 20:53:34.683 +01:00  INF]  Route matched with {action = "Logout", controller = "Auth"}. Executing controller action with signature System.Threading.Tasks.Task`1[Microsoft.AspNetCore.Mvc.IActionResult] Logout(Com.XpressPayments.Data.DTOs.Account.LogoutDto) on controller Com.XpressPayments.Api.Controllers.AuthController (Com.XpressPayments.Api).
[2023-07-09 20:53:34.880 +01:00  INF]  Executing OkObjectResult, writing value of type 'Com.XpressPayments.Data.GenericResponse.BaseResponse'.
[2023-07-09 20:53:34.891 +01:00  INF]  Executed action Com.XpressPayments.Api.Controllers.AuthController.Logout (Com.XpressPayments.Api) in 208.4701ms
[2023-07-09 20:53:34.891 +01:00  INF]  Executed endpoint 'Com.XpressPayments.Api.Controllers.AuthController.Logout (Com.XpressPayments.Api)'
[2023-07-09 20:53:34.894 +01:00  INF]  Request finished HTTP/2 POST https://localhost:44317/api/Auth/Logout application/json 48 - 200 - application/json;+charset=utf-8 212.4689ms
[2023-07-09 20:54:01.396 +01:00  INF]  Request starting HTTP/2 POST https://localhost:44317/api/Auth/Login application/json 82
[2023-07-09 20:54:01.397 +01:00  INF]  CORS policy execution successful.
[2023-07-09 20:54:01.397 +01:00  INF]  Executing endpoint 'Com.XpressPayments.Api.Controllers.AuthController.Login (Com.XpressPayments.Api)'
[2023-07-09 20:54:01.397 +01:00  INF]  Route matched with {action = "Login", controller = "Auth"}. Executing controller action with signature System.Threading.Tasks.Task`1[Microsoft.AspNetCore.Mvc.IActionResult] Login(Com.XpressPayments.Bussiness.ViewModels.LoginModel) on controller Com.XpressPayments.Api.Controllers.AuthController (Com.XpressPayments.Api).
[2023-07-09 20:54:26.808 +01:00  INF]  Executing OkObjectResult, writing value of type 'Com.XpressPayments.Data.GenericResponse.LoginResponse'.
[2023-07-09 20:54:26.815 +01:00  INF]  Executed action Com.XpressPayments.Api.Controllers.AuthController.Login (Com.XpressPayments.Api) in 25418.452ms
[2023-07-09 20:54:26.815 +01:00  INF]  Executed endpoint 'Com.XpressPayments.Api.Controllers.AuthController.Login (Com.XpressPayments.Api)'
[2023-07-09 20:54:26.815 +01:00  INF]  Request finished HTTP/2 POST https://localhost:44317/api/Auth/Login application/json 82 - 200 - application/json;+charset=utf-8 25418.9711ms
