[2023-07-05 10:23:04.453 +01:00  INF]  User profile is available. Using 'C:\Users\olajumoke.owolabi\AppData\Local\ASP.NET\DataProtection-Keys' as key repository and Windows DPAPI to encrypt keys at rest.
[2023-07-05 10:23:04.753 +01:00  INF]  Application started. Press Ctrl+C to shut down.
[2023-07-05 10:23:04.753 +01:00  INF]  Hosting environment: Development
[2023-07-05 10:23:04.753 +01:00  INF]  Content root path: C:\Users\olajumoke.owolabi\source\repos\hrms-be-backend\Com.XpressPayments.Api\
[2023-07-05 10:23:04.814 +01:00  INF]  Request starting HTTP/2 GET https://localhost:44317/index.html - -
[2023-07-05 10:23:05.425 +01:00  INF]  Request finished HTTP/2 GET https://localhost:44317/index.html - - - 200 - text/html;charset=utf-8 609.7960ms
[2023-07-05 10:23:05.425 +01:00  INF]  Request starting HTTP/2 GET https://localhost:44317/_framework/aspnetcore-browser-refresh.js - -
[2023-07-05 10:23:05.441 +01:00  INF]  Request starting HTTP/2 GET https://localhost:44317/_vs/browserLink - -
[2023-07-05 10:23:05.448 +01:00  INF]  Request finished HTTP/2 GET https://localhost:44317/_framework/aspnetcore-browser-refresh.js - - - 200 12014 application/javascript;+charset=utf-8 19.0741ms
[2023-07-05 10:23:05.499 +01:00  INF]  Request finished HTTP/2 GET https://localhost:44317/_vs/browserLink - - - 200 - text/javascript;+charset=UTF-8 58.1343ms
[2023-07-05 10:23:05.565 +01:00  INF]  Request starting HTTP/2 GET https://localhost:44317/swagger/v1/swagger.json - -
[2023-07-05 10:23:05.795 +01:00  INF]  Request finished HTTP/2 GET https://localhost:44317/swagger/v1/swagger.json - - - 200 - application/json;charset=utf-8 229.9134ms
[2023-07-05 10:27:53.550 +01:00  INF]  Request starting HTTP/2 POST https://localhost:44317/api/Auth/Logout application/json 41
[2023-07-05 10:27:53.606 +01:00  INF]  CORS policy execution successful.
[2023-07-05 10:27:53.761 +01:00  INF]  Executing endpoint 'Com.XpressPayments.Api.Controllers.AuthController.Logout (Com.XpressPayments.Api)'
[2023-07-05 10:27:53.813 +01:00  INF]  Route matched with {action = "Logout", controller = "Auth"}. Executing controller action with signature System.Threading.Tasks.Task`1[Microsoft.AspNetCore.Mvc.IActionResult] Logout(Com.XpressPayments.Data.DTOs.Account.LogoutDto) on controller Com.XpressPayments.Api.Controllers.AuthController (Com.XpressPayments.Api).
[2023-07-05 10:27:55.651 +01:00  INF]  Executing OkObjectResult, writing value of type 'Com.XpressPayments.Data.GenericResponse.BaseResponse'.
[2023-07-05 10:27:55.669 +01:00  INF]  Executed action Com.XpressPayments.Api.Controllers.AuthController.Logout (Com.XpressPayments.Api) in 1846.2323ms
[2023-07-05 10:27:55.677 +01:00  INF]  Executed endpoint 'Com.XpressPayments.Api.Controllers.AuthController.Logout (Com.XpressPayments.Api)'
[2023-07-05 10:27:55.681 +01:00  INF]  Request finished HTTP/2 POST https://localhost:44317/api/Auth/Logout application/json 41 - 200 - application/json;+charset=utf-8 2130.5468ms
[2023-07-05 10:28:05.555 +01:00  INF]  Request starting HTTP/2 POST https://localhost:44317/api/Auth/Login application/json 75
[2023-07-05 10:28:05.562 +01:00  INF]  CORS policy execution successful.
[2023-07-05 10:28:05.563 +01:00  INF]  Executing endpoint 'Com.XpressPayments.Api.Controllers.AuthController.Login (Com.XpressPayments.Api)'
[2023-07-05 10:28:05.570 +01:00  INF]  Route matched with {action = "Login", controller = "Auth"}. Executing controller action with signature System.Threading.Tasks.Task`1[Microsoft.AspNetCore.Mvc.IActionResult] Login(Com.XpressPayments.Bussiness.ViewModels.LoginModel) on controller Com.XpressPayments.Api.Controllers.AuthController (Com.XpressPayments.Api).
[2023-07-05 10:28:08.179 +01:00  INF]  Executing OkObjectResult, writing value of type 'Com.XpressPayments.Data.GenericResponse.LoginResponse'.
[2023-07-05 10:28:08.198 +01:00  INF]  Executed action Com.XpressPayments.Api.Controllers.AuthController.Login (Com.XpressPayments.Api) in 2627.4758ms
[2023-07-05 10:28:08.198 +01:00  INF]  Executed endpoint 'Com.XpressPayments.Api.Controllers.AuthController.Login (Com.XpressPayments.Api)'
[2023-07-05 10:28:08.198 +01:00  INF]  Request finished HTTP/2 POST https://localhost:44317/api/Auth/Login application/json 75 - 200 - application/json;+charset=utf-8 2642.7527ms
[2023-07-05 10:29:53.949 +01:00  INF]  Request starting HTTP/2 POST https://localhost:44317/api/LeaveType/CreateLeaveType application/json 105
[2023-07-05 10:29:53.959 +01:00  INF]  CORS policy execution successful.
[2023-07-05 10:29:54.134 +01:00  INF]  Successfully validated the token.
[2023-07-05 10:29:54.155 +01:00  INF]  Executing endpoint 'Com.XpressPayments.Api.LeaveModuleController.Controller.LeaveTypeController.CreateLeaveType (Com.XpressPayments.Api)'
[2023-07-05 10:29:54.162 +01:00  INF]  Route matched with {action = "CreateLeaveType", controller = "LeaveType"}. Executing controller action with signature System.Threading.Tasks.Task`1[Microsoft.AspNetCore.Mvc.IActionResult] CreateLeaveType(Com.XpressPayments.Data.LeaveModuleDTO.DTO.CreateLeaveTypeDTO) on controller Com.XpressPayments.Api.LeaveModuleController.Controller.LeaveTypeController (Com.XpressPayments.Api).
[2023-07-05 10:30:46.909 +01:00  INF]  Executing OkObjectResult, writing value of type 'Com.XpressPayments.Data.GenericResponse.BaseResponse'.
[2023-07-05 10:30:46.914 +01:00  INF]  Executed action Com.XpressPayments.Api.LeaveModuleController.Controller.LeaveTypeController.CreateLeaveType (Com.XpressPayments.Api) in 52750.8417ms
[2023-07-05 10:30:46.914 +01:00  INF]  Executed endpoint 'Com.XpressPayments.Api.LeaveModuleController.Controller.LeaveTypeController.CreateLeaveType (Com.XpressPayments.Api)'
[2023-07-05 10:30:46.915 +01:00  INF]  Request finished HTTP/2 POST https://localhost:44317/api/LeaveType/CreateLeaveType application/json 105 - 200 - application/json;+charset=utf-8 52966.0820ms
[2023-07-05 10:36:46.933 +01:00  INF]  Request starting HTTP/2 GET https://localhost:44317/api/LeaveType/GetLeaveTypebyCompanyId?CompanyID=1 - -
[2023-07-05 10:36:46.937 +01:00  INF]  Successfully validated the token.
[2023-07-05 10:36:46.942 +01:00  INF]  Executing endpoint 'Com.XpressPayments.Api.LeaveModuleController.Controller.LeaveTypeController.GetLeaveTypebyCompanyId (Com.XpressPayments.Api)'
[2023-07-05 10:36:46.953 +01:00  INF]  Route matched with {action = "GetLeaveTypebyCompanyId", controller = "LeaveType"}. Executing controller action with signature System.Threading.Tasks.Task`1[Microsoft.AspNetCore.Mvc.IActionResult] GetLeaveTypebyCompanyId(Int64) on controller Com.XpressPayments.Api.LeaveModuleController.Controller.LeaveTypeController (Com.XpressPayments.Api).
[2023-07-05 10:36:49.298 +01:00  INF]  Executing OkObjectResult, writing value of type 'Com.XpressPayments.Data.GenericResponse.BaseResponse'.
[2023-07-05 10:36:49.303 +01:00  INF]  Executed action Com.XpressPayments.Api.LeaveModuleController.Controller.LeaveTypeController.GetLeaveTypebyCompanyId (Com.XpressPayments.Api) in 2350.0887ms
[2023-07-05 10:36:49.304 +01:00  INF]  Executed endpoint 'Com.XpressPayments.Api.LeaveModuleController.Controller.LeaveTypeController.GetLeaveTypebyCompanyId (Com.XpressPayments.Api)'
[2023-07-05 10:36:49.305 +01:00  INF]  Request finished HTTP/2 GET https://localhost:44317/api/LeaveType/GetLeaveTypebyCompanyId?CompanyID=1 - - - 200 - application/json;+charset=utf-8 2372.0442ms
[2023-07-05 10:37:00.152 +01:00  INF]  Request starting HTTP/2 GET https://localhost:44317/api/LeaveType/GetAllLeaveType - -
[2023-07-05 10:37:00.152 +01:00  INF]  Successfully validated the token.
[2023-07-05 10:37:00.153 +01:00  INF]  Executing endpoint 'Com.XpressPayments.Api.LeaveModuleController.Controller.LeaveTypeController.GetAllLeaveType (Com.XpressPayments.Api)'
[2023-07-05 10:37:00.155 +01:00  INF]  Route matched with {action = "GetAllLeaveType", controller = "LeaveType"}. Executing controller action with signature System.Threading.Tasks.Task`1[Microsoft.AspNetCore.Mvc.IActionResult] GetAllLeaveType() on controller Com.XpressPayments.Api.LeaveModuleController.Controller.LeaveTypeController (Com.XpressPayments.Api).
[2023-07-05 10:37:01.074 +01:00  INF]  Executing OkObjectResult, writing value of type 'Com.XpressPayments.Data.GenericResponse.BaseResponse'.
[2023-07-05 10:37:01.075 +01:00  INF]  Executed action Com.XpressPayments.Api.LeaveModuleController.Controller.LeaveTypeController.GetAllLeaveType (Com.XpressPayments.Api) in 919.3779ms
[2023-07-05 10:37:01.075 +01:00  INF]  Executed endpoint 'Com.XpressPayments.Api.LeaveModuleController.Controller.LeaveTypeController.GetAllLeaveType (Com.XpressPayments.Api)'
[2023-07-05 10:37:01.076 +01:00  INF]  Request finished HTTP/2 GET https://localhost:44317/api/LeaveType/GetAllLeaveType - - - 200 - application/json;+charset=utf-8 923.6927ms
[2023-07-05 10:37:09.820 +01:00  INF]  Request starting HTTP/2 GET https://localhost:44317/api/LeaveType/GetLeaveTypebyId?LeaveTypeId=1 - -
[2023-07-05 10:37:09.820 +01:00  INF]  Successfully validated the token.
[2023-07-05 10:37:09.820 +01:00  INF]  Executing endpoint 'Com.XpressPayments.Api.LeaveModuleController.Controller.LeaveTypeController.GetLeaveTypebyId (Com.XpressPayments.Api)'
[2023-07-05 10:37:09.822 +01:00  INF]  Route matched with {action = "GetLeaveTypebyId", controller = "LeaveType"}. Executing controller action with signature System.Threading.Tasks.Task`1[Microsoft.AspNetCore.Mvc.IActionResult] GetLeaveTypebyId(Int64) on controller Com.XpressPayments.Api.LeaveModuleController.Controller.LeaveTypeController (Com.XpressPayments.Api).
[2023-07-05 10:37:11.022 +01:00  INF]  Executing OkObjectResult, writing value of type 'Com.XpressPayments.Data.GenericResponse.BaseResponse'.
[2023-07-05 10:37:11.022 +01:00  INF]  Executed action Com.XpressPayments.Api.LeaveModuleController.Controller.LeaveTypeController.GetLeaveTypebyId (Com.XpressPayments.Api) in 1200.0424ms
[2023-07-05 10:37:11.022 +01:00  INF]  Executed endpoint 'Com.XpressPayments.Api.LeaveModuleController.Controller.LeaveTypeController.GetLeaveTypebyId (Com.XpressPayments.Api)'
[2023-07-05 10:37:11.023 +01:00  INF]  Request finished HTTP/2 GET https://localhost:44317/api/LeaveType/GetLeaveTypebyId?LeaveTypeId=1 - - - 200 - application/json;+charset=utf-8 1202.9455ms
