[2023-08-28 10:29:44.237 +01:00  INF]  User profile is available. Using 'C:\Users\noble.nwabuike\AppData\Local\ASP.NET\DataProtection-Keys' as key repository and Windows DPAPI to encrypt keys at rest.
[2023-08-28 10:29:45.747 +01:00  INF]  Now listening on: https://localhost:5001
[2023-08-28 10:29:45.748 +01:00  INF]  Now listening on: http://localhost:5000
[2023-08-28 10:29:45.757 +01:00  INF]  Application started. Press Ctrl+C to shut down.
[2023-08-28 10:29:45.759 +01:00  INF]  Hosting environment: Development
[2023-08-28 10:29:45.760 +01:00  INF]  Content root path: C:\Users\noble.nwabuike\Downloads\hrms-be-backend\Com.XpressPayments.Api\
[2023-08-28 10:29:48.036 +01:00  INF]  Request starting HTTP/2 GET https://localhost:5001/swagger - -
[2023-08-28 10:29:48.558 +01:00  INF]  Request finished HTTP/2 GET https://localhost:5001/swagger - - - 404 0 - 528.2749ms
[2023-08-28 10:29:57.250 +01:00  INF]  Request starting HTTP/2 GET https://localhost:5001/swagger - -
[2023-08-28 10:29:57.253 +01:00  INF]  Request finished HTTP/2 GET https://localhost:5001/swagger - - - 404 0 - 3.5631ms
[2023-08-28 10:29:58.178 +01:00  INF]  Request starting HTTP/2 GET https://localhost:5001/swagger - -
[2023-08-28 10:29:58.185 +01:00  INF]  Request finished HTTP/2 GET https://localhost:5001/swagger - - - 404 0 - 6.2419ms
[2023-08-28 10:29:59.020 +01:00  INF]  Request starting HTTP/2 GET https://localhost:5001/swagger - -
[2023-08-28 10:29:59.021 +01:00  INF]  Request finished HTTP/2 GET https://localhost:5001/swagger - - - 404 0 - 1.5690ms
[2023-08-28 10:30:17.586 +01:00  INF]  Request starting HTTP/2 GET https://localhost:5001/swagger - -
[2023-08-28 10:30:17.590 +01:00  INF]  Request finished HTTP/2 GET https://localhost:5001/swagger - - - 404 0 - 4.0272ms
[2023-08-28 10:30:18.546 +01:00  INF]  Request starting HTTP/2 GET https://localhost:5001/swagger - -
[2023-08-28 10:30:18.549 +01:00  INF]  Request finished HTTP/2 GET https://localhost:5001/swagger - - - 404 0 - 2.1303ms
[2023-08-28 10:30:19.182 +01:00  INF]  Request starting HTTP/2 GET https://localhost:5001/swagger - -
[2023-08-28 10:30:19.184 +01:00  INF]  Request finished HTTP/2 GET https://localhost:5001/swagger - - - 404 0 - 2.0657ms
[2023-08-28 10:30:19.774 +01:00  INF]  Request starting HTTP/2 GET https://localhost:5001/swagger - -
[2023-08-28 10:30:19.776 +01:00  INF]  Request finished HTTP/2 GET https://localhost:5001/swagger - - - 404 0 - 2.2224ms
[2023-08-28 10:30:39.462 +01:00  INF]  Request starting HTTP/2 GET https://localhost:5001/swagger - -
[2023-08-28 10:30:39.466 +01:00  INF]  Request finished HTTP/2 GET https://localhost:5001/swagger - - - 404 0 - 3.2820ms
[2023-08-28 10:30:42.094 +01:00  INF]  Request starting HTTP/2 GET https://localhost:5001/swagger - -
[2023-08-28 10:30:42.098 +01:00  INF]  Request finished HTTP/2 GET https://localhost:5001/swagger - - - 404 0 - 3.4628ms
[2023-08-28 10:30:42.739 +01:00  INF]  Request starting HTTP/2 GET https://localhost:5001/swagger - -
[2023-08-28 10:30:42.742 +01:00  INF]  Request finished HTTP/2 GET https://localhost:5001/swagger - - - 404 0 - 2.7623ms
[2023-08-28 10:30:43.130 +01:00  INF]  Request starting HTTP/2 GET https://localhost:5001/swagger - -
[2023-08-28 10:30:43.132 +01:00  INF]  Request finished HTTP/2 GET https://localhost:5001/swagger - - - 404 0 - 1.8383ms
[2023-08-28 10:30:43.349 +01:00  INF]  Request starting HTTP/2 GET https://localhost:5001/swagger - -
[2023-08-28 10:30:43.351 +01:00  INF]  Request finished HTTP/2 GET https://localhost:5001/swagger - - - 404 0 - 2.4699ms
[2023-08-28 10:30:43.600 +01:00  INF]  Request starting HTTP/2 GET https://localhost:5001/swagger - -
[2023-08-28 10:30:43.602 +01:00  INF]  Request finished HTTP/2 GET https://localhost:5001/swagger - - - 404 0 - 2.3202ms
[2023-08-28 10:30:43.814 +01:00  INF]  Request starting HTTP/2 GET https://localhost:5001/swagger - -
[2023-08-28 10:30:43.817 +01:00  INF]  Request finished HTTP/2 GET https://localhost:5001/swagger - - - 404 0 - 2.9959ms
[2023-08-28 10:32:03.649 +01:00  INF]  Request starting HTTP/2 GET https://localhost:5001/swagger - -
[2023-08-28 10:32:03.657 +01:00  INF]  Request finished HTTP/2 GET https://localhost:5001/swagger - - - 404 0 - 8.0355ms
[2023-08-28 10:32:08.706 +01:00  INF]  Request starting HTTP/2 GET https://localhost:5001/swagger - -
[2023-08-28 10:32:08.710 +01:00  INF]  Request finished HTTP/2 GET https://localhost:5001/swagger - - - 404 0 - 3.5083ms
[2023-08-28 10:32:09.432 +01:00  INF]  Request starting HTTP/2 GET https://localhost:5001/swagger - -
[2023-08-28 10:32:09.434 +01:00  INF]  Request finished HTTP/2 GET https://localhost:5001/swagger - - - 404 0 - 2.4657ms
[2023-08-28 10:32:10.155 +01:00  INF]  Request starting HTTP/2 GET https://localhost:5001/swagger - -
[2023-08-28 10:32:10.160 +01:00  INF]  Request finished HTTP/2 GET https://localhost:5001/swagger - - - 404 0 - 5.3301ms
[2023-08-28 10:32:25.524 +01:00  INF]  User profile is available. Using 'C:\Users\noble.nwabuike\AppData\Local\ASP.NET\DataProtection-Keys' as key repository and Windows DPAPI to encrypt keys at rest.
[2023-08-28 10:32:26.101 +01:00  INF]  Now listening on: https://localhost:5001
[2023-08-28 10:32:26.103 +01:00  INF]  Now listening on: http://localhost:5000
[2023-08-28 10:32:26.109 +01:00  INF]  Application started. Press Ctrl+C to shut down.
[2023-08-28 10:32:26.110 +01:00  INF]  Hosting environment: Development
[2023-08-28 10:32:26.111 +01:00  INF]  Content root path: C:\Users\noble.nwabuike\Downloads\hrms-be-backend\Com.XpressPayments.Api\
[2023-08-28 10:32:27.195 +01:00  INF]  Request starting HTTP/2 GET https://localhost:5001/swagger - -
[2023-08-28 10:32:27.562 +01:00  INF]  Request finished HTTP/2 GET https://localhost:5001/swagger - - - 404 0 - 374.5723ms
[2023-08-28 10:32:47.830 +01:00  INF]  Request starting HTTP/2 GET https://localhost:5001/swagger - -
[2023-08-28 10:32:47.927 +01:00  INF]  Request finished HTTP/2 GET https://localhost:5001/swagger - - - 404 0 - 97.1047ms
[2023-08-28 10:35:00.330 +01:00  INF]  Request starting HTTP/2 GET https://localhost:5001/swagger - -
[2023-08-28 10:35:00.338 +01:00  INF]  Request finished HTTP/2 GET https://localhost:5001/swagger - - - 404 0 - 7.6338ms
[2023-08-28 10:35:02.769 +01:00  INF]  Request starting HTTP/2 GET https://localhost:5001/swagger - -
[2023-08-28 10:35:02.771 +01:00  INF]  Request finished HTTP/2 GET https://localhost:5001/swagger - - - 404 0 - 2.4194ms
[2023-08-28 10:35:03.134 +01:00  INF]  Request starting HTTP/2 GET https://localhost:5001/swagger - -
[2023-08-28 10:35:03.140 +01:00  INF]  Request finished HTTP/2 GET https://localhost:5001/swagger - - - 404 0 - 6.4338ms
[2023-08-28 10:35:03.476 +01:00  INF]  Request starting HTTP/2 GET https://localhost:5001/swagger - -
[2023-08-28 10:35:03.502 +01:00  INF]  Request finished HTTP/2 GET https://localhost:5001/swagger - - - 404 0 - 27.7185ms
[2023-08-28 10:35:03.735 +01:00  INF]  Request starting HTTP/2 GET https://localhost:5001/swagger - -
[2023-08-28 10:35:03.736 +01:00  INF]  Request finished HTTP/2 GET https://localhost:5001/swagger - - - 404 0 - 1.8953ms
[2023-08-28 10:35:03.914 +01:00  INF]  Request starting HTTP/2 GET https://localhost:5001/swagger - -
[2023-08-28 10:35:03.917 +01:00  INF]  Request finished HTTP/2 GET https://localhost:5001/swagger - - - 404 0 - 2.5041ms
[2023-08-28 10:35:04.084 +01:00  INF]  Request starting HTTP/2 GET https://localhost:5001/swagger - -
[2023-08-28 10:35:04.087 +01:00  INF]  Request finished HTTP/2 GET https://localhost:5001/swagger - - - 404 0 - 3.7834ms
[2023-08-28 10:35:04.243 +01:00  INF]  Request starting HTTP/2 GET https://localhost:5001/swagger - -
[2023-08-28 10:35:04.247 +01:00  INF]  Request finished HTTP/2 GET https://localhost:5001/swagger - - - 404 0 - 3.6966ms
[2023-08-28 10:35:04.873 +01:00  INF]  Request starting HTTP/2 GET https://localhost:5001/swagger - -
[2023-08-28 10:35:04.875 +01:00  INF]  Request finished HTTP/2 GET https://localhost:5001/swagger - - - 404 0 - 2.0857ms
[2023-08-28 10:35:05.108 +01:00  INF]  Request starting HTTP/2 GET https://localhost:5001/swagger - -
[2023-08-28 10:35:05.110 +01:00  INF]  Request finished HTTP/2 GET https://localhost:5001/swagger - - - 404 0 - 2.7475ms
[2023-08-28 10:35:05.353 +01:00  INF]  Request starting HTTP/2 GET https://localhost:5001/swagger - -
[2023-08-28 10:35:05.371 +01:00  INF]  Request finished HTTP/2 GET https://localhost:5001/swagger - - - 404 0 - 17.9787ms
[2023-08-28 10:35:05.456 +01:00  INF]  Request starting HTTP/2 GET https://localhost:5001/swagger - -
[2023-08-28 10:35:05.473 +01:00  INF]  Request finished HTTP/2 GET https://localhost:5001/swagger - - - 404 0 - 16.5947ms
[2023-08-28 10:35:06.002 +01:00  INF]  Request starting HTTP/2 GET https://localhost:5001/swagger - -
[2023-08-28 10:35:06.007 +01:00  INF]  Request finished HTTP/2 GET https://localhost:5001/swagger - - - 404 0 - 4.8572ms
[2023-08-28 10:35:06.535 +01:00  INF]  Request starting HTTP/2 GET https://localhost:5001/swagger - -
[2023-08-28 10:35:06.538 +01:00  INF]  Request finished HTTP/2 GET https://localhost:5001/swagger - - - 404 0 - 2.8549ms
[2023-08-28 10:35:06.891 +01:00  INF]  Request starting HTTP/2 GET https://localhost:5001/swagger - -
[2023-08-28 10:35:06.924 +01:00  INF]  Request finished HTTP/2 GET https://localhost:5001/swagger - - - 404 0 - 32.9680ms
[2023-08-28 10:35:07.083 +01:00  INF]  Request starting HTTP/2 GET https://localhost:5001/swagger - -
[2023-08-28 10:35:07.105 +01:00  INF]  Request finished HTTP/2 GET https://localhost:5001/swagger - - - 404 0 - 22.4370ms
[2023-08-28 10:35:07.216 +01:00  INF]  Request starting HTTP/2 GET https://localhost:5001/swagger - -
[2023-08-28 10:35:07.218 +01:00  INF]  Request finished HTTP/2 GET https://localhost:5001/swagger - - - 404 0 - 2.5223ms
[2023-08-28 10:35:07.378 +01:00  INF]  Request starting HTTP/2 GET https://localhost:5001/swagger - -
[2023-08-28 10:35:07.383 +01:00  INF]  Request finished HTTP/2 GET https://localhost:5001/swagger - - - 404 0 - 4.6086ms
[2023-08-28 10:35:07.536 +01:00  INF]  Request starting HTTP/2 GET https://localhost:5001/swagger - -
[2023-08-28 10:35:07.539 +01:00  INF]  Request finished HTTP/2 GET https://localhost:5001/swagger - - - 404 0 - 2.6937ms
[2023-08-28 10:35:07.711 +01:00  INF]  Request starting HTTP/2 GET https://localhost:5001/swagger - -
[2023-08-28 10:35:07.715 +01:00  INF]  Request finished HTTP/2 GET https://localhost:5001/swagger - - - 404 0 - 3.4323ms
[2023-08-28 10:35:07.882 +01:00  INF]  Request starting HTTP/2 GET https://localhost:5001/swagger - -
[2023-08-28 10:35:07.885 +01:00  INF]  Request finished HTTP/2 GET https://localhost:5001/swagger - - - 404 0 - 2.5632ms
[2023-08-28 10:35:08.055 +01:00  INF]  Request starting HTTP/2 GET https://localhost:5001/swagger - -
[2023-08-28 10:35:08.058 +01:00  INF]  Request finished HTTP/2 GET https://localhost:5001/swagger - - - 404 0 - 3.0608ms
[2023-08-28 10:35:08.260 +01:00  INF]  Request starting HTTP/2 GET https://localhost:5001/swagger - -
[2023-08-28 10:35:08.263 +01:00  INF]  Request finished HTTP/2 GET https://localhost:5001/swagger - - - 404 0 - 2.5285ms
[2023-08-28 10:35:08.786 +01:00  INF]  Request starting HTTP/2 GET https://localhost:5001/swagger - -
[2023-08-28 10:35:08.789 +01:00  INF]  Request finished HTTP/2 GET https://localhost:5001/swagger - - - 404 0 - 2.9151ms
[2023-08-28 10:35:12.480 +01:00  INF]  Request starting HTTP/2 GET https://localhost:5001/swagger - -
[2023-08-28 10:35:12.482 +01:00  INF]  Request finished HTTP/2 GET https://localhost:5001/swagger - - - 404 0 - 1.9912ms
[2023-08-28 10:35:55.304 +01:00  INF]  Request starting HTTP/2 GET https://localhost:5001/swagger - -
[2023-08-28 10:35:55.309 +01:00  INF]  Request finished HTTP/2 GET https://localhost:5001/swagger - - - 404 0 - 4.1871ms
[2023-08-28 10:35:56.250 +01:00  INF]  Request starting HTTP/2 GET https://localhost:5001/swagger - -
[2023-08-28 10:35:56.277 +01:00  INF]  Request finished HTTP/2 GET https://localhost:5001/swagger - - - 404 0 - 27.2163ms
[2023-08-28 10:37:05.056 +01:00  INF]  Request starting HTTP/2 GET https://localhost:5001/swagger - -
[2023-08-28 10:37:05.075 +01:00  INF]  Request finished HTTP/2 GET https://localhost:5001/swagger - - - 404 0 - 19.1198ms
[2023-08-28 10:40:22.150 +01:00  INF]  User profile is available. Using 'C:\Users\noble.nwabuike\AppData\Local\ASP.NET\DataProtection-Keys' as key repository and Windows DPAPI to encrypt keys at rest.
[2023-08-28 10:40:23.338 +01:00  INF]  Now listening on: https://localhost:5001
[2023-08-28 10:40:23.347 +01:00  INF]  Now listening on: http://localhost:5000
[2023-08-28 10:40:23.376 +01:00  INF]  Application started. Press Ctrl+C to shut down.
[2023-08-28 10:40:23.379 +01:00  INF]  Hosting environment: Development
[2023-08-28 10:40:23.389 +01:00  INF]  Content root path: C:\Users\noble.nwabuike\Downloads\hrms-be-backend\Com.XpressPayments.Api\
[2023-08-28 10:40:25.565 +01:00  INF]  Request starting HTTP/2 GET https://localhost:5001/index.html - -
[2023-08-28 10:40:26.988 +01:00  INF]  Request finished HTTP/2 GET https://localhost:5001/index.html - - - 200 - text/html;charset=utf-8 1430.8758ms
[2023-08-28 10:40:27.142 +01:00  INF]  Request starting HTTP/2 GET https://localhost:5001/swagger-ui-bundle.js - -
[2023-08-28 10:40:27.156 +01:00  INF]  Request starting HTTP/2 GET https://localhost:5001/swagger-ui-standalone-preset.js - -
[2023-08-28 10:40:27.144 +01:00  INF]  Request starting HTTP/2 GET https://localhost:5001/swagger-ui.css - -
[2023-08-28 10:40:27.150 +01:00  INF]  Request starting HTTP/2 GET https://localhost:5001/_framework/aspnetcore-browser-refresh.js - -
[2023-08-28 10:40:27.218 +01:00  INF]  Request starting HTTP/2 GET https://localhost:5001/_vs/browserLink - -
[2023-08-28 10:40:27.236 +01:00  INF]  Request finished HTTP/2 GET https://localhost:5001/_framework/aspnetcore-browser-refresh.js - - - 200 12014 application/javascript;+charset=utf-8 86.3582ms
[2023-08-28 10:40:27.406 +01:00  INF]  Sending file. Request path: '/swagger-ui.css'. Physical path: 'N/A'
[2023-08-28 10:40:27.406 +01:00  INF]  Sending file. Request path: '/swagger-ui-standalone-preset.js'. Physical path: 'N/A'
[2023-08-28 10:40:27.486 +01:00  INF]  Request finished HTTP/2 GET https://localhost:5001/_vs/browserLink - - - 200 - text/javascript;+charset=UTF-8 268.8728ms
[2023-08-28 10:40:27.474 +01:00  INF]  Sending file. Request path: '/swagger-ui-bundle.js'. Physical path: 'N/A'
[2023-08-28 10:40:27.464 +01:00  INF]  Request finished HTTP/2 GET https://localhost:5001/swagger-ui.css - - - 200 143632 text/css 320.6056ms
[2023-08-28 10:40:27.487 +01:00  INF]  Request finished HTTP/2 GET https://localhost:5001/swagger-ui-standalone-preset.js - - - 200 337162 application/javascript 330.7717ms
[2023-08-28 10:40:27.498 +01:00  INF]  Request finished HTTP/2 GET https://localhost:5001/swagger-ui-bundle.js - - - 200 1092889 application/javascript 355.9103ms
[2023-08-28 10:40:27.816 +01:00  INF]  Request starting HTTP/2 GET https://localhost:5001/swagger/v1/swagger.json - -
[2023-08-28 10:40:27.857 +01:00  INF]  Request starting HTTP/2 GET https://localhost:5001/favicon-32x32.png - -
[2023-08-28 10:40:27.871 +01:00  INF]  Sending file. Request path: '/favicon-32x32.png'. Physical path: 'N/A'
[2023-08-28 10:40:27.883 +01:00  INF]  Request finished HTTP/2 GET https://localhost:5001/favicon-32x32.png - - - 200 628 image/png 26.0563ms
[2023-08-28 10:40:28.281 +01:00  INF]  Request finished HTTP/2 GET https://localhost:5001/swagger/v1/swagger.json - - - 200 - application/json;charset=utf-8 464.6735ms
[2023-08-28 10:43:48.281 +01:00  INF]  User profile is available. Using 'C:\Users\noble.nwabuike\AppData\Local\ASP.NET\DataProtection-Keys' as key repository and Windows DPAPI to encrypt keys at rest.
[2023-08-28 10:43:48.907 +01:00  INF]  Now listening on: https://localhost:5001
[2023-08-28 10:43:48.909 +01:00  INF]  Now listening on: http://localhost:5000
[2023-08-28 10:43:48.915 +01:00  INF]  Application started. Press Ctrl+C to shut down.
[2023-08-28 10:43:48.916 +01:00  INF]  Hosting environment: Development
[2023-08-28 10:43:48.917 +01:00  INF]  Content root path: C:\Users\noble.nwabuike\Downloads\hrms-be-backend\Com.XpressPayments.Api\
[2023-08-28 10:43:50.492 +01:00  INF]  Request starting HTTP/2 GET https://localhost:5001/index.html - -
[2023-08-28 10:43:51.190 +01:00  INF]  Request finished HTTP/2 GET https://localhost:5001/index.html - - - 200 - text/html;charset=utf-8 706.1601ms
[2023-08-28 10:43:51.224 +01:00  INF]  Request starting HTTP/2 GET https://localhost:5001/_framework/aspnetcore-browser-refresh.js - -
[2023-08-28 10:43:51.270 +01:00  INF]  Request starting HTTP/2 GET https://localhost:5001/_vs/browserLink - -
[2023-08-28 10:43:51.277 +01:00  INF]  Request finished HTTP/2 GET https://localhost:5001/_framework/aspnetcore-browser-refresh.js - - - 200 12014 application/javascript;+charset=utf-8 52.8129ms
[2023-08-28 10:43:51.377 +01:00  INF]  Request finished HTTP/2 GET https://localhost:5001/_vs/browserLink - - - 200 - text/javascript;+charset=UTF-8 106.6118ms
[2023-08-28 10:43:51.659 +01:00  INF]  Request starting HTTP/2 GET https://localhost:5001/swagger/v1/swagger.json - -
[2023-08-28 10:43:51.964 +01:00  INF]  Request finished HTTP/2 GET https://localhost:5001/swagger/v1/swagger.json - - - 200 - application/json;charset=utf-8 304.2641ms
[2023-08-28 10:48:44.111 +01:00  INF]  User profile is available. Using 'C:\Users\noble.nwabuike\AppData\Local\ASP.NET\DataProtection-Keys' as key repository and Windows DPAPI to encrypt keys at rest.
[2023-08-28 10:48:44.609 +01:00  INF]  Now listening on: https://localhost:5001
[2023-08-28 10:48:44.610 +01:00  INF]  Now listening on: http://localhost:5000
[2023-08-28 10:48:44.615 +01:00  INF]  Application started. Press Ctrl+C to shut down.
[2023-08-28 10:48:44.616 +01:00  INF]  Hosting environment: Development
[2023-08-28 10:48:44.617 +01:00  INF]  Content root path: C:\Users\noble.nwabuike\Downloads\hrms-be-backend\Com.XpressPayments.Api\
[2023-08-28 10:48:45.768 +01:00  INF]  Request starting HTTP/2 GET https://localhost:5001/index.html - -
[2023-08-28 10:48:46.354 +01:00  INF]  Request finished HTTP/2 GET https://localhost:5001/index.html - - - 200 - text/html;charset=utf-8 593.0744ms
[2023-08-28 10:48:46.408 +01:00  INF]  Request starting HTTP/2 GET https://localhost:5001/_vs/browserLink - -
[2023-08-28 10:48:46.408 +01:00  INF]  Request starting HTTP/2 GET https://localhost:5001/_framework/aspnetcore-browser-refresh.js - -
[2023-08-28 10:48:46.430 +01:00  INF]  Request finished HTTP/2 GET https://localhost:5001/_framework/aspnetcore-browser-refresh.js - - - 200 12014 application/javascript;+charset=utf-8 22.1574ms
[2023-08-28 10:48:46.499 +01:00  INF]  Request finished HTTP/2 GET https://localhost:5001/_vs/browserLink - - - 200 - text/javascript;+charset=UTF-8 90.6628ms
[2023-08-28 10:48:46.587 +01:00  INF]  Request starting HTTP/2 GET https://localhost:5001/swagger/v1/swagger.json - -
[2023-08-28 10:48:46.965 +01:00  INF]  Request finished HTTP/2 GET https://localhost:5001/swagger/v1/swagger.json - - - 200 - application/json;charset=utf-8 378.5069ms
[2023-08-28 10:50:36.992 +01:00  INF]  Request starting HTTP/2 POST https://localhost:5001/api/Auth/Logout application/json 48
[2023-08-28 10:50:37.003 +01:00  INF]  CORS policy execution successful.
[2023-08-28 10:50:37.132 +01:00  INF]  Executing endpoint 'Com.XpressPayments.Api.Controllers.AuthController.Logout (Com.XpressPayments.Api)'
[2023-08-28 10:50:37.170 +01:00  INF]  Route matched with {action = "Logout", controller = "Auth"}. Executing controller action with signature System.Threading.Tasks.Task`1[Microsoft.AspNetCore.Mvc.IActionResult] Logout(Com.XpressPayments.Data.DTOs.Account.LogoutDto) on controller Com.XpressPayments.Api.Controllers.AuthController (Com.XpressPayments.Api).
[2023-08-28 10:50:38.970 +01:00  INF]  Executing OkObjectResult, writing value of type 'Com.XpressPayments.Data.GenericResponse.BaseResponse'.
[2023-08-28 10:50:38.985 +01:00  INF]  Executed action Com.XpressPayments.Api.Controllers.AuthController.Logout (Com.XpressPayments.Api) in 1806.1177ms
[2023-08-28 10:50:38.994 +01:00  INF]  Executed endpoint 'Com.XpressPayments.Api.Controllers.AuthController.Logout (Com.XpressPayments.Api)'
[2023-08-28 10:50:38.998 +01:00  INF]  Request finished HTTP/2 POST https://localhost:5001/api/Auth/Logout application/json 48 - 200 - application/json;+charset=utf-8 2008.3291ms
[2023-08-28 10:51:05.725 +01:00  INF]  Request starting HTTP/2 POST https://localhost:5001/api/Auth/Login application/json 82
[2023-08-28 10:51:05.741 +01:00  INF]  CORS policy execution successful.
[2023-08-28 10:51:05.744 +01:00  INF]  Executing endpoint 'Com.XpressPayments.Api.Controllers.AuthController.Login (Com.XpressPayments.Api)'
[2023-08-28 10:51:05.755 +01:00  INF]  Route matched with {action = "Login", controller = "Auth"}. Executing controller action with signature System.Threading.Tasks.Task`1[Microsoft.AspNetCore.Mvc.IActionResult] Login(Com.XpressPayments.Bussiness.ViewModels.LoginModel) on controller Com.XpressPayments.Api.Controllers.AuthController (Com.XpressPayments.Api).
[2023-08-28 10:51:30.162 +01:00  INF]  Executing OkObjectResult, writing value of type 'Com.XpressPayments.Data.GenericResponse.LoginResponse'.
[2023-08-28 10:51:30.183 +01:00  INF]  Executed action Com.XpressPayments.Api.Controllers.AuthController.Login (Com.XpressPayments.Api) in 24457.7722ms
[2023-08-28 10:51:30.204 +01:00  INF]  Executed endpoint 'Com.XpressPayments.Api.Controllers.AuthController.Login (Com.XpressPayments.Api)'
[2023-08-28 10:51:30.210 +01:00  INF]  Request finished HTTP/2 POST https://localhost:5001/api/Auth/Login application/json 82 - 200 - application/json;+charset=utf-8 24517.2670ms
[2023-08-28 11:36:08.710 +01:00  INF]  User profile is available. Using 'C:\Users\noble.nwabuike\AppData\Local\ASP.NET\DataProtection-Keys' as key repository and Windows DPAPI to encrypt keys at rest.
[2023-08-28 11:36:09.670 +01:00  INF]  Now listening on: https://localhost:5001
[2023-08-28 11:36:09.676 +01:00  INF]  Now listening on: http://localhost:5000
[2023-08-28 11:36:09.687 +01:00  INF]  Application started. Press Ctrl+C to shut down.
[2023-08-28 11:36:09.688 +01:00  INF]  Hosting environment: Development
[2023-08-28 11:36:09.690 +01:00  INF]  Content root path: C:\Users\noble.nwabuike\Downloads\hrms-be-backend\Com.XpressPayments.Api\
[2023-08-28 11:36:16.120 +01:00  INF]  Request starting HTTP/2 GET https://localhost:5001/index.html - -
[2023-08-28 11:36:16.945 +01:00  INF]  Request finished HTTP/2 GET https://localhost:5001/index.html - - - 200 - text/html;charset=utf-8 829.8659ms
[2023-08-28 11:36:16.966 +01:00  INF]  Request starting HTTP/2 GET https://localhost:5001/_framework/aspnetcore-browser-refresh.js - -
[2023-08-28 11:36:16.978 +01:00  INF]  Request finished HTTP/2 GET https://localhost:5001/_framework/aspnetcore-browser-refresh.js - - - 200 12014 application/javascript;+charset=utf-8 11.7651ms
[2023-08-28 11:36:16.993 +01:00  INF]  Request starting HTTP/2 GET https://localhost:5001/_vs/browserLink - -
[2023-08-28 11:36:17.128 +01:00  INF]  Request finished HTTP/2 GET https://localhost:5001/_vs/browserLink - - - 200 - text/javascript;+charset=UTF-8 135.7914ms
[2023-08-28 11:36:17.353 +01:00  INF]  Request starting HTTP/2 GET https://localhost:5001/swagger/v1/swagger.json - -
[2023-08-28 11:36:17.674 +01:00  INF]  Request finished HTTP/2 GET https://localhost:5001/swagger/v1/swagger.json - - - 200 - application/json;charset=utf-8 320.5312ms
[2023-08-28 11:42:35.895 +01:00  INF]  User profile is available. Using 'C:\Users\noble.nwabuike\AppData\Local\ASP.NET\DataProtection-Keys' as key repository and Windows DPAPI to encrypt keys at rest.
[2023-08-28 11:42:36.502 +01:00  INF]  Now listening on: https://localhost:5001
[2023-08-28 11:42:36.503 +01:00  INF]  Now listening on: http://localhost:5000
[2023-08-28 11:42:36.508 +01:00  INF]  Application started. Press Ctrl+C to shut down.
[2023-08-28 11:42:36.510 +01:00  INF]  Hosting environment: Development
[2023-08-28 11:42:36.511 +01:00  INF]  Content root path: C:\Users\noble.nwabuike\Downloads\hrms-be-backend\Com.XpressPayments.Api\
[2023-08-28 11:42:40.927 +01:00  INF]  Request starting HTTP/2 GET https://localhost:5001/index.html - -
[2023-08-28 11:42:41.725 +01:00  INF]  Request starting HTTP/2 GET https://localhost:5001/_framework/aspnetcore-browser-refresh.js - -
[2023-08-28 11:42:41.750 +01:00  INF]  Request starting HTTP/2 GET https://localhost:5001/_vs/browserLink - -
[2023-08-28 11:42:41.752 +01:00  INF]  Request finished HTTP/2 GET https://localhost:5001/index.html - - - 200 - text/html;charset=utf-8 829.8691ms
[2023-08-28 11:42:41.757 +01:00  INF]  Request finished HTTP/2 GET https://localhost:5001/_framework/aspnetcore-browser-refresh.js - - - 200 12014 application/javascript;+charset=utf-8 32.3560ms
[2023-08-28 11:42:41.805 +01:00  INF]  Request finished HTTP/2 GET https://localhost:5001/_vs/browserLink - - - 200 - text/javascript;+charset=UTF-8 55.4679ms
[2023-08-28 11:42:41.978 +01:00  INF]  Request starting HTTP/2 GET https://localhost:5001/swagger/v1/swagger.json - -
[2023-08-28 11:42:42.310 +01:00  INF]  Request finished HTTP/2 GET https://localhost:5001/swagger/v1/swagger.json - - - 200 - application/json;charset=utf-8 331.9928ms
[2023-08-28 11:57:03.918 +01:00  INF]  User profile is available. Using 'C:\Users\noble.nwabuike\AppData\Local\ASP.NET\DataProtection-Keys' as key repository and Windows DPAPI to encrypt keys at rest.
[2023-08-28 11:57:04.609 +01:00  INF]  Now listening on: https://localhost:5001
[2023-08-28 11:57:04.611 +01:00  INF]  Now listening on: http://localhost:5000
[2023-08-28 11:57:04.616 +01:00  INF]  Application started. Press Ctrl+C to shut down.
[2023-08-28 11:57:04.618 +01:00  INF]  Hosting environment: Development
[2023-08-28 11:57:04.619 +01:00  INF]  Content root path: C:\Users\noble.nwabuike\Downloads\hrms-be-backend\Com.XpressPayments.Api\
[2023-08-28 11:57:09.118 +01:00  INF]  Request starting HTTP/2 GET https://localhost:5001/index.html - -
[2023-08-28 11:57:09.806 +01:00  INF]  Request starting HTTP/2 GET https://localhost:5001/_framework/aspnetcore-browser-refresh.js - -
[2023-08-28 11:57:09.809 +01:00  INF]  Request finished HTTP/2 GET https://localhost:5001/index.html - - - 200 - text/html;charset=utf-8 696.3754ms
[2023-08-28 11:57:09.819 +01:00  INF]  Request finished HTTP/2 GET https://localhost:5001/_framework/aspnetcore-browser-refresh.js - - - 200 12014 application/javascript;+charset=utf-8 13.0292ms
[2023-08-28 11:57:09.859 +01:00  INF]  Request starting HTTP/2 GET https://localhost:5001/_vs/browserLink - -
[2023-08-28 11:57:09.889 +01:00  INF]  Request finished HTTP/2 GET https://localhost:5001/_vs/browserLink - - - 200 - text/javascript;+charset=UTF-8 30.0846ms
[2023-08-28 11:57:10.006 +01:00  INF]  Request starting HTTP/2 GET https://localhost:5001/swagger/v1/swagger.json - -
[2023-08-28 11:57:10.360 +01:00  INF]  Request finished HTTP/2 GET https://localhost:5001/swagger/v1/swagger.json - - - 200 - application/json;charset=utf-8 354.2766ms
[2023-08-28 13:01:10.966 +01:00  INF]  User profile is available. Using 'C:\Users\noble.nwabuike\AppData\Local\ASP.NET\DataProtection-Keys' as key repository and Windows DPAPI to encrypt keys at rest.
[2023-08-28 13:01:12.693 +01:00  INF]  Now listening on: https://localhost:5001
[2023-08-28 13:01:12.701 +01:00  INF]  Now listening on: http://localhost:5000
[2023-08-28 13:01:12.706 +01:00  INF]  Application started. Press Ctrl+C to shut down.
[2023-08-28 13:01:12.707 +01:00  INF]  Hosting environment: Development
[2023-08-28 13:01:12.708 +01:00  INF]  Content root path: C:\Users\noble.nwabuike\Downloads\hrms-be-backend\Com.XpressPayments.Api\
[2023-08-28 13:01:20.012 +01:00  INF]  Request starting HTTP/2 GET https://localhost:5001/index.html - -
[2023-08-28 13:01:21.171 +01:00  INF]  Request starting HTTP/2 GET https://localhost:5001/_framework/aspnetcore-browser-refresh.js - -
[2023-08-28 13:01:21.174 +01:00  INF]  Request finished HTTP/2 GET https://localhost:5001/index.html - - - 200 - text/html;charset=utf-8 1167.9983ms
[2023-08-28 13:01:21.183 +01:00  INF]  Request starting HTTP/2 GET https://localhost:5001/_vs/browserLink - -
[2023-08-28 13:01:21.188 +01:00  INF]  Request finished HTTP/2 GET https://localhost:5001/_framework/aspnetcore-browser-refresh.js - - - 200 12014 application/javascript;+charset=utf-8 16.6791ms
[2023-08-28 13:01:21.247 +01:00  INF]  Request finished HTTP/2 GET https://localhost:5001/_vs/browserLink - - - 200 - text/javascript;+charset=UTF-8 64.0924ms
[2023-08-28 13:01:21.532 +01:00  INF]  Request starting HTTP/2 GET https://localhost:5001/swagger/v1/swagger.json - -
[2023-08-28 13:01:22.448 +01:00  INF]  Request finished HTTP/2 GET https://localhost:5001/swagger/v1/swagger.json - - - 200 - application/json;charset=utf-8 915.3807ms
[2023-08-28 13:02:52.125 +01:00  INF]  Request starting HTTP/2 POST https://localhost:5001/api/TrainingPlan/CreateTrainingPlan application/json 261
[2023-08-28 13:02:52.147 +01:00  INF]  CORS policy execution successful.
[2023-08-28 13:02:53.141 +01:00  INF]  Failed to validate the token.
Microsoft.IdentityModel.Tokens.SecurityTokenExpiredException: IDX10223: Lifetime validation failed. The token is expired. ValidTo: '28/08/2023 10:51:28', Current time: '28/08/2023 12:02:53'.
   at Microsoft.IdentityModel.Tokens.Validators.ValidateLifetime(Nullable`1 notBefore, Nullable`1 expires, SecurityToken securityToken, TokenValidationParameters validationParameters)
   at System.IdentityModel.Tokens.Jwt.JwtSecurityTokenHandler.ValidateTokenPayload(JwtSecurityToken jwtToken, TokenValidationParameters validationParameters, BaseConfiguration configuration)
   at System.IdentityModel.Tokens.Jwt.JwtSecurityTokenHandler.ValidateJWS(String token, TokenValidationParameters validationParameters, BaseConfiguration currentConfiguration, SecurityToken& signatureValidatedToken, ExceptionDispatchInfo& exceptionThrown)
--- End of stack trace from previous location ---
   at System.IdentityModel.Tokens.Jwt.JwtSecurityTokenHandler.ValidateToken(String token, JwtSecurityToken outerToken, TokenValidationParameters validationParameters, SecurityToken& signatureValidatedToken)
   at System.IdentityModel.Tokens.Jwt.JwtSecurityTokenHandler.ValidateToken(String token, TokenValidationParameters validationParameters, SecurityToken& validatedToken)
   at Microsoft.AspNetCore.Authentication.JwtBearer.JwtBearerHandler.HandleAuthenticateAsync()
[2023-08-28 13:02:53.600 +01:00  INF]  Bearer was not authenticated. Failure message: IDX10223: Lifetime validation failed. The token is expired. ValidTo: '28/08/2023 10:51:28', Current time: '28/08/2023 12:02:53'.
[2023-08-28 13:02:53.633 +01:00  INF]  Authorization failed. These requirements were not met:
DenyAnonymousAuthorizationRequirement: Requires an authenticated user.
[2023-08-28 13:02:53.666 +01:00  INF]  AuthenticationScheme: Bearer was challenged.
[2023-08-28 13:02:53.674 +01:00  INF]  Request finished HTTP/2 POST https://localhost:5001/api/TrainingPlan/CreateTrainingPlan application/json 261 - 401 0 - 1548.7484ms
[2023-08-28 13:03:50.999 +01:00  INF]  Request starting HTTP/2 POST https://localhost:5001/api/Auth/Logout application/json 48
[2023-08-28 13:03:51.016 +01:00  INF]  CORS policy execution successful.
[2023-08-28 13:03:51.029 +01:00  INF]  Executing endpoint 'Com.XpressPayments.Api.Controllers.AuthController.Logout (Com.XpressPayments.Api)'
[2023-08-28 13:03:51.114 +01:00  INF]  Route matched with {action = "Logout", controller = "Auth"}. Executing controller action with signature System.Threading.Tasks.Task`1[Microsoft.AspNetCore.Mvc.IActionResult] Logout(Com.XpressPayments.Data.DTOs.Account.LogoutDto) on controller Com.XpressPayments.Api.Controllers.AuthController (Com.XpressPayments.Api).
[2023-08-28 13:04:00.184 +01:00  INF]  Executing OkObjectResult, writing value of type 'Com.XpressPayments.Data.GenericResponse.BaseResponse'.
[2023-08-28 13:04:00.226 +01:00  INF]  Executed action Com.XpressPayments.Api.Controllers.AuthController.Logout (Com.XpressPayments.Api) in 9082.1198ms
[2023-08-28 13:04:00.243 +01:00  INF]  Executed endpoint 'Com.XpressPayments.Api.Controllers.AuthController.Logout (Com.XpressPayments.Api)'
[2023-08-28 13:04:00.252 +01:00  INF]  Request finished HTTP/2 POST https://localhost:5001/api/Auth/Logout application/json 48 - 200 - application/json;+charset=utf-8 9253.2587ms
[2023-08-28 13:04:55.631 +01:00  INF]  Request starting HTTP/2 POST https://localhost:5001/api/Auth/Login application/json 82
[2023-08-28 13:04:55.651 +01:00  INF]  CORS policy execution successful.
[2023-08-28 13:04:55.654 +01:00  INF]  Executing endpoint 'Com.XpressPayments.Api.Controllers.AuthController.Login (Com.XpressPayments.Api)'
[2023-08-28 13:04:55.660 +01:00  INF]  Route matched with {action = "Login", controller = "Auth"}. Executing controller action with signature System.Threading.Tasks.Task`1[Microsoft.AspNetCore.Mvc.IActionResult] Login(Com.XpressPayments.Bussiness.ViewModels.LoginModel) on controller Com.XpressPayments.Api.Controllers.AuthController (Com.XpressPayments.Api).
[2023-08-28 13:05:03.418 +01:00  INF]  Executing OkObjectResult, writing value of type 'Com.XpressPayments.Data.GenericResponse.LoginResponse'.
[2023-08-28 13:05:03.437 +01:00  INF]  Executed action Com.XpressPayments.Api.Controllers.AuthController.Login (Com.XpressPayments.Api) in 7773.5933ms
[2023-08-28 13:05:03.447 +01:00  INF]  Executed endpoint 'Com.XpressPayments.Api.Controllers.AuthController.Login (Com.XpressPayments.Api)'
[2023-08-28 13:05:03.450 +01:00  INF]  Request finished HTTP/2 POST https://localhost:5001/api/Auth/Login application/json 82 - 200 - application/json;+charset=utf-8 7818.9156ms
[2023-08-28 13:05:52.921 +01:00  INF]  Request starting HTTP/2 POST https://localhost:5001/api/TrainingPlan/CreateTrainingPlan application/json 261
[2023-08-28 13:05:52.936 +01:00  INF]  CORS policy execution successful.
[2023-08-28 13:05:52.963 +01:00  INF]  Successfully validated the token.
[2023-08-28 13:05:52.969 +01:00  INF]  Executing endpoint 'Com.XpressPayments.Api.LearningAndDevelopmentModuleController.Controller.TrainingPlanController.CreateTrainingPlan (Com.XpressPayments.Api)'
[2023-08-28 13:05:52.974 +01:00  INF]  Route matched with {action = "CreateTrainingPlan", controller = "TrainingPlan"}. Executing controller action with signature System.Threading.Tasks.Task`1[Microsoft.AspNetCore.Mvc.IActionResult] CreateTrainingPlan(Com.XpressPayments.Data.LearningAndDevelopmentDTO.DTOs.TrainingPlanCreate) on controller Com.XpressPayments.Api.LearningAndDevelopmentModuleController.Controller.TrainingPlanController (Com.XpressPayments.Api).
[2023-08-28 13:06:19.939 +01:00  ERR]  MethodName: CreateTrainingPlan ===>System.Data.SqlClient.SqlException (0x80131904): Invalid column name 'Name'.
Invalid column name 'DeptId'.
Invalid column name 'Name'.
Invalid column name 'DeptId'.
   at Com.XpressPayments.Data.DapperGeneric.DapperGenericRepository.Get[T](String sp, DynamicParameters parms, CommandType commandType) in C:\Users\noble.nwabuike\Downloads\hrms-be-backend\Com.XpressPayments.Data\DapperGeneric\DapperGenericRepository.cs:line 83
   at Com.XpressPayments.Data.LearningAndDevelopmentRepository.TrainingPlanRepo.TrainingPlanRepository.CreateTrainingPlan(TrainingPlanCreate TrainingPlan) in C:\Users\noble.nwabuike\Downloads\hrms-be-backend\Com.XpressPayments.Data\LearningAndDevelopmentRepository\TrainingPlanRepo\TrainingPlanRepository.cs:line 50
ClientConnectionId:67457634-d3fd-4224-8f5f-ba6491dc61bc
Error Number:207,State:1,Class:16
[2023-08-28 13:07:03.463 +01:00  ERR]  Exception Occured ==> Invalid column name 'Name'.
Invalid column name 'DeptId'.
Invalid column name 'Name'.
Invalid column name 'DeptId'.
[2023-08-28 13:07:03.538 +01:00  INF]  Executing OkObjectResult, writing value of type 'Com.XpressPayments.Data.GenericResponse.BaseResponse'.
[2023-08-28 13:07:03.559 +01:00  INF]  Executed action Com.XpressPayments.Api.LearningAndDevelopmentModuleController.Controller.TrainingPlanController.CreateTrainingPlan (Com.XpressPayments.Api) in 70579.4102ms
[2023-08-28 13:07:03.567 +01:00  INF]  Executed endpoint 'Com.XpressPayments.Api.LearningAndDevelopmentModuleController.Controller.TrainingPlanController.CreateTrainingPlan (Com.XpressPayments.Api)'
[2023-08-28 13:07:03.575 +01:00  INF]  Request finished HTTP/2 POST https://localhost:5001/api/TrainingPlan/CreateTrainingPlan application/json 261 - 200 - application/json;+charset=utf-8 70654.4065ms
[2023-08-28 13:29:44.338 +01:00  INF]  Request starting HTTP/2 POST https://localhost:5001/api/TrainingPlan/CreateTrainingPlan application/json 261
[2023-08-28 13:29:44.339 +01:00  INF]  CORS policy execution successful.
[2023-08-28 13:29:44.342 +01:00  INF]  Successfully validated the token.
[2023-08-28 13:29:44.344 +01:00  INF]  Executing endpoint 'Com.XpressPayments.Api.LearningAndDevelopmentModuleController.Controller.TrainingPlanController.CreateTrainingPlan (Com.XpressPayments.Api)'
[2023-08-28 13:29:44.346 +01:00  INF]  Route matched with {action = "CreateTrainingPlan", controller = "TrainingPlan"}. Executing controller action with signature System.Threading.Tasks.Task`1[Microsoft.AspNetCore.Mvc.IActionResult] CreateTrainingPlan(Com.XpressPayments.Data.LearningAndDevelopmentDTO.DTOs.TrainingPlanCreate) on controller Com.XpressPayments.Api.LearningAndDevelopmentModuleController.Controller.TrainingPlanController (Com.XpressPayments.Api).
[2023-08-28 13:30:04.196 +01:00  ERR]  MethodName: CreateTrainingPlan ===>System.Data.SqlClient.SqlException (0x80131904): Invalid column name 'Name'.
Invalid column name 'DeptId'.
Invalid column name 'Name'.
Invalid column name 'DeptId'.
   at Com.XpressPayments.Data.DapperGeneric.DapperGenericRepository.Get[T](String sp, DynamicParameters parms, CommandType commandType) in C:\Users\noble.nwabuike\Downloads\hrms-be-backend\Com.XpressPayments.Data\DapperGeneric\DapperGenericRepository.cs:line 83
   at Com.XpressPayments.Data.LearningAndDevelopmentRepository.TrainingPlanRepo.TrainingPlanRepository.CreateTrainingPlan(TrainingPlanCreate TrainingPlan) in C:\Users\noble.nwabuike\Downloads\hrms-be-backend\Com.XpressPayments.Data\LearningAndDevelopmentRepository\TrainingPlanRepo\TrainingPlanRepository.cs:line 50
ClientConnectionId:6c54e3e1-605e-43f8-a12f-cd0c41f4558e
Error Number:207,State:1,Class:16
[2023-08-28 13:43:07.357 +01:00  INF]  User profile is available. Using 'C:\Users\noble.nwabuike\AppData\Local\ASP.NET\DataProtection-Keys' as key repository and Windows DPAPI to encrypt keys at rest.
[2023-08-28 13:43:08.214 +01:00  INF]  Now listening on: https://localhost:5001
[2023-08-28 13:43:08.239 +01:00  INF]  Now listening on: http://localhost:5000
[2023-08-28 13:43:08.256 +01:00  INF]  Application started. Press Ctrl+C to shut down.
[2023-08-28 13:43:08.273 +01:00  INF]  Hosting environment: Development
[2023-08-28 13:43:08.282 +01:00  INF]  Content root path: C:\Users\noble.nwabuike\Downloads\hrms-be-backend\Com.XpressPayments.Api\
[2023-08-28 13:43:13.961 +01:00  INF]  Request starting HTTP/2 GET https://localhost:5001/index.html - -
[2023-08-28 13:43:14.936 +01:00  INF]  Request finished HTTP/2 GET https://localhost:5001/index.html - - - 200 - text/html;charset=utf-8 980.3305ms
[2023-08-28 13:43:14.973 +01:00  INF]  Request starting HTTP/2 GET https://localhost:5001/_framework/aspnetcore-browser-refresh.js - -
[2023-08-28 13:43:14.995 +01:00  INF]  Request finished HTTP/2 GET https://localhost:5001/_framework/aspnetcore-browser-refresh.js - - - 200 12014 application/javascript;+charset=utf-8 22.1848ms
[2023-08-28 13:43:15.022 +01:00  INF]  Request starting HTTP/2 GET https://localhost:5001/_vs/browserLink - -
[2023-08-28 13:43:15.108 +01:00  INF]  Request finished HTTP/2 GET https://localhost:5001/_vs/browserLink - - - 200 - text/javascript;+charset=UTF-8 85.1799ms
[2023-08-28 13:43:15.290 +01:00  INF]  Request starting HTTP/2 GET https://localhost:5001/swagger/v1/swagger.json - -
[2023-08-28 13:43:15.701 +01:00  INF]  Request finished HTTP/2 GET https://localhost:5001/swagger/v1/swagger.json - - - 200 - application/json;charset=utf-8 411.1880ms
[2023-08-28 13:43:30.651 +01:00  INF]  Request starting HTTP/2 POST https://localhost:5001/api/Auth/Logout application/json 48
[2023-08-28 13:43:30.664 +01:00  INF]  CORS policy execution successful.
[2023-08-28 13:43:30.827 +01:00  INF]  Executing endpoint 'Com.XpressPayments.Api.Controllers.AuthController.Logout (Com.XpressPayments.Api)'
[2023-08-28 13:43:30.888 +01:00  INF]  Route matched with {action = "Logout", controller = "Auth"}. Executing controller action with signature System.Threading.Tasks.Task`1[Microsoft.AspNetCore.Mvc.IActionResult] Logout(Com.XpressPayments.Data.DTOs.Account.LogoutDto) on controller Com.XpressPayments.Api.Controllers.AuthController (Com.XpressPayments.Api).
[2023-08-28 13:43:32.651 +01:00  INF]  Executing OkObjectResult, writing value of type 'Com.XpressPayments.Data.GenericResponse.BaseResponse'.
[2023-08-28 13:43:32.674 +01:00  INF]  Executed action Com.XpressPayments.Api.Controllers.AuthController.Logout (Com.XpressPayments.Api) in 1770.7711ms
[2023-08-28 13:43:32.691 +01:00  INF]  Executed endpoint 'Com.XpressPayments.Api.Controllers.AuthController.Logout (Com.XpressPayments.Api)'
[2023-08-28 13:43:32.700 +01:00  INF]  Request finished HTTP/2 POST https://localhost:5001/api/Auth/Logout application/json 48 - 200 - application/json;+charset=utf-8 2048.4162ms
[2023-08-28 13:44:10.278 +01:00  INF]  Request starting HTTP/2 POST https://localhost:5001/api/Auth/Login application/json 82
[2023-08-28 13:44:10.303 +01:00  INF]  CORS policy execution successful.
[2023-08-28 13:44:10.305 +01:00  INF]  Executing endpoint 'Com.XpressPayments.Api.Controllers.AuthController.Login (Com.XpressPayments.Api)'
[2023-08-28 13:44:10.321 +01:00  INF]  Route matched with {action = "Login", controller = "Auth"}. Executing controller action with signature System.Threading.Tasks.Task`1[Microsoft.AspNetCore.Mvc.IActionResult] Login(Com.XpressPayments.Bussiness.ViewModels.LoginModel) on controller Com.XpressPayments.Api.Controllers.AuthController (Com.XpressPayments.Api).
[2023-08-28 13:44:18.091 +01:00  INF]  Executing OkObjectResult, writing value of type 'Com.XpressPayments.Data.GenericResponse.LoginResponse'.
[2023-08-28 13:44:18.112 +01:00  INF]  Executed action Com.XpressPayments.Api.Controllers.AuthController.Login (Com.XpressPayments.Api) in 7787.6219ms
[2023-08-28 13:44:18.153 +01:00  INF]  Executed endpoint 'Com.XpressPayments.Api.Controllers.AuthController.Login (Com.XpressPayments.Api)'
[2023-08-28 13:44:18.155 +01:00  INF]  Request finished HTTP/2 POST https://localhost:5001/api/Auth/Login application/json 82 - 200 - application/json;+charset=utf-8 7876.9882ms
[2023-08-28 13:45:41.180 +01:00  INF]  Request starting HTTP/2 POST https://localhost:5001/api/TrainingPlan/CreateTrainingPlan application/json 266
[2023-08-28 13:45:41.183 +01:00  INF]  CORS policy execution successful.
[2023-08-28 13:45:41.366 +01:00  INF]  Successfully validated the token.
[2023-08-28 13:45:41.378 +01:00  INF]  Executing endpoint 'Com.XpressPayments.Api.LearningAndDevelopmentModuleController.Controller.TrainingPlanController.CreateTrainingPlan (Com.XpressPayments.Api)'
[2023-08-28 13:45:41.384 +01:00  INF]  Route matched with {action = "CreateTrainingPlan", controller = "TrainingPlan"}. Executing controller action with signature System.Threading.Tasks.Task`1[Microsoft.AspNetCore.Mvc.IActionResult] CreateTrainingPlan(Com.XpressPayments.Data.LearningAndDevelopmentDTO.DTOs.TrainingPlanCreate) on controller Com.XpressPayments.Api.LearningAndDevelopmentModuleController.Controller.TrainingPlanController (Com.XpressPayments.Api).
[2023-08-28 13:49:57.302 +01:00  INF]  Executing OkObjectResult, writing value of type 'Com.XpressPayments.Data.GenericResponse.BaseResponse'.
[2023-08-28 13:49:57.336 +01:00  INF]  Executed action Com.XpressPayments.Api.LearningAndDevelopmentModuleController.Controller.TrainingPlanController.CreateTrainingPlan (Com.XpressPayments.Api) in 255949.7201ms
[2023-08-28 13:49:57.359 +01:00  INF]  Executed endpoint 'Com.XpressPayments.Api.LearningAndDevelopmentModuleController.Controller.TrainingPlanController.CreateTrainingPlan (Com.XpressPayments.Api)'
[2023-08-28 13:49:57.375 +01:00  INF]  Request finished HTTP/2 POST https://localhost:5001/api/TrainingPlan/CreateTrainingPlan application/json 266 - 200 - application/json;+charset=utf-8 256194.7077ms
[2023-08-28 13:50:32.629 +01:00  INF]  Request starting HTTP/2 POST https://localhost:5001/api/TrainingPlan/CreateTrainingPlan application/json 266
[2023-08-28 13:50:32.632 +01:00  INF]  CORS policy execution successful.
[2023-08-28 13:50:32.634 +01:00  INF]  Successfully validated the token.
[2023-08-28 13:50:32.635 +01:00  INF]  Executing endpoint 'Com.XpressPayments.Api.LearningAndDevelopmentModuleController.Controller.TrainingPlanController.CreateTrainingPlan (Com.XpressPayments.Api)'
[2023-08-28 13:50:32.643 +01:00  INF]  Route matched with {action = "CreateTrainingPlan", controller = "TrainingPlan"}. Executing controller action with signature System.Threading.Tasks.Task`1[Microsoft.AspNetCore.Mvc.IActionResult] CreateTrainingPlan(Com.XpressPayments.Data.LearningAndDevelopmentDTO.DTOs.TrainingPlanCreate) on controller Com.XpressPayments.Api.LearningAndDevelopmentModuleController.Controller.TrainingPlanController (Com.XpressPayments.Api).
[2023-08-28 13:57:20.243 +01:00  INF]  Executing OkObjectResult, writing value of type 'Com.XpressPayments.Data.GenericResponse.BaseResponse'.
[2023-08-28 13:57:20.311 +01:00  INF]  Executed action Com.XpressPayments.Api.LearningAndDevelopmentModuleController.Controller.TrainingPlanController.CreateTrainingPlan (Com.XpressPayments.Api) in 407586.3903ms
[2023-08-28 13:57:20.313 +01:00  INF]  Executed endpoint 'Com.XpressPayments.Api.LearningAndDevelopmentModuleController.Controller.TrainingPlanController.CreateTrainingPlan (Com.XpressPayments.Api)'
[2023-08-28 13:57:20.316 +01:00  INF]  Request finished HTTP/2 POST https://localhost:5001/api/TrainingPlan/CreateTrainingPlan application/json 266 - 200 - application/json;+charset=utf-8 407608.1304ms
[2023-08-28 14:00:13.901 +01:00  INF]  Request starting HTTP/2 POST https://localhost:5001/api/TrainingPlan/CreateTrainingPlan application/json 266
[2023-08-28 14:00:13.903 +01:00  INF]  CORS policy execution successful.
[2023-08-28 14:00:13.905 +01:00  INF]  Successfully validated the token.
[2023-08-28 14:00:13.907 +01:00  INF]  Executing endpoint 'Com.XpressPayments.Api.LearningAndDevelopmentModuleController.Controller.TrainingPlanController.CreateTrainingPlan (Com.XpressPayments.Api)'
[2023-08-28 14:00:13.913 +01:00  INF]  Route matched with {action = "CreateTrainingPlan", controller = "TrainingPlan"}. Executing controller action with signature System.Threading.Tasks.Task`1[Microsoft.AspNetCore.Mvc.IActionResult] CreateTrainingPlan(Com.XpressPayments.Data.LearningAndDevelopmentDTO.DTOs.TrainingPlanCreate) on controller Com.XpressPayments.Api.LearningAndDevelopmentModuleController.Controller.TrainingPlanController (Com.XpressPayments.Api).
[2023-08-28 14:00:51.865 +01:00  INF]  Executing OkObjectResult, writing value of type 'Com.XpressPayments.Data.GenericResponse.BaseResponse'.
[2023-08-28 14:00:51.893 +01:00  INF]  Executed action Com.XpressPayments.Api.LearningAndDevelopmentModuleController.Controller.TrainingPlanController.CreateTrainingPlan (Com.XpressPayments.Api) in 37975.4844ms
[2023-08-28 14:00:51.901 +01:00  INF]  Executed endpoint 'Com.XpressPayments.Api.LearningAndDevelopmentModuleController.Controller.TrainingPlanController.CreateTrainingPlan (Com.XpressPayments.Api)'
[2023-08-28 14:00:51.903 +01:00  INF]  Request finished HTTP/2 POST https://localhost:5001/api/TrainingPlan/CreateTrainingPlan application/json 266 - 200 - application/json;+charset=utf-8 38001.9420ms
[2023-08-28 14:01:28.876 +01:00  INF]  Request starting HTTP/2 POST https://localhost:5001/api/TrainingPlan/CreateTrainingPlan application/json 266
[2023-08-28 14:01:28.887 +01:00  INF]  CORS policy execution successful.
[2023-08-28 14:01:28.888 +01:00  INF]  Successfully validated the token.
[2023-08-28 14:01:28.889 +01:00  INF]  Executing endpoint 'Com.XpressPayments.Api.LearningAndDevelopmentModuleController.Controller.TrainingPlanController.CreateTrainingPlan (Com.XpressPayments.Api)'
[2023-08-28 14:01:28.891 +01:00  INF]  Route matched with {action = "CreateTrainingPlan", controller = "TrainingPlan"}. Executing controller action with signature System.Threading.Tasks.Task`1[Microsoft.AspNetCore.Mvc.IActionResult] CreateTrainingPlan(Com.XpressPayments.Data.LearningAndDevelopmentDTO.DTOs.TrainingPlanCreate) on controller Com.XpressPayments.Api.LearningAndDevelopmentModuleController.Controller.TrainingPlanController (Com.XpressPayments.Api).
[2023-08-28 14:02:20.817 +01:00  INF]  Executing OkObjectResult, writing value of type 'Com.XpressPayments.Data.GenericResponse.BaseResponse'.
[2023-08-28 14:02:23.818 +01:00  INF]  Executed action Com.XpressPayments.Api.LearningAndDevelopmentModuleController.Controller.TrainingPlanController.CreateTrainingPlan (Com.XpressPayments.Api) in 54925.1119ms
[2023-08-28 14:02:23.830 +01:00  INF]  Executed endpoint 'Com.XpressPayments.Api.LearningAndDevelopmentModuleController.Controller.TrainingPlanController.CreateTrainingPlan (Com.XpressPayments.Api)'
[2023-08-28 14:02:23.833 +01:00  INF]  Request finished HTTP/2 POST https://localhost:5001/api/TrainingPlan/CreateTrainingPlan application/json 266 - 200 - application/json;+charset=utf-8 54956.5545ms
[2023-08-28 14:05:23.752 +01:00  INF]  Request starting HTTP/2 POST https://localhost:5001/api/TrainingPlan/CreateTrainingPlan application/json 266
[2023-08-28 14:05:23.758 +01:00  INF]  CORS policy execution successful.
[2023-08-28 14:05:23.764 +01:00  INF]  Successfully validated the token.
[2023-08-28 14:05:23.771 +01:00  INF]  Executing endpoint 'Com.XpressPayments.Api.LearningAndDevelopmentModuleController.Controller.TrainingPlanController.CreateTrainingPlan (Com.XpressPayments.Api)'
[2023-08-28 14:05:23.773 +01:00  INF]  Route matched with {action = "CreateTrainingPlan", controller = "TrainingPlan"}. Executing controller action with signature System.Threading.Tasks.Task`1[Microsoft.AspNetCore.Mvc.IActionResult] CreateTrainingPlan(Com.XpressPayments.Data.LearningAndDevelopmentDTO.DTOs.TrainingPlanCreate) on controller Com.XpressPayments.Api.LearningAndDevelopmentModuleController.Controller.TrainingPlanController (Com.XpressPayments.Api).
[2023-08-28 14:05:45.596 +01:00  INF]  Executing OkObjectResult, writing value of type 'Com.XpressPayments.Data.GenericResponse.BaseResponse'.
[2023-08-28 14:05:45.601 +01:00  INF]  Executed action Com.XpressPayments.Api.LearningAndDevelopmentModuleController.Controller.TrainingPlanController.CreateTrainingPlan (Com.XpressPayments.Api) in 21826.4354ms
[2023-08-28 14:05:45.604 +01:00  INF]  Executed endpoint 'Com.XpressPayments.Api.LearningAndDevelopmentModuleController.Controller.TrainingPlanController.CreateTrainingPlan (Com.XpressPayments.Api)'
[2023-08-28 14:05:45.606 +01:00  INF]  Request finished HTTP/2 POST https://localhost:5001/api/TrainingPlan/CreateTrainingPlan application/json 266 - 200 - application/json;+charset=utf-8 21854.2344ms
[2023-08-28 14:06:08.814 +01:00  INF]  Request starting HTTP/2 POST https://localhost:5001/api/TrainingPlan/CreateTrainingPlan application/json 266
[2023-08-28 14:06:08.816 +01:00  INF]  CORS policy execution successful.
[2023-08-28 14:06:08.818 +01:00  INF]  Successfully validated the token.
[2023-08-28 14:06:08.819 +01:00  INF]  Executing endpoint 'Com.XpressPayments.Api.LearningAndDevelopmentModuleController.Controller.TrainingPlanController.CreateTrainingPlan (Com.XpressPayments.Api)'
[2023-08-28 14:06:08.820 +01:00  INF]  Route matched with {action = "CreateTrainingPlan", controller = "TrainingPlan"}. Executing controller action with signature System.Threading.Tasks.Task`1[Microsoft.AspNetCore.Mvc.IActionResult] CreateTrainingPlan(Com.XpressPayments.Data.LearningAndDevelopmentDTO.DTOs.TrainingPlanCreate) on controller Com.XpressPayments.Api.LearningAndDevelopmentModuleController.Controller.TrainingPlanController (Com.XpressPayments.Api).
[2023-08-28 14:06:36.734 +01:00  ERR]  Exception Occured ==> Object reference not set to an instance of an object.
[2023-08-28 14:06:36.737 +01:00  INF]  Executing OkObjectResult, writing value of type 'Com.XpressPayments.Data.GenericResponse.BaseResponse'.
[2023-08-28 14:06:36.740 +01:00  INF]  Executed action Com.XpressPayments.Api.LearningAndDevelopmentModuleController.Controller.TrainingPlanController.CreateTrainingPlan (Com.XpressPayments.Api) in 27917.6759ms
[2023-08-28 14:06:36.742 +01:00  INF]  Executed endpoint 'Com.XpressPayments.Api.LearningAndDevelopmentModuleController.Controller.TrainingPlanController.CreateTrainingPlan (Com.XpressPayments.Api)'
[2023-08-28 14:06:36.745 +01:00  INF]  Request finished HTTP/2 POST https://localhost:5001/api/TrainingPlan/CreateTrainingPlan application/json 266 - 200 - application/json;+charset=utf-8 27930.5790ms
[2023-08-28 14:10:53.252 +01:00  INF]  Request starting HTTP/2 POST https://localhost:5001/api/TrainingPlan/CreateTrainingPlan application/json 266
[2023-08-28 14:10:53.253 +01:00  INF]  CORS policy execution successful.
[2023-08-28 14:10:53.254 +01:00  INF]  Successfully validated the token.
[2023-08-28 14:10:53.256 +01:00  INF]  Executing endpoint 'Com.XpressPayments.Api.LearningAndDevelopmentModuleController.Controller.TrainingPlanController.CreateTrainingPlan (Com.XpressPayments.Api)'
[2023-08-28 14:10:53.257 +01:00  INF]  Route matched with {action = "CreateTrainingPlan", controller = "TrainingPlan"}. Executing controller action with signature System.Threading.Tasks.Task`1[Microsoft.AspNetCore.Mvc.IActionResult] CreateTrainingPlan(Com.XpressPayments.Data.LearningAndDevelopmentDTO.DTOs.TrainingPlanCreate) on controller Com.XpressPayments.Api.LearningAndDevelopmentModuleController.Controller.TrainingPlanController (Com.XpressPayments.Api).
[2023-08-28 14:10:58.716 +01:00  ERR]  MethodName: CreateTrainingPlan ===>System.MissingMethodException: Attempted to access a missing method.
   at Com.XpressPayments.Data.LearningAndDevelopmentDTO.DTOs.TrainingPlanCreate.get_EstimatedCost()
   at Com.XpressPayments.Data.LearningAndDevelopmentRepository.TrainingPlanRepo.TrainingPlanRepository.CreateTrainingPlan(TrainingPlanCreate TrainingPlan)
[2023-08-28 14:10:58.826 +01:00  ERR]  Exception Occured ==> Attempted to access a missing method.
[2023-08-28 14:10:58.828 +01:00  INF]  Executing OkObjectResult, writing value of type 'Com.XpressPayments.Data.GenericResponse.BaseResponse'.
[2023-08-28 14:10:58.830 +01:00  INF]  Executed action Com.XpressPayments.Api.LearningAndDevelopmentModuleController.Controller.TrainingPlanController.CreateTrainingPlan (Com.XpressPayments.Api) in 5569.4302ms
[2023-08-28 14:10:58.833 +01:00  INF]  Executed endpoint 'Com.XpressPayments.Api.LearningAndDevelopmentModuleController.Controller.TrainingPlanController.CreateTrainingPlan (Com.XpressPayments.Api)'
[2023-08-28 14:10:58.841 +01:00  INF]  Request finished HTTP/2 POST https://localhost:5001/api/TrainingPlan/CreateTrainingPlan application/json 266 - 200 - application/json;+charset=utf-8 5589.4445ms
[2023-08-28 14:11:15.883 +01:00  INF]  Request starting HTTP/2 POST https://localhost:5001/api/TrainingPlan/CreateTrainingPlan application/json 266
[2023-08-28 14:11:15.885 +01:00  INF]  CORS policy execution successful.
[2023-08-28 14:11:15.886 +01:00  INF]  Successfully validated the token.
[2023-08-28 14:11:15.888 +01:00  INF]  Executing endpoint 'Com.XpressPayments.Api.LearningAndDevelopmentModuleController.Controller.TrainingPlanController.CreateTrainingPlan (Com.XpressPayments.Api)'
[2023-08-28 14:11:15.895 +01:00  INF]  Route matched with {action = "CreateTrainingPlan", controller = "TrainingPlan"}. Executing controller action with signature System.Threading.Tasks.Task`1[Microsoft.AspNetCore.Mvc.IActionResult] CreateTrainingPlan(Com.XpressPayments.Data.LearningAndDevelopmentDTO.DTOs.TrainingPlanCreate) on controller Com.XpressPayments.Api.LearningAndDevelopmentModuleController.Controller.TrainingPlanController (Com.XpressPayments.Api).
[2023-08-28 14:11:15.999 +01:00  INF]  Executed action Com.XpressPayments.Api.LearningAndDevelopmentModuleController.Controller.TrainingPlanController.CreateTrainingPlan (Com.XpressPayments.Api) in 99.6072ms
[2023-08-28 14:11:16.003 +01:00  INF]  Executed endpoint 'Com.XpressPayments.Api.LearningAndDevelopmentModuleController.Controller.TrainingPlanController.CreateTrainingPlan (Com.XpressPayments.Api)'
[2023-08-28 14:11:16.048 +01:00  ERR]  An unhandled exception has occurred while executing the request.
System.MissingMethodException: Attempted to access a missing method.
   at Com.XpressPayments.Data.LearningAndDevelopmentDTO.DTOs.TrainingPlanCreate.set_EstimatedCost(Double value)
   at System.Text.Json.Serialization.Metadata.JsonPropertyInfo`1.ReadJsonAndSetMember(Object obj, ReadStack& state, Utf8JsonReader& reader)
   at System.Text.Json.Serialization.Converters.ObjectDefaultConverter`1.OnTryRead(Utf8JsonReader& reader, Type typeToConvert, JsonSerializerOptions options, ReadStack& state, T& value)
   at System.Text.Json.Serialization.JsonConverter`1.TryRead(Utf8JsonReader& reader, Type typeToConvert, JsonSerializerOptions options, ReadStack& state, T& value)
   at System.Text.Json.Serialization.JsonConverter`1.ReadCore(Utf8JsonReader& reader, JsonSerializerOptions options, ReadStack& state)
   at System.Text.Json.Serialization.JsonConverter`1.ReadCoreAsObject(Utf8JsonReader& reader, JsonSerializerOptions options, ReadStack& state)
   at System.Text.Json.JsonSerializer.ReadCore[TValue](JsonConverter jsonConverter, Utf8JsonReader& reader, JsonSerializerOptions options, ReadStack& state)
   at System.Text.Json.JsonSerializer.ReadCore[TValue](JsonReaderState& readerState, Boolean isFinalBlock, ReadOnlySpan`1 buffer, JsonSerializerOptions options, ReadStack& state, JsonConverter converterBase)
   at System.Text.Json.JsonSerializer.ContinueDeserialize[TValue](ReadBufferState& bufferState, JsonReaderState& jsonReaderState, ReadStack& readStack, JsonConverter converter, JsonSerializerOptions options)
   at System.Text.Json.JsonSerializer.ReadAllAsync[TValue](Stream utf8Json, JsonTypeInfo jsonTypeInfo, CancellationToken cancellationToken)
   at Microsoft.AspNetCore.Mvc.Formatters.SystemTextJsonInputFormatter.ReadRequestBodyAsync(InputFormatterContext context, Encoding encoding)
   at Microsoft.AspNetCore.Mvc.Formatters.SystemTextJsonInputFormatter.ReadRequestBodyAsync(InputFormatterContext context, Encoding encoding)
   at Microsoft.AspNetCore.Mvc.ModelBinding.Binders.BodyModelBinder.BindModelAsync(ModelBindingContext bindingContext)
   at Microsoft.AspNetCore.Mvc.ModelBinding.ParameterBinder.BindModelAsync(ActionContext actionContext, IModelBinder modelBinder, IValueProvider valueProvider, ParameterDescriptor parameter, ModelMetadata metadata, Object value, Object container)
   at Microsoft.AspNetCore.Mvc.Controllers.ControllerBinderDelegateProvider.<>c__DisplayClass0_0.<<CreateBinderDelegate>g__Bind|0>d.MoveNext()
--- End of stack trace from previous location ---
   at Microsoft.AspNetCore.Mvc.Infrastructure.ControllerActionInvoker.<InvokeInnerFilterAsync>g__Awaited|13_0(ControllerActionInvoker invoker, Task lastTask, State next, Scope scope, Object state, Boolean isCompleted)
   at Microsoft.AspNetCore.Mvc.Infrastructure.ResourceInvoker.<InvokeFilterPipelineAsync>g__Awaited|20_0(ResourceInvoker invoker, Task lastTask, State next, Scope scope, Object state, Boolean isCompleted)
   at Microsoft.AspNetCore.Mvc.Infrastructure.ResourceInvoker.<InvokeAsync>g__Logged|17_1(ResourceInvoker invoker)
   at Microsoft.AspNetCore.Mvc.Infrastructure.ResourceInvoker.<InvokeAsync>g__Logged|17_1(ResourceInvoker invoker)
   at Microsoft.AspNetCore.Routing.EndpointMiddleware.<Invoke>g__AwaitRequestTask|6_0(Endpoint endpoint, Task requestTask, ILogger logger)
   at Microsoft.AspNetCore.Authorization.Policy.AuthorizationMiddlewareResultHandler.HandleAsync(RequestDelegate next, HttpContext context, AuthorizationPolicy policy, PolicyAuthorizationResult authorizeResult)
   at Microsoft.AspNetCore.Authorization.AuthorizationMiddleware.Invoke(HttpContext context)
   at Microsoft.AspNetCore.Authentication.AuthenticationMiddleware.Invoke(HttpContext context)
   at Swashbuckle.AspNetCore.SwaggerUI.SwaggerUIMiddleware.Invoke(HttpContext httpContext)
   at Swashbuckle.AspNetCore.Swagger.SwaggerMiddleware.Invoke(HttpContext httpContext, ISwaggerProvider swaggerProvider)
   at Program.<>c.<<<Main>$>b__0_5>d.MoveNext() in C:\Users\noble.nwabuike\Downloads\hrms-be-backend\Com.XpressPayments.Api\Program.cs:line 297
--- End of stack trace from previous location ---
   at Microsoft.AspNetCore.Diagnostics.DeveloperExceptionPageMiddleware.Invoke(HttpContext context)
[2023-08-28 14:11:16.627 +01:00  INF]  Request finished HTTP/2 POST https://localhost:5001/api/TrainingPlan/CreateTrainingPlan application/json 266 - 500 - text/plain;+charset=utf-8 744.4070ms
[2023-08-28 14:11:27.290 +01:00  INF]  Request starting HTTP/2 POST https://localhost:5001/api/TrainingPlan/CreateTrainingPlan application/json 269
[2023-08-28 14:11:27.298 +01:00  INF]  CORS policy execution successful.
[2023-08-28 14:11:27.300 +01:00  INF]  Successfully validated the token.
[2023-08-28 14:11:27.301 +01:00  INF]  Executing endpoint 'Com.XpressPayments.Api.LearningAndDevelopmentModuleController.Controller.TrainingPlanController.CreateTrainingPlan (Com.XpressPayments.Api)'
[2023-08-28 14:11:27.302 +01:00  INF]  Route matched with {action = "CreateTrainingPlan", controller = "TrainingPlan"}. Executing controller action with signature System.Threading.Tasks.Task`1[Microsoft.AspNetCore.Mvc.IActionResult] CreateTrainingPlan(Com.XpressPayments.Data.LearningAndDevelopmentDTO.DTOs.TrainingPlanCreate) on controller Com.XpressPayments.Api.LearningAndDevelopmentModuleController.Controller.TrainingPlanController (Com.XpressPayments.Api).
[2023-08-28 14:11:27.307 +01:00  INF]  Executed action Com.XpressPayments.Api.LearningAndDevelopmentModuleController.Controller.TrainingPlanController.CreateTrainingPlan (Com.XpressPayments.Api) in 3.3626ms
[2023-08-28 14:11:27.310 +01:00  INF]  Executed endpoint 'Com.XpressPayments.Api.LearningAndDevelopmentModuleController.Controller.TrainingPlanController.CreateTrainingPlan (Com.XpressPayments.Api)'
[2023-08-28 14:11:27.337 +01:00  ERR]  An unhandled exception has occurred while executing the request.
System.MissingMethodException: Attempted to access a missing method.
   at Com.XpressPayments.Data.LearningAndDevelopmentDTO.DTOs.TrainingPlanCreate.set_EstimatedCost(Double value)
   at System.Text.Json.Serialization.Metadata.JsonPropertyInfo`1.ReadJsonAndSetMember(Object obj, ReadStack& state, Utf8JsonReader& reader)
   at System.Text.Json.Serialization.Converters.ObjectDefaultConverter`1.OnTryRead(Utf8JsonReader& reader, Type typeToConvert, JsonSerializerOptions options, ReadStack& state, T& value)
   at System.Text.Json.Serialization.JsonConverter`1.TryRead(Utf8JsonReader& reader, Type typeToConvert, JsonSerializerOptions options, ReadStack& state, T& value)
   at System.Text.Json.Serialization.JsonConverter`1.ReadCore(Utf8JsonReader& reader, JsonSerializerOptions options, ReadStack& state)
   at System.Text.Json.Serialization.JsonConverter`1.ReadCoreAsObject(Utf8JsonReader& reader, JsonSerializerOptions options, ReadStack& state)
   at System.Text.Json.JsonSerializer.ReadCore[TValue](JsonConverter jsonConverter, Utf8JsonReader& reader, JsonSerializerOptions options, ReadStack& state)
   at System.Text.Json.JsonSerializer.ReadCore[TValue](JsonReaderState& readerState, Boolean isFinalBlock, ReadOnlySpan`1 buffer, JsonSerializerOptions options, ReadStack& state, JsonConverter converterBase)
   at System.Text.Json.JsonSerializer.ContinueDeserialize[TValue](ReadBufferState& bufferState, JsonReaderState& jsonReaderState, ReadStack& readStack, JsonConverter converter, JsonSerializerOptions options)
   at System.Text.Json.JsonSerializer.ReadAllAsync[TValue](Stream utf8Json, JsonTypeInfo jsonTypeInfo, CancellationToken cancellationToken)
   at Microsoft.AspNetCore.Mvc.Formatters.SystemTextJsonInputFormatter.ReadRequestBodyAsync(InputFormatterContext context, Encoding encoding)
   at Microsoft.AspNetCore.Mvc.Formatters.SystemTextJsonInputFormatter.ReadRequestBodyAsync(InputFormatterContext context, Encoding encoding)
   at Microsoft.AspNetCore.Mvc.ModelBinding.Binders.BodyModelBinder.BindModelAsync(ModelBindingContext bindingContext)
   at Microsoft.AspNetCore.Mvc.ModelBinding.ParameterBinder.BindModelAsync(ActionContext actionContext, IModelBinder modelBinder, IValueProvider valueProvider, ParameterDescriptor parameter, ModelMetadata metadata, Object value, Object container)
   at Microsoft.AspNetCore.Mvc.Controllers.ControllerBinderDelegateProvider.<>c__DisplayClass0_0.<<CreateBinderDelegate>g__Bind|0>d.MoveNext()
--- End of stack trace from previous location ---
   at Microsoft.AspNetCore.Mvc.Infrastructure.ControllerActionInvoker.<InvokeInnerFilterAsync>g__Awaited|13_0(ControllerActionInvoker invoker, Task lastTask, State next, Scope scope, Object state, Boolean isCompleted)
   at Microsoft.AspNetCore.Mvc.Infrastructure.ResourceInvoker.<InvokeFilterPipelineAsync>g__Awaited|20_0(ResourceInvoker invoker, Task lastTask, State next, Scope scope, Object state, Boolean isCompleted)
   at Microsoft.AspNetCore.Mvc.Infrastructure.ResourceInvoker.<InvokeAsync>g__Logged|17_1(ResourceInvoker invoker)
   at Microsoft.AspNetCore.Mvc.Infrastructure.ResourceInvoker.<InvokeAsync>g__Logged|17_1(ResourceInvoker invoker)
   at Microsoft.AspNetCore.Routing.EndpointMiddleware.<Invoke>g__AwaitRequestTask|6_0(Endpoint endpoint, Task requestTask, ILogger logger)
   at Microsoft.AspNetCore.Authorization.Policy.AuthorizationMiddlewareResultHandler.HandleAsync(RequestDelegate next, HttpContext context, AuthorizationPolicy policy, PolicyAuthorizationResult authorizeResult)
   at Microsoft.AspNetCore.Authorization.AuthorizationMiddleware.Invoke(HttpContext context)
   at Microsoft.AspNetCore.Authentication.AuthenticationMiddleware.Invoke(HttpContext context)
   at Swashbuckle.AspNetCore.SwaggerUI.SwaggerUIMiddleware.Invoke(HttpContext httpContext)
   at Swashbuckle.AspNetCore.Swagger.SwaggerMiddleware.Invoke(HttpContext httpContext, ISwaggerProvider swaggerProvider)
   at Program.<>c.<<<Main>$>b__0_5>d.MoveNext() in C:\Users\noble.nwabuike\Downloads\hrms-be-backend\Com.XpressPayments.Api\Program.cs:line 297
--- End of stack trace from previous location ---
   at Microsoft.AspNetCore.Diagnostics.DeveloperExceptionPageMiddleware.Invoke(HttpContext context)
[2023-08-28 14:11:27.351 +01:00  INF]  Request finished HTTP/2 POST https://localhost:5001/api/TrainingPlan/CreateTrainingPlan application/json 269 - 500 - text/plain;+charset=utf-8 61.5769ms
[2023-08-28 14:12:38.276 +01:00  INF]  User profile is available. Using 'C:\Users\noble.nwabuike\AppData\Local\ASP.NET\DataProtection-Keys' as key repository and Windows DPAPI to encrypt keys at rest.
[2023-08-28 14:12:39.552 +01:00  INF]  Now listening on: https://localhost:5001
[2023-08-28 14:12:39.554 +01:00  INF]  Now listening on: http://localhost:5000
[2023-08-28 14:12:39.655 +01:00  INF]  Application started. Press Ctrl+C to shut down.
[2023-08-28 14:12:39.658 +01:00  INF]  Hosting environment: Development
[2023-08-28 14:12:39.664 +01:00  INF]  Content root path: C:\Users\noble.nwabuike\Downloads\hrms-be-backend\Com.XpressPayments.Api\
[2023-08-28 14:12:41.125 +01:00  INF]  Request starting HTTP/2 GET https://localhost:5001/index.html - -
[2023-08-28 14:12:42.304 +01:00  INF]  Request finished HTTP/2 GET https://localhost:5001/index.html - - - 200 - text/html;charset=utf-8 1183.2550ms
[2023-08-28 14:12:42.309 +01:00  INF]  Request starting HTTP/2 GET https://localhost:5001/_framework/aspnetcore-browser-refresh.js - -
[2023-08-28 14:12:42.377 +01:00  INF]  Request finished HTTP/2 GET https://localhost:5001/_framework/aspnetcore-browser-refresh.js - - - 200 12014 application/javascript;+charset=utf-8 68.3235ms
[2023-08-28 14:12:42.377 +01:00  INF]  Request starting HTTP/2 GET https://localhost:5001/_vs/browserLink - -
[2023-08-28 14:12:42.481 +01:00  INF]  Request finished HTTP/2 GET https://localhost:5001/_vs/browserLink - - - 200 - text/javascript;+charset=UTF-8 103.6549ms
[2023-08-28 14:12:42.602 +01:00  INF]  Request starting HTTP/2 GET https://localhost:5001/swagger/v1/swagger.json - -
[2023-08-28 14:12:42.969 +01:00  INF]  Request finished HTTP/2 GET https://localhost:5001/swagger/v1/swagger.json - - - 200 - application/json;charset=utf-8 367.8335ms
[2023-08-28 14:13:56.586 +01:00  INF]  Request starting HTTP/2 POST https://localhost:5001/api/TrainingPlan/CreateTrainingPlan application/json 268
[2023-08-28 14:13:56.599 +01:00  INF]  CORS policy execution successful.
[2023-08-28 14:13:57.373 +01:00  INF]  Successfully validated the token.
[2023-08-28 14:13:57.401 +01:00  INF]  Executing endpoint 'Com.XpressPayments.Api.LearningAndDevelopmentModuleController.Controller.TrainingPlanController.CreateTrainingPlan (Com.XpressPayments.Api)'
[2023-08-28 14:13:57.468 +01:00  INF]  Route matched with {action = "CreateTrainingPlan", controller = "TrainingPlan"}. Executing controller action with signature System.Threading.Tasks.Task`1[Microsoft.AspNetCore.Mvc.IActionResult] CreateTrainingPlan(Com.XpressPayments.Data.LearningAndDevelopmentDTO.DTOs.TrainingPlanCreate) on controller Com.XpressPayments.Api.LearningAndDevelopmentModuleController.Controller.TrainingPlanController (Com.XpressPayments.Api).
[2023-08-28 14:15:27.672 +01:00  INF]  User profile is available. Using 'C:\Users\noble.nwabuike\AppData\Local\ASP.NET\DataProtection-Keys' as key repository and Windows DPAPI to encrypt keys at rest.
[2023-08-28 14:15:28.337 +01:00  INF]  Now listening on: https://localhost:5001
[2023-08-28 14:15:28.339 +01:00  INF]  Now listening on: http://localhost:5000
[2023-08-28 14:15:28.355 +01:00  INF]  Application started. Press Ctrl+C to shut down.
[2023-08-28 14:15:28.357 +01:00  INF]  Hosting environment: Development
[2023-08-28 14:15:28.359 +01:00  INF]  Content root path: C:\Users\noble.nwabuike\Downloads\hrms-be-backend\Com.XpressPayments.Api\
[2023-08-28 14:15:29.757 +01:00  INF]  Request starting HTTP/2 GET https://localhost:5001/index.html - -
[2023-08-28 14:15:30.582 +01:00  INF]  Request starting HTTP/2 GET https://localhost:5001/_framework/aspnetcore-browser-refresh.js - -
[2023-08-28 14:15:30.588 +01:00  INF]  Request finished HTTP/2 GET https://localhost:5001/index.html - - - 200 - text/html;charset=utf-8 833.8109ms
[2023-08-28 14:15:30.629 +01:00  INF]  Request starting HTTP/2 GET https://localhost:5001/_vs/browserLink - -
[2023-08-28 14:15:30.634 +01:00  INF]  Request finished HTTP/2 GET https://localhost:5001/_framework/aspnetcore-browser-refresh.js - - - 200 12014 application/javascript;+charset=utf-8 52.1262ms
[2023-08-28 14:15:30.760 +01:00  INF]  Request finished HTTP/2 GET https://localhost:5001/_vs/browserLink - - - 200 - text/javascript;+charset=UTF-8 131.3631ms
[2023-08-28 14:15:30.861 +01:00  INF]  Request starting HTTP/2 GET https://localhost:5001/swagger/v1/swagger.json - -
[2023-08-28 14:15:31.301 +01:00  INF]  Request finished HTTP/2 GET https://localhost:5001/swagger/v1/swagger.json - - - 200 - application/json;charset=utf-8 439.7262ms
[2023-08-28 14:16:34.046 +01:00  INF]  Request starting HTTP/2 POST https://localhost:5001/api/TrainingPlan/CreateTrainingPlan application/json 264
[2023-08-28 14:16:34.059 +01:00  INF]  CORS policy execution successful.
[2023-08-28 14:16:34.577 +01:00  INF]  Successfully validated the token.
[2023-08-28 14:16:34.595 +01:00  INF]  Executing endpoint 'Com.XpressPayments.Api.LearningAndDevelopmentModuleController.Controller.TrainingPlanController.CreateTrainingPlan (Com.XpressPayments.Api)'
[2023-08-28 14:16:34.642 +01:00  INF]  Route matched with {action = "CreateTrainingPlan", controller = "TrainingPlan"}. Executing controller action with signature System.Threading.Tasks.Task`1[Microsoft.AspNetCore.Mvc.IActionResult] CreateTrainingPlan(Com.XpressPayments.Data.LearningAndDevelopmentDTO.DTOs.TrainingPlanCreate) on controller Com.XpressPayments.Api.LearningAndDevelopmentModuleController.Controller.TrainingPlanController (Com.XpressPayments.Api).
[2023-08-28 15:31:13.452 +01:00  INF]  User profile is available. Using 'C:\Users\noble.nwabuike\AppData\Local\ASP.NET\DataProtection-Keys' as key repository and Windows DPAPI to encrypt keys at rest.
[2023-08-28 15:31:14.749 +01:00  INF]  Now listening on: https://localhost:5001
[2023-08-28 15:31:14.814 +01:00  INF]  Now listening on: http://localhost:5000
[2023-08-28 15:31:14.825 +01:00  INF]  Application started. Press Ctrl+C to shut down.
[2023-08-28 15:31:14.847 +01:00  INF]  Hosting environment: Development
[2023-08-28 15:31:14.852 +01:00  INF]  Content root path: C:\Users\noble.nwabuike\Downloads\hrms-be-backend\Com.XpressPayments.Api\
[2023-08-28 15:31:16.771 +01:00  INF]  Request starting HTTP/2 GET https://localhost:5001/index.html - -
[2023-08-28 15:31:18.189 +01:00  INF]  Request finished HTTP/2 GET https://localhost:5001/index.html - - - 200 - text/html;charset=utf-8 1425.8220ms
[2023-08-28 15:31:18.223 +01:00  INF]  Request starting HTTP/2 GET https://localhost:5001/_framework/aspnetcore-browser-refresh.js - -
[2023-08-28 15:31:18.294 +01:00  INF]  Request finished HTTP/2 GET https://localhost:5001/_framework/aspnetcore-browser-refresh.js - - - 200 12014 application/javascript;+charset=utf-8 70.5315ms
[2023-08-28 15:31:18.327 +01:00  INF]  Request starting HTTP/2 GET https://localhost:5001/_vs/browserLink - -
[2023-08-28 15:31:18.433 +01:00  INF]  Request finished HTTP/2 GET https://localhost:5001/_vs/browserLink - - - 200 - text/javascript;+charset=UTF-8 106.1781ms
[2023-08-28 15:31:18.590 +01:00  INF]  Request starting HTTP/2 GET https://localhost:5001/swagger/v1/swagger.json - -
[2023-08-28 15:31:19.035 +01:00  INF]  Request finished HTTP/2 GET https://localhost:5001/swagger/v1/swagger.json - - - 200 - application/json;charset=utf-8 444.4751ms
[2023-08-28 15:32:10.320 +01:00  INF]  Request starting HTTP/2 POST https://localhost:5001/api/Auth/Logout application/json 48
[2023-08-28 15:32:10.333 +01:00  INF]  CORS policy execution successful.
[2023-08-28 15:32:10.607 +01:00  INF]  Executing endpoint 'Com.XpressPayments.Api.Controllers.AuthController.Logout (Com.XpressPayments.Api)'
[2023-08-28 15:32:10.645 +01:00  INF]  Route matched with {action = "Logout", controller = "Auth"}. Executing controller action with signature System.Threading.Tasks.Task`1[Microsoft.AspNetCore.Mvc.IActionResult] Logout(Com.XpressPayments.Data.DTOs.Account.LogoutDto) on controller Com.XpressPayments.Api.Controllers.AuthController (Com.XpressPayments.Api).
[2023-08-28 15:32:12.457 +01:00  INF]  Executing OkObjectResult, writing value of type 'Com.XpressPayments.Data.GenericResponse.BaseResponse'.
[2023-08-28 15:32:12.473 +01:00  INF]  Executed action Com.XpressPayments.Api.Controllers.AuthController.Logout (Com.XpressPayments.Api) in 1815.5124ms
[2023-08-28 15:32:12.481 +01:00  INF]  Executed endpoint 'Com.XpressPayments.Api.Controllers.AuthController.Logout (Com.XpressPayments.Api)'
[2023-08-28 15:32:12.486 +01:00  INF]  Request finished HTTP/2 POST https://localhost:5001/api/Auth/Logout application/json 48 - 200 - application/json;+charset=utf-8 2166.5941ms
[2023-08-28 15:32:55.133 +01:00  INF]  Request starting HTTP/2 POST https://localhost:5001/api/Auth/Login application/json 82
[2023-08-28 15:32:55.149 +01:00  INF]  CORS policy execution successful.
[2023-08-28 15:32:55.150 +01:00  INF]  Executing endpoint 'Com.XpressPayments.Api.Controllers.AuthController.Login (Com.XpressPayments.Api)'
[2023-08-28 15:32:55.155 +01:00  INF]  Route matched with {action = "Login", controller = "Auth"}. Executing controller action with signature System.Threading.Tasks.Task`1[Microsoft.AspNetCore.Mvc.IActionResult] Login(Com.XpressPayments.Bussiness.ViewModels.LoginModel) on controller Com.XpressPayments.Api.Controllers.AuthController (Com.XpressPayments.Api).
[2023-08-28 15:33:03.573 +01:00  INF]  Executing OkObjectResult, writing value of type 'Com.XpressPayments.Data.GenericResponse.LoginResponse'.
[2023-08-28 15:33:03.640 +01:00  INF]  Executed action Com.XpressPayments.Api.Controllers.AuthController.Login (Com.XpressPayments.Api) in 8483.2772ms
[2023-08-28 15:33:03.844 +01:00  INF]  Executed endpoint 'Com.XpressPayments.Api.Controllers.AuthController.Login (Com.XpressPayments.Api)'
[2023-08-28 15:33:03.853 +01:00  INF]  Request finished HTTP/2 POST https://localhost:5001/api/Auth/Login application/json 82 - 200 - application/json;+charset=utf-8 8720.3777ms
[2023-08-28 15:34:41.918 +01:00  INF]  Request starting HTTP/2 POST https://localhost:5001/api/TrainingPlan/CreateTrainingPlan application/json 272
[2023-08-28 15:34:41.921 +01:00  INF]  CORS policy execution successful.
[2023-08-28 15:34:42.040 +01:00  INF]  Successfully validated the token.
[2023-08-28 15:34:42.052 +01:00  INF]  Executing endpoint 'Com.XpressPayments.Api.LearningAndDevelopmentModuleController.Controller.TrainingPlanController.CreateTrainingPlan (Com.XpressPayments.Api)'
[2023-08-28 15:34:42.058 +01:00  INF]  Route matched with {action = "CreateTrainingPlan", controller = "TrainingPlan"}. Executing controller action with signature System.Threading.Tasks.Task`1[Microsoft.AspNetCore.Mvc.IActionResult] CreateTrainingPlan(Com.XpressPayments.Data.LearningAndDevelopmentDTO.DTOs.TrainingPlanCreate) on controller Com.XpressPayments.Api.LearningAndDevelopmentModuleController.Controller.TrainingPlanController (Com.XpressPayments.Api).
[2023-08-28 15:36:16.190 +01:00  ERR]  Exception Occured ==> Object reference not set to an instance of an object.
[2023-08-28 15:36:16.200 +01:00  INF]  Executing OkObjectResult, writing value of type 'Com.XpressPayments.Data.GenericResponse.BaseResponse'.
[2023-08-28 15:36:16.205 +01:00  INF]  Executed action Com.XpressPayments.Api.LearningAndDevelopmentModuleController.Controller.TrainingPlanController.CreateTrainingPlan (Com.XpressPayments.Api) in 94143.2994ms
[2023-08-28 15:36:16.208 +01:00  INF]  Executed endpoint 'Com.XpressPayments.Api.LearningAndDevelopmentModuleController.Controller.TrainingPlanController.CreateTrainingPlan (Com.XpressPayments.Api)'
[2023-08-28 15:36:16.211 +01:00  INF]  Request finished HTTP/2 POST https://localhost:5001/api/TrainingPlan/CreateTrainingPlan application/json 272 - 200 - application/json;+charset=utf-8 94292.6316ms
[2023-08-28 16:13:27.335 +01:00  INF]  User profile is available. Using 'C:\Users\noble.nwabuike\AppData\Local\ASP.NET\DataProtection-Keys' as key repository and Windows DPAPI to encrypt keys at rest.
[2023-08-28 16:13:28.707 +01:00  INF]  Now listening on: https://localhost:5001
[2023-08-28 16:13:28.715 +01:00  INF]  Now listening on: http://localhost:5000
[2023-08-28 16:13:28.722 +01:00  INF]  Application started. Press Ctrl+C to shut down.
[2023-08-28 16:13:28.724 +01:00  INF]  Hosting environment: Development
[2023-08-28 16:13:28.725 +01:00  INF]  Content root path: C:\Users\noble.nwabuike\Downloads\hrms-be-backend\Com.XpressPayments.Api\
[2023-08-28 16:13:30.324 +01:00  INF]  Request starting HTTP/2 GET https://localhost:5001/index.html - -
[2023-08-28 16:13:31.649 +01:00  INF]  Request finished HTTP/2 GET https://localhost:5001/index.html - - - 200 - text/html;charset=utf-8 1332.7881ms
[2023-08-28 16:13:31.664 +01:00  INF]  Request starting HTTP/2 GET https://localhost:5001/_framework/aspnetcore-browser-refresh.js - -
[2023-08-28 16:13:31.721 +01:00  INF]  Request starting HTTP/2 GET https://localhost:5001/_vs/browserLink - -
[2023-08-28 16:13:31.729 +01:00  INF]  Request finished HTTP/2 GET https://localhost:5001/_framework/aspnetcore-browser-refresh.js - - - 200 12014 application/javascript;+charset=utf-8 64.1064ms
[2023-08-28 16:13:31.821 +01:00  INF]  Request finished HTTP/2 GET https://localhost:5001/_vs/browserLink - - - 200 - text/javascript;+charset=UTF-8 99.5958ms
[2023-08-28 16:13:31.991 +01:00  INF]  Request starting HTTP/2 GET https://localhost:5001/swagger/v1/swagger.json - -
[2023-08-28 16:13:32.404 +01:00  INF]  Request finished HTTP/2 GET https://localhost:5001/swagger/v1/swagger.json - - - 200 - application/json;charset=utf-8 413.7381ms
[2023-08-28 16:14:29.434 +01:00  INF]  Request starting HTTP/2 PUT https://localhost:5001/api/TrainingPlan/UpdateTrainingPlan?TrainingPlanId=4 application/json 256
[2023-08-28 16:14:29.446 +01:00  INF]  CORS policy execution successful.
[2023-08-28 16:14:30.165 +01:00  INF]  Successfully validated the token.
[2023-08-28 16:14:30.187 +01:00  INF]  Executing endpoint 'Com.XpressPayments.Api.LearningAndDevelopmentModuleController.Controller.TrainingPlanController.UpdateTrainingPlan (Com.XpressPayments.Api)'
[2023-08-28 16:14:30.247 +01:00  INF]  Route matched with {action = "UpdateTrainingPlan", controller = "TrainingPlan"}. Executing controller action with signature System.Threading.Tasks.Task`1[Microsoft.AspNetCore.Mvc.IActionResult] UpdateTrainingPlan(Int64, Com.XpressPayments.Data.LearningAndDevelopmentDTO.DTOs.TrainingPlanUpdate) on controller Com.XpressPayments.Api.LearningAndDevelopmentModuleController.Controller.TrainingPlanController (Com.XpressPayments.Api).
[2023-08-28 16:15:01.252 +01:00  ERR]  Exception Occurred ==> Object reference not set to an instance of an object.
[2023-08-28 16:15:01.298 +01:00  INF]  Executing OkObjectResult, writing value of type 'Com.XpressPayments.Data.GenericResponse.BaseResponse'.
[2023-08-28 16:15:01.322 +01:00  INF]  Executed action Com.XpressPayments.Api.LearningAndDevelopmentModuleController.Controller.TrainingPlanController.UpdateTrainingPlan (Com.XpressPayments.Api) in 31058.898ms
[2023-08-28 16:15:01.341 +01:00  INF]  Executed endpoint 'Com.XpressPayments.Api.LearningAndDevelopmentModuleController.Controller.TrainingPlanController.UpdateTrainingPlan (Com.XpressPayments.Api)'
[2023-08-28 16:15:01.370 +01:00  INF]  Request finished HTTP/2 PUT https://localhost:5001/api/TrainingPlan/UpdateTrainingPlan?TrainingPlanId=4 application/json 256 - 200 - application/json;+charset=utf-8 31935.4966ms
[2023-08-28 16:16:52.939 +01:00  INF]  Request starting HTTP/2 PUT https://localhost:5001/api/TrainingPlan/UpdateTrainingPlan?TrainingPlanId=4 application/json 257
[2023-08-28 16:16:52.949 +01:00  INF]  CORS policy execution successful.
[2023-08-28 16:16:52.951 +01:00  INF]  Successfully validated the token.
[2023-08-28 16:16:53.014 +01:00  INF]  Executing endpoint 'Com.XpressPayments.Api.LearningAndDevelopmentModuleController.Controller.TrainingPlanController.UpdateTrainingPlan (Com.XpressPayments.Api)'
[2023-08-28 16:16:53.021 +01:00  INF]  Route matched with {action = "UpdateTrainingPlan", controller = "TrainingPlan"}. Executing controller action with signature System.Threading.Tasks.Task`1[Microsoft.AspNetCore.Mvc.IActionResult] UpdateTrainingPlan(Int64, Com.XpressPayments.Data.LearningAndDevelopmentDTO.DTOs.TrainingPlanUpdate) on controller Com.XpressPayments.Api.LearningAndDevelopmentModuleController.Controller.TrainingPlanController (Com.XpressPayments.Api).
[2023-08-28 16:17:55.149 +01:00  ERR]  Exception Occurred ==> Object reference not set to an instance of an object.
[2023-08-28 16:17:55.189 +01:00  INF]  Executing OkObjectResult, writing value of type 'Com.XpressPayments.Data.GenericResponse.BaseResponse'.
[2023-08-28 16:17:55.192 +01:00  INF]  Executed action Com.XpressPayments.Api.LearningAndDevelopmentModuleController.Controller.TrainingPlanController.UpdateTrainingPlan (Com.XpressPayments.Api) in 62166.7248ms
[2023-08-28 16:17:55.194 +01:00  INF]  Executed endpoint 'Com.XpressPayments.Api.LearningAndDevelopmentModuleController.Controller.TrainingPlanController.UpdateTrainingPlan (Com.XpressPayments.Api)'
[2023-08-28 16:17:55.196 +01:00  INF]  Request finished HTTP/2 PUT https://localhost:5001/api/TrainingPlan/UpdateTrainingPlan?TrainingPlanId=4 application/json 257 - 200 - application/json;+charset=utf-8 62256.9951ms
