[2023-07-24 08:46:10.944 +01:00  INF]  User profile is available. Using 'C:\Users\olajumoke.owolabi\AppData\Local\ASP.NET\DataProtection-Keys' as key repository and Windows DPAPI to encrypt keys at rest.
[2023-07-24 08:46:11.380 +01:00  INF]  Application started. Press Ctrl+C to shut down.
[2023-07-24 08:46:11.380 +01:00  INF]  Hosting environment: Development
[2023-07-24 08:46:11.380 +01:00  INF]  Content root path: C:\Users\olajumoke.owolabi\source\repos\hrms-be-backend\Com.XpressPayments.Api\
[2023-07-24 08:46:11.458 +01:00  INF]  Request starting HTTP/2 GET https://localhost:44317/index.html - -
[2023-07-24 08:46:12.145 +01:00  INF]  Request finished HTTP/2 GET https://localhost:44317/index.html - - - 200 - text/html;charset=utf-8 690.2969ms
[2023-07-24 08:46:12.152 +01:00  INF]  Request starting HTTP/2 GET https://localhost:44317/_framework/aspnetcore-browser-refresh.js - -
[2023-07-24 08:46:12.160 +01:00  INF]  Request finished HTTP/2 GET https://localhost:44317/_framework/aspnetcore-browser-refresh.js - - - 200 12014 application/javascript;+charset=utf-8 7.4050ms
[2023-07-24 08:46:12.175 +01:00  INF]  Request starting HTTP/2 GET https://localhost:44317/_vs/browserLink - -
[2023-07-24 08:46:12.240 +01:00  INF]  Request finished HTTP/2 GET https://localhost:44317/_vs/browserLink - - - 200 - text/javascript;+charset=UTF-8 65.2216ms
[2023-07-24 08:46:12.345 +01:00  INF]  Request starting HTTP/2 GET https://localhost:44317/swagger/v1/swagger.json - -
[2023-07-24 08:46:12.371 +01:00  INF]  Request starting HTTP/2 GET https://localhost:44317/favicon-32x32.png - -
[2023-07-24 08:46:12.387 +01:00  INF]  Sending file. Request path: '/favicon-32x32.png'. Physical path: 'N/A'
[2023-07-24 08:46:12.387 +01:00  INF]  Request finished HTTP/2 GET https://localhost:44317/favicon-32x32.png - - - 200 628 image/png 15.9258ms
[2023-07-24 08:46:12.548 +01:00  INF]  Request finished HTTP/2 GET https://localhost:44317/swagger/v1/swagger.json - - - 200 - application/json;charset=utf-8 203.8728ms
[2023-07-24 09:26:43.585 +01:00  INF]  User profile is available. Using 'C:\Users\olajumoke.owolabi\AppData\Local\ASP.NET\DataProtection-Keys' as key repository and Windows DPAPI to encrypt keys at rest.
[2023-07-24 09:26:43.914 +01:00  INF]  Application started. Press Ctrl+C to shut down.
[2023-07-24 09:26:43.915 +01:00  INF]  Hosting environment: Development
[2023-07-24 09:26:43.915 +01:00  INF]  Content root path: C:\Users\olajumoke.owolabi\source\repos\hrms-be-backend\Com.XpressPayments.Api\
[2023-07-24 09:26:43.990 +01:00  INF]  Request starting HTTP/2 GET https://localhost:44317/index.html - -
[2023-07-24 09:26:44.621 +01:00  INF]  Request finished HTTP/2 GET https://localhost:44317/index.html - - - 200 - text/html;charset=utf-8 633.9176ms
[2023-07-24 09:26:44.629 +01:00  INF]  Request starting HTTP/2 GET https://localhost:44317/_framework/aspnetcore-browser-refresh.js - -
[2023-07-24 09:26:44.644 +01:00  INF]  Request finished HTTP/2 GET https://localhost:44317/_framework/aspnetcore-browser-refresh.js - - - 200 12014 application/javascript;+charset=utf-8 10.8019ms
[2023-07-24 09:26:44.654 +01:00  INF]  Request starting HTTP/2 GET https://localhost:44317/_vs/browserLink - -
[2023-07-24 09:26:44.736 +01:00  INF]  Request finished HTTP/2 GET https://localhost:44317/_vs/browserLink - - - 200 - text/javascript;+charset=UTF-8 83.4431ms
[2023-07-24 09:26:44.808 +01:00  INF]  Request starting HTTP/2 GET https://localhost:44317/swagger/v1/swagger.json - -
[2023-07-24 09:26:45.041 +01:00  INF]  Request finished HTTP/2 GET https://localhost:44317/swagger/v1/swagger.json - - - 200 - application/json;charset=utf-8 232.9679ms
[2023-07-24 09:39:12.209 +01:00  INF]  User profile is available. Using 'C:\Users\olajumoke.owolabi\AppData\Local\ASP.NET\DataProtection-Keys' as key repository and Windows DPAPI to encrypt keys at rest.
[2023-07-24 09:39:12.649 +01:00  INF]  Application started. Press Ctrl+C to shut down.
[2023-07-24 09:39:12.649 +01:00  INF]  Hosting environment: Development
[2023-07-24 09:39:12.649 +01:00  INF]  Content root path: C:\Users\olajumoke.owolabi\source\repos\hrms-be-backend\Com.XpressPayments.Api\
[2023-07-24 09:39:12.738 +01:00  INF]  Request starting HTTP/2 GET https://localhost:44317/index.html - -
[2023-07-24 09:39:13.637 +01:00  INF]  Request finished HTTP/2 GET https://localhost:44317/index.html - - - 200 - text/html;charset=utf-8 903.2025ms
[2023-07-24 09:39:13.642 +01:00  INF]  Request starting HTTP/2 GET https://localhost:44317/_framework/aspnetcore-browser-refresh.js - -
[2023-07-24 09:39:13.660 +01:00  INF]  Request finished HTTP/2 GET https://localhost:44317/_framework/aspnetcore-browser-refresh.js - - - 200 12014 application/javascript;+charset=utf-8 13.3278ms
[2023-07-24 09:39:13.664 +01:00  INF]  Request starting HTTP/2 GET https://localhost:44317/_vs/browserLink - -
[2023-07-24 09:39:13.773 +01:00  INF]  Request finished HTTP/2 GET https://localhost:44317/_vs/browserLink - - - 200 - text/javascript;+charset=UTF-8 109.3067ms
[2023-07-24 09:39:13.859 +01:00  INF]  Request starting HTTP/2 GET https://localhost:44317/swagger/v1/swagger.json - -
[2023-07-24 09:39:14.105 +01:00  INF]  Request finished HTTP/2 GET https://localhost:44317/swagger/v1/swagger.json - - - 200 - application/json;charset=utf-8 245.3667ms
[2023-07-24 09:40:31.864 +01:00  INF]  User profile is available. Using 'C:\Users\olajumoke.owolabi\AppData\Local\ASP.NET\DataProtection-Keys' as key repository and Windows DPAPI to encrypt keys at rest.
[2023-07-24 09:40:32.070 +01:00  INF]  Application started. Press Ctrl+C to shut down.
[2023-07-24 09:40:32.070 +01:00  INF]  Hosting environment: Development
[2023-07-24 09:40:32.071 +01:00  INF]  Content root path: C:\Users\olajumoke.owolabi\source\repos\hrms-be-backend\Com.XpressPayments.Api\
[2023-07-24 09:40:32.113 +01:00  INF]  Request starting HTTP/2 GET https://localhost:44317/index.html - -
[2023-07-24 09:40:32.606 +01:00  INF]  Request finished HTTP/2 GET https://localhost:44317/index.html - - - 200 - text/html;charset=utf-8 495.6186ms
[2023-07-24 09:40:32.607 +01:00  INF]  Request starting HTTP/2 GET https://localhost:44317/_framework/aspnetcore-browser-refresh.js - -
[2023-07-24 09:40:32.627 +01:00  INF]  Request starting HTTP/2 GET https://localhost:44317/_vs/browserLink - -
[2023-07-24 09:40:32.630 +01:00  INF]  Request finished HTTP/2 GET https://localhost:44317/_framework/aspnetcore-browser-refresh.js - - - 200 12014 application/javascript;+charset=utf-8 23.0829ms
[2023-07-24 09:40:32.700 +01:00  INF]  Request finished HTTP/2 GET https://localhost:44317/_vs/browserLink - - - 200 - text/javascript;+charset=UTF-8 73.2728ms
[2023-07-24 09:40:32.772 +01:00  INF]  Request starting HTTP/2 GET https://localhost:44317/swagger/v1/swagger.json - -
[2023-07-24 09:40:33.014 +01:00  INF]  Request finished HTTP/2 GET https://localhost:44317/swagger/v1/swagger.json - - - 200 - application/json;charset=utf-8 242.4128ms
[2023-07-24 09:41:13.098 +01:00  INF]  Request starting HTTP/2 POST https://localhost:44317/api/Unit/UpdateUnit application/json 81
[2023-07-24 09:41:13.117 +01:00  INF]  CORS policy execution successful.
[2023-07-24 09:41:13.642 +01:00  INF]  Failed to validate the token.
Microsoft.IdentityModel.Tokens.SecurityTokenExpiredException: IDX10223: Lifetime validation failed. The token is expired. ValidTo: '24/07/2023 08:14:08', Current time: '24/07/2023 08:41:13'.
   at Microsoft.IdentityModel.Tokens.Validators.ValidateLifetime(Nullable`1 notBefore, Nullable`1 expires, SecurityToken securityToken, TokenValidationParameters validationParameters)
   at System.IdentityModel.Tokens.Jwt.JwtSecurityTokenHandler.ValidateTokenPayload(JwtSecurityToken jwtToken, TokenValidationParameters validationParameters, BaseConfiguration configuration)
   at System.IdentityModel.Tokens.Jwt.JwtSecurityTokenHandler.ValidateJWS(String token, TokenValidationParameters validationParameters, BaseConfiguration currentConfiguration, SecurityToken& signatureValidatedToken, ExceptionDispatchInfo& exceptionThrown)
--- End of stack trace from previous location ---
   at System.IdentityModel.Tokens.Jwt.JwtSecurityTokenHandler.ValidateToken(String token, JwtSecurityToken outerToken, TokenValidationParameters validationParameters, SecurityToken& signatureValidatedToken)
   at System.IdentityModel.Tokens.Jwt.JwtSecurityTokenHandler.ValidateToken(String token, TokenValidationParameters validationParameters, SecurityToken& validatedToken)
   at Microsoft.AspNetCore.Authentication.JwtBearer.JwtBearerHandler.HandleAuthenticateAsync()
[2023-07-24 09:41:13.818 +01:00  INF]  Bearer was not authenticated. Failure message: IDX10223: Lifetime validation failed. The token is expired. ValidTo: '24/07/2023 08:14:08', Current time: '24/07/2023 08:41:13'.
[2023-07-24 09:41:13.829 +01:00  INF]  Authorization failed. These requirements were not met:
DenyAnonymousAuthorizationRequirement: Requires an authenticated user.
[2023-07-24 09:41:13.848 +01:00  INF]  AuthenticationScheme: Bearer was challenged.
[2023-07-24 09:41:13.851 +01:00  INF]  Request finished HTTP/2 POST https://localhost:44317/api/Unit/UpdateUnit application/json 81 - 401 - - 752.9889ms
[2023-07-24 09:43:07.048 +01:00  INF]  Request starting HTTP/2 POST https://localhost:44317/api/Auth/Logout application/json 48
[2023-07-24 09:43:07.057 +01:00  INF]  CORS policy execution successful.
[2023-07-24 09:43:07.077 +01:00  INF]  Failed to validate the token.
Microsoft.IdentityModel.Tokens.SecurityTokenExpiredException: IDX10223: Lifetime validation failed. The token is expired. ValidTo: '24/07/2023 08:14:08', Current time: '24/07/2023 08:43:07'.
   at Microsoft.IdentityModel.Tokens.Validators.ValidateLifetime(Nullable`1 notBefore, Nullable`1 expires, SecurityToken securityToken, TokenValidationParameters validationParameters)
   at System.IdentityModel.Tokens.Jwt.JwtSecurityTokenHandler.ValidateTokenPayload(JwtSecurityToken jwtToken, TokenValidationParameters validationParameters, BaseConfiguration configuration)
   at System.IdentityModel.Tokens.Jwt.JwtSecurityTokenHandler.ValidateJWS(String token, TokenValidationParameters validationParameters, BaseConfiguration currentConfiguration, SecurityToken& signatureValidatedToken, ExceptionDispatchInfo& exceptionThrown)
--- End of stack trace from previous location ---
   at System.IdentityModel.Tokens.Jwt.JwtSecurityTokenHandler.ValidateToken(String token, JwtSecurityToken outerToken, TokenValidationParameters validationParameters, SecurityToken& signatureValidatedToken)
   at System.IdentityModel.Tokens.Jwt.JwtSecurityTokenHandler.ValidateToken(String token, TokenValidationParameters validationParameters, SecurityToken& validatedToken)
   at Microsoft.AspNetCore.Authentication.JwtBearer.JwtBearerHandler.HandleAuthenticateAsync()
[2023-07-24 09:43:07.077 +01:00  INF]  Bearer was not authenticated. Failure message: IDX10223: Lifetime validation failed. The token is expired. ValidTo: '24/07/2023 08:14:08', Current time: '24/07/2023 08:43:07'.
[2023-07-24 09:43:07.082 +01:00  INF]  Executing endpoint 'Com.XpressPayments.Api.Controllers.AuthController.Logout (Com.XpressPayments.Api)'
[2023-07-24 09:43:07.124 +01:00  INF]  Route matched with {action = "Logout", controller = "Auth"}. Executing controller action with signature System.Threading.Tasks.Task`1[Microsoft.AspNetCore.Mvc.IActionResult] Logout(Com.XpressPayments.Data.DTOs.Account.LogoutDto) on controller Com.XpressPayments.Api.Controllers.AuthController (Com.XpressPayments.Api).
[2023-07-24 09:43:08.604 +01:00  INF]  Executing OkObjectResult, writing value of type 'Com.XpressPayments.Data.GenericResponse.BaseResponse'.
[2023-07-24 09:43:08.620 +01:00  INF]  Executed action Com.XpressPayments.Api.Controllers.AuthController.Logout (Com.XpressPayments.Api) in 1486.0738ms
[2023-07-24 09:43:08.629 +01:00  INF]  Executed endpoint 'Com.XpressPayments.Api.Controllers.AuthController.Logout (Com.XpressPayments.Api)'
[2023-07-24 09:43:08.632 +01:00  INF]  Request finished HTTP/2 POST https://localhost:44317/api/Auth/Logout application/json 48 - 200 - application/json;+charset=utf-8 1584.5772ms
[2023-07-24 09:43:31.574 +01:00  INF]  Request starting HTTP/2 POST https://localhost:44317/api/Auth/Login application/json 82
[2023-07-24 09:43:31.583 +01:00  INF]  CORS policy execution successful.
[2023-07-24 09:43:31.584 +01:00  INF]  Failed to validate the token.
Microsoft.IdentityModel.Tokens.SecurityTokenExpiredException: IDX10223: Lifetime validation failed. The token is expired. ValidTo: '24/07/2023 08:14:08', Current time: '24/07/2023 08:43:31'.
   at Microsoft.IdentityModel.Tokens.Validators.ValidateLifetime(Nullable`1 notBefore, Nullable`1 expires, SecurityToken securityToken, TokenValidationParameters validationParameters)
   at System.IdentityModel.Tokens.Jwt.JwtSecurityTokenHandler.ValidateTokenPayload(JwtSecurityToken jwtToken, TokenValidationParameters validationParameters, BaseConfiguration configuration)
   at System.IdentityModel.Tokens.Jwt.JwtSecurityTokenHandler.ValidateJWS(String token, TokenValidationParameters validationParameters, BaseConfiguration currentConfiguration, SecurityToken& signatureValidatedToken, ExceptionDispatchInfo& exceptionThrown)
--- End of stack trace from previous location ---
   at System.IdentityModel.Tokens.Jwt.JwtSecurityTokenHandler.ValidateToken(String token, JwtSecurityToken outerToken, TokenValidationParameters validationParameters, SecurityToken& signatureValidatedToken)
   at System.IdentityModel.Tokens.Jwt.JwtSecurityTokenHandler.ValidateToken(String token, TokenValidationParameters validationParameters, SecurityToken& validatedToken)
   at Microsoft.AspNetCore.Authentication.JwtBearer.JwtBearerHandler.HandleAuthenticateAsync()
[2023-07-24 09:43:31.584 +01:00  INF]  Bearer was not authenticated. Failure message: IDX10223: Lifetime validation failed. The token is expired. ValidTo: '24/07/2023 08:14:08', Current time: '24/07/2023 08:43:31'.
[2023-07-24 09:43:31.584 +01:00  INF]  Executing endpoint 'Com.XpressPayments.Api.Controllers.AuthController.Login (Com.XpressPayments.Api)'
[2023-07-24 09:43:31.587 +01:00  INF]  Route matched with {action = "Login", controller = "Auth"}. Executing controller action with signature System.Threading.Tasks.Task`1[Microsoft.AspNetCore.Mvc.IActionResult] Login(Com.XpressPayments.Bussiness.ViewModels.LoginModel) on controller Com.XpressPayments.Api.Controllers.AuthController (Com.XpressPayments.Api).
[2023-07-24 09:43:37.303 +01:00  INF]  Executing OkObjectResult, writing value of type 'Com.XpressPayments.Data.GenericResponse.LoginResponse'.
[2023-07-24 09:43:37.324 +01:00  INF]  Executed action Com.XpressPayments.Api.Controllers.AuthController.Login (Com.XpressPayments.Api) in 5736.401ms
[2023-07-24 09:43:37.324 +01:00  INF]  Executed endpoint 'Com.XpressPayments.Api.Controllers.AuthController.Login (Com.XpressPayments.Api)'
[2023-07-24 09:43:37.324 +01:00  INF]  Request finished HTTP/2 POST https://localhost:44317/api/Auth/Login application/json 82 - 200 - application/json;+charset=utf-8 5750.7949ms
[2023-07-24 09:44:05.849 +01:00  INF]  Request starting HTTP/2 POST https://localhost:44317/api/Unit/UpdateUnit application/json 81
[2023-07-24 09:44:05.855 +01:00  INF]  CORS policy execution successful.
[2023-07-24 09:44:05.868 +01:00  INF]  Successfully validated the token.
[2023-07-24 09:44:05.871 +01:00  INF]  Executing endpoint 'Com.XpressPayments.Api.Controllers.UnitController.UpdateUnit (Com.XpressPayments.Api)'
[2023-07-24 09:44:05.885 +01:00  INF]  Route matched with {action = "UpdateUnit", controller = "Unit"}. Executing controller action with signature System.Threading.Tasks.Task`1[Microsoft.AspNetCore.Mvc.IActionResult] UpdateUnit(Com.XpressPayments.Data.DTOs.UpdateUnitDTO) on controller Com.XpressPayments.Api.Controllers.UnitController (Com.XpressPayments.Api).
[2023-07-24 10:07:37.921 +01:00  INF]  User profile is available. Using 'C:\Users\olajumoke.owolabi\AppData\Local\ASP.NET\DataProtection-Keys' as key repository and Windows DPAPI to encrypt keys at rest.
[2023-07-24 10:07:38.257 +01:00  INF]  Application started. Press Ctrl+C to shut down.
[2023-07-24 10:07:38.257 +01:00  INF]  Hosting environment: Development
[2023-07-24 10:07:38.257 +01:00  INF]  Content root path: C:\Users\olajumoke.owolabi\source\repos\hrms-be-backend\Com.XpressPayments.Api\
[2023-07-24 10:07:38.349 +01:00  INF]  Request starting HTTP/2 GET https://localhost:44317/index.html - -
[2023-07-24 10:07:39.077 +01:00  INF]  Request finished HTTP/2 GET https://localhost:44317/index.html - - - 200 - text/html;charset=utf-8 729.9510ms
[2023-07-24 10:07:39.082 +01:00  INF]  Request starting HTTP/2 GET https://localhost:44317/_framework/aspnetcore-browser-refresh.js - -
[2023-07-24 10:07:39.099 +01:00  INF]  Request finished HTTP/2 GET https://localhost:44317/_framework/aspnetcore-browser-refresh.js - - - 200 12014 application/javascript;+charset=utf-8 11.5813ms
[2023-07-24 10:07:39.102 +01:00  INF]  Request starting HTTP/2 GET https://localhost:44317/_vs/browserLink - -
[2023-07-24 10:07:39.189 +01:00  INF]  Request finished HTTP/2 GET https://localhost:44317/_vs/browserLink - - - 200 - text/javascript;+charset=UTF-8 86.9526ms
[2023-07-24 10:07:39.264 +01:00  INF]  Request starting HTTP/2 GET https://localhost:44317/swagger/v1/swagger.json - -
[2023-07-24 10:07:39.487 +01:00  INF]  Request finished HTTP/2 GET https://localhost:44317/swagger/v1/swagger.json - - - 200 - application/json;charset=utf-8 223.5369ms
[2023-07-24 10:08:31.437 +01:00  INF]  Request starting HTTP/2 POST https://localhost:44317/api/Unit/UpdateUnit application/json 81
[2023-07-24 10:08:31.455 +01:00  INF]  CORS policy execution successful.
[2023-07-24 10:08:31.939 +01:00  INF]  Successfully validated the token.
[2023-07-24 10:08:31.954 +01:00  INF]  Executing endpoint 'Com.XpressPayments.Api.Controllers.UnitController.UpdateUnit (Com.XpressPayments.Api)'
[2023-07-24 10:08:32.001 +01:00  INF]  Route matched with {action = "UpdateUnit", controller = "Unit"}. Executing controller action with signature System.Threading.Tasks.Task`1[Microsoft.AspNetCore.Mvc.IActionResult] UpdateUnit(Com.XpressPayments.Data.DTOs.UpdateUnitDTO) on controller Com.XpressPayments.Api.Controllers.UnitController (Com.XpressPayments.Api).
[2023-07-24 10:08:57.004 +01:00  INF]  Unit updated successfully.
[2023-07-24 10:08:57.022 +01:00  INF]  Executing OkObjectResult, writing value of type 'Com.XpressPayments.Data.GenericResponse.BaseResponse'.
[2023-07-24 10:08:57.046 +01:00  INF]  Executed action Com.XpressPayments.Api.Controllers.UnitController.UpdateUnit (Com.XpressPayments.Api) in 25038.3764ms
[2023-07-24 10:08:57.052 +01:00  INF]  Executed endpoint 'Com.XpressPayments.Api.Controllers.UnitController.UpdateUnit (Com.XpressPayments.Api)'
[2023-07-24 10:08:57.055 +01:00  INF]  Request finished HTTP/2 POST https://localhost:44317/api/Unit/UpdateUnit application/json 81 - 200 - application/json;+charset=utf-8 25618.9629ms
[2023-07-24 12:28:29.188 +01:00  INF]  User profile is available. Using 'C:\Users\olajumoke.owolabi\AppData\Local\ASP.NET\DataProtection-Keys' as key repository and Windows DPAPI to encrypt keys at rest.
[2023-07-24 12:28:29.549 +01:00  INF]  Application started. Press Ctrl+C to shut down.
[2023-07-24 12:28:29.549 +01:00  INF]  Hosting environment: Development
[2023-07-24 12:28:29.550 +01:00  INF]  Content root path: C:\Users\olajumoke.owolabi\source\repos\hrms-be-backend\Com.XpressPayments.Api\
[2023-07-24 12:28:29.635 +01:00  INF]  Request starting HTTP/2 GET https://localhost:44317/index.html - -
[2023-07-24 12:28:30.409 +01:00  INF]  Request finished HTTP/2 GET https://localhost:44317/index.html - - - 200 - text/html;charset=utf-8 776.7919ms
[2023-07-24 12:28:30.411 +01:00  INF]  Request starting HTTP/2 GET https://localhost:44317/_framework/aspnetcore-browser-refresh.js - -
[2023-07-24 12:28:30.425 +01:00  INF]  Request finished HTTP/2 GET https://localhost:44317/_framework/aspnetcore-browser-refresh.js - - - 200 12014 application/javascript;+charset=utf-8 9.6158ms
[2023-07-24 12:28:30.430 +01:00  INF]  Request starting HTTP/2 GET https://localhost:44317/_vs/browserLink - -
[2023-07-24 12:28:30.521 +01:00  INF]  Request finished HTTP/2 GET https://localhost:44317/_vs/browserLink - - - 200 - text/javascript;+charset=UTF-8 91.0091ms
[2023-07-24 12:28:30.621 +01:00  INF]  Request starting HTTP/2 GET https://localhost:44317/swagger/v1/swagger.json - -
[2023-07-24 12:28:30.926 +01:00  INF]  Request finished HTTP/2 GET https://localhost:44317/swagger/v1/swagger.json - - - 200 - application/json;charset=utf-8 305.0589ms
[2023-07-24 12:37:45.337 +01:00  INF]  Request starting HTTP/2 POST https://localhost:44317/api/Unit/UpdateUnit application/json 82
[2023-07-24 12:37:45.355 +01:00  INF]  CORS policy execution successful.
[2023-07-24 12:37:45.879 +01:00  INF]  Successfully validated the token.
[2023-07-24 12:37:45.890 +01:00  INF]  Executing endpoint 'Com.XpressPayments.Api.Controllers.UnitController.UpdateUnit (Com.XpressPayments.Api)'
[2023-07-24 12:37:45.922 +01:00  INF]  Route matched with {action = "UpdateUnit", controller = "Unit"}. Executing controller action with signature System.Threading.Tasks.Task`1[Microsoft.AspNetCore.Mvc.IActionResult] UpdateUnit(Com.XpressPayments.Data.DTOs.UpdateUnitDTO) on controller Com.XpressPayments.Api.Controllers.UnitController (Com.XpressPayments.Api).
[2023-07-24 12:38:16.434 +01:00  INF]  Unit updated successfully.
[2023-07-24 12:38:16.461 +01:00  INF]  Executing OkObjectResult, writing value of type 'Com.XpressPayments.Data.GenericResponse.BaseResponse'.
[2023-07-24 12:38:16.505 +01:00  INF]  Executed action Com.XpressPayments.Api.Controllers.UnitController.UpdateUnit (Com.XpressPayments.Api) in 30573.5989ms
[2023-07-24 12:38:16.514 +01:00  INF]  Executed endpoint 'Com.XpressPayments.Api.Controllers.UnitController.UpdateUnit (Com.XpressPayments.Api)'
[2023-07-24 12:38:16.518 +01:00  INF]  Request finished HTTP/2 POST https://localhost:44317/api/Unit/UpdateUnit application/json 82 - 200 - application/json;+charset=utf-8 31182.8357ms
[2023-07-24 12:46:56.235 +01:00  INF]  User profile is available. Using 'C:\Users\olajumoke.owolabi\AppData\Local\ASP.NET\DataProtection-Keys' as key repository and Windows DPAPI to encrypt keys at rest.
[2023-07-24 12:46:56.461 +01:00  INF]  Application started. Press Ctrl+C to shut down.
[2023-07-24 12:46:56.461 +01:00  INF]  Hosting environment: Development
[2023-07-24 12:46:56.461 +01:00  INF]  Content root path: C:\Users\olajumoke.owolabi\source\repos\hrms-be-backend\Com.XpressPayments.Api\
[2023-07-24 12:46:56.521 +01:00  INF]  Request starting HTTP/2 GET https://localhost:44317/index.html - -
[2023-07-24 12:46:57.025 +01:00  INF]  Request finished HTTP/2 GET https://localhost:44317/index.html - - - 200 - text/html;charset=utf-8 507.1097ms
[2023-07-24 12:46:57.029 +01:00  INF]  Request starting HTTP/2 GET https://localhost:44317/_framework/aspnetcore-browser-refresh.js - -
[2023-07-24 12:46:57.058 +01:00  INF]  Request finished HTTP/2 GET https://localhost:44317/_framework/aspnetcore-browser-refresh.js - - - 200 12014 application/javascript;+charset=utf-8 20.2368ms
[2023-07-24 12:46:57.059 +01:00  INF]  Request starting HTTP/2 GET https://localhost:44317/_vs/browserLink - -
[2023-07-24 12:46:57.129 +01:00  INF]  Request finished HTTP/2 GET https://localhost:44317/_vs/browserLink - - - 200 - text/javascript;+charset=UTF-8 70.2313ms
[2023-07-24 12:46:57.213 +01:00  INF]  Request starting HTTP/2 GET https://localhost:44317/swagger/v1/swagger.json - -
[2023-07-24 12:46:57.470 +01:00  INF]  Request finished HTTP/2 GET https://localhost:44317/swagger/v1/swagger.json - - - 200 - application/json;charset=utf-8 257.2318ms
[2023-07-24 14:25:45.823 +01:00  INF]  Request starting HTTP/2 POST https://localhost:44317/api/Employee/ApproveEmp application/json 42
[2023-07-24 14:25:45.867 +01:00  INF]  CORS policy execution successful.
[2023-07-24 14:25:46.345 +01:00  INF]  Failed to validate the token.
Microsoft.IdentityModel.Tokens.SecurityTokenExpiredException: IDX10223: Lifetime validation failed. The token is expired. ValidTo: '24/07/2023 12:39:56', Current time: '24/07/2023 13:25:46'.
   at Microsoft.IdentityModel.Tokens.Validators.ValidateLifetime(Nullable`1 notBefore, Nullable`1 expires, SecurityToken securityToken, TokenValidationParameters validationParameters)
   at System.IdentityModel.Tokens.Jwt.JwtSecurityTokenHandler.ValidateTokenPayload(JwtSecurityToken jwtToken, TokenValidationParameters validationParameters, BaseConfiguration configuration)
   at System.IdentityModel.Tokens.Jwt.JwtSecurityTokenHandler.ValidateJWS(String token, TokenValidationParameters validationParameters, BaseConfiguration currentConfiguration, SecurityToken& signatureValidatedToken, ExceptionDispatchInfo& exceptionThrown)
--- End of stack trace from previous location ---
   at System.IdentityModel.Tokens.Jwt.JwtSecurityTokenHandler.ValidateToken(String token, JwtSecurityToken outerToken, TokenValidationParameters validationParameters, SecurityToken& signatureValidatedToken)
   at System.IdentityModel.Tokens.Jwt.JwtSecurityTokenHandler.ValidateToken(String token, TokenValidationParameters validationParameters, SecurityToken& validatedToken)
   at Microsoft.AspNetCore.Authentication.JwtBearer.JwtBearerHandler.HandleAuthenticateAsync()
[2023-07-24 14:25:46.549 +01:00  INF]  Bearer was not authenticated. Failure message: IDX10223: Lifetime validation failed. The token is expired. ValidTo: '24/07/2023 12:39:56', Current time: '24/07/2023 13:25:46'.
[2023-07-24 14:25:46.557 +01:00  INF]  Authorization failed. These requirements were not met:
DenyAnonymousAuthorizationRequirement: Requires an authenticated user.
[2023-07-24 14:25:46.569 +01:00  INF]  AuthenticationScheme: Bearer was challenged.
[2023-07-24 14:25:46.572 +01:00  INF]  Request finished HTTP/2 POST https://localhost:44317/api/Employee/ApproveEmp application/json 42 - 401 - - 781.6711ms
[2023-07-24 14:28:25.587 +01:00  INF]  Request starting HTTP/2 POST https://localhost:44317/api/Employee/ApproveEmp application/json 42
[2023-07-24 14:28:25.596 +01:00  INF]  CORS policy execution successful.
[2023-07-24 14:28:25.849 +01:00  INF]  Successfully validated the token.
[2023-07-24 14:28:25.858 +01:00  INF]  Executing endpoint 'Com.XpressPayments.Api.Controllers.EmployeeController.ApproveEmp (Com.XpressPayments.Api)'
[2023-07-24 14:28:26.289 +01:00  INF]  Route matched with {action = "ApproveEmp", controller = "Employee"}. Executing controller action with signature System.Threading.Tasks.Task`1[Microsoft.AspNetCore.Mvc.IActionResult] ApproveEmp(Com.XpressPayments.Data.DTOs.ApproveEmp) on controller Com.XpressPayments.Api.Controllers.EmployeeController (Com.XpressPayments.Api).
[2023-07-24 14:29:40.128 +01:00  ERR]  MethodName: FindUser(string email) ===>A network-related or instance-specific error occurred while establishing a connection to SQL Server. The server was not found or was not accessible. Verify that the instance name is correct and that SQL Server is configured to allow remote connections. (provider: TCP Provider, error: 0 - A connection attempt failed because the connected party did not properly respond after a period of time, or established connection failed because connected host has failed to respond.)
[2023-07-24 14:29:40.170 +01:00  ERR]  Exception Occured: ControllerMethod : ApproveEmp ==> A network-related or instance-specific error occurred while establishing a connection to SQL Server. The server was not found or was not accessible. Verify that the instance name is correct and that SQL Server is configured to allow remote connections. (provider: TCP Provider, error: 0 - A connection attempt failed because the connected party did not properly respond after a period of time, or established connection failed because connected host has failed to respond.)
[2023-07-24 14:29:40.179 +01:00  INF]  Executing OkObjectResult, writing value of type 'Com.XpressPayments.Data.GenericResponse.BaseResponse'.
[2023-07-24 14:29:40.192 +01:00  INF]  Executed action Com.XpressPayments.Api.Controllers.EmployeeController.ApproveEmp (Com.XpressPayments.Api) in 73895.5198ms
[2023-07-24 14:29:40.198 +01:00  INF]  Executed endpoint 'Com.XpressPayments.Api.Controllers.EmployeeController.ApproveEmp (Com.XpressPayments.Api)'
[2023-07-24 14:29:40.201 +01:00  INF]  Request finished HTTP/2 POST https://localhost:44317/api/Employee/ApproveEmp application/json 42 - 200 - application/json;+charset=utf-8 74614.2430ms
[2023-07-24 14:30:19.990 +01:00  INF]  Request starting HTTP/2 POST https://localhost:44317/api/Employee/ApproveEmp application/json 42
[2023-07-24 14:30:19.994 +01:00  INF]  CORS policy execution successful.
[2023-07-24 14:30:19.994 +01:00  INF]  Successfully validated the token.
[2023-07-24 14:30:19.995 +01:00  INF]  Executing endpoint 'Com.XpressPayments.Api.Controllers.EmployeeController.ApproveEmp (Com.XpressPayments.Api)'
[2023-07-24 14:30:19.995 +01:00  INF]  Route matched with {action = "ApproveEmp", controller = "Employee"}. Executing controller action with signature System.Threading.Tasks.Task`1[Microsoft.AspNetCore.Mvc.IActionResult] ApproveEmp(Com.XpressPayments.Data.DTOs.ApproveEmp) on controller Com.XpressPayments.Api.Controllers.EmployeeController (Com.XpressPayments.Api).
