[2023-07-31 15:10:58.743 +01:00  INF]  User profile is available. Using 'C:\Users\olajumoke.owolabi\AppData\Local\ASP.NET\DataProtection-Keys' as key repository and Windows DPAPI to encrypt keys at rest.
[2023-07-31 15:10:59.299 +01:00  INF]  Application started. Press Ctrl+C to shut down.
[2023-07-31 15:10:59.299 +01:00  INF]  Hosting environment: Development
[2023-07-31 15:10:59.299 +01:00  INF]  Content root path: C:\Users\olajumoke.owolabi\source\repos\hrms-be-backend\Com.XpressPayments.Api\
[2023-07-31 15:10:59.475 +01:00  INF]  Request starting HTTP/2 GET https://localhost:44317/index.html - -
[2023-07-31 15:11:01.108 +01:00  INF]  Request finished HTTP/2 GET https://localhost:44317/index.html - - - 200 - text/html;charset=utf-8 1641.1076ms
[2023-07-31 15:11:01.637 +01:00  INF]  Request starting HTTP/2 GET https://localhost:44317/swagger-ui.css - -
[2023-07-31 15:11:01.652 +01:00  INF]  Request starting HTTP/2 GET https://localhost:44317/swagger-ui-bundle.js - -
[2023-07-31 15:11:01.691 +01:00  INF]  Request starting HTTP/2 GET https://localhost:44317/swagger-ui-standalone-preset.js - -
[2023-07-31 15:11:01.734 +01:00  INF]  Request starting HTTP/2 GET https://localhost:44317/_vs/browserLink - -
[2023-07-31 15:11:01.734 +01:00  INF]  Request starting HTTP/2 GET https://localhost:44317/_framework/aspnetcore-browser-refresh.js - -
[2023-07-31 15:11:01.766 +01:00  INF]  Request finished HTTP/2 GET https://localhost:44317/_framework/aspnetcore-browser-refresh.js - - - 200 12014 application/javascript;+charset=utf-8 32.0068ms
[2023-07-31 15:11:01.773 +01:00  INF]  Sending file. Request path: '/swagger-ui-bundle.js'. Physical path: 'N/A'
[2023-07-31 15:11:01.773 +01:00  INF]  Sending file. Request path: '/swagger-ui.css'. Physical path: 'N/A'
[2023-07-31 15:11:01.776 +01:00  INF]  Request finished HTTP/2 GET https://localhost:44317/swagger-ui.css - - - 200 143632 text/css 138.8895ms
[2023-07-31 15:11:01.822 +01:00  INF]  Request finished HTTP/2 GET https://localhost:44317/swagger-ui-bundle.js - - - 200 1092889 application/javascript 169.6724ms
[2023-07-31 15:11:01.864 +01:00  INF]  Sending file. Request path: '/swagger-ui-standalone-preset.js'. Physical path: 'N/A'
[2023-07-31 15:11:01.896 +01:00  INF]  Request finished HTTP/2 GET https://localhost:44317/swagger-ui-standalone-preset.js - - - 200 337162 application/javascript 204.6862ms
[2023-07-31 15:11:04.275 +01:00  INF]  Request finished HTTP/2 GET https://localhost:44317/_vs/browserLink - - - 200 - text/javascript;+charset=UTF-8 2540.3754ms
[2023-07-31 15:11:04.945 +01:00  INF]  Request starting HTTP/2 GET https://localhost:44317/swagger/v1/swagger.json - -
[2023-07-31 15:11:04.981 +01:00  INF]  Request starting HTTP/2 GET https://localhost:44317/favicon-32x32.png - -
[2023-07-31 15:11:04.982 +01:00  INF]  Sending file. Request path: '/favicon-32x32.png'. Physical path: 'N/A'
[2023-07-31 15:11:04.982 +01:00  INF]  Request finished HTTP/2 GET https://localhost:44317/favicon-32x32.png - - - 200 628 image/png 0.7460ms
[2023-07-31 15:11:05.247 +01:00  INF]  Request finished HTTP/2 GET https://localhost:44317/swagger/v1/swagger.json - - - 200 - application/json;charset=utf-8 302.0884ms
