[2023-08-04 16:13:58.695 +01:00  INF]  User profile is available. Using 'C:\Users\olajumoke.owolabi\AppData\Local\ASP.NET\DataProtection-Keys' as key repository and Windows DPAPI to encrypt keys at rest.
[2023-08-04 16:13:59.039 +01:00  INF]  Application started. Press Ctrl+C to shut down.
[2023-08-04 16:13:59.039 +01:00  INF]  Hosting environment: Development
[2023-08-04 16:13:59.040 +01:00  INF]  Content root path: C:\Users\olajumoke.owolabi\source\repos\hrms-be-backend\Com.XpressPayments.Api\
[2023-08-04 16:13:59.166 +01:00  INF]  Request starting HTTP/2 GET https://localhost:44317/index.html - -
[2023-08-04 16:14:00.408 +01:00  INF]  Request finished HTTP/2 GET https://localhost:44317/index.html - - - 200 - text/html;charset=utf-8 1247.7938ms
[2023-08-04 16:14:00.422 +01:00  INF]  Request starting HTTP/2 GET https://localhost:44317/swagger-ui.css - -
[2023-08-04 16:14:00.438 +01:00  INF]  Request starting HTTP/2 GET https://localhost:44317/swagger-ui-bundle.js - -
[2023-08-04 16:14:00.478 +01:00  INF]  Request starting HTTP/2 GET https://localhost:44317/swagger-ui-standalone-preset.js - -
[2023-08-04 16:14:00.497 +01:00  INF]  Request starting HTTP/2 GET https://localhost:44317/_framework/aspnetcore-browser-refresh.js - -
[2023-08-04 16:14:00.518 +01:00  INF]  Request finished HTTP/2 GET https://localhost:44317/_framework/aspnetcore-browser-refresh.js - - - 200 12014 application/javascript;+charset=utf-8 21.1677ms
[2023-08-04 16:14:00.520 +01:00  INF]  Sending file. Request path: '/swagger-ui.css'. Physical path: 'N/A'
[2023-08-04 16:14:00.520 +01:00  INF]  Sending file. Request path: '/swagger-ui-standalone-preset.js'. Physical path: 'N/A'
[2023-08-04 16:14:00.530 +01:00  INF]  Request finished HTTP/2 GET https://localhost:44317/swagger-ui.css - - - 200 143632 text/css 107.7963ms
[2023-08-04 16:14:00.534 +01:00  INF]  Sending file. Request path: '/swagger-ui-bundle.js'. Physical path: 'N/A'
[2023-08-04 16:14:00.550 +01:00  INF]  Request finished HTTP/2 GET https://localhost:44317/swagger-ui-standalone-preset.js - - - 200 337162 application/javascript 71.8452ms
[2023-08-04 16:14:00.552 +01:00  INF]  Request starting HTTP/2 GET https://localhost:44317/_vs/browserLink - -
[2023-08-04 16:14:00.656 +01:00  INF]  Request finished HTTP/2 GET https://localhost:44317/swagger-ui-bundle.js - - - 200 1092889 application/javascript 216.7947ms
[2023-08-04 16:14:00.718 +01:00  INF]  Request finished HTTP/2 GET https://localhost:44317/_vs/browserLink - - - 200 - text/javascript;+charset=UTF-8 165.5675ms
[2023-08-04 16:14:00.887 +01:00  INF]  Request starting HTTP/2 GET https://localhost:44317/swagger/v1/swagger.json - -
[2023-08-04 16:14:01.180 +01:00  INF]  Request finished HTTP/2 GET https://localhost:44317/swagger/v1/swagger.json - - - 200 - application/json;charset=utf-8 292.5933ms
[2023-08-04 16:54:36.406 +01:00  INF]  Request starting HTTP/2 POST https://localhost:44317/api/Auth/Logout application/json 48
[2023-08-04 16:54:36.423 +01:00  INF]  CORS policy execution successful.
[2023-08-04 16:54:36.536 +01:00  INF]  Executing endpoint 'Com.XpressPayments.Api.Controllers.AuthController.Logout (Com.XpressPayments.Api)'
[2023-08-04 16:54:36.573 +01:00  INF]  Route matched with {action = "Logout", controller = "Auth"}. Executing controller action with signature System.Threading.Tasks.Task`1[Microsoft.AspNetCore.Mvc.IActionResult] Logout(Com.XpressPayments.Data.DTOs.Account.LogoutDto) on controller Com.XpressPayments.Api.Controllers.AuthController (Com.XpressPayments.Api).
[2023-08-04 16:54:37.154 +01:00  INF]  Executing OkObjectResult, writing value of type 'Com.XpressPayments.Data.GenericResponse.BaseResponse'.
[2023-08-04 16:54:37.173 +01:00  INF]  Executed action Com.XpressPayments.Api.Controllers.AuthController.Logout (Com.XpressPayments.Api) in 589.5645ms
[2023-08-04 16:54:37.180 +01:00  INF]  Executed endpoint 'Com.XpressPayments.Api.Controllers.AuthController.Logout (Com.XpressPayments.Api)'
[2023-08-04 16:54:37.182 +01:00  INF]  Request finished HTTP/2 POST https://localhost:44317/api/Auth/Logout application/json 48 - 200 - application/json;+charset=utf-8 776.4787ms
[2023-08-04 16:54:52.932 +01:00  INF]  Request starting HTTP/2 POST https://localhost:44317/api/Auth/Login application/json 82
[2023-08-04 16:54:52.940 +01:00  INF]  CORS policy execution successful.
[2023-08-04 16:54:52.941 +01:00  INF]  Executing endpoint 'Com.XpressPayments.Api.Controllers.AuthController.Login (Com.XpressPayments.Api)'
[2023-08-04 16:54:52.947 +01:00  INF]  Route matched with {action = "Login", controller = "Auth"}. Executing controller action with signature System.Threading.Tasks.Task`1[Microsoft.AspNetCore.Mvc.IActionResult] Login(Com.XpressPayments.Bussiness.ViewModels.LoginModel) on controller Com.XpressPayments.Api.Controllers.AuthController (Com.XpressPayments.Api).
[2023-08-04 16:54:58.221 +01:00  INF]  Executing OkObjectResult, writing value of type 'Com.XpressPayments.Data.GenericResponse.LoginResponse'.
[2023-08-04 16:54:58.239 +01:00  INF]  Executed action Com.XpressPayments.Api.Controllers.AuthController.Login (Com.XpressPayments.Api) in 5291.4968ms
[2023-08-04 16:54:58.239 +01:00  INF]  Executed endpoint 'Com.XpressPayments.Api.Controllers.AuthController.Login (Com.XpressPayments.Api)'
[2023-08-04 16:54:58.240 +01:00  INF]  Request finished HTTP/2 POST https://localhost:44317/api/Auth/Login application/json 82 - 200 - application/json;+charset=utf-8 5307.3503ms
[2023-08-04 16:58:42.936 +01:00  INF]  Request starting HTTP/2 GET https://localhost:44317/api/Resignation/GetResignationByUserID/25 - -
[2023-08-04 16:58:43.053 +01:00  INF]  Successfully validated the token.
[2023-08-04 16:58:43.055 +01:00  INF]  Executing endpoint 'Com.XpressPayments.Api.ExitModuleController.Controller.ResignationController.GetResignationByUserID (Com.XpressPayments.Api)'
[2023-08-04 16:58:43.060 +01:00  INF]  Route matched with {action = "GetResignationByUserID", controller = "Resignation"}. Executing controller action with signature System.Threading.Tasks.Task`1[Microsoft.AspNetCore.Mvc.IActionResult] GetResignationByUserID(Int64) on controller Com.XpressPayments.Api.ExitModuleController.Controller.ResignationController (Com.XpressPayments.Api).
[2023-08-04 16:58:43.146 +01:00  ERR]  Error Getting Resignation by UserID - 25
[2023-08-04 16:58:43.206 +01:00  ERR]  Exception Occured: GetResignationByUserID(long UserID) ==> Must declare the scalar variable "@IsDeleted".
[2023-08-04 16:58:43.206 +01:00  INF]  Executing OkObjectResult, writing value of type 'Com.XpressPayments.Data.GenericResponse.BaseResponse'.
[2023-08-04 16:58:43.207 +01:00  INF]  Executed action Com.XpressPayments.Api.ExitModuleController.Controller.ResignationController.GetResignationByUserID (Com.XpressPayments.Api) in 147.5481ms
[2023-08-04 16:58:43.207 +01:00  INF]  Executed endpoint 'Com.XpressPayments.Api.ExitModuleController.Controller.ResignationController.GetResignationByUserID (Com.XpressPayments.Api)'
[2023-08-04 16:58:43.208 +01:00  INF]  Request finished HTTP/2 GET https://localhost:44317/api/Resignation/GetResignationByUserID/25 - - - 200 - application/json;+charset=utf-8 272.0909ms
