[2023-09-21 16:58:35.953 +01:00  INF]  User profile is available. Using 'C:\Users\noble.nwabuike\AppData\Local\ASP.NET\DataProtection-Keys' as key repository and Windows DPAPI to encrypt keys at rest.
[2023-09-21 16:58:37.006 +01:00  INF]  Now listening on: https://localhost:5001
[2023-09-21 16:58:37.008 +01:00  INF]  Now listening on: http://localhost:5000
[2023-09-21 16:58:37.020 +01:00  INF]  Application started. Press Ctrl+C to shut down.
[2023-09-21 16:58:37.023 +01:00  INF]  Hosting environment: Development
[2023-09-21 16:58:37.026 +01:00  INF]  Content root path: C:\Users\noble.nwabuike\Downloads\hrms-be-backend\Com.XpressPayments.Api\
[2023-09-21 16:58:42.126 +01:00  INF]  Request starting HTTP/2 GET https://localhost:5001/index.html - -
[2023-09-21 16:58:42.995 +01:00  INF]  Request finished HTTP/2 GET https://localhost:5001/index.html - - - 200 - text/html;charset=utf-8 872.7011ms
[2023-09-21 16:58:43.006 +01:00  INF]  Request starting HTTP/2 GET https://localhost:5001/_framework/aspnetcore-browser-refresh.js - -
[2023-09-21 16:58:43.022 +01:00  INF]  Request finished HTTP/2 GET https://localhost:5001/_framework/aspnetcore-browser-refresh.js - - - 200 12014 application/javascript;+charset=utf-8 15.3622ms
[2023-09-21 16:58:43.057 +01:00  INF]  Request starting HTTP/2 GET https://localhost:5001/_vs/browserLink - -
[2023-09-21 16:58:43.138 +01:00  INF]  Request finished HTTP/2 GET https://localhost:5001/_vs/browserLink - - - 200 - text/javascript;+charset=UTF-8 80.9222ms
[2023-09-21 16:58:43.265 +01:00  INF]  Request starting HTTP/2 GET https://localhost:5001/swagger/v1/swagger.json - -
[2023-09-21 16:58:43.646 +01:00  INF]  Request finished HTTP/2 GET https://localhost:5001/swagger/v1/swagger.json - - - 200 - application/json;charset=utf-8 381.7299ms
[2023-09-21 16:59:01.163 +01:00  INF]  Request starting HTTP/2 POST https://localhost:5001/api/Auth/Logout application/json 48
[2023-09-21 16:59:01.170 +01:00  INF]  CORS policy execution successful.
[2023-09-21 16:59:01.404 +01:00  INF]  Executing endpoint 'Com.XpressPayments.Api.Controllers.AuthController.Logout (Com.XpressPayments.Api)'
[2023-09-21 16:59:01.456 +01:00  INF]  Route matched with {action = "Logout", controller = "Auth"}. Executing controller action with signature System.Threading.Tasks.Task`1[Microsoft.AspNetCore.Mvc.IActionResult] Logout(Com.XpressPayments.Data.DTOs.Account.LogoutDto) on controller Com.XpressPayments.Api.Controllers.AuthController (Com.XpressPayments.Api).
[2023-09-21 16:59:02.130 +01:00  INF]  Executing OkObjectResult, writing value of type 'Com.XpressPayments.Data.GenericResponse.BaseResponse'.
[2023-09-21 16:59:02.146 +01:00  INF]  Executed action Com.XpressPayments.Api.Controllers.AuthController.Logout (Com.XpressPayments.Api) in 676.8639ms
[2023-09-21 16:59:02.157 +01:00  INF]  Executed endpoint 'Com.XpressPayments.Api.Controllers.AuthController.Logout (Com.XpressPayments.Api)'
[2023-09-21 16:59:02.161 +01:00  INF]  Request finished HTTP/2 POST https://localhost:5001/api/Auth/Logout application/json 48 - 200 - application/json;+charset=utf-8 997.7957ms
[2023-09-21 16:59:27.571 +01:00  INF]  Request starting HTTP/2 POST https://localhost:5001/api/Auth/Login application/json 82
[2023-09-21 16:59:27.583 +01:00  INF]  CORS policy execution successful.
[2023-09-21 16:59:27.585 +01:00  INF]  Executing endpoint 'Com.XpressPayments.Api.Controllers.AuthController.Login (Com.XpressPayments.Api)'
[2023-09-21 16:59:27.596 +01:00  INF]  Route matched with {action = "Login", controller = "Auth"}. Executing controller action with signature System.Threading.Tasks.Task`1[Microsoft.AspNetCore.Mvc.IActionResult] Login(Com.XpressPayments.Bussiness.ViewModels.LoginModel) on controller Com.XpressPayments.Api.Controllers.AuthController (Com.XpressPayments.Api).
[2023-09-21 16:59:28.551 +01:00  INF]  Executing OkObjectResult, writing value of type 'Com.XpressPayments.Data.GenericResponse.LoginResponse'.
[2023-09-21 16:59:28.564 +01:00  INF]  Executed action Com.XpressPayments.Api.Controllers.AuthController.Login (Com.XpressPayments.Api) in 965.771ms
[2023-09-21 16:59:28.566 +01:00  INF]  Executed endpoint 'Com.XpressPayments.Api.Controllers.AuthController.Login (Com.XpressPayments.Api)'
[2023-09-21 16:59:28.567 +01:00  INF]  Request finished HTTP/2 POST https://localhost:5001/api/Auth/Login application/json 82 - 200 - application/json;+charset=utf-8 996.3694ms
[2023-09-21 17:03:10.407 +01:00  INF]  Request starting HTTP/2 POST https://localhost:5001/api/TrainingPlan/CreateTrainingPlan application/json 413
[2023-09-21 17:03:10.419 +01:00  INF]  CORS policy execution successful.
[2023-09-21 17:03:10.538 +01:00  INF]  Successfully validated the token.
[2023-09-21 17:03:10.550 +01:00  INF]  Executing endpoint 'Com.XpressPayments.Api.LearningAndDevelopmentModuleController.Controller.TrainingPlanController.CreateTrainingPlan (Com.XpressPayments.Api)'
[2023-09-21 17:03:10.554 +01:00  INF]  Route matched with {action = "CreateTrainingPlan", controller = "TrainingPlan"}. Executing controller action with signature System.Threading.Tasks.Task`1[Microsoft.AspNetCore.Mvc.IActionResult] CreateTrainingPlan(Com.XpressPayments.Data.LearningAndDevelopmentDTO.DTOs.TrainingPlanCreate) on controller Com.XpressPayments.Api.LearningAndDevelopmentModuleController.Controller.TrainingPlanController (Com.XpressPayments.Api).
