[2023-07-08 13:21:02.985 +01:00  INF]  Request starting HTTP/2 POST https://localhost:44317/api/Employee/ApproveEmp application/json 39
[2023-07-08 13:21:03.013 +01:00  INF]  CORS policy execution successful.
[2023-07-08 13:21:03.077 +01:00  INF]  Failed to validate the token.
Microsoft.IdentityModel.Tokens.SecurityTokenExpiredException: IDX10223: Lifetime validation failed. The token is expired. ValidTo: '07/07/2023 20:35:47', Current time: '08/07/2023 12:21:03'.
   at Microsoft.IdentityModel.Tokens.Validators.ValidateLifetime(Nullable`1 notBefore, Nullable`1 expires, SecurityToken securityToken, TokenValidationParameters validationParameters)
   at System.IdentityModel.Tokens.Jwt.JwtSecurityTokenHandler.ValidateTokenPayload(JwtSecurityToken jwtToken, TokenValidationParameters validationParameters, BaseConfiguration configuration)
   at System.IdentityModel.Tokens.Jwt.JwtSecurityTokenHandler.ValidateJWS(String token, TokenValidationParameters validationParameters, BaseConfiguration currentConfiguration, SecurityToken& signatureValidatedToken, ExceptionDispatchInfo& exceptionThrown)
--- End of stack trace from previous location ---
   at System.IdentityModel.Tokens.Jwt.JwtSecurityTokenHandler.ValidateToken(String token, JwtSecurityToken outerToken, TokenValidationParameters validationParameters, SecurityToken& signatureValidatedToken)
   at System.IdentityModel.Tokens.Jwt.JwtSecurityTokenHandler.ValidateToken(String token, TokenValidationParameters validationParameters, SecurityToken& validatedToken)
   at Microsoft.AspNetCore.Authentication.JwtBearer.JwtBearerHandler.HandleAuthenticateAsync()
[2023-07-08 13:21:03.328 +01:00  INF]  Bearer was not authenticated. Failure message: IDX10223: Lifetime validation failed. The token is expired. ValidTo: '07/07/2023 20:35:47', Current time: '08/07/2023 12:21:03'.
[2023-07-08 13:21:03.330 +01:00  INF]  Authorization failed. These requirements were not met:
DenyAnonymousAuthorizationRequirement: Requires an authenticated user.
[2023-07-08 13:21:03.356 +01:00  INF]  AuthenticationScheme: Bearer was challenged.
[2023-07-08 13:21:03.359 +01:00  INF]  Request finished HTTP/2 POST https://localhost:44317/api/Employee/ApproveEmp application/json 39 - 401 - - 374.1030ms
[2023-07-08 13:21:10.674 +01:00  INF]  Request starting HTTP/2 POST https://localhost:44317/api/Employee/ApproveEmp application/json 39
[2023-07-08 13:21:10.676 +01:00  INF]  CORS policy execution successful.
[2023-07-08 13:21:10.680 +01:00  INF]  Failed to validate the token.
Microsoft.IdentityModel.Tokens.SecurityTokenExpiredException: IDX10223: Lifetime validation failed. The token is expired. ValidTo: '07/07/2023 20:35:47', Current time: '08/07/2023 12:21:10'.
   at Microsoft.IdentityModel.Tokens.Validators.ValidateLifetime(Nullable`1 notBefore, Nullable`1 expires, SecurityToken securityToken, TokenValidationParameters validationParameters)
   at System.IdentityModel.Tokens.Jwt.JwtSecurityTokenHandler.ValidateTokenPayload(JwtSecurityToken jwtToken, TokenValidationParameters validationParameters, BaseConfiguration configuration)
   at System.IdentityModel.Tokens.Jwt.JwtSecurityTokenHandler.ValidateJWS(String token, TokenValidationParameters validationParameters, BaseConfiguration currentConfiguration, SecurityToken& signatureValidatedToken, ExceptionDispatchInfo& exceptionThrown)
--- End of stack trace from previous location ---
   at System.IdentityModel.Tokens.Jwt.JwtSecurityTokenHandler.ValidateToken(String token, JwtSecurityToken outerToken, TokenValidationParameters validationParameters, SecurityToken& signatureValidatedToken)
   at System.IdentityModel.Tokens.Jwt.JwtSecurityTokenHandler.ValidateToken(String token, TokenValidationParameters validationParameters, SecurityToken& validatedToken)
   at Microsoft.AspNetCore.Authentication.JwtBearer.JwtBearerHandler.HandleAuthenticateAsync()
[2023-07-08 13:21:10.680 +01:00  INF]  Bearer was not authenticated. Failure message: IDX10223: Lifetime validation failed. The token is expired. ValidTo: '07/07/2023 20:35:47', Current time: '08/07/2023 12:21:10'.
[2023-07-08 13:21:10.682 +01:00  INF]  Authorization failed. These requirements were not met:
DenyAnonymousAuthorizationRequirement: Requires an authenticated user.
[2023-07-08 13:21:10.683 +01:00  INF]  AuthenticationScheme: Bearer was challenged.
[2023-07-08 13:21:10.683 +01:00  INF]  Request finished HTTP/2 POST https://localhost:44317/api/Employee/ApproveEmp application/json 39 - 401 - - 8.9868ms
[2023-07-08 13:21:36.314 +01:00  INF]  User profile is available. Using 'C:\Users\olajumoke.owolabi\AppData\Local\ASP.NET\DataProtection-Keys' as key repository and Windows DPAPI to encrypt keys at rest.
[2023-07-08 13:21:36.843 +01:00  INF]  Application started. Press Ctrl+C to shut down.
[2023-07-08 13:21:36.844 +01:00  INF]  Hosting environment: Development
[2023-07-08 13:21:36.844 +01:00  INF]  Content root path: C:\Users\olajumoke.owolabi\source\repos\hrms-be-backend\Com.XpressPayments.Api\
[2023-07-08 13:21:36.947 +01:00  INF]  Request starting HTTP/2 GET https://localhost:44317/index.html - -
[2023-07-08 13:21:37.889 +01:00  INF]  Request finished HTTP/2 GET https://localhost:44317/index.html - - - 200 - text/html;charset=utf-8 942.7215ms
[2023-07-08 13:21:37.903 +01:00  INF]  Request starting HTTP/2 GET https://localhost:44317/_framework/aspnetcore-browser-refresh.js - -
[2023-07-08 13:21:37.916 +01:00  INF]  Request finished HTTP/2 GET https://localhost:44317/_framework/aspnetcore-browser-refresh.js - - - 200 12014 application/javascript;+charset=utf-8 10.2164ms
[2023-07-08 13:21:37.941 +01:00  INF]  Request starting HTTP/2 GET https://localhost:44317/_vs/browserLink - -
[2023-07-08 13:21:38.052 +01:00  INF]  Request finished HTTP/2 GET https://localhost:44317/_vs/browserLink - - - 200 - text/javascript;+charset=UTF-8 111.2709ms
[2023-07-08 13:21:38.177 +01:00  INF]  Request starting HTTP/2 GET https://localhost:44317/swagger/v1/swagger.json - -
[2023-07-08 13:21:38.235 +01:00  INF]  Request starting HTTP/2 GET https://localhost:44317/favicon-32x32.png - -
[2023-07-08 13:21:38.253 +01:00  INF]  Sending file. Request path: '/favicon-32x32.png'. Physical path: 'N/A'
[2023-07-08 13:21:38.253 +01:00  INF]  Request finished HTTP/2 GET https://localhost:44317/favicon-32x32.png - - - 200 628 image/png 18.5107ms
[2023-07-08 13:21:38.624 +01:00  INF]  Request finished HTTP/2 GET https://localhost:44317/swagger/v1/swagger.json - - - 200 - application/json;charset=utf-8 446.3333ms
[2023-07-08 13:22:21.658 +01:00  INF]  Request starting HTTP/2 POST https://localhost:44317/api/Auth/Logout application/json 53
[2023-07-08 13:22:21.768 +01:00  INF]  CORS policy execution successful.
[2023-07-08 13:22:22.095 +01:00  INF]  Executing endpoint 'Com.XpressPayments.Api.Controllers.AuthController.Logout (Com.XpressPayments.Api)'
[2023-07-08 13:22:22.172 +01:00  INF]  Route matched with {action = "Logout", controller = "Auth"}. Executing controller action with signature System.Threading.Tasks.Task`1[Microsoft.AspNetCore.Mvc.IActionResult] Logout(Com.XpressPayments.Data.DTOs.Account.LogoutDto) on controller Com.XpressPayments.Api.Controllers.AuthController (Com.XpressPayments.Api).
[2023-07-08 13:22:24.458 +01:00  INF]  Executing OkObjectResult, writing value of type 'Com.XpressPayments.Data.GenericResponse.BaseResponse'.
[2023-07-08 13:22:24.481 +01:00  INF]  Executed action Com.XpressPayments.Api.Controllers.AuthController.Logout (Com.XpressPayments.Api) in 2296.8121ms
[2023-07-08 13:22:24.495 +01:00  INF]  Executed endpoint 'Com.XpressPayments.Api.Controllers.AuthController.Logout (Com.XpressPayments.Api)'
[2023-07-08 13:22:24.501 +01:00  INF]  Request finished HTTP/2 POST https://localhost:44317/api/Auth/Logout application/json 53 - 200 - application/json;+charset=utf-8 2843.6446ms
[2023-07-08 13:22:34.147 +01:00  INF]  Request starting HTTP/2 POST https://localhost:44317/api/Auth/Login application/json 91
[2023-07-08 13:22:34.161 +01:00  INF]  CORS policy execution successful.
[2023-07-08 13:22:34.162 +01:00  INF]  Executing endpoint 'Com.XpressPayments.Api.Controllers.AuthController.Login (Com.XpressPayments.Api)'
[2023-07-08 13:22:34.166 +01:00  INF]  Route matched with {action = "Login", controller = "Auth"}. Executing controller action with signature System.Threading.Tasks.Task`1[Microsoft.AspNetCore.Mvc.IActionResult] Login(Com.XpressPayments.Bussiness.ViewModels.LoginModel) on controller Com.XpressPayments.Api.Controllers.AuthController (Com.XpressPayments.Api).
[2023-07-08 13:22:37.189 +01:00  INF]  Executing OkObjectResult, writing value of type 'Com.XpressPayments.Data.GenericResponse.LoginResponse'.
[2023-07-08 13:22:37.250 +01:00  INF]  Executed action Com.XpressPayments.Api.Controllers.AuthController.Login (Com.XpressPayments.Api) in 3082.9415ms
[2023-07-08 13:22:37.250 +01:00  INF]  Executed endpoint 'Com.XpressPayments.Api.Controllers.AuthController.Login (Com.XpressPayments.Api)'
[2023-07-08 13:22:37.255 +01:00  INF]  Request finished HTTP/2 POST https://localhost:44317/api/Auth/Login application/json 91 - 200 - application/json;+charset=utf-8 3104.1339ms
[2023-07-08 13:23:55.655 +01:00  INF]  Request starting HTTP/2 POST https://localhost:44317/api/Employee/ApproveEmp application/json 39
[2023-07-08 13:23:55.672 +01:00  INF]  CORS policy execution successful.
[2023-07-08 13:23:55.917 +01:00  INF]  Successfully validated the token.
[2023-07-08 13:23:55.934 +01:00  INF]  Executing endpoint 'Com.XpressPayments.Api.Controllers.EmployeeController.ApproveEmp (Com.XpressPayments.Api)'
[2023-07-08 13:23:55.940 +01:00  INF]  Route matched with {action = "ApproveEmp", controller = "Employee"}. Executing controller action with signature System.Threading.Tasks.Task`1[Microsoft.AspNetCore.Mvc.IActionResult] ApproveEmp(Com.XpressPayments.Data.DTOs.ApproveEmp) on controller Com.XpressPayments.Api.Controllers.EmployeeController (Com.XpressPayments.Api).
[2023-07-08 13:24:33.636 +01:00  INF]  Executing OkObjectResult, writing value of type 'Com.XpressPayments.Data.GenericResponse.BaseResponse'.
[2023-07-08 13:24:33.636 +01:00  INF]  Executed action Com.XpressPayments.Api.Controllers.EmployeeController.ApproveEmp (Com.XpressPayments.Api) in 37695.7522ms
[2023-07-08 13:24:33.636 +01:00  INF]  Executed endpoint 'Com.XpressPayments.Api.Controllers.EmployeeController.ApproveEmp (Com.XpressPayments.Api)'
[2023-07-08 13:24:33.638 +01:00  INF]  Request finished HTTP/2 POST https://localhost:44317/api/Employee/ApproveEmp application/json 39 - 200 - application/json;+charset=utf-8 37982.9687ms
[2023-07-08 13:26:13.177 +01:00  INF]  Request starting HTTP/2 POST https://localhost:44317/api/Employee/ApproveEmp application/json 39
[2023-07-08 13:26:13.189 +01:00  INF]  CORS policy execution successful.
[2023-07-08 13:26:13.190 +01:00  INF]  Successfully validated the token.
[2023-07-08 13:26:13.199 +01:00  INF]  Executing endpoint 'Com.XpressPayments.Api.Controllers.EmployeeController.ApproveEmp (Com.XpressPayments.Api)'
[2023-07-08 13:26:13.203 +01:00  INF]  Route matched with {action = "ApproveEmp", controller = "Employee"}. Executing controller action with signature System.Threading.Tasks.Task`1[Microsoft.AspNetCore.Mvc.IActionResult] ApproveEmp(Com.XpressPayments.Data.DTOs.ApproveEmp) on controller Com.XpressPayments.Api.Controllers.EmployeeController (Com.XpressPayments.Api).
[2023-07-08 13:31:36.830 +01:00  INF]  User profile is available. Using 'C:\Users\olajumoke.owolabi\AppData\Local\ASP.NET\DataProtection-Keys' as key repository and Windows DPAPI to encrypt keys at rest.
[2023-07-08 13:31:37.349 +01:00  INF]  Application started. Press Ctrl+C to shut down.
[2023-07-08 13:31:37.350 +01:00  INF]  Hosting environment: Development
[2023-07-08 13:31:37.350 +01:00  INF]  Content root path: C:\Users\olajumoke.owolabi\source\repos\hrms-be-backend\Com.XpressPayments.Api\
[2023-07-08 13:31:37.441 +01:00  INF]  Request starting HTTP/2 GET https://localhost:44317/index.html - -
[2023-07-08 13:31:38.465 +01:00  INF]  Request finished HTTP/2 GET https://localhost:44317/index.html - - - 200 - text/html;charset=utf-8 1032.3921ms
[2023-07-08 13:31:38.497 +01:00  INF]  Request starting HTTP/2 GET https://localhost:44317/_framework/aspnetcore-browser-refresh.js - -
[2023-07-08 13:31:38.509 +01:00  INF]  Request starting HTTP/2 GET https://localhost:44317/_vs/browserLink - -
[2023-07-08 13:31:38.511 +01:00  INF]  Request finished HTTP/2 GET https://localhost:44317/_framework/aspnetcore-browser-refresh.js - - - 200 12014 application/javascript;+charset=utf-8 14.0175ms
[2023-07-08 13:31:38.599 +01:00  INF]  Request finished HTTP/2 GET https://localhost:44317/_vs/browserLink - - - 200 - text/javascript;+charset=UTF-8 90.6784ms
[2023-07-08 13:31:38.670 +01:00  INF]  Request starting HTTP/2 GET https://localhost:44317/swagger/v1/swagger.json - -
[2023-07-08 13:31:39.148 +01:00  INF]  Request finished HTTP/2 GET https://localhost:44317/swagger/v1/swagger.json - - - 200 - application/json;charset=utf-8 478.3303ms
[2023-07-08 13:32:02.790 +01:00  INF]  Request starting HTTP/2 POST https://localhost:44317/api/Employee/ApproveEmp application/json 39
[2023-07-08 13:32:02.834 +01:00  INF]  CORS policy execution successful.
[2023-07-08 13:32:03.604 +01:00  INF]  Successfully validated the token.
[2023-07-08 13:32:03.632 +01:00  INF]  Executing endpoint 'Com.XpressPayments.Api.Controllers.EmployeeController.ApproveEmp (Com.XpressPayments.Api)'
[2023-07-08 13:32:03.694 +01:00  INF]  Route matched with {action = "ApproveEmp", controller = "Employee"}. Executing controller action with signature System.Threading.Tasks.Task`1[Microsoft.AspNetCore.Mvc.IActionResult] ApproveEmp(Com.XpressPayments.Data.DTOs.ApproveEmp) on controller Com.XpressPayments.Api.Controllers.EmployeeController (Com.XpressPayments.Api).
[2023-07-08 13:33:08.489 +01:00  INF]  Executing OkObjectResult, writing value of type 'Com.XpressPayments.Data.GenericResponse.BaseResponse'.
[2023-07-08 13:33:08.499 +01:00  INF]  Executed action Com.XpressPayments.Api.Controllers.EmployeeController.ApproveEmp (Com.XpressPayments.Api) in 64798.9535ms
[2023-07-08 13:33:08.505 +01:00  INF]  Executed endpoint 'Com.XpressPayments.Api.Controllers.EmployeeController.ApproveEmp (Com.XpressPayments.Api)'
[2023-07-08 13:33:08.507 +01:00  INF]  Request finished HTTP/2 POST https://localhost:44317/api/Employee/ApproveEmp application/json 39 - 200 - application/json;+charset=utf-8 65719.1133ms
[2023-07-08 13:34:41.012 +01:00  INF]  User profile is available. Using 'C:\Users\olajumoke.owolabi\AppData\Local\ASP.NET\DataProtection-Keys' as key repository and Windows DPAPI to encrypt keys at rest.
[2023-07-08 13:34:41.699 +01:00  INF]  Application started. Press Ctrl+C to shut down.
[2023-07-08 13:34:41.705 +01:00  INF]  Hosting environment: Development
[2023-07-08 13:34:41.705 +01:00  INF]  Content root path: C:\Users\olajumoke.owolabi\source\repos\hrms-be-backend\Com.XpressPayments.Api\
[2023-07-08 13:34:41.869 +01:00  INF]  Request starting HTTP/2 GET https://localhost:44317/index.html - -
[2023-07-08 13:34:43.052 +01:00  INF]  Request starting HTTP/2 GET https://localhost:44317/_framework/aspnetcore-browser-refresh.js - -
[2023-07-08 13:34:43.053 +01:00  INF]  Request finished HTTP/2 GET https://localhost:44317/index.html - - - 200 - text/html;charset=utf-8 1206.5758ms
[2023-07-08 13:34:43.090 +01:00  INF]  Request starting HTTP/2 GET https://localhost:44317/_vs/browserLink - -
[2023-07-08 13:34:43.095 +01:00  INF]  Request finished HTTP/2 GET https://localhost:44317/_framework/aspnetcore-browser-refresh.js - - - 200 12014 application/javascript;+charset=utf-8 43.1322ms
[2023-07-08 13:34:43.170 +01:00  INF]  Request finished HTTP/2 GET https://localhost:44317/_vs/browserLink - - - 200 - text/javascript;+charset=UTF-8 79.4524ms
[2023-07-08 13:34:43.226 +01:00  INF]  Request starting HTTP/2 GET https://localhost:44317/swagger/v1/swagger.json - -
[2023-07-08 13:34:43.813 +01:00  INF]  Request finished HTTP/2 GET https://localhost:44317/swagger/v1/swagger.json - - - 200 - application/json;charset=utf-8 587.2779ms
[2023-07-08 13:35:05.476 +01:00  INF]  Request starting HTTP/2 POST https://localhost:44317/api/Employee/ApproveEmp application/json 39
[2023-07-08 13:35:05.549 +01:00  INF]  CORS policy execution successful.
[2023-07-08 13:35:06.302 +01:00  INF]  Successfully validated the token.
[2023-07-08 13:35:06.334 +01:00  INF]  Executing endpoint 'Com.XpressPayments.Api.Controllers.EmployeeController.ApproveEmp (Com.XpressPayments.Api)'
[2023-07-08 13:35:06.405 +01:00  INF]  Route matched with {action = "ApproveEmp", controller = "Employee"}. Executing controller action with signature System.Threading.Tasks.Task`1[Microsoft.AspNetCore.Mvc.IActionResult] ApproveEmp(Com.XpressPayments.Data.DTOs.ApproveEmp) on controller Com.XpressPayments.Api.Controllers.EmployeeController (Com.XpressPayments.Api).
[2023-07-08 13:48:27.704 +01:00  INF]  User profile is available. Using 'C:\Users\olajumoke.owolabi\AppData\Local\ASP.NET\DataProtection-Keys' as key repository and Windows DPAPI to encrypt keys at rest.
[2023-07-08 13:48:27.925 +01:00  INF]  Application started. Press Ctrl+C to shut down.
[2023-07-08 13:48:27.925 +01:00  INF]  Hosting environment: Development
[2023-07-08 13:48:27.925 +01:00  INF]  Content root path: C:\Users\olajumoke.owolabi\source\repos\hrms-be-backend\Com.XpressPayments.Api\
[2023-07-08 13:48:27.970 +01:00  INF]  Request starting HTTP/2 GET https://localhost:44317/index.html - -
[2023-07-08 13:48:28.419 +01:00  INF]  Request starting HTTP/2 GET https://localhost:44317/_framework/aspnetcore-browser-refresh.js - -
[2023-07-08 13:48:28.421 +01:00  INF]  Request finished HTTP/2 GET https://localhost:44317/index.html - - - 200 - text/html;charset=utf-8 455.0970ms
[2023-07-08 13:48:28.441 +01:00  INF]  Request starting HTTP/2 GET https://localhost:44317/_vs/browserLink - -
[2023-07-08 13:48:28.444 +01:00  INF]  Request finished HTTP/2 GET https://localhost:44317/_framework/aspnetcore-browser-refresh.js - - - 200 12014 application/javascript;+charset=utf-8 23.9288ms
[2023-07-08 13:48:28.500 +01:00  INF]  Request finished HTTP/2 GET https://localhost:44317/_vs/browserLink - - - 200 - text/javascript;+charset=UTF-8 59.0103ms
[2023-07-08 13:48:28.553 +01:00  INF]  Request starting HTTP/2 GET https://localhost:44317/swagger/v1/swagger.json - -
[2023-07-08 13:48:28.745 +01:00  INF]  Request finished HTTP/2 GET https://localhost:44317/swagger/v1/swagger.json - - - 200 - application/json;charset=utf-8 191.5693ms
[2023-07-08 13:49:07.195 +01:00  INF]  Request starting HTTP/2 POST https://localhost:44317/api/Employee/ApproveEmp application/json 39
[2023-07-08 13:49:07.243 +01:00  INF]  CORS policy execution successful.
[2023-07-08 13:49:07.657 +01:00  INF]  Successfully validated the token.
[2023-07-08 13:49:07.673 +01:00  INF]  Executing endpoint 'Com.XpressPayments.Api.Controllers.EmployeeController.ApproveEmp (Com.XpressPayments.Api)'
[2023-07-08 13:49:07.727 +01:00  INF]  Route matched with {action = "ApproveEmp", controller = "Employee"}. Executing controller action with signature System.Threading.Tasks.Task`1[Microsoft.AspNetCore.Mvc.IActionResult] ApproveEmp(Com.XpressPayments.Data.DTOs.ApproveEmp) on controller Com.XpressPayments.Api.Controllers.EmployeeController (Com.XpressPayments.Api).
[2023-07-08 13:52:26.835 +01:00  INF]  User profile is available. Using 'C:\Users\olajumoke.owolabi\AppData\Local\ASP.NET\DataProtection-Keys' as key repository and Windows DPAPI to encrypt keys at rest.
[2023-07-08 13:52:27.045 +01:00  INF]  Application started. Press Ctrl+C to shut down.
[2023-07-08 13:52:27.045 +01:00  INF]  Hosting environment: Development
[2023-07-08 13:52:27.045 +01:00  INF]  Content root path: C:\Users\olajumoke.owolabi\source\repos\hrms-be-backend\Com.XpressPayments.Api\
[2023-07-08 13:52:27.094 +01:00  INF]  Request starting HTTP/2 GET https://localhost:44317/index.html - -
[2023-07-08 13:52:27.569 +01:00  INF]  Request finished HTTP/2 GET https://localhost:44317/index.html - - - 200 - text/html;charset=utf-8 478.5475ms
[2023-07-08 13:52:27.570 +01:00  INF]  Request starting HTTP/2 GET https://localhost:44317/_framework/aspnetcore-browser-refresh.js - -
[2023-07-08 13:52:27.587 +01:00  INF]  Request starting HTTP/2 GET https://localhost:44317/_vs/browserLink - -
[2023-07-08 13:52:27.593 +01:00  INF]  Request finished HTTP/2 GET https://localhost:44317/_framework/aspnetcore-browser-refresh.js - - - 200 12014 application/javascript;+charset=utf-8 19.5510ms
[2023-07-08 13:52:27.646 +01:00  INF]  Request finished HTTP/2 GET https://localhost:44317/_vs/browserLink - - - 200 - text/javascript;+charset=UTF-8 58.7938ms
[2023-07-08 13:52:27.703 +01:00  INF]  Request starting HTTP/2 GET https://localhost:44317/swagger/v1/swagger.json - -
[2023-07-08 13:52:27.908 +01:00  INF]  Request finished HTTP/2 GET https://localhost:44317/swagger/v1/swagger.json - - - 200 - application/json;charset=utf-8 205.0662ms
[2023-07-08 13:53:05.046 +01:00  INF]  Request starting HTTP/2 POST https://localhost:44317/api/Employee/ApproveEmp application/json 39
[2023-07-08 13:53:05.064 +01:00  INF]  CORS policy execution successful.
[2023-07-08 13:53:05.414 +01:00  INF]  Successfully validated the token.
[2023-07-08 13:53:05.425 +01:00  INF]  Executing endpoint 'Com.XpressPayments.Api.Controllers.EmployeeController.ApproveEmp (Com.XpressPayments.Api)'
[2023-07-08 13:53:05.453 +01:00  INF]  Route matched with {action = "ApproveEmp", controller = "Employee"}. Executing controller action with signature System.Threading.Tasks.Task`1[Microsoft.AspNetCore.Mvc.IActionResult] ApproveEmp(Com.XpressPayments.Data.DTOs.ApproveEmp) on controller Com.XpressPayments.Api.Controllers.EmployeeController (Com.XpressPayments.Api).
