[2023-07-03 15:16:32.249 +01:00  INF]  User profile is available. Using 'C:\Users\olajumoke.owolabi\AppData\Local\ASP.NET\DataProtection-Keys' as key repository and Windows DPAPI to encrypt keys at rest.
[2023-07-03 15:16:32.623 +01:00  INF]  Application started. Press Ctrl+C to shut down.
[2023-07-03 15:16:32.623 +01:00  INF]  Hosting environment: Development
[2023-07-03 15:16:32.623 +01:00  INF]  Content root path: C:\Users\olajumoke.owolabi\source\repos\hrms-be-backend\Com.XpressPayments.Api\
[2023-07-03 15:16:32.720 +01:00  INF]  Request starting HTTP/2 GET https://localhost:44317/index.html - -
[2023-07-03 15:16:33.510 +01:00  INF]  Request finished HTTP/2 GET https://localhost:44317/index.html - - - 200 - text/html;charset=utf-8 793.1030ms
[2023-07-03 15:16:33.570 +01:00  INF]  Request starting HTTP/2 GET https://localhost:44317/swagger-ui.css - -
[2023-07-03 15:16:33.591 +01:00  INF]  Request starting HTTP/2 GET https://localhost:44317/swagger-ui-bundle.js - -
[2023-07-03 15:16:33.621 +01:00  INF]  Request starting HTTP/2 GET https://localhost:44317/_framework/aspnetcore-browser-refresh.js - -
[2023-07-03 15:16:33.621 +01:00  INF]  Request starting HTTP/2 GET https://localhost:44317/_vs/browserLink - -
[2023-07-03 15:16:33.622 +01:00  INF]  Request starting HTTP/2 GET https://localhost:44317/swagger-ui-standalone-preset.js - -
[2023-07-03 15:16:33.642 +01:00  INF]  Request finished HTTP/2 GET https://localhost:44317/_framework/aspnetcore-browser-refresh.js - - - 200 12014 application/javascript;+charset=utf-8 21.0259ms
[2023-07-03 15:16:33.653 +01:00  INF]  Sending file. Request path: '/swagger-ui.css'. Physical path: 'N/A'
[2023-07-03 15:16:33.653 +01:00  INF]  Sending file. Request path: '/swagger-ui-standalone-preset.js'. Physical path: 'N/A'
[2023-07-03 15:16:33.666 +01:00  INF]  Request finished HTTP/2 GET https://localhost:44317/swagger-ui.css - - - 200 143632 text/css 95.5892ms
[2023-07-03 15:16:33.683 +01:00  INF]  Request finished HTTP/2 GET https://localhost:44317/swagger-ui-standalone-preset.js - - - 200 337162 application/javascript 61.3884ms
[2023-07-03 15:16:33.690 +01:00  INF]  Sending file. Request path: '/swagger-ui-bundle.js'. Physical path: 'N/A'
[2023-07-03 15:16:33.748 +01:00  INF]  Request finished HTTP/2 GET https://localhost:44317/swagger-ui-bundle.js - - - 200 1092889 application/javascript 158.5498ms
[2023-07-03 15:16:33.757 +01:00  INF]  Request finished HTTP/2 GET https://localhost:44317/_vs/browserLink - - - 200 - text/javascript;+charset=UTF-8 135.7619ms
[2023-07-03 15:16:33.954 +01:00  INF]  Request starting HTTP/2 GET https://localhost:44317/swagger/v1/swagger.json - -
[2023-07-03 15:16:34.393 +01:00  INF]  Request finished HTTP/2 GET https://localhost:44317/swagger/v1/swagger.json - - - 200 - application/json;charset=utf-8 439.0336ms
[2023-07-03 15:19:56.199 +01:00  INF]  Request starting HTTP/2 POST https://localhost:44317/api/EmployeeType/CreateEmployeeType application/json 51
[2023-07-03 15:19:56.282 +01:00  INF]  CORS policy execution successful.
[2023-07-03 15:19:56.753 +01:00  INF]  Successfully validated the token.
[2023-07-03 15:19:56.767 +01:00  INF]  Executing endpoint 'Com.XpressPayments.Api.Controllers.EmployeeTypeController.CreateEmployeeType (Com.XpressPayments.Api)'
[2023-07-03 15:19:56.811 +01:00  INF]  Route matched with {action = "CreateEmployeeType", controller = "EmployeeType"}. Executing controller action with signature System.Threading.Tasks.Task`1[Microsoft.AspNetCore.Mvc.IActionResult] CreateEmployeeType(Com.XpressPayments.Data.DTOs.CraeteEmployeeTypeDTO) on controller Com.XpressPayments.Api.Controllers.EmployeeTypeController (Com.XpressPayments.Api).
[2023-07-03 15:23:13.873 +01:00  INF]  Executing OkObjectResult, writing value of type 'Com.XpressPayments.Data.GenericResponse.BaseResponse'.
[2023-07-03 15:23:13.884 +01:00  INF]  Executed action Com.XpressPayments.Api.Controllers.EmployeeTypeController.CreateEmployeeType (Com.XpressPayments.Api) in 197066.9305ms
[2023-07-03 15:23:13.890 +01:00  INF]  Executed endpoint 'Com.XpressPayments.Api.Controllers.EmployeeTypeController.CreateEmployeeType (Com.XpressPayments.Api)'
[2023-07-03 15:23:13.894 +01:00  INF]  Request finished HTTP/2 POST https://localhost:44317/api/EmployeeType/CreateEmployeeType application/json 51 - 200 - application/json;+charset=utf-8 197694.8434ms
[2023-07-03 15:29:12.672 +01:00  INF]  User profile is available. Using 'C:\Users\olajumoke.owolabi\AppData\Local\ASP.NET\DataProtection-Keys' as key repository and Windows DPAPI to encrypt keys at rest.
[2023-07-03 15:29:12.874 +01:00  INF]  Application started. Press Ctrl+C to shut down.
[2023-07-03 15:29:12.880 +01:00  INF]  Hosting environment: Development
[2023-07-03 15:29:12.880 +01:00  INF]  Content root path: C:\Users\olajumoke.owolabi\source\repos\hrms-be-backend\Com.XpressPayments.Api\
[2023-07-03 15:29:12.915 +01:00  INF]  Request starting HTTP/2 GET https://localhost:44317/index.html - -
[2023-07-03 15:29:13.361 +01:00  INF]  Request starting HTTP/2 GET https://localhost:44317/_framework/aspnetcore-browser-refresh.js - -
[2023-07-03 15:29:13.361 +01:00  INF]  Request finished HTTP/2 GET https://localhost:44317/index.html - - - 200 - text/html;charset=utf-8 448.6359ms
[2023-07-03 15:29:13.375 +01:00  INF]  Request finished HTTP/2 GET https://localhost:44317/_framework/aspnetcore-browser-refresh.js - - - 200 12014 application/javascript;+charset=utf-8 13.5809ms
[2023-07-03 15:29:13.387 +01:00  INF]  Request starting HTTP/2 GET https://localhost:44317/_vs/browserLink - -
[2023-07-03 15:29:13.443 +01:00  INF]  Request finished HTTP/2 GET https://localhost:44317/_vs/browserLink - - - 200 - text/javascript;+charset=UTF-8 56.6080ms
[2023-07-03 15:29:13.638 +01:00  INF]  Request starting HTTP/2 GET https://localhost:44317/swagger/v1/swagger.json - -
[2023-07-03 15:29:13.898 +01:00  INF]  Request finished HTTP/2 GET https://localhost:44317/swagger/v1/swagger.json - - - 200 - application/json;charset=utf-8 259.8923ms
[2023-07-03 15:29:38.042 +01:00  INF]  Request starting HTTP/2 POST https://localhost:44317/api/EmployeeType/CreateEmployeeType application/json 51
[2023-07-03 15:29:38.060 +01:00  INF]  CORS policy execution successful.
[2023-07-03 15:29:38.500 +01:00  INF]  Successfully validated the token.
[2023-07-03 15:29:38.521 +01:00  INF]  Executing endpoint 'Com.XpressPayments.Api.Controllers.EmployeeTypeController.CreateEmployeeType (Com.XpressPayments.Api)'
[2023-07-03 15:29:38.556 +01:00  INF]  Route matched with {action = "CreateEmployeeType", controller = "EmployeeType"}. Executing controller action with signature System.Threading.Tasks.Task`1[Microsoft.AspNetCore.Mvc.IActionResult] CreateEmployeeType(Com.XpressPayments.Data.DTOs.CraeteEmployeeTypeDTO) on controller Com.XpressPayments.Api.Controllers.EmployeeTypeController (Com.XpressPayments.Api).
[2023-07-03 15:30:19.839 +01:00  INF]  Executing OkObjectResult, writing value of type 'Com.XpressPayments.Data.GenericResponse.BaseResponse'.
[2023-07-03 15:30:19.860 +01:00  INF]  Executed action Com.XpressPayments.Api.Controllers.EmployeeTypeController.CreateEmployeeType (Com.XpressPayments.Api) in 41295.9273ms
[2023-07-03 15:30:19.866 +01:00  INF]  Executed endpoint 'Com.XpressPayments.Api.Controllers.EmployeeTypeController.CreateEmployeeType (Com.XpressPayments.Api)'
[2023-07-03 15:30:19.868 +01:00  INF]  Request finished HTTP/2 POST https://localhost:44317/api/EmployeeType/CreateEmployeeType application/json 51 - 200 - application/json;+charset=utf-8 41827.3270ms
[2023-07-03 16:01:07.419 +01:00  INF]  User profile is available. Using 'C:\Users\olajumoke.owolabi\AppData\Local\ASP.NET\DataProtection-Keys' as key repository and Windows DPAPI to encrypt keys at rest.
[2023-07-03 16:01:07.670 +01:00  INF]  Application started. Press Ctrl+C to shut down.
[2023-07-03 16:01:07.671 +01:00  INF]  Hosting environment: Development
[2023-07-03 16:01:07.671 +01:00  INF]  Content root path: C:\Users\olajumoke.owolabi\source\repos\hrms-be-backend\Com.XpressPayments.Api\
[2023-07-03 16:01:07.717 +01:00  INF]  Request starting HTTP/2 GET https://localhost:44317/index.html - -
[2023-07-03 16:01:08.223 +01:00  INF]  Request finished HTTP/2 GET https://localhost:44317/index.html - - - 200 - text/html;charset=utf-8 509.4921ms
[2023-07-03 16:01:08.224 +01:00  INF]  Request starting HTTP/2 GET https://localhost:44317/_framework/aspnetcore-browser-refresh.js - -
[2023-07-03 16:01:08.244 +01:00  INF]  Request finished HTTP/2 GET https://localhost:44317/_framework/aspnetcore-browser-refresh.js - - - 200 12014 application/javascript;+charset=utf-8 15.8087ms
[2023-07-03 16:01:08.244 +01:00  INF]  Request starting HTTP/2 GET https://localhost:44317/_vs/browserLink - -
[2023-07-03 16:01:08.298 +01:00  INF]  Request finished HTTP/2 GET https://localhost:44317/_vs/browserLink - - - 200 - text/javascript;+charset=UTF-8 53.9476ms
[2023-07-03 16:01:08.348 +01:00  INF]  Request starting HTTP/2 GET https://localhost:44317/swagger/v1/swagger.json - -
[2023-07-03 16:01:08.547 +01:00  INF]  Request finished HTTP/2 GET https://localhost:44317/swagger/v1/swagger.json - - - 200 - application/json;charset=utf-8 198.8849ms
