[2023-06-30 08:54:48.508 +01:00  INF]  User profile is available. Using 'C:\Users\olajumoke.owolabi\AppData\Local\ASP.NET\DataProtection-Keys' as key repository and Windows DPAPI to encrypt keys at rest.
[2023-06-30 08:54:49.001 +01:00  INF]  Application started. Press Ctrl+C to shut down.
[2023-06-30 08:54:49.002 +01:00  INF]  Hosting environment: Development
[2023-06-30 08:54:49.002 +01:00  INF]  Content root path: C:\Users\olajumoke.owolabi\source\repos\hrms-be-backend\Com.XpressPayments.Api\
[2023-06-30 08:54:49.105 +01:00  INF]  Request starting HTTP/2 GET https://localhost:44317/index.html - -
[2023-06-30 08:54:50.031 +01:00  INF]  Request finished HTTP/2 GET https://localhost:44317/index.html - - - 200 - text/html;charset=utf-8 928.2801ms
[2023-06-30 08:54:50.039 +01:00  INF]  Request starting HTTP/2 GET https://localhost:44317/_framework/aspnetcore-browser-refresh.js - -
[2023-06-30 08:54:50.055 +01:00  INF]  Request finished HTTP/2 GET https://localhost:44317/_framework/aspnetcore-browser-refresh.js - - - 200 12014 application/javascript;+charset=utf-8 8.9280ms
[2023-06-30 08:54:50.076 +01:00  INF]  Request starting HTTP/2 GET https://localhost:44317/_vs/browserLink - -
[2023-06-30 08:54:50.172 +01:00  INF]  Request finished HTTP/2 GET https://localhost:44317/_vs/browserLink - - - 200 - text/javascript;+charset=UTF-8 96.4660ms
[2023-06-30 08:54:50.250 +01:00  INF]  Request starting HTTP/2 GET https://localhost:44317/swagger/v1/swagger.json - -
[2023-06-30 08:54:50.504 +01:00  INF]  Request finished HTTP/2 GET https://localhost:44317/swagger/v1/swagger.json - - - 200 - application/json;charset=utf-8 253.9903ms
[2023-06-30 09:26:40.683 +01:00  INF]  User profile is available. Using 'C:\Users\olajumoke.owolabi\AppData\Local\ASP.NET\DataProtection-Keys' as key repository and Windows DPAPI to encrypt keys at rest.
[2023-06-30 09:26:41.110 +01:00  INF]  Application started. Press Ctrl+C to shut down.
[2023-06-30 09:26:41.110 +01:00  INF]  Hosting environment: Development
[2023-06-30 09:26:41.110 +01:00  INF]  Content root path: C:\Users\olajumoke.owolabi\source\repos\hrms-be-backend\Com.XpressPayments.Api\
[2023-06-30 09:26:41.204 +01:00  INF]  Request starting HTTP/2 GET https://localhost:44317/index.html - -
[2023-06-30 09:26:42.079 +01:00  INF]  Request finished HTTP/2 GET https://localhost:44317/index.html - - - 200 - text/html;charset=utf-8 877.9201ms
[2023-06-30 09:26:42.080 +01:00  INF]  Request starting HTTP/2 GET https://localhost:44317/_framework/aspnetcore-browser-refresh.js - -
[2023-06-30 09:26:42.094 +01:00  INF]  Request finished HTTP/2 GET https://localhost:44317/_framework/aspnetcore-browser-refresh.js - - - 200 12014 application/javascript;+charset=utf-8 11.4152ms
[2023-06-30 09:26:42.119 +01:00  INF]  Request starting HTTP/2 GET https://localhost:44317/_vs/browserLink - -
[2023-06-30 09:26:42.247 +01:00  INF]  Request finished HTTP/2 GET https://localhost:44317/_vs/browserLink - - - 200 - text/javascript;+charset=UTF-8 127.9875ms
[2023-06-30 09:26:42.344 +01:00  INF]  Request starting HTTP/2 GET https://localhost:44317/swagger/v1/swagger.json - -
[2023-06-30 09:26:42.639 +01:00  INF]  Request finished HTTP/2 GET https://localhost:44317/swagger/v1/swagger.json - - - 200 - application/json;charset=utf-8 295.4774ms
[2023-06-30 09:29:59.951 +01:00  INF]  Request starting HTTP/2 POST https://localhost:44317/api/Auth/Logout application/json 41
[2023-06-30 09:30:00.003 +01:00  INF]  CORS policy execution successful.
[2023-06-30 09:30:00.140 +01:00  INF]  Executing endpoint 'Com.XpressPayments.Api.Controllers.AuthController.Logout (Com.XpressPayments.Api)'
[2023-06-30 09:30:00.181 +01:00  INF]  Route matched with {action = "Logout", controller = "Auth"}. Executing controller action with signature System.Threading.Tasks.Task`1[Microsoft.AspNetCore.Mvc.IActionResult] Logout(Com.XpressPayments.Data.DTOs.Account.LogoutDto) on controller Com.XpressPayments.Api.Controllers.AuthController (Com.XpressPayments.Api).
[2023-06-30 09:30:00.779 +01:00  INF]  Executing OkObjectResult, writing value of type 'Com.XpressPayments.Data.GenericResponse.BaseResponse'.
[2023-06-30 09:30:00.793 +01:00  INF]  Executed action Com.XpressPayments.Api.Controllers.AuthController.Logout (Com.XpressPayments.Api) in 603.6388ms
[2023-06-30 09:30:00.801 +01:00  INF]  Executed endpoint 'Com.XpressPayments.Api.Controllers.AuthController.Logout (Com.XpressPayments.Api)'
[2023-06-30 09:30:00.804 +01:00  INF]  Request finished HTTP/2 POST https://localhost:44317/api/Auth/Logout application/json 41 - 200 - application/json;+charset=utf-8 852.7070ms
[2023-06-30 09:30:34.132 +01:00  INF]  Request starting HTTP/2 POST https://localhost:44317/api/Auth/Login application/json 75
[2023-06-30 09:30:34.138 +01:00  INF]  CORS policy execution successful.
[2023-06-30 09:30:34.153 +01:00  INF]  Executing endpoint 'Com.XpressPayments.Api.Controllers.AuthController.Login (Com.XpressPayments.Api)'
[2023-06-30 09:30:34.155 +01:00  INF]  Route matched with {action = "Login", controller = "Auth"}. Executing controller action with signature System.Threading.Tasks.Task`1[Microsoft.AspNetCore.Mvc.IActionResult] Login(Com.XpressPayments.Bussiness.ViewModels.LoginModel) on controller Com.XpressPayments.Api.Controllers.AuthController (Com.XpressPayments.Api).
[2023-06-30 09:30:35.196 +01:00  INF]  Executing OkObjectResult, writing value of type 'Com.XpressPayments.Data.GenericResponse.LoginResponse'.
[2023-06-30 09:30:35.205 +01:00  INF]  Executed action Com.XpressPayments.Api.Controllers.AuthController.Login (Com.XpressPayments.Api) in 1049.736ms
[2023-06-30 09:30:35.205 +01:00  INF]  Executed endpoint 'Com.XpressPayments.Api.Controllers.AuthController.Login (Com.XpressPayments.Api)'
[2023-06-30 09:30:35.206 +01:00  INF]  Request finished HTTP/2 POST https://localhost:44317/api/Auth/Login application/json 75 - 200 - application/json;+charset=utf-8 1073.7941ms
[2023-06-30 09:33:34.360 +01:00  INF]  Request starting HTTP/2 POST https://localhost:44317/api/Unit/CreateUnit application/json 79
[2023-06-30 09:33:34.368 +01:00  INF]  CORS policy execution successful.
[2023-06-30 09:33:34.478 +01:00  INF]  Successfully validated the token.
[2023-06-30 09:33:34.487 +01:00  INF]  Executing endpoint 'Com.XpressPayments.Api.Controllers.UnitController.CreateUnit (Com.XpressPayments.Api)'
[2023-06-30 09:33:34.491 +01:00  INF]  Route matched with {action = "CreateUnit", controller = "Unit"}. Executing controller action with signature System.Threading.Tasks.Task`1[Microsoft.AspNetCore.Mvc.IActionResult] CreateUnit(Com.XpressPayments.Data.DTOs.CreateUnitDTO) on controller Com.XpressPayments.Api.Controllers.UnitController (Com.XpressPayments.Api).
[2023-06-30 09:34:39.284 +01:00  INF]  Executing OkObjectResult, writing value of type 'Com.XpressPayments.Data.GenericResponse.BaseResponse'.
[2023-06-30 09:34:39.287 +01:00  INF]  Executed action Com.XpressPayments.Api.Controllers.UnitController.CreateUnit (Com.XpressPayments.Api) in 64795.8885ms
[2023-06-30 09:34:39.287 +01:00  INF]  Executed endpoint 'Com.XpressPayments.Api.Controllers.UnitController.CreateUnit (Com.XpressPayments.Api)'
[2023-06-30 09:34:39.289 +01:00  INF]  Request finished HTTP/2 POST https://localhost:44317/api/Unit/CreateUnit application/json 79 - 200 - application/json;+charset=utf-8 64928.4909ms
[2023-06-30 09:40:38.647 +01:00  INF]  Request starting HTTP/2 POST https://localhost:44317/api/UnitHead/CreateUnitHead application/json 87
[2023-06-30 09:40:38.648 +01:00  INF]  CORS policy execution successful.
[2023-06-30 09:40:38.649 +01:00  INF]  Successfully validated the token.
[2023-06-30 09:40:38.653 +01:00  INF]  Executing endpoint 'Com.XpressPayments.Api.Controllers.UnitHeadController.CreateUnitHead (Com.XpressPayments.Api)'
[2023-06-30 09:40:38.656 +01:00  INF]  Route matched with {action = "CreateUnitHead", controller = "UnitHead"}. Executing controller action with signature System.Threading.Tasks.Task`1[Microsoft.AspNetCore.Mvc.IActionResult] CreateUnitHead(Com.XpressPayments.Data.DTOs.CreateUnitHeadDTO) on controller Com.XpressPayments.Api.Controllers.UnitHeadController (Com.XpressPayments.Api).
[2023-06-30 09:41:03.356 +01:00  INF]  Executing OkObjectResult, writing value of type 'Com.XpressPayments.Data.GenericResponse.BaseResponse'.
[2023-06-30 09:41:03.359 +01:00  INF]  Executed action Com.XpressPayments.Api.Controllers.UnitHeadController.CreateUnitHead (Com.XpressPayments.Api) in 24702.6766ms
[2023-06-30 09:41:03.359 +01:00  INF]  Executed endpoint 'Com.XpressPayments.Api.Controllers.UnitHeadController.CreateUnitHead (Com.XpressPayments.Api)'
[2023-06-30 09:41:03.359 +01:00  INF]  Request finished HTTP/2 POST https://localhost:44317/api/UnitHead/CreateUnitHead application/json 87 - 200 - application/json;+charset=utf-8 24711.8792ms
[2023-06-30 12:04:40.792 +01:00  INF]  User profile is available. Using 'C:\Users\olajumoke.owolabi\AppData\Local\ASP.NET\DataProtection-Keys' as key repository and Windows DPAPI to encrypt keys at rest.
[2023-06-30 12:04:41.414 +01:00  INF]  Application started. Press Ctrl+C to shut down.
[2023-06-30 12:04:41.414 +01:00  INF]  Hosting environment: Development
[2023-06-30 12:04:41.414 +01:00  INF]  Content root path: C:\Users\olajumoke.owolabi\source\repos\hrms-be-backend\Com.XpressPayments.Api\
[2023-06-30 12:04:41.525 +01:00  INF]  Request starting HTTP/2 GET https://localhost:44317/index.html - -
[2023-06-30 12:04:42.397 +01:00  INF]  Request finished HTTP/2 GET https://localhost:44317/index.html - - - 200 - text/html;charset=utf-8 883.3288ms
[2023-06-30 12:04:42.443 +01:00  INF]  Request starting HTTP/2 GET https://localhost:44317/_framework/aspnetcore-browser-refresh.js - -
[2023-06-30 12:04:42.448 +01:00  INF]  Request starting HTTP/2 GET https://localhost:44317/_vs/browserLink - -
[2023-06-30 12:04:42.459 +01:00  INF]  Request finished HTTP/2 GET https://localhost:44317/_framework/aspnetcore-browser-refresh.js - - - 200 12014 application/javascript;+charset=utf-8 16.1243ms
[2023-06-30 12:04:42.545 +01:00  INF]  Request finished HTTP/2 GET https://localhost:44317/_vs/browserLink - - - 200 - text/javascript;+charset=UTF-8 97.3457ms
[2023-06-30 12:04:42.605 +01:00  INF]  Request starting HTTP/2 GET https://localhost:44317/swagger/v1/swagger.json - -
[2023-06-30 12:04:42.900 +01:00  INF]  Request finished HTTP/2 GET https://localhost:44317/swagger/v1/swagger.json - - - 200 - application/json;charset=utf-8 294.9284ms
[2023-06-30 13:28:08.054 +01:00  INF]  User profile is available. Using 'C:\Users\olajumoke.owolabi\AppData\Local\ASP.NET\DataProtection-Keys' as key repository and Windows DPAPI to encrypt keys at rest.
[2023-06-30 13:28:08.363 +01:00  INF]  Application started. Press Ctrl+C to shut down.
[2023-06-30 13:28:08.364 +01:00  INF]  Hosting environment: Development
[2023-06-30 13:28:08.364 +01:00  INF]  Content root path: C:\Users\olajumoke.owolabi\source\repos\hrms-be-backend\Com.XpressPayments.Api\
[2023-06-30 13:28:08.443 +01:00  INF]  Request starting HTTP/2 GET https://localhost:44317/index.html - -
[2023-06-30 13:28:09.708 +01:00  INF]  Request finished HTTP/2 GET https://localhost:44317/index.html - - - 200 - text/html;charset=utf-8 1268.1481ms
[2023-06-30 13:28:09.717 +01:00  INF]  Request starting HTTP/2 GET https://localhost:44317/_framework/aspnetcore-browser-refresh.js - -
[2023-06-30 13:28:09.746 +01:00  INF]  Request finished HTTP/2 GET https://localhost:44317/_framework/aspnetcore-browser-refresh.js - - - 200 12014 application/javascript;+charset=utf-8 16.7279ms
[2023-06-30 13:28:09.758 +01:00  INF]  Request starting HTTP/2 GET https://localhost:44317/_vs/browserLink - -
[2023-06-30 13:28:09.827 +01:00  INF]  Request finished HTTP/2 GET https://localhost:44317/_vs/browserLink - - - 200 - text/javascript;+charset=UTF-8 68.8232ms
[2023-06-30 13:28:09.871 +01:00  INF]  Request starting HTTP/2 GET https://localhost:44317/swagger/v1/swagger.json - -
[2023-06-30 13:28:10.309 +01:00  INF]  Request finished HTTP/2 GET https://localhost:44317/swagger/v1/swagger.json - - - 200 - application/json;charset=utf-8 438.0314ms
[2023-06-30 13:37:37.415 +01:00  INF]  User profile is available. Using 'C:\Users\olajumoke.owolabi\AppData\Local\ASP.NET\DataProtection-Keys' as key repository and Windows DPAPI to encrypt keys at rest.
[2023-06-30 13:37:37.635 +01:00  INF]  Application started. Press Ctrl+C to shut down.
[2023-06-30 13:37:37.636 +01:00  INF]  Hosting environment: Development
[2023-06-30 13:37:37.636 +01:00  INF]  Content root path: C:\Users\olajumoke.owolabi\source\repos\hrms-be-backend\Com.XpressPayments.Api\
[2023-06-30 13:37:37.674 +01:00  INF]  Request starting HTTP/2 GET https://localhost:44317/index.html - -
[2023-06-30 13:37:38.117 +01:00  INF]  Request finished HTTP/2 GET https://localhost:44317/index.html - - - 200 - text/html;charset=utf-8 444.9850ms
[2023-06-30 13:37:38.141 +01:00  INF]  Request starting HTTP/2 GET https://localhost:44317/_framework/aspnetcore-browser-refresh.js - -
[2023-06-30 13:37:38.152 +01:00  INF]  Request starting HTTP/2 GET https://localhost:44317/_vs/browserLink - -
[2023-06-30 13:37:38.160 +01:00  INF]  Request finished HTTP/2 GET https://localhost:44317/_framework/aspnetcore-browser-refresh.js - - - 200 12014 application/javascript;+charset=utf-8 12.2016ms
[2023-06-30 13:37:38.211 +01:00  INF]  Request finished HTTP/2 GET https://localhost:44317/_vs/browserLink - - - 200 - text/javascript;+charset=UTF-8 59.0700ms
[2023-06-30 13:37:38.270 +01:00  INF]  Request starting HTTP/2 GET https://localhost:44317/swagger/v1/swagger.json - -
[2023-06-30 13:37:38.478 +01:00  INF]  Request finished HTTP/2 GET https://localhost:44317/swagger/v1/swagger.json - - - 200 - application/json;charset=utf-8 207.9401ms
[2023-06-30 13:38:08.438 +01:00  INF]  Request starting HTTP/2 POST https://localhost:44317/api/Auth/Logout application/json 41
[2023-06-30 13:38:08.464 +01:00  INF]  CORS policy execution successful.
[2023-06-30 13:38:08.724 +01:00  INF]  Executing endpoint 'Com.XpressPayments.Api.Controllers.AuthController.Logout (Com.XpressPayments.Api)'
[2023-06-30 13:38:08.803 +01:00  INF]  Route matched with {action = "Logout", controller = "Auth"}. Executing controller action with signature System.Threading.Tasks.Task`1[Microsoft.AspNetCore.Mvc.IActionResult] Logout(Com.XpressPayments.Data.DTOs.Account.LogoutDto) on controller Com.XpressPayments.Api.Controllers.AuthController (Com.XpressPayments.Api).
[2023-06-30 13:38:09.897 +01:00  INF]  Executing OkObjectResult, writing value of type 'Com.XpressPayments.Data.GenericResponse.BaseResponse'.
[2023-06-30 13:38:09.933 +01:00  INF]  Executed action Com.XpressPayments.Api.Controllers.AuthController.Logout (Com.XpressPayments.Api) in 1110.1399ms
[2023-06-30 13:38:09.951 +01:00  INF]  Executed endpoint 'Com.XpressPayments.Api.Controllers.AuthController.Logout (Com.XpressPayments.Api)'
[2023-06-30 13:38:09.959 +01:00  INF]  Request finished HTTP/2 POST https://localhost:44317/api/Auth/Logout application/json 41 - 200 - application/json;+charset=utf-8 1521.0812ms
[2023-06-30 13:38:29.156 +01:00  INF]  Request starting HTTP/2 POST https://localhost:44317/api/Auth/Login application/json 75
[2023-06-30 13:38:29.173 +01:00  INF]  CORS policy execution successful.
[2023-06-30 13:38:29.173 +01:00  INF]  Executing endpoint 'Com.XpressPayments.Api.Controllers.AuthController.Login (Com.XpressPayments.Api)'
[2023-06-30 13:38:29.194 +01:00  INF]  Route matched with {action = "Login", controller = "Auth"}. Executing controller action with signature System.Threading.Tasks.Task`1[Microsoft.AspNetCore.Mvc.IActionResult] Login(Com.XpressPayments.Bussiness.ViewModels.LoginModel) on controller Com.XpressPayments.Api.Controllers.AuthController (Com.XpressPayments.Api).
[2023-06-30 13:38:30.791 +01:00  INF]  Executing OkObjectResult, writing value of type 'Com.XpressPayments.Data.GenericResponse.LoginResponse'.
[2023-06-30 13:38:30.811 +01:00  INF]  Executed action Com.XpressPayments.Api.Controllers.AuthController.Login (Com.XpressPayments.Api) in 1616.2667ms
[2023-06-30 13:38:30.811 +01:00  INF]  Executed endpoint 'Com.XpressPayments.Api.Controllers.AuthController.Login (Com.XpressPayments.Api)'
[2023-06-30 13:38:30.811 +01:00  INF]  Request finished HTTP/2 POST https://localhost:44317/api/Auth/Login application/json 75 - 200 - application/json;+charset=utf-8 1655.3892ms
[2023-06-30 13:40:49.634 +01:00  INF]  Request starting HTTP/2 POST https://localhost:44317/api/Unit/CreateUnit application/json 84
[2023-06-30 13:40:49.644 +01:00  INF]  CORS policy execution successful.
[2023-06-30 13:40:49.842 +01:00  INF]  Successfully validated the token.
[2023-06-30 13:40:49.860 +01:00  INF]  Executing endpoint 'Com.XpressPayments.Api.Controllers.UnitController.CreateUnit (Com.XpressPayments.Api)'
[2023-06-30 13:40:49.865 +01:00  INF]  Route matched with {action = "CreateUnit", controller = "Unit"}. Executing controller action with signature System.Threading.Tasks.Task`1[Microsoft.AspNetCore.Mvc.IActionResult] CreateUnit(Com.XpressPayments.Data.DTOs.CreateUnitDTO) on controller Com.XpressPayments.Api.Controllers.UnitController (Com.XpressPayments.Api).
[2023-06-30 13:46:15.547 +01:00  INF]  Executing OkObjectResult, writing value of type 'Com.XpressPayments.Data.GenericResponse.BaseResponse'.
[2023-06-30 13:46:15.559 +01:00  INF]  Executed action Com.XpressPayments.Api.Controllers.UnitController.CreateUnit (Com.XpressPayments.Api) in 325687.5897ms
[2023-06-30 13:46:15.559 +01:00  INF]  Executed endpoint 'Com.XpressPayments.Api.Controllers.UnitController.CreateUnit (Com.XpressPayments.Api)'
[2023-06-30 13:46:15.560 +01:00  INF]  Request finished HTTP/2 POST https://localhost:44317/api/Unit/CreateUnit application/json 84 - 200 - application/json;+charset=utf-8 325921.1199ms
[2023-06-30 13:46:19.828 +01:00  INF]  Request starting HTTP/2 POST https://localhost:44317/api/Unit/CreateUnit application/json 84
[2023-06-30 13:46:19.831 +01:00  INF]  CORS policy execution successful.
[2023-06-30 13:46:19.831 +01:00  INF]  Successfully validated the token.
[2023-06-30 13:46:19.832 +01:00  INF]  Executing endpoint 'Com.XpressPayments.Api.Controllers.UnitController.CreateUnit (Com.XpressPayments.Api)'
[2023-06-30 13:46:19.832 +01:00  INF]  Route matched with {action = "CreateUnit", controller = "Unit"}. Executing controller action with signature System.Threading.Tasks.Task`1[Microsoft.AspNetCore.Mvc.IActionResult] CreateUnit(Com.XpressPayments.Data.DTOs.CreateUnitDTO) on controller Com.XpressPayments.Api.Controllers.UnitController (Com.XpressPayments.Api).
[2023-06-30 13:47:18.214 +01:00  INF]  Executing OkObjectResult, writing value of type 'Com.XpressPayments.Data.GenericResponse.BaseResponse'.
[2023-06-30 13:47:18.218 +01:00  INF]  Executed action Com.XpressPayments.Api.Controllers.UnitController.CreateUnit (Com.XpressPayments.Api) in 58383.8525ms
[2023-06-30 13:47:18.218 +01:00  INF]  Executed endpoint 'Com.XpressPayments.Api.Controllers.UnitController.CreateUnit (Com.XpressPayments.Api)'
[2023-06-30 13:47:18.218 +01:00  INF]  Request finished HTTP/2 POST https://localhost:44317/api/Unit/CreateUnit application/json 84 - 200 - application/json;+charset=utf-8 58387.9911ms
[2023-06-30 19:55:52.442 +01:00  INF]  User profile is available. Using 'C:\Users\olajumoke.owolabi\AppData\Local\ASP.NET\DataProtection-Keys' as key repository and Windows DPAPI to encrypt keys at rest.
[2023-06-30 19:55:52.903 +01:00  INF]  Application started. Press Ctrl+C to shut down.
[2023-06-30 19:55:52.903 +01:00  INF]  Hosting environment: Development
[2023-06-30 19:55:52.904 +01:00  INF]  Content root path: C:\Users\olajumoke.owolabi\source\repos\hrms-be-backend\Com.XpressPayments.Api\
[2023-06-30 19:55:53.007 +01:00  INF]  Request starting HTTP/2 GET https://localhost:44317/index.html - -
[2023-06-30 19:55:53.890 +01:00  INF]  Request finished HTTP/2 GET https://localhost:44317/index.html - - - 200 - text/html;charset=utf-8 885.3130ms
[2023-06-30 19:55:53.942 +01:00  INF]  Request starting HTTP/2 GET https://localhost:44317/_framework/aspnetcore-browser-refresh.js - -
[2023-06-30 19:55:53.955 +01:00  INF]  Request starting HTTP/2 GET https://localhost:44317/_vs/browserLink - -
[2023-06-30 19:55:53.955 +01:00  INF]  Request finished HTTP/2 GET https://localhost:44317/_framework/aspnetcore-browser-refresh.js - - - 200 12014 application/javascript;+charset=utf-8 8.6028ms
[2023-06-30 19:55:54.041 +01:00  INF]  Request finished HTTP/2 GET https://localhost:44317/_vs/browserLink - - - 200 - text/javascript;+charset=UTF-8 86.3126ms
[2023-06-30 19:55:54.131 +01:00  INF]  Request starting HTTP/2 GET https://localhost:44317/swagger/v1/swagger.json - -
[2023-06-30 19:55:54.437 +01:00  INF]  Request finished HTTP/2 GET https://localhost:44317/swagger/v1/swagger.json - - - 200 - application/json;charset=utf-8 305.9647ms
[2023-06-30 19:57:03.653 +01:00  INF]  Request starting HTTP/2 POST https://localhost:44317/api/Auth/Logout application/json 41
[2023-06-30 19:57:03.693 +01:00  INF]  CORS policy execution successful.
[2023-06-30 19:57:03.898 +01:00  INF]  Executing endpoint 'Com.XpressPayments.Api.Controllers.AuthController.Logout (Com.XpressPayments.Api)'
[2023-06-30 19:57:03.954 +01:00  INF]  Route matched with {action = "Logout", controller = "Auth"}. Executing controller action with signature System.Threading.Tasks.Task`1[Microsoft.AspNetCore.Mvc.IActionResult] Logout(Com.XpressPayments.Data.DTOs.Account.LogoutDto) on controller Com.XpressPayments.Api.Controllers.AuthController (Com.XpressPayments.Api).
[2023-06-30 19:57:06.453 +01:00  INF]  Executing OkObjectResult, writing value of type 'Com.XpressPayments.Data.GenericResponse.BaseResponse'.
[2023-06-30 19:57:06.477 +01:00  INF]  Executed action Com.XpressPayments.Api.Controllers.AuthController.Logout (Com.XpressPayments.Api) in 2509.3602ms
[2023-06-30 19:57:06.490 +01:00  INF]  Executed endpoint 'Com.XpressPayments.Api.Controllers.AuthController.Logout (Com.XpressPayments.Api)'
[2023-06-30 19:57:06.494 +01:00  INF]  Request finished HTTP/2 POST https://localhost:44317/api/Auth/Logout application/json 41 - 200 - application/json;+charset=utf-8 2842.1046ms
[2023-06-30 19:57:20.288 +01:00  INF]  Request starting HTTP/2 POST https://localhost:44317/api/Auth/Login application/json 75
[2023-06-30 19:57:20.304 +01:00  INF]  CORS policy execution successful.
[2023-06-30 19:57:20.306 +01:00  INF]  Executing endpoint 'Com.XpressPayments.Api.Controllers.AuthController.Login (Com.XpressPayments.Api)'
[2023-06-30 19:57:20.323 +01:00  INF]  Route matched with {action = "Login", controller = "Auth"}. Executing controller action with signature System.Threading.Tasks.Task`1[Microsoft.AspNetCore.Mvc.IActionResult] Login(Com.XpressPayments.Bussiness.ViewModels.LoginModel) on controller Com.XpressPayments.Api.Controllers.AuthController (Com.XpressPayments.Api).
[2023-06-30 19:57:24.104 +01:00  INF]  Executing OkObjectResult, writing value of type 'Com.XpressPayments.Data.GenericResponse.LoginResponse'.
[2023-06-30 19:57:24.127 +01:00  INF]  Executed action Com.XpressPayments.Api.Controllers.AuthController.Login (Com.XpressPayments.Api) in 3803.898ms
[2023-06-30 19:57:24.127 +01:00  INF]  Executed endpoint 'Com.XpressPayments.Api.Controllers.AuthController.Login (Com.XpressPayments.Api)'
[2023-06-30 19:57:24.127 +01:00  INF]  Request finished HTTP/2 POST https://localhost:44317/api/Auth/Login application/json 75 - 200 - application/json;+charset=utf-8 3839.4277ms
[2023-06-30 19:57:52.574 +01:00  INF]  Request starting HTTP/2 GET https://localhost:44317/api/Department/GetAllDepartments - -
[2023-06-30 19:57:52.781 +01:00  INF]  Successfully validated the token.
[2023-06-30 19:57:52.796 +01:00  INF]  Executing endpoint 'Com.XpressPayments.Api.Controllers.DepartmentController.GetAllDepartments (Com.XpressPayments.Api)'
[2023-06-30 19:57:52.803 +01:00  INF]  Route matched with {action = "GetAllDepartments", controller = "Department"}. Executing controller action with signature System.Threading.Tasks.Task`1[Microsoft.AspNetCore.Mvc.IActionResult] GetAllDepartments() on controller Com.XpressPayments.Api.Controllers.DepartmentController (Com.XpressPayments.Api).
[2023-06-30 19:57:54.111 +01:00  INF]  Executing OkObjectResult, writing value of type 'Com.XpressPayments.Data.GenericResponse.BaseResponse'.
[2023-06-30 19:57:54.128 +01:00  INF]  Executed action Com.XpressPayments.Api.Controllers.DepartmentController.GetAllDepartments (Com.XpressPayments.Api) in 1324.9607ms
[2023-06-30 19:57:54.129 +01:00  INF]  Executed endpoint 'Com.XpressPayments.Api.Controllers.DepartmentController.GetAllDepartments (Com.XpressPayments.Api)'
[2023-06-30 19:57:54.137 +01:00  INF]  Request finished HTTP/2 GET https://localhost:44317/api/Department/GetAllDepartments - - - 200 - application/json;+charset=utf-8 1562.4984ms
[2023-06-30 21:22:57.061 +01:00  INF]  User profile is available. Using 'C:\Users\olajumoke.owolabi\AppData\Local\ASP.NET\DataProtection-Keys' as key repository and Windows DPAPI to encrypt keys at rest.
[2023-06-30 21:22:57.726 +01:00  INF]  Application started. Press Ctrl+C to shut down.
[2023-06-30 21:22:57.726 +01:00  INF]  Hosting environment: Development
[2023-06-30 21:22:57.727 +01:00  INF]  Content root path: C:\Users\olajumoke.owolabi\source\repos\hrms-be-backend\Com.XpressPayments.Api\
[2023-06-30 21:22:57.833 +01:00  INF]  Request starting HTTP/2 GET https://localhost:44317/index.html - -
[2023-06-30 21:22:59.055 +01:00  INF]  Request starting HTTP/2 GET https://localhost:44317/_framework/aspnetcore-browser-refresh.js - -
[2023-06-30 21:22:59.064 +01:00  INF]  Request finished HTTP/2 GET https://localhost:44317/index.html - - - 200 - text/html;charset=utf-8 1238.3770ms
[2023-06-30 21:22:59.090 +01:00  INF]  Request finished HTTP/2 GET https://localhost:44317/_framework/aspnetcore-browser-refresh.js - - - 200 12014 application/javascript;+charset=utf-8 25.4443ms
[2023-06-30 21:22:59.090 +01:00  INF]  Request starting HTTP/2 GET https://localhost:44317/_vs/browserLink - -
[2023-06-30 21:22:59.224 +01:00  INF]  Request finished HTTP/2 GET https://localhost:44317/_vs/browserLink - - - 200 - text/javascript;+charset=UTF-8 133.6908ms
[2023-06-30 21:22:59.381 +01:00  INF]  Request starting HTTP/2 GET https://localhost:44317/swagger/v1/swagger.json - -
[2023-06-30 21:22:59.909 +01:00  INF]  Request finished HTTP/2 GET https://localhost:44317/swagger/v1/swagger.json - - - 200 - application/json;charset=utf-8 527.0162ms
[2023-06-30 21:23:16.870 +01:00  INF]  Request starting HTTP/2 POST https://localhost:44317/api/Auth/Logout application/json 41
[2023-06-30 21:23:16.882 +01:00  INF]  CORS policy execution successful.
[2023-06-30 21:23:17.106 +01:00  INF]  Executing endpoint 'Com.XpressPayments.Api.Controllers.AuthController.Logout (Com.XpressPayments.Api)'
[2023-06-30 21:23:17.180 +01:00  INF]  Route matched with {action = "Logout", controller = "Auth"}. Executing controller action with signature System.Threading.Tasks.Task`1[Microsoft.AspNetCore.Mvc.IActionResult] Logout(Com.XpressPayments.Data.DTOs.Account.LogoutDto) on controller Com.XpressPayments.Api.Controllers.AuthController (Com.XpressPayments.Api).
[2023-06-30 21:23:19.928 +01:00  INF]  Executing OkObjectResult, writing value of type 'Com.XpressPayments.Data.GenericResponse.BaseResponse'.
[2023-06-30 21:23:19.958 +01:00  INF]  Executed action Com.XpressPayments.Api.Controllers.AuthController.Logout (Com.XpressPayments.Api) in 2759.9435ms
[2023-06-30 21:23:19.970 +01:00  INF]  Executed endpoint 'Com.XpressPayments.Api.Controllers.AuthController.Logout (Com.XpressPayments.Api)'
[2023-06-30 21:23:19.974 +01:00  INF]  Request finished HTTP/2 POST https://localhost:44317/api/Auth/Logout application/json 41 - 200 - application/json;+charset=utf-8 3103.4617ms
[2023-06-30 21:23:52.260 +01:00  INF]  Request starting HTTP/2 POST https://localhost:44317/api/Auth/Login application/json 75
[2023-06-30 21:23:52.272 +01:00  INF]  CORS policy execution successful.
[2023-06-30 21:23:52.303 +01:00  INF]  Executing endpoint 'Com.XpressPayments.Api.Controllers.AuthController.Login (Com.XpressPayments.Api)'
[2023-06-30 21:23:52.326 +01:00  INF]  Route matched with {action = "Login", controller = "Auth"}. Executing controller action with signature System.Threading.Tasks.Task`1[Microsoft.AspNetCore.Mvc.IActionResult] Login(Com.XpressPayments.Bussiness.ViewModels.LoginModel) on controller Com.XpressPayments.Api.Controllers.AuthController (Com.XpressPayments.Api).
[2023-06-30 21:23:58.138 +01:00  INF]  Executing OkObjectResult, writing value of type 'Com.XpressPayments.Data.GenericResponse.LoginResponse'.
[2023-06-30 21:23:58.168 +01:00  INF]  Executed action Com.XpressPayments.Api.Controllers.AuthController.Login (Com.XpressPayments.Api) in 5841.9933ms
[2023-06-30 21:23:58.169 +01:00  INF]  Executed endpoint 'Com.XpressPayments.Api.Controllers.AuthController.Login (Com.XpressPayments.Api)'
[2023-06-30 21:23:58.170 +01:00  INF]  Request finished HTTP/2 POST https://localhost:44317/api/Auth/Login application/json 75 - 200 - application/json;+charset=utf-8 5909.1666ms
[2023-06-30 21:24:26.295 +01:00  INF]  Request starting HTTP/2 GET https://localhost:44317/api/Employee/GetEmployeebyCompanyId?CompanyID=1 - -
[2023-06-30 21:24:26.492 +01:00  INF]  Successfully validated the token.
[2023-06-30 21:24:26.499 +01:00  INF]  Executing endpoint 'Com.XpressPayments.Api.Controllers.EmployeeController.GetEmployeebyCompanyId (Com.XpressPayments.Api)'
[2023-06-30 21:24:26.505 +01:00  INF]  Route matched with {action = "GetEmployeebyCompanyId", controller = "Employee"}. Executing controller action with signature System.Threading.Tasks.Task`1[Microsoft.AspNetCore.Mvc.IActionResult] GetEmployeebyCompanyId(Int64) on controller Com.XpressPayments.Api.Controllers.EmployeeController (Com.XpressPayments.Api).
[2023-06-30 21:24:35.260 +01:00  INF]  Executing OkObjectResult, writing value of type 'Com.XpressPayments.Data.GenericResponse.BaseResponse'.
[2023-06-30 21:24:35.377 +01:00  INF]  Executed action Com.XpressPayments.Api.Controllers.EmployeeController.GetEmployeebyCompanyId (Com.XpressPayments.Api) in 8871.5136ms
[2023-06-30 21:24:35.377 +01:00  INF]  Executed endpoint 'Com.XpressPayments.Api.Controllers.EmployeeController.GetEmployeebyCompanyId (Com.XpressPayments.Api)'
[2023-06-30 21:24:35.380 +01:00  INF]  Request finished HTTP/2 GET https://localhost:44317/api/Employee/GetEmployeebyCompanyId?CompanyID=1 - - - 200 - application/json;+charset=utf-8 9085.3695ms
