[2023-07-17 08:58:49.716 +01:00  INF]  User profile is available. Using 'C:\Users\olajumoke.owolabi\AppData\Local\ASP.NET\DataProtection-Keys' as key repository and Windows DPAPI to encrypt keys at rest.
[2023-07-17 08:58:50.039 +01:00  INF]  Application started. Press Ctrl+C to shut down.
[2023-07-17 08:58:50.039 +01:00  INF]  Hosting environment: Development
[2023-07-17 08:58:50.039 +01:00  INF]  Content root path: C:\Users\olajumoke.owolabi\source\repos\hrms-be-backend\Com.XpressPayments.Api\
[2023-07-17 08:58:50.126 +01:00  INF]  Request starting HTTP/2 GET https://localhost:44317/index.html - -
[2023-07-17 08:58:50.867 +01:00  INF]  Request finished HTTP/2 GET https://localhost:44317/index.html - - - 200 - text/html;charset=utf-8 741.9436ms
[2023-07-17 08:58:50.868 +01:00  INF]  Request starting HTTP/2 GET https://localhost:44317/_framework/aspnetcore-browser-refresh.js - -
[2023-07-17 08:58:50.876 +01:00  INF]  Request finished HTTP/2 GET https://localhost:44317/_framework/aspnetcore-browser-refresh.js - - - 200 12014 application/javascript;+charset=utf-8 7.4194ms
[2023-07-17 08:58:50.886 +01:00  INF]  Request starting HTTP/2 GET https://localhost:44317/_vs/browserLink - -
[2023-07-17 08:58:50.959 +01:00  INF]  Request finished HTTP/2 GET https://localhost:44317/_vs/browserLink - - - 200 - text/javascript;+charset=UTF-8 72.7753ms
[2023-07-17 08:58:51.015 +01:00  INF]  Request starting HTTP/2 GET https://localhost:44317/swagger/v1/swagger.json - -
[2023-07-17 08:58:51.222 +01:00  INF]  Request finished HTTP/2 GET https://localhost:44317/swagger/v1/swagger.json - - - 200 - application/json;charset=utf-8 205.8785ms
[2023-07-17 14:31:27.294 +01:00  INF]  User profile is available. Using 'C:\Users\olajumoke.owolabi\AppData\Local\ASP.NET\DataProtection-Keys' as key repository and Windows DPAPI to encrypt keys at rest.
[2023-07-17 14:31:27.619 +01:00  INF]  Application started. Press Ctrl+C to shut down.
[2023-07-17 14:31:27.620 +01:00  INF]  Hosting environment: Development
[2023-07-17 14:31:27.620 +01:00  INF]  Content root path: C:\Users\olajumoke.owolabi\source\repos\hrms-be-backend\Com.XpressPayments.Api\
[2023-07-17 14:31:27.684 +01:00  INF]  Request starting HTTP/2 GET https://localhost:44317/index.html - -
[2023-07-17 14:31:28.276 +01:00  INF]  Request finished HTTP/2 GET https://localhost:44317/index.html - - - 200 - text/html;charset=utf-8 593.0907ms
[2023-07-17 14:31:28.281 +01:00  INF]  Request starting HTTP/2 GET https://localhost:44317/_framework/aspnetcore-browser-refresh.js - -
[2023-07-17 14:31:28.297 +01:00  INF]  Request finished HTTP/2 GET https://localhost:44317/_framework/aspnetcore-browser-refresh.js - - - 200 12014 application/javascript;+charset=utf-8 9.3565ms
[2023-07-17 14:31:28.304 +01:00  INF]  Request starting HTTP/2 GET https://localhost:44317/_vs/browserLink - -
[2023-07-17 14:31:28.374 +01:00  INF]  Request finished HTTP/2 GET https://localhost:44317/_vs/browserLink - - - 200 - text/javascript;+charset=UTF-8 70.3346ms
[2023-07-17 14:31:28.503 +01:00  INF]  Request starting HTTP/2 GET https://localhost:44317/swagger/v1/swagger.json - -
[2023-07-17 14:31:28.699 +01:00  INF]  Request finished HTTP/2 GET https://localhost:44317/swagger/v1/swagger.json - - - 200 - application/json;charset=utf-8 195.1932ms
[2023-07-17 14:32:01.892 +01:00  INF]  Request starting HTTP/2 POST https://localhost:44317/api/Auth/Logout application/json 48
[2023-07-17 14:32:01.911 +01:00  INF]  CORS policy execution successful.
[2023-07-17 14:32:02.107 +01:00  INF]  Executing endpoint 'Com.XpressPayments.Api.Controllers.AuthController.Logout (Com.XpressPayments.Api)'
[2023-07-17 14:32:02.145 +01:00  INF]  Route matched with {action = "Logout", controller = "Auth"}. Executing controller action with signature System.Threading.Tasks.Task`1[Microsoft.AspNetCore.Mvc.IActionResult] Logout(Com.XpressPayments.Data.DTOs.Account.LogoutDto) on controller Com.XpressPayments.Api.Controllers.AuthController (Com.XpressPayments.Api).
[2023-07-17 14:32:03.828 +01:00  INF]  Executing OkObjectResult, writing value of type 'Com.XpressPayments.Data.GenericResponse.BaseResponse'.
[2023-07-17 14:32:03.863 +01:00  INF]  Executed action Com.XpressPayments.Api.Controllers.AuthController.Logout (Com.XpressPayments.Api) in 1700.733ms
[2023-07-17 14:32:03.876 +01:00  INF]  Executed endpoint 'Com.XpressPayments.Api.Controllers.AuthController.Logout (Com.XpressPayments.Api)'
[2023-07-17 14:32:03.879 +01:00  INF]  Request finished HTTP/2 POST https://localhost:44317/api/Auth/Logout application/json 48 - 200 - application/json;+charset=utf-8 1987.5842ms
[2023-07-17 14:32:25.361 +01:00  INF]  Request starting HTTP/2 POST https://localhost:44317/api/Auth/Login application/json 82
[2023-07-17 14:32:25.372 +01:00  INF]  CORS policy execution successful.
[2023-07-17 14:32:25.385 +01:00  INF]  Executing endpoint 'Com.XpressPayments.Api.Controllers.AuthController.Login (Com.XpressPayments.Api)'
[2023-07-17 14:32:25.395 +01:00  INF]  Route matched with {action = "Login", controller = "Auth"}. Executing controller action with signature System.Threading.Tasks.Task`1[Microsoft.AspNetCore.Mvc.IActionResult] Login(Com.XpressPayments.Bussiness.ViewModels.LoginModel) on controller Com.XpressPayments.Api.Controllers.AuthController (Com.XpressPayments.Api).
[2023-07-17 14:32:31.028 +01:00  INF]  Executing OkObjectResult, writing value of type 'Com.XpressPayments.Data.GenericResponse.LoginResponse'.
[2023-07-17 14:32:31.037 +01:00  INF]  Executed action Com.XpressPayments.Api.Controllers.AuthController.Login (Com.XpressPayments.Api) in 5642.2749ms
[2023-07-17 14:32:31.038 +01:00  INF]  Executed endpoint 'Com.XpressPayments.Api.Controllers.AuthController.Login (Com.XpressPayments.Api)'
[2023-07-17 14:32:31.038 +01:00  INF]  Request finished HTTP/2 POST https://localhost:44317/api/Auth/Login application/json 82 - 200 - application/json;+charset=utf-8 5676.4399ms
[2023-07-17 14:33:07.876 +01:00  INF]  Request starting HTTP/2 GET https://localhost:44317/api/Employee/GetAllEmployee - -
[2023-07-17 14:33:07.968 +01:00  INF]  Successfully validated the token.
[2023-07-17 14:33:07.973 +01:00  INF]  Executing endpoint 'Com.XpressPayments.Api.Controllers.EmployeeController.GetAllEmployeeType (Com.XpressPayments.Api)'
[2023-07-17 14:33:07.975 +01:00  INF]  Route matched with {action = "GetAllEmployeeType", controller = "Employee"}. Executing controller action with signature System.Threading.Tasks.Task`1[Microsoft.AspNetCore.Mvc.IActionResult] GetAllEmployeeType() on controller Com.XpressPayments.Api.Controllers.EmployeeController (Com.XpressPayments.Api).
[2023-07-17 14:33:11.115 +01:00  INF]  Executing OkObjectResult, writing value of type 'Com.XpressPayments.Data.GenericResponse.BaseResponse'.
[2023-07-17 14:33:11.198 +01:00  INF]  Executed action Com.XpressPayments.Api.Controllers.EmployeeController.GetAllEmployeeType (Com.XpressPayments.Api) in 3223.1074ms
[2023-07-17 14:33:11.199 +01:00  INF]  Executed endpoint 'Com.XpressPayments.Api.Controllers.EmployeeController.GetAllEmployeeType (Com.XpressPayments.Api)'
[2023-07-17 14:33:11.202 +01:00  INF]  Request finished HTTP/2 GET https://localhost:44317/api/Employee/GetAllEmployee - - - 200 - application/json;+charset=utf-8 3325.5786ms
[2023-07-17 14:35:09.971 +01:00  INF]  User profile is available. Using 'C:\Users\olajumoke.owolabi\AppData\Local\ASP.NET\DataProtection-Keys' as key repository and Windows DPAPI to encrypt keys at rest.
[2023-07-17 14:35:10.198 +01:00  INF]  Application started. Press Ctrl+C to shut down.
[2023-07-17 14:35:10.198 +01:00  INF]  Hosting environment: Development
[2023-07-17 14:35:10.198 +01:00  INF]  Content root path: C:\Users\olajumoke.owolabi\source\repos\hrms-be-backend\Com.XpressPayments.Api\
[2023-07-17 14:35:10.245 +01:00  INF]  Request starting HTTP/2 GET https://localhost:44317/index.html - -
[2023-07-17 14:35:10.749 +01:00  INF]  Request finished HTTP/2 GET https://localhost:44317/index.html - - - 200 - text/html;charset=utf-8 506.9648ms
[2023-07-17 14:35:10.753 +01:00  INF]  Request starting HTTP/2 GET https://localhost:44317/_framework/aspnetcore-browser-refresh.js - -
[2023-07-17 14:35:10.775 +01:00  INF]  Request starting HTTP/2 GET https://localhost:44317/_vs/browserLink - -
[2023-07-17 14:35:10.775 +01:00  INF]  Request finished HTTP/2 GET https://localhost:44317/_framework/aspnetcore-browser-refresh.js - - - 200 12014 application/javascript;+charset=utf-8 21.9894ms
[2023-07-17 14:35:10.864 +01:00  INF]  Request finished HTTP/2 GET https://localhost:44317/_vs/browserLink - - - 200 - text/javascript;+charset=UTF-8 89.1978ms
[2023-07-17 14:35:10.921 +01:00  INF]  Request starting HTTP/2 GET https://localhost:44317/swagger/v1/swagger.json - -
[2023-07-17 14:35:11.150 +01:00  INF]  Request finished HTTP/2 GET https://localhost:44317/swagger/v1/swagger.json - - - 200 - application/json;charset=utf-8 229.6913ms
[2023-07-17 14:35:30.155 +01:00  INF]  Request starting HTTP/2 GET https://localhost:44317/api/Employee/GetAllEmployee - -
[2023-07-17 14:35:30.571 +01:00  INF]  Successfully validated the token.
[2023-07-17 14:35:30.583 +01:00  INF]  Executing endpoint 'Com.XpressPayments.Api.Controllers.EmployeeController.GetAllEmployeeType (Com.XpressPayments.Api)'
[2023-07-17 14:35:30.604 +01:00  INF]  Route matched with {action = "GetAllEmployeeType", controller = "Employee"}. Executing controller action with signature System.Threading.Tasks.Task`1[Microsoft.AspNetCore.Mvc.IActionResult] GetAllEmployeeType() on controller Com.XpressPayments.Api.Controllers.EmployeeController (Com.XpressPayments.Api).
[2023-07-17 14:38:45.006 +01:00  INF]  Executing OkObjectResult, writing value of type 'Com.XpressPayments.Data.GenericResponse.BaseResponse'.
[2023-07-17 14:38:45.063 +01:00  INF]  Executed action Com.XpressPayments.Api.Controllers.EmployeeController.GetAllEmployeeType (Com.XpressPayments.Api) in 194451.6927ms
[2023-07-17 14:38:45.068 +01:00  INF]  Executed endpoint 'Com.XpressPayments.Api.Controllers.EmployeeController.GetAllEmployeeType (Com.XpressPayments.Api)'
[2023-07-17 14:38:45.070 +01:00  INF]  Request finished HTTP/2 GET https://localhost:44317/api/Employee/GetAllEmployee - - - 200 - application/json;+charset=utf-8 194915.5036ms
[2023-07-17 14:39:13.546 +01:00  INF]  User profile is available. Using 'C:\Users\olajumoke.owolabi\AppData\Local\ASP.NET\DataProtection-Keys' as key repository and Windows DPAPI to encrypt keys at rest.
[2023-07-17 14:39:14.048 +01:00  INF]  Application started. Press Ctrl+C to shut down.
[2023-07-17 14:39:14.048 +01:00  INF]  Hosting environment: Development
[2023-07-17 14:39:14.049 +01:00  INF]  Content root path: C:\Users\olajumoke.owolabi\source\repos\hrms-be-backend\Com.XpressPayments.Api\
[2023-07-17 14:39:14.150 +01:00  INF]  Request starting HTTP/2 GET https://localhost:44317/index.html - -
[2023-07-17 14:39:15.210 +01:00  INF]  Request starting HTTP/2 GET https://localhost:44317/_framework/aspnetcore-browser-refresh.js - -
[2023-07-17 14:39:15.213 +01:00  INF]  Request finished HTTP/2 GET https://localhost:44317/index.html - - - 200 - text/html;charset=utf-8 1073.0066ms
[2023-07-17 14:39:15.246 +01:00  INF]  Request starting HTTP/2 GET https://localhost:44317/_vs/browserLink - -
[2023-07-17 14:39:15.247 +01:00  INF]  Request finished HTTP/2 GET https://localhost:44317/_framework/aspnetcore-browser-refresh.js - - - 200 12014 application/javascript;+charset=utf-8 30.3496ms
[2023-07-17 14:39:15.321 +01:00  INF]  Request finished HTTP/2 GET https://localhost:44317/_vs/browserLink - - - 200 - text/javascript;+charset=UTF-8 78.1968ms
[2023-07-17 14:39:15.381 +01:00  INF]  Request starting HTTP/2 GET https://localhost:44317/swagger/v1/swagger.json - -
[2023-07-17 14:39:15.849 +01:00  INF]  Request finished HTTP/2 GET https://localhost:44317/swagger/v1/swagger.json - - - 200 - application/json;charset=utf-8 468.0950ms
[2023-07-17 14:39:32.668 +01:00  INF]  Request starting HTTP/2 GET https://localhost:44317/api/Employee/GetAllEmployee - -
[2023-07-17 14:39:33.454 +01:00  INF]  Successfully validated the token.
[2023-07-17 14:39:33.482 +01:00  INF]  Executing endpoint 'Com.XpressPayments.Api.Controllers.EmployeeController.GetAllEmployeeType (Com.XpressPayments.Api)'
[2023-07-17 14:39:33.522 +01:00  INF]  Route matched with {action = "GetAllEmployeeType", controller = "Employee"}. Executing controller action with signature System.Threading.Tasks.Task`1[Microsoft.AspNetCore.Mvc.IActionResult] GetAllEmployeeType() on controller Com.XpressPayments.Api.Controllers.EmployeeController (Com.XpressPayments.Api).
[2023-07-17 14:39:36.825 +01:00  INF]  Executing OkObjectResult, writing value of type 'Com.XpressPayments.Data.GenericResponse.BaseResponse'.
[2023-07-17 14:39:36.944 +01:00  INF]  Executed action Com.XpressPayments.Api.Controllers.EmployeeController.GetAllEmployeeType (Com.XpressPayments.Api) in 3408.7479ms
[2023-07-17 14:39:36.955 +01:00  INF]  Executed endpoint 'Com.XpressPayments.Api.Controllers.EmployeeController.GetAllEmployeeType (Com.XpressPayments.Api)'
[2023-07-17 14:39:36.962 +01:00  INF]  Request finished HTTP/2 GET https://localhost:44317/api/Employee/GetAllEmployee - - - 200 - application/json;+charset=utf-8 4294.2440ms
[2023-07-17 14:41:00.118 +01:00  INF]  Request starting HTTP/2 GET https://localhost:44317/api/Department/GetAllDepartments - -
[2023-07-17 14:41:00.204 +01:00  INF]  Successfully validated the token.
[2023-07-17 14:41:00.205 +01:00  INF]  Executing endpoint 'Com.XpressPayments.Api.Controllers.DepartmentController.GetAllDepartments (Com.XpressPayments.Api)'
[2023-07-17 14:41:00.213 +01:00  INF]  Route matched with {action = "GetAllDepartments", controller = "Department"}. Executing controller action with signature System.Threading.Tasks.Task`1[Microsoft.AspNetCore.Mvc.IActionResult] GetAllDepartments() on controller Com.XpressPayments.Api.Controllers.DepartmentController (Com.XpressPayments.Api).
[2023-07-17 14:41:01.386 +01:00  INF]  Executing OkObjectResult, writing value of type 'Com.XpressPayments.Data.GenericResponse.BaseResponse'.
[2023-07-17 14:41:01.396 +01:00  INF]  Executed action Com.XpressPayments.Api.Controllers.DepartmentController.GetAllDepartments (Com.XpressPayments.Api) in 1183.1715ms
[2023-07-17 14:41:01.397 +01:00  INF]  Executed endpoint 'Com.XpressPayments.Api.Controllers.DepartmentController.GetAllDepartments (Com.XpressPayments.Api)'
[2023-07-17 14:41:01.397 +01:00  INF]  Request finished HTTP/2 GET https://localhost:44317/api/Department/GetAllDepartments - - - 200 - application/json;+charset=utf-8 1278.4330ms
[2023-07-17 14:41:58.414 +01:00  INF]  User profile is available. Using 'C:\Users\olajumoke.owolabi\AppData\Local\ASP.NET\DataProtection-Keys' as key repository and Windows DPAPI to encrypt keys at rest.
[2023-07-17 14:41:58.865 +01:00  INF]  Application started. Press Ctrl+C to shut down.
[2023-07-17 14:41:58.865 +01:00  INF]  Hosting environment: Development
[2023-07-17 14:41:58.868 +01:00  INF]  Content root path: C:\Users\olajumoke.owolabi\source\repos\hrms-be-backend\Com.XpressPayments.Api\
[2023-07-17 14:41:58.960 +01:00  INF]  Request starting HTTP/2 GET https://localhost:44317/index.html - -
[2023-07-17 14:41:59.915 +01:00  INF]  Request finished HTTP/2 GET https://localhost:44317/index.html - - - 200 - text/html;charset=utf-8 958.0194ms
[2023-07-17 14:41:59.979 +01:00  INF]  Request starting HTTP/2 GET https://localhost:44317/_framework/aspnetcore-browser-refresh.js - -
[2023-07-17 14:41:59.993 +01:00  INF]  Request finished HTTP/2 GET https://localhost:44317/_framework/aspnetcore-browser-refresh.js - - - 200 12014 application/javascript;+charset=utf-8 9.8836ms
[2023-07-17 14:42:00.002 +01:00  INF]  Request starting HTTP/2 GET https://localhost:44317/_vs/browserLink - -
[2023-07-17 14:42:00.068 +01:00  INF]  Request finished HTTP/2 GET https://localhost:44317/_vs/browserLink - - - 200 - text/javascript;+charset=UTF-8 65.3956ms
[2023-07-17 14:42:00.148 +01:00  INF]  Request starting HTTP/2 GET https://localhost:44317/swagger/v1/swagger.json - -
[2023-07-17 14:42:00.631 +01:00  INF]  Request finished HTTP/2 GET https://localhost:44317/swagger/v1/swagger.json - - - 200 - application/json;charset=utf-8 482.7632ms
[2023-07-17 14:42:20.029 +01:00  INF]  Request starting HTTP/2 GET https://localhost:44317/api/Employee/GetAllEmployee - -
[2023-07-17 14:42:20.571 +01:00  INF]  Successfully validated the token.
[2023-07-17 14:42:20.588 +01:00  INF]  Executing endpoint 'Com.XpressPayments.Api.Controllers.EmployeeController.GetAllEmployeeType (Com.XpressPayments.Api)'
[2023-07-17 14:42:20.622 +01:00  INF]  Route matched with {action = "GetAllEmployeeType", controller = "Employee"}. Executing controller action with signature System.Threading.Tasks.Task`1[Microsoft.AspNetCore.Mvc.IActionResult] GetAllEmployeeType() on controller Com.XpressPayments.Api.Controllers.EmployeeController (Com.XpressPayments.Api).
[2023-07-17 14:42:23.739 +01:00  INF]  Executing OkObjectResult, writing value of type 'Com.XpressPayments.Data.GenericResponse.BaseResponse'.
[2023-07-17 14:42:23.866 +01:00  INF]  Executed action Com.XpressPayments.Api.Controllers.EmployeeController.GetAllEmployeeType (Com.XpressPayments.Api) in 3227.62ms
[2023-07-17 14:42:23.881 +01:00  INF]  Executed endpoint 'Com.XpressPayments.Api.Controllers.EmployeeController.GetAllEmployeeType (Com.XpressPayments.Api)'
[2023-07-17 14:42:23.887 +01:00  INF]  Request finished HTTP/2 GET https://localhost:44317/api/Employee/GetAllEmployee - - - 200 - application/json;+charset=utf-8 3858.2844ms
[2023-07-17 14:45:13.064 +01:00  INF]  User profile is available. Using 'C:\Users\olajumoke.owolabi\AppData\Local\ASP.NET\DataProtection-Keys' as key repository and Windows DPAPI to encrypt keys at rest.
[2023-07-17 14:45:13.351 +01:00  INF]  Application started. Press Ctrl+C to shut down.
[2023-07-17 14:45:13.352 +01:00  INF]  Hosting environment: Development
[2023-07-17 14:45:13.352 +01:00  INF]  Content root path: C:\Users\olajumoke.owolabi\source\repos\hrms-be-backend\Com.XpressPayments.Api\
[2023-07-17 14:45:13.434 +01:00  INF]  Request starting HTTP/2 GET https://localhost:44317/index.html - -
[2023-07-17 14:45:15.798 +01:00  INF]  Request finished HTTP/2 GET https://localhost:44317/index.html - - - 200 - text/html;charset=utf-8 2368.0661ms
[2023-07-17 14:45:15.808 +01:00  INF]  Request starting HTTP/2 GET https://localhost:44317/_framework/aspnetcore-browser-refresh.js - -
[2023-07-17 14:45:15.853 +01:00  INF]  Request finished HTTP/2 GET https://localhost:44317/_framework/aspnetcore-browser-refresh.js - - - 200 12014 application/javascript;+charset=utf-8 43.9028ms
[2023-07-17 14:45:15.872 +01:00  INF]  Request starting HTTP/2 GET https://localhost:44317/_vs/browserLink - -
[2023-07-17 14:45:16.048 +01:00  INF]  Request finished HTTP/2 GET https://localhost:44317/_vs/browserLink - - - 200 - text/javascript;+charset=UTF-8 176.3138ms
[2023-07-17 14:45:16.137 +01:00  INF]  Request starting HTTP/2 GET https://localhost:44317/swagger/v1/swagger.json - -
[2023-07-17 14:45:16.519 +01:00  INF]  Request finished HTTP/2 GET https://localhost:44317/swagger/v1/swagger.json - - - 200 - application/json;charset=utf-8 382.0701ms
[2023-07-17 14:45:34.905 +01:00  INF]  Request starting HTTP/2 GET https://localhost:44317/api/Employee/GetAllEmployee - -
[2023-07-17 14:45:35.708 +01:00  INF]  Successfully validated the token.
[2023-07-17 14:45:35.738 +01:00  INF]  Executing endpoint 'Com.XpressPayments.Api.Controllers.EmployeeController.GetAllEmployeeType (Com.XpressPayments.Api)'
[2023-07-17 14:45:35.789 +01:00  INF]  Route matched with {action = "GetAllEmployeeType", controller = "Employee"}. Executing controller action with signature System.Threading.Tasks.Task`1[Microsoft.AspNetCore.Mvc.IActionResult] GetAllEmployeeType() on controller Com.XpressPayments.Api.Controllers.EmployeeController (Com.XpressPayments.Api).
[2023-07-17 14:45:39.017 +01:00  INF]  Executing OkObjectResult, writing value of type 'Com.XpressPayments.Data.GenericResponse.BaseResponse'.
[2023-07-17 14:45:39.140 +01:00  INF]  Executed action Com.XpressPayments.Api.Controllers.EmployeeController.GetAllEmployeeType (Com.XpressPayments.Api) in 3337.3339ms
[2023-07-17 14:45:39.151 +01:00  INF]  Executed endpoint 'Com.XpressPayments.Api.Controllers.EmployeeController.GetAllEmployeeType (Com.XpressPayments.Api)'
[2023-07-17 14:45:39.158 +01:00  INF]  Request finished HTTP/2 GET https://localhost:44317/api/Employee/GetAllEmployee - - - 200 - application/json;+charset=utf-8 4252.1763ms
[2023-07-17 14:46:29.138 +01:00  INF]  Request starting HTTP/2 GET https://localhost:44317/api/Employee/GetAllEmployee - -
[2023-07-17 14:46:29.174 +01:00  INF]  Successfully validated the token.
[2023-07-17 14:46:29.175 +01:00  INF]  Executing endpoint 'Com.XpressPayments.Api.Controllers.EmployeeController.GetAllEmployeeType (Com.XpressPayments.Api)'
[2023-07-17 14:46:29.175 +01:00  INF]  Route matched with {action = "GetAllEmployeeType", controller = "Employee"}. Executing controller action with signature System.Threading.Tasks.Task`1[Microsoft.AspNetCore.Mvc.IActionResult] GetAllEmployeeType() on controller Com.XpressPayments.Api.Controllers.EmployeeController (Com.XpressPayments.Api).
[2023-07-17 14:46:30.640 +01:00  INF]  Executing OkObjectResult, writing value of type 'Com.XpressPayments.Data.GenericResponse.BaseResponse'.
[2023-07-17 14:46:30.649 +01:00  INF]  Executed action Com.XpressPayments.Api.Controllers.EmployeeController.GetAllEmployeeType (Com.XpressPayments.Api) in 1473.4879ms
[2023-07-17 14:46:30.649 +01:00  INF]  Executed endpoint 'Com.XpressPayments.Api.Controllers.EmployeeController.GetAllEmployeeType (Com.XpressPayments.Api)'
[2023-07-17 14:46:30.655 +01:00  INF]  Request finished HTTP/2 GET https://localhost:44317/api/Employee/GetAllEmployee - - - 200 - application/json;+charset=utf-8 1516.8352ms
[2023-07-17 14:56:15.413 +01:00  INF]  User profile is available. Using 'C:\Users\olajumoke.owolabi\AppData\Local\ASP.NET\DataProtection-Keys' as key repository and Windows DPAPI to encrypt keys at rest.
[2023-07-17 14:56:15.704 +01:00  INF]  Application started. Press Ctrl+C to shut down.
[2023-07-17 14:56:15.704 +01:00  INF]  Hosting environment: Development
[2023-07-17 14:56:15.705 +01:00  INF]  Content root path: C:\Users\olajumoke.owolabi\source\repos\hrms-be-backend\Com.XpressPayments.Api\
[2023-07-17 14:56:15.782 +01:00  INF]  Request starting HTTP/2 GET https://localhost:44317/index.html - -
[2023-07-17 14:56:16.853 +01:00  INF]  Request finished HTTP/2 GET https://localhost:44317/index.html - - - 200 - text/html;charset=utf-8 1073.8886ms
[2023-07-17 14:56:16.867 +01:00  INF]  Request starting HTTP/2 GET https://localhost:44317/_framework/aspnetcore-browser-refresh.js - -
[2023-07-17 14:56:16.884 +01:00  INF]  Request finished HTTP/2 GET https://localhost:44317/_framework/aspnetcore-browser-refresh.js - - - 200 12014 application/javascript;+charset=utf-8 8.7383ms
[2023-07-17 14:56:16.884 +01:00  INF]  Request starting HTTP/2 GET https://localhost:44317/_vs/browserLink - -
[2023-07-17 14:56:17.025 +01:00  INF]  Request finished HTTP/2 GET https://localhost:44317/_vs/browserLink - - - 200 - text/javascript;+charset=UTF-8 140.7610ms
[2023-07-17 14:56:17.107 +01:00  INF]  Request starting HTTP/2 GET https://localhost:44317/swagger/v1/swagger.json - -
[2023-07-17 14:56:17.547 +01:00  INF]  Request finished HTTP/2 GET https://localhost:44317/swagger/v1/swagger.json - - - 200 - application/json;charset=utf-8 439.4807ms
[2023-07-17 14:56:36.976 +01:00  INF]  Request starting HTTP/2 GET https://localhost:44317/api/Employee/GetAllEmployee - -
[2023-07-17 14:56:37.411 +01:00  INF]  Successfully validated the token.
[2023-07-17 14:56:37.432 +01:00  INF]  Executing endpoint 'Com.XpressPayments.Api.Controllers.EmployeeController.GetAllEmployeeType (Com.XpressPayments.Api)'
[2023-07-17 14:56:37.460 +01:00  INF]  Route matched with {action = "GetAllEmployeeType", controller = "Employee"}. Executing controller action with signature System.Threading.Tasks.Task`1[Microsoft.AspNetCore.Mvc.IActionResult] GetAllEmployeeType() on controller Com.XpressPayments.Api.Controllers.EmployeeController (Com.XpressPayments.Api).
[2023-07-17 14:56:40.018 +01:00  INF]  Executing OkObjectResult, writing value of type 'Com.XpressPayments.Data.GenericResponse.BaseResponse'.
[2023-07-17 14:56:40.083 +01:00  INF]  Executed action Com.XpressPayments.Api.Controllers.EmployeeController.GetAllEmployeeType (Com.XpressPayments.Api) in 2614.8781ms
[2023-07-17 14:56:40.089 +01:00  INF]  Executed endpoint 'Com.XpressPayments.Api.Controllers.EmployeeController.GetAllEmployeeType (Com.XpressPayments.Api)'
[2023-07-17 14:56:40.092 +01:00  INF]  Request finished HTTP/2 GET https://localhost:44317/api/Employee/GetAllEmployee - - - 200 - application/json;+charset=utf-8 3115.1620ms
[2023-07-17 14:57:11.587 +01:00  INF]  Request starting HTTP/2 GET https://localhost:44317/api/Department/GetAllDepartments - -
[2023-07-17 14:57:11.607 +01:00  INF]  Successfully validated the token.
[2023-07-17 14:57:11.616 +01:00  INF]  Executing endpoint 'Com.XpressPayments.Api.Controllers.DepartmentController.GetAllDepartments (Com.XpressPayments.Api)'
[2023-07-17 14:57:11.619 +01:00  INF]  Route matched with {action = "GetAllDepartments", controller = "Department"}. Executing controller action with signature System.Threading.Tasks.Task`1[Microsoft.AspNetCore.Mvc.IActionResult] GetAllDepartments() on controller Com.XpressPayments.Api.Controllers.DepartmentController (Com.XpressPayments.Api).
[2023-07-17 14:57:11.999 +01:00  INF]  Executing OkObjectResult, writing value of type 'Com.XpressPayments.Data.GenericResponse.BaseResponse'.
[2023-07-17 14:57:12.004 +01:00  INF]  Executed action Com.XpressPayments.Api.Controllers.DepartmentController.GetAllDepartments (Com.XpressPayments.Api) in 384.7991ms
[2023-07-17 14:57:12.004 +01:00  INF]  Executed endpoint 'Com.XpressPayments.Api.Controllers.DepartmentController.GetAllDepartments (Com.XpressPayments.Api)'
[2023-07-17 14:57:12.004 +01:00  INF]  Request finished HTTP/2 GET https://localhost:44317/api/Department/GetAllDepartments - - - 200 - application/json;+charset=utf-8 417.3512ms
[2023-07-17 14:57:24.060 +01:00  INF]  Request starting HTTP/2 GET https://localhost:44317/api/Gender/GetAllGender - -
[2023-07-17 14:57:24.063 +01:00  INF]  Successfully validated the token.
[2023-07-17 14:57:24.063 +01:00  INF]  Executing endpoint 'Com.XpressPayments.Api.Controllers.GenderController.GetAllGender (Com.XpressPayments.Api)'
[2023-07-17 14:57:24.066 +01:00  INF]  Route matched with {action = "GetAllGender", controller = "Gender"}. Executing controller action with signature System.Threading.Tasks.Task`1[Microsoft.AspNetCore.Mvc.IActionResult] GetAllGender() on controller Com.XpressPayments.Api.Controllers.GenderController (Com.XpressPayments.Api).
[2023-07-17 14:57:24.475 +01:00  INF]  Executing OkObjectResult, writing value of type 'Com.XpressPayments.Data.GenericResponse.BaseResponse'.
[2023-07-17 14:57:24.479 +01:00  INF]  Executed action Com.XpressPayments.Api.Controllers.GenderController.GetAllGender (Com.XpressPayments.Api) in 413.6765ms
[2023-07-17 14:57:24.480 +01:00  INF]  Executed endpoint 'Com.XpressPayments.Api.Controllers.GenderController.GetAllGender (Com.XpressPayments.Api)'
[2023-07-17 14:57:24.480 +01:00  INF]  Request finished HTTP/2 GET https://localhost:44317/api/Gender/GetAllGender - - - 200 - application/json;+charset=utf-8 419.8016ms
[2023-07-17 14:57:43.910 +01:00  INF]  Request starting HTTP/2 GET https://localhost:44317/api/LeaveType/GetAllLeaveType - -
[2023-07-17 14:57:43.911 +01:00  INF]  Successfully validated the token.
[2023-07-17 14:57:43.911 +01:00  INF]  Executing endpoint 'Com.XpressPayments.Api.LeaveModuleController.Controller.LeaveTypeController.GetAllLeaveType (Com.XpressPayments.Api)'
[2023-07-17 14:57:43.920 +01:00  INF]  Route matched with {action = "GetAllLeaveType", controller = "LeaveType"}. Executing controller action with signature System.Threading.Tasks.Task`1[Microsoft.AspNetCore.Mvc.IActionResult] GetAllLeaveType() on controller Com.XpressPayments.Api.LeaveModuleController.Controller.LeaveTypeController (Com.XpressPayments.Api).
[2023-07-17 14:57:44.340 +01:00  INF]  Executing OkObjectResult, writing value of type 'Com.XpressPayments.Data.GenericResponse.BaseResponse'.
[2023-07-17 14:57:44.344 +01:00  INF]  Executed action Com.XpressPayments.Api.LeaveModuleController.Controller.LeaveTypeController.GetAllLeaveType (Com.XpressPayments.Api) in 423.8294ms
[2023-07-17 14:57:44.344 +01:00  INF]  Executed endpoint 'Com.XpressPayments.Api.LeaveModuleController.Controller.LeaveTypeController.GetAllLeaveType (Com.XpressPayments.Api)'
[2023-07-17 14:57:44.344 +01:00  INF]  Request finished HTTP/2 GET https://localhost:44317/api/LeaveType/GetAllLeaveType - - - 200 - application/json;+charset=utf-8 433.7454ms
[2023-07-17 15:26:43.166 +01:00  INF]  Request starting HTTP/2 POST https://localhost:44317/api/Auth/Logout application/json 52
[2023-07-17 15:26:43.212 +01:00  INF]  CORS policy execution successful.
[2023-07-17 15:26:43.218 +01:00  INF]  Successfully validated the token.
[2023-07-17 15:26:43.220 +01:00  INF]  Executing endpoint 'Com.XpressPayments.Api.Controllers.AuthController.Logout (Com.XpressPayments.Api)'
[2023-07-17 15:26:43.261 +01:00  INF]  Route matched with {action = "Logout", controller = "Auth"}. Executing controller action with signature System.Threading.Tasks.Task`1[Microsoft.AspNetCore.Mvc.IActionResult] Logout(Com.XpressPayments.Data.DTOs.Account.LogoutDto) on controller Com.XpressPayments.Api.Controllers.AuthController (Com.XpressPayments.Api).
[2023-07-17 15:26:44.442 +01:00  INF]  Executing OkObjectResult, writing value of type 'Com.XpressPayments.Data.GenericResponse.BaseResponse'.
[2023-07-17 15:26:44.454 +01:00  INF]  Executed action Com.XpressPayments.Api.Controllers.AuthController.Logout (Com.XpressPayments.Api) in 1192.0749ms
[2023-07-17 15:26:44.454 +01:00  INF]  Executed endpoint 'Com.XpressPayments.Api.Controllers.AuthController.Logout (Com.XpressPayments.Api)'
[2023-07-17 15:26:44.460 +01:00  INF]  Request finished HTTP/2 POST https://localhost:44317/api/Auth/Logout application/json 52 - 200 - application/json;+charset=utf-8 1295.2084ms
[2023-07-17 15:27:09.483 +01:00  INF]  Request starting HTTP/2 POST https://localhost:44317/api/Auth/Login application/json 86
[2023-07-17 15:27:09.493 +01:00  INF]  CORS policy execution successful.
[2023-07-17 15:27:09.493 +01:00  INF]  Successfully validated the token.
[2023-07-17 15:27:09.493 +01:00  INF]  Executing endpoint 'Com.XpressPayments.Api.Controllers.AuthController.Login (Com.XpressPayments.Api)'
[2023-07-17 15:27:09.496 +01:00  INF]  Route matched with {action = "Login", controller = "Auth"}. Executing controller action with signature System.Threading.Tasks.Task`1[Microsoft.AspNetCore.Mvc.IActionResult] Login(Com.XpressPayments.Bussiness.ViewModels.LoginModel) on controller Com.XpressPayments.Api.Controllers.AuthController (Com.XpressPayments.Api).
[2023-07-17 15:27:16.291 +01:00  INF]  Executing OkObjectResult, writing value of type 'Com.XpressPayments.Data.GenericResponse.LoginResponse'.
[2023-07-17 15:27:16.301 +01:00  INF]  Executed action Com.XpressPayments.Api.Controllers.AuthController.Login (Com.XpressPayments.Api) in 6805.8443ms
[2023-07-17 15:27:16.302 +01:00  INF]  Executed endpoint 'Com.XpressPayments.Api.Controllers.AuthController.Login (Com.XpressPayments.Api)'
[2023-07-17 15:27:16.302 +01:00  INF]  Request finished HTTP/2 POST https://localhost:44317/api/Auth/Login application/json 86 - 200 - application/json;+charset=utf-8 6819.2178ms
[2023-07-17 15:29:11.904 +01:00  INF]  User profile is available. Using 'C:\Users\olajumoke.owolabi\AppData\Local\ASP.NET\DataProtection-Keys' as key repository and Windows DPAPI to encrypt keys at rest.
[2023-07-17 15:29:12.248 +01:00  INF]  Application started. Press Ctrl+C to shut down.
[2023-07-17 15:29:12.248 +01:00  INF]  Hosting environment: Development
[2023-07-17 15:29:12.248 +01:00  INF]  Content root path: C:\Users\olajumoke.owolabi\source\repos\hrms-be-backend\Com.XpressPayments.Api\
[2023-07-17 15:29:12.318 +01:00  INF]  Request starting HTTP/2 GET https://localhost:44317/index.html - -
[2023-07-17 15:29:13.054 +01:00  INF]  Request finished HTTP/2 GET https://localhost:44317/index.html - - - 200 - text/html;charset=utf-8 737.8737ms
[2023-07-17 15:29:13.418 +01:00  INF]  Request starting HTTP/2 GET https://localhost:44317/_framework/aspnetcore-browser-refresh.js - -
[2023-07-17 15:29:13.424 +01:00  INF]  Request starting HTTP/2 GET https://localhost:44317/_vs/browserLink - -
[2023-07-17 15:29:13.426 +01:00  INF]  Request finished HTTP/2 GET https://localhost:44317/_framework/aspnetcore-browser-refresh.js - - - 200 12014 application/javascript;+charset=utf-8 7.3078ms
[2023-07-17 15:29:13.510 +01:00  INF]  Request finished HTTP/2 GET https://localhost:44317/_vs/browserLink - - - 200 - text/javascript;+charset=UTF-8 85.7639ms
[2023-07-17 15:29:13.597 +01:00  INF]  Request starting HTTP/2 GET https://localhost:44317/swagger/v1/swagger.json - -
[2023-07-17 15:29:13.875 +01:00  INF]  Request finished HTTP/2 GET https://localhost:44317/swagger/v1/swagger.json - - - 200 - application/json;charset=utf-8 277.6266ms
[2023-07-17 15:50:42.486 +01:00  INF]  Request starting HTTP/2 POST https://localhost:44317/api/Employee/UpdateEmployee application/json 5297
[2023-07-17 15:50:42.503 +01:00  INF]  CORS policy execution successful.
[2023-07-17 15:50:43.062 +01:00  INF]  Successfully validated the token.
[2023-07-17 15:50:43.075 +01:00  INF]  Executing endpoint 'Com.XpressPayments.Api.Controllers.EmployeeController.UpdateEmployee (Com.XpressPayments.Api)'
[2023-07-17 15:50:43.123 +01:00  INF]  Route matched with {action = "UpdateEmployee", controller = "Employee"}. Executing controller action with signature System.Threading.Tasks.Task`1[Microsoft.AspNetCore.Mvc.IActionResult] UpdateEmployee(Com.XpressPayments.Data.DTOs.UpdateEmployeeDTO) on controller Com.XpressPayments.Api.Controllers.EmployeeController (Com.XpressPayments.Api).
[2023-07-17 15:50:43.185 +01:00  INF]  Executing BadRequestObjectResult, writing value of type 'Microsoft.AspNetCore.Mvc.ValidationProblemDetails'.
[2023-07-17 15:50:43.198 +01:00  INF]  Executed action Com.XpressPayments.Api.Controllers.EmployeeController.UpdateEmployee (Com.XpressPayments.Api) in 67.5987ms
[2023-07-17 15:50:43.204 +01:00  INF]  Executed endpoint 'Com.XpressPayments.Api.Controllers.EmployeeController.UpdateEmployee (Com.XpressPayments.Api)'
[2023-07-17 15:50:43.205 +01:00  INF]  Request finished HTTP/2 POST https://localhost:44317/api/Employee/UpdateEmployee application/json 5297 - 400 - application/problem+json;+charset=utf-8 720.2145ms
[2023-07-17 15:54:46.905 +01:00  INF]  Request starting HTTP/2 POST https://localhost:44317/api/Employee/UpdateEmployee application/json 5298
[2023-07-17 15:54:46.942 +01:00  INF]  CORS policy execution successful.
[2023-07-17 15:54:46.956 +01:00  INF]  Successfully validated the token.
[2023-07-17 15:54:46.963 +01:00  INF]  Executing endpoint 'Com.XpressPayments.Api.Controllers.EmployeeController.UpdateEmployee (Com.XpressPayments.Api)'
[2023-07-17 15:54:46.963 +01:00  INF]  Route matched with {action = "UpdateEmployee", controller = "Employee"}. Executing controller action with signature System.Threading.Tasks.Task`1[Microsoft.AspNetCore.Mvc.IActionResult] UpdateEmployee(Com.XpressPayments.Data.DTOs.UpdateEmployeeDTO) on controller Com.XpressPayments.Api.Controllers.EmployeeController (Com.XpressPayments.Api).
[2023-07-17 15:54:46.966 +01:00  INF]  Executing BadRequestObjectResult, writing value of type 'Microsoft.AspNetCore.Mvc.ValidationProblemDetails'.
[2023-07-17 15:54:46.966 +01:00  INF]  Executed action Com.XpressPayments.Api.Controllers.EmployeeController.UpdateEmployee (Com.XpressPayments.Api) in 2.9542ms
[2023-07-17 15:54:46.967 +01:00  INF]  Executed endpoint 'Com.XpressPayments.Api.Controllers.EmployeeController.UpdateEmployee (Com.XpressPayments.Api)'
[2023-07-17 15:54:46.967 +01:00  INF]  Request finished HTTP/2 POST https://localhost:44317/api/Employee/UpdateEmployee application/json 5298 - 400 - application/problem+json;+charset=utf-8 62.6942ms
[2023-07-17 15:55:56.364 +01:00  INF]  Request starting HTTP/2 POST https://localhost:44317/api/Employee/UpdateEmployee application/json 5293
[2023-07-17 15:55:56.368 +01:00  INF]  CORS policy execution successful.
[2023-07-17 15:55:56.370 +01:00  INF]  Successfully validated the token.
[2023-07-17 15:55:56.370 +01:00  INF]  Executing endpoint 'Com.XpressPayments.Api.Controllers.EmployeeController.UpdateEmployee (Com.XpressPayments.Api)'
[2023-07-17 15:55:56.370 +01:00  INF]  Route matched with {action = "UpdateEmployee", controller = "Employee"}. Executing controller action with signature System.Threading.Tasks.Task`1[Microsoft.AspNetCore.Mvc.IActionResult] UpdateEmployee(Com.XpressPayments.Data.DTOs.UpdateEmployeeDTO) on controller Com.XpressPayments.Api.Controllers.EmployeeController (Com.XpressPayments.Api).
[2023-07-17 15:57:00.464 +01:00  INF]  Employee updated successfully.
[2023-07-17 15:57:00.470 +01:00  INF]  Executing OkObjectResult, writing value of type 'Com.XpressPayments.Data.GenericResponse.BaseResponse'.
[2023-07-17 15:57:00.554 +01:00  INF]  Executed action Com.XpressPayments.Api.Controllers.EmployeeController.UpdateEmployee (Com.XpressPayments.Api) in 64183.6562ms
[2023-07-17 15:57:00.555 +01:00  INF]  Executed endpoint 'Com.XpressPayments.Api.Controllers.EmployeeController.UpdateEmployee (Com.XpressPayments.Api)'
[2023-07-17 15:57:00.557 +01:00  INF]  Request finished HTTP/2 POST https://localhost:44317/api/Employee/UpdateEmployee application/json 5293 - 200 - application/json;+charset=utf-8 64193.7729ms
