[2023-09-11 09:23:18.764 +01:00  INF]  User profile is available. Using 'C:\Users\noble.nwabuike\AppData\Local\ASP.NET\DataProtection-Keys' as key repository and Windows DPAPI to encrypt keys at rest.
[2023-09-11 09:23:19.815 +01:00  INF]  Now listening on: https://localhost:5001
[2023-09-11 09:23:19.817 +01:00  INF]  Now listening on: http://localhost:5000
[2023-09-11 09:23:19.824 +01:00  INF]  Application started. Press Ctrl+C to shut down.
[2023-09-11 09:23:19.826 +01:00  INF]  Hosting environment: Development
[2023-09-11 09:23:19.827 +01:00  INF]  Content root path: C:\Users\noble.nwabuike\Downloads\hrms-be-backend\Com.XpressPayments.Api\
[2023-09-11 09:23:22.108 +01:00  INF]  Request starting HTTP/2 GET https://localhost:5001/index.html - -
[2023-09-11 09:23:22.955 +01:00  INF]  Request finished HTTP/2 GET https://localhost:5001/index.html - - - 200 - text/html;charset=utf-8 850.0569ms
[2023-09-11 09:23:22.961 +01:00  INF]  Request starting HTTP/2 GET https://localhost:5001/swagger-ui.css - -
[2023-09-11 09:23:22.976 +01:00  INF]  Request starting HTTP/2 GET https://localhost:5001/swagger-ui-bundle.js - -
[2023-09-11 09:23:23.006 +01:00  INF]  Request starting HTTP/2 GET https://localhost:5001/swagger-ui-standalone-preset.js - -
[2023-09-11 09:23:23.014 +01:00  INF]  Request starting HTTP/2 GET https://localhost:5001/_framework/aspnetcore-browser-refresh.js - -
[2023-09-11 09:23:23.013 +01:00  INF]  Request starting HTTP/2 GET https://localhost:5001/_vs/browserLink - -
[2023-09-11 09:23:23.071 +01:00  INF]  Request finished HTTP/2 GET https://localhost:5001/_framework/aspnetcore-browser-refresh.js - - - 200 12014 application/javascript;+charset=utf-8 56.9698ms
[2023-09-11 09:23:23.093 +01:00  INF]  Sending file. Request path: '/swagger-ui-standalone-preset.js'. Physical path: 'N/A'
[2023-09-11 09:23:23.093 +01:00  INF]  Sending file. Request path: '/swagger-ui.css'. Physical path: 'N/A'
[2023-09-11 09:23:23.144 +01:00  INF]  Sending file. Request path: '/swagger-ui-bundle.js'. Physical path: 'N/A'
[2023-09-11 09:23:23.149 +01:00  INF]  Request finished HTTP/2 GET https://localhost:5001/swagger-ui.css - - - 200 143632 text/css 187.8052ms
[2023-09-11 09:23:23.140 +01:00  INF]  Request finished HTTP/2 GET https://localhost:5001/swagger-ui-standalone-preset.js - - - 200 337162 application/javascript 135.6564ms
[2023-09-11 09:23:23.175 +01:00  INF]  Request finished HTTP/2 GET https://localhost:5001/swagger-ui-bundle.js - - - 200 1092889 application/javascript 198.3963ms
[2023-09-11 09:23:23.181 +01:00  INF]  Request finished HTTP/2 GET https://localhost:5001/_vs/browserLink - - - 200 - text/javascript;+charset=UTF-8 167.8118ms
[2023-09-11 09:23:23.360 +01:00  INF]  Request starting HTTP/2 GET https://localhost:5001/swagger/v1/swagger.json - -
[2023-09-11 09:23:23.378 +01:00  INF]  Request starting HTTP/2 GET https://localhost:5001/favicon-32x32.png - -
[2023-09-11 09:23:23.379 +01:00  INF]  Sending file. Request path: '/favicon-32x32.png'. Physical path: 'N/A'
[2023-09-11 09:23:23.382 +01:00  INF]  Request finished HTTP/2 GET https://localhost:5001/favicon-32x32.png - - - 200 628 image/png 3.9429ms
[2023-09-11 09:23:23.651 +01:00  INF]  Request finished HTTP/2 GET https://localhost:5001/swagger/v1/swagger.json - - - 200 - application/json;charset=utf-8 290.6518ms
[2023-09-11 09:25:02.497 +01:00  INF]  Request starting HTTP/2 POST https://localhost:5001/api/Auth/Logout application/json 48
[2023-09-11 09:25:02.518 +01:00  INF]  CORS policy execution successful.
[2023-09-11 09:25:02.695 +01:00  INF]  Executing endpoint 'Com.XpressPayments.Api.Controllers.AuthController.Logout (Com.XpressPayments.Api)'
[2023-09-11 09:25:02.725 +01:00  INF]  Route matched with {action = "Logout", controller = "Auth"}. Executing controller action with signature System.Threading.Tasks.Task`1[Microsoft.AspNetCore.Mvc.IActionResult] Logout(Com.XpressPayments.Data.DTOs.Account.LogoutDto) on controller Com.XpressPayments.Api.Controllers.AuthController (Com.XpressPayments.Api).
[2023-09-11 09:25:03.294 +01:00  INF]  Executing OkObjectResult, writing value of type 'Com.XpressPayments.Data.GenericResponse.BaseResponse'.
[2023-09-11 09:25:03.310 +01:00  INF]  Executed action Com.XpressPayments.Api.Controllers.AuthController.Logout (Com.XpressPayments.Api) in 572.553ms
[2023-09-11 09:25:03.318 +01:00  INF]  Executed endpoint 'Com.XpressPayments.Api.Controllers.AuthController.Logout (Com.XpressPayments.Api)'
[2023-09-11 09:25:03.322 +01:00  INF]  Request finished HTTP/2 POST https://localhost:5001/api/Auth/Logout application/json 48 - 200 - application/json;+charset=utf-8 825.4739ms
[2023-09-11 09:25:32.937 +01:00  INF]  Request starting HTTP/2 POST https://localhost:5001/api/Auth/Login application/json 82
[2023-09-11 09:25:32.957 +01:00  INF]  CORS policy execution successful.
[2023-09-11 09:25:32.958 +01:00  INF]  Executing endpoint 'Com.XpressPayments.Api.Controllers.AuthController.Login (Com.XpressPayments.Api)'
[2023-09-11 09:25:32.966 +01:00  INF]  Route matched with {action = "Login", controller = "Auth"}. Executing controller action with signature System.Threading.Tasks.Task`1[Microsoft.AspNetCore.Mvc.IActionResult] Login(Com.XpressPayments.Bussiness.ViewModels.LoginModel) on controller Com.XpressPayments.Api.Controllers.AuthController (Com.XpressPayments.Api).
[2023-09-11 09:25:37.129 +01:00  INF]  Executing OkObjectResult, writing value of type 'Com.XpressPayments.Data.GenericResponse.LoginResponse'.
[2023-09-11 09:25:37.140 +01:00  INF]  Executed action Com.XpressPayments.Api.Controllers.AuthController.Login (Com.XpressPayments.Api) in 4171.5242ms
[2023-09-11 09:25:37.141 +01:00  INF]  Executed endpoint 'Com.XpressPayments.Api.Controllers.AuthController.Login (Com.XpressPayments.Api)'
[2023-09-11 09:25:37.142 +01:00  INF]  Request finished HTTP/2 POST https://localhost:5001/api/Auth/Login application/json 82 - 200 - application/json;+charset=utf-8 4205.4132ms
[2023-09-11 09:27:13.428 +01:00  INF]  Request starting HTTP/2 POST https://localhost:5001/api/TrainingInduction/UpdateTrainingInduction application/json 413
[2023-09-11 09:27:13.448 +01:00  INF]  CORS policy execution successful.
[2023-09-11 09:27:13.527 +01:00  INF]  Successfully validated the token.
[2023-09-11 09:27:13.538 +01:00  INF]  Executing endpoint 'Com.XpressPayments.Api.LearningAndDevelopmentModuleController.Controller.TrainingInductionController.UpdateTrainingInduction (Com.XpressPayments.Api)'
[2023-09-11 09:27:13.542 +01:00  INF]  Route matched with {action = "UpdateTrainingInduction", controller = "TrainingInduction"}. Executing controller action with signature System.Threading.Tasks.Task`1[Microsoft.AspNetCore.Mvc.IActionResult] UpdateTrainingInduction(Com.XpressPayments.Data.LearningAndDevelopmentDTO.DTOs.TrainingInductionUpdate) on controller Com.XpressPayments.Api.LearningAndDevelopmentModuleController.Controller.TrainingInductionController (Com.XpressPayments.Api).
[2023-09-11 09:28:15.162 +01:00  ERR]  MethodName: UpdateTrainingInduction ===>System.Data.SqlClient.SqlException (0x80131904): @TrainingPlanIDUpd is not a parameter for procedure Sp_TrainingInduction.
   at System.Data.SqlClient.SqlConnection.OnError(SqlException exception, Boolean breakConnection, Action`1 wrapCloseInAction)
   at System.Data.SqlClient.TdsParser.ThrowExceptionAndWarning(TdsParserStateObject stateObj, Boolean callerHasConnectionLock, Boolean asyncClose)
   at System.Data.SqlClient.TdsParser.TryRun(RunBehavior runBehavior, SqlCommand cmdHandler, SqlDataReader dataStream, BulkCopySimpleResultSet bulkCopyHandler, TdsParserStateObject stateObj, Boolean& dataReady)
   at System.Data.SqlClient.SqlCommand.FinishExecuteReader(SqlDataReader ds, RunBehavior runBehavior, String resetOptionsString)
   at System.Data.SqlClient.SqlCommand.CompleteAsyncExecuteReader()
   at System.Data.SqlClient.SqlCommand.EndExecuteNonQueryInternal(IAsyncResult asyncResult)
   at System.Data.SqlClient.SqlCommand.EndExecuteNonQuery(IAsyncResult asyncResult)
   at System.Threading.Tasks.TaskFactory`1.FromAsyncCoreLogic(IAsyncResult iar, Func`2 endFunction, Action`1 endAction, Task`1 promise, Boolean requiresSynchronization)
--- End of stack trace from previous location ---
   at Dapper.SqlMapper.ExecuteImplAsync(IDbConnection cnn, CommandDefinition command, Object param) in /_/Dapper/SqlMapper.Async.cs:line 646
   at Com.XpressPayments.Data.LearningAndDevelopmentRepository.TrainingInductionRepo.TrainingInductionRepository.UpdateTrainingInduction(TrainingInductionUpdate TrainingInduction, String updatedbyUserEmail) in C:\Users\noble.nwabuike\Downloads\hrms-be-backend\Com.XpressPayments.Data\LearningAndDevelopmentRepository\TrainingInductionRepo\TrainingInductionRepository.cs:line 87
ClientConnectionId:feb02b97-d2b6-4c78-9963-c4db75ebf949
Error Number:8145,State:1,Class:16
[2023-09-11 09:28:15.200 +01:00  ERR]  Exception Occurred ==> @TrainingPlanIDUpd is not a parameter for procedure Sp_TrainingInduction.
[2023-09-11 09:28:15.201 +01:00  INF]  Executing OkObjectResult, writing value of type 'Com.XpressPayments.Data.GenericResponse.BaseResponse'.
[2023-09-11 09:28:15.202 +01:00  INF]  Executed action Com.XpressPayments.Api.LearningAndDevelopmentModuleController.Controller.TrainingInductionController.UpdateTrainingInduction (Com.XpressPayments.Api) in 61659.6043ms
[2023-09-11 09:28:15.204 +01:00  INF]  Executed endpoint 'Com.XpressPayments.Api.LearningAndDevelopmentModuleController.Controller.TrainingInductionController.UpdateTrainingInduction (Com.XpressPayments.Api)'
[2023-09-11 09:28:15.206 +01:00  INF]  Request finished HTTP/2 POST https://localhost:5001/api/TrainingInduction/UpdateTrainingInduction application/json 413 - 200 - application/json;+charset=utf-8 61777.6845ms
[2023-09-11 09:28:34.808 +01:00  INF]  Request starting HTTP/2 POST https://localhost:5001/api/TrainingInduction/UpdateTrainingInduction application/json 413
[2023-09-11 09:28:34.814 +01:00  INF]  CORS policy execution successful.
[2023-09-11 09:28:34.815 +01:00  INF]  Successfully validated the token.
[2023-09-11 09:28:34.817 +01:00  INF]  Executing endpoint 'Com.XpressPayments.Api.LearningAndDevelopmentModuleController.Controller.TrainingInductionController.UpdateTrainingInduction (Com.XpressPayments.Api)'
[2023-09-11 09:28:34.818 +01:00  INF]  Route matched with {action = "UpdateTrainingInduction", controller = "TrainingInduction"}. Executing controller action with signature System.Threading.Tasks.Task`1[Microsoft.AspNetCore.Mvc.IActionResult] UpdateTrainingInduction(Com.XpressPayments.Data.LearningAndDevelopmentDTO.DTOs.TrainingInductionUpdate) on controller Com.XpressPayments.Api.LearningAndDevelopmentModuleController.Controller.TrainingInductionController (Com.XpressPayments.Api).
[2023-09-11 09:30:31.735 +01:00  ERR]  Exception Occurred ==> Cannot implicitly convert type 'int' to 'string'
[2023-09-11 09:30:31.783 +01:00  INF]  Executing OkObjectResult, writing value of type 'Com.XpressPayments.Data.GenericResponse.BaseResponse'.
[2023-09-11 09:30:31.789 +01:00  INF]  Executed action Com.XpressPayments.Api.LearningAndDevelopmentModuleController.Controller.TrainingInductionController.UpdateTrainingInduction (Com.XpressPayments.Api) in 116970.0347ms
[2023-09-11 09:30:31.794 +01:00  INF]  Executed endpoint 'Com.XpressPayments.Api.LearningAndDevelopmentModuleController.Controller.TrainingInductionController.UpdateTrainingInduction (Com.XpressPayments.Api)'
[2023-09-11 09:30:31.796 +01:00  INF]  Request finished HTTP/2 POST https://localhost:5001/api/TrainingInduction/UpdateTrainingInduction application/json 413 - 200 - application/json;+charset=utf-8 116987.5890ms
[2023-09-11 09:38:50.305 +01:00  INF]  Request starting HTTP/2 POST https://localhost:5001/api/TrainingInduction/UpdateTrainingInduction application/json 413
[2023-09-11 09:38:50.306 +01:00  INF]  CORS policy execution successful.
[2023-09-11 09:38:50.307 +01:00  INF]  Successfully validated the token.
[2023-09-11 09:38:50.308 +01:00  INF]  Executing endpoint 'Com.XpressPayments.Api.LearningAndDevelopmentModuleController.Controller.TrainingInductionController.UpdateTrainingInduction (Com.XpressPayments.Api)'
[2023-09-11 09:38:50.311 +01:00  INF]  Route matched with {action = "UpdateTrainingInduction", controller = "TrainingInduction"}. Executing controller action with signature System.Threading.Tasks.Task`1[Microsoft.AspNetCore.Mvc.IActionResult] UpdateTrainingInduction(Com.XpressPayments.Data.LearningAndDevelopmentDTO.DTOs.TrainingInductionUpdate) on controller Com.XpressPayments.Api.LearningAndDevelopmentModuleController.Controller.TrainingInductionController (Com.XpressPayments.Api).
[2023-09-11 09:38:54.968 +01:00  ERR]  Exception Occurred ==> Cannot implicitly convert type 'int' to 'string'
[2023-09-11 09:38:54.969 +01:00  INF]  Executing OkObjectResult, writing value of type 'Com.XpressPayments.Data.GenericResponse.BaseResponse'.
[2023-09-11 09:38:54.972 +01:00  INF]  Executed action Com.XpressPayments.Api.LearningAndDevelopmentModuleController.Controller.TrainingInductionController.UpdateTrainingInduction (Com.XpressPayments.Api) in 4659.7052ms
[2023-09-11 09:38:54.974 +01:00  INF]  Executed endpoint 'Com.XpressPayments.Api.LearningAndDevelopmentModuleController.Controller.TrainingInductionController.UpdateTrainingInduction (Com.XpressPayments.Api)'
[2023-09-11 09:38:54.975 +01:00  INF]  Request finished HTTP/2 POST https://localhost:5001/api/TrainingInduction/UpdateTrainingInduction application/json 413 - 200 - application/json;+charset=utf-8 4670.2290ms
[2023-09-11 09:39:40.534 +01:00  INF]  Request starting HTTP/2 POST https://localhost:5001/api/TrainingInduction/UpdateTrainingInduction application/json 413
[2023-09-11 09:39:40.549 +01:00  INF]  CORS policy execution successful.
[2023-09-11 09:39:40.550 +01:00  INF]  Successfully validated the token.
[2023-09-11 09:39:40.551 +01:00  INF]  Executing endpoint 'Com.XpressPayments.Api.LearningAndDevelopmentModuleController.Controller.TrainingInductionController.UpdateTrainingInduction (Com.XpressPayments.Api)'
[2023-09-11 09:39:40.552 +01:00  INF]  Route matched with {action = "UpdateTrainingInduction", controller = "TrainingInduction"}. Executing controller action with signature System.Threading.Tasks.Task`1[Microsoft.AspNetCore.Mvc.IActionResult] UpdateTrainingInduction(Com.XpressPayments.Data.LearningAndDevelopmentDTO.DTOs.TrainingInductionUpdate) on controller Com.XpressPayments.Api.LearningAndDevelopmentModuleController.Controller.TrainingInductionController (Com.XpressPayments.Api).
[2023-09-11 09:42:21.034 +01:00  ERR]  Exception Occurred ==> Cannot implicitly convert type 'int' to 'string'
[2023-09-11 09:42:21.071 +01:00  INF]  Executing OkObjectResult, writing value of type 'Com.XpressPayments.Data.GenericResponse.BaseResponse'.
[2023-09-11 09:42:21.080 +01:00  INF]  Executed action Com.XpressPayments.Api.LearningAndDevelopmentModuleController.Controller.TrainingInductionController.UpdateTrainingInduction (Com.XpressPayments.Api) in 160526.8473ms
[2023-09-11 09:42:21.086 +01:00  INF]  Executed endpoint 'Com.XpressPayments.Api.LearningAndDevelopmentModuleController.Controller.TrainingInductionController.UpdateTrainingInduction (Com.XpressPayments.Api)'
[2023-09-11 09:42:21.087 +01:00  INF]  Request finished HTTP/2 POST https://localhost:5001/api/TrainingInduction/UpdateTrainingInduction application/json 413 - 200 - application/json;+charset=utf-8 160553.8146ms
[2023-09-11 09:42:24.520 +01:00  INF]  Request starting HTTP/2 POST https://localhost:5001/api/TrainingInduction/UpdateTrainingInduction application/json 413
[2023-09-11 09:42:24.521 +01:00  INF]  CORS policy execution successful.
[2023-09-11 09:42:24.523 +01:00  INF]  Successfully validated the token.
[2023-09-11 09:42:24.524 +01:00  INF]  Executing endpoint 'Com.XpressPayments.Api.LearningAndDevelopmentModuleController.Controller.TrainingInductionController.UpdateTrainingInduction (Com.XpressPayments.Api)'
[2023-09-11 09:42:24.525 +01:00  INF]  Route matched with {action = "UpdateTrainingInduction", controller = "TrainingInduction"}. Executing controller action with signature System.Threading.Tasks.Task`1[Microsoft.AspNetCore.Mvc.IActionResult] UpdateTrainingInduction(Com.XpressPayments.Data.LearningAndDevelopmentDTO.DTOs.TrainingInductionUpdate) on controller Com.XpressPayments.Api.LearningAndDevelopmentModuleController.Controller.TrainingInductionController (Com.XpressPayments.Api).
[2023-09-11 09:42:51.677 +01:00  ERR]  MethodName: Task<TrainingInductionDTO> GetTrainingInductionById(long TrainingInductionID) ===>A network-related or instance-specific error occurred while establishing a connection to SQL Server. The server was not found or was not accessible. Verify that the instance name is correct and that SQL Server is configured to allow remote connections. (provider: TCP Provider, error: 0 - A connection attempt failed because the connected party did not properly respond after a period of time, or established connection failed because connected host has failed to respond.)
[2023-09-11 09:43:03.206 +01:00  ERR]  Exception Occurred ==> A network-related or instance-specific error occurred while establishing a connection to SQL Server. The server was not found or was not accessible. Verify that the instance name is correct and that SQL Server is configured to allow remote connections. (provider: TCP Provider, error: 0 - A connection attempt failed because the connected party did not properly respond after a period of time, or established connection failed because connected host has failed to respond.)
[2023-09-11 09:43:03.213 +01:00  INF]  Executing OkObjectResult, writing value of type 'Com.XpressPayments.Data.GenericResponse.BaseResponse'.
[2023-09-11 09:43:03.215 +01:00  INF]  Executed action Com.XpressPayments.Api.LearningAndDevelopmentModuleController.Controller.TrainingInductionController.UpdateTrainingInduction (Com.XpressPayments.Api) in 38688.3362ms
[2023-09-11 09:43:03.216 +01:00  INF]  Executed endpoint 'Com.XpressPayments.Api.LearningAndDevelopmentModuleController.Controller.TrainingInductionController.UpdateTrainingInduction (Com.XpressPayments.Api)'
[2023-09-11 09:43:03.218 +01:00  INF]  Request finished HTTP/2 POST https://localhost:5001/api/TrainingInduction/UpdateTrainingInduction application/json 413 - 200 - application/json;+charset=utf-8 38697.4760ms
[2023-09-11 09:44:03.944 +01:00  INF]  Request starting HTTP/2 POST https://localhost:5001/api/TrainingInduction/UpdateTrainingInduction application/json 413
[2023-09-11 09:44:03.951 +01:00  INF]  CORS policy execution successful.
[2023-09-11 09:44:03.952 +01:00  INF]  Successfully validated the token.
[2023-09-11 09:44:03.953 +01:00  INF]  Executing endpoint 'Com.XpressPayments.Api.LearningAndDevelopmentModuleController.Controller.TrainingInductionController.UpdateTrainingInduction (Com.XpressPayments.Api)'
[2023-09-11 09:44:03.954 +01:00  INF]  Route matched with {action = "UpdateTrainingInduction", controller = "TrainingInduction"}. Executing controller action with signature System.Threading.Tasks.Task`1[Microsoft.AspNetCore.Mvc.IActionResult] UpdateTrainingInduction(Com.XpressPayments.Data.LearningAndDevelopmentDTO.DTOs.TrainingInductionUpdate) on controller Com.XpressPayments.Api.LearningAndDevelopmentModuleController.Controller.TrainingInductionController (Com.XpressPayments.Api).
[2023-09-11 09:46:56.535 +01:00  ERR]  Exception Occurred ==> Cannot implicitly convert type 'int' to 'string'
[2023-09-11 09:46:56.552 +01:00  INF]  Executing OkObjectResult, writing value of type 'Com.XpressPayments.Data.GenericResponse.BaseResponse'.
[2023-09-11 09:46:56.558 +01:00  INF]  Executed action Com.XpressPayments.Api.LearningAndDevelopmentModuleController.Controller.TrainingInductionController.UpdateTrainingInduction (Com.XpressPayments.Api) in 172602.3281ms
[2023-09-11 09:46:56.559 +01:00  INF]  Executed endpoint 'Com.XpressPayments.Api.LearningAndDevelopmentModuleController.Controller.TrainingInductionController.UpdateTrainingInduction (Com.XpressPayments.Api)'
[2023-09-11 09:46:56.560 +01:00  INF]  Request finished HTTP/2 POST https://localhost:5001/api/TrainingInduction/UpdateTrainingInduction application/json 413 - 200 - application/json;+charset=utf-8 172616.4056ms
[2023-09-11 09:47:04.838 +01:00  INF]  Request starting HTTP/2 POST https://localhost:5001/api/TrainingInduction/UpdateTrainingInduction application/json 413
[2023-09-11 09:47:04.839 +01:00  INF]  CORS policy execution successful.
[2023-09-11 09:47:04.841 +01:00  INF]  Successfully validated the token.
[2023-09-11 09:47:04.843 +01:00  INF]  Executing endpoint 'Com.XpressPayments.Api.LearningAndDevelopmentModuleController.Controller.TrainingInductionController.UpdateTrainingInduction (Com.XpressPayments.Api)'
[2023-09-11 09:47:04.845 +01:00  INF]  Route matched with {action = "UpdateTrainingInduction", controller = "TrainingInduction"}. Executing controller action with signature System.Threading.Tasks.Task`1[Microsoft.AspNetCore.Mvc.IActionResult] UpdateTrainingInduction(Com.XpressPayments.Data.LearningAndDevelopmentDTO.DTOs.TrainingInductionUpdate) on controller Com.XpressPayments.Api.LearningAndDevelopmentModuleController.Controller.TrainingInductionController (Com.XpressPayments.Api).
[2023-09-11 09:49:04.918 +01:00  ERR]  Exception Occurred ==> Cannot implicitly convert type 'int' to 'string'
[2023-09-11 09:49:04.920 +01:00  INF]  Executing OkObjectResult, writing value of type 'Com.XpressPayments.Data.GenericResponse.BaseResponse'.
[2023-09-11 09:49:04.921 +01:00  INF]  Executed action Com.XpressPayments.Api.LearningAndDevelopmentModuleController.Controller.TrainingInductionController.UpdateTrainingInduction (Com.XpressPayments.Api) in 120074.2483ms
[2023-09-11 09:49:04.922 +01:00  INF]  Executed endpoint 'Com.XpressPayments.Api.LearningAndDevelopmentModuleController.Controller.TrainingInductionController.UpdateTrainingInduction (Com.XpressPayments.Api)'
[2023-09-11 09:49:04.923 +01:00  INF]  Request finished HTTP/2 POST https://localhost:5001/api/TrainingInduction/UpdateTrainingInduction application/json 413 - 200 - application/json;+charset=utf-8 120085.5946ms
[2023-09-11 09:53:58.520 +01:00  INF]  User profile is available. Using 'C:\Users\noble.nwabuike\AppData\Local\ASP.NET\DataProtection-Keys' as key repository and Windows DPAPI to encrypt keys at rest.
[2023-09-11 09:53:58.984 +01:00  INF]  Now listening on: https://localhost:5001
[2023-09-11 09:53:58.985 +01:00  INF]  Now listening on: http://localhost:5000
[2023-09-11 09:53:58.990 +01:00  INF]  Application started. Press Ctrl+C to shut down.
[2023-09-11 09:53:58.991 +01:00  INF]  Hosting environment: Development
[2023-09-11 09:53:58.993 +01:00  INF]  Content root path: C:\Users\noble.nwabuike\Downloads\hrms-be-backend\Com.XpressPayments.Api\
[2023-09-11 09:53:59.907 +01:00  INF]  Request starting HTTP/2 GET https://localhost:5001/index.html - -
[2023-09-11 09:54:00.432 +01:00  INF]  Request finished HTTP/2 GET https://localhost:5001/index.html - - - 200 - text/html;charset=utf-8 528.5847ms
[2023-09-11 09:54:00.436 +01:00  INF]  Request starting HTTP/2 GET https://localhost:5001/_framework/aspnetcore-browser-refresh.js - -
[2023-09-11 09:54:00.456 +01:00  INF]  Request starting HTTP/2 GET https://localhost:5001/_vs/browserLink - -
[2023-09-11 09:54:00.461 +01:00  INF]  Request finished HTTP/2 GET https://localhost:5001/_framework/aspnetcore-browser-refresh.js - - - 200 12014 application/javascript;+charset=utf-8 25.2628ms
[2023-09-11 09:54:00.495 +01:00  INF]  Request finished HTTP/2 GET https://localhost:5001/_vs/browserLink - - - 200 - text/javascript;+charset=UTF-8 38.8752ms
[2023-09-11 09:54:00.704 +01:00  INF]  Request starting HTTP/2 GET https://localhost:5001/swagger/v1/swagger.json - -
[2023-09-11 09:54:00.934 +01:00  INF]  Request finished HTTP/2 GET https://localhost:5001/swagger/v1/swagger.json - - - 200 - application/json;charset=utf-8 230.3390ms
[2023-09-11 09:55:41.568 +01:00  INF]  Request starting HTTP/2 POST https://localhost:5001/api/TrainingInduction/UpdateTrainingInduction application/json 407
[2023-09-11 09:55:41.587 +01:00  INF]  CORS policy execution successful.
[2023-09-11 09:55:41.988 +01:00  INF]  Successfully validated the token.
[2023-09-11 09:55:42.004 +01:00  INF]  Executing endpoint 'Com.XpressPayments.Api.LearningAndDevelopmentModuleController.Controller.TrainingInductionController.UpdateTrainingInduction (Com.XpressPayments.Api)'
[2023-09-11 09:55:42.046 +01:00  INF]  Route matched with {action = "UpdateTrainingInduction", controller = "TrainingInduction"}. Executing controller action with signature System.Threading.Tasks.Task`1[Microsoft.AspNetCore.Mvc.IActionResult] UpdateTrainingInduction(Com.XpressPayments.Data.LearningAndDevelopmentDTO.DTOs.TrainingInductionUpdate) on controller Com.XpressPayments.Api.LearningAndDevelopmentModuleController.Controller.TrainingInductionController (Com.XpressPayments.Api).
[2023-09-11 09:57:08.668 +01:00  ERR]  Exception Occurred ==> Cannot implicitly convert type 'int' to 'string'
[2023-09-11 09:57:29.606 +01:00  INF]  Executing OkObjectResult, writing value of type 'Com.XpressPayments.Data.GenericResponse.BaseResponse'.
[2023-09-11 09:57:29.618 +01:00  INF]  Executed action Com.XpressPayments.Api.LearningAndDevelopmentModuleController.Controller.TrainingInductionController.UpdateTrainingInduction (Com.XpressPayments.Api) in 107562.6753ms
[2023-09-11 09:57:29.629 +01:00  INF]  Executed endpoint 'Com.XpressPayments.Api.LearningAndDevelopmentModuleController.Controller.TrainingInductionController.UpdateTrainingInduction (Com.XpressPayments.Api)'
[2023-09-11 09:57:29.634 +01:00  INF]  Request finished HTTP/2 POST https://localhost:5001/api/TrainingInduction/UpdateTrainingInduction application/json 407 - 200 - application/json;+charset=utf-8 108065.9717ms
[2023-09-11 10:14:25.294 +01:00  INF]  Request starting HTTP/2 POST https://localhost:5001/api/TrainingInduction/UpdateTrainingInduction application/json 407
[2023-09-11 10:14:25.308 +01:00  INF]  CORS policy execution successful.
[2023-09-11 10:14:25.319 +01:00  INF]  Successfully validated the token.
[2023-09-11 10:14:25.332 +01:00  INF]  Executing endpoint 'Com.XpressPayments.Api.LearningAndDevelopmentModuleController.Controller.TrainingInductionController.UpdateTrainingInduction (Com.XpressPayments.Api)'
[2023-09-11 10:14:25.337 +01:00  INF]  Route matched with {action = "UpdateTrainingInduction", controller = "TrainingInduction"}. Executing controller action with signature System.Threading.Tasks.Task`1[Microsoft.AspNetCore.Mvc.IActionResult] UpdateTrainingInduction(Com.XpressPayments.Data.LearningAndDevelopmentDTO.DTOs.TrainingInductionUpdate) on controller Com.XpressPayments.Api.LearningAndDevelopmentModuleController.Controller.TrainingInductionController (Com.XpressPayments.Api).
[2023-09-11 10:14:48.859 +01:00  ERR]  Exception Occurred ==> Cannot implicitly convert type 'int' to 'string'
[2023-09-11 10:14:51.625 +01:00  INF]  Executing OkObjectResult, writing value of type 'Com.XpressPayments.Data.GenericResponse.BaseResponse'.
[2023-09-11 10:14:54.599 +01:00  INF]  Executed action Com.XpressPayments.Api.LearningAndDevelopmentModuleController.Controller.TrainingInductionController.UpdateTrainingInduction (Com.XpressPayments.Api) in 29259.7256ms
[2023-09-11 10:14:54.604 +01:00  INF]  Executed endpoint 'Com.XpressPayments.Api.LearningAndDevelopmentModuleController.Controller.TrainingInductionController.UpdateTrainingInduction (Com.XpressPayments.Api)'
[2023-09-11 10:14:56.223 +01:00  INF]  Request finished HTTP/2 POST https://localhost:5001/api/TrainingInduction/UpdateTrainingInduction application/json 407 - 200 - application/json;+charset=utf-8 30929.5913ms
[2023-09-11 10:15:09.738 +01:00  INF]  Request starting HTTP/2 POST https://localhost:5001/api/TrainingInduction/UpdateTrainingInduction application/json 407
[2023-09-11 10:15:09.740 +01:00  INF]  CORS policy execution successful.
[2023-09-11 10:15:09.742 +01:00  INF]  Successfully validated the token.
[2023-09-11 10:15:09.744 +01:00  INF]  Executing endpoint 'Com.XpressPayments.Api.LearningAndDevelopmentModuleController.Controller.TrainingInductionController.UpdateTrainingInduction (Com.XpressPayments.Api)'
[2023-09-11 10:15:09.745 +01:00  INF]  Route matched with {action = "UpdateTrainingInduction", controller = "TrainingInduction"}. Executing controller action with signature System.Threading.Tasks.Task`1[Microsoft.AspNetCore.Mvc.IActionResult] UpdateTrainingInduction(Com.XpressPayments.Data.LearningAndDevelopmentDTO.DTOs.TrainingInductionUpdate) on controller Com.XpressPayments.Api.LearningAndDevelopmentModuleController.Controller.TrainingInductionController (Com.XpressPayments.Api).
[2023-09-11 10:15:16.342 +01:00  ERR]  Exception Occurred ==> Cannot implicitly convert type 'int' to 'string'
[2023-09-11 10:15:16.344 +01:00  INF]  Executing OkObjectResult, writing value of type 'Com.XpressPayments.Data.GenericResponse.BaseResponse'.
[2023-09-11 10:15:16.346 +01:00  INF]  Executed action Com.XpressPayments.Api.LearningAndDevelopmentModuleController.Controller.TrainingInductionController.UpdateTrainingInduction (Com.XpressPayments.Api) in 6597.3335ms
[2023-09-11 10:15:16.347 +01:00  INF]  Executed endpoint 'Com.XpressPayments.Api.LearningAndDevelopmentModuleController.Controller.TrainingInductionController.UpdateTrainingInduction (Com.XpressPayments.Api)'
[2023-09-11 10:15:16.349 +01:00  INF]  Request finished HTTP/2 POST https://localhost:5001/api/TrainingInduction/UpdateTrainingInduction application/json 407 - 200 - application/json;+charset=utf-8 6611.2856ms
[2023-09-11 10:15:22.158 +01:00  INF]  Request starting HTTP/2 POST https://localhost:5001/api/TrainingInduction/UpdateTrainingInduction application/json 407
[2023-09-11 10:15:22.160 +01:00  INF]  CORS policy execution successful.
[2023-09-11 10:15:22.163 +01:00  INF]  Successfully validated the token.
[2023-09-11 10:15:22.164 +01:00  INF]  Executing endpoint 'Com.XpressPayments.Api.LearningAndDevelopmentModuleController.Controller.TrainingInductionController.UpdateTrainingInduction (Com.XpressPayments.Api)'
[2023-09-11 10:15:22.166 +01:00  INF]  Route matched with {action = "UpdateTrainingInduction", controller = "TrainingInduction"}. Executing controller action with signature System.Threading.Tasks.Task`1[Microsoft.AspNetCore.Mvc.IActionResult] UpdateTrainingInduction(Com.XpressPayments.Data.LearningAndDevelopmentDTO.DTOs.TrainingInductionUpdate) on controller Com.XpressPayments.Api.LearningAndDevelopmentModuleController.Controller.TrainingInductionController (Com.XpressPayments.Api).
[2023-09-11 10:16:30.280 +01:00  ERR]  Exception Occurred ==> Cannot implicitly convert type 'int' to 'string'
[2023-09-11 10:16:36.548 +01:00  INF]  Executing OkObjectResult, writing value of type 'Com.XpressPayments.Data.GenericResponse.BaseResponse'.
[2023-09-11 10:16:36.550 +01:00  INF]  Executed action Com.XpressPayments.Api.LearningAndDevelopmentModuleController.Controller.TrainingInductionController.UpdateTrainingInduction (Com.XpressPayments.Api) in 74381.3182ms
[2023-09-11 10:16:36.552 +01:00  INF]  Executed endpoint 'Com.XpressPayments.Api.LearningAndDevelopmentModuleController.Controller.TrainingInductionController.UpdateTrainingInduction (Com.XpressPayments.Api)'
[2023-09-11 10:16:36.554 +01:00  INF]  Request finished HTTP/2 POST https://localhost:5001/api/TrainingInduction/UpdateTrainingInduction application/json 407 - 200 - application/json;+charset=utf-8 74395.8008ms
[2023-09-11 10:19:54.704 +01:00  INF]  Request starting HTTP/2 POST https://localhost:5001/api/TrainingPlan/UpdateTrainingPlan application/json 165
[2023-09-11 10:19:54.706 +01:00  INF]  CORS policy execution successful.
[2023-09-11 10:19:54.707 +01:00  INF]  Successfully validated the token.
[2023-09-11 10:19:54.708 +01:00  INF]  Executing endpoint 'Com.XpressPayments.Api.LearningAndDevelopmentModuleController.Controller.TrainingPlanController.UpdateTrainingPlan (Com.XpressPayments.Api)'
[2023-09-11 10:19:54.716 +01:00  INF]  Route matched with {action = "UpdateTrainingPlan", controller = "TrainingPlan"}. Executing controller action with signature System.Threading.Tasks.Task`1[Microsoft.AspNetCore.Mvc.IActionResult] UpdateTrainingPlan(Com.XpressPayments.Data.LearningAndDevelopmentDTO.DTOs.TrainingPlanUpdate) on controller Com.XpressPayments.Api.LearningAndDevelopmentModuleController.Controller.TrainingPlanController (Com.XpressPayments.Api).
[2023-09-11 10:20:37.069 +01:00  ERR]  MethodName: UpdateTrainingPlan ===>System.InvalidOperationException: The ConnectionString property has not been initialized.
   at System.Data.SqlClient.SqlConnection.PermissionDemand()
   at System.Data.ProviderBase.DbConnectionInternal.TryOpenConnectionInternal(DbConnection outerConnection, DbConnectionFactory connectionFactory, TaskCompletionSource`1 retry, DbConnectionOptions userOptions)
   at System.Data.SqlClient.SqlConnection.TryOpen(TaskCompletionSource`1 retry)
   at System.Data.SqlClient.SqlConnection.OpenAsync(CancellationToken cancellationToken)
--- End of stack trace from previous location ---
   at Dapper.SqlMapper.ExecuteImplAsync(IDbConnection cnn, CommandDefinition command, Object param) in /_/Dapper/SqlMapper.Async.cs:line 645
   at Com.XpressPayments.Data.LearningAndDevelopmentRepository.TrainingPlanRepo.TrainingPlanRepository.UpdateTrainingPlan(TrainingPlanUpdate TrainingPlan, String updatedbyUserEmail) in C:\Users\noble.nwabuike\Downloads\hrms-be-backend\Com.XpressPayments.Data\LearningAndDevelopmentRepository\TrainingPlanRepo\TrainingPlanRepository.cs:line 78
[2023-09-11 10:20:37.101 +01:00  ERR]  Exception Occurred ==> The ConnectionString property has not been initialized.
[2023-09-11 10:20:37.104 +01:00  INF]  Executing OkObjectResult, writing value of type 'Com.XpressPayments.Data.GenericResponse.BaseResponse'.
[2023-09-11 10:20:37.106 +01:00  INF]  Executed action Com.XpressPayments.Api.LearningAndDevelopmentModuleController.Controller.TrainingPlanController.UpdateTrainingPlan (Com.XpressPayments.Api) in 42385.8398ms
[2023-09-11 10:20:37.107 +01:00  INF]  Executed endpoint 'Com.XpressPayments.Api.LearningAndDevelopmentModuleController.Controller.TrainingPlanController.UpdateTrainingPlan (Com.XpressPayments.Api)'
[2023-09-11 10:20:37.109 +01:00  INF]  Request finished HTTP/2 POST https://localhost:5001/api/TrainingPlan/UpdateTrainingPlan application/json 165 - 200 - application/json;+charset=utf-8 42405.4349ms
[2023-09-11 10:20:44.379 +01:00  INF]  Request starting HTTP/2 POST https://localhost:5001/api/TrainingPlan/UpdateTrainingPlan application/json 165
[2023-09-11 10:20:44.384 +01:00  INF]  CORS policy execution successful.
[2023-09-11 10:20:44.386 +01:00  INF]  Successfully validated the token.
[2023-09-11 10:20:44.387 +01:00  INF]  Executing endpoint 'Com.XpressPayments.Api.LearningAndDevelopmentModuleController.Controller.TrainingPlanController.UpdateTrainingPlan (Com.XpressPayments.Api)'
[2023-09-11 10:20:44.388 +01:00  INF]  Route matched with {action = "UpdateTrainingPlan", controller = "TrainingPlan"}. Executing controller action with signature System.Threading.Tasks.Task`1[Microsoft.AspNetCore.Mvc.IActionResult] UpdateTrainingPlan(Com.XpressPayments.Data.LearningAndDevelopmentDTO.DTOs.TrainingPlanUpdate) on controller Com.XpressPayments.Api.LearningAndDevelopmentModuleController.Controller.TrainingPlanController (Com.XpressPayments.Api).
[2023-09-11 10:21:09.264 +01:00  INF]  Training Plan updated successfully.
[2023-09-11 10:21:14.583 +01:00  INF]  Executing OkObjectResult, writing value of type 'Com.XpressPayments.Data.GenericResponse.BaseResponse'.
[2023-09-11 10:21:16.998 +01:00  INF]  Executed action Com.XpressPayments.Api.LearningAndDevelopmentModuleController.Controller.TrainingPlanController.UpdateTrainingPlan (Com.XpressPayments.Api) in 32608.2727ms
[2023-09-11 10:21:17.000 +01:00  INF]  Executed endpoint 'Com.XpressPayments.Api.LearningAndDevelopmentModuleController.Controller.TrainingPlanController.UpdateTrainingPlan (Com.XpressPayments.Api)'
[2023-09-11 10:21:17.002 +01:00  INF]  Request finished HTTP/2 POST https://localhost:5001/api/TrainingPlan/UpdateTrainingPlan application/json 165 - 200 - application/json;+charset=utf-8 32622.8593ms
[2023-09-11 10:25:11.740 +01:00  INF]  Request starting HTTP/2 POST https://localhost:5001/api/TrainingInduction/CreateInductionPlan application/json 397
[2023-09-11 10:25:11.741 +01:00  INF]  CORS policy execution successful.
[2023-09-11 10:25:11.742 +01:00  INF]  Successfully validated the token.
[2023-09-11 10:25:11.743 +01:00  INF]  Executing endpoint 'Com.XpressPayments.Api.LearningAndDevelopmentModuleController.Controller.TrainingInductionController.CreateTrainingInduction (Com.XpressPayments.Api)'
[2023-09-11 10:25:11.749 +01:00  INF]  Route matched with {action = "CreateTrainingInduction", controller = "TrainingInduction"}. Executing controller action with signature System.Threading.Tasks.Task`1[Microsoft.AspNetCore.Mvc.IActionResult] CreateTrainingInduction(Com.XpressPayments.Data.LearningAndDevelopmentDTO.DTOs.TrainingInductionCreate) on controller Com.XpressPayments.Api.LearningAndDevelopmentModuleController.Controller.TrainingInductionController (Com.XpressPayments.Api).
[2023-09-11 10:25:42.503 +01:00  INF]  Executing OkObjectResult, writing value of type 'Com.XpressPayments.Data.GenericResponse.BaseResponse'.
[2023-09-11 10:25:42.510 +01:00  INF]  Executed action Com.XpressPayments.Api.LearningAndDevelopmentModuleController.Controller.TrainingInductionController.CreateTrainingInduction (Com.XpressPayments.Api) in 30758.6871ms
[2023-09-11 10:25:42.512 +01:00  INF]  Executed endpoint 'Com.XpressPayments.Api.LearningAndDevelopmentModuleController.Controller.TrainingInductionController.CreateTrainingInduction (Com.XpressPayments.Api)'
[2023-09-11 10:25:42.514 +01:00  INF]  Request finished HTTP/2 POST https://localhost:5001/api/TrainingInduction/CreateInductionPlan application/json 397 - 200 - application/json;+charset=utf-8 30773.8011ms
[2023-09-11 10:27:49.643 +01:00  INF]  Request starting HTTP/2 POST https://localhost:5001/api/TrainingInduction/UpdateTrainingInduction application/json 413
[2023-09-11 10:27:49.722 +01:00  INF]  CORS policy execution successful.
[2023-09-11 10:27:49.724 +01:00  INF]  Successfully validated the token.
[2023-09-11 10:27:49.726 +01:00  INF]  Executing endpoint 'Com.XpressPayments.Api.LearningAndDevelopmentModuleController.Controller.TrainingInductionController.UpdateTrainingInduction (Com.XpressPayments.Api)'
[2023-09-11 10:27:49.728 +01:00  INF]  Route matched with {action = "UpdateTrainingInduction", controller = "TrainingInduction"}. Executing controller action with signature System.Threading.Tasks.Task`1[Microsoft.AspNetCore.Mvc.IActionResult] UpdateTrainingInduction(Com.XpressPayments.Data.LearningAndDevelopmentDTO.DTOs.TrainingInductionUpdate) on controller Com.XpressPayments.Api.LearningAndDevelopmentModuleController.Controller.TrainingInductionController (Com.XpressPayments.Api).
[2023-09-11 10:28:38.956 +01:00  ERR]  Exception Occurred ==> Cannot implicitly convert type 'int' to 'string'
[2023-09-11 10:28:39.000 +01:00  INF]  Executing OkObjectResult, writing value of type 'Com.XpressPayments.Data.GenericResponse.BaseResponse'.
[2023-09-11 10:28:39.136 +01:00  INF]  Executed action Com.XpressPayments.Api.LearningAndDevelopmentModuleController.Controller.TrainingInductionController.UpdateTrainingInduction (Com.XpressPayments.Api) in 49403.1283ms
[2023-09-11 10:28:39.138 +01:00  INF]  Executed endpoint 'Com.XpressPayments.Api.LearningAndDevelopmentModuleController.Controller.TrainingInductionController.UpdateTrainingInduction (Com.XpressPayments.Api)'
[2023-09-11 10:28:39.140 +01:00  INF]  Request finished HTTP/2 POST https://localhost:5001/api/TrainingInduction/UpdateTrainingInduction application/json 413 - 200 - application/json;+charset=utf-8 49496.5505ms
[2023-09-11 10:29:40.096 +01:00  INF]  Request starting HTTP/2 POST https://localhost:5001/api/TrainingPlan/DeleteTrainingPlan application/json 63
[2023-09-11 10:29:40.113 +01:00  INF]  CORS policy execution successful.
[2023-09-11 10:29:40.115 +01:00  INF]  Successfully validated the token.
[2023-09-11 10:29:40.116 +01:00  INF]  Executing endpoint 'Com.XpressPayments.Api.LearningAndDevelopmentModuleController.Controller.TrainingPlanController.DeleteTrainingPlan (Com.XpressPayments.Api)'
[2023-09-11 10:29:40.121 +01:00  INF]  Route matched with {action = "DeleteTrainingPlan", controller = "TrainingPlan"}. Executing controller action with signature System.Threading.Tasks.Task`1[Microsoft.AspNetCore.Mvc.IActionResult] DeleteTrainingPlan(Com.XpressPayments.Data.LearningAndDevelopmentDTO.DTOs.TrainingPlanDelete) on controller Com.XpressPayments.Api.LearningAndDevelopmentModuleController.Controller.TrainingPlanController (Com.XpressPayments.Api).
[2023-09-11 10:29:40.136 +01:00  INF]  Executing OkObjectResult, writing value of type 'Com.XpressPayments.Data.GenericResponse.BaseResponse'.
[2023-09-11 10:29:40.139 +01:00  INF]  Executed action Com.XpressPayments.Api.LearningAndDevelopmentModuleController.Controller.TrainingPlanController.DeleteTrainingPlan (Com.XpressPayments.Api) in 14.9973ms
[2023-09-11 10:29:40.140 +01:00  INF]  Executed endpoint 'Com.XpressPayments.Api.LearningAndDevelopmentModuleController.Controller.TrainingPlanController.DeleteTrainingPlan (Com.XpressPayments.Api)'
[2023-09-11 10:29:40.141 +01:00  INF]  Request finished HTTP/2 POST https://localhost:5001/api/TrainingPlan/DeleteTrainingPlan application/json 63 - 200 - application/json;+charset=utf-8 45.4944ms
[2023-09-11 10:32:42.620 +01:00  INF]  Request starting HTTP/2 POST https://localhost:5001/api/TrainingPlan/ScheuledTrainingPlan application/json 272
[2023-09-11 10:32:42.632 +01:00  INF]  CORS policy execution successful.
[2023-09-11 10:32:42.636 +01:00  INF]  Failed to validate the token.
Microsoft.IdentityModel.Tokens.SecurityTokenExpiredException: IDX10223: Lifetime validation failed. The token is expired. ValidTo: '11/09/2023 09:25:36', Current time: '11/09/2023 09:32:42'.
   at Microsoft.IdentityModel.Tokens.Validators.ValidateLifetime(Nullable`1 notBefore, Nullable`1 expires, SecurityToken securityToken, TokenValidationParameters validationParameters)
   at System.IdentityModel.Tokens.Jwt.JwtSecurityTokenHandler.ValidateTokenPayload(JwtSecurityToken jwtToken, TokenValidationParameters validationParameters, BaseConfiguration configuration)
   at System.IdentityModel.Tokens.Jwt.JwtSecurityTokenHandler.ValidateJWS(String token, TokenValidationParameters validationParameters, BaseConfiguration currentConfiguration, SecurityToken& signatureValidatedToken, ExceptionDispatchInfo& exceptionThrown)
--- End of stack trace from previous location ---
   at System.IdentityModel.Tokens.Jwt.JwtSecurityTokenHandler.ValidateToken(String token, JwtSecurityToken outerToken, TokenValidationParameters validationParameters, SecurityToken& signatureValidatedToken)
   at System.IdentityModel.Tokens.Jwt.JwtSecurityTokenHandler.ValidateToken(String token, TokenValidationParameters validationParameters, SecurityToken& validatedToken)
   at Microsoft.AspNetCore.Authentication.JwtBearer.JwtBearerHandler.HandleAuthenticateAsync()
[2023-09-11 10:32:42.723 +01:00  INF]  Bearer was not authenticated. Failure message: IDX10223: Lifetime validation failed. The token is expired. ValidTo: '11/09/2023 09:25:36', Current time: '11/09/2023 09:32:42'.
[2023-09-11 10:32:42.726 +01:00  INF]  Authorization failed. These requirements were not met:
DenyAnonymousAuthorizationRequirement: Requires an authenticated user.
[2023-09-11 10:32:42.739 +01:00  INF]  AuthenticationScheme: Bearer was challenged.
[2023-09-11 10:32:42.741 +01:00  INF]  Request finished HTTP/2 POST https://localhost:5001/api/TrainingPlan/ScheuledTrainingPlan application/json 272 - 401 0 - 120.2583ms
[2023-09-11 10:33:11.589 +01:00  INF]  Request starting HTTP/2 POST https://localhost:5001/api/Auth/Logout application/json 48
[2023-09-11 10:33:11.600 +01:00  INF]  CORS policy execution successful.
[2023-09-11 10:33:11.602 +01:00  INF]  Failed to validate the token.
Microsoft.IdentityModel.Tokens.SecurityTokenExpiredException: IDX10223: Lifetime validation failed. The token is expired. ValidTo: '11/09/2023 09:25:36', Current time: '11/09/2023 09:33:11'.
   at Microsoft.IdentityModel.Tokens.Validators.ValidateLifetime(Nullable`1 notBefore, Nullable`1 expires, SecurityToken securityToken, TokenValidationParameters validationParameters)
   at System.IdentityModel.Tokens.Jwt.JwtSecurityTokenHandler.ValidateTokenPayload(JwtSecurityToken jwtToken, TokenValidationParameters validationParameters, BaseConfiguration configuration)
   at System.IdentityModel.Tokens.Jwt.JwtSecurityTokenHandler.ValidateJWS(String token, TokenValidationParameters validationParameters, BaseConfiguration currentConfiguration, SecurityToken& signatureValidatedToken, ExceptionDispatchInfo& exceptionThrown)
--- End of stack trace from previous location ---
   at System.IdentityModel.Tokens.Jwt.JwtSecurityTokenHandler.ValidateToken(String token, JwtSecurityToken outerToken, TokenValidationParameters validationParameters, SecurityToken& signatureValidatedToken)
   at System.IdentityModel.Tokens.Jwt.JwtSecurityTokenHandler.ValidateToken(String token, TokenValidationParameters validationParameters, SecurityToken& validatedToken)
   at Microsoft.AspNetCore.Authentication.JwtBearer.JwtBearerHandler.HandleAuthenticateAsync()
[2023-09-11 10:33:11.605 +01:00  INF]  Bearer was not authenticated. Failure message: IDX10223: Lifetime validation failed. The token is expired. ValidTo: '11/09/2023 09:25:36', Current time: '11/09/2023 09:33:11'.
[2023-09-11 10:33:11.606 +01:00  INF]  Executing endpoint 'Com.XpressPayments.Api.Controllers.AuthController.Logout (Com.XpressPayments.Api)'
[2023-09-11 10:33:11.609 +01:00  INF]  Route matched with {action = "Logout", controller = "Auth"}. Executing controller action with signature System.Threading.Tasks.Task`1[Microsoft.AspNetCore.Mvc.IActionResult] Logout(Com.XpressPayments.Data.DTOs.Account.LogoutDto) on controller Com.XpressPayments.Api.Controllers.AuthController (Com.XpressPayments.Api).
[2023-09-11 10:33:11.632 +01:00  INF]  Executing OkObjectResult, writing value of type 'Com.XpressPayments.Data.GenericResponse.BaseResponse'.
[2023-09-11 10:33:11.634 +01:00  INF]  Executed action Com.XpressPayments.Api.Controllers.AuthController.Logout (Com.XpressPayments.Api) in 23.3144ms
[2023-09-11 10:33:11.635 +01:00  INF]  Executed endpoint 'Com.XpressPayments.Api.Controllers.AuthController.Logout (Com.XpressPayments.Api)'
[2023-09-11 10:33:11.640 +01:00  INF]  Request finished HTTP/2 POST https://localhost:5001/api/Auth/Logout application/json 48 - 200 - application/json;+charset=utf-8 50.3972ms
[2023-09-11 10:33:35.032 +01:00  INF]  Request starting HTTP/2 POST https://localhost:5001/api/Auth/Login application/json 82
[2023-09-11 10:33:35.049 +01:00  INF]  CORS policy execution successful.
[2023-09-11 10:33:35.051 +01:00  INF]  Executing endpoint 'Com.XpressPayments.Api.Controllers.AuthController.Login (Com.XpressPayments.Api)'
[2023-09-11 10:33:35.055 +01:00  INF]  Route matched with {action = "Login", controller = "Auth"}. Executing controller action with signature System.Threading.Tasks.Task`1[Microsoft.AspNetCore.Mvc.IActionResult] Login(Com.XpressPayments.Bussiness.ViewModels.LoginModel) on controller Com.XpressPayments.Api.Controllers.AuthController (Com.XpressPayments.Api).
[2023-09-11 10:33:37.836 +01:00  INF]  Executing OkObjectResult, writing value of type 'Com.XpressPayments.Data.GenericResponse.LoginResponse'.
[2023-09-11 10:33:37.857 +01:00  INF]  Executed action Com.XpressPayments.Api.Controllers.AuthController.Login (Com.XpressPayments.Api) in 2798.8533ms
[2023-09-11 10:33:37.860 +01:00  INF]  Executed endpoint 'Com.XpressPayments.Api.Controllers.AuthController.Login (Com.XpressPayments.Api)'
[2023-09-11 10:33:37.869 +01:00  INF]  Request finished HTTP/2 POST https://localhost:5001/api/Auth/Login application/json 82 - 200 - application/json;+charset=utf-8 2837.1350ms
[2023-09-11 10:34:05.982 +01:00  INF]  Request starting HTTP/2 POST https://localhost:5001/api/TrainingPlan/ScheuledTrainingPlan application/json 272
[2023-09-11 10:34:05.990 +01:00  INF]  CORS policy execution successful.
[2023-09-11 10:34:05.992 +01:00  INF]  Successfully validated the token.
[2023-09-11 10:34:05.992 +01:00  INF]  Executing endpoint 'Com.XpressPayments.Api.LearningAndDevelopmentModuleController.Controller.TrainingPlanController.ScheduledTrainingPlan (Com.XpressPayments.Api)'
[2023-09-11 10:34:05.996 +01:00  INF]  Route matched with {action = "ScheduledTrainingPlan", controller = "TrainingPlan"}. Executing controller action with signature System.Threading.Tasks.Task`1[Microsoft.AspNetCore.Mvc.IActionResult] ScheduledTrainingPlan(Com.XpressPayments.Data.LearningAndDevelopmentDTO.DTOs.TrainingPlanSchedule) on controller Com.XpressPayments.Api.LearningAndDevelopmentModuleController.Controller.TrainingPlanController (Com.XpressPayments.Api).
[2023-09-11 10:34:35.635 +01:00  INF]  Executing OkObjectResult, writing value of type 'Com.XpressPayments.Data.GenericResponse.BaseResponse'.
[2023-09-11 10:34:38.028 +01:00  INF]  Executed action Com.XpressPayments.Api.LearningAndDevelopmentModuleController.Controller.TrainingPlanController.ScheduledTrainingPlan (Com.XpressPayments.Api) in 32029.6731ms
[2023-09-11 10:34:38.030 +01:00  INF]  Executed endpoint 'Com.XpressPayments.Api.LearningAndDevelopmentModuleController.Controller.TrainingPlanController.ScheduledTrainingPlan (Com.XpressPayments.Api)'
[2023-09-11 10:34:38.032 +01:00  INF]  Request finished HTTP/2 POST https://localhost:5001/api/TrainingPlan/ScheuledTrainingPlan application/json 272 - 200 - application/json;+charset=utf-8 32049.3172ms
[2023-09-11 10:35:51.944 +01:00  INF]  Request starting HTTP/2 POST https://localhost:5001/api/TrainingPlan/ScheuledTrainingPlan application/json 272
[2023-09-11 10:35:51.953 +01:00  INF]  CORS policy execution successful.
[2023-09-11 10:35:51.959 +01:00  INF]  Successfully validated the token.
[2023-09-11 10:35:51.960 +01:00  INF]  Executing endpoint 'Com.XpressPayments.Api.LearningAndDevelopmentModuleController.Controller.TrainingPlanController.ScheduledTrainingPlan (Com.XpressPayments.Api)'
[2023-09-11 10:35:51.961 +01:00  INF]  Route matched with {action = "ScheduledTrainingPlan", controller = "TrainingPlan"}. Executing controller action with signature System.Threading.Tasks.Task`1[Microsoft.AspNetCore.Mvc.IActionResult] ScheduledTrainingPlan(Com.XpressPayments.Data.LearningAndDevelopmentDTO.DTOs.TrainingPlanSchedule) on controller Com.XpressPayments.Api.LearningAndDevelopmentModuleController.Controller.TrainingPlanController (Com.XpressPayments.Api).
[2023-09-11 10:36:02.860 +01:00  INF]  Executing OkObjectResult, writing value of type 'Com.XpressPayments.Data.GenericResponse.BaseResponse'.
[2023-09-11 10:36:02.862 +01:00  INF]  Executed action Com.XpressPayments.Api.LearningAndDevelopmentModuleController.Controller.TrainingPlanController.ScheduledTrainingPlan (Com.XpressPayments.Api) in 10899.4661ms
[2023-09-11 10:36:02.864 +01:00  INF]  Executed endpoint 'Com.XpressPayments.Api.LearningAndDevelopmentModuleController.Controller.TrainingPlanController.ScheduledTrainingPlan (Com.XpressPayments.Api)'
[2023-09-11 10:36:02.866 +01:00  INF]  Request finished HTTP/2 POST https://localhost:5001/api/TrainingPlan/ScheuledTrainingPlan application/json 272 - 200 - application/json;+charset=utf-8 10921.4081ms
[2023-09-11 10:36:10.655 +01:00  INF]  Request starting HTTP/2 POST https://localhost:5001/api/TrainingPlan/ScheuledTrainingPlan application/json 272
[2023-09-11 10:36:10.656 +01:00  INF]  CORS policy execution successful.
[2023-09-11 10:36:10.658 +01:00  INF]  Successfully validated the token.
[2023-09-11 10:36:10.659 +01:00  INF]  Executing endpoint 'Com.XpressPayments.Api.LearningAndDevelopmentModuleController.Controller.TrainingPlanController.ScheduledTrainingPlan (Com.XpressPayments.Api)'
[2023-09-11 10:36:10.661 +01:00  INF]  Route matched with {action = "ScheduledTrainingPlan", controller = "TrainingPlan"}. Executing controller action with signature System.Threading.Tasks.Task`1[Microsoft.AspNetCore.Mvc.IActionResult] ScheduledTrainingPlan(Com.XpressPayments.Data.LearningAndDevelopmentDTO.DTOs.TrainingPlanSchedule) on controller Com.XpressPayments.Api.LearningAndDevelopmentModuleController.Controller.TrainingPlanController (Com.XpressPayments.Api).
[2023-09-11 10:38:25.748 +01:00  INF]  Executing OkObjectResult, writing value of type 'Com.XpressPayments.Data.GenericResponse.BaseResponse'.
[2023-09-11 10:38:25.794 +01:00  INF]  Executed action Com.XpressPayments.Api.LearningAndDevelopmentModuleController.Controller.TrainingPlanController.ScheduledTrainingPlan (Com.XpressPayments.Api) in 135130.2363ms
[2023-09-11 10:38:25.804 +01:00  INF]  Executed endpoint 'Com.XpressPayments.Api.LearningAndDevelopmentModuleController.Controller.TrainingPlanController.ScheduledTrainingPlan (Com.XpressPayments.Api)'
[2023-09-11 10:38:25.805 +01:00  INF]  Request finished HTTP/2 POST https://localhost:5001/api/TrainingPlan/ScheuledTrainingPlan application/json 272 - 200 - application/json;+charset=utf-8 135150.6606ms
[2023-09-11 10:38:35.064 +01:00  INF]  Request starting HTTP/2 POST https://localhost:5001/api/TrainingPlan/ScheuledTrainingPlan application/json 272
[2023-09-11 10:38:35.065 +01:00  INF]  CORS policy execution successful.
[2023-09-11 10:38:35.066 +01:00  INF]  Successfully validated the token.
[2023-09-11 10:38:35.067 +01:00  INF]  Executing endpoint 'Com.XpressPayments.Api.LearningAndDevelopmentModuleController.Controller.TrainingPlanController.ScheduledTrainingPlan (Com.XpressPayments.Api)'
[2023-09-11 10:38:35.069 +01:00  INF]  Route matched with {action = "ScheduledTrainingPlan", controller = "TrainingPlan"}. Executing controller action with signature System.Threading.Tasks.Task`1[Microsoft.AspNetCore.Mvc.IActionResult] ScheduledTrainingPlan(Com.XpressPayments.Data.LearningAndDevelopmentDTO.DTOs.TrainingPlanSchedule) on controller Com.XpressPayments.Api.LearningAndDevelopmentModuleController.Controller.TrainingPlanController (Com.XpressPayments.Api).
[2023-09-11 10:39:15.977 +01:00  INF]  Training Plan Scheduled successfully.
[2023-09-11 10:39:18.754 +01:00  INF]  Executing OkObjectResult, writing value of type 'Com.XpressPayments.Data.GenericResponse.BaseResponse'.
[2023-09-11 10:39:18.758 +01:00  INF]  Executed action Com.XpressPayments.Api.LearningAndDevelopmentModuleController.Controller.TrainingPlanController.ScheduledTrainingPlan (Com.XpressPayments.Api) in 43686.7535ms
[2023-09-11 10:39:18.759 +01:00  INF]  Executed endpoint 'Com.XpressPayments.Api.LearningAndDevelopmentModuleController.Controller.TrainingPlanController.ScheduledTrainingPlan (Com.XpressPayments.Api)'
[2023-09-11 10:39:18.761 +01:00  INF]  Request finished HTTP/2 POST https://localhost:5001/api/TrainingPlan/ScheuledTrainingPlan application/json 272 - 200 - application/json;+charset=utf-8 43697.1341ms
[2023-09-11 10:39:24.643 +01:00  ERR]  System.Net.Mail.SmtpException: Error in processing. The server response was: 5.7.3 STARTTLS is required to send mail [PA7P264CA0337.FRAP264.PROD.OUTLOOK.COM 2023-09-11T09:39:24.518Z 08DBB0BCC32FF545]
   at System.Net.Mail.MailCommand.CheckResponse(SmtpStatusCode statusCode, String response)
   at System.Net.Mail.MailCommand.EndSend(IAsyncResult result)
   at System.Net.Mail.SendMailAsyncResult.SendMailFromCompleted(IAsyncResult result)
--- End of stack trace from previous location ---
   at System.Net.Mail.SendMailAsyncResult.End(IAsyncResult result)
   at System.Net.Mail.SmtpClient.SendMailCallback(IAsyncResult result)
--- End of stack trace from previous location ---
   at Com.XpressPayments.Bussiness.LearningAndDevelopmentModuleService.Service.Logic.LearningAndDevelopmentMailService.SendEmailAsync(MailRequest mailRequest, String attarchDocument) in C:\Users\noble.nwabuike\Downloads\hrms-be-backend\Com.XpressPayments.Bussiness\LearningAndDevelopmentModuleService\Service\Logic\LearningAndDevelopmentMailService.cs:line 50
[2023-09-11 10:39:24.644 +01:00  ERR]  System.Net.Mail.SmtpException: Error in processing. The server response was: 5.7.3 STARTTLS is required to send mail [PA7P264CA0346.FRAP264.PROD.OUTLOOK.COM 2023-09-11T09:39:24.533Z 08DBB1579DCBACC3]
   at System.Net.Mail.MailCommand.CheckResponse(SmtpStatusCode statusCode, String response)
   at System.Net.Mail.MailCommand.EndSend(IAsyncResult result)
   at System.Net.Mail.SendMailAsyncResult.SendMailFromCompleted(IAsyncResult result)
--- End of stack trace from previous location ---
   at System.Net.Mail.SendMailAsyncResult.End(IAsyncResult result)
   at System.Net.Mail.SmtpClient.SendMailCallback(IAsyncResult result)
--- End of stack trace from previous location ---
   at Com.XpressPayments.Bussiness.LearningAndDevelopmentModuleService.Service.Logic.LearningAndDevelopmentMailService.SendEmailAsync(MailRequest mailRequest, String attarchDocument) in C:\Users\noble.nwabuike\Downloads\hrms-be-backend\Com.XpressPayments.Bussiness\LearningAndDevelopmentModuleService\Service\Logic\LearningAndDevelopmentMailService.cs:line 50
[2023-09-11 10:41:31.263 +01:00  INF]  Request starting HTTP/2 POST https://localhost:5001/api/TrainingInduction/UpdateTrainingInduction application/json 413
[2023-09-11 10:41:31.274 +01:00  INF]  CORS policy execution successful.
[2023-09-11 10:41:31.279 +01:00  INF]  Successfully validated the token.
[2023-09-11 10:41:31.280 +01:00  INF]  Executing endpoint 'Com.XpressPayments.Api.LearningAndDevelopmentModuleController.Controller.TrainingInductionController.UpdateTrainingInduction (Com.XpressPayments.Api)'
[2023-09-11 10:41:31.281 +01:00  INF]  Route matched with {action = "UpdateTrainingInduction", controller = "TrainingInduction"}. Executing controller action with signature System.Threading.Tasks.Task`1[Microsoft.AspNetCore.Mvc.IActionResult] UpdateTrainingInduction(Com.XpressPayments.Data.LearningAndDevelopmentDTO.DTOs.TrainingInductionUpdate) on controller Com.XpressPayments.Api.LearningAndDevelopmentModuleController.Controller.TrainingInductionController (Com.XpressPayments.Api).
[2023-09-11 11:40:15.714 +01:00  ERR]  Exception Occurred ==> Cannot implicitly convert type 'int' to 'string'
[2023-09-11 11:40:15.733 +01:00  INF]  Executing OkObjectResult, writing value of type 'Com.XpressPayments.Data.GenericResponse.BaseResponse'.
[2023-09-11 11:40:15.774 +01:00  INF]  Executed action Com.XpressPayments.Api.LearningAndDevelopmentModuleController.Controller.TrainingInductionController.UpdateTrainingInduction (Com.XpressPayments.Api) in 3524943.5699ms
[2023-09-11 11:40:15.780 +01:00  INF]  Executed endpoint 'Com.XpressPayments.Api.LearningAndDevelopmentModuleController.Controller.TrainingInductionController.UpdateTrainingInduction (Com.XpressPayments.Api)'
[2023-09-11 11:40:15.781 +01:00  INF]  Request finished HTTP/2 POST https://localhost:5001/api/TrainingInduction/UpdateTrainingInduction application/json 413 - 200 - application/json;+charset=utf-8 3524971.3138ms
[2023-09-11 11:40:15.785 +01:00  INF]  Request starting HTTP/2 POST https://localhost:5001/api/Auth/Logout application/json 48
[2023-09-11 11:40:15.790 +01:00  INF]  CORS policy execution successful.
[2023-09-11 11:40:15.790 +01:00  INF]  Executing endpoint 'Com.XpressPayments.Api.Controllers.AuthController.Logout (Com.XpressPayments.Api)'
[2023-09-11 11:40:15.792 +01:00  INF]  Route matched with {action = "Logout", controller = "Auth"}. Executing controller action with signature System.Threading.Tasks.Task`1[Microsoft.AspNetCore.Mvc.IActionResult] Logout(Com.XpressPayments.Data.DTOs.Account.LogoutDto) on controller Com.XpressPayments.Api.Controllers.AuthController (Com.XpressPayments.Api).
[2023-09-11 11:40:15.825 +01:00  INF]  Executing OkObjectResult, writing value of type 'Com.XpressPayments.Data.GenericResponse.BaseResponse'.
[2023-09-11 11:40:15.827 +01:00  INF]  Executed action Com.XpressPayments.Api.Controllers.AuthController.Logout (Com.XpressPayments.Api) in 33.0828ms
[2023-09-11 11:40:15.828 +01:00  INF]  Executed endpoint 'Com.XpressPayments.Api.Controllers.AuthController.Logout (Com.XpressPayments.Api)'
[2023-09-11 11:40:15.830 +01:00  INF]  Request finished HTTP/2 POST https://localhost:5001/api/Auth/Logout application/json 48 - 200 - application/json;+charset=utf-8 44.3901ms
[2023-09-11 11:40:29.391 +01:00  INF]  Request starting HTTP/2 POST https://localhost:5001/api/Auth/Login application/json 82
[2023-09-11 11:40:29.393 +01:00  INF]  CORS policy execution successful.
[2023-09-11 11:40:29.395 +01:00  INF]  Executing endpoint 'Com.XpressPayments.Api.Controllers.AuthController.Login (Com.XpressPayments.Api)'
[2023-09-11 11:40:29.396 +01:00  INF]  Route matched with {action = "Login", controller = "Auth"}. Executing controller action with signature System.Threading.Tasks.Task`1[Microsoft.AspNetCore.Mvc.IActionResult] Login(Com.XpressPayments.Bussiness.ViewModels.LoginModel) on controller Com.XpressPayments.Api.Controllers.AuthController (Com.XpressPayments.Api).
[2023-09-11 11:40:32.122 +01:00  INF]  Executing OkObjectResult, writing value of type 'Com.XpressPayments.Data.GenericResponse.LoginResponse'.
[2023-09-11 11:40:32.125 +01:00  INF]  Executed action Com.XpressPayments.Api.Controllers.AuthController.Login (Com.XpressPayments.Api) in 2726.0146ms
[2023-09-11 11:40:32.128 +01:00  INF]  Executed endpoint 'Com.XpressPayments.Api.Controllers.AuthController.Login (Com.XpressPayments.Api)'
[2023-09-11 11:40:32.130 +01:00  INF]  Request finished HTTP/2 POST https://localhost:5001/api/Auth/Login application/json 82 - 200 - application/json;+charset=utf-8 2739.4645ms
[2023-09-11 11:41:04.521 +01:00  INF]  Request starting HTTP/2 POST https://localhost:5001/api/TrainingInduction/UpdateTrainingInduction application/json 413
[2023-09-11 11:41:04.529 +01:00  INF]  CORS policy execution successful.
[2023-09-11 11:41:04.531 +01:00  INF]  Successfully validated the token.
[2023-09-11 11:41:04.532 +01:00  INF]  Executing endpoint 'Com.XpressPayments.Api.LearningAndDevelopmentModuleController.Controller.TrainingInductionController.UpdateTrainingInduction (Com.XpressPayments.Api)'
[2023-09-11 11:41:04.534 +01:00  INF]  Route matched with {action = "UpdateTrainingInduction", controller = "TrainingInduction"}. Executing controller action with signature System.Threading.Tasks.Task`1[Microsoft.AspNetCore.Mvc.IActionResult] UpdateTrainingInduction(Com.XpressPayments.Data.LearningAndDevelopmentDTO.DTOs.TrainingInductionUpdate) on controller Com.XpressPayments.Api.LearningAndDevelopmentModuleController.Controller.TrainingInductionController (Com.XpressPayments.Api).
[2023-09-11 11:41:49.645 +01:00  ERR]  MethodName: UpdateTrainingInduction ===>System.Data.SqlClient.SqlException (0x80131904): A transport-level error has occurred when receiving results from the server. (provider: Session Provider, error: 19 - Physical connection is not usable)
   at System.Data.SqlClient.SqlCommand.EndExecuteNonQuery(IAsyncResult asyncResult)
   at System.Threading.Tasks.TaskFactory`1.FromAsyncCoreLogic(IAsyncResult iar, Func`2 endFunction, Action`1 endAction, Task`1 promise, Boolean requiresSynchronization)
--- End of stack trace from previous location ---
   at Dapper.SqlMapper.ExecuteImplAsync(IDbConnection cnn, CommandDefinition command, Object param) in /_/Dapper/SqlMapper.Async.cs:line 646
   at Com.XpressPayments.Data.LearningAndDevelopmentRepository.TrainingInductionRepo.TrainingInductionRepository.UpdateTrainingInduction(TrainingInductionUpdate TrainingInduction, String updatedbyUserEmail) in C:\Users\noble.nwabuike\Downloads\hrms-be-backend\Com.XpressPayments.Data\LearningAndDevelopmentRepository\TrainingInductionRepo\TrainingInductionRepository.cs:line 87
ClientConnectionId:846e9519-23c1-4d27-93e2-bddfb1c0f629
Error Number:-1,State:0,Class:20
[2023-09-11 11:41:49.694 +01:00  ERR]  Exception Occurred ==> A transport-level error has occurred when receiving results from the server. (provider: Session Provider, error: 19 - Physical connection is not usable)
[2023-09-11 11:41:49.696 +01:00  INF]  Executing OkObjectResult, writing value of type 'Com.XpressPayments.Data.GenericResponse.BaseResponse'.
[2023-09-11 11:41:49.698 +01:00  INF]  Executed action Com.XpressPayments.Api.LearningAndDevelopmentModuleController.Controller.TrainingInductionController.UpdateTrainingInduction (Com.XpressPayments.Api) in 45162.6699ms
[2023-09-11 11:41:49.700 +01:00  INF]  Executed endpoint 'Com.XpressPayments.Api.LearningAndDevelopmentModuleController.Controller.TrainingInductionController.UpdateTrainingInduction (Com.XpressPayments.Api)'
[2023-09-11 11:41:49.702 +01:00  INF]  Request finished HTTP/2 POST https://localhost:5001/api/TrainingInduction/UpdateTrainingInduction application/json 413 - 200 - application/json;+charset=utf-8 45181.1370ms
[2023-09-11 11:42:09.194 +01:00  INF]  Request starting HTTP/2 POST https://localhost:5001/api/TrainingInduction/UpdateTrainingInduction application/json 413
[2023-09-11 11:42:09.195 +01:00  INF]  CORS policy execution successful.
[2023-09-11 11:42:09.197 +01:00  INF]  Successfully validated the token.
[2023-09-11 11:42:09.198 +01:00  INF]  Executing endpoint 'Com.XpressPayments.Api.LearningAndDevelopmentModuleController.Controller.TrainingInductionController.UpdateTrainingInduction (Com.XpressPayments.Api)'
[2023-09-11 11:42:09.200 +01:00  INF]  Route matched with {action = "UpdateTrainingInduction", controller = "TrainingInduction"}. Executing controller action with signature System.Threading.Tasks.Task`1[Microsoft.AspNetCore.Mvc.IActionResult] UpdateTrainingInduction(Com.XpressPayments.Data.LearningAndDevelopmentDTO.DTOs.TrainingInductionUpdate) on controller Com.XpressPayments.Api.LearningAndDevelopmentModuleController.Controller.TrainingInductionController (Com.XpressPayments.Api).
[2023-09-11 11:42:33.997 +01:00  ERR]  MethodName: Task<TrainingInductionDTO> GetTrainingInductionById(long TrainingInductionID) ===>A network-related or instance-specific error occurred while establishing a connection to SQL Server. The server was not found or was not accessible. Verify that the instance name is correct and that SQL Server is configured to allow remote connections. (provider: TCP Provider, error: 0 - A connection attempt failed because the connected party did not properly respond after a period of time, or established connection failed because connected host has failed to respond.)
[2023-09-11 11:43:32.377 +01:00  ERR]  Exception Occurred ==> A network-related or instance-specific error occurred while establishing a connection to SQL Server. The server was not found or was not accessible. Verify that the instance name is correct and that SQL Server is configured to allow remote connections. (provider: TCP Provider, error: 0 - A connection attempt failed because the connected party did not properly respond after a period of time, or established connection failed because connected host has failed to respond.)
[2023-09-11 11:43:32.391 +01:00  INF]  Executing OkObjectResult, writing value of type 'Com.XpressPayments.Data.GenericResponse.BaseResponse'.
[2023-09-11 11:43:32.397 +01:00  INF]  Executed action Com.XpressPayments.Api.LearningAndDevelopmentModuleController.Controller.TrainingInductionController.UpdateTrainingInduction (Com.XpressPayments.Api) in 83193.4427ms
[2023-09-11 11:43:32.399 +01:00  INF]  Executed endpoint 'Com.XpressPayments.Api.LearningAndDevelopmentModuleController.Controller.TrainingInductionController.UpdateTrainingInduction (Com.XpressPayments.Api)'
[2023-09-11 11:43:32.400 +01:00  INF]  Request finished HTTP/2 POST https://localhost:5001/api/TrainingInduction/UpdateTrainingInduction application/json 413 - 200 - application/json;+charset=utf-8 83206.7487ms
[2023-09-11 11:43:39.516 +01:00  INF]  Request starting HTTP/2 POST https://localhost:5001/api/TrainingInduction/UpdateTrainingInduction application/json 413
[2023-09-11 11:43:39.518 +01:00  INF]  CORS policy execution successful.
[2023-09-11 11:43:39.519 +01:00  INF]  Successfully validated the token.
[2023-09-11 11:43:39.520 +01:00  INF]  Executing endpoint 'Com.XpressPayments.Api.LearningAndDevelopmentModuleController.Controller.TrainingInductionController.UpdateTrainingInduction (Com.XpressPayments.Api)'
[2023-09-11 11:43:39.521 +01:00  INF]  Route matched with {action = "UpdateTrainingInduction", controller = "TrainingInduction"}. Executing controller action with signature System.Threading.Tasks.Task`1[Microsoft.AspNetCore.Mvc.IActionResult] UpdateTrainingInduction(Com.XpressPayments.Data.LearningAndDevelopmentDTO.DTOs.TrainingInductionUpdate) on controller Com.XpressPayments.Api.LearningAndDevelopmentModuleController.Controller.TrainingInductionController (Com.XpressPayments.Api).
[2023-09-11 11:44:53.646 +01:00  ERR]  Exception Occurred ==> Cannot implicitly convert type 'int' to 'string'
[2023-09-11 11:44:53.662 +01:00  INF]  Executing OkObjectResult, writing value of type 'Com.XpressPayments.Data.GenericResponse.BaseResponse'.
[2023-09-11 11:44:53.710 +01:00  INF]  Executed action Com.XpressPayments.Api.LearningAndDevelopmentModuleController.Controller.TrainingInductionController.UpdateTrainingInduction (Com.XpressPayments.Api) in 74185.4747ms
[2023-09-11 11:44:53.712 +01:00  INF]  Executed endpoint 'Com.XpressPayments.Api.LearningAndDevelopmentModuleController.Controller.TrainingInductionController.UpdateTrainingInduction (Com.XpressPayments.Api)'
[2023-09-11 11:44:53.714 +01:00  INF]  Request finished HTTP/2 POST https://localhost:5001/api/TrainingInduction/UpdateTrainingInduction application/json 413 - 200 - application/json;+charset=utf-8 74197.5464ms
[2023-09-11 12:09:01.119 +01:00  INF]  Request starting HTTP/2 POST https://localhost:5001/api/TrainingInduction/UpdateTrainingInduction application/json 413
[2023-09-11 12:09:01.120 +01:00  INF]  CORS policy execution successful.
[2023-09-11 12:09:01.122 +01:00  INF]  Successfully validated the token.
[2023-09-11 12:09:01.123 +01:00  INF]  Executing endpoint 'Com.XpressPayments.Api.LearningAndDevelopmentModuleController.Controller.TrainingInductionController.UpdateTrainingInduction (Com.XpressPayments.Api)'
[2023-09-11 12:09:01.125 +01:00  INF]  Route matched with {action = "UpdateTrainingInduction", controller = "TrainingInduction"}. Executing controller action with signature System.Threading.Tasks.Task`1[Microsoft.AspNetCore.Mvc.IActionResult] UpdateTrainingInduction(Com.XpressPayments.Data.LearningAndDevelopmentDTO.DTOs.TrainingInductionUpdate) on controller Com.XpressPayments.Api.LearningAndDevelopmentModuleController.Controller.TrainingInductionController (Com.XpressPayments.Api).
[2023-09-11 12:09:34.669 +01:00  INF]  Training Induction updated successfully.
[2023-09-11 12:09:39.700 +01:00  INF]  Executing OkObjectResult, writing value of type 'Com.XpressPayments.Data.GenericResponse.BaseResponse'.
[2023-09-11 12:09:39.705 +01:00  INF]  Executed action Com.XpressPayments.Api.LearningAndDevelopmentModuleController.Controller.TrainingInductionController.UpdateTrainingInduction (Com.XpressPayments.Api) in 38574.9869ms
[2023-09-11 12:09:39.708 +01:00  INF]  Executed endpoint 'Com.XpressPayments.Api.LearningAndDevelopmentModuleController.Controller.TrainingInductionController.UpdateTrainingInduction (Com.XpressPayments.Api)'
[2023-09-11 12:09:39.709 +01:00  INF]  Request finished HTTP/2 POST https://localhost:5001/api/TrainingInduction/UpdateTrainingInduction application/json 413 - 200 - application/json;+charset=utf-8 38586.9324ms
[2023-09-11 17:19:38.836 +01:00  INF]  User profile is available. Using 'C:\Users\noble.nwabuike\AppData\Local\ASP.NET\DataProtection-Keys' as key repository and Windows DPAPI to encrypt keys at rest.
[2023-09-11 17:19:40.407 +01:00  INF]  Now listening on: https://localhost:5001
[2023-09-11 17:19:40.410 +01:00  INF]  Now listening on: http://localhost:5000
[2023-09-11 17:19:40.419 +01:00  INF]  Application started. Press Ctrl+C to shut down.
[2023-09-11 17:19:40.422 +01:00  INF]  Hosting environment: Development
[2023-09-11 17:19:40.424 +01:00  INF]  Content root path: C:\Users\noble.nwabuike\Downloads\hrms-be-backend\Com.XpressPayments.Api\
[2023-09-11 17:19:42.386 +01:00  INF]  Request starting HTTP/2 GET https://localhost:5001/index.html - -
[2023-09-11 17:19:43.367 +01:00  INF]  Request starting HTTP/2 GET https://localhost:5001/_framework/aspnetcore-browser-refresh.js - -
[2023-09-11 17:19:43.379 +01:00  INF]  Request finished HTTP/2 GET https://localhost:5001/index.html - - - 200 - text/html;charset=utf-8 1002.6446ms
[2023-09-11 17:19:43.382 +01:00  INF]  Request starting HTTP/2 GET https://localhost:5001/_vs/browserLink - -
[2023-09-11 17:19:43.386 +01:00  INF]  Request finished HTTP/2 GET https://localhost:5001/_framework/aspnetcore-browser-refresh.js - - - 200 12014 application/javascript;+charset=utf-8 18.2399ms
[2023-09-11 17:19:43.435 +01:00  INF]  Request finished HTTP/2 GET https://localhost:5001/_vs/browserLink - - - 200 - text/javascript;+charset=UTF-8 53.2340ms
[2023-09-11 17:19:43.573 +01:00  INF]  Request starting HTTP/2 GET https://localhost:5001/swagger/v1/swagger.json - -
[2023-09-11 17:19:43.966 +01:00  INF]  Request finished HTTP/2 GET https://localhost:5001/swagger/v1/swagger.json - - - 200 - application/json;charset=utf-8 393.3833ms
[2023-09-11 17:21:00.085 +01:00  INF]  Request starting HTTP/2 POST https://localhost:5001/api/Auth/Login application/json 82
[2023-09-11 17:21:00.116 +01:00  INF]  CORS policy execution successful.
[2023-09-11 17:21:00.556 +01:00  INF]  Executing endpoint 'Com.XpressPayments.Api.Controllers.AuthController.Login (Com.XpressPayments.Api)'
[2023-09-11 17:21:00.671 +01:00  INF]  Route matched with {action = "Login", controller = "Auth"}. Executing controller action with signature System.Threading.Tasks.Task`1[Microsoft.AspNetCore.Mvc.IActionResult] Login(Com.XpressPayments.Bussiness.ViewModels.LoginModel) on controller Com.XpressPayments.Api.Controllers.AuthController (Com.XpressPayments.Api).
[2023-09-11 17:21:07.233 +01:00  INF]  Executing OkObjectResult, writing value of type 'Com.XpressPayments.Data.GenericResponse.LoginResponse'.
[2023-09-11 17:21:07.258 +01:00  INF]  Executed action Com.XpressPayments.Api.Controllers.AuthController.Login (Com.XpressPayments.Api) in 6562.7813ms
[2023-09-11 17:21:07.272 +01:00  INF]  Executed endpoint 'Com.XpressPayments.Api.Controllers.AuthController.Login (Com.XpressPayments.Api)'
[2023-09-11 17:21:07.299 +01:00  INF]  Request finished HTTP/2 POST https://localhost:5001/api/Auth/Login application/json 82 - 200 - application/json;+charset=utf-8 7212.6095ms
[2023-09-11 17:21:21.893 +01:00  INF]  Request starting HTTP/2 POST https://localhost:5001/api/Auth/Logout application/json 48
[2023-09-11 17:21:21.909 +01:00  INF]  CORS policy execution successful.
[2023-09-11 17:21:21.912 +01:00  INF]  Executing endpoint 'Com.XpressPayments.Api.Controllers.AuthController.Logout (Com.XpressPayments.Api)'
[2023-09-11 17:21:21.920 +01:00  INF]  Route matched with {action = "Logout", controller = "Auth"}. Executing controller action with signature System.Threading.Tasks.Task`1[Microsoft.AspNetCore.Mvc.IActionResult] Logout(Com.XpressPayments.Data.DTOs.Account.LogoutDto) on controller Com.XpressPayments.Api.Controllers.AuthController (Com.XpressPayments.Api).
[2023-09-11 17:21:21.991 +01:00  INF]  Executing OkObjectResult, writing value of type 'Com.XpressPayments.Data.GenericResponse.BaseResponse'.
[2023-09-11 17:21:21.998 +01:00  INF]  Executed action Com.XpressPayments.Api.Controllers.AuthController.Logout (Com.XpressPayments.Api) in 73.3811ms
[2023-09-11 17:21:22.004 +01:00  INF]  Executed endpoint 'Com.XpressPayments.Api.Controllers.AuthController.Logout (Com.XpressPayments.Api)'
[2023-09-11 17:21:22.010 +01:00  INF]  Request finished HTTP/2 POST https://localhost:5001/api/Auth/Logout application/json 48 - 200 - application/json;+charset=utf-8 116.4689ms
[2023-09-11 17:21:26.445 +01:00  INF]  Request starting HTTP/2 POST https://localhost:5001/api/Auth/Login application/json 82
[2023-09-11 17:21:26.453 +01:00  INF]  CORS policy execution successful.
[2023-09-11 17:21:26.467 +01:00  INF]  Executing endpoint 'Com.XpressPayments.Api.Controllers.AuthController.Login (Com.XpressPayments.Api)'
[2023-09-11 17:21:26.473 +01:00  INF]  Route matched with {action = "Login", controller = "Auth"}. Executing controller action with signature System.Threading.Tasks.Task`1[Microsoft.AspNetCore.Mvc.IActionResult] Login(Com.XpressPayments.Bussiness.ViewModels.LoginModel) on controller Com.XpressPayments.Api.Controllers.AuthController (Com.XpressPayments.Api).
[2023-09-11 17:21:30.078 +01:00  INF]  Executing OkObjectResult, writing value of type 'Com.XpressPayments.Data.GenericResponse.LoginResponse'.
[2023-09-11 17:21:30.098 +01:00  INF]  Executed action Com.XpressPayments.Api.Controllers.AuthController.Login (Com.XpressPayments.Api) in 3611.0598ms
[2023-09-11 17:21:30.103 +01:00  INF]  Executed endpoint 'Com.XpressPayments.Api.Controllers.AuthController.Login (Com.XpressPayments.Api)'
[2023-09-11 17:21:30.106 +01:00  INF]  Request finished HTTP/2 POST https://localhost:5001/api/Auth/Login application/json 82 - 200 - application/json;+charset=utf-8 3660.1348ms
[2023-09-11 17:25:11.233 +01:00  INF]  Request starting HTTP/2 GET https://localhost:5001/api/TrainingPlan/GetAllActiveTrainingPlan - -
[2023-09-11 17:25:11.368 +01:00  INF]  Successfully validated the token.
[2023-09-11 17:25:11.378 +01:00  INF]  Executing endpoint 'Com.XpressPayments.Api.LearningAndDevelopmentModuleController.Controller.TrainingPlanController.GetAllActiveTrainingPlan (Com.XpressPayments.Api)'
[2023-09-11 17:25:11.383 +01:00  INF]  Route matched with {action = "GetAllActiveTrainingPlan", controller = "TrainingPlan"}. Executing controller action with signature System.Threading.Tasks.Task`1[Microsoft.AspNetCore.Mvc.IActionResult] GetAllActiveTrainingPlan() on controller Com.XpressPayments.Api.LearningAndDevelopmentModuleController.Controller.TrainingPlanController (Com.XpressPayments.Api).
[2023-09-11 17:25:18.783 +01:00  INF]  Executing OkObjectResult, writing value of type 'Com.XpressPayments.Data.GenericResponse.BaseResponse'.
[2023-09-11 17:25:18.796 +01:00  INF]  Executed action Com.XpressPayments.Api.LearningAndDevelopmentModuleController.Controller.TrainingPlanController.GetAllActiveTrainingPlan (Com.XpressPayments.Api) in 7409.6319ms
[2023-09-11 17:25:18.801 +01:00  INF]  Executed endpoint 'Com.XpressPayments.Api.LearningAndDevelopmentModuleController.Controller.TrainingPlanController.GetAllActiveTrainingPlan (Com.XpressPayments.Api)'
[2023-09-11 17:25:18.805 +01:00  INF]  Request finished HTTP/2 GET https://localhost:5001/api/TrainingPlan/GetAllActiveTrainingPlan - - - 200 - application/json;+charset=utf-8 7572.0220ms
