[2023-08-03 11:15:31.850 +01:00  INF]  User profile is available. Using 'C:\Users\peter.omolayo\AppData\Local\ASP.NET\DataProtection-Keys' as key repository and Windows DPAPI to encrypt keys at rest.
[2023-08-03 11:15:32.358 +01:00  INF]  Application started. Press Ctrl+C to shut down.
[2023-08-03 11:15:32.359 +01:00  INF]  Hosting environment: Development
[2023-08-03 11:15:32.359 +01:00  INF]  Content root path: C:\Users\peter.omolayo\source\repos\hrms-be-backend\Com.XpressPayments.Api\
[2023-08-03 11:15:32.442 +01:00  INF]  Request starting HTTP/2 GET https://localhost:44317/index.html - -
[2023-08-03 11:15:32.818 +01:00  INF]  Request finished HTTP/2 GET https://localhost:44317/index.html - - - 200 - text/html;charset=utf-8 379.2599ms
[2023-08-03 11:15:32.837 +01:00  INF]  Request starting HTTP/2 GET https://localhost:44317/swagger-ui.css - -
[2023-08-03 11:15:32.861 +01:00  INF]  Request starting HTTP/2 GET https://localhost:44317/swagger-ui-bundle.js - -
[2023-08-03 11:15:32.901 +01:00  INF]  Request starting HTTP/2 GET https://localhost:44317/swagger-ui-standalone-preset.js - -
[2023-08-03 11:15:32.913 +01:00  INF]  Request starting HTTP/2 GET https://localhost:44317/_framework/aspnetcore-browser-refresh.js - -
[2023-08-03 11:15:32.918 +01:00  INF]  Sending file. Request path: '/swagger-ui.css'. Physical path: 'N/A'
[2023-08-03 11:15:32.917 +01:00  INF]  Sending file. Request path: '/swagger-ui-bundle.js'. Physical path: 'N/A'
[2023-08-03 11:15:32.919 +01:00  INF]  Sending file. Request path: '/swagger-ui-standalone-preset.js'. Physical path: 'N/A'
[2023-08-03 11:15:32.921 +01:00  INF]  Request finished HTTP/2 GET https://localhost:44317/_framework/aspnetcore-browser-refresh.js - - - 200 12014 application/javascript;+charset=utf-8 7.5462ms
[2023-08-03 11:15:32.930 +01:00  INF]  Request finished HTTP/2 GET https://localhost:44317/swagger-ui.css - - - 200 143632 text/css 93.3552ms
[2023-08-03 11:15:32.950 +01:00  INF]  Request finished HTTP/2 GET https://localhost:44317/swagger-ui-standalone-preset.js - - - 200 337162 application/javascript 49.8025ms
[2023-08-03 11:15:32.984 +01:00  INF]  Request finished HTTP/2 GET https://localhost:44317/swagger-ui-bundle.js - - - 200 1092889 application/javascript 122.9898ms
[2023-08-03 11:15:33.158 +01:00  INF]  Request starting HTTP/2 GET https://localhost:44317/swagger/v1/swagger.json - -
[2023-08-03 11:15:33.200 +01:00  INF]  Request starting HTTP/2 GET https://localhost:44317/favicon-32x32.png - -
[2023-08-03 11:15:33.201 +01:00  INF]  Sending file. Request path: '/favicon-32x32.png'. Physical path: 'N/A'
[2023-08-03 11:15:33.201 +01:00  INF]  Request finished HTTP/2 GET https://localhost:44317/favicon-32x32.png - - - 200 628 image/png 1.3467ms
[2023-08-03 11:15:33.427 +01:00  INF]  Request finished HTTP/2 GET https://localhost:44317/swagger/v1/swagger.json - - - 200 - application/json;charset=utf-8 269.5337ms
