[2023-07-01 10:59:37.606 +01:00  INF]  User profile is available. Using 'C:\Users\olajumoke.owolabi\AppData\Local\ASP.NET\DataProtection-Keys' as key repository and Windows DPAPI to encrypt keys at rest.
[2023-07-01 10:59:38.274 +01:00  INF]  Application started. Press Ctrl+C to shut down.
[2023-07-01 10:59:38.275 +01:00  INF]  Hosting environment: Development
[2023-07-01 10:59:38.275 +01:00  INF]  Content root path: C:\Users\olajumoke.owolabi\source\repos\hrms-be-backend\Com.XpressPayments.Api\
[2023-07-01 10:59:38.433 +01:00  INF]  Request starting HTTP/2 GET https://localhost:44317/index.html - -
[2023-07-01 10:59:39.293 +01:00  INF]  Request finished HTTP/2 GET https://localhost:44317/index.html - - - 200 - text/html;charset=utf-8 866.6096ms
[2023-07-01 10:59:39.296 +01:00  INF]  Request starting HTTP/2 GET https://localhost:44317/_framework/aspnetcore-browser-refresh.js - -
[2023-07-01 10:59:39.305 +01:00  INF]  Request finished HTTP/2 GET https://localhost:44317/_framework/aspnetcore-browser-refresh.js - - - 200 12014 application/javascript;+charset=utf-8 8.3621ms
[2023-07-01 10:59:39.326 +01:00  INF]  Request starting HTTP/2 GET https://localhost:44317/_vs/browserLink - -
[2023-07-01 10:59:39.381 +01:00  INF]  Request finished HTTP/2 GET https://localhost:44317/_vs/browserLink - - - 200 - text/javascript;+charset=UTF-8 55.2398ms
[2023-07-01 10:59:39.443 +01:00  INF]  Request starting HTTP/2 GET https://localhost:44317/swagger/v1/swagger.json - -
[2023-07-01 10:59:39.895 +01:00  INF]  Request finished HTTP/2 GET https://localhost:44317/swagger/v1/swagger.json - - - 200 - application/json;charset=utf-8 452.7175ms
[2023-07-01 11:00:11.181 +01:00  INF]  Request starting HTTP/2 GET https://localhost:44317/api/Employee/GetEmployeebyCompanyId?CompanyID=33 - -
[2023-07-01 11:00:11.553 +01:00  INF]  Bearer was not authenticated. Failure message: No SecurityTokenValidator available for token.
[2023-07-01 11:00:11.573 +01:00  INF]  Authorization failed. These requirements were not met:
DenyAnonymousAuthorizationRequirement: Requires an authenticated user.
[2023-07-01 11:00:11.595 +01:00  INF]  AuthenticationScheme: Bearer was challenged.
[2023-07-01 11:00:11.598 +01:00  INF]  Request finished HTTP/2 GET https://localhost:44317/api/Employee/GetEmployeebyCompanyId?CompanyID=33 - - - 401 - - 416.9415ms
[2023-07-01 11:00:20.701 +01:00  INF]  Request starting HTTP/2 GET https://localhost:44317/api/Employee/GetEmployeebyCompanyId?CompanyID=1 - -
[2023-07-01 11:00:20.717 +01:00  INF]  Bearer was not authenticated. Failure message: No SecurityTokenValidator available for token.
[2023-07-01 11:00:20.718 +01:00  INF]  Authorization failed. These requirements were not met:
DenyAnonymousAuthorizationRequirement: Requires an authenticated user.
[2023-07-01 11:00:20.719 +01:00  INF]  AuthenticationScheme: Bearer was challenged.
[2023-07-01 11:00:20.719 +01:00  INF]  Request finished HTTP/2 GET https://localhost:44317/api/Employee/GetEmployeebyCompanyId?CompanyID=1 - - - 401 - - 17.8621ms
[2023-07-01 11:00:50.095 +01:00  INF]  Request starting HTTP/2 POST https://localhost:44317/api/Auth/Logout application/json 41
[2023-07-01 11:00:50.146 +01:00  INF]  CORS policy execution successful.
[2023-07-01 11:00:50.149 +01:00  INF]  Bearer was not authenticated. Failure message: No SecurityTokenValidator available for token.
[2023-07-01 11:00:50.158 +01:00  INF]  Executing endpoint 'Com.XpressPayments.Api.Controllers.AuthController.Logout (Com.XpressPayments.Api)'
[2023-07-01 11:00:50.222 +01:00  INF]  Route matched with {action = "Logout", controller = "Auth"}. Executing controller action with signature System.Threading.Tasks.Task`1[Microsoft.AspNetCore.Mvc.IActionResult] Logout(Com.XpressPayments.Data.DTOs.Account.LogoutDto) on controller Com.XpressPayments.Api.Controllers.AuthController (Com.XpressPayments.Api).
[2023-07-01 11:00:52.420 +01:00  INF]  Executing OkObjectResult, writing value of type 'Com.XpressPayments.Data.GenericResponse.BaseResponse'.
[2023-07-01 11:00:52.448 +01:00  INF]  Executed action Com.XpressPayments.Api.Controllers.AuthController.Logout (Com.XpressPayments.Api) in 2209.9891ms
[2023-07-01 11:00:52.461 +01:00  INF]  Executed endpoint 'Com.XpressPayments.Api.Controllers.AuthController.Logout (Com.XpressPayments.Api)'
[2023-07-01 11:00:52.465 +01:00  INF]  Request finished HTTP/2 POST https://localhost:44317/api/Auth/Logout application/json 41 - 200 - application/json;+charset=utf-8 2370.4097ms
[2023-07-01 11:01:06.562 +01:00  INF]  Request starting HTTP/2 POST https://localhost:44317/api/Auth/Login application/json 75
[2023-07-01 11:01:06.565 +01:00  INF]  CORS policy execution successful.
[2023-07-01 11:01:06.566 +01:00  INF]  Bearer was not authenticated. Failure message: No SecurityTokenValidator available for token.
[2023-07-01 11:01:06.566 +01:00  INF]  Executing endpoint 'Com.XpressPayments.Api.Controllers.AuthController.Login (Com.XpressPayments.Api)'
[2023-07-01 11:01:06.569 +01:00  INF]  Route matched with {action = "Login", controller = "Auth"}. Executing controller action with signature System.Threading.Tasks.Task`1[Microsoft.AspNetCore.Mvc.IActionResult] Login(Com.XpressPayments.Bussiness.ViewModels.LoginModel) on controller Com.XpressPayments.Api.Controllers.AuthController (Com.XpressPayments.Api).
[2023-07-01 11:01:10.047 +01:00  INF]  Executing OkObjectResult, writing value of type 'Com.XpressPayments.Data.GenericResponse.LoginResponse'.
[2023-07-01 11:01:10.066 +01:00  INF]  Executed action Com.XpressPayments.Api.Controllers.AuthController.Login (Com.XpressPayments.Api) in 3496.9016ms
[2023-07-01 11:01:10.066 +01:00  INF]  Executed endpoint 'Com.XpressPayments.Api.Controllers.AuthController.Login (Com.XpressPayments.Api)'
[2023-07-01 11:01:10.066 +01:00  INF]  Request finished HTTP/2 POST https://localhost:44317/api/Auth/Login application/json 75 - 200 - application/json;+charset=utf-8 3504.8910ms
[2023-07-01 11:01:47.606 +01:00  INF]  Request starting HTTP/2 GET https://localhost:44317/api/Employee/GetEmployeebyCompanyId?CompanyID=1 - -
[2023-07-01 11:01:47.792 +01:00  INF]  Successfully validated the token.
[2023-07-01 11:01:47.795 +01:00  INF]  Executing endpoint 'Com.XpressPayments.Api.Controllers.EmployeeController.GetEmployeebyCompanyId (Com.XpressPayments.Api)'
[2023-07-01 11:01:47.802 +01:00  INF]  Route matched with {action = "GetEmployeebyCompanyId", controller = "Employee"}. Executing controller action with signature System.Threading.Tasks.Task`1[Microsoft.AspNetCore.Mvc.IActionResult] GetEmployeebyCompanyId(Int64) on controller Com.XpressPayments.Api.Controllers.EmployeeController (Com.XpressPayments.Api).
[2023-07-01 11:01:53.364 +01:00  INF]  Executing OkObjectResult, writing value of type 'Com.XpressPayments.Data.GenericResponse.BaseResponse'.
[2023-07-01 11:01:53.399 +01:00  INF]  Executed action Com.XpressPayments.Api.Controllers.EmployeeController.GetEmployeebyCompanyId (Com.XpressPayments.Api) in 5596.9166ms
[2023-07-01 11:01:53.400 +01:00  INF]  Executed endpoint 'Com.XpressPayments.Api.Controllers.EmployeeController.GetEmployeebyCompanyId (Com.XpressPayments.Api)'
[2023-07-01 11:01:53.401 +01:00  INF]  Request finished HTTP/2 GET https://localhost:44317/api/Employee/GetEmployeebyCompanyId?CompanyID=1 - - - 200 - application/json;+charset=utf-8 5797.0814ms
[2023-07-01 11:02:07.703 +01:00  INF]  Request starting HTTP/2 GET https://localhost:44317/api/Employee/GetEmployeebyCompanyId?CompanyID=33 - -
[2023-07-01 11:02:07.703 +01:00  INF]  Successfully validated the token.
[2023-07-01 11:02:07.703 +01:00  INF]  Executing endpoint 'Com.XpressPayments.Api.Controllers.EmployeeController.GetEmployeebyCompanyId (Com.XpressPayments.Api)'
[2023-07-01 11:02:07.703 +01:00  INF]  Route matched with {action = "GetEmployeebyCompanyId", controller = "Employee"}. Executing controller action with signature System.Threading.Tasks.Task`1[Microsoft.AspNetCore.Mvc.IActionResult] GetEmployeebyCompanyId(Int64) on controller Com.XpressPayments.Api.Controllers.EmployeeController (Com.XpressPayments.Api).
[2023-07-01 11:02:30.243 +01:00  INF]  Executing OkObjectResult, writing value of type 'Com.XpressPayments.Data.GenericResponse.BaseResponse'.
[2023-07-01 11:02:30.245 +01:00  INF]  Executed action Com.XpressPayments.Api.Controllers.EmployeeController.GetEmployeebyCompanyId (Com.XpressPayments.Api) in 22541.7821ms
[2023-07-01 11:02:30.246 +01:00  INF]  Executed endpoint 'Com.XpressPayments.Api.Controllers.EmployeeController.GetEmployeebyCompanyId (Com.XpressPayments.Api)'
[2023-07-01 11:02:30.247 +01:00  INF]  Request finished HTTP/2 GET https://localhost:44317/api/Employee/GetEmployeebyCompanyId?CompanyID=33 - - - 200 - application/json;+charset=utf-8 22544.0555ms
[2023-07-01 11:29:47.598 +01:00  INF]  User profile is available. Using 'C:\Users\olajumoke.owolabi\AppData\Local\ASP.NET\DataProtection-Keys' as key repository and Windows DPAPI to encrypt keys at rest.
[2023-07-01 11:29:48.189 +01:00  INF]  Application started. Press Ctrl+C to shut down.
[2023-07-01 11:29:48.190 +01:00  INF]  Hosting environment: Development
[2023-07-01 11:29:48.190 +01:00  INF]  Content root path: C:\Users\olajumoke.owolabi\source\repos\hrms-be-backend\Com.XpressPayments.Api\
[2023-07-01 11:29:48.285 +01:00  INF]  Request starting HTTP/2 GET https://localhost:44317/index.html - -
[2023-07-01 11:29:49.437 +01:00  INF]  Request starting HTTP/2 GET https://localhost:44317/_framework/aspnetcore-browser-refresh.js - -
[2023-07-01 11:29:49.440 +01:00  INF]  Request finished HTTP/2 GET https://localhost:44317/index.html - - - 200 - text/html;charset=utf-8 1158.9943ms
[2023-07-01 11:29:49.443 +01:00  INF]  Request starting HTTP/2 GET https://localhost:44317/_vs/browserLink - -
[2023-07-01 11:29:49.445 +01:00  INF]  Request finished HTTP/2 GET https://localhost:44317/_framework/aspnetcore-browser-refresh.js - - - 200 12014 application/javascript;+charset=utf-8 7.3595ms
[2023-07-01 11:29:49.545 +01:00  INF]  Request finished HTTP/2 GET https://localhost:44317/_vs/browserLink - - - 200 - text/javascript;+charset=UTF-8 101.9257ms
[2023-07-01 11:29:49.632 +01:00  INF]  Request starting HTTP/2 GET https://localhost:44317/swagger/v1/swagger.json - -
[2023-07-01 11:29:50.105 +01:00  INF]  Request finished HTTP/2 GET https://localhost:44317/swagger/v1/swagger.json - - - 200 - application/json;charset=utf-8 472.7017ms
[2023-07-01 11:36:35.692 +01:00  INF]  User profile is available. Using 'C:\Users\olajumoke.owolabi\AppData\Local\ASP.NET\DataProtection-Keys' as key repository and Windows DPAPI to encrypt keys at rest.
[2023-07-01 11:36:35.928 +01:00  INF]  Application started. Press Ctrl+C to shut down.
[2023-07-01 11:36:35.928 +01:00  INF]  Hosting environment: Development
[2023-07-01 11:36:35.928 +01:00  INF]  Content root path: C:\Users\olajumoke.owolabi\source\repos\hrms-be-backend\Com.XpressPayments.Api\
[2023-07-01 11:36:35.977 +01:00  INF]  Request starting HTTP/2 GET https://localhost:44317/index.html - -
[2023-07-01 11:36:36.419 +01:00  INF]  Request finished HTTP/2 GET https://localhost:44317/index.html - - - 200 - text/html;charset=utf-8 445.8687ms
[2023-07-01 11:36:36.444 +01:00  INF]  Request starting HTTP/2 GET https://localhost:44317/_framework/aspnetcore-browser-refresh.js - -
[2023-07-01 11:36:36.459 +01:00  INF]  Request finished HTTP/2 GET https://localhost:44317/_framework/aspnetcore-browser-refresh.js - - - 200 12014 application/javascript;+charset=utf-8 7.4555ms
[2023-07-01 11:36:36.460 +01:00  INF]  Request starting HTTP/2 GET https://localhost:44317/_vs/browserLink - -
[2023-07-01 11:36:36.519 +01:00  INF]  Request finished HTTP/2 GET https://localhost:44317/_vs/browserLink - - - 200 - text/javascript;+charset=UTF-8 59.3886ms
[2023-07-01 11:36:36.628 +01:00  INF]  Request starting HTTP/2 GET https://localhost:44317/swagger/v1/swagger.json - -
[2023-07-01 11:36:36.830 +01:00  INF]  Request finished HTTP/2 GET https://localhost:44317/swagger/v1/swagger.json - - - 200 - application/json;charset=utf-8 202.0227ms
[2023-07-01 11:37:24.225 +01:00  INF]  Request starting HTTP/2 GET https://localhost:44317/api/Auth/GetAllUsersPendingApprovalByComapnyId?CompanyId=33 - -
[2023-07-01 11:37:25.204 +01:00  INF]  Successfully validated the token.
[2023-07-01 11:37:25.235 +01:00  INF]  Executing endpoint 'Com.XpressPayments.Api.Controllers.AuthController.GetAllUsersPendingApproval (Com.XpressPayments.Api)'
[2023-07-01 11:37:25.303 +01:00  INF]  Route matched with {action = "GetAllUsersPendingApproval", controller = "Auth"}. Executing controller action with signature System.Threading.Tasks.Task`1[Microsoft.AspNetCore.Mvc.IActionResult] GetAllUsersPendingApproval(Int64) on controller Com.XpressPayments.Api.Controllers.AuthController (Com.XpressPayments.Api).
[2023-07-01 11:37:28.861 +01:00  INF]  Executing OkObjectResult, writing value of type 'Com.XpressPayments.Data.GenericResponse.BaseResponse'.
[2023-07-01 11:37:28.953 +01:00  INF]  Executed action Com.XpressPayments.Api.Controllers.AuthController.GetAllUsersPendingApproval (Com.XpressPayments.Api) in 3636.1355ms
[2023-07-01 11:37:28.964 +01:00  INF]  Executed endpoint 'Com.XpressPayments.Api.Controllers.AuthController.GetAllUsersPendingApproval (Com.XpressPayments.Api)'
[2023-07-01 11:37:28.971 +01:00  INF]  Request finished HTTP/2 GET https://localhost:44317/api/Auth/GetAllUsersPendingApprovalByComapnyId?CompanyId=33 - - - 200 - application/json;+charset=utf-8 4748.7354ms
