[2023-07-26 06:17:35.457 +01:00  INF]  User profile is available. Using 'C:\Users\olajumoke.owolabi\AppData\Local\ASP.NET\DataProtection-Keys' as key repository and Windows DPAPI to encrypt keys at rest.
[2023-07-26 06:17:36.088 +01:00  INF]  Application started. Press Ctrl+C to shut down.
[2023-07-26 06:17:36.088 +01:00  INF]  Hosting environment: Development
[2023-07-26 06:17:36.088 +01:00  INF]  Content root path: C:\Users\olajumoke.owolabi\source\repos\hrms-be-backend\Com.XpressPayments.Api\
[2023-07-26 06:17:36.197 +01:00  INF]  Request starting HTTP/2 GET https://localhost:44317/index.html - -
[2023-07-26 06:17:36.966 +01:00  INF]  Request finished HTTP/2 GET https://localhost:44317/index.html - - - 200 - text/html;charset=utf-8 776.5788ms
[2023-07-26 06:17:36.975 +01:00  INF]  Request starting HTTP/2 GET https://localhost:44317/_framework/aspnetcore-browser-refresh.js - -
[2023-07-26 06:17:36.992 +01:00  INF]  Request finished HTTP/2 GET https://localhost:44317/_framework/aspnetcore-browser-refresh.js - - - 200 12014 application/javascript;+charset=utf-8 10.9583ms
[2023-07-26 06:17:37.011 +01:00  INF]  Request starting HTTP/2 GET https://localhost:44317/_vs/browserLink - -
[2023-07-26 06:17:37.065 +01:00  INF]  Request finished HTTP/2 GET https://localhost:44317/_vs/browserLink - - - 200 - text/javascript;+charset=UTF-8 54.8394ms
[2023-07-26 06:17:37.147 +01:00  INF]  Request starting HTTP/2 GET https://localhost:44317/swagger/v1/swagger.json - -
[2023-07-26 06:17:37.407 +01:00  INF]  Request finished HTTP/2 GET https://localhost:44317/swagger/v1/swagger.json - - - 200 - application/json;charset=utf-8 260.3701ms
[2023-07-26 07:57:08.174 +01:00  INF]  User profile is available. Using 'C:\Users\olajumoke.owolabi\AppData\Local\ASP.NET\DataProtection-Keys' as key repository and Windows DPAPI to encrypt keys at rest.
[2023-07-26 07:57:08.560 +01:00  INF]  Application started. Press Ctrl+C to shut down.
[2023-07-26 07:57:08.560 +01:00  INF]  Hosting environment: Development
[2023-07-26 07:57:08.560 +01:00  INF]  Content root path: C:\Users\olajumoke.owolabi\source\repos\hrms-be-backend\Com.XpressPayments.Api\
[2023-07-26 07:57:08.650 +01:00  INF]  Request starting HTTP/2 GET https://localhost:44317/index.html - -
[2023-07-26 07:57:09.414 +01:00  INF]  Request finished HTTP/2 GET https://localhost:44317/index.html - - - 200 - text/html;charset=utf-8 759.5448ms
[2023-07-26 07:57:09.423 +01:00  INF]  Request starting HTTP/2 GET https://localhost:44317/_framework/aspnetcore-browser-refresh.js - -
[2023-07-26 07:57:09.436 +01:00  INF]  Request finished HTTP/2 GET https://localhost:44317/_framework/aspnetcore-browser-refresh.js - - - 200 12014 application/javascript;+charset=utf-8 8.9164ms
[2023-07-26 07:57:09.450 +01:00  INF]  Request starting HTTP/2 GET https://localhost:44317/_vs/browserLink - -
[2023-07-26 07:57:09.500 +01:00  INF]  Request finished HTTP/2 GET https://localhost:44317/_vs/browserLink - - - 200 - text/javascript;+charset=UTF-8 49.3885ms
[2023-07-26 07:57:09.563 +01:00  INF]  Request starting HTTP/2 GET https://localhost:44317/swagger/v1/swagger.json - -
[2023-07-26 07:57:09.804 +01:00  INF]  Request finished HTTP/2 GET https://localhost:44317/swagger/v1/swagger.json - - - 200 - application/json;charset=utf-8 240.4357ms
[2023-07-26 08:07:00.499 +01:00  INF]  Request starting HTTP/2 GET https://localhost:44317/api/Employee/GetAllEmployee - -
[2023-07-26 08:07:01.056 +01:00  INF]  Successfully validated the token.
[2023-07-26 08:07:01.067 +01:00  INF]  Executing endpoint 'Com.XpressPayments.Api.Controllers.EmployeeController.GetAllEmployeeType (Com.XpressPayments.Api)'
[2023-07-26 08:07:01.091 +01:00  INF]  Route matched with {action = "GetAllEmployeeType", controller = "Employee"}. Executing controller action with signature System.Threading.Tasks.Task`1[Microsoft.AspNetCore.Mvc.IActionResult] GetAllEmployeeType() on controller Com.XpressPayments.Api.Controllers.EmployeeController (Com.XpressPayments.Api).
[2023-07-26 08:07:03.846 +01:00  INF]  Executing OkObjectResult, writing value of type 'Com.XpressPayments.Data.GenericResponse.BaseResponse'.
[2023-07-26 08:07:03.927 +01:00  INF]  Executed action Com.XpressPayments.Api.Controllers.EmployeeController.GetAllEmployeeType (Com.XpressPayments.Api) in 2830.1174ms
[2023-07-26 08:07:03.933 +01:00  INF]  Executed endpoint 'Com.XpressPayments.Api.Controllers.EmployeeController.GetAllEmployeeType (Com.XpressPayments.Api)'
[2023-07-26 08:07:03.936 +01:00  INF]  Request finished HTTP/2 GET https://localhost:44317/api/Employee/GetAllEmployee - - - 200 - application/json;+charset=utf-8 3436.3647ms
[2023-07-26 09:05:38.496 +01:00  INF]  User profile is available. Using 'C:\Users\olajumoke.owolabi\AppData\Local\ASP.NET\DataProtection-Keys' as key repository and Windows DPAPI to encrypt keys at rest.
[2023-07-26 09:05:38.862 +01:00  INF]  Application started. Press Ctrl+C to shut down.
[2023-07-26 09:05:38.863 +01:00  INF]  Hosting environment: Development
[2023-07-26 09:05:38.863 +01:00  INF]  Content root path: C:\Users\olajumoke.owolabi\source\repos\hrms-be-backend\Com.XpressPayments.Api\
[2023-07-26 09:05:38.930 +01:00  INF]  Request starting HTTP/2 GET https://localhost:44317/index.html - -
[2023-07-26 09:05:39.665 +01:00  INF]  Request finished HTTP/2 GET https://localhost:44317/index.html - - - 200 - text/html;charset=utf-8 737.4441ms
[2023-07-26 09:05:39.665 +01:00  INF]  Request starting HTTP/2 GET https://localhost:44317/_framework/aspnetcore-browser-refresh.js - -
[2023-07-26 09:05:39.678 +01:00  INF]  Request finished HTTP/2 GET https://localhost:44317/_framework/aspnetcore-browser-refresh.js - - - 200 12014 application/javascript;+charset=utf-8 7.9678ms
[2023-07-26 09:05:39.698 +01:00  INF]  Request starting HTTP/2 GET https://localhost:44317/_vs/browserLink - -
[2023-07-26 09:05:39.757 +01:00  INF]  Request finished HTTP/2 GET https://localhost:44317/_vs/browserLink - - - 200 - text/javascript;+charset=UTF-8 59.5368ms
[2023-07-26 09:05:39.830 +01:00  INF]  Request starting HTTP/2 GET https://localhost:44317/swagger/v1/swagger.json - -
[2023-07-26 09:05:40.083 +01:00  INF]  Request finished HTTP/2 GET https://localhost:44317/swagger/v1/swagger.json - - - 200 - application/json;charset=utf-8 253.2817ms
[2023-07-26 09:05:59.745 +01:00  INF]  Request starting HTTP/2 GET https://localhost:44317/api/Employee/GetEmployeebyCompanyId?CompanyID=40 - -
[2023-07-26 09:06:00.324 +01:00  INF]  Successfully validated the token.
[2023-07-26 09:06:00.340 +01:00  INF]  Executing endpoint 'Com.XpressPayments.Api.Controllers.EmployeeController.GetEmployeebyCompanyId (Com.XpressPayments.Api)'
[2023-07-26 09:06:00.380 +01:00  INF]  Route matched with {action = "GetEmployeebyCompanyId", controller = "Employee"}. Executing controller action with signature System.Threading.Tasks.Task`1[Microsoft.AspNetCore.Mvc.IActionResult] GetEmployeebyCompanyId(Int64) on controller Com.XpressPayments.Api.Controllers.EmployeeController (Com.XpressPayments.Api).
[2023-07-26 09:06:09.758 +01:00  INF]  Executing OkObjectResult, writing value of type 'Com.XpressPayments.Data.GenericResponse.BaseResponse'.
[2023-07-26 09:06:09.807 +01:00  INF]  Executed action Com.XpressPayments.Api.Controllers.EmployeeController.GetEmployeebyCompanyId (Com.XpressPayments.Api) in 9419.2593ms
[2023-07-26 09:06:09.812 +01:00  INF]  Executed endpoint 'Com.XpressPayments.Api.Controllers.EmployeeController.GetEmployeebyCompanyId (Com.XpressPayments.Api)'
[2023-07-26 09:06:09.815 +01:00  INF]  Request finished HTTP/2 GET https://localhost:44317/api/Employee/GetEmployeebyCompanyId?CompanyID=40 - - - 200 - application/json;+charset=utf-8 10070.2287ms
